#
# There is insufficient memory for the Java Runtime Environment to continue.
# Native memory allocation (mmap) failed to map 260046848 bytes for G1 virtual space
# Possible reasons:
#   The system is out of physical RAM or swap space
#   The process is running with CompressedOops enabled, and the Java Heap may be blocking the growth of the native heap
# Possible solutions:
#   Reduce memory load on the system
#   Increase physical memory or swap space
#   Check if swap backing store is full
#   Decrease Java heap size (-Xmx/-Xms)
#   Decrease number of Java threads
#   Decrease Java thread stack sizes (-Xss)
#   Set larger code cache with -XX:ReservedCodeCacheSize=
#   JVM is running with Unscaled Compressed Oops mode in which the Java heap is
#     placed in the first 4GB address space. The Java Heap base address is the
#     maximum limit for the native heap growth. Please use -XX:HeapBaseMinAddress
#     to set the Java Heap base and to place the Java Heap above 4GB virtual address.
# This output file may be truncated or incomplete.
#
#  Out of Memory Error (os_windows.cpp:3469), pid=3432, tid=1376
#
# JRE version: Java(TM) SE Runtime Environment (17.0.1+12) (build 17.0.1+12-LTS-39)
# Java VM: Java HotSpot(TM) 64-Bit Server VM (17.0.1+12-LTS-39, mixed mode, sharing, tiered, compressed oops, compressed class ptrs, g1 gc, windows-amd64)
# No core dump will be written. Minidumps are not enabled by default on client versions of Windows
#

---------------  S U M M A R Y ------------

Command Line: C:\Users\Sangita\AppData\Local\Temp\surefire14263473350053319889\surefirebooter-20250127160118342_3.jar C:\Users\Sangita\AppData\Local\Temp\surefire14263473350053319889 2025-01-27T16-01-18_020-jvmRun1 surefire-20250127160118342_1tmp surefire_0-20250127160118342_2tmp

Host: Intel(R) Core(TM) i3-1005G1 CPU @ 1.20GHz, 4 cores, 7G,  Windows 10 , 64 bit Build 22621 (10.0.22621.3958)
Time: Mon Jan 27 16:01:22 2025 India Standard Time elapsed time: 3.794155 seconds (0d 0h 0m 3s)

---------------  T H R E A D  ---------------

Current thread (0x000002b5f3716630):  VMThread "VM Thread" [stack: 0x000000fd65600000,0x000000fd65700000] [id=1376]

Stack: [0x000000fd65600000,0x000000fd65700000]
Native frames: (J=compiled Java code, j=interpreted, Vv=VM code, C=native code)
V  [jvm.dll+0x66fa1a]
V  [jvm.dll+0x7ce5a4]
V  [jvm.dll+0x7cfd4e]
V  [jvm.dll+0x7d03b3]
V  [jvm.dll+0x242b05]
V  [jvm.dll+0x66ca39]
V  [jvm.dll+0x661502]
V  [jvm.dll+0x30081b]
V  [jvm.dll+0x307da6]
V  [jvm.dll+0x357a1e]
V  [jvm.dll+0x357c4f]
V  [jvm.dll+0x2d7ad8]
V  [jvm.dll+0x2d5da4]
V  [jvm.dll+0x2d53ac]
V  [jvm.dll+0x318d0b]
V  [jvm.dll+0x7d484b]
V  [jvm.dll+0x7d5584]
V  [jvm.dll+0x7d5a9c]
V  [jvm.dll+0x7d5e74]
V  [jvm.dll+0x7d5f40]
V  [jvm.dll+0x77e91a]
V  [jvm.dll+0x66e845]
C  [ucrtbase.dll+0x29333]
C  [KERNEL32.DLL+0x1257d]
C  [ntdll.dll+0x5af08]

VM_Operation (0x000000fd66afac10): G1CollectForAllocation, mode: safepoint, requested by thread 0x000002b5f52ed750


---------------  P R O C E S S  ---------------

Threads class SMR info:
_java_thread_list=0x000002b5f6f63d40, length=16, elements={
0x000002b5d61593d0, 0x000002b5f371a860, 0x000002b5f371d9c0, 0x000002b5f37361e0,
0x000002b5f3736aa0, 0x000002b5f373ac10, 0x000002b5f373f260, 0x000002b5f37406e0,
0x000002b5f3741920, 0x000002b5f3754aa0, 0x000002b5f41a2200, 0x000002b5f41af360,
0x000002b5f47209f0, 0x000002b5f495f150, 0x000002b5f4aae4c0, 0x000002b5f52ed750
}

Java Threads: ( => current thread )
  0x000002b5d61593d0 JavaThread "main" [_thread_blocked, id=12440, stack(0x000000fd65000000,0x000000fd65100000)]
  0x000002b5f371a860 JavaThread "Reference Handler" daemon [_thread_blocked, id=17232, stack(0x000000fd65700000,0x000000fd65800000)]
  0x000002b5f371d9c0 JavaThread "Finalizer" daemon [_thread_blocked, id=11284, stack(0x000000fd65800000,0x000000fd65900000)]
  0x000002b5f37361e0 JavaThread "Signal Dispatcher" daemon [_thread_blocked, id=6040, stack(0x000000fd65a00000,0x000000fd65b00000)]
  0x000002b5f3736aa0 JavaThread "Attach Listener" daemon [_thread_blocked, id=5716, stack(0x000000fd65b00000,0x000000fd65c00000)]
  0x000002b5f373ac10 JavaThread "Service Thread" daemon [_thread_blocked, id=14424, stack(0x000000fd65c00000,0x000000fd65d00000)]
  0x000002b5f373f260 JavaThread "Monitor Deflation Thread" daemon [_thread_blocked, id=14440, stack(0x000000fd65d00000,0x000000fd65e00000)]
  0x000002b5f37406e0 JavaThread "C2 CompilerThread0" daemon [_thread_blocked, id=10288, stack(0x000000fd65e00000,0x000000fd65f00000)]
  0x000002b5f3741920 JavaThread "C1 CompilerThread0" daemon [_thread_blocked, id=9280, stack(0x000000fd65f00000,0x000000fd66000000)]
  0x000002b5f3754aa0 JavaThread "Sweeper thread" daemon [_thread_blocked, id=16060, stack(0x000000fd66000000,0x000000fd66100000)]
  0x000002b5f41a2200 JavaThread "Notification Thread" daemon [_thread_blocked, id=12448, stack(0x000000fd66100000,0x000000fd66200000)]
  0x000002b5f41af360 JavaThread "Common-Cleaner" daemon [_thread_blocked, id=2176, stack(0x000000fd66300000,0x000000fd66400000)]
  0x000002b5f47209f0 JavaThread "surefire-forkedjvm-stream-flusher" daemon [_thread_blocked, id=7152, stack(0x000000fd66600000,0x000000fd66700000)]
  0x000002b5f495f150 JavaThread "surefire-forkedjvm-command-thread" daemon [_thread_in_native, id=14888, stack(0x000000fd66700000,0x000000fd66800000)]
  0x000002b5f4aae4c0 JavaThread "C2 CompilerThread1" daemon [_thread_blocked, id=18384, stack(0x000000fd66900000,0x000000fd66a00000)]
  0x000002b5f52ed750 JavaThread "background-preinit" [_thread_blocked, id=15228, stack(0x000000fd66a00000,0x000000fd66b00000)]

Other Threads:
=>0x000002b5f3716630 VMThread "VM Thread" [stack: 0x000000fd65600000,0x000000fd65700000] [id=1376]
  0x000002b5f41ae710 WatcherThread [stack: 0x000000fd66200000,0x000000fd66300000] [id=18080]
  0x000002b5d61964f0 GCTaskThread "GC Thread#0" [stack: 0x000000fd65100000,0x000000fd65200000] [id=18180]
  0x000002b5f435b910 GCTaskThread "GC Thread#1" [stack: 0x000000fd66400000,0x000000fd66500000] [id=17912]
  0x000002b5f442ff30 GCTaskThread "GC Thread#2" [stack: 0x000000fd66500000,0x000000fd66600000] [id=2524]
  0x000002b5f4b2fe50 GCTaskThread "GC Thread#3" [stack: 0x000000fd66800000,0x000000fd66900000] [id=17084]
  0x000002b5d61a6ab0 ConcurrentGCThread "G1 Main Marker" [stack: 0x000000fd65200000,0x000000fd65300000] [id=16640]
  0x000002b5d61a8c70 ConcurrentGCThread "G1 Conc#0" [stack: 0x000000fd65300000,0x000000fd65400000] [id=7812]
  0x000002b5d620e0a0 ConcurrentGCThread "G1 Refine#0" [stack: 0x000000fd65400000,0x000000fd65500000] [id=17776]
  0x000002b5f5ca8370 ConcurrentGCThread "G1 Refine#1" [stack: 0x000000fd66c00000,0x000000fd66d00000] [id=5388]
  0x000002b5d620eac0 ConcurrentGCThread "G1 Service" [stack: 0x000000fd65500000,0x000000fd65600000] [id=14944]

Threads with active compile tasks:
C1 CompilerThread0     3814 3169       3       java.lang.Integer::parseInt (264 bytes)

VM state: at safepoint (normal execution)

VM Mutex/Monitor currently owned by a thread:  ([mutex/lock_event])
[0x000002b5d6155260] Threads_lock - owner thread: 0x000002b5f3716630
[0x000002b5d61548d0] Heap_lock - owner thread: 0x000002b5f52ed750

Heap address: 0x0000000084c00000, size: 1972 MB, Compressed Oops mode: 32-bit

CDS archive(s) mapped at: [0x0000000800000000-0x0000000800bc0000-0x0000000800bc0000), size 12320768, SharedBaseAddress: 0x0000000800000000, ArchiveRelocationMode: 0.
Compressed class space mapped at: 0x0000000800c00000-0x0000000840c00000, reserved size: 1073741824
Narrow klass base: 0x0000000800000000, Narrow klass shift: 0, Narrow klass range: 0x100000000

GC Precious Log:
 CPUs: 4 total, 4 available
 Memory: 7880M
 Large Page Support: Disabled
 NUMA Support: Disabled
 Compressed Oops: Enabled (32-bit)
 Heap Region Size: 1M
 Heap Min Capacity: 8M
 Heap Initial Capacity: 124M
 Heap Max Capacity: 1972M
 Pre-touch: Disabled
 Parallel Workers: 4
 Concurrent Workers: 1
 Concurrent Refinement Workers: 4
 Periodic GC: Disabled

Heap:
 garbage-first heap   total 126976K, used 19420K [0x0000000084c00000, 0x0000000100000000)
  region size 1024K, 3 young (3072K), 3 survivors (3072K)
 Metaspace       used 26106K, committed 26432K, reserved 1073152K
  class space    used 3440K, committed 3584K, reserved 1048576K

Heap Regions: E=young(eden), S=young(survivor), O=old, HS=humongous(starts), HC=humongous(continues), CS=collection set, F=free, OA=open archive, CA=closed archive, TAMS=top-at-mark-start (previous, next)
|   0|0x0000000084c00000, 0x0000000084d00000, 0x0000000084d00000|100%|HS|  |TAMS 0x0000000084d00000, 0x0000000084c00000| Complete 
|   1|0x0000000084d00000, 0x0000000084e00000, 0x0000000084e00000|100%|HS|  |TAMS 0x0000000084e00000, 0x0000000084d00000| Complete 
|   2|0x0000000084e00000, 0x0000000084f00000, 0x0000000084f00000|100%| O|  |TAMS 0x0000000084f00000, 0x0000000084e00000| Untracked 
|   3|0x0000000084f00000, 0x0000000085000000, 0x0000000085000000|100%| O|  |TAMS 0x0000000085000000, 0x0000000084f00000| Untracked 
|   4|0x0000000085000000, 0x0000000085000000, 0x0000000085100000|  0%| F|  |TAMS 0x0000000085000000, 0x0000000085000000| Untracked 
|   5|0x0000000085100000, 0x0000000085200000, 0x0000000085200000|100%| O|  |TAMS 0x0000000085100000, 0x0000000085100000| Untracked 
|   6|0x0000000085200000, 0x0000000085300000, 0x0000000085300000|100%| O|  |TAMS 0x0000000085300000, 0x0000000085200000| Untracked 
|   7|0x0000000085300000, 0x0000000085400000, 0x0000000085400000|100%| O|  |TAMS 0x0000000085400000, 0x0000000085300000| Untracked 
|   8|0x0000000085400000, 0x0000000085500000, 0x0000000085500000|100%| O|  |TAMS 0x0000000085500000, 0x0000000085400000| Untracked 
|   9|0x0000000085500000, 0x0000000085600000, 0x0000000085600000|100%| O|  |TAMS 0x000000008559a200, 0x0000000085500000| Untracked 
|  10|0x0000000085600000, 0x0000000085700000, 0x0000000085700000|100%| O|  |TAMS 0x0000000085600000, 0x0000000085600000| Untracked 
|  11|0x0000000085700000, 0x0000000085800000, 0x0000000085800000|100%| O|  |TAMS 0x0000000085700000, 0x0000000085700000| Untracked 
|  12|0x0000000085800000, 0x0000000085900000, 0x0000000085900000|100%| O|  |TAMS 0x0000000085800000, 0x0000000085800000| Untracked 
|  13|0x0000000085900000, 0x0000000085a00000, 0x0000000085a00000|100%| O|  |TAMS 0x0000000085900000, 0x0000000085900000| Untracked 
|  14|0x0000000085a00000, 0x0000000085b00000, 0x0000000085b00000|100%| O|  |TAMS 0x0000000085a00000, 0x0000000085a00000| Untracked 
|  15|0x0000000085b00000, 0x0000000085c00000, 0x0000000085c00000|100%| O|  |TAMS 0x0000000085b00000, 0x0000000085b00000| Untracked 
|  16|0x0000000085c00000, 0x0000000085d00000, 0x0000000085d00000|100%| O|  |TAMS 0x0000000085c00000, 0x0000000085c00000| Untracked 
|  17|0x0000000085d00000, 0x0000000085d51a00, 0x0000000085e00000| 31%| O|  |TAMS 0x0000000085d00000, 0x0000000085d00000| Untracked 
|  18|0x0000000085e00000, 0x0000000085e00000, 0x0000000085f00000|  0%| F|  |TAMS 0x0000000085e00000, 0x0000000085e00000| Untracked 
|  19|0x0000000085f00000, 0x0000000085f00000, 0x0000000086000000|  0%| F|  |TAMS 0x0000000085f00000, 0x0000000085f00000| Untracked 
|  20|0x0000000086000000, 0x0000000086000000, 0x0000000086100000|  0%| F|  |TAMS 0x0000000086000000, 0x0000000086000000| Untracked 
|  21|0x0000000086100000, 0x0000000086100000, 0x0000000086200000|  0%| F|  |TAMS 0x0000000086100000, 0x0000000086100000| Untracked 
|  22|0x0000000086200000, 0x0000000086200000, 0x0000000086300000|  0%| F|  |TAMS 0x0000000086200000, 0x0000000086200000| Untracked 
|  23|0x0000000086300000, 0x0000000086300000, 0x0000000086400000|  0%| F|  |TAMS 0x0000000086300000, 0x0000000086300000| Untracked 
|  24|0x0000000086400000, 0x0000000086400000, 0x0000000086500000|  0%| F|  |TAMS 0x0000000086400000, 0x0000000086400000| Untracked 
|  25|0x0000000086500000, 0x0000000086500000, 0x0000000086600000|  0%| F|  |TAMS 0x0000000086500000, 0x0000000086500000| Untracked 
|  26|0x0000000086600000, 0x0000000086600000, 0x0000000086700000|  0%| F|  |TAMS 0x0000000086600000, 0x0000000086600000| Untracked 
|  27|0x0000000086700000, 0x0000000086700000, 0x0000000086800000|  0%| F|  |TAMS 0x0000000086700000, 0x0000000086700000| Untracked 
|  28|0x0000000086800000, 0x0000000086800000, 0x0000000086900000|  0%| F|  |TAMS 0x0000000086800000, 0x0000000086800000| Untracked 
|  29|0x0000000086900000, 0x0000000086900000, 0x0000000086a00000|  0%| F|  |TAMS 0x0000000086900000, 0x0000000086900000| Untracked 
|  30|0x0000000086a00000, 0x0000000086a00000, 0x0000000086b00000|  0%| F|  |TAMS 0x0000000086a00000, 0x0000000086a00000| Untracked 
|  31|0x0000000086b00000, 0x0000000086b00000, 0x0000000086c00000|  0%| F|  |TAMS 0x0000000086b00000, 0x0000000086b00000| Untracked 
|  32|0x0000000086c00000, 0x0000000086c00000, 0x0000000086d00000|  0%| F|  |TAMS 0x0000000086c00000, 0x0000000086c00000| Untracked 
|  33|0x0000000086d00000, 0x0000000086d00000, 0x0000000086e00000|  0%| F|  |TAMS 0x0000000086d00000, 0x0000000086d00000| Untracked 
|  34|0x0000000086e00000, 0x0000000086e00000, 0x0000000086f00000|  0%| F|  |TAMS 0x0000000086e00000, 0x0000000086e00000| Untracked 
|  35|0x0000000086f00000, 0x0000000086f00000, 0x0000000087000000|  0%| F|  |TAMS 0x0000000086f00000, 0x0000000086f00000| Untracked 
|  36|0x0000000087000000, 0x0000000087000000, 0x0000000087100000|  0%| F|  |TAMS 0x0000000087000000, 0x0000000087000000| Untracked 
|  37|0x0000000087100000, 0x0000000087100000, 0x0000000087200000|  0%| F|  |TAMS 0x0000000087100000, 0x0000000087100000| Untracked 
|  38|0x0000000087200000, 0x0000000087200000, 0x0000000087300000|  0%| F|  |TAMS 0x0000000087200000, 0x0000000087200000| Untracked 
|  39|0x0000000087300000, 0x0000000087300000, 0x0000000087400000|  0%| F|  |TAMS 0x0000000087300000, 0x0000000087300000| Untracked 
|  40|0x0000000087400000, 0x0000000087400000, 0x0000000087500000|  0%| F|  |TAMS 0x0000000087400000, 0x0000000087400000| Untracked 
|  41|0x0000000087500000, 0x0000000087500000, 0x0000000087600000|  0%| F|  |TAMS 0x0000000087500000, 0x0000000087500000| Untracked 
|  42|0x0000000087600000, 0x0000000087600000, 0x0000000087700000|  0%| F|  |TAMS 0x0000000087600000, 0x0000000087600000| Untracked 
|  43|0x0000000087700000, 0x0000000087700000, 0x0000000087800000|  0%| F|  |TAMS 0x0000000087700000, 0x0000000087700000| Untracked 
|  44|0x0000000087800000, 0x0000000087800000, 0x0000000087900000|  0%| F|  |TAMS 0x0000000087800000, 0x0000000087800000| Untracked 
|  45|0x0000000087900000, 0x0000000087900000, 0x0000000087a00000|  0%| F|  |TAMS 0x0000000087900000, 0x0000000087900000| Untracked 
|  46|0x0000000087a00000, 0x0000000087a00000, 0x0000000087b00000|  0%| F|  |TAMS 0x0000000087a00000, 0x0000000087a00000| Untracked 
|  47|0x0000000087b00000, 0x0000000087ba58d0, 0x0000000087c00000| 64%| S|CS|TAMS 0x0000000087b00000, 0x0000000087b00000| Complete 
|  48|0x0000000087c00000, 0x0000000087d00000, 0x0000000087d00000|100%| S|CS|TAMS 0x0000000087c00000, 0x0000000087c00000| Complete 
|  49|0x0000000087d00000, 0x0000000087e00000, 0x0000000087e00000|100%| S|CS|TAMS 0x0000000087d00000, 0x0000000087d00000| Complete 
|  50|0x0000000087e00000, 0x0000000087e00000, 0x0000000087f00000|  0%| F|  |TAMS 0x0000000087e00000, 0x0000000087e00000| Untracked 
|  51|0x0000000087f00000, 0x0000000087f00000, 0x0000000088000000|  0%| F|  |TAMS 0x0000000087f00000, 0x0000000087f00000| Untracked 
|  52|0x0000000088000000, 0x0000000088000000, 0x0000000088100000|  0%| F|  |TAMS 0x0000000088000000, 0x0000000088000000| Untracked 
|  53|0x0000000088100000, 0x0000000088100000, 0x0000000088200000|  0%| F|  |TAMS 0x0000000088100000, 0x0000000088100000| Untracked 
|  54|0x0000000088200000, 0x0000000088200000, 0x0000000088300000|  0%| F|  |TAMS 0x0000000088200000, 0x0000000088200000| Untracked 
|  55|0x0000000088300000, 0x0000000088300000, 0x0000000088400000|  0%| F|  |TAMS 0x0000000088300000, 0x0000000088300000| Untracked 
|  56|0x0000000088400000, 0x0000000088400000, 0x0000000088500000|  0%| F|  |TAMS 0x0000000088400000, 0x0000000088400000| Untracked 
|  57|0x0000000088500000, 0x0000000088500000, 0x0000000088600000|  0%| F|  |TAMS 0x0000000088500000, 0x0000000088500000| Untracked 
|  58|0x0000000088600000, 0x0000000088600000, 0x0000000088700000|  0%| F|  |TAMS 0x0000000088600000, 0x0000000088600000| Untracked 
|  59|0x0000000088700000, 0x0000000088700000, 0x0000000088800000|  0%| F|  |TAMS 0x0000000088700000, 0x0000000088700000| Untracked 
|  60|0x0000000088800000, 0x0000000088800000, 0x0000000088900000|  0%| F|  |TAMS 0x0000000088800000, 0x0000000088800000| Untracked 
|  61|0x0000000088900000, 0x0000000088900000, 0x0000000088a00000|  0%| F|  |TAMS 0x0000000088900000, 0x0000000088900000| Untracked 
|  62|0x0000000088a00000, 0x0000000088a00000, 0x0000000088b00000|  0%| F|  |TAMS 0x0000000088a00000, 0x0000000088a00000| Untracked 
|  63|0x0000000088b00000, 0x0000000088b00000, 0x0000000088c00000|  0%| F|  |TAMS 0x0000000088b00000, 0x0000000088b00000| Untracked 
|  64|0x0000000088c00000, 0x0000000088c00000, 0x0000000088d00000|  0%| F|  |TAMS 0x0000000088c00000, 0x0000000088c00000| Untracked 
|  65|0x0000000088d00000, 0x0000000088d00000, 0x0000000088e00000|  0%| F|  |TAMS 0x0000000088d00000, 0x0000000088d00000| Untracked 
|  66|0x0000000088e00000, 0x0000000088e00000, 0x0000000088f00000|  0%| F|  |TAMS 0x0000000088e00000, 0x0000000088e00000| Untracked 
|  67|0x0000000088f00000, 0x0000000088f00000, 0x0000000089000000|  0%| F|  |TAMS 0x0000000088f00000, 0x0000000088f00000| Untracked 
|  68|0x0000000089000000, 0x0000000089000000, 0x0000000089100000|  0%| F|  |TAMS 0x0000000089000000, 0x0000000089000000| Untracked 
|  69|0x0000000089100000, 0x0000000089100000, 0x0000000089200000|  0%| F|  |TAMS 0x0000000089100000, 0x0000000089100000| Untracked 
|  70|0x0000000089200000, 0x0000000089200000, 0x0000000089300000|  0%| F|  |TAMS 0x0000000089200000, 0x0000000089200000| Untracked 
|  71|0x0000000089300000, 0x0000000089300000, 0x0000000089400000|  0%| F|  |TAMS 0x0000000089300000, 0x0000000089300000| Untracked 
|  72|0x0000000089400000, 0x0000000089400000, 0x0000000089500000|  0%| F|  |TAMS 0x0000000089400000, 0x0000000089400000| Untracked 
|  73|0x0000000089500000, 0x0000000089500000, 0x0000000089600000|  0%| F|  |TAMS 0x0000000089500000, 0x0000000089500000| Untracked 
|  74|0x0000000089600000, 0x0000000089600000, 0x0000000089700000|  0%| F|  |TAMS 0x0000000089600000, 0x0000000089600000| Untracked 
|  75|0x0000000089700000, 0x0000000089700000, 0x0000000089800000|  0%| F|  |TAMS 0x0000000089700000, 0x0000000089700000| Untracked 
|  76|0x0000000089800000, 0x0000000089800000, 0x0000000089900000|  0%| F|  |TAMS 0x0000000089800000, 0x0000000089800000| Untracked 
|  77|0x0000000089900000, 0x0000000089900000, 0x0000000089a00000|  0%| F|  |TAMS 0x0000000089900000, 0x0000000089900000| Untracked 
|  78|0x0000000089a00000, 0x0000000089a00000, 0x0000000089b00000|  0%| F|  |TAMS 0x0000000089a00000, 0x0000000089a00000| Untracked 
|  79|0x0000000089b00000, 0x0000000089b00000, 0x0000000089c00000|  0%| F|  |TAMS 0x0000000089b00000, 0x0000000089b00000| Untracked 
|  80|0x0000000089c00000, 0x0000000089c00000, 0x0000000089d00000|  0%| F|  |TAMS 0x0000000089c00000, 0x0000000089c00000| Untracked 
|  81|0x0000000089d00000, 0x0000000089d00000, 0x0000000089e00000|  0%| F|  |TAMS 0x0000000089d00000, 0x0000000089d00000| Untracked 
|  82|0x0000000089e00000, 0x0000000089e00000, 0x0000000089f00000|  0%| F|  |TAMS 0x0000000089e00000, 0x0000000089e00000| Untracked 
|  83|0x0000000089f00000, 0x0000000089f00000, 0x000000008a000000|  0%| F|  |TAMS 0x0000000089f00000, 0x0000000089f00000| Untracked 
|  84|0x000000008a000000, 0x000000008a000000, 0x000000008a100000|  0%| F|  |TAMS 0x000000008a000000, 0x000000008a000000| Untracked 
|  85|0x000000008a100000, 0x000000008a100000, 0x000000008a200000|  0%| F|  |TAMS 0x000000008a100000, 0x000000008a100000| Untracked 
|  86|0x000000008a200000, 0x000000008a200000, 0x000000008a300000|  0%| F|  |TAMS 0x000000008a200000, 0x000000008a200000| Untracked 
|  87|0x000000008a300000, 0x000000008a300000, 0x000000008a400000|  0%| F|  |TAMS 0x000000008a300000, 0x000000008a300000| Untracked 
|  88|0x000000008a400000, 0x000000008a400000, 0x000000008a500000|  0%| F|  |TAMS 0x000000008a400000, 0x000000008a400000| Untracked 
|  89|0x000000008a500000, 0x000000008a500000, 0x000000008a600000|  0%| F|  |TAMS 0x000000008a500000, 0x000000008a500000| Untracked 
|  90|0x000000008a600000, 0x000000008a600000, 0x000000008a700000|  0%| F|  |TAMS 0x000000008a600000, 0x000000008a600000| Untracked 
|  91|0x000000008a700000, 0x000000008a700000, 0x000000008a800000|  0%| F|  |TAMS 0x000000008a700000, 0x000000008a700000| Untracked 
|  92|0x000000008a800000, 0x000000008a800000, 0x000000008a900000|  0%| F|  |TAMS 0x000000008a800000, 0x000000008a800000| Untracked 
|  93|0x000000008a900000, 0x000000008a900000, 0x000000008aa00000|  0%| F|  |TAMS 0x000000008a900000, 0x000000008a900000| Untracked 
|  94|0x000000008aa00000, 0x000000008aa00000, 0x000000008ab00000|  0%| F|  |TAMS 0x000000008aa00000, 0x000000008aa00000| Untracked 
|  95|0x000000008ab00000, 0x000000008ab00000, 0x000000008ac00000|  0%| F|  |TAMS 0x000000008ab00000, 0x000000008ab00000| Untracked 
|  96|0x000000008ac00000, 0x000000008ac00000, 0x000000008ad00000|  0%| F|  |TAMS 0x000000008ac00000, 0x000000008ac00000| Untracked 
|  97|0x000000008ad00000, 0x000000008ad00000, 0x000000008ae00000|  0%| F|  |TAMS 0x000000008ad00000, 0x000000008ad00000| Untracked 
|  98|0x000000008ae00000, 0x000000008ae00000, 0x000000008af00000|  0%| F|  |TAMS 0x000000008ae00000, 0x000000008ae00000| Untracked 
|  99|0x000000008af00000, 0x000000008af00000, 0x000000008b000000|  0%| F|  |TAMS 0x000000008af00000, 0x000000008af00000| Untracked 
| 100|0x000000008b000000, 0x000000008b000000, 0x000000008b100000|  0%| F|  |TAMS 0x000000008b000000, 0x000000008b000000| Untracked 
| 101|0x000000008b100000, 0x000000008b100000, 0x000000008b200000|  0%| F|  |TAMS 0x000000008b100000, 0x000000008b100000| Untracked 
| 102|0x000000008b200000, 0x000000008b200000, 0x000000008b300000|  0%| F|  |TAMS 0x000000008b200000, 0x000000008b200000| Untracked 
| 103|0x000000008b300000, 0x000000008b300000, 0x000000008b400000|  0%| F|  |TAMS 0x000000008b300000, 0x000000008b300000| Untracked 
| 104|0x000000008b400000, 0x000000008b400000, 0x000000008b500000|  0%| F|  |TAMS 0x000000008b400000, 0x000000008b400000| Untracked 
| 105|0x000000008b500000, 0x000000008b500000, 0x000000008b600000|  0%| F|  |TAMS 0x000000008b500000, 0x000000008b500000| Untracked 
| 106|0x000000008b600000, 0x000000008b600000, 0x000000008b700000|  0%| F|  |TAMS 0x000000008b600000, 0x000000008b600000| Untracked 
| 107|0x000000008b700000, 0x000000008b700000, 0x000000008b800000|  0%| F|  |TAMS 0x000000008b700000, 0x000000008b700000| Untracked 
| 108|0x000000008b800000, 0x000000008b800000, 0x000000008b900000|  0%| F|  |TAMS 0x000000008b800000, 0x000000008b800000| Untracked 
| 109|0x000000008b900000, 0x000000008b900000, 0x000000008ba00000|  0%| F|  |TAMS 0x000000008b900000, 0x000000008b900000| Untracked 
| 110|0x000000008ba00000, 0x000000008ba00000, 0x000000008bb00000|  0%| F|  |TAMS 0x000000008ba00000, 0x000000008ba00000| Untracked 
| 111|0x000000008bb00000, 0x000000008bb00000, 0x000000008bc00000|  0%| F|  |TAMS 0x000000008bb00000, 0x000000008bb00000| Untracked 
| 112|0x000000008bc00000, 0x000000008bc00000, 0x000000008bd00000|  0%| F|  |TAMS 0x000000008bc00000, 0x000000008bc00000| Untracked 
| 113|0x000000008bd00000, 0x000000008bd00000, 0x000000008be00000|  0%| F|  |TAMS 0x000000008bd00000, 0x000000008bd00000| Untracked 
| 114|0x000000008be00000, 0x000000008be00000, 0x000000008bf00000|  0%| F|  |TAMS 0x000000008be00000, 0x000000008be00000| Untracked 
| 115|0x000000008bf00000, 0x000000008bf00000, 0x000000008c000000|  0%| F|  |TAMS 0x000000008bf00000, 0x000000008bf00000| Untracked 
| 116|0x000000008c000000, 0x000000008c000000, 0x000000008c100000|  0%| F|  |TAMS 0x000000008c000000, 0x000000008c000000| Untracked 
| 117|0x000000008c100000, 0x000000008c100000, 0x000000008c200000|  0%| F|  |TAMS 0x000000008c100000, 0x000000008c100000| Untracked 
| 118|0x000000008c200000, 0x000000008c200000, 0x000000008c300000|  0%| F|  |TAMS 0x000000008c200000, 0x000000008c200000| Untracked 
| 119|0x000000008c300000, 0x000000008c300000, 0x000000008c400000|  0%| F|  |TAMS 0x000000008c300000, 0x000000008c300000| Untracked 
| 120|0x000000008c400000, 0x000000008c400000, 0x000000008c500000|  0%| F|  |TAMS 0x000000008c400000, 0x000000008c400000| Untracked 
| 121|0x000000008c500000, 0x000000008c500000, 0x000000008c600000|  0%| F|  |TAMS 0x000000008c500000, 0x000000008c500000| Untracked 
| 122|0x000000008c600000, 0x000000008c600000, 0x000000008c700000|  0%| F|  |TAMS 0x000000008c600000, 0x000000008c600000| Untracked 
| 123|0x000000008c700000, 0x000000008c700000, 0x000000008c800000|  0%| F|  |TAMS 0x000000008c700000, 0x000000008c700000| Untracked 

Card table byte_map: [0x000002b5ecd30000,0x000002b5ed110000] _byte_map_base: 0x000002b5ec90a000

Marking Bits (Prev, Next): (CMBitMap*) 0x000002b5d6196b40, (CMBitMap*) 0x000002b5d6196b00
 Prev Bits: [0x000002b5ef3c0000, 0x000002b5f1290000)
 Next Bits: [0x000002b5ed4f0000, 0x000002b5ef3c0000)

Polling page: 0x000002b5d5920000

Metaspace:

Usage:
  Non-class:     22.13 MB used.
      Class:      3.36 MB used.
       Both:     25.49 MB used.

Virtual space:
  Non-class space:       24.00 MB reserved,      22.31 MB ( 93%) committed,  3 nodes.
      Class space:        1.00 GB reserved,       3.50 MB ( <1%) committed,  1 nodes.
             Both:        1.02 GB reserved,      25.81 MB (  2%) committed. 

Chunk freelists:
   Non-Class:  880.00 KB
       Class:  512.00 KB
        Both:  1.36 MB

MaxMetaspaceSize: unlimited
CompressedClassSpaceSize: 1.00 GB
Initial GC threshold: 21.00 MB
Current GC threshold: 35.25 MB
CDS: on
MetaspaceReclaimPolicy: balanced
 - commit_granule_bytes: 65536.
 - commit_granule_words: 8192.
 - virtual_space_node_default_size: 1048576.
 - enlarge_chunks_in_place: 1.
 - new_chunks_are_fully_committed: 0.
 - uncommit_free_chunks: 1.
 - use_allocation_guard: 0.
 - handle_deallocations: 1.


Internal statistics:

num_allocs_failed_limit: 3.
num_arena_births: 290.
num_arena_deaths: 0.
num_vsnodes_births: 4.
num_vsnodes_deaths: 0.
num_space_committed: 413.
num_space_uncommitted: 0.
num_chunks_returned_to_freelist: 3.
num_chunks_taken_from_freelist: 1192.
num_chunk_merges: 3.
num_chunk_splits: 840.
num_chunks_enlarged: 659.
num_purges: 0.
num_inconsistent_stats: 0.

CodeHeap 'non-profiled nmethods': size=120000Kb used=1725Kb max_used=1725Kb free=118274Kb
 bounds [0x000002b5e5420000, 0x000002b5e5690000, 0x000002b5ec950000]
CodeHeap 'profiled nmethods': size=120000Kb used=6736Kb max_used=6736Kb free=113263Kb
 bounds [0x000002b5ddef0000, 0x000002b5de590000, 0x000002b5e5420000]
CodeHeap 'non-nmethods': size=5760Kb used=1225Kb max_used=1265Kb free=4534Kb
 bounds [0x000002b5dd950000, 0x000002b5ddbc0000, 0x000002b5ddef0000]
 total_blobs=3681 nmethods=3166 adapters=426
 compilation: enabled
              stopped_count=0, restarted_count=0
 full_count=0

Compilation events (20 events):
Event: 3.768 Thread 0x000002b5f3741920 3160       3       sun.security.util.KnownOIDs::register (349 bytes)
Event: 3.771 Thread 0x000002b5f3741920 nmethod 3160 0x000002b5de57be10 code [0x000002b5de57c720, 0x000002b5de580eb8]
Event: 3.771 Thread 0x000002b5f3741920 3161       3       java.util.HashMap$EntrySet::iterator (12 bytes)
Event: 3.772 Thread 0x000002b5f3741920 nmethod 3161 0x000002b5de582710 code [0x000002b5de5828c0, 0x000002b5de582b28]
Event: 3.772 Thread 0x000002b5f3741920 3162       3       java.util.HashMap$EntryIterator::<init> (11 bytes)
Event: 3.772 Thread 0x000002b5f3741920 nmethod 3162 0x000002b5de582c10 code [0x000002b5de582dc0, 0x000002b5de582f48]
Event: 3.773 Thread 0x000002b5f3741920 3163       1       java.security.Provider$Service::getType (5 bytes)
Event: 3.773 Thread 0x000002b5f3741920 nmethod 3163 0x000002b5e55cdc10 code [0x000002b5e55cdda0, 0x000002b5e55cde78]
Event: 3.773 Thread 0x000002b5f3741920 3164       1       java.security.Provider$Service::getAlgorithm (5 bytes)
Event: 3.773 Thread 0x000002b5f3741920 nmethod 3164 0x000002b5e55cdf10 code [0x000002b5e55ce0a0, 0x000002b5e55ce178]
Event: 3.773 Thread 0x000002b5f3741920 3165       1       java.security.Provider$Service::getAliases (5 bytes)
Event: 3.773 Thread 0x000002b5f3741920 nmethod 3165 0x000002b5e55ce210 code [0x000002b5e55ce3a0, 0x000002b5e55ce478]
Event: 3.773 Thread 0x000002b5f3741920 3166       3       java.util.HashMap::entrySet (27 bytes)
Event: 3.773 Thread 0x000002b5f3741920 nmethod 3166 0x000002b5de583010 code [0x000002b5de5831e0, 0x000002b5de5835f8]
Event: 3.775 Thread 0x000002b5f4aae4c0 nmethod 3153 0x000002b5e55ce510 code [0x000002b5e55ce6c0, 0x000002b5e55cefd8]
Event: 3.776 Thread 0x000002b5f3741920 3167       3       java.security.Provider$ServiceKey::hashCode (19 bytes)
Event: 3.776 Thread 0x000002b5f3741920 nmethod 3167 0x000002b5de583790 code [0x000002b5de583940, 0x000002b5de583ad8]
Event: 3.777 Thread 0x000002b5f3741920 3168       3       java.lang.ClassLoader::defineClassSourceLocation (28 bytes)
Event: 3.777 Thread 0x000002b5f3741920 nmethod 3168 0x000002b5de583c10 code [0x000002b5de583de0, 0x000002b5de584168]
Event: 3.781 Thread 0x000002b5f3741920 3169       3       java.lang.Integer::parseInt (264 bytes)

GC Heap History (13 events):
Event: 0.215 GC heap before
{Heap before GC invocations=0 (full 0):
 garbage-first heap   total 126976K, used 14336K [0x0000000084c00000, 0x0000000100000000)
  region size 1024K, 13 young (13312K), 0 survivors (0K)
 Metaspace       used 1009K, committed 1152K, reserved 1056768K
  class space    used 84K, committed 128K, reserved 1048576K
}
Event: 0.219 GC heap after
{Heap after GC invocations=1 (full 0):
 garbage-first heap   total 126976K, used 6836K [0x0000000084c00000, 0x0000000100000000)
  region size 1024K, 2 young (2048K), 2 survivors (2048K)
 Metaspace       used 1009K, committed 1152K, reserved 1056768K
  class space    used 84K, committed 128K, reserved 1048576K
}
Event: 0.377 GC heap before
{Heap before GC invocations=1 (full 0):
 garbage-first heap   total 126976K, used 21172K [0x0000000084c00000, 0x0000000100000000)
  region size 1024K, 16 young (16384K), 2 survivors (2048K)
 Metaspace       used 2236K, committed 2368K, reserved 1056768K
  class space    used 226K, committed 320K, reserved 1048576K
}
Event: 0.383 GC heap after
{Heap after GC invocations=2 (full 0):
 garbage-first heap   total 126976K, used 10856K [0x0000000084c00000, 0x0000000100000000)
  region size 1024K, 2 young (2048K), 2 survivors (2048K)
 Metaspace       used 2236K, committed 2368K, reserved 1056768K
  class space    used 226K, committed 320K, reserved 1048576K
}
Event: 2.499 GC heap before
{Heap before GC invocations=2 (full 0):
 garbage-first heap   total 126976K, used 83560K [0x0000000084c00000, 0x0000000100000000)
  region size 1024K, 74 young (75776K), 2 survivors (2048K)
 Metaspace       used 17773K, committed 18048K, reserved 1064960K
  class space    used 2428K, committed 2560K, reserved 1048576K
}
Event: 2.506 GC heap after
{Heap after GC invocations=3 (full 0):
 garbage-first heap   total 126976K, used 15617K [0x0000000084c00000, 0x0000000100000000)
  region size 1024K, 7 young (7168K), 7 survivors (7168K)
 Metaspace       used 17773K, committed 18048K, reserved 1064960K
  class space    used 2428K, committed 2560K, reserved 1048576K
}
Event: 2.897 GC heap before
{Heap before GC invocations=3 (full 0):
 garbage-first heap   total 126976K, used 38145K [0x0000000084c00000, 0x0000000100000000)
  region size 1024K, 30 young (30720K), 7 survivors (7168K)
 Metaspace       used 21247K, committed 21504K, reserved 1073152K
  class space    used 2859K, committed 3008K, reserved 1048576K
}
Event: 2.906 GC heap after
{Heap after GC invocations=4 (full 0):
 garbage-first heap   total 126976K, used 17432K [0x0000000084c00000, 0x0000000100000000)
  region size 1024K, 7 young (7168K), 7 survivors (7168K)
 Metaspace       used 21247K, committed 21504K, reserved 1073152K
  class space    used 2859K, committed 3008K, reserved 1048576K
}
Event: 2.940 GC heap before
{Heap before GC invocations=5 (full 0):
 garbage-first heap   total 126976K, used 85016K [0x0000000084c00000, 0x0000000100000000)
  region size 1024K, 74 young (75776K), 7 survivors (7168K)
 Metaspace       used 21412K, committed 21696K, reserved 1073152K
  class space    used 2867K, committed 3008K, reserved 1048576K
}
Event: 2.949 GC heap after
{Heap after GC invocations=6 (full 0):
 garbage-first heap   total 126976K, used 17238K [0x0000000084c00000, 0x0000000100000000)
  region size 1024K, 2 young (2048K), 2 survivors (2048K)
 Metaspace       used 21412K, committed 21696K, reserved 1073152K
  class space    used 2867K, committed 3008K, reserved 1048576K
}
Event: 2.952 GC heap before
{Heap before GC invocations=6 (full 0):
 garbage-first heap   total 126976K, used 20310K [0x0000000084c00000, 0x0000000100000000)
  region size 1024K, 6 young (6144K), 2 survivors (2048K)
 Metaspace       used 21424K, committed 21696K, reserved 1073152K
  class space    used 2870K, committed 3008K, reserved 1048576K
}
Event: 2.958 GC heap after
{Heap after GC invocations=7 (full 0):
 garbage-first heap   total 126976K, used 17250K [0x0000000084c00000, 0x0000000100000000)
  region size 1024K, 1 young (1024K), 1 survivors (1024K)
 Metaspace       used 21424K, committed 21696K, reserved 1073152K
  class space    used 2870K, committed 3008K, reserved 1048576K
}
Event: 3.782 GC heap before
{Heap before GC invocations=7 (full 0):
 garbage-first heap   total 126976K, used 90978K [0x0000000084c00000, 0x0000000100000000)
  region size 1024K, 74 young (75776K), 1 survivors (1024K)
 Metaspace       used 26106K, committed 26432K, reserved 1073152K
  class space    used 3440K, committed 3584K, reserved 1048576K
}

Deoptimization events (20 events):
Event: 3.734 Thread 0x000002b5f52ed750 DEOPT PACKING pc=0x000002b5de55f2e6 sp=0x000000fd66afd7b0
Event: 3.734 Thread 0x000002b5f52ed750 DEOPT UNPACKING pc=0x000002b5dd9a6763 sp=0x000000fd66afcc78 mode 0
Event: 3.737 Thread 0x000002b5f52ed750 DEOPT PACKING pc=0x000002b5de55f2e6 sp=0x000000fd66afdad0
Event: 3.737 Thread 0x000002b5f52ed750 DEOPT UNPACKING pc=0x000002b5dd9a6763 sp=0x000000fd66afcf98 mode 0
Event: 3.747 Thread 0x000002b5f52ed750 DEOPT PACKING pc=0x000002b5de4630c1 sp=0x000000fd66afdd20
Event: 3.747 Thread 0x000002b5f52ed750 DEOPT UNPACKING pc=0x000002b5dd9a6763 sp=0x000000fd66afd1d8 mode 0
Event: 3.751 Thread 0x000002b5f52ed750 DEOPT PACKING pc=0x000002b5de55f2e6 sp=0x000000fd66afdc20
Event: 3.751 Thread 0x000002b5f52ed750 DEOPT UNPACKING pc=0x000002b5dd9a6763 sp=0x000000fd66afd110 mode 0
Event: 3.759 Thread 0x000002b5f52ed750 Uncommon trap: trap_request=0xffffffc6 fr.pc=0x000002b5e558e970 relative=0x0000000000000430
Event: 3.759 Thread 0x000002b5f52ed750 Uncommon trap: reason=bimorphic_or_optimized_type_check action=maybe_recompile pc=0x000002b5e558e970 method=java.util.ArrayList.indexOfRange(Ljava/lang/Object;II)I @ 54 c2
Event: 3.759 Thread 0x000002b5f52ed750 DEOPT PACKING pc=0x000002b5e558e970 sp=0x000000fd66afd2d0
Event: 3.759 Thread 0x000002b5f52ed750 DEOPT UNPACKING pc=0x000002b5dd9a5c23 sp=0x000000fd66afd258 mode 2
Event: 3.759 Thread 0x000002b5f52ed750 Uncommon trap: trap_request=0xffffffc6 fr.pc=0x000002b5e558e970 relative=0x0000000000000430
Event: 3.759 Thread 0x000002b5f52ed750 Uncommon trap: reason=bimorphic_or_optimized_type_check action=maybe_recompile pc=0x000002b5e558e970 method=java.util.ArrayList.indexOfRange(Ljava/lang/Object;II)I @ 54 c2
Event: 3.759 Thread 0x000002b5f52ed750 DEOPT PACKING pc=0x000002b5e558e970 sp=0x000000fd66afd2d0
Event: 3.759 Thread 0x000002b5f52ed750 DEOPT UNPACKING pc=0x000002b5dd9a5c23 sp=0x000000fd66afd258 mode 2
Event: 3.759 Thread 0x000002b5f52ed750 Uncommon trap: trap_request=0xffffffc6 fr.pc=0x000002b5e558e970 relative=0x0000000000000430
Event: 3.759 Thread 0x000002b5f52ed750 Uncommon trap: reason=bimorphic_or_optimized_type_check action=maybe_recompile pc=0x000002b5e558e970 method=java.util.ArrayList.indexOfRange(Ljava/lang/Object;II)I @ 54 c2
Event: 3.759 Thread 0x000002b5f52ed750 DEOPT PACKING pc=0x000002b5e558e970 sp=0x000000fd66afd2d0
Event: 3.759 Thread 0x000002b5f52ed750 DEOPT UNPACKING pc=0x000002b5dd9a5c23 sp=0x000000fd66afd258 mode 2

Classes unloaded (0 events):
No events

Classes redefined (0 events):
No events

Internal exceptions (20 events):
Event: 1.998 Thread 0x000002b5d61593d0 Exception <a 'java/lang/NoSuchMethodError'{0x00000000895f46e0}: 'void java.lang.invoke.DirectMethodHandle$Holder.invokeStatic(java.lang.Object, java.lang.Object, java.lang.Object, java.lang.Object, java.lang.Object, java.lang.Object)'> (0x00000000895f46e0) 
thrown [t:\workspace\open\src\hotspot\share\interpreter\linkResolver.cpp, line 766]
Event: 2.096 Thread 0x000002b5d61593d0 Exception <a 'java/lang/NoSuchMethodError'{0x000000008918ef50}: 'java.lang.Object java.lang.invoke.DirectMethodHandle$Holder.invokeSpecial(java.lang.Object, java.lang.Object, java.lang.Object, int, java.lang.Object)'> (0x000000008918ef50) 
thrown [t:\workspace\open\src\hotspot\share\interpreter\linkResolver.cpp, line 766]
Event: 2.097 Thread 0x000002b5d61593d0 Exception <a 'java/lang/NoSuchMethodError'{0x00000000891975d0}: 'java.lang.Object java.lang.invoke.DirectMethodHandle$Holder.newInvokeSpecial(java.lang.Object, java.lang.Object, java.lang.Object, int, java.lang.Object)'> (0x00000000891975d0) 
thrown [t:\workspace\open\src\hotspot\share\interpreter\linkResolver.cpp, line 766]
Event: 2.097 Thread 0x000002b5d61593d0 Exception <a 'java/lang/NoSuchMethodError'{0x000000008919f120}: 'java.lang.Object java.lang.invoke.Invokers$Holder.linkToTargetMethod(java.lang.Object, java.lang.Object, int, java.lang.Object, java.lang.Object)'> (0x000000008919f120) 
thrown [t:\workspace\open\src\hotspot\share\interpreter\linkResolver.cpp, line 766]
Event: 2.098 Thread 0x000002b5d61593d0 Exception <a 'java/lang/NoSuchMethodError'{0x00000000891ae9b0}: 'java.lang.Object java.lang.invoke.DirectMethodHandle$Holder.newInvokeSpecial(java.lang.Object, int, java.lang.Object)'> (0x00000000891ae9b0) 
thrown [t:\workspace\open\src\hotspot\share\interpreter\linkResolver.cpp, line 766]
Event: 2.169 Thread 0x000002b5d61593d0 Exception <a 'java/lang/NoSuchMethodError'{0x0000000088ff7670}: 'java.lang.Object java.lang.invoke.DirectMethodHandle$Holder.invokeStatic(java.lang.Object, java.lang.Object, long, java.lang.Object)'> (0x0000000088ff7670) 
thrown [t:\workspace\open\src\hotspot\share\interpreter\linkResolver.cpp, line 766]
Event: 2.169 Thread 0x000002b5d61593d0 Exception <a 'java/lang/NoSuchMethodError'{0x0000000088ffb658}: 'java.lang.Object java.lang.invoke.DirectMethodHandle$Holder.invokeStaticInit(java.lang.Object, java.lang.Object, long, java.lang.Object)'> (0x0000000088ffb658) 
thrown [t:\workspace\open\src\hotspot\share\interpreter\linkResolver.cpp, line 766]
Event: 2.170 Thread 0x000002b5d61593d0 Exception <a 'java/lang/NoSuchMethodError'{0x0000000088e02378}: 'java.lang.Object java.lang.invoke.DirectMethodHandle$Holder.newInvokeSpecial(java.lang.Object, java.lang.Object, long)'> (0x0000000088e02378) 
thrown [t:\workspace\open\src\hotspot\share\interpreter\linkResolver.cpp, line 766]
Event: 2.170 Thread 0x000002b5d61593d0 Exception <a 'java/lang/NoSuchMethodError'{0x0000000088e066e0}: 'java.lang.Object java.lang.invoke.Invokers$Holder.linkToTargetMethod(java.lang.Object, long, java.lang.Object)'> (0x0000000088e066e0) 
thrown [t:\workspace\open\src\hotspot\share\interpreter\linkResolver.cpp, line 766]
Event: 2.237 Thread 0x000002b5d61593d0 Exception <a 'java/lang/IncompatibleClassChangeError'{0x0000000088b07a60}: Found class java.lang.Object, but interface was expected> (0x0000000088b07a60) 
thrown [t:\workspace\open\src\hotspot\share\interpreter\linkResolver.cpp, line 833]
Event: 2.482 Thread 0x000002b5d61593d0 Implicit null exception at 0x000002b5e5535db4 to 0x000002b5e5535e6e
Event: 2.585 Thread 0x000002b5d61593d0 Exception <a 'sun/nio/fs/WindowsException'{0x000000008c375730}> (0x000000008c375730) 
thrown [t:\workspace\open\src\hotspot\share\prims\jni.cpp, line 516]
Event: 2.587 Thread 0x000002b5d61593d0 Exception <a 'sun/nio/fs/WindowsException'{0x000000008c37eaa0}> (0x000000008c37eaa0) 
thrown [t:\workspace\open\src\hotspot\share\prims\jni.cpp, line 516]
Event: 2.911 Thread 0x000002b5d61593d0 Exception <a 'java/lang/NoClassDefFoundError'{0x000000008c77bf40}: org/glassfish/jersey/server/monitoring/ApplicationEventListener> (0x000000008c77bf40) 
thrown [t:\workspace\open\src\hotspot\share\classfile\systemDictionary.cpp, line 245]
Event: 3.564 Thread 0x000002b5f52ed750 Exception <a 'java/lang/NoSuchMethodError'{0x00000000884b9110}: 'long java.lang.invoke.DirectMethodHandle$Holder.invokeSpecial(java.lang.Object, java.lang.Object)'> (0x00000000884b9110) 
thrown [t:\workspace\open\src\hotspot\share\interpreter\linkResolver.cpp, line 766]
Event: 3.568 Thread 0x000002b5f52ed750 Exception <a 'java/lang/NoSuchMethodError'{0x00000000884c3fe0}: 'long java.lang.invoke.DirectMethodHandle$Holder.invokeStatic(java.lang.Object, java.lang.Object)'> (0x00000000884c3fe0) 
thrown [t:\workspace\open\src\hotspot\share\interpreter\linkResolver.cpp, line 766]
Event: 3.595 Thread 0x000002b5f52ed750 Exception <a 'java/lang/NoSuchMethodError'{0x00000000884c75e0}: 'long java.lang.invoke.DirectMethodHandle$Holder.invokeStaticInit(java.lang.Object, java.lang.Object)'> (0x00000000884c75e0) 
thrown [t:\workspace\open\src\hotspot\share\interpreter\linkResolver.cpp, line 766]
Event: 3.598 Thread 0x000002b5f52ed750 Exception <a 'java/lang/NoSuchMethodError'{0x00000000884d5188}: 'long java.lang.invoke.DirectMethodHandle$Holder.invokeInterface(java.lang.Object, java.lang.Object)'> (0x00000000884d5188) 
thrown [t:\workspace\open\src\hotspot\share\interpreter\linkResolver.cpp, line 766]
Event: 3.600 Thread 0x000002b5f52ed750 Exception <a 'java/lang/IncompatibleClassChangeError'{0x00000000884d8718}: Found class java.lang.Object, but interface was expected> (0x00000000884d8718) 
thrown [t:\workspace\open\src\hotspot\share\interpreter\linkResolver.cpp, line 833]
Event: 3.626 Thread 0x000002b5f52ed750 Exception <a 'java/lang/NoSuchMethodError'{0x00000000882d1e18}: 'java.lang.Object java.lang.invoke.DirectMethodHandle$Holder.invokeVirtual(java.lang.Object, java.lang.Object, java.lang.Object, java.lang.Object)'> (0x00000000882d1e18) 
thrown [t:\workspace\open\src\hotspot\share\interpreter\linkResolver.cpp, line 766]

VM Operations (20 events):
Event: 2.484 Executing VM operation: HandshakeAllThreads done
Event: 2.498 Executing VM operation: G1CollectForAllocation
Event: 2.506 Executing VM operation: G1CollectForAllocation done
Event: 2.565 Executing VM operation: HandshakeAllThreads
Event: 2.565 Executing VM operation: HandshakeAllThreads done
Event: 2.897 Executing VM operation: CollectForMetadataAllocation
Event: 2.906 Executing VM operation: CollectForMetadataAllocation done
Event: 2.917 Executing VM operation: G1Concurrent
Event: 2.932 Executing VM operation: G1Concurrent done
Event: 2.935 Executing VM operation: G1Concurrent
Event: 2.936 Executing VM operation: G1Concurrent done
Event: 2.939 Executing VM operation: G1CollectForAllocation
Event: 2.949 Executing VM operation: G1CollectForAllocation done
Event: 2.951 Executing VM operation: G1CollectForAllocation
Event: 2.958 Executing VM operation: G1CollectForAllocation done
Event: 3.215 Executing VM operation: HandshakeAllThreads
Event: 3.226 Executing VM operation: HandshakeAllThreads done
Event: 3.698 Executing VM operation: ICBufferFull
Event: 3.716 Executing VM operation: ICBufferFull done
Event: 3.782 Executing VM operation: G1CollectForAllocation

Events (20 events):
Event: 3.779 loading class java/security/spec/EllipticCurve
Event: 3.780 loading class java/security/spec/EllipticCurve done
Event: 3.780 loading class java/security/spec/ECPoint
Event: 3.780 loading class java/security/spec/ECPoint done
Event: 3.780 loading class sun/security/util/NamedCurve
Event: 3.780 loading class java/security/spec/ECParameterSpec
Event: 3.780 loading class java/security/spec/AlgorithmParameterSpec
Event: 3.780 loading class java/security/spec/AlgorithmParameterSpec done
Event: 3.780 loading class java/security/spec/ECParameterSpec done
Event: 3.780 loading class sun/security/util/NamedCurve done
Event: 3.780 loading class sun/security/util/DerOutputStream
Event: 3.780 loading class sun/security/util/DerEncoder
Event: 3.780 loading class sun/security/util/DerEncoder done
Event: 3.780 loading class sun/security/util/DerOutputStream done
Event: 3.780 loading class sun/security/util/ByteArrayLexOrder
Event: 3.781 loading class sun/security/util/ByteArrayLexOrder done
Event: 3.781 loading class sun/security/util/ByteArrayTagOrder
Event: 3.781 loading class sun/security/util/ByteArrayTagOrder done
Event: 3.781 loading class sun/security/util/ObjectIdentifier
Event: 3.781 loading class sun/security/util/ObjectIdentifier done


Dynamic libraries:
0x00007ff620700000 - 0x00007ff620710000 	C:\Program Files\Java\jdk-17.0.1\bin\java.exe
0x00007ffde2190000 - 0x00007ffde23a7000 	C:\WINDOWS\SYSTEM32\ntdll.dll
0x00007ffde1fc0000 - 0x00007ffde2084000 	C:\WINDOWS\System32\KERNEL32.DLL
0x00007ffddf6b0000 - 0x00007ffddfa67000 	C:\WINDOWS\System32\KERNELBASE.dll
0x00007ffddfbd0000 - 0x00007ffddfce1000 	C:\WINDOWS\System32\ucrtbase.dll
0x00007ffdce4f0000 - 0x00007ffdce508000 	C:\Program Files\Java\jdk-17.0.1\bin\jli.dll
0x00007ffde0620000 - 0x00007ffde06d2000 	C:\WINDOWS\System32\ADVAPI32.dll
0x00007ffde0120000 - 0x00007ffde01c7000 	C:\WINDOWS\System32\msvcrt.dll
0x00007ffde06e0000 - 0x00007ffde0788000 	C:\WINDOWS\System32\sechost.dll
0x00007ffddfe60000 - 0x00007ffddfe88000 	C:\WINDOWS\System32\bcrypt.dll
0x00007ffde1680000 - 0x00007ffde1794000 	C:\WINDOWS\System32\RPCRT4.dll
0x00007ffde1990000 - 0x00007ffde1b3f000 	C:\WINDOWS\System32\USER32.dll
0x00007ffddfe90000 - 0x00007ffddfeb6000 	C:\WINDOWS\System32\win32u.dll
0x00007ffde1650000 - 0x00007ffde1679000 	C:\WINDOWS\System32\GDI32.dll
0x00007ffddf510000 - 0x00007ffddf628000 	C:\WINDOWS\System32\gdi32full.dll
0x00007ffddfb30000 - 0x00007ffddfbca000 	C:\WINDOWS\System32\msvcp_win.dll
0x00007ffdcdda0000 - 0x00007ffdcddba000 	C:\Program Files\Java\jdk-17.0.1\bin\VCRUNTIME140.dll
0x00007ffdbec60000 - 0x00007ffdbeef3000 	C:\WINDOWS\WinSxS\amd64_microsoft.windows.common-controls_6595b64144ccf1df_6.0.22621.3672_none_2713b9d173822955\COMCTL32.dll
0x00007ffddcd30000 - 0x00007ffddcd3a000 	C:\WINDOWS\SYSTEM32\VERSION.dll
0x00007ffde1030000 - 0x00007ffde1061000 	C:\WINDOWS\System32\IMM32.DLL
0x00007ffdd91c0000 - 0x00007ffdd91cc000 	C:\Program Files\Java\jdk-17.0.1\bin\vcruntime140_1.dll
0x00007ffd9ef40000 - 0x00007ffd9efcd000 	C:\Program Files\Java\jdk-17.0.1\bin\msvcp140.dll
0x00007ffd8be80000 - 0x00007ffd8ca3e000 	C:\Program Files\Java\jdk-17.0.1\bin\server\jvm.dll
0x00007ffde2090000 - 0x00007ffde2098000 	C:\WINDOWS\System32\PSAPI.DLL
0x00007ffda0f80000 - 0x00007ffda0f89000 	C:\WINDOWS\SYSTEM32\WSOCK32.dll
0x00007ffde00a0000 - 0x00007ffde0111000 	C:\WINDOWS\System32\WS2_32.dll
0x00007ffdd6180000 - 0x00007ffdd61b4000 	C:\WINDOWS\SYSTEM32\WINMM.dll
0x00007ffdde4b0000 - 0x00007ffdde4c8000 	C:\WINDOWS\SYSTEM32\kernel.appcore.dll
0x00007ffdd7f80000 - 0x00007ffdd7f8a000 	C:\Program Files\Java\jdk-17.0.1\bin\jimage.dll
0x00007ffddc940000 - 0x00007ffddcb72000 	C:\WINDOWS\SYSTEM32\DBGHELP.DLL
0x00007ffde1180000 - 0x00007ffde150e000 	C:\WINDOWS\System32\combase.dll
0x00007ffde1570000 - 0x00007ffde1647000 	C:\WINDOWS\System32\OLEAUT32.dll
0x00007ffd9baa0000 - 0x00007ffd9bad2000 	C:\WINDOWS\SYSTEM32\dbgcore.DLL
0x00007ffddf630000 - 0x00007ffddf6ab000 	C:\WINDOWS\System32\bcryptPrimitives.dll
0x00007ffdbb970000 - 0x00007ffdbb995000 	C:\Program Files\Java\jdk-17.0.1\bin\java.dll
0x00007ffd8fc40000 - 0x00007ffd8fd16000 	C:\Program Files\Java\jdk-17.0.1\bin\svml.dll
0x00007ffde07b0000 - 0x00007ffde1019000 	C:\WINDOWS\System32\SHELL32.dll
0x00007ffddd380000 - 0x00007ffdddc7f000 	C:\WINDOWS\SYSTEM32\windows.storage.dll
0x00007ffddd240000 - 0x00007ffddd37f000 	C:\WINDOWS\SYSTEM32\wintypes.dll
0x00007ffde1080000 - 0x00007ffde1179000 	C:\WINDOWS\System32\SHCORE.dll
0x00007ffddfec0000 - 0x00007ffddff1e000 	C:\WINDOWS\System32\shlwapi.dll
0x00007ffddf3d0000 - 0x00007ffddf3f7000 	C:\WINDOWS\SYSTEM32\profapi.dll
0x00007ffdbb950000 - 0x00007ffdbb969000 	C:\Program Files\Java\jdk-17.0.1\bin\net.dll
0x00007ffdd82c0000 - 0x00007ffdd83f6000 	C:\WINDOWS\SYSTEM32\WINHTTP.dll
0x00007ffdde920000 - 0x00007ffdde989000 	C:\WINDOWS\system32\mswsock.dll
0x00007ffdbb930000 - 0x00007ffdbb945000 	C:\Program Files\Java\jdk-17.0.1\bin\nio.dll
0x00007ffdba5c0000 - 0x00007ffdba5d8000 	C:\Program Files\Java\jdk-17.0.1\bin\zip.dll
0x00007ffdd76f0000 - 0x00007ffdd76f9000 	C:\Program Files\Java\jdk-17.0.1\bin\management.dll
0x00007ffdcdd90000 - 0x00007ffdcdd9b000 	C:\Program Files\Java\jdk-17.0.1\bin\management_ext.dll
0x00007ffdddee0000 - 0x00007ffdddf0d000 	C:\WINDOWS\SYSTEM32\IPHLPAPI.DLL
0x00007ffde1020000 - 0x00007ffde1029000 	C:\WINDOWS\System32\NSI.dll
0x00007ffdd7fb0000 - 0x00007ffdd7fc9000 	C:\WINDOWS\SYSTEM32\dhcpcsvc6.DLL
0x00007ffdd7f90000 - 0x00007ffdd7faf000 	C:\WINDOWS\SYSTEM32\dhcpcsvc.DLL
0x00007ffdddf10000 - 0x00007ffdde012000 	C:\WINDOWS\SYSTEM32\DNSAPI.dll
0x00007ffdbaf10000 - 0x00007ffdbaf1a000 	C:\Windows\System32\rasadhlp.dll
0x00007ffdd31d0000 - 0x00007ffdd3253000 	C:\WINDOWS\System32\fwpuclnt.dll

dbghelp: loaded successfully - version: 4.0.5 - missing functions: none
symbol engine: initialized successfully - sym options: 0x614 - pdb path: .;C:\Program Files\Java\jdk-17.0.1\bin;C:\WINDOWS\SYSTEM32;C:\WINDOWS\WinSxS\amd64_microsoft.windows.common-controls_6595b64144ccf1df_6.0.22621.3672_none_2713b9d173822955;C:\Program Files\Java\jdk-17.0.1\bin\server

VM Arguments:
java_command: C:\Users\Sangita\AppData\Local\Temp\surefire14263473350053319889\surefirebooter-20250127160118342_3.jar C:\Users\Sangita\AppData\Local\Temp\surefire14263473350053319889 2025-01-27T16-01-18_020-jvmRun1 surefire-20250127160118342_1tmp surefire_0-20250127160118342_2tmp
java_class_path (initial): C:\Users\Sangita\AppData\Local\Temp\surefire14263473350053319889\surefirebooter-20250127160118342_3.jar
Launcher Type: SUN_STANDARD

[Global flags]
     intx CICompilerCount                          = 3                                         {product} {ergonomic}
     uint ConcGCThreads                            = 1                                         {product} {ergonomic}
     uint G1ConcRefinementThreads                  = 4                                         {product} {ergonomic}
   size_t G1HeapRegionSize                         = 1048576                                   {product} {ergonomic}
    uintx GCDrainStackTargetSize                   = 64                                        {product} {ergonomic}
   size_t InitialHeapSize                          = 130023424                                 {product} {ergonomic}
   size_t MarkStackSize                            = 4194304                                   {product} {ergonomic}
   size_t MaxHeapSize                              = 2067791872                                {product} {ergonomic}
   size_t MaxNewSize                               = 1240465408                                {product} {ergonomic}
   size_t MinHeapDeltaBytes                        = 1048576                                   {product} {ergonomic}
   size_t MinHeapSize                              = 8388608                                   {product} {ergonomic}
    uintx NonNMethodCodeHeapSize                   = 5832780                                {pd product} {ergonomic}
    uintx NonProfiledCodeHeapSize                  = 122912730                              {pd product} {ergonomic}
    uintx ProfiledCodeHeapSize                     = 122912730                              {pd product} {ergonomic}
    uintx ReservedCodeCacheSize                    = 251658240                              {pd product} {ergonomic}
     bool SegmentedCodeCache                       = true                                      {product} {ergonomic}
   size_t SoftMaxHeapSize                          = 2067791872                             {manageable} {ergonomic}
     bool UseCompressedClassPointers               = true                           {product lp64_product} {ergonomic}
     bool UseCompressedOops                        = true                           {product lp64_product} {ergonomic}
     bool UseG1GC                                  = true                                      {product} {ergonomic}
     bool UseLargePagesIndividualAllocation        = false                                  {pd product} {ergonomic}

Logging:
Log output configuration:
 #0: stdout all=warning uptime,level,tags
 #1: stderr all=off uptime,level,tags

Environment Variables:
JAVA_HOME=C:/Program Files/Java/jdk-17.0.1
CLASSPATH=C:\mysql-connector-java-8.0.27.jar;
PATH=C:\Users\Sangita\bin;C:\Program Files\Git\mingw64\bin;C:\Program Files\Git\usr\local\bin;C:\Program Files\Git\usr\bin;C:\Program Files\Git\usr\bin;C:\Program Files\Git\mingw64\bin;C:\Program Files\Git\usr\bin;C:\Users\Sangita\bin;C:\Users\Sangita\Downloads\spring-tool-suite-4-4.18.0.RELEASE-e4.27.0-win32.win32.x86_64.self-extracting\sts-4.18.0.RELEASE\plugins\org.eclipse.justj.openjdk.hotspot.jre.full.win32.x86_64_17.0.6.v20230204-1729\jre\bin\server;C:\Users\Sangita\Downloads\spring-tool-suite-4-4.18.0.RELEASE-e4.27.0-win32.win32.x86_64.self-extracting\sts-4.18.0.RELEASE\plugins\org.eclipse.justj.openjdk.hotspot.jre.full.win32.x86_64_17.0.6.v20230204-1729\jre\bin;C:\Program Files\Common Files\Oracle\Java\javapath;C:\WINDOWS\system32;C:\WINDOWS;C:\WINDOWS\System32\Wbem;C:\WINDOWS\System32\WindowsPowerShell\v1.0;C:\WINDOWS\System32\OpenSSH;C:\MinGW\bin;C:\Program Files\Java\jdk-17.0.6\bin;C:\ProgramData\chocolatey\bin;C:\ProgramData\Microsoft\Windows\Start Menu\Programs\Node.js;C:\Program Files\nodejs;C:\Program Files\Docker\Docker\resources\bin;C:\Program Files\Git\cmd;C:\Users\Sangita\OneDrive\Documents\maven\apache-maven-3.9.9-bin\apache-maven-3.9.9\bin;%JAVA_HOME%\bin;C:\Users\Sangita\AppData\Local\Programs\Microsoft VS Code\bin;C:\MinGW\mingw32\bin;C:\mysql-connector-java-8.0.27\mysql-connector-java-8.0.27;C:\Users\Sangita\AppData\Local\GitHubDesktop\bin;C:\Program Files\Java\jdk-17.0.6\bin;C:\Users\Sangita\AppData\Roaming\npm;C:\Users\Sangita\AppData\Local\gitkraken\bin;C:\ProgramData\Microsoft\Windows\Start Menu\Programs\Node.js;C:\Users\Sangita\AppData\Roaming\nvm;C:\Program Files\nodejs;C:\Users\Sangita\AppData\Local\Microsoft\WindowsApps;C:\Users\Sangita\OneDrive\Documents\maven\apache-maven-3.9.9-bin\apache-maven-3.9.9\bin;C:\Program Files\Java\jdk-17.0.1\bin;C:\Users\Sangita\Downloads\spring-tool-suite-4-4.18.0.RELEASE-e4.27.0-win32.win32.x86_64.self-extracting\sts-4.18.0.RELEASE;C:\Program Files\Git\usr\bin\vendor_perl;C:\Program Files\Git\usr\bin\core
USERNAME=Sangita
SHELL=C:\Program Files\Git\usr\bin\bash.exe
DISPLAY=needs-to-be-defined
LANG=en_US.UTF-8
OS=Windows_NT
PROCESSOR_IDENTIFIER=Intel64 Family 6 Model 126 Stepping 5, GenuineIntel



---------------  S Y S T E M  ---------------

OS:
 Windows 10 , 64 bit Build 22621 (10.0.22621.3958)
OS uptime: 0 days 0:44 hours
Hyper-V role detected

CPU: total 4 (initial active 4) (2 cores per cpu, 2 threads per core) family 6 model 126 stepping 5 microcode 0xa0, cx8, cmov, fxsr, ht, mmx, 3dnowpref, sse, sse2, sse3, ssse3, sse4.1, sse4.2, popcnt, lzcnt, tsc, tscinvbit, avx, avx2, aes, erms, clmul, bmi1, bmi2, adx, avx512f, avx512dq, avx512cd, avx512bw, avx512vl, sha, fma, vzeroupper, avx512_vpopcntdq, avx512_vpclmulqdq, avx512_vaes, avx512_vnni, clflush, clflushopt, avx512_vbmi2, avx512_vbmi, hv

Memory: 4k page, system-wide physical 7880M (447M free)
TotalPageFile size 15380M (AvailPageFile size 42M)
current process WorkingSet (physical memory assigned to process): 211M, peak: 216M
current process commit charge ("private bytes"): 271M, peak: 519M

vm_info: Java HotSpot(TM) 64-Bit Server VM (17.0.1+12-LTS-39) for windows-amd64 JRE (17.0.1+12-LTS-39), built on Sep 27 2021 18:41:35 by "mach5one" with MS VC++ 16.8 (VS2019)

END.
