#
# There is insufficient memory for the Java Runtime Environment to continue.
# Native memory allocation (malloc) failed to allocate 32744 bytes for ChunkPool::allocate
# Possible reasons:
#   The system is out of physical RAM or swap space
#   The process is running with CompressedOops enabled, and the Java Heap may be blocking the growth of the native heap
# Possible solutions:
#   Reduce memory load on the system
#   Increase physical memory or swap space
#   Check if swap backing store is full
#   Decrease Java heap size (-Xmx/-Xms)
#   Decrease number of Java threads
#   Decrease Java thread stack sizes (-Xss)
#   Set larger code cache with -XX:ReservedCodeCacheSize=
#   JVM is running with Unscaled Compressed Oops mode in which the Java heap is
#     placed in the first 4GB address space. The Java Heap base address is the
#     maximum limit for the native heap growth. Please use -XX:HeapBaseMinAddress
#     to set the Java Heap base and to place the Java Heap above 4GB virtual address.
# This output file may be truncated or incomplete.
#
#  Out of Memory Error (arena.cpp:78), pid=20168, tid=14816
#
# JRE version: OpenJDK Runtime Environment Temurin-17.0.6+10 (17.0.6+10) (build 17.0.6+10)
# Java VM: OpenJDK 64-Bit Server VM Temurin-17.0.6+10 (17.0.6+10, mixed mode, emulated-client, tiered, compressed oops, compressed class ptrs, g1 gc, windows-amd64)
# No core dump will be written. Minidumps are not enabled by default on client versions of Windows
#

---------------  S U M M A R Y ------------

Command Line: -Dcom.sun.management.jmxremote -Dcom.sun.management.jmxremote.port=51672 -Dcom.sun.management.jmxremote.authenticate=false -Dcom.sun.management.jmxremote.ssl=false -Djava.rmi.server.hostname=localhost -Dspring.jmx.enabled=true -Dmanagement.endpoints.jmx.exposure.include=* -Dspring.application.admin.enabled=true -XX:TieredStopAtLevel=1 -Dspring.boot.project.name=identity-service -Dfile.encoding=UTF-8 -XX:+ShowCodeDetailsInExceptionMessages com.identity.IdentityServiceApplication --spring.output.ansi.enabled=always

Host: Intel(R) Core(TM) i3-1005G1 CPU @ 1.20GHz, 4 cores, 7G,  Windows 11 , 64 bit Build 22621 (10.0.22621.3958)
Time: Mon Oct 21 19:27:39 2024 India Standard Time elapsed time: 1516.346345 seconds (0d 0h 25m 16s)

---------------  T H R E A D  ---------------

Current thread (0x000002d076c39e40):  JavaThread "C1 CompilerThread0" daemon [_thread_in_native, id=14816, stack(0x000000f1f3800000,0x000000f1f3900000)]


Current CompileTask:
C1:1516346 7932   !   1       java.util.concurrent.SynchronousQueue$TransferStack::transfer (541 bytes)

Stack: [0x000000f1f3800000,0x000000f1f3900000]
Native frames: (J=compiled Java code, j=interpreted, Vv=VM code, C=native code)
V  [jvm.dll+0x67741a]
V  [jvm.dll+0x834434]
V  [jvm.dll+0x835bde]
V  [jvm.dll+0x836243]
V  [jvm.dll+0x2457b5]
V  [jvm.dll+0xabd1c]
V  [jvm.dll+0xac0cc]
V  [jvm.dll+0xb901d]
V  [jvm.dll+0x1764c5]
V  [jvm.dll+0x17632d]
V  [jvm.dll+0x178af3]
V  [jvm.dll+0x17a601]
V  [jvm.dll+0x134d93]
V  [jvm.dll+0x13468f]
V  [jvm.dll+0x1348c6]
V  [jvm.dll+0x133d5a]
V  [jvm.dll+0x135a21]
V  [jvm.dll+0x22742a]
V  [jvm.dll+0x225565]
V  [jvm.dll+0x7ea2cb]
V  [jvm.dll+0x7e483a]
V  [jvm.dll+0x6762c5]
C  [ucrtbase.dll+0x29333]
C  [KERNEL32.DLL+0x1257d]
C  [ntdll.dll+0x5af08]


---------------  P R O C E S S  ---------------

Threads class SMR info:
_java_thread_list=0x000002d07da5d320, length=44, elements={
0x000002d0761f6ec0, 0x000002d0761fe180, 0x000002d076216310, 0x000002d076c31810,
0x000002d076c32870, 0x000002d076c38de0, 0x000002d076c39e40, 0x000002d076c67a40,
0x000002d07619f2a0, 0x000002d076e063f0, 0x000002d07727a560, 0x000002d077529560,
0x000002d0775fac50, 0x000002d07767a5d0, 0x000002d07767af80, 0x000002d0776df530,
0x000002d078808f50, 0x000002d078809420, 0x000002d07880b5d0, 0x000002d0788098f0,
0x000002d07880baa0, 0x000002d078809dc0, 0x000002d07880a290, 0x000002d07880ac30,
0x000002d07880a760, 0x000002d07880b100, 0x000002d0788080e0, 0x000002d07b0458c0,
0x000002d07b044a50, 0x000002d07b041f00, 0x000002d07b042d70, 0x000002d07b040220,
0x000002d07b044f20, 0x000002d07b03e070, 0x000002d07b03e540, 0x000002d07b0428a0,
0x000002d07b03f880, 0x000002d07b044580, 0x000002d07b03f3b0, 0x000002d07b043be0,
0x000002d07b0423d0, 0x000002d07b03eee0, 0x000002d07b03fd50, 0x000002d07b03ea10
}

Java Threads: ( => current thread )
  0x000002d0761f6ec0 JavaThread "Reference Handler" daemon [_thread_blocked, id=20172, stack(0x000000f1f3200000,0x000000f1f3300000)]
  0x000002d0761fe180 JavaThread "Finalizer" daemon [_thread_blocked, id=21124, stack(0x000000f1f3300000,0x000000f1f3400000)]
  0x000002d076216310 JavaThread "Signal Dispatcher" daemon [_thread_blocked, id=17448, stack(0x000000f1f3400000,0x000000f1f3500000)]
  0x000002d076c31810 JavaThread "Attach Listener" daemon [_thread_blocked, id=7764, stack(0x000000f1f3500000,0x000000f1f3600000)]
  0x000002d076c32870 JavaThread "Service Thread" daemon [_thread_blocked, id=4196, stack(0x000000f1f3600000,0x000000f1f3700000)]
  0x000002d076c38de0 JavaThread "Monitor Deflation Thread" daemon [_thread_blocked, id=17756, stack(0x000000f1f3700000,0x000000f1f3800000)]
=>0x000002d076c39e40 JavaThread "C1 CompilerThread0" daemon [_thread_in_native, id=14816, stack(0x000000f1f3800000,0x000000f1f3900000)]
  0x000002d076c67a40 JavaThread "Sweeper thread" daemon [_thread_blocked, id=21344, stack(0x000000f1f3900000,0x000000f1f3a00000)]
  0x000002d07619f2a0 JavaThread "Common-Cleaner" daemon [_thread_blocked, id=6256, stack(0x000000f1f3a00000,0x000000f1f3b00000)]
  0x000002d076e063f0 JavaThread "Notification Thread" daemon [_thread_blocked, id=22372, stack(0x000000f1f3c00000,0x000000f1f3d00000)]
  0x000002d07727a560 JavaThread "RMI TCP Accept-0" daemon [_thread_in_native, id=19088, stack(0x000000f1f4100000,0x000000f1f4200000)]
  0x000002d077529560 JavaThread "RMI TCP Accept-51672" daemon [_thread_in_native, id=17752, stack(0x000000f1f4200000,0x000000f1f4300000)]
  0x000002d0775fac50 JavaThread "RMI TCP Accept-0" daemon [_thread_in_native, id=9684, stack(0x000000f1f4300000,0x000000f1f4400000)]
  0x000002d07767a5d0 JavaThread "RMI TCP Connection(32)-127.0.0.1" daemon [_thread_in_native, id=15484, stack(0x000000f1f4600000,0x000000f1f4700000)]
  0x000002d07767af80 JavaThread "RMI Scheduler(0)" daemon [_thread_blocked, id=16168, stack(0x000000f1f4700000,0x000000f1f4800000)]
  0x000002d0776df530 JavaThread "JMX server connection timeout 21" daemon [_thread_blocked, id=13300, stack(0x000000f1f4800000,0x000000f1f4900000)]
  0x000002d078808f50 JavaThread "Catalina-utility-1" [_thread_blocked, id=24972, stack(0x000000f1f4b00000,0x000000f1f4c00000)]
  0x000002d078809420 JavaThread "http-nio-9096-exec-1" daemon [_thread_blocked, id=25208, stack(0x000000f1f4d00000,0x000000f1f4e00000)]
  0x000002d07880b5d0 JavaThread "http-nio-9096-exec-2" daemon [_thread_blocked, id=15576, stack(0x000000f1f4e00000,0x000000f1f4f00000)]
  0x000002d0788098f0 JavaThread "http-nio-9096-exec-3" daemon [_thread_blocked, id=19776, stack(0x000000f1f4c00000,0x000000f1f4d00000)]
  0x000002d07880baa0 JavaThread "http-nio-9096-exec-4" daemon [_thread_blocked, id=8088, stack(0x000000f1f4f00000,0x000000f1f5000000)]
  0x000002d078809dc0 JavaThread "http-nio-9096-exec-5" daemon [_thread_blocked, id=15500, stack(0x000000f1f5100000,0x000000f1f5200000)]
  0x000002d07880a290 JavaThread "http-nio-9096-exec-6" daemon [_thread_blocked, id=23904, stack(0x000000f1f5000000,0x000000f1f5100000)]
  0x000002d07880ac30 JavaThread "http-nio-9096-exec-7" daemon [_thread_blocked, id=14608, stack(0x000000f1f5200000,0x000000f1f5300000)]
  0x000002d07880a760 JavaThread "http-nio-9096-exec-8" daemon [_thread_blocked, id=17504, stack(0x000000f1f5300000,0x000000f1f5400000)]
  0x000002d07880b100 JavaThread "http-nio-9096-exec-9" daemon [_thread_blocked, id=18660, stack(0x000000f1f5400000,0x000000f1f5500000)]
  0x000002d0788080e0 JavaThread "http-nio-9096-exec-10" daemon [_thread_blocked, id=25096, stack(0x000000f1f5500000,0x000000f1f5600000)]
  0x000002d07b0458c0 JavaThread "Catalina-utility-2" [_thread_blocked, id=22840, stack(0x000000f1f5600000,0x000000f1f5700000)]
  0x000002d07b044a50 JavaThread "container-0" [_thread_blocked, id=7304, stack(0x000000f1f5700000,0x000000f1f5800000)]
  0x000002d07b041f00 JavaThread "mysql-cj-abandoned-connection-cleanup" daemon [_thread_blocked, id=10980, stack(0x000000f1f5800000,0x000000f1f5900000)]
  0x000002d07b042d70 JavaThread "HikariPool-1 housekeeper" daemon [_thread_blocked, id=17864, stack(0x000000f1f5c00000,0x000000f1f5d00000)]
  0x000002d07b040220 JavaThread "File Watcher" daemon [_thread_blocked, id=16732, stack(0x000000f1f5d00000,0x000000f1f5e00000)]
  0x000002d07b044f20 JavaThread "Live Reload Server" daemon [_thread_in_native, id=6512, stack(0x000000f1f5f00000,0x000000f1f6000000)]
  0x000002d07b03e070 JavaThread "spring.cloud.inetutils" daemon [_thread_blocked, id=14492, stack(0x000000f1f3b00000,0x000000f1f3c00000)]
  0x000002d07b03e540 JavaThread "AsyncResolver-bootstrap-0" daemon [_thread_blocked, id=5928, stack(0x000000f1f2900000,0x000000f1f2a00000)]
  0x000002d07b0428a0 JavaThread "DiscoveryClient-0" daemon [_thread_blocked, id=2520, stack(0x000000f1f5e00000,0x000000f1f5f00000)]
  0x000002d07b03f880 JavaThread "DiscoveryClient-1" daemon [_thread_blocked, id=1948, stack(0x000000f1f2b00000,0x000000f1f2c00000)]
  0x000002d07b044580 JavaThread "DiscoveryClient-InstanceInfoReplicator-0" daemon [_thread_blocked, id=18776, stack(0x000000f1f6000000,0x000000f1f6100000)]
  0x000002d07b03f3b0 JavaThread "http-nio-9096-Poller" daemon [_thread_in_native, id=20644, stack(0x000000f1f6100000,0x000000f1f6200000)]
  0x000002d07b043be0 JavaThread "http-nio-9096-Acceptor" daemon [_thread_in_native, id=11648, stack(0x000000f1f6200000,0x000000f1f6300000)]
  0x000002d07b0423d0 JavaThread "DestroyJavaVM" [_thread_blocked, id=19512, stack(0x000000f1f2a00000,0x000000f1f2b00000)]
  0x000002d07b03eee0 JavaThread "DiscoveryClient-CacheRefreshExecutor-0" daemon [_thread_blocked, id=21472, stack(0x000000f1f4900000,0x000000f1f4a00000)]
  0x000002d07b03fd50 JavaThread "DiscoveryClient-HeartbeatExecutor-0" daemon [_thread_blocked, id=4756, stack(0x000000f1f6400000,0x000000f1f6500000)]
  0x000002d07b03ea10 JavaThread "AsyncResolver-bootstrap-executor-0" daemon [_thread_blocked, id=11288, stack(0x000000f1f4a00000,0x000000f1f4b00000)]

Other Threads:
  0x000002d07622e260 VMThread "VM Thread" [stack: 0x000000f1f3100000,0x000000f1f3200000] [id=7960]
  0x000002d0775fb120 WatcherThread [stack: 0x000000f1f4400000,0x000000f1f4500000] [id=18664]
  0x000002d068f9f5a0 GCTaskThread "GC Thread#0" [stack: 0x000000f1f2c00000,0x000000f1f2d00000] [id=15976]
  0x000002d07751cbf0 GCTaskThread "GC Thread#1" [stack: 0x000000f1f3d00000,0x000000f1f3e00000] [id=15572]
  0x000002d0774db840 GCTaskThread "GC Thread#2" [stack: 0x000000f1f3e00000,0x000000f1f3f00000] [id=19040]
  0x000002d0774dbaf0 GCTaskThread "GC Thread#3" [stack: 0x000000f1f3f00000,0x000000f1f4000000] [id=19304]
  0x000002d068fafb60 ConcurrentGCThread "G1 Main Marker" [stack: 0x000000f1f2d00000,0x000000f1f2e00000] [id=22796]
  0x000002d068fb14b0 ConcurrentGCThread "G1 Conc#0" [stack: 0x000000f1f2e00000,0x000000f1f2f00000] [id=21680]
  0x000002d0760580e0 ConcurrentGCThread "G1 Refine#0" [stack: 0x000000f1f2f00000,0x000000f1f3000000] [id=9164]
  0x000002d07751cea0 ConcurrentGCThread "G1 Refine#1" [stack: 0x000000f1f4000000,0x000000f1f4100000] [id=23888]
  0x000002d076059950 ConcurrentGCThread "G1 Service" [stack: 0x000000f1f3000000,0x000000f1f3100000] [id=24544]

Threads with active compile tasks:
C1 CompilerThread0  1516395 7932   !   1       java.util.concurrent.SynchronousQueue$TransferStack::transfer (541 bytes)

VM state: not at safepoint (normal execution)

VM Mutex/Monitor currently owned by a thread: None

Heap address: 0x0000000084c00000, size: 1972 MB, Compressed Oops mode: 32-bit

CDS archive(s) not mapped
Compressed class space mapped at: 0x0000000100000000-0x0000000140000000, reserved size: 1073741824
Narrow klass base: 0x0000000000000000, Narrow klass shift: 3, Narrow klass range: 0x140000000

GC Precious Log:
 CPUs: 4 total, 4 available
 Memory: 7880M
 Large Page Support: Disabled
 NUMA Support: Disabled
 Compressed Oops: Enabled (32-bit)
 Heap Region Size: 1M
 Heap Min Capacity: 8M
 Heap Initial Capacity: 124M
 Heap Max Capacity: 1972M
 Pre-touch: Disabled
 Parallel Workers: 4
 Concurrent Workers: 1
 Concurrent Refinement Workers: 4
 Periodic GC: Disabled

Heap:
 garbage-first heap   total 126976K, used 97188K [0x0000000084c00000, 0x0000000100000000)
  region size 1024K, 54 young (55296K), 3 survivors (3072K)
 Metaspace       used 91405K, committed 92032K, reserved 1130496K
  class space    used 12944K, committed 13248K, reserved 1048576K

Heap Regions: E=young(eden), S=young(survivor), O=old, HS=humongous(starts), HC=humongous(continues), CS=collection set, F=free, OA=open archive, CA=closed archive, TAMS=top-at-mark-start (previous, next)
|   0|0x0000000084c00000, 0x0000000084d00000, 0x0000000084d00000|100%|HS|  |TAMS 0x0000000084d00000, 0x0000000084c00000| Complete 
|   1|0x0000000084d00000, 0x0000000084e00000, 0x0000000084e00000|100%|HS|  |TAMS 0x0000000084e00000, 0x0000000084d00000| Complete 
|   2|0x0000000084e00000, 0x0000000084f00000, 0x0000000084f00000|100%| O|  |TAMS 0x0000000084f00000, 0x0000000084e00000| Untracked 
|   3|0x0000000084f00000, 0x0000000085000000, 0x0000000085000000|100%| O|  |TAMS 0x0000000085000000, 0x0000000084f00000| Untracked 
|   4|0x0000000085000000, 0x0000000085100000, 0x0000000085100000|100%| O|  |TAMS 0x0000000085100000, 0x0000000085000000| Untracked 
|   5|0x0000000085100000, 0x0000000085200000, 0x0000000085200000|100%| O|  |TAMS 0x0000000085200000, 0x0000000085100000| Untracked 
|   6|0x0000000085200000, 0x0000000085300000, 0x0000000085300000|100%| O|  |TAMS 0x0000000085300000, 0x0000000085200000| Untracked 
|   7|0x0000000085300000, 0x0000000085400000, 0x0000000085400000|100%| O|  |TAMS 0x0000000085400000, 0x0000000085300000| Untracked 
|   8|0x0000000085400000, 0x0000000085500000, 0x0000000085500000|100%| O|  |TAMS 0x0000000085500000, 0x0000000085400000| Untracked 
|   9|0x0000000085500000, 0x0000000085600000, 0x0000000085600000|100%| O|  |TAMS 0x0000000085600000, 0x0000000085500000| Untracked 
|  10|0x0000000085600000, 0x0000000085700000, 0x0000000085700000|100%| O|  |TAMS 0x0000000085700000, 0x0000000085600000| Untracked 
|  11|0x0000000085700000, 0x0000000085800000, 0x0000000085800000|100%| O|  |TAMS 0x0000000085800000, 0x0000000085700000| Untracked 
|  12|0x0000000085800000, 0x0000000085900000, 0x0000000085900000|100%| O|  |TAMS 0x0000000085900000, 0x0000000085800000| Untracked 
|  13|0x0000000085900000, 0x0000000085a00000, 0x0000000085a00000|100%| O|  |TAMS 0x0000000085a00000, 0x0000000085900000| Untracked 
|  14|0x0000000085a00000, 0x0000000085b00000, 0x0000000085b00000|100%| O|  |TAMS 0x0000000085b00000, 0x0000000085a00000| Untracked 
|  15|0x0000000085b00000, 0x0000000085c00000, 0x0000000085c00000|100%| O|  |TAMS 0x0000000085c00000, 0x0000000085b00000| Untracked 
|  16|0x0000000085c00000, 0x0000000085d00000, 0x0000000085d00000|100%| O|  |TAMS 0x0000000085d00000, 0x0000000085c00000| Untracked 
|  17|0x0000000085d00000, 0x0000000085e00000, 0x0000000085e00000|100%| O|  |TAMS 0x0000000085e00000, 0x0000000085d00000| Untracked 
|  18|0x0000000085e00000, 0x0000000085f00000, 0x0000000085f00000|100%| O|  |TAMS 0x0000000085f00000, 0x0000000085e00000| Untracked 
|  19|0x0000000085f00000, 0x0000000086000000, 0x0000000086000000|100%| O|  |TAMS 0x0000000086000000, 0x0000000085f00000| Untracked 
|  20|0x0000000086000000, 0x0000000086100000, 0x0000000086100000|100%| O|  |TAMS 0x0000000086100000, 0x0000000086000000| Untracked 
|  21|0x0000000086100000, 0x0000000086200000, 0x0000000086200000|100%| O|  |TAMS 0x0000000086200000, 0x0000000086100000| Untracked 
|  22|0x0000000086200000, 0x0000000086300000, 0x0000000086300000|100%| O|  |TAMS 0x0000000086200000, 0x0000000086200000| Untracked 
|  23|0x0000000086300000, 0x0000000086400000, 0x0000000086400000|100%| O|  |TAMS 0x0000000086400000, 0x0000000086300000| Untracked 
|  24|0x0000000086400000, 0x0000000086500000, 0x0000000086500000|100%| O|  |TAMS 0x0000000086500000, 0x0000000086400000| Untracked 
|  25|0x0000000086500000, 0x0000000086600000, 0x0000000086600000|100%| O|  |TAMS 0x0000000086600000, 0x0000000086500000| Untracked 
|  26|0x0000000086600000, 0x0000000086700000, 0x0000000086700000|100%| O|  |TAMS 0x0000000086600000, 0x0000000086600000| Untracked 
|  27|0x0000000086700000, 0x0000000086800000, 0x0000000086800000|100%| O|  |TAMS 0x0000000086700000, 0x0000000086700000| Untracked 
|  28|0x0000000086800000, 0x0000000086900000, 0x0000000086900000|100%| O|  |TAMS 0x0000000086900000, 0x0000000086800000| Untracked 
|  29|0x0000000086900000, 0x0000000086a00000, 0x0000000086a00000|100%| O|  |TAMS 0x0000000086a00000, 0x0000000086900000| Untracked 
|  30|0x0000000086a00000, 0x0000000086b00000, 0x0000000086b00000|100%| O|  |TAMS 0x0000000086b00000, 0x0000000086a00000| Untracked 
|  31|0x0000000086b00000, 0x0000000086c00000, 0x0000000086c00000|100%| O|  |TAMS 0x0000000086c00000, 0x0000000086b00000| Untracked 
|  32|0x0000000086c00000, 0x0000000086d00000, 0x0000000086d00000|100%| O|  |TAMS 0x0000000086d00000, 0x0000000086c00000| Untracked 
|  33|0x0000000086d00000, 0x0000000086e00000, 0x0000000086e00000|100%| O|  |TAMS 0x0000000086e00000, 0x0000000086d00000| Untracked 
|  34|0x0000000086e00000, 0x0000000086f00000, 0x0000000086f00000|100%| O|  |TAMS 0x0000000086f00000, 0x0000000086e00000| Untracked 
|  35|0x0000000086f00000, 0x0000000087000000, 0x0000000087000000|100%| O|  |TAMS 0x0000000087000000, 0x0000000086f00000| Untracked 
|  36|0x0000000087000000, 0x0000000087100000, 0x0000000087100000|100%| O|  |TAMS 0x0000000087018a00, 0x0000000087000000| Untracked 
|  37|0x0000000087100000, 0x0000000087200000, 0x0000000087200000|100%| O|  |TAMS 0x0000000087100000, 0x0000000087100000| Untracked 
|  38|0x0000000087200000, 0x0000000087300000, 0x0000000087300000|100%| O|  |TAMS 0x0000000087200000, 0x0000000087200000| Untracked 
|  39|0x0000000087300000, 0x0000000087400000, 0x0000000087400000|100%| O|  |TAMS 0x0000000087300000, 0x0000000087300000| Untracked 
|  40|0x0000000087400000, 0x0000000087500000, 0x0000000087500000|100%| O|  |TAMS 0x0000000087400000, 0x0000000087400000| Untracked 
|  41|0x0000000087500000, 0x0000000087600000, 0x0000000087600000|100%| O|  |TAMS 0x0000000087500000, 0x0000000087500000| Untracked 
|  42|0x0000000087600000, 0x00000000876e9200, 0x0000000087700000| 91%| O|  |TAMS 0x0000000087600000, 0x0000000087600000| Untracked 
|  43|0x0000000087700000, 0x0000000087700000, 0x0000000087800000|  0%| F|  |TAMS 0x0000000087700000, 0x0000000087700000| Untracked 
|  44|0x0000000087800000, 0x0000000087800000, 0x0000000087900000|  0%| F|  |TAMS 0x0000000087800000, 0x0000000087800000| Untracked 
|  45|0x0000000087900000, 0x0000000087900000, 0x0000000087a00000|  0%| F|  |TAMS 0x0000000087900000, 0x0000000087900000| Untracked 
|  46|0x0000000087a00000, 0x0000000087a00000, 0x0000000087b00000|  0%| F|  |TAMS 0x0000000087a00000, 0x0000000087a00000| Untracked 
|  47|0x0000000087b00000, 0x0000000087b00000, 0x0000000087c00000|  0%| F|  |TAMS 0x0000000087b00000, 0x0000000087b00000| Untracked 
|  48|0x0000000087c00000, 0x0000000087c00000, 0x0000000087d00000|  0%| F|  |TAMS 0x0000000087c00000, 0x0000000087c00000| Untracked 
|  49|0x0000000087d00000, 0x0000000087d00000, 0x0000000087e00000|  0%| F|  |TAMS 0x0000000087d00000, 0x0000000087d00000| Untracked 
|  50|0x0000000087e00000, 0x0000000087e00000, 0x0000000087f00000|  0%| F|  |TAMS 0x0000000087e00000, 0x0000000087e00000| Untracked 
|  51|0x0000000087f00000, 0x0000000087f00000, 0x0000000088000000|  0%| F|  |TAMS 0x0000000087f00000, 0x0000000087f00000| Untracked 
|  52|0x0000000088000000, 0x0000000088000000, 0x0000000088100000|  0%| F|  |TAMS 0x0000000088000000, 0x0000000088000000| Untracked 
|  53|0x0000000088100000, 0x0000000088100000, 0x0000000088200000|  0%| F|  |TAMS 0x0000000088100000, 0x0000000088100000| Untracked 
|  54|0x0000000088200000, 0x0000000088200000, 0x0000000088300000|  0%| F|  |TAMS 0x0000000088200000, 0x0000000088200000| Untracked 
|  55|0x0000000088300000, 0x0000000088300000, 0x0000000088400000|  0%| F|  |TAMS 0x0000000088300000, 0x0000000088300000| Untracked 
|  56|0x0000000088400000, 0x0000000088400000, 0x0000000088500000|  0%| F|  |TAMS 0x0000000088400000, 0x0000000088400000| Untracked 
|  57|0x0000000088500000, 0x0000000088500000, 0x0000000088600000|  0%| F|  |TAMS 0x0000000088500000, 0x0000000088500000| Untracked 
|  58|0x0000000088600000, 0x0000000088600000, 0x0000000088700000|  0%| F|  |TAMS 0x0000000088600000, 0x0000000088600000| Untracked 
|  59|0x0000000088700000, 0x0000000088700000, 0x0000000088800000|  0%| F|  |TAMS 0x0000000088700000, 0x0000000088700000| Untracked 
|  60|0x0000000088800000, 0x0000000088800000, 0x0000000088900000|  0%| F|  |TAMS 0x0000000088800000, 0x0000000088800000| Untracked 
|  61|0x0000000088900000, 0x0000000088900000, 0x0000000088a00000|  0%| F|  |TAMS 0x0000000088900000, 0x0000000088900000| Untracked 
|  62|0x0000000088a00000, 0x0000000088a00000, 0x0000000088b00000|  0%| F|  |TAMS 0x0000000088a00000, 0x0000000088a00000| Untracked 
|  63|0x0000000088b00000, 0x0000000088b00000, 0x0000000088c00000|  0%| F|  |TAMS 0x0000000088b00000, 0x0000000088b00000| Untracked 
|  64|0x0000000088c00000, 0x0000000088c00000, 0x0000000088d00000|  0%| F|  |TAMS 0x0000000088c00000, 0x0000000088c00000| Untracked 
|  65|0x0000000088d00000, 0x0000000088d00000, 0x0000000088e00000|  0%| F|  |TAMS 0x0000000088d00000, 0x0000000088d00000| Untracked 
|  66|0x0000000088e00000, 0x0000000088e00000, 0x0000000088f00000|  0%| F|  |TAMS 0x0000000088e00000, 0x0000000088e00000| Untracked 
|  67|0x0000000088f00000, 0x0000000088f00000, 0x0000000089000000|  0%| F|  |TAMS 0x0000000088f00000, 0x0000000088f00000| Untracked 
|  68|0x0000000089000000, 0x0000000089000000, 0x0000000089100000|  0%| F|  |TAMS 0x0000000089000000, 0x0000000089000000| Untracked 
|  69|0x0000000089100000, 0x0000000089100000, 0x0000000089200000|  0%| F|  |TAMS 0x0000000089100000, 0x0000000089100000| Untracked 
|  70|0x0000000089200000, 0x00000000892c3040, 0x0000000089300000| 76%| E|  |TAMS 0x0000000089200000, 0x0000000089200000| Complete 
|  71|0x0000000089300000, 0x0000000089400000, 0x0000000089400000|100%| S|CS|TAMS 0x0000000089300000, 0x0000000089300000| Complete 
|  72|0x0000000089400000, 0x0000000089500000, 0x0000000089500000|100%| S|CS|TAMS 0x0000000089400000, 0x0000000089400000| Complete 
|  73|0x0000000089500000, 0x0000000089600000, 0x0000000089600000|100%| S|CS|TAMS 0x0000000089500000, 0x0000000089500000| Complete 
|  74|0x0000000089600000, 0x0000000089700000, 0x0000000089700000|100%| E|CS|TAMS 0x0000000089600000, 0x0000000089600000| Complete 
|  75|0x0000000089700000, 0x0000000089800000, 0x0000000089800000|100%| E|CS|TAMS 0x0000000089700000, 0x0000000089700000| Complete 
|  76|0x0000000089800000, 0x0000000089900000, 0x0000000089900000|100%| E|CS|TAMS 0x0000000089800000, 0x0000000089800000| Complete 
|  77|0x0000000089900000, 0x0000000089a00000, 0x0000000089a00000|100%| E|CS|TAMS 0x0000000089900000, 0x0000000089900000| Complete 
|  78|0x0000000089a00000, 0x0000000089b00000, 0x0000000089b00000|100%| E|CS|TAMS 0x0000000089a00000, 0x0000000089a00000| Complete 
|  79|0x0000000089b00000, 0x0000000089c00000, 0x0000000089c00000|100%| E|CS|TAMS 0x0000000089b00000, 0x0000000089b00000| Complete 
|  80|0x0000000089c00000, 0x0000000089d00000, 0x0000000089d00000|100%| E|CS|TAMS 0x0000000089c00000, 0x0000000089c00000| Complete 
|  81|0x0000000089d00000, 0x0000000089e00000, 0x0000000089e00000|100%| E|CS|TAMS 0x0000000089d00000, 0x0000000089d00000| Complete 
|  82|0x0000000089e00000, 0x0000000089f00000, 0x0000000089f00000|100%| E|CS|TAMS 0x0000000089e00000, 0x0000000089e00000| Complete 
|  83|0x0000000089f00000, 0x000000008a000000, 0x000000008a000000|100%| E|CS|TAMS 0x0000000089f00000, 0x0000000089f00000| Complete 
|  84|0x000000008a000000, 0x000000008a100000, 0x000000008a100000|100%| E|CS|TAMS 0x000000008a000000, 0x000000008a000000| Complete 
|  85|0x000000008a100000, 0x000000008a200000, 0x000000008a200000|100%| E|CS|TAMS 0x000000008a100000, 0x000000008a100000| Complete 
|  86|0x000000008a200000, 0x000000008a300000, 0x000000008a300000|100%| E|CS|TAMS 0x000000008a200000, 0x000000008a200000| Complete 
|  87|0x000000008a300000, 0x000000008a400000, 0x000000008a400000|100%| E|CS|TAMS 0x000000008a300000, 0x000000008a300000| Complete 
|  88|0x000000008a400000, 0x000000008a500000, 0x000000008a500000|100%| E|CS|TAMS 0x000000008a400000, 0x000000008a400000| Complete 
|  89|0x000000008a500000, 0x000000008a600000, 0x000000008a600000|100%| E|CS|TAMS 0x000000008a500000, 0x000000008a500000| Complete 
|  90|0x000000008a600000, 0x000000008a700000, 0x000000008a700000|100%| E|CS|TAMS 0x000000008a600000, 0x000000008a600000| Complete 
|  91|0x000000008a700000, 0x000000008a800000, 0x000000008a800000|100%| E|CS|TAMS 0x000000008a700000, 0x000000008a700000| Complete 
|  92|0x000000008a800000, 0x000000008a900000, 0x000000008a900000|100%| E|CS|TAMS 0x000000008a800000, 0x000000008a800000| Complete 
|  93|0x000000008a900000, 0x000000008aa00000, 0x000000008aa00000|100%| E|CS|TAMS 0x000000008a900000, 0x000000008a900000| Complete 
|  94|0x000000008aa00000, 0x000000008ab00000, 0x000000008ab00000|100%| E|CS|TAMS 0x000000008aa00000, 0x000000008aa00000| Complete 
|  95|0x000000008ab00000, 0x000000008ac00000, 0x000000008ac00000|100%| E|CS|TAMS 0x000000008ab00000, 0x000000008ab00000| Complete 
|  96|0x000000008ac00000, 0x000000008ad00000, 0x000000008ad00000|100%| E|CS|TAMS 0x000000008ac00000, 0x000000008ac00000| Complete 
|  97|0x000000008ad00000, 0x000000008ae00000, 0x000000008ae00000|100%| E|CS|TAMS 0x000000008ad00000, 0x000000008ad00000| Complete 
|  98|0x000000008ae00000, 0x000000008af00000, 0x000000008af00000|100%| E|CS|TAMS 0x000000008ae00000, 0x000000008ae00000| Complete 
|  99|0x000000008af00000, 0x000000008b000000, 0x000000008b000000|100%| E|CS|TAMS 0x000000008af00000, 0x000000008af00000| Complete 
| 100|0x000000008b000000, 0x000000008b100000, 0x000000008b100000|100%| E|CS|TAMS 0x000000008b000000, 0x000000008b000000| Complete 
| 101|0x000000008b100000, 0x000000008b200000, 0x000000008b200000|100%| E|CS|TAMS 0x000000008b100000, 0x000000008b100000| Complete 
| 102|0x000000008b200000, 0x000000008b300000, 0x000000008b300000|100%| E|CS|TAMS 0x000000008b200000, 0x000000008b200000| Complete 
| 103|0x000000008b300000, 0x000000008b400000, 0x000000008b400000|100%| E|CS|TAMS 0x000000008b300000, 0x000000008b300000| Complete 
| 104|0x000000008b400000, 0x000000008b500000, 0x000000008b500000|100%| E|CS|TAMS 0x000000008b400000, 0x000000008b400000| Complete 
| 105|0x000000008b500000, 0x000000008b600000, 0x000000008b600000|100%| E|CS|TAMS 0x000000008b500000, 0x000000008b500000| Complete 
| 106|0x000000008b600000, 0x000000008b700000, 0x000000008b700000|100%| E|CS|TAMS 0x000000008b600000, 0x000000008b600000| Complete 
| 107|0x000000008b700000, 0x000000008b800000, 0x000000008b800000|100%| E|CS|TAMS 0x000000008b700000, 0x000000008b700000| Complete 
| 108|0x000000008b800000, 0x000000008b900000, 0x000000008b900000|100%| E|CS|TAMS 0x000000008b800000, 0x000000008b800000| Complete 
| 109|0x000000008b900000, 0x000000008ba00000, 0x000000008ba00000|100%| E|CS|TAMS 0x000000008b900000, 0x000000008b900000| Complete 
| 110|0x000000008ba00000, 0x000000008bb00000, 0x000000008bb00000|100%| E|CS|TAMS 0x000000008ba00000, 0x000000008ba00000| Complete 
| 111|0x000000008bb00000, 0x000000008bc00000, 0x000000008bc00000|100%| E|CS|TAMS 0x000000008bb00000, 0x000000008bb00000| Complete 
| 112|0x000000008bc00000, 0x000000008bd00000, 0x000000008bd00000|100%| E|CS|TAMS 0x000000008bc00000, 0x000000008bc00000| Complete 
| 113|0x000000008bd00000, 0x000000008be00000, 0x000000008be00000|100%| E|CS|TAMS 0x000000008bd00000, 0x000000008bd00000| Complete 
| 114|0x000000008be00000, 0x000000008bf00000, 0x000000008bf00000|100%| E|CS|TAMS 0x000000008be00000, 0x000000008be00000| Complete 
| 115|0x000000008bf00000, 0x000000008c000000, 0x000000008c000000|100%| E|CS|TAMS 0x000000008bf00000, 0x000000008bf00000| Complete 
| 116|0x000000008c000000, 0x000000008c100000, 0x000000008c100000|100%| E|CS|TAMS 0x000000008c000000, 0x000000008c000000| Complete 
| 117|0x000000008c100000, 0x000000008c200000, 0x000000008c200000|100%| E|CS|TAMS 0x000000008c100000, 0x000000008c100000| Complete 
| 118|0x000000008c200000, 0x000000008c300000, 0x000000008c300000|100%| E|CS|TAMS 0x000000008c200000, 0x000000008c200000| Complete 
| 119|0x000000008c300000, 0x000000008c400000, 0x000000008c400000|100%| E|  |TAMS 0x000000008c300000, 0x000000008c300000| Complete 
| 120|0x000000008c400000, 0x000000008c500000, 0x000000008c500000|100%| E|CS|TAMS 0x000000008c400000, 0x000000008c400000| Complete 
| 121|0x000000008c500000, 0x000000008c600000, 0x000000008c600000|100%| E|CS|TAMS 0x000000008c500000, 0x000000008c500000| Complete 
| 122|0x000000008c600000, 0x000000008c700000, 0x000000008c700000|100%| E|CS|TAMS 0x000000008c600000, 0x000000008c600000| Complete 
| 123|0x000000008c700000, 0x000000008c800000, 0x000000008c800000|100%| E|CS|TAMS 0x000000008c700000, 0x000000008c700000| Complete 

Card table byte_map: [0x000002d06f9c0000,0x000002d06fda0000] _byte_map_base: 0x000002d06f59a000

Marking Bits (Prev, Next): (CMBitMap*) 0x000002d068f9fbb0, (CMBitMap*) 0x000002d068f9fbf0
 Prev Bits: [0x000002d070180000, 0x000002d072050000)
 Next Bits: [0x000002d072050000, 0x000002d073f20000)

Polling page: 0x000002d066ed0000

Metaspace:

Usage:
  Non-class:     76.62 MB used.
      Class:     12.64 MB used.
       Both:     89.26 MB used.

Virtual space:
  Non-class space:       80.00 MB reserved,      76.94 MB ( 96%) committed,  10 nodes.
      Class space:        1.00 GB reserved,      12.94 MB (  1%) committed,  1 nodes.
             Both:        1.08 GB reserved,      89.88 MB (  8%) committed. 

Chunk freelists:
   Non-Class:  2.64 MB
       Class:  2.93 MB
        Both:  5.57 MB

MaxMetaspaceSize: unlimited
CompressedClassSpaceSize: 1.00 GB
Initial GC threshold: 21.00 MB
Current GC threshold: 122.00 MB
CDS: off
MetaspaceReclaimPolicy: balanced
 - commit_granule_bytes: 65536.
 - commit_granule_words: 8192.
 - virtual_space_node_default_size: 1048576.
 - enlarge_chunks_in_place: 1.
 - new_chunks_are_fully_committed: 0.
 - uncommit_free_chunks: 1.
 - use_allocation_guard: 0.
 - handle_deallocations: 1.


Internal statistics:

num_allocs_failed_limit: 6.
num_arena_births: 928.
num_arena_deaths: 98.
num_vsnodes_births: 11.
num_vsnodes_deaths: 0.
num_space_committed: 1438.
num_space_uncommitted: 0.
num_chunks_returned_to_freelist: 122.
num_chunks_taken_from_freelist: 3947.
num_chunk_merges: 37.
num_chunk_splits: 2814.
num_chunks_enlarged: 2187.
num_purges: 6.
num_inconsistent_stats: 0.

CodeCache: size=49152Kb used=13768Kb max_used=14090Kb free=35383Kb
 bounds [0x000002d06c5e0000, 0x000002d06d3d0000, 0x000002d06f5e0000]
 total_blobs=8614 nmethods=7910 adapters=631
 compilation: enabled
              stopped_count=0, restarted_count=0
 full_count=0

Compilation events (20 events):
Event: 1445.738 Thread 0x000002d076c39e40 nmethod 7922 0x000002d06d3a9790 code [0x000002d06d3a9920, 0x000002d06d3a99f8]
Event: 1486.312 Thread 0x000002d076c39e40 7923   !   1       org.springframework.context.event.SimpleApplicationEventMulticaster::invokeListener (38 bytes)
Event: 1486.314 Thread 0x000002d076c39e40 nmethod 7923 0x000002d06d3a9310 code [0x000002d06d3a94e0, 0x000002d06d3a9688]
Event: 1486.314 Thread 0x000002d076c39e40 7924   !   1       org.springframework.context.event.SimpleApplicationEventMulticaster::doInvokeListener (121 bytes)
Event: 1486.317 Thread 0x000002d076c39e40 nmethod 7924 0x000002d06d3a8910 code [0x000002d06d3a8b20, 0x000002d06d3a8fd8]
Event: 1486.775 Thread 0x000002d076c39e40 7925       1       org.apache.hc.core5.http.message.HeaderGroup::headerIterator (13 bytes)
Event: 1486.775 Thread 0x000002d076c39e40 nmethod 7925 0x000002d06d3a8590 code [0x000002d06d3a8720, 0x000002d06d3a8868]
Event: 1486.775 Thread 0x000002d076c39e40 7929       1       org.springframework.http.ReadOnlyHttpHeaders$$Lambda$1696/0x0000000100c30230::accept (16 bytes)
Event: 1486.776 Thread 0x000002d076c39e40 nmethod 7929 0x000002d06d3a8110 code [0x000002d06d3a82c0, 0x000002d06d3a8458]
Event: 1486.776 Thread 0x000002d076c39e40 7930       1       org.springframework.http.ReadOnlyHttpHeaders::lambda$forEach$0 (12 bytes)
Event: 1486.776 Thread 0x000002d076c39e40 nmethod 7930 0x000002d06d3a7d90 code [0x000002d06d3a7f40, 0x000002d06d3a8038]
Event: 1486.776 Thread 0x000002d076c39e40 7926       1       org.apache.hc.core5.util.Deadline::calculate (35 bytes)
Event: 1486.777 Thread 0x000002d076c39e40 nmethod 7926 0x000002d06d3a7710 code [0x000002d06d3a78e0, 0x000002d06d3a7be8]
Event: 1486.777 Thread 0x000002d076c39e40 7927       1       org.apache.hc.core5.http.HttpHost::hashCode (32 bytes)
Event: 1486.780 Thread 0x000002d076c39e40 nmethod 7927 0x000002d06d3a7210 code [0x000002d06d3a73c0, 0x000002d06d3a75c8]
Event: 1486.780 Thread 0x000002d076c39e40 7928       1       org.apache.hc.core5.net.Host::hashCode (23 bytes)
Event: 1486.780 Thread 0x000002d076c39e40 nmethod 7928 0x000002d06d3a6e90 code [0x000002d06d3a7020, 0x000002d06d3a7148]
Event: 1486.780 Thread 0x000002d076c39e40 7931       1       org.apache.hc.client5.http.impl.classic.CloseableHttpResponse::getEntity (10 bytes)
Event: 1486.780 Thread 0x000002d076c39e40 nmethod 7931 0x000002d06d3a6b90 code [0x000002d06d3a6d20, 0x000002d06d3a6e08]
Event: 1516.326 Thread 0x000002d076c39e40 7932   !   1       java.util.concurrent.SynchronousQueue$TransferStack::transfer (541 bytes)

GC Heap History (20 events):
Event: 40.380 GC heap before
{Heap before GC invocations=30 (full 0):
 garbage-first heap   total 60416K, used 48121K [0x0000000084c00000, 0x0000000100000000)
  region size 1024K, 17 young (17408K), 2 survivors (2048K)
 Metaspace       used 69187K, committed 69760K, reserved 1114112K
  class space    used 9467K, committed 9728K, reserved 1048576K
}
Event: 40.386 GC heap after
{Heap after GC invocations=31 (full 0):
 garbage-first heap   total 60416K, used 33978K [0x0000000084c00000, 0x0000000100000000)
  region size 1024K, 3 young (3072K), 3 survivors (3072K)
 Metaspace       used 69187K, committed 69760K, reserved 1114112K
  class space    used 9467K, committed 9728K, reserved 1048576K
}
Event: 41.487 GC heap before
{Heap before GC invocations=31 (full 0):
 garbage-first heap   total 60416K, used 47290K [0x0000000084c00000, 0x0000000100000000)
  region size 1024K, 17 young (17408K), 3 survivors (3072K)
 Metaspace       used 72189K, committed 72704K, reserved 1114112K
  class space    used 9913K, committed 10176K, reserved 1048576K
}
Event: 41.494 GC heap after
{Heap after GC invocations=32 (full 0):
 garbage-first heap   total 60416K, used 35367K [0x0000000084c00000, 0x0000000100000000)
  region size 1024K, 3 young (3072K), 3 survivors (3072K)
 Metaspace       used 72189K, committed 72704K, reserved 1114112K
  class space    used 9913K, committed 10176K, reserved 1048576K
}
Event: 41.896 GC heap before
{Heap before GC invocations=33 (full 0):
 garbage-first heap   total 61440K, used 48679K [0x0000000084c00000, 0x0000000100000000)
  region size 1024K, 16 young (16384K), 3 survivors (3072K)
 Metaspace       used 72749K, committed 73216K, reserved 1114112K
  class space    used 10081K, committed 10304K, reserved 1048576K
}
Event: 41.902 GC heap after
{Heap after GC invocations=34 (full 0):
 garbage-first heap   total 61440K, used 36048K [0x0000000084c00000, 0x0000000100000000)
  region size 1024K, 1 young (1024K), 1 survivors (1024K)
 Metaspace       used 72749K, committed 73216K, reserved 1114112K
  class space    used 10081K, committed 10304K, reserved 1048576K
}
Event: 41.969 GC heap before
{Heap before GC invocations=34 (full 0):
 garbage-first heap   total 61440K, used 37072K [0x0000000084c00000, 0x0000000100000000)
  region size 1024K, 3 young (3072K), 1 survivors (1024K)
 Metaspace       used 73049K, committed 73600K, reserved 1114112K
  class space    used 10104K, committed 10368K, reserved 1048576K
}
Event: 41.973 GC heap after
{Heap after GC invocations=35 (full 0):
 garbage-first heap   total 61440K, used 35114K [0x0000000084c00000, 0x0000000100000000)
  region size 1024K, 1 young (1024K), 1 survivors (1024K)
 Metaspace       used 73049K, committed 73600K, reserved 1114112K
  class space    used 10104K, committed 10368K, reserved 1048576K
}
Event: 42.657 GC heap before
{Heap before GC invocations=35 (full 0):
 garbage-first heap   total 61440K, used 48426K [0x0000000084c00000, 0x0000000100000000)
  region size 1024K, 15 young (15360K), 1 survivors (1024K)
 Metaspace       used 74448K, committed 74944K, reserved 1114112K
  class space    used 10455K, committed 10688K, reserved 1048576K
}
Event: 42.660 GC heap after
{Heap after GC invocations=36 (full 0):
 garbage-first heap   total 61440K, used 36116K [0x0000000084c00000, 0x0000000100000000)
  region size 1024K, 2 young (2048K), 2 survivors (2048K)
 Metaspace       used 74448K, committed 74944K, reserved 1114112K
  class space    used 10455K, committed 10688K, reserved 1048576K
}
Event: 42.990 GC heap before
{Heap before GC invocations=37 (full 0):
 garbage-first heap   total 71680K, used 49428K [0x0000000084c00000, 0x0000000100000000)
  region size 1024K, 15 young (15360K), 2 survivors (2048K)
 Metaspace       used 74450K, committed 74944K, reserved 1114112K
  class space    used 10455K, committed 10688K, reserved 1048576K
}
Event: 42.992 GC heap after
{Heap after GC invocations=38 (full 0):
 garbage-first heap   total 71680K, used 36384K [0x0000000084c00000, 0x0000000100000000)
  region size 1024K, 1 young (1024K), 1 survivors (1024K)
 Metaspace       used 74450K, committed 74944K, reserved 1114112K
  class space    used 10455K, committed 10688K, reserved 1048576K
}
Event: 43.002 GC heap before
{Heap before GC invocations=38 (full 0):
 garbage-first heap   total 71680K, used 38432K [0x0000000084c00000, 0x0000000100000000)
  region size 1024K, 3 young (3072K), 1 survivors (1024K)
 Metaspace       used 74452K, committed 74944K, reserved 1114112K
  class space    used 10455K, committed 10688K, reserved 1048576K
}
Event: 43.004 GC heap after
{Heap after GC invocations=39 (full 0):
 garbage-first heap   total 71680K, used 36441K [0x0000000084c00000, 0x0000000100000000)
  region size 1024K, 1 young (1024K), 1 survivors (1024K)
 Metaspace       used 74452K, committed 74944K, reserved 1114112K
  class space    used 10455K, committed 10688K, reserved 1048576K
}
Event: 45.208 GC heap before
{Heap before GC invocations=39 (full 0):
 garbage-first heap   total 71680K, used 57945K [0x0000000084c00000, 0x0000000100000000)
  region size 1024K, 22 young (22528K), 1 survivors (1024K)
 Metaspace       used 78188K, committed 78720K, reserved 1122304K
  class space    used 10983K, committed 11200K, reserved 1048576K
}
Event: 45.212 GC heap after
{Heap after GC invocations=40 (full 0):
 garbage-first heap   total 126976K, used 37664K [0x0000000084c00000, 0x0000000100000000)
  region size 1024K, 2 young (2048K), 2 survivors (2048K)
 Metaspace       used 78188K, committed 78720K, reserved 1122304K
  class space    used 10983K, committed 11200K, reserved 1048576K
}
Event: 71.611 GC heap before
{Heap before GC invocations=40 (full 0):
 garbage-first heap   total 126976K, used 100128K [0x0000000084c00000, 0x0000000100000000)
  region size 1024K, 63 young (64512K), 2 survivors (2048K)
 Metaspace       used 83912K, committed 84480K, reserved 1122304K
  class space    used 11879K, committed 12160K, reserved 1048576K
}
Event: 71.628 GC heap after
{Heap after GC invocations=41 (full 0):
 garbage-first heap   total 126976K, used 44078K [0x0000000084c00000, 0x0000000100000000)
  region size 1024K, 8 young (8192K), 8 survivors (8192K)
 Metaspace       used 83912K, committed 84480K, reserved 1122304K
  class space    used 11879K, committed 12160K, reserved 1048576K
}
Event: 368.213 GC heap before
{Heap before GC invocations=41 (full 0):
 garbage-first heap   total 126976K, used 94254K [0x0000000084c00000, 0x0000000100000000)
  region size 1024K, 58 young (59392K), 8 survivors (8192K)
 Metaspace       used 91159K, committed 91712K, reserved 1130496K
  class space    used 12899K, committed 13184K, reserved 1048576K
}
Event: 368.310 GC heap after
{Heap after GC invocations=42 (full 0):
 garbage-first heap   total 126976K, used 47012K [0x0000000084c00000, 0x0000000100000000)
  region size 1024K, 3 young (3072K), 3 survivors (3072K)
 Metaspace       used 91159K, committed 91712K, reserved 1130496K
  class space    used 12899K, committed 13184K, reserved 1048576K
}

Dll operation events (9 events):
Event: 0.204 Loaded shared library C:\Users\Sangita\Downloads\spring-tool-suite-4-4.18.0.RELEASE-e4.27.0-win32.win32.x86_64.self-extracting\sts-4.18.0.RELEASE\plugins\org.eclipse.justj.openjdk.hotspot.jre.full.win32.x86_64_17.0.6.v20230204-1729\jre\bin\java.dll
Event: 1.215 Loaded shared library C:\Users\Sangita\Downloads\spring-tool-suite-4-4.18.0.RELEASE-e4.27.0-win32.win32.x86_64.self-extracting\sts-4.18.0.RELEASE\plugins\org.eclipse.justj.openjdk.hotspot.jre.full.win32.x86_64_17.0.6.v20230204-1729\jre\bin\jimage.dll
Event: 1.291 Loaded shared library C:\Users\Sangita\Downloads\spring-tool-suite-4-4.18.0.RELEASE-e4.27.0-win32.win32.x86_64.self-extracting\sts-4.18.0.RELEASE\plugins\org.eclipse.justj.openjdk.hotspot.jre.full.win32.x86_64_17.0.6.v20230204-1729\jre\bin\net.dll
Event: 1.296 Loaded shared library C:\Users\Sangita\Downloads\spring-tool-suite-4-4.18.0.RELEASE-e4.27.0-win32.win32.x86_64.self-extracting\sts-4.18.0.RELEASE\plugins\org.eclipse.justj.openjdk.hotspot.jre.full.win32.x86_64_17.0.6.v20230204-1729\jre\bin\nio.dll
Event: 1.305 Loaded shared library C:\Users\Sangita\Downloads\spring-tool-suite-4-4.18.0.RELEASE-e4.27.0-win32.win32.x86_64.self-extracting\sts-4.18.0.RELEASE\plugins\org.eclipse.justj.openjdk.hotspot.jre.full.win32.x86_64_17.0.6.v20230204-1729\jre\bin\zip.dll
Event: 2.460 Loaded shared library C:\Users\Sangita\Downloads\spring-tool-suite-4-4.18.0.RELEASE-e4.27.0-win32.win32.x86_64.self-extracting\sts-4.18.0.RELEASE\plugins\org.eclipse.justj.openjdk.hotspot.jre.full.win32.x86_64_17.0.6.v20230204-1729\jre\bin\management.dll
Event: 2.746 Loaded shared library C:\Users\Sangita\Downloads\spring-tool-suite-4-4.18.0.RELEASE-e4.27.0-win32.win32.x86_64.self-extracting\sts-4.18.0.RELEASE\plugins\org.eclipse.justj.openjdk.hotspot.jre.full.win32.x86_64_17.0.6.v20230204-1729\jre\bin\management_ext.
Event: 11.870 Loaded shared library C:\Users\Sangita\Downloads\spring-tool-suite-4-4.18.0.RELEASE-e4.27.0-win32.win32.x86_64.self-extracting\sts-4.18.0.RELEASE\plugins\org.eclipse.justj.openjdk.hotspot.jre.full.win32.x86_64_17.0.6.v20230204-1729\jre\bin\sunmscapi.dll
Event: 33.651 Loaded shared library C:\Users\Sangita\Downloads\spring-tool-suite-4-4.18.0.RELEASE-e4.27.0-win32.win32.x86_64.self-extracting\sts-4.18.0.RELEASE\plugins\org.eclipse.justj.openjdk.hotspot.jre.full.win32.x86_64_17.0.6.v20230204-1729\jre\bin\verify.dll

Deoptimization events (16 events):
Event: 9.623 Thread 0x000002d0788085b0 DEOPT PACKING pc=0x000002d06cabe099 sp=0x000000f1f4afc850
Event: 9.623 Thread 0x000002d0788085b0 DEOPT UNPACKING pc=0x000002d06c63ace3 sp=0x000000f1f4afbd30 mode 3
Event: 10.559 Thread 0x000002d0788085b0 DEOPT PACKING pc=0x000002d06cbc21d5 sp=0x000000f1f4afce60
Event: 10.559 Thread 0x000002d0788085b0 DEOPT UNPACKING pc=0x000002d06c63ace3 sp=0x000000f1f4afc308 mode 3
Event: 25.347 Thread 0x000002d0788085b0 DEOPT PACKING pc=0x000002d06cb036fd sp=0x000000f1f4afbd60
Event: 25.347 Thread 0x000002d0788085b0 DEOPT UNPACKING pc=0x000002d06c63ace3 sp=0x000000f1f4afb2c8 mode 3
Event: 40.434 Thread 0x000002d0788085b0 DEOPT PACKING pc=0x000002d06cb9f1c2 sp=0x000000f1f4afb5c0
Event: 40.434 Thread 0x000002d0788085b0 DEOPT UNPACKING pc=0x000002d06c63ace3 sp=0x000000f1f4afaac8 mode 3
Event: 40.438 Thread 0x000002d0788085b0 DEOPT PACKING pc=0x000002d06cb8c7b5 sp=0x000000f1f4afb580
Event: 40.438 Thread 0x000002d0788085b0 DEOPT UNPACKING pc=0x000002d06c63ace3 sp=0x000000f1f4afaac8 mode 3
Event: 40.944 Thread 0x000002d0788085b0 DEOPT PACKING pc=0x000002d06caca314 sp=0x000000f1f4afba60
Event: 40.944 Thread 0x000002d0788085b0 DEOPT UNPACKING pc=0x000002d06c63ace3 sp=0x000000f1f4afafb8 mode 0
Event: 43.991 Thread 0x000002d0788085b0 DEOPT PACKING pc=0x000002d06cdf1a19 sp=0x000000f1f4afa380
Event: 43.991 Thread 0x000002d0788085b0 DEOPT UNPACKING pc=0x000002d06c63ace3 sp=0x000000f1f4af9860 mode 3
Event: 75.415 Thread 0x000002d0788085b0 DEOPT PACKING pc=0x000002d06d08d914 sp=0x000000f1f4afc9c0
Event: 75.415 Thread 0x000002d0788085b0 DEOPT UNPACKING pc=0x000002d06c63ace3 sp=0x000000f1f4afbe68 mode 0

Classes unloaded (20 events):
Event: 36.571 Thread 0x000002d07622e260 Unloading class 0x0000000100140000 'java/lang/invoke/LambdaForm$DMH+0x0000000100140000'
Event: 36.571 Thread 0x000002d07622e260 Unloading class 0x00000001000c6c00 'jdk/internal/reflect/GeneratedConstructorAccessor1'
Event: 39.170 Thread 0x000002d07622e260 Unloading class 0x00000001003b8400 'java/lang/invoke/LambdaForm$DMH+0x00000001003b8400'
Event: 41.554 Thread 0x000002d07622e260 Unloading class 0x00000001004ca400 'java/lang/invoke/LambdaForm$MH+0x00000001004ca400'
Event: 41.554 Thread 0x000002d07622e260 Unloading class 0x00000001004ca000 'java/lang/invoke/LambdaForm$MH+0x00000001004ca000'
Event: 41.554 Thread 0x000002d07622e260 Unloading class 0x00000001004c5400 'java/lang/invoke/LambdaForm$DMH+0x00000001004c5400'
Event: 41.554 Thread 0x000002d07622e260 Unloading class 0x00000001004c4c00 'java/lang/invoke/LambdaForm$DMH+0x00000001004c4c00'
Event: 41.554 Thread 0x000002d07622e260 Unloading class 0x00000001004c4400 'java/lang/invoke/LambdaForm$DMH+0x00000001004c4400'
Event: 41.554 Thread 0x000002d07622e260 Unloading class 0x00000001004c3400 'java/lang/invoke/LambdaForm$MH+0x00000001004c3400'
Event: 41.554 Thread 0x000002d07622e260 Unloading class 0x00000001004c2000 'java/lang/invoke/LambdaForm$MH+0x00000001004c2000'
Event: 41.554 Thread 0x000002d07622e260 Unloading class 0x00000001004c1c00 'java/lang/invoke/LambdaForm$MH+0x00000001004c1c00'
Event: 41.554 Thread 0x000002d07622e260 Unloading class 0x00000001004c1800 'java/lang/invoke/LambdaForm$MH+0x00000001004c1800'
Event: 41.554 Thread 0x000002d07622e260 Unloading class 0x00000001004c1400 'java/lang/invoke/LambdaForm$MH+0x00000001004c1400'
Event: 41.554 Thread 0x000002d07622e260 Unloading class 0x00000001004c0000 'java/lang/invoke/LambdaForm$DMH+0x00000001004c0000'
Event: 41.554 Thread 0x000002d07622e260 Unloading class 0x00000001003f0000 'jdk/internal/reflect/GeneratedConstructorAccessor11'
Event: 41.554 Thread 0x000002d07622e260 Unloading class 0x00000001003e6000 'jdk/internal/reflect/GeneratedConstructorAccessor10'
Event: 41.554 Thread 0x000002d07622e260 Unloading class 0x00000001003e5c00 'jdk/internal/reflect/GeneratedConstructorAccessor9'
Event: 41.554 Thread 0x000002d07622e260 Unloading class 0x00000001003e5800 'jdk/internal/reflect/GeneratedConstructorAccessor8'
Event: 41.554 Thread 0x000002d07622e260 Unloading class 0x00000001003d9000 'jdk/internal/reflect/GeneratedConstructorAccessor7'
Event: 41.554 Thread 0x000002d07622e260 Unloading class 0x0000000100152400 'java/lang/invoke/LambdaForm$MH+0x0000000100152400'

Classes redefined (0 events):
No events

Internal exceptions (20 events):
Event: 40.351 Thread 0x000002d0788085b0 Exception <a 'java/lang/IncompatibleClassChangeError'{0x0000000087864030}: Found class java.lang.Object, but interface was expected> (0x0000000087864030) 
thrown [s\src\hotspot\share\interpreter\linkResolver.cpp, line 826]
Event: 40.471 Thread 0x000002d0788085b0 Exception <a 'java/lang/IncompatibleClassChangeError'{0x000000008c7faea0}: Found class java.lang.Object, but interface was expected> (0x000000008c7faea0) 
thrown [s\src\hotspot\share\interpreter\linkResolver.cpp, line 826]
Event: 41.056 Thread 0x000002d0788085b0 Exception <a 'java/lang/IncompatibleClassChangeError'{0x0000000087fb6c38}: Found class java.lang.Object, but interface was expected> (0x0000000087fb6c38) 
thrown [s\src\hotspot\share\interpreter\linkResolver.cpp, line 826]
Event: 42.048 Thread 0x000002d0788085b0 Exception <a 'java/lang/reflect/InvocationTargetException'{0x000000008c781100}> (0x000000008c781100) 
thrown [s\src\hotspot\share\runtime\reflection.cpp, line 1121]
Event: 43.367 Thread 0x000002d0788085b0 Exception <a 'java/lang/reflect/InvocationTargetException'{0x0000000088a46728}> (0x0000000088a46728) 
thrown [s\src\hotspot\share\runtime\reflection.cpp, line 1121]
Event: 43.382 Thread 0x000002d0788085b0 Exception <a 'java/lang/NoSuchMethodError'{0x0000000088aa2ce0}: 'int java.lang.invoke.DirectMethodHandle$Holder.invokeStatic(java.lang.Object, java.lang.Object, int)'> (0x0000000088aa2ce0) 
thrown [s\src\hotspot\share\interpreter\linkResolver.cpp, line 759]
Event: 43.414 Thread 0x000002d0788085b0 Exception <a 'java/lang/IncompatibleClassChangeError'{0x0000000088ae8b10}: Found class java.lang.Object, but interface was expected> (0x0000000088ae8b10) 
thrown [s\src\hotspot\share\interpreter\linkResolver.cpp, line 826]
Event: 43.431 Thread 0x000002d0788085b0 Exception <a 'java/lang/NoSuchMethodError'{0x0000000088965a00}: 'java.lang.Object java.lang.invoke.DirectMethodHandle$Holder.invokeStatic(java.lang.Object, int, java.lang.Object)'> (0x0000000088965a00) 
thrown [s\src\hotspot\share\interpreter\linkResolver.cpp, line 759]
Event: 46.370 Thread 0x000002d0788085b0 Exception <a 'sun/nio/fs/WindowsException'{0x000000008c0dac40}> (0x000000008c0dac40) 
thrown [s\src\hotspot\share\prims\jni.cpp, line 516]
Event: 47.514 Thread 0x000002d0788085b0 Exception <a 'java/lang/IncompatibleClassChangeError'{0x000000008bcd0cb8}: Found class java.lang.Object, but interface was expected> (0x000000008bcd0cb8) 
thrown [s\src\hotspot\share\interpreter\linkResolver.cpp, line 826]
Event: 49.992 Thread 0x000002d0788085b0 Exception <a 'java/lang/NoSuchMethodError'{0x000000008b6e3670}: 'void java.lang.invoke.DirectMethodHandle$Holder.invokeVirtual(java.lang.Object, java.lang.Object, long)'> (0x000000008b6e3670) 
thrown [s\src\hotspot\share\interpreter\linkResolver.cpp, line 759]
Event: 51.240 Thread 0x000002d0788085b0 Exception <a 'java/lang/IncompatibleClassChangeError'{0x000000008b0f1150}: Found class java.lang.Object, but interface was expected> (0x000000008b0f1150) 
thrown [s\src\hotspot\share\interpreter\linkResolver.cpp, line 826]
Event: 67.259 Thread 0x000002d0788085b0 Exception <a 'java/lang/NoSuchMethodError'{0x000000008994fe70}: 'java.lang.Object java.lang.invoke.DirectMethodHandle$Holder.newInvokeSpecial(java.lang.Object, java.lang.Object, int, java.lang.Object, java.lang.Object)'> (0x000000008994fe70) 
thrown [s\src\hotspot\share\interpreter\linkResolver.cpp, line 759]
Event: 67.261 Thread 0x000002d0788085b0 Exception <a 'java/lang/NoSuchMethodError'{0x000000008995b4e8}: 'java.lang.Object java.lang.invoke.DirectMethodHandle$Holder.invokeSpecial(java.lang.Object, java.lang.Object, int, java.lang.Object, int, java.lang.Object)'> (0x000000008995b4e8) 
thrown [s\src\hotspot\share\interpreter\linkResolver.cpp, line 759]
Event: 67.262 Thread 0x000002d0788085b0 Exception <a 'java/lang/NoSuchMethodError'{0x0000000089963598}: 'java.lang.Object java.lang.invoke.DirectMethodHandle$Holder.newInvokeSpecial(java.lang.Object, java.lang.Object, int, java.lang.Object, int)'> (0x0000000089963598) 
thrown [s\src\hotspot\share\interpreter\linkResolver.cpp, line 759]
Event: 67.263 Thread 0x000002d0788085b0 Exception <a 'java/lang/NoSuchMethodError'{0x0000000089967698}: 'java.lang.Object java.lang.invoke.DirectMethodHandle$Holder.invokeSpecial(java.lang.Object, java.lang.Object, java.lang.Object, int, java.lang.Object, int)'> (0x0000000089967698) 
thrown [s\src\hotspot\share\interpreter\linkResolver.cpp, line 759]
Event: 79.786 Thread 0x000002d07767a5d0 Exception <a 'java/lang/NoSuchMethodError'{0x000000008b44d1e8}: static [B.<clinit>()V> (0x000000008b44d1e8) 
thrown [s\src\hotspot\share\prims\jni.cpp, line 1107]
Event: 189.601 Thread 0x000002d07880b5d0 Exception <a 'java/lang/NoSuchMethodError'{0x000000008aca7780}: 'java.lang.Object java.lang.invoke.DirectMethodHandle$Holder.invokeSpecial(java.lang.Object, java.lang.Object, java.lang.Object, java.lang.Object, java.lang.Object, long)'> (0x000000008aca7780) 
thrown [s\src\hotspot\share\interpreter\linkResolver.cpp, line 759]
Event: 189.602 Thread 0x000002d07880b5d0 Exception <a 'java/lang/NoSuchMethodError'{0x000000008acab200}: 'java.lang.Object java.lang.invoke.Invokers$Holder.linkToTargetMethod(java.lang.Object, java.lang.Object, java.lang.Object, long, java.lang.Object)'> (0x000000008acab200) 
thrown [s\src\hotspot\share\interpreter\linkResolver.cpp, line 759]
Event: 191.803 Thread 0x000002d07880b5d0 Exception <a 'java/lang/NoSuchMethodError'{0x000000008a254f40}: 'void java.lang.invoke.DirectMethodHandle$Holder.invokeSpecialIFC(java.lang.Object, java.lang.Object, int, java.lang.Object, java.lang.Object, java.lang.Object, java.lang.Object)'> (0x000000008a254f40) 
thrown [s\src\hotspot\share\interpreter\linkResolver.cpp, line 759]

VM Operations (20 events):
Event: 856.294 Executing VM operation: Cleanup
Event: 856.294 Executing VM operation: Cleanup done
Event: 916.897 Executing VM operation: Cleanup
Event: 916.897 Executing VM operation: Cleanup done
Event: 976.441 Executing VM operation: Cleanup
Event: 976.442 Executing VM operation: Cleanup done
Event: 980.482 Executing VM operation: Cleanup
Event: 980.482 Executing VM operation: Cleanup done
Event: 981.497 Executing VM operation: Cleanup
Event: 981.497 Executing VM operation: Cleanup done
Event: 1067.321 Executing VM operation: Cleanup
Event: 1067.322 Executing VM operation: Cleanup done
Event: 1157.095 Executing VM operation: Cleanup
Event: 1157.095 Executing VM operation: Cleanup done
Event: 1307.042 Executing VM operation: Cleanup
Event: 1307.042 Executing VM operation: Cleanup done
Event: 1366.618 Executing VM operation: Cleanup
Event: 1366.618 Executing VM operation: Cleanup done
Event: 1396.948 Executing VM operation: Cleanup
Event: 1396.948 Executing VM operation: Cleanup done

Events (20 events):
Event: 192.685 loading class java/util/stream/DoubleStream done
Event: 195.425 Thread 0x000002d07bed90c0 Thread added: 0x000002d07bed90c0
Event: 195.425 Thread 0x000002d07be03040 Thread added: 0x000002d07be03040
Event: 200.491 Thread 0x000002d07bed90c0 Thread exited: 0x000002d07bed90c0
Event: 200.491 Thread 0x000002d07be03040 Thread exited: 0x000002d07be03040
Event: 255.506 Thread 0x000002d07b1e7380 Thread added: 0x000002d07b1e7380
Event: 256.533 Thread 0x000002d07b1e7380 Thread exited: 0x000002d07b1e7380
Event: 368.212 Thread 0x000002d07b03ea10 Thread added: 0x000002d07b03ea10
Event: 495.724 Thread 0x000002d07db721c0 Thread added: 0x000002d07db721c0
Event: 495.731 Thread 0x000002d07be03040 Thread added: 0x000002d07be03040
Event: 500.858 Thread 0x000002d07be03040 Thread exited: 0x000002d07be03040
Event: 505.872 Thread 0x000002d07db721c0 Thread exited: 0x000002d07db721c0
Event: 584.328 loading class java/util/zip/DeflaterOutputStream
Event: 584.330 loading class java/util/zip/DeflaterOutputStream done
Event: 584.332 loading class java/util/zip/GZIPOutputStream
Event: 584.333 loading class java/util/zip/GZIPOutputStream done
Event: 600.386 Thread 0x000002d07db78f50 Thread added: 0x000002d07db78f50
Event: 605.423 Thread 0x000002d07db78f50 Thread exited: 0x000002d07db78f50
Event: 980.809 Thread 0x000002d07b57a400 Thread added: 0x000002d07b57a400
Event: 985.827 Thread 0x000002d07b57a400 Thread exited: 0x000002d07b57a400


Dynamic libraries:
0x00007ff66e580000 - 0x00007ff66e58e000 	C:\Users\Sangita\Downloads\spring-tool-suite-4-4.18.0.RELEASE-e4.27.0-win32.win32.x86_64.self-extracting\sts-4.18.0.RELEASE\plugins\org.eclipse.justj.openjdk.hotspot.jre.full.win32.x86_64_17.0.6.v20230204-1729\jre\bin\javaw.exe
0x00007ffd55530000 - 0x00007ffd55747000 	C:\WINDOWS\SYSTEM32\ntdll.dll
0x00007ffd53d80000 - 0x00007ffd53e44000 	C:\WINDOWS\System32\KERNEL32.DLL
0x00007ffd52870000 - 0x00007ffd52c27000 	C:\WINDOWS\System32\KERNELBASE.dll
0x00007ffd52f50000 - 0x00007ffd53061000 	C:\WINDOWS\System32\ucrtbase.dll
0x00007ffd4a580000 - 0x00007ffd4a597000 	C:\Users\Sangita\Downloads\spring-tool-suite-4-4.18.0.RELEASE-e4.27.0-win32.win32.x86_64.self-extracting\sts-4.18.0.RELEASE\plugins\org.eclipse.justj.openjdk.hotspot.jre.full.win32.x86_64_17.0.6.v20230204-1729\jre\bin\jli.dll
0x00007ffd55340000 - 0x00007ffd554ef000 	C:\WINDOWS\System32\USER32.dll
0x00007ffd52840000 - 0x00007ffd52866000 	C:\WINDOWS\System32\win32u.dll
0x00007ffd53e50000 - 0x00007ffd53e79000 	C:\WINDOWS\System32\GDI32.dll
0x00007ffd52d90000 - 0x00007ffd52ea8000 	C:\WINDOWS\System32\gdi32full.dll
0x00007ffd52eb0000 - 0x00007ffd52f4a000 	C:\WINDOWS\System32\msvcp_win.dll
0x00007ffd1c580000 - 0x00007ffd1c599000 	C:\Users\Sangita\Downloads\spring-tool-suite-4-4.18.0.RELEASE-e4.27.0-win32.win32.x86_64.self-extracting\sts-4.18.0.RELEASE\plugins\org.eclipse.justj.openjdk.hotspot.jre.full.win32.x86_64_17.0.6.v20230204-1729\jre\bin\VCRUNTIME140.dll
0x00007ffd2a7d0000 - 0x00007ffd2aa63000 	C:\WINDOWS\WinSxS\amd64_microsoft.windows.common-controls_6595b64144ccf1df_6.0.22621.3672_none_2713b9d173822955\COMCTL32.dll
0x00007ffd547a0000 - 0x00007ffd54847000 	C:\WINDOWS\System32\msvcrt.dll
0x00007ffd54300000 - 0x00007ffd54331000 	C:\WINDOWS\System32\IMM32.DLL
0x00007ffd25df0000 - 0x00007ffd25dfc000 	C:\Users\Sangita\Downloads\spring-tool-suite-4-4.18.0.RELEASE-e4.27.0-win32.win32.x86_64.self-extracting\sts-4.18.0.RELEASE\plugins\org.eclipse.justj.openjdk.hotspot.jre.full.win32.x86_64_17.0.6.v20230204-1729\jre\bin\vcruntime140_1.dll
0x00007ffcec030000 - 0x00007ffcec0c1000 	C:\Users\Sangita\Downloads\spring-tool-suite-4-4.18.0.RELEASE-e4.27.0-win32.win32.x86_64.self-extracting\sts-4.18.0.RELEASE\plugins\org.eclipse.justj.openjdk.hotspot.jre.full.win32.x86_64_17.0.6.v20230204-1729\jre\bin\msvcp140.dll
0x00007ffcec8e0000 - 0x00007ffced527000 	C:\Users\Sangita\Downloads\spring-tool-suite-4-4.18.0.RELEASE-e4.27.0-win32.win32.x86_64.self-extracting\sts-4.18.0.RELEASE\plugins\org.eclipse.justj.openjdk.hotspot.jre.full.win32.x86_64_17.0.6.v20230204-1729\jre\bin\server\jvm.dll
0x00007ffd53260000 - 0x00007ffd53312000 	C:\WINDOWS\System32\ADVAPI32.dll
0x00007ffd53460000 - 0x00007ffd53508000 	C:\WINDOWS\System32\sechost.dll
0x00007ffd52ca0000 - 0x00007ffd52cc8000 	C:\WINDOWS\System32\bcrypt.dll
0x00007ffd55110000 - 0x00007ffd55224000 	C:\WINDOWS\System32\RPCRT4.dll
0x00007ffd1a7a0000 - 0x00007ffd1a7a9000 	C:\WINDOWS\SYSTEM32\WSOCK32.dll
0x00007ffd54850000 - 0x00007ffd548c1000 	C:\WINDOWS\System32\WS2_32.dll
0x00007ffd4ad60000 - 0x00007ffd4ad94000 	C:\WINDOWS\SYSTEM32\WINMM.dll
0x00007ffd500d0000 - 0x00007ffd500da000 	C:\WINDOWS\SYSTEM32\VERSION.dll
0x00007ffd51850000 - 0x00007ffd51868000 	C:\WINDOWS\SYSTEM32\kernel.appcore.dll
0x00007ffd4a5e0000 - 0x00007ffd4a5ea000 	C:\Users\Sangita\Downloads\spring-tool-suite-4-4.18.0.RELEASE-e4.27.0-win32.win32.x86_64.self-extracting\sts-4.18.0.RELEASE\plugins\org.eclipse.justj.openjdk.hotspot.jre.full.win32.x86_64_17.0.6.v20230204-1729\jre\bin\jimage.dll
0x00007ffd4fce0000 - 0x00007ffd4ff12000 	C:\WINDOWS\SYSTEM32\DBGHELP.DLL
0x00007ffd548d0000 - 0x00007ffd54c5e000 	C:\WINDOWS\System32\combase.dll
0x00007ffd54ec0000 - 0x00007ffd54f97000 	C:\WINDOWS\System32\OLEAUT32.dll
0x00007ffd17260000 - 0x00007ffd17292000 	C:\WINDOWS\SYSTEM32\dbgcore.DLL
0x00007ffd531e0000 - 0x00007ffd5325b000 	C:\WINDOWS\System32\bcryptPrimitives.dll
0x00007ffd4a5a0000 - 0x00007ffd4a5c5000 	C:\Users\Sangita\Downloads\spring-tool-suite-4-4.18.0.RELEASE-e4.27.0-win32.win32.x86_64.self-extracting\sts-4.18.0.RELEASE\plugins\org.eclipse.justj.openjdk.hotspot.jre.full.win32.x86_64_17.0.6.v20230204-1729\jre\bin\java.dll
0x00007ffd4a560000 - 0x00007ffd4a578000 	C:\Users\Sangita\Downloads\spring-tool-suite-4-4.18.0.RELEASE-e4.27.0-win32.win32.x86_64.self-extracting\sts-4.18.0.RELEASE\plugins\org.eclipse.justj.openjdk.hotspot.jre.full.win32.x86_64_17.0.6.v20230204-1729\jre\bin\zip.dll
0x00007ffd53510000 - 0x00007ffd53d79000 	C:\WINDOWS\System32\SHELL32.dll
0x00007ffd50720000 - 0x00007ffd5101f000 	C:\WINDOWS\SYSTEM32\windows.storage.dll
0x00007ffd505e0000 - 0x00007ffd5071f000 	C:\WINDOWS\SYSTEM32\wintypes.dll
0x00007ffd53320000 - 0x00007ffd53419000 	C:\WINDOWS\System32\SHCORE.dll
0x00007ffd54340000 - 0x00007ffd5439e000 	C:\WINDOWS\System32\shlwapi.dll
0x00007ffd52770000 - 0x00007ffd52797000 	C:\WINDOWS\SYSTEM32\profapi.dll
0x00007ffd4a540000 - 0x00007ffd4a559000 	C:\Users\Sangita\Downloads\spring-tool-suite-4-4.18.0.RELEASE-e4.27.0-win32.win32.x86_64.self-extracting\sts-4.18.0.RELEASE\plugins\org.eclipse.justj.openjdk.hotspot.jre.full.win32.x86_64_17.0.6.v20230204-1729\jre\bin\net.dll
0x00007ffd4b340000 - 0x00007ffd4b476000 	C:\WINDOWS\SYSTEM32\WINHTTP.dll
0x00007ffd51cc0000 - 0x00007ffd51d29000 	C:\WINDOWS\system32\mswsock.dll
0x00007ffd4a520000 - 0x00007ffd4a535000 	C:\Users\Sangita\Downloads\spring-tool-suite-4-4.18.0.RELEASE-e4.27.0-win32.win32.x86_64.self-extracting\sts-4.18.0.RELEASE\plugins\org.eclipse.justj.openjdk.hotspot.jre.full.win32.x86_64_17.0.6.v20230204-1729\jre\bin\nio.dll
0x00007ffd23620000 - 0x00007ffd23629000 	C:\Users\Sangita\Downloads\spring-tool-suite-4-4.18.0.RELEASE-e4.27.0-win32.win32.x86_64.self-extracting\sts-4.18.0.RELEASE\plugins\org.eclipse.justj.openjdk.hotspot.jre.full.win32.x86_64_17.0.6.v20230204-1729\jre\bin\management.dll
0x00007ffd23610000 - 0x00007ffd2361b000 	C:\Users\Sangita\Downloads\spring-tool-suite-4-4.18.0.RELEASE-e4.27.0-win32.win32.x86_64.self-extracting\sts-4.18.0.RELEASE\plugins\org.eclipse.justj.openjdk.hotspot.jre.full.win32.x86_64_17.0.6.v20230204-1729\jre\bin\management_ext.dll
0x00007ffd54eb0000 - 0x00007ffd54eb8000 	C:\WINDOWS\System32\PSAPI.DLL
0x00007ffd10b00000 - 0x00007ffd10b17000 	C:\WINDOWS\system32\napinsp.dll
0x00007ffd120a0000 - 0x00007ffd120bb000 	C:\WINDOWS\system32\pnrpnsp.dll
0x00007ffd512b0000 - 0x00007ffd513b2000 	C:\WINDOWS\SYSTEM32\DNSAPI.dll
0x00007ffd51280000 - 0x00007ffd512ad000 	C:\WINDOWS\SYSTEM32\IPHLPAPI.DLL
0x00007ffd54cb0000 - 0x00007ffd54cb9000 	C:\WINDOWS\System32\NSI.dll
0x00007ffd10460000 - 0x00007ffd10471000 	C:\WINDOWS\System32\winrnr.dll
0x00007ffd47fe0000 - 0x00007ffd47ff5000 	C:\WINDOWS\system32\wshbth.dll
0x00007ffd103a0000 - 0x00007ffd103c7000 	C:\WINDOWS\system32\nlansp_c.dll
0x00007ffd32aa0000 - 0x00007ffd32aaa000 	C:\Windows\System32\rasadhlp.dll
0x00007ffd47eb0000 - 0x00007ffd47f33000 	C:\WINDOWS\System32\fwpuclnt.dll
0x00007ffd51ee0000 - 0x00007ffd51efb000 	C:\WINDOWS\SYSTEM32\CRYPTSP.dll
0x00007ffd517b0000 - 0x00007ffd517e5000 	C:\WINDOWS\system32\rsaenh.dll
0x00007ffd51d80000 - 0x00007ffd51da8000 	C:\WINDOWS\SYSTEM32\USERENV.dll
0x00007ffd51f00000 - 0x00007ffd51f0c000 	C:\WINDOWS\SYSTEM32\CRYPTBASE.dll
0x00007ffd4b760000 - 0x00007ffd4b779000 	C:\WINDOWS\SYSTEM32\dhcpcsvc6.DLL
0x00007ffd4b150000 - 0x00007ffd4b16f000 	C:\WINDOWS\SYSTEM32\dhcpcsvc.DLL
0x00007ffd4a630000 - 0x00007ffd4a63e000 	C:\Users\Sangita\Downloads\spring-tool-suite-4-4.18.0.RELEASE-e4.27.0-win32.win32.x86_64.self-extracting\sts-4.18.0.RELEASE\plugins\org.eclipse.justj.openjdk.hotspot.jre.full.win32.x86_64_17.0.6.v20230204-1729\jre\bin\sunmscapi.dll
0x00007ffd53070000 - 0x00007ffd531d6000 	C:\WINDOWS\System32\CRYPT32.dll
0x00007ffd52110000 - 0x00007ffd5213d000 	C:\WINDOWS\SYSTEM32\ncrypt.dll
0x00007ffd520d0000 - 0x00007ffd52107000 	C:\WINDOWS\SYSTEM32\NTASN1.dll
0x00007ffd2e190000 - 0x00007ffd2e1a0000 	C:\Users\Sangita\Downloads\spring-tool-suite-4-4.18.0.RELEASE-e4.27.0-win32.win32.x86_64.self-extracting\sts-4.18.0.RELEASE\plugins\org.eclipse.justj.openjdk.hotspot.jre.full.win32.x86_64_17.0.6.v20230204-1729\jre\bin\verify.dll
0x00007ffd236d0000 - 0x00007ffd236d8000 	C:\WINDOWS\system32\wshunix.dll

dbghelp: loaded successfully - version: 4.0.5 - missing functions: none
symbol engine: initialized successfully - sym options: 0x614 - pdb path: .;C:\Users\Sangita\Downloads\spring-tool-suite-4-4.18.0.RELEASE-e4.27.0-win32.win32.x86_64.self-extracting\sts-4.18.0.RELEASE\plugins\org.eclipse.justj.openjdk.hotspot.jre.full.win32.x86_64_17.0.6.v20230204-1729\jre\bin;C:\WINDOWS\SYSTEM32;C:\WINDOWS\WinSxS\amd64_microsoft.windows.common-controls_6595b64144ccf1df_6.0.22621.3672_none_2713b9d173822955;C:\Users\Sangita\Downloads\spring-tool-suite-4-4.18.0.RELEASE-e4.27.0-win32.win32.x86_64.self-extracting\sts-4.18.0.RELEASE\plugins\org.eclipse.justj.openjdk.hotspot.jre.full.win32.x86_64_17.0.6.v20230204-1729\jre\bin\server

VM Arguments:
jvm_args: -Dcom.sun.management.jmxremote -Dcom.sun.management.jmxremote.port=51672 -Dcom.sun.management.jmxremote.authenticate=false -Dcom.sun.management.jmxremote.ssl=false -Djava.rmi.server.hostname=localhost -Dspring.jmx.enabled=true -Dmanagement.endpoints.jmx.exposure.include=* -Dspring.application.admin.enabled=true -XX:TieredStopAtLevel=1 -Dspring.boot.project.name=identity-service -Dfile.encoding=UTF-8 -XX:+ShowCodeDetailsInExceptionMessages 
java_command: com.identity.IdentityServiceApplication --spring.output.ansi.enabled=always
java_class_path (initial): C:\Users\Sangita\Institute Management System\identity-service\target\classes;C:\Users\Sangita\.m2\repository\org\springframework\boot\spring-boot-starter-data-jpa\3.3.0\spring-boot-starter-data-jpa-3.3.0.jar;C:\Users\Sangita\.m2\repository\org\springframework\boot\spring-boot-starter-aop\3.3.0\spring-boot-starter-aop-3.3.0.jar;C:\Users\Sangita\.m2\repository\org\aspectj\aspectjweaver\1.9.22\aspectjweaver-1.9.22.jar;C:\Users\Sangita\.m2\repository\org\springframework\boot\spring-boot-starter-jdbc\3.3.0\spring-boot-starter-jdbc-3.3.0.jar;C:\Users\Sangita\.m2\repository\com\zaxxer\HikariCP\5.1.0\HikariCP-5.1.0.jar;C:\Users\Sangita\.m2\repository\org\springframework\spring-jdbc\6.1.8\spring-jdbc-6.1.8.jar;C:\Users\Sangita\.m2\repository\org\hibernate\orm\hibernate-core\6.5.2.Final\hibernate-core-6.5.2.Final.jar;C:\Users\Sangita\.m2\repository\jakarta\persistence\jakarta.persistence-api\3.1.0\jakarta.persistence-api-3.1.0.jar;C:\Users\Sangita\.m2\repository\jakarta\transaction\jakarta.transaction-api\2.0.1\jakarta.transaction-api-2.0.1.jar;C:\Users\Sangita\.m2\repository\org\jboss\logging\jboss-logging\3.5.3.Final\jboss-logging-3.5.3.Final.jar;C:\Users\Sangita\.m2\repository\org\hibernate\common\hibernate-commons-annotations\6.0.6.Final\hibernate-commons-annotations-6.0.6.Final.jar;C:\Users\Sangita\.m2\repository\io\smallrye\jandex\3.1.2\jandex-3.1.2.jar;C:\Users\Sangita\.m2\repository\com\fasterxml\classmate\1.7.0\classmate-1.7.0.jar;C:\Users\Sangita\.m2\repository\net\bytebuddy\byte-buddy\1.14.16\byte-buddy-1.14.16.jar;C:\Users\Sangita\.m2\repository\org\glassfish\jaxb\jaxb-runtime\4.0.5\jaxb-runtime-4.0.5.jar;C:\Users\Sangita\.m2\repository\org\glassfish\jaxb\jaxb-core\4.0.5\jaxb-core-4.0.5.jar;C:\Users\Sangita\.m2\repository\org\eclipse\angus\angus-activation\2.0.2\angus-activation-2.0.2.jar;C:\Users\Sangita\.m2\repository\org\glassfish\jaxb\txw2\4.0.5\txw2-4.0.5.jar;C:\Users\Sangita\.m2\repository\com\sun\istack\istack-commons-runtime\4.
Launcher Type: SUN_STANDARD

[Global flags]
     intx CICompilerCount                          = 3                                         {product} {ergonomic}
     uint ConcGCThreads                            = 1                                         {product} {ergonomic}
     uint G1ConcRefinementThreads                  = 4                                         {product} {ergonomic}
   size_t G1HeapRegionSize                         = 1048576                                   {product} {ergonomic}
    uintx GCDrainStackTargetSize                   = 64                                        {product} {ergonomic}
   size_t InitialHeapSize                          = 130023424                                 {product} {ergonomic}
     bool ManagementServer                         = true                                      {product} {command line}
   size_t MarkStackSize                            = 4194304                                   {product} {ergonomic}
   size_t MaxHeapSize                              = 2067791872                                {product} {ergonomic}
   size_t MaxNewSize                               = 1240465408                                {product} {ergonomic}
   size_t MinHeapDeltaBytes                        = 1048576                                   {product} {ergonomic}
   size_t MinHeapSize                              = 8388608                                   {product} {ergonomic}
    uintx NonProfiledCodeHeapSize                  = 0                                      {pd product} {ergonomic}
     bool ProfileInterpreter                       = false                                  {pd product} {command line}
    uintx ProfiledCodeHeapSize                     = 0                                      {pd product} {ergonomic}
     bool ShowCodeDetailsInExceptionMessages       = true                                   {manageable} {command line}
   size_t SoftMaxHeapSize                          = 2067791872                             {manageable} {ergonomic}
     intx TieredStopAtLevel                        = 1                                         {product} {command line}
     bool UseCompressedClassPointers               = true                           {product lp64_product} {ergonomic}
     bool UseCompressedOops                        = true                           {product lp64_product} {ergonomic}
     bool UseG1GC                                  = true                                      {product} {ergonomic}
     bool UseLargePagesIndividualAllocation        = false                                  {pd product} {ergonomic}

Logging:
Log output configuration:
 #0: stdout all=warning uptime,level,tags
 #1: stderr all=off uptime,level,tags

Environment Variables:
JAVA_HOME=C:\Program Files\Java\jdk-11.0.17
CLASSPATH=C:\mysql-connector-java-8.0.27.jar;
PATH=C:/Users/Sangita/Downloads/spring-tool-suite-4-4.18.0.RELEASE-e4.27.0-win32.win32.x86_64.self-extracting/sts-4.18.0.RELEASE//plugins/org.eclipse.justj.openjdk.hotspot.jre.full.win32.x86_64_17.0.6.v20230204-1729/jre/bin/server;C:/Users/Sangita/Downloads/spring-tool-suite-4-4.18.0.RELEASE-e4.27.0-win32.win32.x86_64.self-extracting/sts-4.18.0.RELEASE//plugins/org.eclipse.justj.openjdk.hotspot.jre.full.win32.x86_64_17.0.6.v20230204-1729/jre/bin;C:\Program Files\Common Files\Oracle\Java\javapath;C:\WINDOWS\system32;C:\WINDOWS;C:\WINDOWS\System32\Wbem;C:\WINDOWS\System32\WindowsPowerShell\v1.0\;C:\WINDOWS\System32\OpenSSH\;C:\MinGW\bin;C:\Program Files\Git\cmd;C:\Program Files\Java\jdk-11.0.17\bin;C:\ProgramData\chocolatey\bin;C:\ProgramData\Microsoft\Windows\Start Menu\Programs\Node.js;;C:\Program Files\nodejs;C:\Program Files\Docker\Docker\resources\bin;C:\Users\Sangita\AppData\Local\Programs\Microsoft VS Code\bin;C:\MinGW\mingw32\bin;C:\mysql-connector-java-8.0.27\mysql-connector-java-8.0.27;C:\Users\Sangita\AppData\Local\GitHubDesktop\bin;C:\Program Files\Java\jdk1.7.0_80\bin;C:\Users\Sangita\AppData\Roaming\npm;C:\Users\Sangita\AppData\Local\gitkraken\bin;C:\ProgramData\Microsoft\Windows\Start Menu\Programs\Node.js;%NVM_HOME%;C:\Program Files\nodejs;C:\Users\Sangita\AppData\Local\Microsoft\WindowsApps;;C:\Users\Sangita\Downloads\spring-tool-suite-4-4.18.0.RELEASE-e4.27.0-win32.win32.x86_64.self-extracting\sts-4.18.0.RELEASE;
USERNAME=Sangita
OS=Windows_NT
PROCESSOR_IDENTIFIER=Intel64 Family 6 Model 126 Stepping 5, GenuineIntel
TMP=C:\Users\Sangita\AppData\Local\Temp
TEMP=C:\Users\Sangita\AppData\Local\Temp



---------------  S Y S T E M  ---------------

OS:
 Windows 11 , 64 bit Build 22621 (10.0.22621.3958)
OS uptime: 3 days 23:05 hours
Hyper-V role detected

CPU: total 4 (initial active 4) (2 cores per cpu, 2 threads per core) family 6 model 126 stepping 5 microcode 0xa0, cx8, cmov, fxsr, ht, mmx, 3dnowpref, sse, sse2, sse3, ssse3, sse4.1, sse4.2, popcnt, lzcnt, tsc, tscinvbit, avx, avx2, aes, erms, clmul, bmi1, bmi2, adx, avx512f, avx512dq, avx512cd, avx512bw, avx512vl, sha, fma, vzeroupper, avx512_vpopcntdq, avx512_vpclmulqdq, avx512_vaes, avx512_vnni, clflush, clflushopt, avx512_vbmi2, avx512_vbmi, hv

Memory: 4k page, system-wide physical 7880M (451M free)
TotalPageFile size 15380M (AvailPageFile size 0M)
current process WorkingSet (physical memory assigned to process): 62M, peak: 298M
current process commit charge ("private bytes"): 333M, peak: 333M

vm_info: OpenJDK 64-Bit Server VM (17.0.6+10) for windows-amd64 JRE (17.0.6+10), built on Jan 18 2023 10:08:59 by "temurin" with MS VC++ 16.7 (VS2019)

END.
