#
# There is insufficient memory for the Java Runtime Environment to continue.
# Native memory allocation (malloc) failed to allocate 2097152 bytes for AllocateHeap
# Possible reasons:
#   The system is out of physical RAM or swap space
#   The process is running with CompressedOops enabled, and the Java Heap may be blocking the growth of the native heap
# Possible solutions:
#   Reduce memory load on the system
#   Increase physical memory or swap space
#   Check if swap backing store is full
#   Decrease Java heap size (-Xmx/-Xms)
#   Decrease number of Java threads
#   Decrease Java thread stack sizes (-Xss)
#   Set larger code cache with -XX:ReservedCodeCacheSize=
#   JVM is running with Unscaled Compressed Oops mode in which the Java heap is
#     placed in the first 4GB address space. The Java Heap base address is the
#     maximum limit for the native heap growth. Please use -XX:HeapBaseMinAddress
#     to set the Java Heap base and to place the Java Heap above 4GB virtual address.
# This output file may be truncated or incomplete.
#
#  Out of Memory Error (allocation.cpp:44), pid=7024, tid=23364
#
# JRE version: OpenJDK Runtime Environment Temurin-17.0.6+10 (17.0.6+10) (build 17.0.6+10)
# Java VM: OpenJDK 64-Bit Server VM Temurin-17.0.6+10 (17.0.6+10, mixed mode, emulated-client, tiered, compressed oops, compressed class ptrs, g1 gc, windows-amd64)
# No core dump will be written. Minidumps are not enabled by default on client versions of Windows
#

---------------  S U M M A R Y ------------

Command Line: -Dcom.sun.management.jmxremote -Dcom.sun.management.jmxremote.port=56321 -Dcom.sun.management.jmxremote.authenticate=false -Dcom.sun.management.jmxremote.ssl=false -Djava.rmi.server.hostname=localhost -Dspring.jmx.enabled=true -Dmanagement.endpoints.jmx.exposure.include=* -Dspring.application.admin.enabled=true -XX:TieredStopAtLevel=1 -Dspring.boot.project.name=identity-service -Dfile.encoding=UTF-8 -XX:+ShowCodeDetailsInExceptionMessages com.identity.IdentityServiceApplication --spring.output.ansi.enabled=always

Host: Intel(R) Core(TM) i3-1005G1 CPU @ 1.20GHz, 4 cores, 7G,  Windows 11 , 64 bit Build 22621 (10.0.22621.3958)
Time: Sun Dec 22 15:28:36 2024 India Standard Time elapsed time: 3751.310069 seconds (0d 1h 2m 31s)

---------------  T H R E A D  ---------------

Current thread (0x0000027933b6e4d0):  VMThread "VM Thread" [stack: 0x000000b535d00000,0x000000b535e00000] [id=23364]

Stack: [0x000000b535d00000,0x000000b535e00000]
Native frames: (J=compiled Java code, j=interpreted, Vv=VM code, C=native code)
V  [jvm.dll+0x67741a]
V  [jvm.dll+0x834434]
V  [jvm.dll+0x835bde]
V  [jvm.dll+0x836243]
V  [jvm.dll+0x2457b5]
V  [jvm.dll+0xa626f]
V  [jvm.dll+0x2f5b61]
V  [jvm.dll+0x2f17e0]
V  [jvm.dll+0x2d9ee7]
V  [jvm.dll+0x31ce67]
V  [jvm.dll+0x83a6eb]
V  [jvm.dll+0x83b424]
V  [jvm.dll+0x83b93c]
V  [jvm.dll+0x83bd14]
V  [jvm.dll+0x83bde0]
V  [jvm.dll+0x7e483a]
V  [jvm.dll+0x6762c5]
C  [ucrtbase.dll+0x29333]
C  [KERNEL32.DLL+0x1257d]
C  [ntdll.dll+0x5af08]

VM_Operation (0x000000b5376ff2b0): G1CollectFull, mode: safepoint, requested by thread 0x000002793b6bb8a0


---------------  P R O C E S S  ---------------

Threads class SMR info:
_java_thread_list=0x000002793b629990, length=21, elements={
0x0000027933b47500, 0x0000027933b48040, 0x00000279344327b0, 0x0000027934433160,
0x0000027934433b10, 0x00000279344399d0, 0x000002793443b350, 0x000002793443bc50,
0x00000279344cda10, 0x0000027934600080, 0x0000027934e8add0, 0x00000279346e8ad0,
0x0000027934f2c390, 0x0000027934f59c50, 0x00000279268891e0, 0x0000027936ce1080,
0x000002793b2a4210, 0x000002793b2a2530, 0x0000027936cde530, 0x0000027936cdeed0,
0x000002793b6bb8a0
}

Java Threads: ( => current thread )
  0x0000027933b47500 JavaThread "Reference Handler" daemon [_thread_blocked, id=18140, stack(0x000000b535e00000,0x000000b535f00000)]
  0x0000027933b48040 JavaThread "Finalizer" daemon [_thread_blocked, id=21348, stack(0x000000b535f00000,0x000000b536000000)]
  0x00000279344327b0 JavaThread "Signal Dispatcher" daemon [_thread_blocked, id=15232, stack(0x000000b536000000,0x000000b536100000)]
  0x0000027934433160 JavaThread "Attach Listener" daemon [_thread_blocked, id=4628, stack(0x000000b536100000,0x000000b536200000)]
  0x0000027934433b10 JavaThread "Service Thread" daemon [_thread_blocked, id=18400, stack(0x000000b536200000,0x000000b536300000)]
  0x00000279344399d0 JavaThread "Monitor Deflation Thread" daemon [_thread_blocked, id=15696, stack(0x000000b536300000,0x000000b536400000)]
  0x000002793443b350 JavaThread "C1 CompilerThread0" daemon [_thread_blocked, id=18480, stack(0x000000b536400000,0x000000b536500000)]
  0x000002793443bc50 JavaThread "Sweeper thread" daemon [_thread_blocked, id=25224, stack(0x000000b536500000,0x000000b536600000)]
  0x00000279344cda10 JavaThread "Common-Cleaner" daemon [_thread_blocked, id=17452, stack(0x000000b536600000,0x000000b536700000)]
  0x0000027934600080 JavaThread "Notification Thread" daemon [_thread_blocked, id=15912, stack(0x000000b536800000,0x000000b536900000)]
  0x0000027934e8add0 JavaThread "RMI TCP Accept-0" daemon [_thread_in_native, id=23284, stack(0x000000b536e00000,0x000000b536f00000)]
  0x00000279346e8ad0 JavaThread "RMI TCP Accept-56321" daemon [_thread_in_native, id=18796, stack(0x000000b536f00000,0x000000b537000000)]
  0x0000027934f2c390 JavaThread "RMI Scheduler(0)" daemon [_thread_blocked, id=9280, stack(0x000000b537100000,0x000000b537200000)]
  0x0000027934f59c50 JavaThread "RMI TCP Accept-0" daemon [_thread_in_native, id=21660, stack(0x000000b537300000,0x000000b537400000)]
  0x00000279268891e0 JavaThread "JMX server connection timeout 20" daemon [_thread_blocked, id=17640, stack(0x000000b537500000,0x000000b537600000)]
  0x0000027936ce1080 JavaThread "mysql-cj-abandoned-connection-cleanup" daemon [_thread_blocked, id=24140, stack(0x000000b538600000,0x000000b538700000)]
  0x000002793b2a4210 JavaThread "DestroyJavaVM" [_thread_blocked, id=8352, stack(0x000000b535700000,0x000000b535800000)]
  0x000002793b2a2530 JavaThread "RMI TCP Connection(idle)" daemon [_thread_blocked, id=15056, stack(0x000000b538e00000,0x000000b538f00000)]
  0x0000027936cde530 JavaThread "Catalina-utility-1" [_thread_blocked, id=21704, stack(0x000000b535500000,0x000000b535600000)]
  0x0000027936cdeed0 JavaThread "Catalina-utility-2" [_thread_blocked, id=9828, stack(0x000000b537700000,0x000000b537800000)]
  0x000002793b6bb8a0 JavaThread "Thread-55" [_thread_blocked, id=11620, stack(0x000000b537600000,0x000000b537700000)]

Other Threads:
=>0x0000027933b6e4d0 VMThread "VM Thread" [stack: 0x000000b535d00000,0x000000b535e00000] [id=23364]
  0x0000027934f598a0 WatcherThread [stack: 0x000000b537400000,0x000000b537500000] [id=14864]
  0x00000279268e0c80 GCTaskThread "GC Thread#0" [stack: 0x000000b535800000,0x000000b535900000] [id=10732]
  0x0000027934e78610 GCTaskThread "GC Thread#1" [stack: 0x000000b536a00000,0x000000b536b00000] [id=17980]
  0x0000027934e83a40 GCTaskThread "GC Thread#2" [stack: 0x000000b536b00000,0x000000b536c00000] [id=16976]
  0x0000027934e83cf0 GCTaskThread "GC Thread#3" [stack: 0x000000b536c00000,0x000000b536d00000] [id=15672]
  0x00000279268f1240 ConcurrentGCThread "G1 Main Marker" [stack: 0x000000b535900000,0x000000b535a00000] [id=3956]
  0x00000279268f2b90 ConcurrentGCThread "G1 Conc#0" [stack: 0x000000b535a00000,0x000000b535b00000] [id=12664]
  0x000002792692e550 ConcurrentGCThread "G1 Refine#0" [stack: 0x000000b535b00000,0x000000b535c00000] [id=25328]
  0x0000027934e8aaf0 ConcurrentGCThread "G1 Refine#1" [stack: 0x000000b536d00000,0x000000b536e00000] [id=22456]
  0x000002793399c8a0 ConcurrentGCThread "G1 Service" [stack: 0x000000b535c00000,0x000000b535d00000] [id=7580]

Threads with active compile tasks:

VM state: at safepoint (normal execution)

VM Mutex/Monitor currently owned by a thread:  ([mutex/lock_event])
[0x000002792465d9a0] Threads_lock - owner thread: 0x0000027933b6e4d0
[0x000002792465d6d0] Heap_lock - owner thread: 0x000002793b6bb8a0

Heap address: 0x0000000084c00000, size: 1972 MB, Compressed Oops mode: 32-bit

CDS archive(s) not mapped
Compressed class space mapped at: 0x0000000100000000-0x0000000140000000, reserved size: 1073741824
Narrow klass base: 0x0000000000000000, Narrow klass shift: 3, Narrow klass range: 0x140000000

GC Precious Log:
 CPUs: 4 total, 4 available
 Memory: 7880M
 Large Page Support: Disabled
 NUMA Support: Disabled
 Compressed Oops: Enabled (32-bit)
 Heap Region Size: 1M
 Heap Min Capacity: 8M
 Heap Initial Capacity: 124M
 Heap Max Capacity: 1972M
 Pre-touch: Disabled
 Parallel Workers: 4
 Concurrent Workers: 1
 Concurrent Refinement Workers: 4
 Periodic GC: Disabled

Heap:
 garbage-first heap   total 122880K, used 70450K [0x0000000084c00000, 0x0000000100000000)
  region size 1024K, 31 young (31744K), 8 survivors (8192K)
 Metaspace       used 94374K, committed 95104K, reserved 1130496K
  class space    used 13222K, committed 13568K, reserved 1048576K

Heap Regions: E=young(eden), S=young(survivor), O=old, HS=humongous(starts), HC=humongous(continues), CS=collection set, F=free, OA=open archive, CA=closed archive, TAMS=top-at-mark-start (previous, next)
|   0|0x0000000084c00000, 0x0000000084d00000, 0x0000000084d00000|100%|HS|  |TAMS 0x0000000084d00000, 0x0000000084c00000| Untracked 
|   1|0x0000000084d00000, 0x0000000084e00000, 0x0000000084e00000|100%|HS|  |TAMS 0x0000000084e00000, 0x0000000084d00000| Untracked 
|   2|0x0000000084e00000, 0x0000000084f00000, 0x0000000084f00000|100%| O|  |TAMS 0x0000000084f00000, 0x0000000084e00000| Untracked 
|   3|0x0000000084f00000, 0x0000000085000000, 0x0000000085000000|100%| O|  |TAMS 0x0000000085000000, 0x0000000084f00000| Untracked 
|   4|0x0000000085000000, 0x00000000850ffff0, 0x0000000085100000| 99%| O|  |TAMS 0x00000000850ffff0, 0x0000000085000000| Untracked 
|   5|0x0000000085100000, 0x0000000085200000, 0x0000000085200000|100%| O|  |TAMS 0x0000000085200000, 0x0000000085100000| Untracked 
|   6|0x0000000085200000, 0x00000000852fffe8, 0x0000000085300000| 99%| O|  |TAMS 0x00000000852fffe8, 0x0000000085200000| Untracked 
|   7|0x0000000085300000, 0x0000000085400000, 0x0000000085400000|100%| O|  |TAMS 0x0000000085400000, 0x0000000085300000| Untracked 
|   8|0x0000000085400000, 0x0000000085500000, 0x0000000085500000|100%| O|  |TAMS 0x0000000085500000, 0x0000000085400000| Untracked 
|   9|0x0000000085500000, 0x00000000855ffff8, 0x0000000085600000| 99%| O|  |TAMS 0x00000000855ffff8, 0x0000000085500000| Untracked 
|  10|0x0000000085600000, 0x00000000856ffff0, 0x0000000085700000| 99%| O|  |TAMS 0x00000000856ffff0, 0x0000000085600000| Untracked 
|  11|0x0000000085700000, 0x00000000857ffff0, 0x0000000085800000| 99%| O|  |TAMS 0x00000000857ffff0, 0x0000000085700000| Untracked 
|  12|0x0000000085800000, 0x00000000858fffe0, 0x0000000085900000| 99%| O|  |TAMS 0x00000000858fffe0, 0x0000000085800000| Untracked 
|  13|0x0000000085900000, 0x00000000859ffff0, 0x0000000085a00000| 99%| O|  |TAMS 0x00000000859ffff0, 0x0000000085900000| Untracked 
|  14|0x0000000085a00000, 0x0000000085afffa0, 0x0000000085b00000| 99%| O|  |TAMS 0x0000000085afffa0, 0x0000000085a00000| Untracked 
|  15|0x0000000085b00000, 0x0000000085bffff0, 0x0000000085c00000| 99%| O|  |TAMS 0x0000000085bffff0, 0x0000000085b00000| Untracked 
|  16|0x0000000085c00000, 0x0000000085d00000, 0x0000000085d00000|100%| O|  |TAMS 0x0000000085d00000, 0x0000000085c00000| Untracked 
|  17|0x0000000085d00000, 0x0000000085dfffc0, 0x0000000085e00000| 99%| O|  |TAMS 0x0000000085dfffc0, 0x0000000085d00000| Untracked 
|  18|0x0000000085e00000, 0x0000000085f00000, 0x0000000085f00000|100%| O|  |TAMS 0x0000000085f00000, 0x0000000085e00000| Untracked 
|  19|0x0000000085f00000, 0x0000000086000000, 0x0000000086000000|100%| O|  |TAMS 0x0000000086000000, 0x0000000085f00000| Untracked 
|  20|0x0000000086000000, 0x00000000860fe4f0, 0x0000000086100000| 99%| O|  |TAMS 0x00000000860fe4f0, 0x0000000086000000| Untracked 
|  21|0x0000000086100000, 0x00000000861fffe8, 0x0000000086200000| 99%| O|  |TAMS 0x00000000861fffe8, 0x0000000086100000| Untracked 
|  22|0x0000000086200000, 0x00000000862fffe8, 0x0000000086300000| 99%| O|  |TAMS 0x00000000862fffe8, 0x0000000086200000| Untracked 
|  23|0x0000000086300000, 0x00000000863fffe0, 0x0000000086400000| 99%| O|  |TAMS 0x00000000863fffe0, 0x0000000086300000| Untracked 
|  24|0x0000000086400000, 0x00000000864ffff8, 0x0000000086500000| 99%| O|  |TAMS 0x00000000864ffff8, 0x0000000086400000| Untracked 
|  25|0x0000000086500000, 0x00000000865fffe8, 0x0000000086600000| 99%| O|  |TAMS 0x00000000865fffe8, 0x0000000086500000| Untracked 
|  26|0x0000000086600000, 0x00000000866ffff8, 0x0000000086700000| 99%| O|  |TAMS 0x00000000866ffff8, 0x0000000086600000| Untracked 
|  27|0x0000000086700000, 0x00000000867ffff8, 0x0000000086800000| 99%| O|  |TAMS 0x00000000867ffff8, 0x0000000086700000| Untracked 
|  28|0x0000000086800000, 0x0000000086900000, 0x0000000086900000|100%| O|  |TAMS 0x0000000086900000, 0x0000000086800000| Untracked 
|  29|0x0000000086900000, 0x00000000869ffff8, 0x0000000086a00000| 99%| O|  |TAMS 0x00000000869ffff8, 0x0000000086900000| Untracked 
|  30|0x0000000086a00000, 0x0000000086afffd0, 0x0000000086b00000| 99%| O|  |TAMS 0x0000000086afffd0, 0x0000000086a00000| Untracked 
|  31|0x0000000086b00000, 0x0000000086bfffe8, 0x0000000086c00000| 99%| O|  |TAMS 0x0000000086bfffe8, 0x0000000086b00000| Untracked 
|  32|0x0000000086c00000, 0x0000000086cffff0, 0x0000000086d00000| 99%| O|  |TAMS 0x0000000086cffff0, 0x0000000086c00000| Untracked 
|  33|0x0000000086d00000, 0x0000000086dffff8, 0x0000000086e00000| 99%| O|  |TAMS 0x0000000086dffff8, 0x0000000086d00000| Untracked 
|  34|0x0000000086e00000, 0x0000000086efffd0, 0x0000000086f00000| 99%| O|  |TAMS 0x0000000086e00000, 0x0000000086e00000| Untracked 
|  35|0x0000000086f00000, 0x0000000086fffff8, 0x0000000087000000| 99%| O|  |TAMS 0x0000000086f00000, 0x0000000086f00000| Untracked 
|  36|0x0000000087000000, 0x000000008704ecd0, 0x0000000087100000| 30%| O|  |TAMS 0x0000000087000000, 0x0000000087000000| Untracked 
|  37|0x0000000087100000, 0x0000000087100000, 0x0000000087200000|  0%| F|  |TAMS 0x0000000087100000, 0x0000000087100000| Untracked 
|  38|0x0000000087200000, 0x0000000087200000, 0x0000000087300000|  0%| F|  |TAMS 0x0000000087200000, 0x0000000087200000| Untracked 
|  39|0x0000000087300000, 0x0000000087300000, 0x0000000087400000|  0%| F|  |TAMS 0x0000000087300000, 0x0000000087300000| Untracked 
|  40|0x0000000087400000, 0x0000000087400000, 0x0000000087500000|  0%| F|  |TAMS 0x0000000087400000, 0x0000000087400000| Untracked 
|  41|0x0000000087500000, 0x0000000087500000, 0x0000000087600000|  0%| F|  |TAMS 0x0000000087500000, 0x0000000087500000| Untracked 
|  42|0x0000000087600000, 0x0000000087600000, 0x0000000087700000|  0%| F|  |TAMS 0x0000000087600000, 0x0000000087600000| Untracked 
|  43|0x0000000087700000, 0x0000000087700000, 0x0000000087800000|  0%| F|  |TAMS 0x0000000087700000, 0x0000000087700000| Untracked 
|  44|0x0000000087800000, 0x0000000087800000, 0x0000000087900000|  0%| F|  |TAMS 0x0000000087800000, 0x0000000087800000| Untracked 
|  45|0x0000000087900000, 0x0000000087900000, 0x0000000087a00000|  0%| F|  |TAMS 0x0000000087900000, 0x0000000087900000| Untracked 
|  46|0x0000000087a00000, 0x0000000087a00000, 0x0000000087b00000|  0%| F|  |TAMS 0x0000000087a00000, 0x0000000087a00000| Untracked 
|  47|0x0000000087b00000, 0x0000000087b00000, 0x0000000087c00000|  0%| F|  |TAMS 0x0000000087b00000, 0x0000000087b00000| Untracked 
|  48|0x0000000087c00000, 0x0000000087c00000, 0x0000000087d00000|  0%| F|  |TAMS 0x0000000087c00000, 0x0000000087c00000| Untracked 
|  49|0x0000000087d00000, 0x0000000087d00000, 0x0000000087e00000|  0%| F|  |TAMS 0x0000000087d00000, 0x0000000087d00000| Untracked 
|  50|0x0000000087e00000, 0x0000000087e00000, 0x0000000087f00000|  0%| F|  |TAMS 0x0000000087e00000, 0x0000000087e00000| Untracked 
|  51|0x0000000087f00000, 0x0000000087f65570, 0x0000000088000000| 39%| S|CS|TAMS 0x0000000087f00000, 0x0000000087f00000| Complete 
|  52|0x0000000088000000, 0x0000000088100000, 0x0000000088100000|100%| S|CS|TAMS 0x0000000088000000, 0x0000000088000000| Complete 
|  53|0x0000000088100000, 0x0000000088200000, 0x0000000088200000|100%| S|CS|TAMS 0x0000000088100000, 0x0000000088100000| Complete 
|  54|0x0000000088200000, 0x0000000088300000, 0x0000000088300000|100%| S|CS|TAMS 0x0000000088200000, 0x0000000088200000| Complete 
|  55|0x0000000088300000, 0x0000000088400000, 0x0000000088400000|100%| S|CS|TAMS 0x0000000088300000, 0x0000000088300000| Complete 
|  56|0x0000000088400000, 0x0000000088400000, 0x0000000088500000|  0%| F|  |TAMS 0x0000000088400000, 0x0000000088400000| Untracked 
|  57|0x0000000088500000, 0x0000000088500000, 0x0000000088600000|  0%| F|  |TAMS 0x0000000088500000, 0x0000000088500000| Untracked 
|  58|0x0000000088600000, 0x0000000088600000, 0x0000000088700000|  0%| F|  |TAMS 0x0000000088600000, 0x0000000088600000| Untracked 
|  59|0x0000000088700000, 0x00000000887fcf08, 0x0000000088800000| 98%| O|  |TAMS 0x0000000088700000, 0x0000000088700000| Untracked 
|  60|0x0000000088800000, 0x0000000088900000, 0x0000000088900000|100%| O|  |TAMS 0x0000000088900000, 0x0000000088800000| Untracked 
|  61|0x0000000088900000, 0x00000000889c22e0, 0x0000000088a00000| 75%| O|  |TAMS 0x0000000088900000, 0x0000000088900000| Untracked 
|  62|0x0000000088a00000, 0x0000000088a00000, 0x0000000088b00000|  0%| F|  |TAMS 0x0000000088a00000, 0x0000000088a00000| Untracked 
|  63|0x0000000088b00000, 0x0000000088c00000, 0x0000000088c00000|100%| S|CS|TAMS 0x0000000088b00000, 0x0000000088b00000| Complete 
|  64|0x0000000088c00000, 0x0000000088d00000, 0x0000000088d00000|100%| S|CS|TAMS 0x0000000088c00000, 0x0000000088c00000| Complete 
|  65|0x0000000088d00000, 0x0000000088e00000, 0x0000000088e00000|100%| S|CS|TAMS 0x0000000088d00000, 0x0000000088d00000| Complete 
|  66|0x0000000088e00000, 0x0000000088e5b138, 0x0000000088f00000| 35%| O|  |TAMS 0x0000000088e00000, 0x0000000088e00000| Untracked 
|  67|0x0000000088f00000, 0x0000000088f00000, 0x0000000089000000|  0%| F|  |TAMS 0x0000000088f00000, 0x0000000088f00000| Untracked 
|  68|0x0000000089000000, 0x0000000089000000, 0x0000000089100000|  0%| F|  |TAMS 0x0000000089000000, 0x0000000089000000| Untracked 
|  69|0x0000000089100000, 0x0000000089100000, 0x0000000089200000|  0%| F|  |TAMS 0x0000000089100000, 0x0000000089100000| Untracked 
|  70|0x0000000089200000, 0x0000000089200000, 0x0000000089300000|  0%| F|  |TAMS 0x0000000089200000, 0x0000000089200000| Untracked 
|  71|0x0000000089300000, 0x0000000089300000, 0x0000000089400000|  0%| F|  |TAMS 0x0000000089300000, 0x0000000089300000| Untracked 
|  72|0x0000000089400000, 0x0000000089400000, 0x0000000089500000|  0%| F|  |TAMS 0x0000000089400000, 0x0000000089400000| Untracked 
|  73|0x0000000089500000, 0x0000000089500000, 0x0000000089600000|  0%| F|  |TAMS 0x0000000089500000, 0x0000000089500000| Untracked 
|  74|0x0000000089600000, 0x0000000089600000, 0x0000000089700000|  0%| F|  |TAMS 0x0000000089600000, 0x0000000089600000| Untracked 
|  75|0x0000000089700000, 0x0000000089700000, 0x0000000089800000|  0%| F|  |TAMS 0x0000000089700000, 0x0000000089700000| Untracked 
|  76|0x0000000089800000, 0x0000000089800000, 0x0000000089900000|  0%| F|  |TAMS 0x0000000089800000, 0x0000000089800000| Untracked 
|  77|0x0000000089900000, 0x0000000089900000, 0x0000000089a00000|  0%| F|  |TAMS 0x0000000089900000, 0x0000000089900000| Untracked 
|  78|0x0000000089a00000, 0x0000000089a00000, 0x0000000089b00000|  0%| F|  |TAMS 0x0000000089a00000, 0x0000000089a00000| Untracked 
|  79|0x0000000089b00000, 0x0000000089b00000, 0x0000000089c00000|  0%| F|  |TAMS 0x0000000089b00000, 0x0000000089b00000| Untracked 
|  80|0x0000000089c00000, 0x0000000089c00000, 0x0000000089d00000|  0%| F|  |TAMS 0x0000000089c00000, 0x0000000089c00000| Untracked 
|  81|0x0000000089d00000, 0x0000000089d00000, 0x0000000089e00000|  0%| F|  |TAMS 0x0000000089d00000, 0x0000000089d00000| Untracked 
|  82|0x0000000089e00000, 0x0000000089e00000, 0x0000000089f00000|  0%| F|  |TAMS 0x0000000089e00000, 0x0000000089e00000| Untracked 
|  83|0x0000000089f00000, 0x0000000089f00000, 0x000000008a000000|  0%| F|  |TAMS 0x0000000089f00000, 0x0000000089f00000| Untracked 
|  84|0x000000008a000000, 0x000000008a000000, 0x000000008a100000|  0%| F|  |TAMS 0x000000008a000000, 0x000000008a000000| Untracked 
|  85|0x000000008a100000, 0x000000008a100000, 0x000000008a200000|  0%| F|  |TAMS 0x000000008a100000, 0x000000008a100000| Untracked 
|  86|0x000000008a200000, 0x000000008a200000, 0x000000008a300000|  0%| F|  |TAMS 0x000000008a200000, 0x000000008a200000| Untracked 
|  87|0x000000008a300000, 0x000000008a300000, 0x000000008a400000|  0%| F|  |TAMS 0x000000008a300000, 0x000000008a300000| Untracked 
|  88|0x000000008a400000, 0x000000008a400000, 0x000000008a500000|  0%| F|  |TAMS 0x000000008a400000, 0x000000008a400000| Untracked 
|  89|0x000000008a500000, 0x000000008a500000, 0x000000008a600000|  0%| F|  |TAMS 0x000000008a500000, 0x000000008a500000| Untracked 
|  90|0x000000008a600000, 0x000000008a600000, 0x000000008a700000|  0%| F|  |TAMS 0x000000008a600000, 0x000000008a600000| Untracked 
|  91|0x000000008a700000, 0x000000008a700000, 0x000000008a800000|  0%| F|  |TAMS 0x000000008a700000, 0x000000008a700000| Untracked 
|  92|0x000000008a800000, 0x000000008a800000, 0x000000008a900000|  0%| F|  |TAMS 0x000000008a800000, 0x000000008a800000| Untracked 
|  93|0x000000008a900000, 0x000000008a900000, 0x000000008aa00000|  0%| F|  |TAMS 0x000000008a900000, 0x000000008a900000| Untracked 
|  94|0x000000008aa00000, 0x000000008aa00000, 0x000000008ab00000|  0%| F|  |TAMS 0x000000008aa00000, 0x000000008aa00000| Untracked 
|  95|0x000000008ab00000, 0x000000008ab00000, 0x000000008ac00000|  0%| F|  |TAMS 0x000000008ab00000, 0x000000008ab00000| Untracked 
|  96|0x000000008ac00000, 0x000000008ac00000, 0x000000008ad00000|  0%| F|  |TAMS 0x000000008ac00000, 0x000000008ac00000| Untracked 
|  97|0x000000008ad00000, 0x000000008ada2198, 0x000000008ae00000| 63%| E|  |TAMS 0x000000008ad00000, 0x000000008ad00000| Complete 
|  98|0x000000008ae00000, 0x000000008af00000, 0x000000008af00000|100%| E|CS|TAMS 0x000000008ae00000, 0x000000008ae00000| Complete 
|  99|0x000000008af00000, 0x000000008b000000, 0x000000008b000000|100%| E|CS|TAMS 0x000000008af00000, 0x000000008af00000| Complete 
| 100|0x000000008b000000, 0x000000008b100000, 0x000000008b100000|100%| E|CS|TAMS 0x000000008b000000, 0x000000008b000000| Complete 
| 101|0x000000008b100000, 0x000000008b200000, 0x000000008b200000|100%| E|CS|TAMS 0x000000008b100000, 0x000000008b100000| Complete 
| 102|0x000000008b200000, 0x000000008b300000, 0x000000008b300000|100%| E|CS|TAMS 0x000000008b200000, 0x000000008b200000| Complete 
| 103|0x000000008b300000, 0x000000008b400000, 0x000000008b400000|100%| E|CS|TAMS 0x000000008b300000, 0x000000008b300000| Complete 
| 104|0x000000008b400000, 0x000000008b500000, 0x000000008b500000|100%| E|CS|TAMS 0x000000008b400000, 0x000000008b400000| Complete 
| 105|0x000000008b500000, 0x000000008b600000, 0x000000008b600000|100%| E|CS|TAMS 0x000000008b500000, 0x000000008b500000| Complete 
| 106|0x000000008b600000, 0x000000008b700000, 0x000000008b700000|100%| E|CS|TAMS 0x000000008b600000, 0x000000008b600000| Complete 
| 107|0x000000008b700000, 0x000000008b800000, 0x000000008b800000|100%| E|CS|TAMS 0x000000008b700000, 0x000000008b700000| Complete 
| 108|0x000000008b800000, 0x000000008b900000, 0x000000008b900000|100%| E|CS|TAMS 0x000000008b800000, 0x000000008b800000| Complete 
| 109|0x000000008b900000, 0x000000008ba00000, 0x000000008ba00000|100%| E|CS|TAMS 0x000000008b900000, 0x000000008b900000| Complete 
| 110|0x000000008ba00000, 0x000000008bb00000, 0x000000008bb00000|100%| E|CS|TAMS 0x000000008ba00000, 0x000000008ba00000| Complete 
| 111|0x000000008bb00000, 0x000000008bc00000, 0x000000008bc00000|100%| E|CS|TAMS 0x000000008bb00000, 0x000000008bb00000| Complete 
| 112|0x000000008bc00000, 0x000000008bd00000, 0x000000008bd00000|100%| E|CS|TAMS 0x000000008bc00000, 0x000000008bc00000| Complete 
| 113|0x000000008bd00000, 0x000000008be00000, 0x000000008be00000|100%| E|CS|TAMS 0x000000008bd00000, 0x000000008bd00000| Complete 
| 114|0x000000008be00000, 0x000000008bf00000, 0x000000008bf00000|100%| E|CS|TAMS 0x000000008be00000, 0x000000008be00000| Complete 
| 115|0x000000008bf00000, 0x000000008c000000, 0x000000008c000000|100%| E|CS|TAMS 0x000000008bf00000, 0x000000008bf00000| Complete 
| 116|0x000000008c000000, 0x000000008c100000, 0x000000008c100000|100%| E|CS|TAMS 0x000000008c000000, 0x000000008c000000| Complete 
| 117|0x000000008c100000, 0x000000008c200000, 0x000000008c200000|100%| E|CS|TAMS 0x000000008c100000, 0x000000008c100000| Complete 
| 118|0x000000008c200000, 0x000000008c300000, 0x000000008c300000|100%| E|CS|TAMS 0x000000008c200000, 0x000000008c200000| Complete 
| 119|0x000000008c300000, 0x000000008c400000, 0x000000008c400000|100%| E|CS|TAMS 0x000000008c300000, 0x000000008c300000| Complete 

Card table byte_map: [0x000002792d300000,0x000002792d6e0000] _byte_map_base: 0x000002792ceda000

Marking Bits (Prev, Next): (CMBitMap*) 0x00000279268e12d0, (CMBitMap*) 0x00000279268e1290
 Prev Bits: [0x000002792f990000, 0x0000027931860000)
 Next Bits: [0x000002792dac0000, 0x000002792f990000)

Polling page: 0x00000279247c0000

Metaspace:

Usage:
  Non-class:     79.25 MB used.
      Class:     12.91 MB used.
       Both:     92.16 MB used.

Virtual space:
  Non-class space:       80.00 MB reserved,      79.62 MB (>99%) committed,  10 nodes.
      Class space:        1.00 GB reserved,      13.25 MB (  1%) committed,  1 nodes.
             Both:        1.08 GB reserved,      92.88 MB (  8%) committed. 

Chunk freelists:
   Non-Class:  156.00 KB
       Class:  2.65 MB
        Both:  2.80 MB

MaxMetaspaceSize: unlimited
CompressedClassSpaceSize: 1.00 GB
Initial GC threshold: 21.00 MB
Current GC threshold: 154.31 MB
CDS: off
MetaspaceReclaimPolicy: balanced
 - commit_granule_bytes: 65536.
 - commit_granule_words: 8192.
 - virtual_space_node_default_size: 1048576.
 - enlarge_chunks_in_place: 1.
 - new_chunks_are_fully_committed: 0.
 - uncommit_free_chunks: 1.
 - use_allocation_guard: 0.
 - handle_deallocations: 1.


Internal statistics:

num_allocs_failed_limit: 14.
num_arena_births: 1282.
num_arena_deaths: 400.
num_vsnodes_births: 11.
num_vsnodes_deaths: 0.
num_space_committed: 1486.
num_space_uncommitted: 0.
num_chunks_returned_to_freelist: 505.
num_chunks_taken_from_freelist: 4655.
num_chunk_merges: 161.
num_chunk_splits: 3101.
num_chunks_enlarged: 2278.
num_purges: 18.
num_inconsistent_stats: 0.

CodeCache: size=49152Kb used=22931Kb max_used=23826Kb free=26220Kb
 bounds [0x0000027929f20000, 0x000002792b670000, 0x000002792cf20000]
 total_blobs=14131 nmethods=13426 adapters=631
 compilation: enabled
              stopped_count=0, restarted_count=0
 full_count=0

Compilation events (20 events):
Event: 3724.648 Thread 0x000002793443b350 13427       1       org.springframework.http.client.AbstractStreamingClientHttpRequest::<init> (5 bytes)
Event: 3724.649 Thread 0x000002793443b350 nmethod 13427 0x000002792b62cc90 code [0x000002792b62ce40, 0x000002792b62d188]
Event: 3724.650 Thread 0x000002793443b350 13428       1       org.apache.hc.core5.http.impl.BasicHttpConnectionMetrics::incrementRequestCount (9 bytes)
Event: 3724.651 Thread 0x000002793443b350 nmethod 13428 0x000002792b62c990 code [0x000002792b62cb20, 0x000002792b62cbf8]
Event: 3724.654 Thread 0x000002793443b350 13429       1       com.fasterxml.jackson.databind.deser.std.UntypedObjectDeserializerNR::deserialize (166 bytes)
Event: 3724.663 Thread 0x000002793443b350 nmethod 13429 0x000002792b62ba10 code [0x000002792b62bcc0, 0x000002792b62c4d8]
Event: 3747.747 Thread 0x000002793443b350 13430       1       org.springframework.aop.scope.ScopedProxyFactoryBean::getObject (20 bytes)
Event: 3747.748 Thread 0x000002793443b350 nmethod 13430 0x000002792b62b610 code [0x000002792b62b7a0, 0x000002792b62b908]
Event: 3747.833 Thread 0x000002793443b350 13431   !   1       java.nio.channels.spi.AbstractInterruptibleChannel::close (37 bytes)
Event: 3747.833 Thread 0x000002793443b350 nmethod 13431 0x000002792b62b110 code [0x000002792b62b2c0, 0x000002792b62b508]
Event: 3747.900 Thread 0x000002793443b350 13432       1       java.util.Formatter$FormatSpecifier::checkBadFlags (49 bytes)
Event: 3747.902 Thread 0x000002793443b350 nmethod 13432 0x000002792b62ab90 code [0x000002792b62ad40, 0x000002792b62af18]
Event: 3747.902 Thread 0x000002793443b350 13433       1       sun.nio.ch.Net::getSocketOption (9 bytes)
Event: 3747.903 Thread 0x000002793443b350 nmethod 13433 0x000002792b62a890 code [0x000002792b62aa20, 0x000002792b62aae8]
Event: 3751.003 Thread 0x000002793443b350 13434       1       java.util.IdentityHashMap$IdentityHashMapIterator::hasNext (50 bytes)
Event: 3751.003 Thread 0x000002793443b350 nmethod 13434 0x000002792b62a490 code [0x000002792b62a620, 0x000002792b62a778]
Event: 3751.041 Thread 0x000002793443b350 13435  s!   1       org.apache.catalina.util.LifecycleBase::stop (347 bytes)
Event: 3751.047 Thread 0x000002793443b350 nmethod 13435 0x000002792b628910 code [0x000002792b628c60, 0x000002792b629c68]
Event: 3751.047 Thread 0x000002793443b350 13436       1       org.apache.tomcat.util.collections.ManagedConcurrentWeakHashMap$Key::equals (61 bytes)
Event: 3751.048 Thread 0x000002793443b350 nmethod 13436 0x000002792b628390 code [0x000002792b628560, 0x000002792b628838]

GC Heap History (20 events):
Event: 3079.019 GC heap before
{Heap before GC invocations=54 (full 6):
 garbage-first heap   total 122880K, used 97136K [0x0000000084c00000, 0x0000000100000000)
  region size 1024K, 57 young (58368K), 4 survivors (4096K)
 Metaspace       used 93210K, committed 93888K, reserved 1130496K
  class space    used 13104K, committed 13440K, reserved 1048576K
}
Event: 3079.030 GC heap after
{Heap after GC invocations=55 (full 6):
 garbage-first heap   total 122880K, used 45936K [0x0000000084c00000, 0x0000000100000000)
  region size 1024K, 7 young (7168K), 7 survivors (7168K)
 Metaspace       used 93210K, committed 93888K, reserved 1130496K
  class space    used 13104K, committed 13440K, reserved 1048576K
}
Event: 3136.922 GC heap before
{Heap before GC invocations=55 (full 6):
 garbage-first heap   total 122880K, used 56176K [0x0000000084c00000, 0x0000000100000000)
  region size 1024K, 18 young (18432K), 7 survivors (7168K)
 Metaspace       used 93244K, committed 93888K, reserved 1130496K
  class space    used 13112K, committed 13440K, reserved 1048576K
}
Event: 3136.985 GC heap after
{Heap after GC invocations=56 (full 7):
 garbage-first heap   total 122880K, used 39732K [0x0000000084c00000, 0x0000000100000000)
  region size 1024K, 0 young (0K), 0 survivors (0K)
 Metaspace       used 93234K, committed 93888K, reserved 1130496K
  class space    used 13110K, committed 13440K, reserved 1048576K
}
Event: 3138.171 GC heap before
{Heap before GC invocations=56 (full 7):
 garbage-first heap   total 122880K, used 96052K [0x0000000084c00000, 0x0000000100000000)
  region size 1024K, 55 young (56320K), 0 survivors (0K)
 Metaspace       used 93314K, committed 93952K, reserved 1130496K
  class space    used 13122K, committed 13440K, reserved 1048576K
}
Event: 3138.175 GC heap after
{Heap after GC invocations=57 (full 7):
 garbage-first heap   total 122880K, used 43725K [0x0000000084c00000, 0x0000000100000000)
  region size 1024K, 4 young (4096K), 4 survivors (4096K)
 Metaspace       used 93314K, committed 93952K, reserved 1130496K
  class space    used 13122K, committed 13440K, reserved 1048576K
}
Event: 3139.236 GC heap before
{Heap before GC invocations=57 (full 7):
 garbage-first heap   total 122880K, used 96973K [0x0000000084c00000, 0x0000000100000000)
  region size 1024K, 56 young (57344K), 4 survivors (4096K)
 Metaspace       used 93596K, committed 94208K, reserved 1130496K
  class space    used 13143K, committed 13440K, reserved 1048576K
}
Event: 3139.242 GC heap after
{Heap after GC invocations=58 (full 7):
 garbage-first heap   total 122880K, used 46695K [0x0000000084c00000, 0x0000000100000000)
  region size 1024K, 7 young (7168K), 7 survivors (7168K)
 Metaspace       used 93596K, committed 94208K, reserved 1130496K
  class space    used 13143K, committed 13440K, reserved 1048576K
}
Event: 3143.465 GC heap before
{Heap before GC invocations=58 (full 7):
 garbage-first heap   total 122880K, used 55911K [0x0000000084c00000, 0x0000000100000000)
  region size 1024K, 17 young (17408K), 7 survivors (7168K)
 Metaspace       used 93679K, committed 94400K, reserved 1130496K
  class space    used 13164K, committed 13504K, reserved 1048576K
}
Event: 3143.529 GC heap after
{Heap after GC invocations=59 (full 8):
 garbage-first heap   total 122880K, used 40080K [0x0000000084c00000, 0x0000000100000000)
  region size 1024K, 0 young (0K), 0 survivors (0K)
 Metaspace       used 93676K, committed 94400K, reserved 1130496K
  class space    used 13163K, committed 13504K, reserved 1048576K
}
Event: 3144.334 GC heap before
{Heap before GC invocations=59 (full 8):
 garbage-first heap   total 122880K, used 96400K [0x0000000084c00000, 0x0000000100000000)
  region size 1024K, 55 young (56320K), 0 survivors (0K)
 Metaspace       used 93778K, committed 94464K, reserved 1130496K
  class space    used 13178K, committed 13504K, reserved 1048576K
}
Event: 3144.338 GC heap after
{Heap after GC invocations=60 (full 8):
 garbage-first heap   total 122880K, used 44176K [0x0000000084c00000, 0x0000000100000000)
  region size 1024K, 4 young (4096K), 4 survivors (4096K)
 Metaspace       used 93778K, committed 94464K, reserved 1130496K
  class space    used 13178K, committed 13504K, reserved 1048576K
}
Event: 3145.343 GC heap before
{Heap before GC invocations=60 (full 8):
 garbage-first heap   total 122880K, used 97424K [0x0000000084c00000, 0x0000000100000000)
  region size 1024K, 56 young (57344K), 4 survivors (4096K)
 Metaspace       used 94027K, committed 94784K, reserved 1130496K
  class space    used 13193K, committed 13568K, reserved 1048576K
}
Event: 3145.350 GC heap after
{Heap after GC invocations=61 (full 8):
 garbage-first heap   total 122880K, used 47040K [0x0000000084c00000, 0x0000000100000000)
  region size 1024K, 7 young (7168K), 7 survivors (7168K)
 Metaspace       used 94027K, committed 94784K, reserved 1130496K
  class space    used 13193K, committed 13568K, reserved 1048576K
}
Event: 3212.205 GC heap before
{Heap before GC invocations=61 (full 8):
 garbage-first heap   total 122880K, used 59328K [0x0000000084c00000, 0x0000000100000000)
  region size 1024K, 20 young (20480K), 7 survivors (7168K)
 Metaspace       used 94053K, committed 94784K, reserved 1130496K
  class space    used 13198K, committed 13568K, reserved 1048576K
}
Event: 3212.265 GC heap after
{Heap after GC invocations=62 (full 9):
 garbage-first heap   total 122880K, used 40348K [0x0000000084c00000, 0x0000000100000000)
  region size 1024K, 0 young (0K), 0 survivors (0K)
 Metaspace       used 94050K, committed 94784K, reserved 1130496K
  class space    used 13197K, committed 13568K, reserved 1048576K
}
Event: 3213.321 GC heap before
{Heap before GC invocations=62 (full 9):
 garbage-first heap   total 122880K, used 97692K [0x0000000084c00000, 0x0000000100000000)
  region size 1024K, 56 young (57344K), 0 survivors (0K)
 Metaspace       used 94125K, committed 94848K, reserved 1130496K
  class space    used 13207K, committed 13568K, reserved 1048576K
}
Event: 3213.325 GC heap after
{Heap after GC invocations=63 (full 9):
 garbage-first heap   total 122880K, used 44444K [0x0000000084c00000, 0x0000000100000000)
  region size 1024K, 4 young (4096K), 4 survivors (4096K)
 Metaspace       used 94125K, committed 94848K, reserved 1130496K
  class space    used 13207K, committed 13568K, reserved 1048576K
}
Event: 3214.512 GC heap before
{Heap before GC invocations=63 (full 9):
 garbage-first heap   total 122880K, used 98716K [0x0000000084c00000, 0x0000000100000000)
  region size 1024K, 57 young (58368K), 4 survivors (4096K)
 Metaspace       used 94371K, committed 95104K, reserved 1130496K
  class space    used 13221K, committed 13568K, reserved 1048576K
}
Event: 3214.524 GC heap after
{Heap after GC invocations=64 (full 9):
 garbage-first heap   total 122880K, used 47922K [0x0000000084c00000, 0x0000000100000000)
  region size 1024K, 8 young (8192K), 8 survivors (8192K)
 Metaspace       used 94371K, committed 95104K, reserved 1130496K
  class space    used 13221K, committed 13568K, reserved 1048576K
}

Dll operation events (9 events):
Event: 0.019 Loaded shared library C:\Users\Sangita\Downloads\spring-tool-suite-4-4.18.0.RELEASE-e4.27.0-win32.win32.x86_64.self-extracting\sts-4.18.0.RELEASE\plugins\org.eclipse.justj.openjdk.hotspot.jre.full.win32.x86_64_17.0.6.v20230204-1729\jre\bin\java.dll
Event: 0.403 Loaded shared library C:\Users\Sangita\Downloads\spring-tool-suite-4-4.18.0.RELEASE-e4.27.0-win32.win32.x86_64.self-extracting\sts-4.18.0.RELEASE\plugins\org.eclipse.justj.openjdk.hotspot.jre.full.win32.x86_64_17.0.6.v20230204-1729\jre\bin\jimage.dll
Event: 0.422 Loaded shared library C:\Users\Sangita\Downloads\spring-tool-suite-4-4.18.0.RELEASE-e4.27.0-win32.win32.x86_64.self-extracting\sts-4.18.0.RELEASE\plugins\org.eclipse.justj.openjdk.hotspot.jre.full.win32.x86_64_17.0.6.v20230204-1729\jre\bin\net.dll
Event: 0.424 Loaded shared library C:\Users\Sangita\Downloads\spring-tool-suite-4-4.18.0.RELEASE-e4.27.0-win32.win32.x86_64.self-extracting\sts-4.18.0.RELEASE\plugins\org.eclipse.justj.openjdk.hotspot.jre.full.win32.x86_64_17.0.6.v20230204-1729\jre\bin\nio.dll
Event: 0.430 Loaded shared library C:\Users\Sangita\Downloads\spring-tool-suite-4-4.18.0.RELEASE-e4.27.0-win32.win32.x86_64.self-extracting\sts-4.18.0.RELEASE\plugins\org.eclipse.justj.openjdk.hotspot.jre.full.win32.x86_64_17.0.6.v20230204-1729\jre\bin\zip.dll
Event: 0.565 Loaded shared library C:\Users\Sangita\Downloads\spring-tool-suite-4-4.18.0.RELEASE-e4.27.0-win32.win32.x86_64.self-extracting\sts-4.18.0.RELEASE\plugins\org.eclipse.justj.openjdk.hotspot.jre.full.win32.x86_64_17.0.6.v20230204-1729\jre\bin\management.dll
Event: 0.585 Loaded shared library C:\Users\Sangita\Downloads\spring-tool-suite-4-4.18.0.RELEASE-e4.27.0-win32.win32.x86_64.self-extracting\sts-4.18.0.RELEASE\plugins\org.eclipse.justj.openjdk.hotspot.jre.full.win32.x86_64_17.0.6.v20230204-1729\jre\bin\management_ext.
Event: 2.696 Loaded shared library C:\Users\Sangita\Downloads\spring-tool-suite-4-4.18.0.RELEASE-e4.27.0-win32.win32.x86_64.self-extracting\sts-4.18.0.RELEASE\plugins\org.eclipse.justj.openjdk.hotspot.jre.full.win32.x86_64_17.0.6.v20230204-1729\jre\bin\sunmscapi.dll
Event: 5.830 Loaded shared library C:\Users\Sangita\Downloads\spring-tool-suite-4-4.18.0.RELEASE-e4.27.0-win32.win32.x86_64.self-extracting\sts-4.18.0.RELEASE\plugins\org.eclipse.justj.openjdk.hotspot.jre.full.win32.x86_64_17.0.6.v20230204-1729\jre\bin\verify.dll

Deoptimization events (20 events):
Event: 2.324 Thread 0x0000027936149750 DEOPT PACKING pc=0x000002792a3e4e19 sp=0x000000b5377fca60
Event: 2.324 Thread 0x0000027936149750 DEOPT UNPACKING pc=0x0000027929f7ace3 sp=0x000000b5377fbf40 mode 3
Event: 2.564 Thread 0x0000027936149750 DEOPT PACKING pc=0x000002792a4df555 sp=0x000000b5377fcf60
Event: 2.564 Thread 0x0000027936149750 DEOPT UNPACKING pc=0x0000027929f7ace3 sp=0x000000b5377fc408 mode 3
Event: 5.322 Thread 0x0000027936149750 DEOPT PACKING pc=0x000002792a789ffd sp=0x000000b5377fbf90
Event: 5.322 Thread 0x0000027936149750 DEOPT UNPACKING pc=0x0000027929f7ace3 sp=0x000000b5377fb4f8 mode 3
Event: 8.280 Thread 0x0000027936149750 DEOPT PACKING pc=0x000002792a4b1bd2 sp=0x000000b5377fb7f0
Event: 8.280 Thread 0x0000027936149750 DEOPT UNPACKING pc=0x0000027929f7ace3 sp=0x000000b5377facf8 mode 3
Event: 8.389 Thread 0x0000027936149750 DEOPT PACKING pc=0x000002792a4aef94 sp=0x000000b5377fbc90
Event: 8.389 Thread 0x0000027936149750 DEOPT UNPACKING pc=0x0000027929f7ace3 sp=0x000000b5377fb1e8 mode 0
Event: 9.127 Thread 0x0000027936149750 DEOPT PACKING pc=0x000002792a715719 sp=0x000000b5377fa5b0
Event: 9.127 Thread 0x0000027936149750 DEOPT UNPACKING pc=0x0000027929f7ace3 sp=0x000000b5377f9a90 mode 3
Event: 11.446 Thread 0x0000027936149750 DEOPT PACKING pc=0x000002792ab02d94 sp=0x000000b5377fcbf0
Event: 11.446 Thread 0x0000027936149750 DEOPT UNPACKING pc=0x0000027929f7ace3 sp=0x000000b5377fc098 mode 0
Event: 125.345 Thread 0x000002793b6baa30 DEOPT PACKING pc=0x000002792ae46bfb sp=0x000000b538afe1f0
Event: 125.345 Thread 0x000002793b6baa30 DEOPT UNPACKING pc=0x0000027929f7ace3 sp=0x000000b538afd718 mode 3
Event: 145.078 Thread 0x000002793b6bc710 DEOPT PACKING pc=0x000002792afd15cc sp=0x000000b5370f9910
Event: 145.078 Thread 0x000002793b6bc710 DEOPT UNPACKING pc=0x0000027929f7ace3 sp=0x000000b5370f8da8 mode 3
Event: 1852.622 Thread 0x000002793b6b8880 DEOPT PACKING pc=0x000002792b14488f sp=0x000000b5389fe1c0
Event: 1852.625 Thread 0x000002793b6b8880 DEOPT UNPACKING pc=0x0000027929f7ace3 sp=0x000000b5389fd778 mode 3

Classes unloaded (20 events):
Event: 1842.876 Thread 0x0000027933b6e4d0 Unloading class 0x0000000100148c00 'jdk/internal/reflect/GeneratedSerializationConstructorAccessor8'
Event: 1842.876 Thread 0x0000027933b6e4d0 Unloading class 0x0000000100146800 'java/lang/invoke/LambdaForm$MH+0x0000000100146800'
Event: 1842.876 Thread 0x0000027933b6e4d0 Unloading class 0x0000000100146400 'java/lang/invoke/LambdaForm$MH+0x0000000100146400'
Event: 1842.876 Thread 0x0000027933b6e4d0 Unloading class 0x0000000100145c00 'java/lang/invoke/LambdaForm$MH+0x0000000100145c00'
Event: 1842.876 Thread 0x0000027933b6e4d0 Unloading class 0x0000000100141800 'jdk/internal/reflect/GeneratedSerializationConstructorAccessor3'
Event: 1842.876 Thread 0x0000027933b6e4d0 Unloading class 0x0000000100141400 'jdk/internal/reflect/GeneratedSerializationConstructorAccessor2'
Event: 1842.876 Thread 0x0000027933b6e4d0 Unloading class 0x0000000100141000 'jdk/internal/reflect/GeneratedSerializationConstructorAccessor1'
Event: 1842.876 Thread 0x0000027933b6e4d0 Unloading class 0x00000001000c4c00 'java/lang/invoke/LambdaForm$MH+0x00000001000c4c00'
Event: 1842.876 Thread 0x0000027933b6e4d0 Unloading class 0x00000001000c2400 'java/lang/invoke/LambdaForm$MH+0x00000001000c2400'
Event: 1842.876 Thread 0x0000027933b6e4d0 Unloading class 0x00000001000c1c00 'java/lang/invoke/LambdaForm$MH+0x00000001000c1c00'
Event: 1842.876 Thread 0x0000027933b6e4d0 Unloading class 0x00000001000c1400 'java/lang/invoke/LambdaForm$MH+0x00000001000c1400'
Event: 1842.876 Thread 0x0000027933b6e4d0 Unloading class 0x00000001000c0c00 'java/lang/invoke/LambdaForm$MH+0x00000001000c0c00'
Event: 3072.524 Thread 0x0000027933b6e4d0 Unloading class 0x000000010055c400 'jdk/internal/reflect/GeneratedSerializationConstructorAccessor39'
Event: 3072.524 Thread 0x0000027933b6e4d0 Unloading class 0x0000000100574400 'jdk/internal/reflect/GeneratedSerializationConstructorAccessor37'
Event: 3072.524 Thread 0x0000027933b6e4d0 Unloading class 0x0000000100d34000 'org/apache/catalina/loader/JdbcLeakPrevention'
Event: 3136.947 Thread 0x0000027933b6e4d0 Unloading class 0x0000000100d10c00 'jdk/internal/reflect/GeneratedSerializationConstructorAccessor31'
Event: 3136.947 Thread 0x0000027933b6e4d0 Unloading class 0x0000000100d11000 'jdk/internal/reflect/GeneratedSerializationConstructorAccessor30'
Event: 3136.947 Thread 0x0000027933b6e4d0 Unloading class 0x0000000100d24000 'org/apache/catalina/loader/JdbcLeakPrevention'
Event: 3143.490 Thread 0x0000027933b6e4d0 Unloading class 0x00000001003e1800 'org/apache/catalina/loader/JdbcLeakPrevention'
Event: 3212.229 Thread 0x0000027933b6e4d0 Unloading class 0x0000000100d46c00 'org/apache/catalina/loader/JdbcLeakPrevention'

Classes redefined (0 events):
No events

Internal exceptions (20 events):
Event: 3213.186 Thread 0x0000027936cdf870 Exception <a 'java/lang/NoClassDefFoundError'{0x0000000089b102b8}: org/flywaydb/core/Flyway> (0x0000000089b102b8) 
thrown [s\src\hotspot\share\oops\constantPool.cpp, line 835]
Event: 3213.186 Thread 0x0000027936cdf870 Exception <a 'java/lang/NoClassDefFoundError'{0x0000000089b10908}: liquibase/integration/spring/SpringLiquibase> (0x0000000089b10908) 
thrown [s\src\hotspot\share\oops\constantPool.cpp, line 835]
Event: 3213.194 Thread 0x0000027936cdf870 Exception <a 'java/lang/NoClassDefFoundError'{0x0000000089b985f8}: org/jooq/DSLContext> (0x0000000089b985f8) 
thrown [s\src\hotspot\share\oops\constantPool.cpp, line 835]
Event: 3213.195 Thread 0x0000027936cdf870 Exception <a 'java/lang/NoClassDefFoundError'{0x0000000089ba8e18}: org/springframework/batch/core/repository/JobRepository> (0x0000000089ba8e18) 
thrown [s\src\hotspot\share\oops\constantPool.cpp, line 835]
Event: 3213.195 Thread 0x0000027936cdf870 Exception <a 'java/lang/NoClassDefFoundError'{0x0000000089ba9460}: org/quartz/Scheduler> (0x0000000089ba9460) 
thrown [s\src\hotspot\share\oops\constantPool.cpp, line 835]
Event: 3213.195 Thread 0x0000027936cdf870 Exception <a 'java/lang/NoClassDefFoundError'{0x0000000089ba9ad0}: org/springframework/session/jdbc/JdbcIndexedSessionRepository> (0x0000000089ba9ad0) 
thrown [s\src\hotspot\share\oops\constantPool.cpp, line 835]
Event: 3213.272 Thread 0x0000027936cdf870 Exception <a 'sun/nio/fs/WindowsException'{0x0000000088f3ede8}> (0x0000000088f3ede8) 
thrown [s\src\hotspot\share\prims\jni.cpp, line 516]
Event: 3213.272 Thread 0x0000027936cdf870 Exception <a 'sun/nio/fs/WindowsException'{0x0000000088f3f4f8}> (0x0000000088f3f4f8) 
thrown [s\src\hotspot\share\prims\jni.cpp, line 516]
Event: 3213.272 Thread 0x0000027936cdf870 Exception <a 'sun/nio/fs/WindowsException'{0x0000000088f46af8}> (0x0000000088f46af8) 
thrown [s\src\hotspot\share\prims\jni.cpp, line 516]
Event: 3213.284 Thread 0x0000027936cdf870 Exception <a 'java/io/FileNotFoundException'{0x0000000088f96328}> (0x0000000088f96328) 
thrown [s\src\hotspot\share\prims\jni.cpp, line 516]
Event: 3213.320 Thread 0x0000027936cdf870 Exception <a 'java/io/FileNotFoundException'{0x0000000088be4048}> (0x0000000088be4048) 
thrown [s\src\hotspot\share\prims\jni.cpp, line 516]
Event: 3213.355 Thread 0x0000027936cdf870 Exception <a 'sun/nio/fs/WindowsException'{0x000000008be27698}> (0x000000008be27698) 
thrown [s\src\hotspot\share\prims\jni.cpp, line 516]
Event: 3213.490 Thread 0x0000027936cdf870 Exception <a 'java/lang/reflect/InvocationTargetException'{0x000000008b367440}> (0x000000008b367440) 
thrown [s\src\hotspot\share\runtime\reflection.cpp, line 1121]
Event: 3213.493 Thread 0x0000027936cdf870 Exception <a 'java/lang/reflect/InvocationTargetException'{0x000000008b389a00}> (0x000000008b389a00) 
thrown [s\src\hotspot\share\runtime\reflection.cpp, line 1121]
Event: 3213.587 Thread 0x0000027936cdf870 Exception <a 'sun/nio/fs/WindowsException'{0x000000008aadd340}> (0x000000008aadd340) 
thrown [s\src\hotspot\share\prims\jni.cpp, line 516]
Event: 3213.699 Thread 0x0000027936cdf870 Exception <a 'java/net/BindException'{0x0000000089ed8ee0}: Address already in use: bind> (0x0000000089ed8ee0) 
thrown [s\src\hotspot\share\prims\jni.cpp, line 535]
Event: 3213.699 Thread 0x0000027936cdf870 Exception <a 'java/net/SocketException'{0x0000000089ed94c0}: Socket is not connected: shutdown> (0x0000000089ed94c0) 
thrown [s\src\hotspot\share\prims\jni.cpp, line 535]
Event: 3747.892 Thread 0x000002793b6bd580 Exception <a 'java/io/IOException'{0x000000008ae2e0a0}> (0x000000008ae2e0a0) 
thrown [s\src\hotspot\share\prims\jni.cpp, line 516]
Event: 3747.894 Thread 0x000002793b6bd580 Exception <a 'java/io/IOException'{0x000000008ae2ebe0}> (0x000000008ae2ebe0) 
thrown [s\src\hotspot\share\prims\jni.cpp, line 516]
Event: 3751.099 Thread 0x000002793b6b83b0 Exception <a 'java/lang/InterruptedException'{0x000000008ad8b4e0}: sleep interrupted> (0x000000008ad8b4e0) 
thrown [s\src\hotspot\share\prims\jvm.cpp, line 3070]

VM Operations (20 events):
Event: 3214.327 Executing VM operation: Cleanup done
Event: 3214.511 Executing VM operation: G1CollectForAllocation
Event: 3214.524 Executing VM operation: G1CollectForAllocation done
Event: 3233.685 Executing VM operation: Cleanup
Event: 3233.685 Executing VM operation: Cleanup done
Event: 3244.771 Executing VM operation: Cleanup
Event: 3244.772 Executing VM operation: Cleanup done
Event: 3544.711 Executing VM operation: Cleanup
Event: 3544.711 Executing VM operation: Cleanup done
Event: 3575.013 Executing VM operation: Cleanup
Event: 3575.013 Executing VM operation: Cleanup done
Event: 3605.190 Executing VM operation: Cleanup
Event: 3605.190 Executing VM operation: Cleanup done
Event: 3635.206 Executing VM operation: Cleanup
Event: 3635.207 Executing VM operation: Cleanup done
Event: 3704.853 Executing VM operation: Cleanup
Event: 3704.853 Executing VM operation: Cleanup done
Event: 3748.299 Executing VM operation: Cleanup
Event: 3748.299 Executing VM operation: Cleanup done
Event: 3751.268 Executing VM operation: G1CollectFull

Events (20 events):
Event: 3747.873 Thread 0x000002793b6bcbe0 Thread exited: 0x000002793b6bcbe0
Event: 3747.917 Thread 0x000002793b6bd580 Thread exited: 0x000002793b6bd580
Event: 3751.003 Thread 0x000002793b6b9bc0 Thread exited: 0x000002793b6b9bc0
Event: 3751.004 Thread 0x000002793b6ba560 Thread exited: 0x000002793b6ba560
Event: 3751.004 Thread 0x000002793b6ba090 Thread exited: 0x000002793b6ba090
Event: 3751.005 Thread 0x000002793b6b8d50 Thread exited: 0x000002793b6b8d50
Event: 3751.005 Thread 0x000002793b6b9220 Thread exited: 0x000002793b6b9220
Event: 3751.021 Thread 0x000002793b6b8880 Thread exited: 0x000002793b6b8880
Event: 3751.028 Thread 0x000002793b6baa30 Thread exited: 0x000002793b6baa30
Event: 3751.086 Thread 0x0000027936ce0210 Thread exited: 0x0000027936ce0210
Event: 3751.087 Thread 0x0000027936cdea00 Thread exited: 0x0000027936cdea00
Event: 3751.088 Thread 0x000002793b6b96f0 Thread exited: 0x000002793b6b96f0
Event: 3751.089 Thread 0x000002793b6b7ee0 Thread exited: 0x000002793b6b7ee0
Event: 3751.090 Thread 0x0000027936cdfd40 Thread exited: 0x0000027936cdfd40
Event: 3751.090 Thread 0x000002793b6bdf20 Thread exited: 0x000002793b6bdf20
Event: 3751.091 Thread 0x000002793b6bbd70 Thread exited: 0x000002793b6bbd70
Event: 3751.094 Thread 0x0000027936ce1a20 Thread exited: 0x0000027936ce1a20
Event: 3751.095 Thread 0x0000027936ce0bb0 Thread exited: 0x0000027936ce0bb0
Event: 3751.099 Thread 0x000002793b6bc240 Thread exited: 0x000002793b6bc240
Event: 3751.099 Thread 0x000002793b6b83b0 Thread exited: 0x000002793b6b83b0


Dynamic libraries:
0x00007ff651770000 - 0x00007ff65177e000 	C:\Users\Sangita\Downloads\spring-tool-suite-4-4.18.0.RELEASE-e4.27.0-win32.win32.x86_64.self-extracting\sts-4.18.0.RELEASE\plugins\org.eclipse.justj.openjdk.hotspot.jre.full.win32.x86_64_17.0.6.v20230204-1729\jre\bin\javaw.exe
0x00007ffdd53b0000 - 0x00007ffdd55c7000 	C:\WINDOWS\SYSTEM32\ntdll.dll
0x00007ffdd3a40000 - 0x00007ffdd3b04000 	C:\WINDOWS\System32\KERNEL32.DLL
0x00007ffdd2970000 - 0x00007ffdd2d27000 	C:\WINDOWS\System32\KERNELBASE.dll
0x00007ffdd2d30000 - 0x00007ffdd2e41000 	C:\WINDOWS\System32\ucrtbase.dll
0x00007ffdae6d0000 - 0x00007ffdae6e9000 	C:\Users\Sangita\Downloads\spring-tool-suite-4-4.18.0.RELEASE-e4.27.0-win32.win32.x86_64.self-extracting\sts-4.18.0.RELEASE\plugins\org.eclipse.justj.openjdk.hotspot.jre.full.win32.x86_64_17.0.6.v20230204-1729\jre\bin\VCRUNTIME140.dll
0x00007ffdaded0000 - 0x00007ffdadee7000 	C:\Users\Sangita\Downloads\spring-tool-suite-4-4.18.0.RELEASE-e4.27.0-win32.win32.x86_64.self-extracting\sts-4.18.0.RELEASE\plugins\org.eclipse.justj.openjdk.hotspot.jre.full.win32.x86_64_17.0.6.v20230204-1729\jre\bin\jli.dll
0x00007ffdd33d0000 - 0x00007ffdd357f000 	C:\WINDOWS\System32\USER32.dll
0x00007ffdd30b0000 - 0x00007ffdd30d6000 	C:\WINDOWS\System32\win32u.dll
0x00007ffdd3d20000 - 0x00007ffdd3d49000 	C:\WINDOWS\System32\GDI32.dll
0x00007ffdadae0000 - 0x00007ffdadd73000 	C:\WINDOWS\WinSxS\amd64_microsoft.windows.common-controls_6595b64144ccf1df_6.0.22621.3672_none_2713b9d173822955\COMCTL32.dll
0x00007ffdd26c0000 - 0x00007ffdd27d8000 	C:\WINDOWS\System32\gdi32full.dll
0x00007ffdd3fc0000 - 0x00007ffdd4067000 	C:\WINDOWS\System32\msvcrt.dll
0x00007ffdd28d0000 - 0x00007ffdd296a000 	C:\WINDOWS\System32\msvcp_win.dll
0x00007ffdd3200000 - 0x00007ffdd3231000 	C:\WINDOWS\System32\IMM32.DLL
0x00007ffdaee30000 - 0x00007ffdaee3c000 	C:\Users\Sangita\Downloads\spring-tool-suite-4-4.18.0.RELEASE-e4.27.0-win32.win32.x86_64.self-extracting\sts-4.18.0.RELEASE\plugins\org.eclipse.justj.openjdk.hotspot.jre.full.win32.x86_64_17.0.6.v20230204-1729\jre\bin\vcruntime140_1.dll
0x00007ffd7dcb0000 - 0x00007ffd7dd41000 	C:\Users\Sangita\Downloads\spring-tool-suite-4-4.18.0.RELEASE-e4.27.0-win32.win32.x86_64.self-extracting\sts-4.18.0.RELEASE\plugins\org.eclipse.justj.openjdk.hotspot.jre.full.win32.x86_64_17.0.6.v20230204-1729\jre\bin\msvcp140.dll
0x00007ffd4ee10000 - 0x00007ffd4fa57000 	C:\Users\Sangita\Downloads\spring-tool-suite-4-4.18.0.RELEASE-e4.27.0-win32.win32.x86_64.self-extracting\sts-4.18.0.RELEASE\plugins\org.eclipse.justj.openjdk.hotspot.jre.full.win32.x86_64_17.0.6.v20230204-1729\jre\bin\server\jvm.dll
0x00007ffdd46b0000 - 0x00007ffdd4762000 	C:\WINDOWS\System32\ADVAPI32.dll
0x00007ffdd3b10000 - 0x00007ffdd3bb8000 	C:\WINDOWS\System32\sechost.dll
0x00007ffdd28a0000 - 0x00007ffdd28c8000 	C:\WINDOWS\System32\bcrypt.dll
0x00007ffdd30e0000 - 0x00007ffdd31f4000 	C:\WINDOWS\System32\RPCRT4.dll
0x00007ffd91230000 - 0x00007ffd91239000 	C:\WINDOWS\SYSTEM32\WSOCK32.dll
0x00007ffdd3bc0000 - 0x00007ffdd3c31000 	C:\WINDOWS\System32\WS2_32.dll
0x00007ffdcae30000 - 0x00007ffdcae64000 	C:\WINDOWS\SYSTEM32\WINMM.dll
0x00007ffdcff50000 - 0x00007ffdcff5a000 	C:\WINDOWS\SYSTEM32\VERSION.dll
0x00007ffdd16d0000 - 0x00007ffdd16e8000 	C:\WINDOWS\SYSTEM32\kernel.appcore.dll
0x00007ffdae950000 - 0x00007ffdae95a000 	C:\Users\Sangita\Downloads\spring-tool-suite-4-4.18.0.RELEASE-e4.27.0-win32.win32.x86_64.self-extracting\sts-4.18.0.RELEASE\plugins\org.eclipse.justj.openjdk.hotspot.jre.full.win32.x86_64_17.0.6.v20230204-1729\jre\bin\jimage.dll
0x00007ffdcfb60000 - 0x00007ffdcfd92000 	C:\WINDOWS\SYSTEM32\DBGHELP.DLL
0x00007ffdd3590000 - 0x00007ffdd391e000 	C:\WINDOWS\System32\combase.dll
0x00007ffdd3c40000 - 0x00007ffdd3d17000 	C:\WINDOWS\System32\OLEAUT32.dll
0x00007ffd90d50000 - 0x00007ffd90d82000 	C:\WINDOWS\SYSTEM32\dbgcore.DLL
0x00007ffdd2fc0000 - 0x00007ffdd303b000 	C:\WINDOWS\System32\bcryptPrimitives.dll
0x00007ffda7950000 - 0x00007ffda7975000 	C:\Users\Sangita\Downloads\spring-tool-suite-4-4.18.0.RELEASE-e4.27.0-win32.win32.x86_64.self-extracting\sts-4.18.0.RELEASE\plugins\org.eclipse.justj.openjdk.hotspot.jre.full.win32.x86_64_17.0.6.v20230204-1729\jre\bin\java.dll
0x00007ffd9fc10000 - 0x00007ffd9fc28000 	C:\Users\Sangita\Downloads\spring-tool-suite-4-4.18.0.RELEASE-e4.27.0-win32.win32.x86_64.self-extracting\sts-4.18.0.RELEASE\plugins\org.eclipse.justj.openjdk.hotspot.jre.full.win32.x86_64_17.0.6.v20230204-1729\jre\bin\zip.dll
0x00007ffdd4a80000 - 0x00007ffdd52e9000 	C:\WINDOWS\System32\SHELL32.dll
0x00007ffdd05a0000 - 0x00007ffdd0e9f000 	C:\WINDOWS\SYSTEM32\windows.storage.dll
0x00007ffdd0460000 - 0x00007ffdd059f000 	C:\WINDOWS\SYSTEM32\wintypes.dll
0x00007ffdd32a0000 - 0x00007ffdd3399000 	C:\WINDOWS\System32\SHCORE.dll
0x00007ffdd4a20000 - 0x00007ffdd4a7e000 	C:\WINDOWS\System32\shlwapi.dll
0x00007ffdd25f0000 - 0x00007ffdd2617000 	C:\WINDOWS\SYSTEM32\profapi.dll
0x00007ffd9dab0000 - 0x00007ffd9dac9000 	C:\Users\Sangita\Downloads\spring-tool-suite-4-4.18.0.RELEASE-e4.27.0-win32.win32.x86_64.self-extracting\sts-4.18.0.RELEASE\plugins\org.eclipse.justj.openjdk.hotspot.jre.full.win32.x86_64_17.0.6.v20230204-1729\jre\bin\net.dll
0x00007ffdca7c0000 - 0x00007ffdca8f6000 	C:\WINDOWS\SYSTEM32\WINHTTP.dll
0x00007ffdd1b40000 - 0x00007ffdd1ba9000 	C:\WINDOWS\system32\mswsock.dll
0x00007ffd9da90000 - 0x00007ffd9daa5000 	C:\Users\Sangita\Downloads\spring-tool-suite-4-4.18.0.RELEASE-e4.27.0-win32.win32.x86_64.self-extracting\sts-4.18.0.RELEASE\plugins\org.eclipse.justj.openjdk.hotspot.jre.full.win32.x86_64_17.0.6.v20230204-1729\jre\bin\nio.dll
0x00007ffdca220000 - 0x00007ffdca229000 	C:\Users\Sangita\Downloads\spring-tool-suite-4-4.18.0.RELEASE-e4.27.0-win32.win32.x86_64.self-extracting\sts-4.18.0.RELEASE\plugins\org.eclipse.justj.openjdk.hotspot.jre.full.win32.x86_64_17.0.6.v20230204-1729\jre\bin\management.dll
0x00007ffd9ded0000 - 0x00007ffd9dedb000 	C:\Users\Sangita\Downloads\spring-tool-suite-4-4.18.0.RELEASE-e4.27.0-win32.win32.x86_64.self-extracting\sts-4.18.0.RELEASE\plugins\org.eclipse.justj.openjdk.hotspot.jre.full.win32.x86_64_17.0.6.v20230204-1729\jre\bin\management_ext.dll
0x00007ffdd33a0000 - 0x00007ffdd33a8000 	C:\WINDOWS\System32\PSAPI.DLL
0x00007ffda11c0000 - 0x00007ffda11d7000 	C:\WINDOWS\system32\napinsp.dll
0x00007ffd8cbe0000 - 0x00007ffd8cbfb000 	C:\WINDOWS\system32\pnrpnsp.dll
0x00007ffdd1130000 - 0x00007ffdd1232000 	C:\WINDOWS\SYSTEM32\DNSAPI.dll
0x00007ffdd1100000 - 0x00007ffdd112d000 	C:\WINDOWS\SYSTEM32\IPHLPAPI.DLL
0x00007ffdd3580000 - 0x00007ffdd3589000 	C:\WINDOWS\System32\NSI.dll
0x00007ffd8bf80000 - 0x00007ffd8bf91000 	C:\WINDOWS\System32\winrnr.dll
0x00007ffdc9060000 - 0x00007ffdc9075000 	C:\WINDOWS\system32\wshbth.dll
0x00007ffd86800000 - 0x00007ffd86827000 	C:\WINDOWS\system32\nlansp_c.dll
0x00007ffda6320000 - 0x00007ffda632a000 	C:\Windows\System32\rasadhlp.dll
0x00007ffdc7970000 - 0x00007ffdc79f3000 	C:\WINDOWS\System32\fwpuclnt.dll
0x00007ffdd1d60000 - 0x00007ffdd1d7b000 	C:\WINDOWS\SYSTEM32\CRYPTSP.dll
0x00007ffdd1630000 - 0x00007ffdd1665000 	C:\WINDOWS\system32\rsaenh.dll
0x00007ffdd1c00000 - 0x00007ffdd1c28000 	C:\WINDOWS\SYSTEM32\USERENV.dll
0x00007ffdd1d80000 - 0x00007ffdd1d8c000 	C:\WINDOWS\SYSTEM32\CRYPTBASE.dll
0x00007ffdca610000 - 0x00007ffdca629000 	C:\WINDOWS\SYSTEM32\dhcpcsvc6.DLL
0x00007ffdca5c0000 - 0x00007ffdca5df000 	C:\WINDOWS\SYSTEM32\dhcpcsvc.DLL
0x00007ffdaee40000 - 0x00007ffdaee4e000 	C:\Users\Sangita\Downloads\spring-tool-suite-4-4.18.0.RELEASE-e4.27.0-win32.win32.x86_64.self-extracting\sts-4.18.0.RELEASE\plugins\org.eclipse.justj.openjdk.hotspot.jre.full.win32.x86_64_17.0.6.v20230204-1729\jre\bin\sunmscapi.dll
0x00007ffdd2e50000 - 0x00007ffdd2fb6000 	C:\WINDOWS\System32\CRYPT32.dll
0x00007ffdd1f90000 - 0x00007ffdd1fbd000 	C:\WINDOWS\SYSTEM32\ncrypt.dll
0x00007ffdd1f50000 - 0x00007ffdd1f87000 	C:\WINDOWS\SYSTEM32\NTASN1.dll
0x00007ffdae700000 - 0x00007ffdae710000 	C:\Users\Sangita\Downloads\spring-tool-suite-4-4.18.0.RELEASE-e4.27.0-win32.win32.x86_64.self-extracting\sts-4.18.0.RELEASE\plugins\org.eclipse.justj.openjdk.hotspot.jre.full.win32.x86_64_17.0.6.v20230204-1729\jre\bin\verify.dll
0x00007ffd9ffb0000 - 0x00007ffd9ffb8000 	C:\WINDOWS\system32\wshunix.dll

dbghelp: loaded successfully - version: 4.0.5 - missing functions: none
symbol engine: initialized successfully - sym options: 0x614 - pdb path: .;C:\Users\Sangita\Downloads\spring-tool-suite-4-4.18.0.RELEASE-e4.27.0-win32.win32.x86_64.self-extracting\sts-4.18.0.RELEASE\plugins\org.eclipse.justj.openjdk.hotspot.jre.full.win32.x86_64_17.0.6.v20230204-1729\jre\bin;C:\WINDOWS\SYSTEM32;C:\WINDOWS\WinSxS\amd64_microsoft.windows.common-controls_6595b64144ccf1df_6.0.22621.3672_none_2713b9d173822955;C:\Users\Sangita\Downloads\spring-tool-suite-4-4.18.0.RELEASE-e4.27.0-win32.win32.x86_64.self-extracting\sts-4.18.0.RELEASE\plugins\org.eclipse.justj.openjdk.hotspot.jre.full.win32.x86_64_17.0.6.v20230204-1729\jre\bin\server

VM Arguments:
jvm_args: -Dcom.sun.management.jmxremote -Dcom.sun.management.jmxremote.port=56321 -Dcom.sun.management.jmxremote.authenticate=false -Dcom.sun.management.jmxremote.ssl=false -Djava.rmi.server.hostname=localhost -Dspring.jmx.enabled=true -Dmanagement.endpoints.jmx.exposure.include=* -Dspring.application.admin.enabled=true -XX:TieredStopAtLevel=1 -Dspring.boot.project.name=identity-service -Dfile.encoding=UTF-8 -XX:+ShowCodeDetailsInExceptionMessages 
java_command: com.identity.IdentityServiceApplication --spring.output.ansi.enabled=always
java_class_path (initial): C:\Users\Sangita\Institute Management System\identity-service\target\classes;C:\Users\Sangita\.m2\repository\org\springframework\boot\spring-boot-starter-data-jpa\3.3.0\spring-boot-starter-data-jpa-3.3.0.jar;C:\Users\Sangita\.m2\repository\org\springframework\boot\spring-boot-starter-aop\3.3.0\spring-boot-starter-aop-3.3.0.jar;C:\Users\Sangita\.m2\repository\org\aspectj\aspectjweaver\1.9.22\aspectjweaver-1.9.22.jar;C:\Users\Sangita\.m2\repository\org\springframework\boot\spring-boot-starter-jdbc\3.3.0\spring-boot-starter-jdbc-3.3.0.jar;C:\Users\Sangita\.m2\repository\com\zaxxer\HikariCP\5.1.0\HikariCP-5.1.0.jar;C:\Users\Sangita\.m2\repository\org\springframework\spring-jdbc\6.1.8\spring-jdbc-6.1.8.jar;C:\Users\Sangita\.m2\repository\org\hibernate\orm\hibernate-core\6.5.2.Final\hibernate-core-6.5.2.Final.jar;C:\Users\Sangita\.m2\repository\jakarta\persistence\jakarta.persistence-api\3.1.0\jakarta.persistence-api-3.1.0.jar;C:\Users\Sangita\.m2\repository\jakarta\transaction\jakarta.transaction-api\2.0.1\jakarta.transaction-api-2.0.1.jar;C:\Users\Sangita\.m2\repository\org\jboss\logging\jboss-logging\3.5.3.Final\jboss-logging-3.5.3.Final.jar;C:\Users\Sangita\.m2\repository\org\hibernate\common\hibernate-commons-annotations\6.0.6.Final\hibernate-commons-annotations-6.0.6.Final.jar;C:\Users\Sangita\.m2\repository\io\smallrye\jandex\3.1.2\jandex-3.1.2.jar;C:\Users\Sangita\.m2\repository\com\fasterxml\classmate\1.7.0\classmate-1.7.0.jar;C:\Users\Sangita\.m2\repository\net\bytebuddy\byte-buddy\1.14.16\byte-buddy-1.14.16.jar;C:\Users\Sangita\.m2\repository\org\glassfish\jaxb\jaxb-runtime\4.0.5\jaxb-runtime-4.0.5.jar;C:\Users\Sangita\.m2\repository\org\glassfish\jaxb\jaxb-core\4.0.5\jaxb-core-4.0.5.jar;C:\Users\Sangita\.m2\repository\org\eclipse\angus\angus-activation\2.0.2\angus-activation-2.0.2.jar;C:\Users\Sangita\.m2\repository\org\glassfish\jaxb\txw2\4.0.5\txw2-4.0.5.jar;C:\Users\Sangita\.m2\repository\com\sun\istack\istack-commons-runtime\4.
Launcher Type: SUN_STANDARD

[Global flags]
     intx CICompilerCount                          = 3                                         {product} {ergonomic}
     uint ConcGCThreads                            = 1                                         {product} {ergonomic}
     uint G1ConcRefinementThreads                  = 4                                         {product} {ergonomic}
   size_t G1HeapRegionSize                         = 1048576                                   {product} {ergonomic}
    uintx GCDrainStackTargetSize                   = 64                                        {product} {ergonomic}
   size_t InitialHeapSize                          = 130023424                                 {product} {ergonomic}
     bool ManagementServer                         = true                                      {product} {command line}
   size_t MarkStackSize                            = 4194304                                   {product} {ergonomic}
   size_t MaxHeapSize                              = 2067791872                                {product} {ergonomic}
   size_t MaxNewSize                               = 1240465408                                {product} {ergonomic}
   size_t MinHeapDeltaBytes                        = 1048576                                   {product} {ergonomic}
   size_t MinHeapSize                              = 8388608                                   {product} {ergonomic}
    uintx NonProfiledCodeHeapSize                  = 0                                      {pd product} {ergonomic}
     bool ProfileInterpreter                       = false                                  {pd product} {command line}
    uintx ProfiledCodeHeapSize                     = 0                                      {pd product} {ergonomic}
     bool ShowCodeDetailsInExceptionMessages       = true                                   {manageable} {command line}
   size_t SoftMaxHeapSize                          = 2067791872                             {manageable} {ergonomic}
     intx TieredStopAtLevel                        = 1                                         {product} {command line}
     bool UseCompressedClassPointers               = true                           {product lp64_product} {ergonomic}
     bool UseCompressedOops                        = true                           {product lp64_product} {ergonomic}
     bool UseG1GC                                  = true                                      {product} {ergonomic}
     bool UseLargePagesIndividualAllocation        = false                                  {pd product} {ergonomic}

Logging:
Log output configuration:
 #0: stdout all=warning uptime,level,tags
 #1: stderr all=off uptime,level,tags

Environment Variables:
JAVA_HOME=C:\Program Files\Java\jdk-11.0.17
CLASSPATH=C:\mysql-connector-java-8.0.27.jar;
PATH=C:/Users/Sangita/Downloads/spring-tool-suite-4-4.18.0.RELEASE-e4.27.0-win32.win32.x86_64.self-extracting/sts-4.18.0.RELEASE//plugins/org.eclipse.justj.openjdk.hotspot.jre.full.win32.x86_64_17.0.6.v20230204-1729/jre/bin/server;C:/Users/Sangita/Downloads/spring-tool-suite-4-4.18.0.RELEASE-e4.27.0-win32.win32.x86_64.self-extracting/sts-4.18.0.RELEASE//plugins/org.eclipse.justj.openjdk.hotspot.jre.full.win32.x86_64_17.0.6.v20230204-1729/jre/bin;C:\Program Files\Common Files\Oracle\Java\javapath;C:\WINDOWS\system32;C:\WINDOWS;C:\WINDOWS\System32\Wbem;C:\WINDOWS\System32\WindowsPowerShell\v1.0\;C:\WINDOWS\System32\OpenSSH\;C:\MinGW\bin;C:\Program Files\Git\cmd;C:\Program Files\Java\jdk-11.0.17\bin;C:\ProgramData\chocolatey\bin;C:\ProgramData\Microsoft\Windows\Start Menu\Programs\Node.js;;C:\Program Files\nodejs;C:\Program Files\Docker\Docker\resources\bin;C:\Users\Sangita\AppData\Local\Programs\Microsoft VS Code\bin;C:\MinGW\mingw32\bin;C:\mysql-connector-java-8.0.27\mysql-connector-java-8.0.27;C:\Users\Sangita\AppData\Local\GitHubDesktop\bin;C:\Program Files\Java\jdk1.7.0_80\bin;C:\Users\Sangita\AppData\Roaming\npm;C:\Users\Sangita\AppData\Local\gitkraken\bin;C:\ProgramData\Microsoft\Windows\Start Menu\Programs\Node.js;%NVM_HOME%;C:\Program Files\nodejs;C:\Users\Sangita\AppData\Local\Microsoft\WindowsApps;;C:\Users\Sangita\Downloads\spring-tool-suite-4-4.18.0.RELEASE-e4.27.0-win32.win32.x86_64.self-extracting\sts-4.18.0.RELEASE;
USERNAME=Sangita
OS=Windows_NT
PROCESSOR_IDENTIFIER=Intel64 Family 6 Model 126 Stepping 5, GenuineIntel
TMP=C:\Users\Sangita\AppData\Local\Temp
TEMP=C:\Users\Sangita\AppData\Local\Temp



---------------  S Y S T E M  ---------------

OS:
 Windows 11 , 64 bit Build 22621 (10.0.22621.3958)
OS uptime: 22 days 6:36 hours
Hyper-V role detected

CPU: total 4 (initial active 4) (2 cores per cpu, 2 threads per core) family 6 model 126 stepping 5 microcode 0xa0, cx8, cmov, fxsr, ht, mmx, 3dnowpref, sse, sse2, sse3, ssse3, sse4.1, sse4.2, popcnt, lzcnt, tsc, tscinvbit, avx, avx2, aes, erms, clmul, bmi1, bmi2, adx, avx512f, avx512dq, avx512cd, avx512bw, avx512vl, sha, fma, vzeroupper, avx512_vpopcntdq, avx512_vpclmulqdq, avx512_vaes, avx512_vnni, clflush, clflushopt, avx512_vbmi2, avx512_vbmi, hv

Memory: 4k page, system-wide physical 7880M (498M free)
TotalPageFile size 15380M (AvailPageFile size 4M)
current process WorkingSet (physical memory assigned to process): 78M, peak: 328M
current process commit charge ("private bytes"): 347M, peak: 444M

vm_info: OpenJDK 64-Bit Server VM (17.0.6+10) for windows-amd64 JRE (17.0.6+10), built on Jan 18 2023 10:08:59 by "temurin" with MS VC++ 16.7 (VS2019)

END.
