#
# There is insufficient memory for the Java Runtime Environment to continue.
# Native memory allocation (mmap) failed to map 65536 bytes for Failed to commit metaspace.
# Possible reasons:
#   The system is out of physical RAM or swap space
#   The process is running with CompressedOops enabled, and the Java Heap may be blocking the growth of the native heap
# Possible solutions:
#   Reduce memory load on the system
#   Increase physical memory or swap space
#   Check if swap backing store is full
#   Decrease Java heap size (-Xmx/-Xms)
#   Decrease number of Java threads
#   Decrease Java thread stack sizes (-Xss)
#   Set larger code cache with -XX:ReservedCodeCacheSize=
#   JVM is running with Unscaled Compressed Oops mode in which the Java heap is
#     placed in the first 4GB address space. The Java Heap base address is the
#     maximum limit for the native heap growth. Please use -XX:HeapBaseMinAddress
#     to set the Java Heap base and to place the Java Heap above 4GB virtual address.
# This output file may be truncated or incomplete.
#
#  Out of Memory Error (virtualSpaceNode.cpp:110), pid=4240, tid=10060
#
# JRE version: OpenJDK Runtime Environment Temurin-17.0.6+10 (17.0.6+10) (build 17.0.6+10)
# Java VM: OpenJDK 64-Bit Server VM Temurin-17.0.6+10 (17.0.6+10, mixed mode, emulated-client, tiered, compressed oops, compressed class ptrs, g1 gc, windows-amd64)
# No core dump will be written. Minidumps are not enabled by default on client versions of Windows
#

---------------  S U M M A R Y ------------

Command Line: -Dcom.sun.management.jmxremote -Dcom.sun.management.jmxremote.port=57257 -Dcom.sun.management.jmxremote.authenticate=false -Dcom.sun.management.jmxremote.ssl=false -Djava.rmi.server.hostname=localhost -Dspring.jmx.enabled=true -Dmanagement.endpoints.jmx.exposure.include=* -Dspring.application.admin.enabled=true -XX:TieredStopAtLevel=1 -Dspring.boot.project.name=batchService -Dfile.encoding=UTF-8 -XX:+ShowCodeDetailsInExceptionMessages com.batch.BatchServiceApplication --spring.output.ansi.enabled=always

Host: Intel(R) Core(TM) i3-1005G1 CPU @ 1.20GHz, 4 cores, 7G,  Windows 10 , 64 bit Build 18362 (10.0.18362.1500)
Time: Tue Jun 18 21:59:14 2024 India Standard Time elapsed time: 7.032272 seconds (0d 0h 0m 7s)

---------------  T H R E A D  ---------------

Current thread (0x0000022f91294890):  JavaThread "RMI TCP Connection(1)-127.0.0.1" daemon [_thread_in_vm, id=10060, stack(0x000000d55c600000,0x000000d55c700000)]

Stack: [0x000000d55c600000,0x000000d55c700000]
Native frames: (J=compiled Java code, j=interpreted, Vv=VM code, C=native code)
V  [jvm.dll+0x67741a]
V  [jvm.dll+0x834434]
V  [jvm.dll+0x835bde]
V  [jvm.dll+0x836243]
V  [jvm.dll+0x2457b5]
V  [jvm.dll+0x8304cb]
V  [jvm.dll+0x61bca6]
V  [jvm.dll+0x61bd0a]
V  [jvm.dll+0x61e52a]
V  [jvm.dll+0x61c646]
V  [jvm.dll+0x36b462]
V  [jvm.dll+0x1e20cb]
V  [jvm.dll+0x53c6f9]
V  [jvm.dll+0x1f1017]
V  [jvm.dll+0x7aea1b]
V  [jvm.dll+0x7afdc2]
V  [jvm.dll+0x7b0559]
V  [jvm.dll+0x1eb654]
V  [jvm.dll+0x1e085a]
V  [jvm.dll+0x53c6d0]
V  [jvm.dll+0x1f1017]
V  [jvm.dll+0x7aea1b]
V  [jvm.dll+0x7afdc2]
V  [jvm.dll+0x7b00f8]
V  [jvm.dll+0x23dbbe]
V  [jvm.dll+0x37ecce]
C  0x0000022f84a19925

Java frames: (J=compiled Java code, j=interpreted, Vv=VM code)
j  sun.rmi.transport.StreamRemoteCall.getInputStream()Ljava/io/ObjectInput;+19 java.rmi@17.0.6
j  sun.rmi.transport.Transport.serviceCall(Ljava/rmi/server/RemoteCall;)Z+1 java.rmi@17.0.6
j  sun.rmi.transport.tcp.TCPTransport.handleMessages(Lsun/rmi/transport/Connection;Z)V+145 java.rmi@17.0.6
j  sun.rmi.transport.tcp.TCPTransport$ConnectionHandler.run0()V+522 java.rmi@17.0.6
j  sun.rmi.transport.tcp.TCPTransport$ConnectionHandler.lambda$run$0()Ljava/lang/Void;+1 java.rmi@17.0.6
j  sun.rmi.transport.tcp.TCPTransport$ConnectionHandler$$Lambda$217+0x00000001001ccb90.run()Ljava/lang/Object;+4 java.rmi@17.0.6
J 878 c1 java.security.AccessController.executePrivileged(Ljava/security/PrivilegedAction;Ljava/security/AccessControlContext;Ljava/lang/Class;)Ljava/lang/Object; java.base@17.0.6 (65 bytes) @ 0x0000022f84c3ae0c [0x0000022f84c3adc0+0x000000000000004c]
j  java.security.AccessController.doPrivileged(Ljava/security/PrivilegedAction;Ljava/security/AccessControlContext;)Ljava/lang/Object;+13 java.base@17.0.6
j  sun.rmi.transport.tcp.TCPTransport$ConnectionHandler.run()V+37 java.rmi@17.0.6
j  java.util.concurrent.ThreadPoolExecutor.runWorker(Ljava/util/concurrent/ThreadPoolExecutor$Worker;)V+92 java.base@17.0.6
j  java.util.concurrent.ThreadPoolExecutor$Worker.run()V+5 java.base@17.0.6
j  java.lang.Thread.run()V+11 java.base@17.0.6
v  ~StubRoutines::call_stub

---------------  P R O C E S S  ---------------

Threads class SMR info:
_java_thread_list=0x0000022f912f6540, length=17, elements={
0x0000022fffe97070, 0x0000022f8f813620, 0x0000022f8f816b90, 0x0000022f8edb59b0,
0x0000022f8edb6270, 0x0000022f8f83d7b0, 0x0000022f8f841920, 0x0000022f8f842980,
0x0000022f8f870580, 0x0000022f8ed300b0, 0x0000022f8fa0c240, 0x0000022f90143880,
0x0000022f90135e50, 0x0000022f900dc860, 0x0000022f91171040, 0x0000022f91171510,
0x0000022f91294890
}

Java Threads: ( => current thread )
  0x0000022fffe97070 JavaThread "main" [_thread_blocked, id=18708, stack(0x000000d55ab00000,0x000000d55ac00000)]
  0x0000022f8f813620 JavaThread "Reference Handler" daemon [_thread_blocked, id=16860, stack(0x000000d55b200000,0x000000d55b300000)]
  0x0000022f8f816b90 JavaThread "Finalizer" daemon [_thread_blocked, id=19584, stack(0x000000d55b300000,0x000000d55b400000)]
  0x0000022f8edb59b0 JavaThread "Signal Dispatcher" daemon [_thread_blocked, id=15520, stack(0x000000d55b400000,0x000000d55b500000)]
  0x0000022f8edb6270 JavaThread "Attach Listener" daemon [_thread_blocked, id=12880, stack(0x000000d55b500000,0x000000d55b600000)]
  0x0000022f8f83d7b0 JavaThread "Service Thread" daemon [_thread_blocked, id=15096, stack(0x000000d55b600000,0x000000d55b700000)]
  0x0000022f8f841920 JavaThread "Monitor Deflation Thread" daemon [_thread_blocked, id=7828, stack(0x000000d55b700000,0x000000d55b800000)]
  0x0000022f8f842980 JavaThread "C1 CompilerThread0" daemon [_thread_blocked, id=21372, stack(0x000000d55b800000,0x000000d55b900000)]
  0x0000022f8f870580 JavaThread "Sweeper thread" daemon [_thread_blocked, id=21088, stack(0x000000d55b900000,0x000000d55ba00000)]
  0x0000022f8ed300b0 JavaThread "Common-Cleaner" daemon [_thread_blocked, id=18480, stack(0x000000d55ba00000,0x000000d55bb00000)]
  0x0000022f8fa0c240 JavaThread "Notification Thread" daemon [_thread_blocked, id=14104, stack(0x000000d55bb00000,0x000000d55bc00000)]
  0x0000022f90143880 JavaThread "RMI TCP Accept-0" daemon [_thread_in_native, id=9500, stack(0x000000d55bc00000,0x000000d55bd00000)]
  0x0000022f90135e50 JavaThread "RMI TCP Accept-57257" daemon [_thread_in_native, id=12132, stack(0x000000d55c100000,0x000000d55c200000)]
  0x0000022f900dc860 JavaThread "RMI TCP Accept-0" daemon [_thread_in_native, id=15108, stack(0x000000d55c200000,0x000000d55c300000)]
  0x0000022f91171040 JavaThread "Thread-0" [_thread_blocked, id=20372, stack(0x000000d55c400000,0x000000d55c500000)]
  0x0000022f91171510 JavaThread "restartedMain" [_thread_in_vm, id=20556, stack(0x000000d55c500000,0x000000d55c600000)]
=>0x0000022f91294890 JavaThread "RMI TCP Connection(1)-127.0.0.1" daemon [_thread_in_vm, id=10060, stack(0x000000d55c600000,0x000000d55c700000)]

Other Threads:
  0x0000022f8eda0f70 VMThread "VM Thread" [stack: 0x000000d55b100000,0x000000d55b200000] [id=10348]
  0x0000022f90137860 WatcherThread [stack: 0x000000d55c300000,0x000000d55c400000] [id=18504]
  0x0000022fffef0f00 GCTaskThread "GC Thread#0" [stack: 0x000000d55ac00000,0x000000d55ad00000] [id=17384]
  0x0000022ffff03dc0 GCTaskThread "GC Thread#1" [stack: 0x000000d55bd00000,0x000000d55be00000] [id=11616]
  0x0000022ffff03300 GCTaskThread "GC Thread#2" [stack: 0x000000d55be00000,0x000000d55bf00000] [id=16744]
  0x0000022ffff03050 GCTaskThread "GC Thread#3" [stack: 0x000000d55bf00000,0x000000d55c000000] [id=13432]
  0x0000022ffff012d0 ConcurrentGCThread "G1 Main Marker" [stack: 0x000000d55ad00000,0x000000d55ae00000] [id=120]
  0x0000022ffff02840 ConcurrentGCThread "G1 Conc#0" [stack: 0x000000d55ae00000,0x000000d55af00000] [id=14968]
  0x0000022ffff3ec50 ConcurrentGCThread "G1 Refine#0" [stack: 0x000000d55af00000,0x000000d55b000000] [id=19968]
  0x0000022f901383f0 ConcurrentGCThread "G1 Refine#1" [stack: 0x000000d55c000000,0x000000d55c100000] [id=4244]
  0x0000022f8ebed740 ConcurrentGCThread "G1 Service" [stack: 0x000000d55b000000,0x000000d55b100000] [id=11232]

Threads with active compile tasks:

VM state: not at safepoint (normal execution)

VM Mutex/Monitor currently owned by a thread:  ([mutex/lock_event])
[0x0000022fffe903a0] Metaspace_lock - owner thread: 0x0000022f91294890

Heap address: 0x0000000084c00000, size: 1972 MB, Compressed Oops mode: 32-bit

CDS archive(s) not mapped
Compressed class space mapped at: 0x0000000100000000-0x0000000140000000, reserved size: 1073741824
Narrow klass base: 0x0000000000000000, Narrow klass shift: 3, Narrow klass range: 0x140000000

GC Precious Log:
 CPUs: 4 total, 4 available
 Memory: 7880M
 Large Page Support: Disabled
 NUMA Support: Disabled
 Compressed Oops: Enabled (32-bit)
 Heap Region Size: 1M
 Heap Min Capacity: 8M
 Heap Initial Capacity: 124M
 Heap Max Capacity: 1972M
 Pre-touch: Disabled
 Parallel Workers: 4
 Concurrent Workers: 1
 Concurrent Refinement Workers: 4
 Periodic GC: Disabled

Heap:
 garbage-first heap   total 126976K, used 16198K [0x0000000084c00000, 0x0000000100000000)
  region size 1024K, 8 young (8192K), 2 survivors (2048K)
 Metaspace       used 17900K, committed 18112K, reserved 1073152K
  class space    used 1962K, committed 2048K, reserved 1048576K

Heap Regions: E=young(eden), S=young(survivor), O=old, HS=humongous(starts), HC=humongous(continues), CS=collection set, F=free, OA=open archive, CA=closed archive, TAMS=top-at-mark-start (previous, next)
|   0|0x0000000084c00000, 0x0000000084d00000, 0x0000000084d00000|100%|HS|  |TAMS 0x0000000084c00000, 0x0000000084c00000| Complete 
|   1|0x0000000084d00000, 0x0000000084e00000, 0x0000000084e00000|100%|HS|  |TAMS 0x0000000084d00000, 0x0000000084d00000| Complete 
|   2|0x0000000084e00000, 0x0000000084f00000, 0x0000000084f00000|100%| O|  |TAMS 0x0000000084e00000, 0x0000000084e00000| Untracked 
|   3|0x0000000084f00000, 0x0000000085000000, 0x0000000085000000|100%| O|  |TAMS 0x0000000084f00000, 0x0000000084f00000| Untracked 
|   4|0x0000000085000000, 0x0000000085100000, 0x0000000085100000|100%| O|  |TAMS 0x0000000085000000, 0x0000000085000000| Untracked 
|   5|0x0000000085100000, 0x0000000085200000, 0x0000000085200000|100%| O|  |TAMS 0x0000000085100000, 0x0000000085100000| Untracked 
|   6|0x0000000085200000, 0x0000000085300000, 0x0000000085300000|100%| O|  |TAMS 0x0000000085200000, 0x0000000085200000| Untracked 
|   7|0x0000000085300000, 0x0000000085400000, 0x0000000085400000|100%| O|  |TAMS 0x0000000085300000, 0x0000000085300000| Untracked 
|   8|0x0000000085400000, 0x0000000085500000, 0x0000000085500000|100%| O|  |TAMS 0x0000000085400000, 0x0000000085400000| Untracked 
|   9|0x0000000085500000, 0x000000008551e400, 0x0000000085600000| 11%| O|  |TAMS 0x0000000085500000, 0x0000000085500000| Untracked 
|  10|0x0000000085600000, 0x0000000085600000, 0x0000000085700000|  0%| F|  |TAMS 0x0000000085600000, 0x0000000085600000| Untracked 
|  11|0x0000000085700000, 0x0000000085700000, 0x0000000085800000|  0%| F|  |TAMS 0x0000000085700000, 0x0000000085700000| Untracked 
|  12|0x0000000085800000, 0x0000000085800000, 0x0000000085900000|  0%| F|  |TAMS 0x0000000085800000, 0x0000000085800000| Untracked 
|  13|0x0000000085900000, 0x0000000085900000, 0x0000000085a00000|  0%| F|  |TAMS 0x0000000085900000, 0x0000000085900000| Untracked 
|  14|0x0000000085a00000, 0x0000000085a00000, 0x0000000085b00000|  0%| F|  |TAMS 0x0000000085a00000, 0x0000000085a00000| Untracked 
|  15|0x0000000085b00000, 0x0000000085b00000, 0x0000000085c00000|  0%| F|  |TAMS 0x0000000085b00000, 0x0000000085b00000| Untracked 
|  16|0x0000000085c00000, 0x0000000085c00000, 0x0000000085d00000|  0%| F|  |TAMS 0x0000000085c00000, 0x0000000085c00000| Untracked 
|  17|0x0000000085d00000, 0x0000000085d00000, 0x0000000085e00000|  0%| F|  |TAMS 0x0000000085d00000, 0x0000000085d00000| Untracked 
|  18|0x0000000085e00000, 0x0000000085e00000, 0x0000000085f00000|  0%| F|  |TAMS 0x0000000085e00000, 0x0000000085e00000| Untracked 
|  19|0x0000000085f00000, 0x0000000085f00000, 0x0000000086000000|  0%| F|  |TAMS 0x0000000085f00000, 0x0000000085f00000| Untracked 
|  20|0x0000000086000000, 0x0000000086000000, 0x0000000086100000|  0%| F|  |TAMS 0x0000000086000000, 0x0000000086000000| Untracked 
|  21|0x0000000086100000, 0x0000000086100000, 0x0000000086200000|  0%| F|  |TAMS 0x0000000086100000, 0x0000000086100000| Untracked 
|  22|0x0000000086200000, 0x0000000086200000, 0x0000000086300000|  0%| F|  |TAMS 0x0000000086200000, 0x0000000086200000| Untracked 
|  23|0x0000000086300000, 0x0000000086300000, 0x0000000086400000|  0%| F|  |TAMS 0x0000000086300000, 0x0000000086300000| Untracked 
|  24|0x0000000086400000, 0x0000000086400000, 0x0000000086500000|  0%| F|  |TAMS 0x0000000086400000, 0x0000000086400000| Untracked 
|  25|0x0000000086500000, 0x0000000086500000, 0x0000000086600000|  0%| F|  |TAMS 0x0000000086500000, 0x0000000086500000| Untracked 
|  26|0x0000000086600000, 0x0000000086600000, 0x0000000086700000|  0%| F|  |TAMS 0x0000000086600000, 0x0000000086600000| Untracked 
|  27|0x0000000086700000, 0x0000000086700000, 0x0000000086800000|  0%| F|  |TAMS 0x0000000086700000, 0x0000000086700000| Untracked 
|  28|0x0000000086800000, 0x0000000086800000, 0x0000000086900000|  0%| F|  |TAMS 0x0000000086800000, 0x0000000086800000| Untracked 
|  29|0x0000000086900000, 0x0000000086900000, 0x0000000086a00000|  0%| F|  |TAMS 0x0000000086900000, 0x0000000086900000| Untracked 
|  30|0x0000000086a00000, 0x0000000086a00000, 0x0000000086b00000|  0%| F|  |TAMS 0x0000000086a00000, 0x0000000086a00000| Untracked 
|  31|0x0000000086b00000, 0x0000000086b00000, 0x0000000086c00000|  0%| F|  |TAMS 0x0000000086b00000, 0x0000000086b00000| Untracked 
|  32|0x0000000086c00000, 0x0000000086c00000, 0x0000000086d00000|  0%| F|  |TAMS 0x0000000086c00000, 0x0000000086c00000| Untracked 
|  33|0x0000000086d00000, 0x0000000086d00000, 0x0000000086e00000|  0%| F|  |TAMS 0x0000000086d00000, 0x0000000086d00000| Untracked 
|  34|0x0000000086e00000, 0x0000000086e00000, 0x0000000086f00000|  0%| F|  |TAMS 0x0000000086e00000, 0x0000000086e00000| Untracked 
|  35|0x0000000086f00000, 0x0000000086f00000, 0x0000000087000000|  0%| F|  |TAMS 0x0000000086f00000, 0x0000000086f00000| Untracked 
|  36|0x0000000087000000, 0x0000000087000000, 0x0000000087100000|  0%| F|  |TAMS 0x0000000087000000, 0x0000000087000000| Untracked 
|  37|0x0000000087100000, 0x0000000087100000, 0x0000000087200000|  0%| F|  |TAMS 0x0000000087100000, 0x0000000087100000| Untracked 
|  38|0x0000000087200000, 0x0000000087200000, 0x0000000087300000|  0%| F|  |TAMS 0x0000000087200000, 0x0000000087200000| Untracked 
|  39|0x0000000087300000, 0x0000000087300000, 0x0000000087400000|  0%| F|  |TAMS 0x0000000087300000, 0x0000000087300000| Untracked 
|  40|0x0000000087400000, 0x0000000087400000, 0x0000000087500000|  0%| F|  |TAMS 0x0000000087400000, 0x0000000087400000| Untracked 
|  41|0x0000000087500000, 0x0000000087500000, 0x0000000087600000|  0%| F|  |TAMS 0x0000000087500000, 0x0000000087500000| Untracked 
|  42|0x0000000087600000, 0x0000000087600000, 0x0000000087700000|  0%| F|  |TAMS 0x0000000087600000, 0x0000000087600000| Untracked 
|  43|0x0000000087700000, 0x0000000087700000, 0x0000000087800000|  0%| F|  |TAMS 0x0000000087700000, 0x0000000087700000| Untracked 
|  44|0x0000000087800000, 0x0000000087800000, 0x0000000087900000|  0%| F|  |TAMS 0x0000000087800000, 0x0000000087800000| Untracked 
|  45|0x0000000087900000, 0x0000000087900000, 0x0000000087a00000|  0%| F|  |TAMS 0x0000000087900000, 0x0000000087900000| Untracked 
|  46|0x0000000087a00000, 0x0000000087a00000, 0x0000000087b00000|  0%| F|  |TAMS 0x0000000087a00000, 0x0000000087a00000| Untracked 
|  47|0x0000000087b00000, 0x0000000087b00000, 0x0000000087c00000|  0%| F|  |TAMS 0x0000000087b00000, 0x0000000087b00000| Untracked 
|  48|0x0000000087c00000, 0x0000000087c00000, 0x0000000087d00000|  0%| F|  |TAMS 0x0000000087c00000, 0x0000000087c00000| Untracked 
|  49|0x0000000087d00000, 0x0000000087d00000, 0x0000000087e00000|  0%| F|  |TAMS 0x0000000087d00000, 0x0000000087d00000| Untracked 
|  50|0x0000000087e00000, 0x0000000087e00000, 0x0000000087f00000|  0%| F|  |TAMS 0x0000000087e00000, 0x0000000087e00000| Untracked 
|  51|0x0000000087f00000, 0x0000000087f00000, 0x0000000088000000|  0%| F|  |TAMS 0x0000000087f00000, 0x0000000087f00000| Untracked 
|  52|0x0000000088000000, 0x0000000088000000, 0x0000000088100000|  0%| F|  |TAMS 0x0000000088000000, 0x0000000088000000| Untracked 
|  53|0x0000000088100000, 0x0000000088100000, 0x0000000088200000|  0%| F|  |TAMS 0x0000000088100000, 0x0000000088100000| Untracked 
|  54|0x0000000088200000, 0x0000000088200000, 0x0000000088300000|  0%| F|  |TAMS 0x0000000088200000, 0x0000000088200000| Untracked 
|  55|0x0000000088300000, 0x0000000088300000, 0x0000000088400000|  0%| F|  |TAMS 0x0000000088300000, 0x0000000088300000| Untracked 
|  56|0x0000000088400000, 0x0000000088400000, 0x0000000088500000|  0%| F|  |TAMS 0x0000000088400000, 0x0000000088400000| Untracked 
|  57|0x0000000088500000, 0x0000000088500000, 0x0000000088600000|  0%| F|  |TAMS 0x0000000088500000, 0x0000000088500000| Untracked 
|  58|0x0000000088600000, 0x0000000088600000, 0x0000000088700000|  0%| F|  |TAMS 0x0000000088600000, 0x0000000088600000| Untracked 
|  59|0x0000000088700000, 0x0000000088700000, 0x0000000088800000|  0%| F|  |TAMS 0x0000000088700000, 0x0000000088700000| Untracked 
|  60|0x0000000088800000, 0x0000000088800000, 0x0000000088900000|  0%| F|  |TAMS 0x0000000088800000, 0x0000000088800000| Untracked 
|  61|0x0000000088900000, 0x0000000088900000, 0x0000000088a00000|  0%| F|  |TAMS 0x0000000088900000, 0x0000000088900000| Untracked 
|  62|0x0000000088a00000, 0x0000000088a00000, 0x0000000088b00000|  0%| F|  |TAMS 0x0000000088a00000, 0x0000000088a00000| Untracked 
|  63|0x0000000088b00000, 0x0000000088b00000, 0x0000000088c00000|  0%| F|  |TAMS 0x0000000088b00000, 0x0000000088b00000| Untracked 
|  64|0x0000000088c00000, 0x0000000088c00000, 0x0000000088d00000|  0%| F|  |TAMS 0x0000000088c00000, 0x0000000088c00000| Untracked 
|  65|0x0000000088d00000, 0x0000000088d00000, 0x0000000088e00000|  0%| F|  |TAMS 0x0000000088d00000, 0x0000000088d00000| Untracked 
|  66|0x0000000088e00000, 0x0000000088e00000, 0x0000000088f00000|  0%| F|  |TAMS 0x0000000088e00000, 0x0000000088e00000| Untracked 
|  67|0x0000000088f00000, 0x0000000088f00000, 0x0000000089000000|  0%| F|  |TAMS 0x0000000088f00000, 0x0000000088f00000| Untracked 
|  68|0x0000000089000000, 0x0000000089000000, 0x0000000089100000|  0%| F|  |TAMS 0x0000000089000000, 0x0000000089000000| Untracked 
|  69|0x0000000089100000, 0x0000000089100000, 0x0000000089200000|  0%| F|  |TAMS 0x0000000089100000, 0x0000000089100000| Untracked 
|  70|0x0000000089200000, 0x0000000089200000, 0x0000000089300000|  0%| F|  |TAMS 0x0000000089200000, 0x0000000089200000| Untracked 
|  71|0x0000000089300000, 0x0000000089300000, 0x0000000089400000|  0%| F|  |TAMS 0x0000000089300000, 0x0000000089300000| Untracked 
|  72|0x0000000089400000, 0x0000000089400000, 0x0000000089500000|  0%| F|  |TAMS 0x0000000089400000, 0x0000000089400000| Untracked 
|  73|0x0000000089500000, 0x0000000089500000, 0x0000000089600000|  0%| F|  |TAMS 0x0000000089500000, 0x0000000089500000| Untracked 
|  74|0x0000000089600000, 0x0000000089600000, 0x0000000089700000|  0%| F|  |TAMS 0x0000000089600000, 0x0000000089600000| Untracked 
|  75|0x0000000089700000, 0x0000000089700000, 0x0000000089800000|  0%| F|  |TAMS 0x0000000089700000, 0x0000000089700000| Untracked 
|  76|0x0000000089800000, 0x0000000089800000, 0x0000000089900000|  0%| F|  |TAMS 0x0000000089800000, 0x0000000089800000| Untracked 
|  77|0x0000000089900000, 0x0000000089900000, 0x0000000089a00000|  0%| F|  |TAMS 0x0000000089900000, 0x0000000089900000| Untracked 
|  78|0x0000000089a00000, 0x0000000089a00000, 0x0000000089b00000|  0%| F|  |TAMS 0x0000000089a00000, 0x0000000089a00000| Untracked 
|  79|0x0000000089b00000, 0x0000000089b00000, 0x0000000089c00000|  0%| F|  |TAMS 0x0000000089b00000, 0x0000000089b00000| Untracked 
|  80|0x0000000089c00000, 0x0000000089c00000, 0x0000000089d00000|  0%| F|  |TAMS 0x0000000089c00000, 0x0000000089c00000| Untracked 
|  81|0x0000000089d00000, 0x0000000089d00000, 0x0000000089e00000|  0%| F|  |TAMS 0x0000000089d00000, 0x0000000089d00000| Untracked 
|  82|0x0000000089e00000, 0x0000000089e00000, 0x0000000089f00000|  0%| F|  |TAMS 0x0000000089e00000, 0x0000000089e00000| Untracked 
|  83|0x0000000089f00000, 0x0000000089f00000, 0x000000008a000000|  0%| F|  |TAMS 0x0000000089f00000, 0x0000000089f00000| Untracked 
|  84|0x000000008a000000, 0x000000008a000000, 0x000000008a100000|  0%| F|  |TAMS 0x000000008a000000, 0x000000008a000000| Untracked 
|  85|0x000000008a100000, 0x000000008a100000, 0x000000008a200000|  0%| F|  |TAMS 0x000000008a100000, 0x000000008a100000| Untracked 
|  86|0x000000008a200000, 0x000000008a200000, 0x000000008a300000|  0%| F|  |TAMS 0x000000008a200000, 0x000000008a200000| Untracked 
|  87|0x000000008a300000, 0x000000008a300000, 0x000000008a400000|  0%| F|  |TAMS 0x000000008a300000, 0x000000008a300000| Untracked 
|  88|0x000000008a400000, 0x000000008a400000, 0x000000008a500000|  0%| F|  |TAMS 0x000000008a400000, 0x000000008a400000| Untracked 
|  89|0x000000008a500000, 0x000000008a500000, 0x000000008a600000|  0%| F|  |TAMS 0x000000008a500000, 0x000000008a500000| Untracked 
|  90|0x000000008a600000, 0x000000008a600000, 0x000000008a700000|  0%| F|  |TAMS 0x000000008a600000, 0x000000008a600000| Untracked 
|  91|0x000000008a700000, 0x000000008a700000, 0x000000008a800000|  0%| F|  |TAMS 0x000000008a700000, 0x000000008a700000| Untracked 
|  92|0x000000008a800000, 0x000000008a800000, 0x000000008a900000|  0%| F|  |TAMS 0x000000008a800000, 0x000000008a800000| Untracked 
|  93|0x000000008a900000, 0x000000008a900000, 0x000000008aa00000|  0%| F|  |TAMS 0x000000008a900000, 0x000000008a900000| Untracked 
|  94|0x000000008aa00000, 0x000000008aa00000, 0x000000008ab00000|  0%| F|  |TAMS 0x000000008aa00000, 0x000000008aa00000| Untracked 
|  95|0x000000008ab00000, 0x000000008ab00000, 0x000000008ac00000|  0%| F|  |TAMS 0x000000008ab00000, 0x000000008ab00000| Untracked 
|  96|0x000000008ac00000, 0x000000008ac00000, 0x000000008ad00000|  0%| F|  |TAMS 0x000000008ac00000, 0x000000008ac00000| Untracked 
|  97|0x000000008ad00000, 0x000000008ad00000, 0x000000008ae00000|  0%| F|  |TAMS 0x000000008ad00000, 0x000000008ad00000| Untracked 
|  98|0x000000008ae00000, 0x000000008ae00000, 0x000000008af00000|  0%| F|  |TAMS 0x000000008ae00000, 0x000000008ae00000| Untracked 
|  99|0x000000008af00000, 0x000000008af00000, 0x000000008b000000|  0%| F|  |TAMS 0x000000008af00000, 0x000000008af00000| Untracked 
| 100|0x000000008b000000, 0x000000008b000000, 0x000000008b100000|  0%| F|  |TAMS 0x000000008b000000, 0x000000008b000000| Untracked 
| 101|0x000000008b100000, 0x000000008b100000, 0x000000008b200000|  0%| F|  |TAMS 0x000000008b100000, 0x000000008b100000| Untracked 
| 102|0x000000008b200000, 0x000000008b200000, 0x000000008b300000|  0%| F|  |TAMS 0x000000008b200000, 0x000000008b200000| Untracked 
| 103|0x000000008b300000, 0x000000008b3b3408, 0x000000008b400000| 70%| S|CS|TAMS 0x000000008b300000, 0x000000008b300000| Complete 
| 104|0x000000008b400000, 0x000000008b500000, 0x000000008b500000|100%| S|CS|TAMS 0x000000008b400000, 0x000000008b400000| Complete 
| 105|0x000000008b500000, 0x000000008b500000, 0x000000008b600000|  0%| F|  |TAMS 0x000000008b500000, 0x000000008b500000| Untracked 
| 106|0x000000008b600000, 0x000000008b600000, 0x000000008b700000|  0%| F|  |TAMS 0x000000008b600000, 0x000000008b600000| Untracked 
| 107|0x000000008b700000, 0x000000008b700000, 0x000000008b800000|  0%| F|  |TAMS 0x000000008b700000, 0x000000008b700000| Untracked 
| 108|0x000000008b800000, 0x000000008b800000, 0x000000008b900000|  0%| F|  |TAMS 0x000000008b800000, 0x000000008b800000| Untracked 
| 109|0x000000008b900000, 0x000000008b900000, 0x000000008ba00000|  0%| F|  |TAMS 0x000000008b900000, 0x000000008b900000| Untracked 
| 110|0x000000008ba00000, 0x000000008ba00000, 0x000000008bb00000|  0%| F|  |TAMS 0x000000008ba00000, 0x000000008ba00000| Untracked 
| 111|0x000000008bb00000, 0x000000008bb00000, 0x000000008bc00000|  0%| F|  |TAMS 0x000000008bb00000, 0x000000008bb00000| Untracked 
| 112|0x000000008bc00000, 0x000000008bc00000, 0x000000008bd00000|  0%| F|  |TAMS 0x000000008bc00000, 0x000000008bc00000| Untracked 
| 113|0x000000008bd00000, 0x000000008bd00000, 0x000000008be00000|  0%| F|  |TAMS 0x000000008bd00000, 0x000000008bd00000| Untracked 
| 114|0x000000008be00000, 0x000000008be00000, 0x000000008bf00000|  0%| F|  |TAMS 0x000000008be00000, 0x000000008be00000| Untracked 
| 115|0x000000008bf00000, 0x000000008bf00000, 0x000000008c000000|  0%| F|  |TAMS 0x000000008bf00000, 0x000000008bf00000| Untracked 
| 116|0x000000008c000000, 0x000000008c000000, 0x000000008c100000|  0%| F|  |TAMS 0x000000008c000000, 0x000000008c000000| Untracked 
| 117|0x000000008c100000, 0x000000008c100000, 0x000000008c200000|  0%| F|  |TAMS 0x000000008c100000, 0x000000008c100000| Untracked 
| 118|0x000000008c200000, 0x000000008c300000, 0x000000008c300000|100%| E|  |TAMS 0x000000008c200000, 0x000000008c200000| Complete 
| 119|0x000000008c300000, 0x000000008c400000, 0x000000008c400000|100%| E|CS|TAMS 0x000000008c300000, 0x000000008c300000| Complete 
| 120|0x000000008c400000, 0x000000008c500000, 0x000000008c500000|100%| E|CS|TAMS 0x000000008c400000, 0x000000008c400000| Complete 
| 121|0x000000008c500000, 0x000000008c600000, 0x000000008c600000|100%| E|CS|TAMS 0x000000008c500000, 0x000000008c500000| Complete 
| 122|0x000000008c600000, 0x000000008c700000, 0x000000008c700000|100%| E|CS|TAMS 0x000000008c600000, 0x000000008c600000| Complete 
| 123|0x000000008c700000, 0x000000008c800000, 0x000000008c800000|100%| E|CS|TAMS 0x000000008c700000, 0x000000008c700000| Complete 

Card table byte_map: [0x0000022f88220000,0x0000022f88600000] _byte_map_base: 0x0000022f87dfa000

Marking Bits (Prev, Next): (CMBitMap*) 0x0000022fffef1320, (CMBitMap*) 0x0000022fffef1360
 Prev Bits: [0x0000022f889e0000, 0x0000022f8a8b0000)
 Next Bits: [0x0000022f8a8b0000, 0x0000022f8c780000)

Polling page: 0x0000022fff8e0000

Metaspace:

Usage:
  Non-class:     15.57 MB used.
      Class:      1.92 MB used.
       Both:     17.48 MB used.

Virtual space:
  Non-class space:       24.00 MB reserved,      15.69 MB ( 65%) committed,  3 nodes.
      Class space:        1.00 GB reserved,       2.00 MB ( <1%) committed,  1 nodes.
             Both:        1.02 GB reserved,      17.69 MB (  2%) committed. 

Chunk freelists:
   Non-Class:  3.67 MB
       Class:  1.85 MB
        Both:  5.52 MB

MaxMetaspaceSize: unlimited
CompressedClassSpaceSize: 1.00 GB
Initial GC threshold: 21.00 MB
Current GC threshold: 21.00 MB
CDS: off
MetaspaceReclaimPolicy: balanced
 - commit_granule_bytes: 65536.
 - commit_granule_words: 8192.
 - virtual_space_node_default_size: 1048576.
 - enlarge_chunks_in_place: 1.
 - new_chunks_are_fully_committed: 0.
 - uncommit_free_chunks: 1.
 - use_allocation_guard: 0.
 - handle_deallocations: 1.


Internal statistics:

num_allocs_failed_limit: 0.
num_arena_births: 162.
num_arena_deaths: 0.
num_vsnodes_births: 4.
num_vsnodes_deaths: 0.
num_space_committed: 283.
num_space_uncommitted: 0.
num_chunks_returned_to_freelist: 0.
num_chunks_taken_from_freelist: 376.
num_chunk_merges: 0.
num_chunk_splits: 233.
num_chunks_enlarged: 164.
num_purges: 0.
num_inconsistent_stats: 0.

CodeCache: size=49152Kb used=3480Kb max_used=3480Kb free=45671Kb
 bounds [0x0000022f84a00000, 0x0000022f84d70000, 0x0000022f87a00000]
 total_blobs=2044 nmethods=1592 adapters=380
 compilation: enabled
              stopped_count=0, restarted_count=0
 full_count=0

Compilation events (20 events):
Event: 6.998 Thread 0x0000022f8f842980 1582       1       org.springframework.boot.context.properties.source.ConfigurationPropertyName$Elements::get (49 bytes)
Event: 6.999 Thread 0x0000022f8f842980 nmethod 1582 0x0000022f84d61690 code [0x0000022f84d61840, 0x0000022f84d61a08]
Event: 7.002 Thread 0x0000022f8f842980 1584       1       jdk.internal.org.objectweb.asm.Type::getTypeInternal (199 bytes)
Event: 7.003 Thread 0x0000022f8f842980 nmethod 1584 0x0000022f84d61e90 code [0x0000022f84d620e0, 0x0000022f84d62888]
Event: 7.004 Thread 0x0000022f8f842980 1585       1       java.util.stream.AbstractPipeline::<init> (91 bytes)
Event: 7.005 Thread 0x0000022f8f842980 nmethod 1585 0x0000022f84d62b10 code [0x0000022f84d62cc0, 0x0000022f84d63018]
Event: 7.005 Thread 0x0000022f8f842980 1586       1       org.springframework.boot.context.properties.source.ConfigurationPropertyName::getElement (161 bytes)
Event: 7.006 Thread 0x0000022f8f842980 nmethod 1586 0x0000022f84d63190 code [0x0000022f84d63420, 0x0000022f84d63a68]
Event: 7.006 Thread 0x0000022f8f842980 1587       1       java.util.concurrent.CopyOnWriteArrayList$COWIterator::hasNext (18 bytes)
Event: 7.006 Thread 0x0000022f8f842980 nmethod 1587 0x0000022f84d63e10 code [0x0000022f84d63fa0, 0x0000022f84d64098]
Event: 7.010 Thread 0x0000022f8f842980 1588       1       java.lang.invoke.MethodHandles$Lookup::findBoundCallerLookup (30 bytes)
Event: 7.010 Thread 0x0000022f8f842980 nmethod 1588 0x0000022f84d64110 code [0x0000022f84d642c0, 0x0000022f84d64518]
Event: 7.010 Thread 0x0000022f8f842980 1592       1       java.lang.invoke.LambdaFormEditor$TransformKey::<init> (15 bytes)
Event: 7.011 Thread 0x0000022f8f842980 nmethod 1592 0x0000022f84d64610 code [0x0000022f84d647a0, 0x0000022f84d64898]
Event: 7.011 Thread 0x0000022f8f842980 1589       1       java.lang.invoke.MethodHandles$Lookup::getDirectMethodCommon (280 bytes)
Event: 7.012 Thread 0x0000022f8f842980 nmethod 1589 0x0000022f84d64910 code [0x0000022f84d64b80, 0x0000022f84d65298]
Event: 7.012 Thread 0x0000022f8f842980 1590       1       java.lang.invoke.MethodHandles$Lookup::checkMethod (87 bytes)
Event: 7.012 Thread 0x0000022f8f842980 nmethod 1590 0x0000022f84d65710 code [0x0000022f84d658c0, 0x0000022f84d65ab8]
Event: 7.012 Thread 0x0000022f8f842980 1591       1       java.lang.invoke.MethodHandles$Lookup::maybeBindCaller (72 bytes)
Event: 7.012 Thread 0x0000022f8f842980 nmethod 1591 0x0000022f84d65b90 code [0x0000022f84d65d60, 0x0000022f84d66048]

GC Heap History (6 events):
Event: 5.660 GC heap before
{Heap before GC invocations=0 (full 0):
 garbage-first heap   total 126976K, used 15360K [0x0000000084c00000, 0x0000000100000000)
  region size 1024K, 13 young (13312K), 0 survivors (0K)
 Metaspace       used 11428K, committed 11648K, reserved 1064960K
  class space    used 1141K, committed 1280K, reserved 1048576K
}
Event: 5.689 GC heap after
{Heap after GC invocations=1 (full 0):
 garbage-first heap   total 126976K, used 9160K [0x0000000084c00000, 0x0000000100000000)
  region size 1024K, 2 young (2048K), 2 survivors (2048K)
 Metaspace       used 11428K, committed 11648K, reserved 1064960K
  class space    used 1141K, committed 1280K, reserved 1048576K
}
Event: 6.181 GC heap before
{Heap before GC invocations=1 (full 0):
 garbage-first heap   total 126976K, used 16328K [0x0000000084c00000, 0x0000000100000000)
  region size 1024K, 9 young (9216K), 2 survivors (2048K)
 Metaspace       used 14724K, committed 14848K, reserved 1064960K
  class space    used 1516K, committed 1600K, reserved 1048576K
}
Event: 6.186 GC heap after
{Heap after GC invocations=2 (full 0):
 garbage-first heap   total 126976K, used 10554K [0x0000000084c00000, 0x0000000100000000)
  region size 1024K, 2 young (2048K), 2 survivors (2048K)
 Metaspace       used 14724K, committed 14848K, reserved 1064960K
  class space    used 1516K, committed 1600K, reserved 1048576K
}
Event: 6.704 GC heap before
{Heap before GC invocations=2 (full 0):
 garbage-first heap   total 126976K, used 27962K [0x0000000084c00000, 0x0000000100000000)
  region size 1024K, 19 young (19456K), 2 survivors (2048K)
 Metaspace       used 16661K, committed 16896K, reserved 1064960K
  class space    used 1794K, committed 1920K, reserved 1048576K
}
Event: 6.706 GC heap after
{Heap after GC invocations=3 (full 0):
 garbage-first heap   total 126976K, used 11078K [0x0000000084c00000, 0x0000000100000000)
  region size 1024K, 2 young (2048K), 2 survivors (2048K)
 Metaspace       used 16661K, committed 16896K, reserved 1064960K
  class space    used 1794K, committed 1920K, reserved 1048576K
}

Dll operation events (7 events):
Event: 0.028 Loaded shared library C:\Users\Sangita\Downloads\spring-tool-suite-4-4.18.0.RELEASE-e4.27.0-win32.win32.x86_64.self-extracting\sts-4.18.0.RELEASE\plugins\org.eclipse.justj.openjdk.hotspot.jre.full.win32.x86_64_17.0.6.v20230204-1729\jre\bin\java.dll
Event: 1.449 Loaded shared library C:\Users\Sangita\Downloads\spring-tool-suite-4-4.18.0.RELEASE-e4.27.0-win32.win32.x86_64.self-extracting\sts-4.18.0.RELEASE\plugins\org.eclipse.justj.openjdk.hotspot.jre.full.win32.x86_64_17.0.6.v20230204-1729\jre\bin\jimage.dll
Event: 1.541 Loaded shared library C:\Users\Sangita\Downloads\spring-tool-suite-4-4.18.0.RELEASE-e4.27.0-win32.win32.x86_64.self-extracting\sts-4.18.0.RELEASE\plugins\org.eclipse.justj.openjdk.hotspot.jre.full.win32.x86_64_17.0.6.v20230204-1729\jre\bin\net.dll
Event: 1.544 Loaded shared library C:\Users\Sangita\Downloads\spring-tool-suite-4-4.18.0.RELEASE-e4.27.0-win32.win32.x86_64.self-extracting\sts-4.18.0.RELEASE\plugins\org.eclipse.justj.openjdk.hotspot.jre.full.win32.x86_64_17.0.6.v20230204-1729\jre\bin\nio.dll
Event: 1.556 Loaded shared library C:\Users\Sangita\Downloads\spring-tool-suite-4-4.18.0.RELEASE-e4.27.0-win32.win32.x86_64.self-extracting\sts-4.18.0.RELEASE\plugins\org.eclipse.justj.openjdk.hotspot.jre.full.win32.x86_64_17.0.6.v20230204-1729\jre\bin\zip.dll
Event: 2.067 Loaded shared library C:\Users\Sangita\Downloads\spring-tool-suite-4-4.18.0.RELEASE-e4.27.0-win32.win32.x86_64.self-extracting\sts-4.18.0.RELEASE\plugins\org.eclipse.justj.openjdk.hotspot.jre.full.win32.x86_64_17.0.6.v20230204-1729\jre\bin\management.dll
Event: 2.114 Loaded shared library C:\Users\Sangita\Downloads\spring-tool-suite-4-4.18.0.RELEASE-e4.27.0-win32.win32.x86_64.self-extracting\sts-4.18.0.RELEASE\plugins\org.eclipse.justj.openjdk.hotspot.jre.full.win32.x86_64_17.0.6.v20230204-1729\jre\bin\management_ext.

Deoptimization events (0 events):
No events

Classes unloaded (0 events):
No events

Classes redefined (0 events):
No events

Internal exceptions (20 events):
Event: 5.758 Thread 0x0000022fffe97070 Exception <a 'java/lang/ClassNotFoundException'{0x000000008c7f4c98}: jdk/internal/agent/resources/spi/agentProvider> (0x000000008c7f4c98) 
thrown [s\src\hotspot\share\classfile\systemDictionary.cpp, line 256]
Event: 5.979 Thread 0x0000022fffe97070 Exception <a 'java/lang/ClassNotFoundException'{0x000000008c487ef8}: javax/smartcardio/CardPermission> (0x000000008c487ef8) 
thrown [s\src\hotspot\share\classfile\systemDictionary.cpp, line 256]
Event: 5.983 Thread 0x0000022fffe97070 Exception <a 'java/io/FileNotFoundException'{0x000000008c496da0}> (0x000000008c496da0) 
thrown [s\src\hotspot\share\prims\jni.cpp, line 516]
Event: 6.014 Thread 0x0000022fffe97070 Exception <a 'java/lang/NoSuchMethodError'{0x000000008c4f8f88}: 'java.lang.Object java.lang.invoke.DirectMethodHandle$Holder.invokeSpecial(java.lang.Object, java.lang.Object, java.lang.Object, long, java.lang.Object)'> (0x000000008c4f8f88) 
thrown [s\src\hotspot\share\interpreter\linkResolver.cpp, line 759]
Event: 6.015 Thread 0x0000022fffe97070 Exception <a 'java/lang/NoSuchMethodError'{0x000000008c4fcb58}: 'java.lang.Object java.lang.invoke.Invokers$Holder.linkToTargetMethod(java.lang.Object, long, java.lang.Object, java.lang.Object)'> (0x000000008c4fcb58) 
thrown [s\src\hotspot\share\interpreter\linkResolver.cpp, line 759]
Event: 6.141 Thread 0x0000022fffe97070 Exception <a 'java/lang/NoSuchMethodError'{0x000000008c10c868}: 'void java.lang.invoke.DirectMethodHandle$Holder.invokeStatic(java.lang.Object, java.lang.Object, java.lang.Object, java.lang.Object)'> (0x000000008c10c868) 
thrown [s\src\hotspot\share\interpreter\linkResolver.cpp, line 759]
Event: 6.195 Thread 0x0000022fffe97070 Exception <a 'java/lang/NoSuchMethodError'{0x000000008c741300}: 'int java.lang.invoke.DirectMethodHandle$Holder.invokeStaticInit(java.lang.Object, java.lang.Object)'> (0x000000008c741300) 
thrown [s\src\hotspot\share\interpreter\linkResolver.cpp, line 759]
Event: 6.231 Thread 0x0000022fffe97070 Exception <a 'java/lang/NoSuchMethodError'{0x000000008c6b7218}: 'void java.lang.invoke.DirectMethodHandle$Holder.invokeInterface(java.lang.Object, java.lang.Object, java.lang.Object, java.lang.Object)'> (0x000000008c6b7218) 
thrown [s\src\hotspot\share\interpreter\linkResolver.cpp, line 759]
Event: 6.277 Thread 0x0000022fffe97070 Exception <a 'java/lang/NoSuchMethodError'{0x000000008c413fa8}: 'java.lang.Object java.lang.invoke.DirectMethodHandle$Holder.invokeInterface(java.lang.Object, java.lang.Object)'> (0x000000008c413fa8) 
thrown [s\src\hotspot\share\interpreter\linkResolver.cpp, line 759]
Event: 6.295 Thread 0x0000022fffe97070 Exception <a 'java/lang/NoSuchMethodError'{0x000000008c4b3328}: 'java.lang.Object java.lang.invoke.DirectMethodHandle$Holder.invokeSpecialIFC(java.lang.Object, java.lang.Object, java.lang.Object, java.lang.Object)'> (0x000000008c4b3328) 
thrown [s\src\hotspot\share\interpreter\linkResolver.cpp, line 759]
Event: 6.299 Thread 0x0000022fffe97070 Exception <a 'java/lang/NoSuchMethodError'{0x000000008c4da438}: 'java.lang.Object java.lang.invoke.DirectMethodHandle$Holder.invokeInterface(java.lang.Object, java.lang.Object, java.lang.Object)'> (0x000000008c4da438) 
thrown [s\src\hotspot\share\interpreter\linkResolver.cpp, line 759]
Event: 6.492 Thread 0x0000022f91171510 Exception <a 'java/lang/NoSuchMethodError'{0x000000008b72cd68}: 'int java.lang.invoke.DirectMethodHandle$Holder.invokeStaticInit(java.lang.Object, java.lang.Object, java.lang.Object)'> (0x000000008b72cd68) 
thrown [s\src\hotspot\share\interpreter\linkResolver.cpp, line 759]
Event: 6.511 Thread 0x0000022f91171510 Exception <a 'java/lang/NoSuchMethodError'{0x000000008b792488}: 'java.lang.Object java.lang.invoke.DirectMethodHandle$Holder.newInvokeSpecial(java.lang.Object, java.lang.Object, java.lang.Object, java.lang.Object, java.lang.Object)'> (0x000000008b792488) 
thrown [s\src\hotspot\share\interpreter\linkResolver.cpp, line 759]
Event: 6.520 Thread 0x0000022f91171510 Exception <a 'java/lang/NoSuchMethodError'{0x000000008b7d9f78}: 'java.lang.Object java.lang.invoke.DirectMethodHandle$Holder.invokeStaticInit(java.lang.Object, java.lang.Object, java.lang.Object)'> (0x000000008b7d9f78) 
thrown [s\src\hotspot\share\interpreter\linkResolver.cpp, line 759]
Event: 6.537 Thread 0x0000022f91171510 Exception <a 'java/lang/IncompatibleClassChangeError'{0x000000008b666108}: Found class java.lang.Object, but interface was expected> (0x000000008b666108) 
thrown [s\src\hotspot\share\interpreter\linkResolver.cpp, line 826]
Event: 6.601 Thread 0x0000022f91171510 Exception <a 'sun/nio/fs/WindowsException'{0x000000008b6ef9e0}> (0x000000008b6ef9e0) 
thrown [s\src\hotspot\share\prims\jni.cpp, line 516]
Event: 6.898 Thread 0x0000022f91171510 Exception <a 'java/lang/NoSuchMethodError'{0x000000008c5f5918}: 'int java.lang.invoke.DirectMethodHandle$Holder.invokeStatic(java.lang.Object, java.lang.Object, java.lang.Object, java.lang.Object)'> (0x000000008c5f5918) 
thrown [s\src\hotspot\share\interpreter\linkResolver.cpp, line 759]
Event: 6.899 Thread 0x0000022f91171510 Exception <a 'java/lang/NoSuchMethodError'{0x000000008c5f9298}: 'java.lang.Object java.lang.invoke.Invokers$Holder.invokeExact_MT(java.lang.Object, java.lang.Object, java.lang.Object, java.lang.Object, java.lang.Object, java.lang.Object)'> (0x000000008c5f9298) 
thrown [s\src\hotspot\share\interpreter\linkResolver.cpp, line 759]
Event: 7.002 Thread 0x0000022f91171510 Exception <a 'java/lang/NoSuchMethodError'{0x000000008c267f70}: 'java.lang.Object java.lang.invoke.DirectMethodHandle$Holder.newInvokeSpecial(java.lang.Object, java.lang.Object, java.lang.Object, java.lang.Object, java.lang.Object, java.lang.Object, java.lang.Object)'> (0x000000008c267f70) 
thrown [s\src\hotspot\share\interpreter\linkResolver.cpp, line 759]
Event: 7.003 Thread 0x0000022f91171510 Exception <a 'java/lang/NoSuchMethodError'{0x000000008c26c880}: 'java.lang.Object java.lang.invoke.Invokers$Holder.linkToTargetMethod(java.lang.Object, java.lang.Object, java.lang.Object, java.lang.Object, java.lang.Object, java.lang.Object, java.lang.Object)'> (0x000000008c26c880) 
thrown [s\src\hotspot\share\interpreter\linkResolver.cpp, line 759]

VM Operations (20 events):
Event: 2.892 Executing VM operation: Cleanup
Event: 2.892 Executing VM operation: Cleanup done
Event: 4.892 Executing VM operation: Cleanup
Event: 4.892 Executing VM operation: Cleanup done
Event: 5.595 Executing VM operation: HandshakeAllThreads
Event: 5.595 Executing VM operation: HandshakeAllThreads done
Event: 5.656 Executing VM operation: G1CollectForAllocation
Event: 5.689 Executing VM operation: G1CollectForAllocation done
Event: 5.710 Executing VM operation: HandshakeAllThreads
Event: 5.715 Executing VM operation: HandshakeAllThreads done
Event: 5.920 Executing VM operation: HandshakeAllThreads
Event: 5.920 Executing VM operation: HandshakeAllThreads done
Event: 5.925 Executing VM operation: HandshakeAllThreads
Event: 5.925 Executing VM operation: HandshakeAllThreads done
Event: 6.181 Executing VM operation: G1CollectForAllocation
Event: 6.187 Executing VM operation: G1CollectForAllocation done
Event: 6.604 Executing VM operation: HandshakeAllThreads
Event: 6.604 Executing VM operation: HandshakeAllThreads done
Event: 6.704 Executing VM operation: G1CollectForAllocation
Event: 6.706 Executing VM operation: G1CollectForAllocation done

Events (20 events):
Event: 7.012 loading class sun/nio/ch/NioSocketImpl$1
Event: 7.012 loading class sun/nio/ch/NioSocketImpl$1 done
Event: 7.012 loading class java/net/Socket$SocketOutputStream
Event: 7.012 loading class java/net/Socket$SocketOutputStream done
Event: 7.012 loading class sun/nio/ch/NioSocketImpl$2
Event: 7.012 loading class sun/nio/ch/NioSocketImpl$2 done
Event: 7.013 loading class sun/rmi/transport/tcp/TCPChannel
Event: 7.013 loading class sun/rmi/transport/Channel
Event: 7.013 loading class sun/rmi/transport/Channel done
Event: 7.013 loading class sun/rmi/transport/tcp/TCPChannel done
Event: 7.014 loading class sun/rmi/transport/tcp/TCPConnection
Event: 7.014 loading class sun/rmi/transport/Connection
Event: 7.014 loading class sun/rmi/transport/Connection done
Event: 7.014 loading class sun/rmi/transport/tcp/TCPConnection done
Event: 7.014 loading class sun/rmi/transport/StreamRemoteCall
Event: 7.015 loading class java/rmi/server/RemoteCall
Event: 7.015 loading class java/rmi/server/RemoteCall done
Event: 7.015 loading class sun/rmi/transport/StreamRemoteCall done
Event: 7.015 loading class sun/rmi/transport/ConnectionInputStream
Event: 7.015 loading class sun/rmi/server/MarshalInputStream


Dynamic libraries:
0x00007ff6d6310000 - 0x00007ff6d631e000 	C:\Users\Sangita\Downloads\spring-tool-suite-4-4.18.0.RELEASE-e4.27.0-win32.win32.x86_64.self-extracting\sts-4.18.0.RELEASE\plugins\org.eclipse.justj.openjdk.hotspot.jre.full.win32.x86_64_17.0.6.v20230204-1729\jre\bin\javaw.exe
0x00007ff97b140000 - 0x00007ff97b330000 	C:\WINDOWS\SYSTEM32\ntdll.dll
0x00007ff97a4e0000 - 0x00007ff97a592000 	C:\WINDOWS\System32\KERNEL32.DLL
0x00007ff9781e0000 - 0x00007ff978485000 	C:\WINDOWS\System32\KERNELBASE.dll
0x00007ff978610000 - 0x00007ff97870a000 	C:\WINDOWS\System32\ucrtbase.dll
0x00007ff970f40000 - 0x00007ff970f57000 	C:\Users\Sangita\Downloads\spring-tool-suite-4-4.18.0.RELEASE-e4.27.0-win32.win32.x86_64.self-extracting\sts-4.18.0.RELEASE\plugins\org.eclipse.justj.openjdk.hotspot.jre.full.win32.x86_64_17.0.6.v20230204-1729\jre\bin\jli.dll
0x00007ff979bb0000 - 0x00007ff979d44000 	C:\WINDOWS\System32\USER32.dll
0x00007ff9785b0000 - 0x00007ff9785d1000 	C:\WINDOWS\System32\win32u.dll
0x00007ff97a380000 - 0x00007ff97a3a6000 	C:\WINDOWS\System32\GDI32.dll
0x00007ff978ef0000 - 0x00007ff979088000 	C:\WINDOWS\System32\gdi32full.dll
0x00007ff9780b0000 - 0x00007ff97814e000 	C:\WINDOWS\System32\msvcp_win.dll
0x00007ff970870000 - 0x00007ff970889000 	C:\Users\Sangita\Downloads\spring-tool-suite-4-4.18.0.RELEASE-e4.27.0-win32.win32.x86_64.self-extracting\sts-4.18.0.RELEASE\plugins\org.eclipse.justj.openjdk.hotspot.jre.full.win32.x86_64_17.0.6.v20230204-1729\jre\bin\VCRUNTIME140.dll
0x00007ff95d0d0000 - 0x00007ff95d354000 	C:\WINDOWS\WinSxS\amd64_microsoft.windows.common-controls_6595b64144ccf1df_6.0.18362.1556_none_9e7e372fe45e41d5\COMCTL32.dll
0x00007ff97a3b0000 - 0x00007ff97a44e000 	C:\WINDOWS\System32\msvcrt.dll
0x00007ff979870000 - 0x00007ff979ba6000 	C:\WINDOWS\System32\combase.dll
0x00007ff97a090000 - 0x00007ff97a1af000 	C:\WINDOWS\System32\RPCRT4.dll
0x00007ff978150000 - 0x00007ff9781d1000 	C:\WINDOWS\System32\bcryptPrimitives.dll
0x00007ff9791f0000 - 0x00007ff97921e000 	C:\WINDOWS\System32\IMM32.DLL
0x00007ff972460000 - 0x00007ff97246c000 	C:\Users\Sangita\Downloads\spring-tool-suite-4-4.18.0.RELEASE-e4.27.0-win32.win32.x86_64.self-extracting\sts-4.18.0.RELEASE\plugins\org.eclipse.justj.openjdk.hotspot.jre.full.win32.x86_64_17.0.6.v20230204-1729\jre\bin\vcruntime140_1.dll
0x00007ff9218d0000 - 0x00007ff921961000 	C:\Users\Sangita\Downloads\spring-tool-suite-4-4.18.0.RELEASE-e4.27.0-win32.win32.x86_64.self-extracting\sts-4.18.0.RELEASE\plugins\org.eclipse.justj.openjdk.hotspot.jre.full.win32.x86_64_17.0.6.v20230204-1729\jre\bin\msvcp140.dll
0x00007ff90caf0000 - 0x00007ff90d737000 	C:\Users\Sangita\Downloads\spring-tool-suite-4-4.18.0.RELEASE-e4.27.0-win32.win32.x86_64.self-extracting\sts-4.18.0.RELEASE\plugins\org.eclipse.justj.openjdk.hotspot.jre.full.win32.x86_64_17.0.6.v20230204-1729\jre\bin\server\jvm.dll
0x00007ff97b040000 - 0x00007ff97b0e3000 	C:\WINDOWS\System32\ADVAPI32.dll
0x00007ff97a1b0000 - 0x00007ff97a247000 	C:\WINDOWS\System32\sechost.dll
0x00007ff957690000 - 0x00007ff957699000 	C:\WINDOWS\SYSTEM32\WSOCK32.dll
0x00007ff979f70000 - 0x00007ff979fdf000 	C:\WINDOWS\System32\WS2_32.dll
0x00007ff9756d0000 - 0x00007ff9756f4000 	C:\WINDOWS\SYSTEM32\WINMM.dll
0x00007ff976750000 - 0x00007ff97675a000 	C:\WINDOWS\SYSTEM32\VERSION.dll
0x00007ff9756a0000 - 0x00007ff9756cd000 	C:\WINDOWS\SYSTEM32\WINMMBASE.dll
0x00007ff978560000 - 0x00007ff9785aa000 	C:\WINDOWS\System32\cfgmgr32.dll
0x00007ff978000000 - 0x00007ff978011000 	C:\WINDOWS\System32\kernel.appcore.dll
0x00007ff972500000 - 0x00007ff97250a000 	C:\Users\Sangita\Downloads\spring-tool-suite-4-4.18.0.RELEASE-e4.27.0-win32.win32.x86_64.self-extracting\sts-4.18.0.RELEASE\plugins\org.eclipse.justj.openjdk.hotspot.jre.full.win32.x86_64_17.0.6.v20230204-1729\jre\bin\jimage.dll
0x00007ff976500000 - 0x00007ff9766f4000 	C:\WINDOWS\SYSTEM32\DBGHELP.DLL
0x00007ff9553b0000 - 0x00007ff9553da000 	C:\WINDOWS\SYSTEM32\dbgcore.DLL
0x00007ff9724c0000 - 0x00007ff9724e5000 	C:\Users\Sangita\Downloads\spring-tool-suite-4-4.18.0.RELEASE-e4.27.0-win32.win32.x86_64.self-extracting\sts-4.18.0.RELEASE\plugins\org.eclipse.justj.openjdk.hotspot.jre.full.win32.x86_64_17.0.6.v20230204-1729\jre\bin\java.dll
0x00007ff970970000 - 0x00007ff970988000 	C:\Users\Sangita\Downloads\spring-tool-suite-4-4.18.0.RELEASE-e4.27.0-win32.win32.x86_64.self-extracting\sts-4.18.0.RELEASE\plugins\org.eclipse.justj.openjdk.hotspot.jre.full.win32.x86_64_17.0.6.v20230204-1729\jre\bin\zip.dll
0x00007ff97a880000 - 0x00007ff97af67000 	C:\WINDOWS\System32\SHELL32.dll
0x00007ff97a760000 - 0x00007ff97a808000 	C:\WINDOWS\System32\shcore.dll
0x00007ff978710000 - 0x00007ff978e8b000 	C:\WINDOWS\System32\windows.storage.dll
0x00007ff978090000 - 0x00007ff9780ae000 	C:\WINDOWS\System32\profapi.dll
0x00007ff978040000 - 0x00007ff97808a000 	C:\WINDOWS\System32\powrprof.dll
0x00007ff977ff0000 - 0x00007ff978000000 	C:\WINDOWS\System32\UMPDC.dll
0x00007ff979d50000 - 0x00007ff979da2000 	C:\WINDOWS\System32\shlwapi.dll
0x00007ff978540000 - 0x00007ff978557000 	C:\WINDOWS\System32\cryptsp.dll
0x00007ff970930000 - 0x00007ff970949000 	C:\Users\Sangita\Downloads\spring-tool-suite-4-4.18.0.RELEASE-e4.27.0-win32.win32.x86_64.self-extracting\sts-4.18.0.RELEASE\plugins\org.eclipse.justj.openjdk.hotspot.jre.full.win32.x86_64_17.0.6.v20230204-1729\jre\bin\net.dll
0x00007ff972300000 - 0x00007ff9723fa000 	C:\WINDOWS\SYSTEM32\WINHTTP.dll
0x00007ff9777d0000 - 0x00007ff977837000 	C:\WINDOWS\system32\mswsock.dll
0x00007ff970910000 - 0x00007ff970925000 	C:\Users\Sangita\Downloads\spring-tool-suite-4-4.18.0.RELEASE-e4.27.0-win32.win32.x86_64.self-extracting\sts-4.18.0.RELEASE\plugins\org.eclipse.justj.openjdk.hotspot.jre.full.win32.x86_64_17.0.6.v20230204-1729\jre\bin\nio.dll
0x00007ff93a470000 - 0x00007ff93a479000 	C:\Users\Sangita\Downloads\spring-tool-suite-4-4.18.0.RELEASE-e4.27.0-win32.win32.x86_64.self-extracting\sts-4.18.0.RELEASE\plugins\org.eclipse.justj.openjdk.hotspot.jre.full.win32.x86_64_17.0.6.v20230204-1729\jre\bin\management.dll
0x00007ff9375e0000 - 0x00007ff9375eb000 	C:\Users\Sangita\Downloads\spring-tool-suite-4-4.18.0.RELEASE-e4.27.0-win32.win32.x86_64.self-extracting\sts-4.18.0.RELEASE\plugins\org.eclipse.justj.openjdk.hotspot.jre.full.win32.x86_64_17.0.6.v20230204-1729\jre\bin\management_ext.dll
0x00007ff97a750000 - 0x00007ff97a758000 	C:\WINDOWS\System32\PSAPI.DLL
0x00007ff94f390000 - 0x00007ff94f3a6000 	C:\WINDOWS\system32\napinsp.dll
0x00007ff94f370000 - 0x00007ff94f38a000 	C:\WINDOWS\system32\pnrpnsp.dll
0x00007ff9598c0000 - 0x00007ff9598d5000 	C:\WINDOWS\system32\wshbth.dll
0x00007ff973f50000 - 0x00007ff973f6c000 	C:\WINDOWS\system32\NLAapi.dll
0x00007ff9774e0000 - 0x00007ff97751a000 	C:\WINDOWS\SYSTEM32\IPHLPAPI.DLL
0x00007ff977520000 - 0x00007ff9775eb000 	C:\WINDOWS\SYSTEM32\DNSAPI.dll
0x00007ff97b0f0000 - 0x00007ff97b0f8000 	C:\WINDOWS\System32\NSI.dll
0x00007ff94f360000 - 0x00007ff94f36e000 	C:\WINDOWS\System32\winrnr.dll
0x00007ff95a170000 - 0x00007ff95a17a000 	C:\Windows\System32\rasadhlp.dll
0x00007ff96f090000 - 0x00007ff96f107000 	C:\WINDOWS\System32\fwpuclnt.dll
0x00007ff9785e0000 - 0x00007ff978606000 	C:\WINDOWS\System32\bcrypt.dll
0x00007ff977350000 - 0x00007ff977383000 	C:\WINDOWS\system32\rsaenh.dll
0x00007ff977ee0000 - 0x00007ff977f05000 	C:\WINDOWS\SYSTEM32\USERENV.dll
0x00007ff9779a0000 - 0x00007ff9779ac000 	C:\WINDOWS\SYSTEM32\CRYPTBASE.dll
0x00007ff96f9e0000 - 0x00007ff96f9f6000 	C:\WINDOWS\SYSTEM32\dhcpcsvc6.DLL
0x00007ff96fd50000 - 0x00007ff96fd6c000 	C:\WINDOWS\SYSTEM32\dhcpcsvc.DLL

dbghelp: loaded successfully - version: 4.0.5 - missing functions: none
symbol engine: initialized successfully - sym options: 0x614 - pdb path: .;C:\Users\Sangita\Downloads\spring-tool-suite-4-4.18.0.RELEASE-e4.27.0-win32.win32.x86_64.self-extracting\sts-4.18.0.RELEASE\plugins\org.eclipse.justj.openjdk.hotspot.jre.full.win32.x86_64_17.0.6.v20230204-1729\jre\bin;C:\WINDOWS\SYSTEM32;C:\WINDOWS\WinSxS\amd64_microsoft.windows.common-controls_6595b64144ccf1df_6.0.18362.1556_none_9e7e372fe45e41d5;C:\Users\Sangita\Downloads\spring-tool-suite-4-4.18.0.RELEASE-e4.27.0-win32.win32.x86_64.self-extracting\sts-4.18.0.RELEASE\plugins\org.eclipse.justj.openjdk.hotspot.jre.full.win32.x86_64_17.0.6.v20230204-1729\jre\bin\server

VM Arguments:
jvm_args: -Dcom.sun.management.jmxremote -Dcom.sun.management.jmxremote.port=57257 -Dcom.sun.management.jmxremote.authenticate=false -Dcom.sun.management.jmxremote.ssl=false -Djava.rmi.server.hostname=localhost -Dspring.jmx.enabled=true -Dmanagement.endpoints.jmx.exposure.include=* -Dspring.application.admin.enabled=true -XX:TieredStopAtLevel=1 -Dspring.boot.project.name=batchService -Dfile.encoding=UTF-8 -XX:+ShowCodeDetailsInExceptionMessages 
java_command: com.batch.BatchServiceApplication --spring.output.ansi.enabled=always
java_class_path (initial): C:\Users\Sangita\Institute Management System\batchService\target\classes;C:\Users\Sangita\.m2\repository\org\springframework\boot\spring-boot-starter-data-jpa\3.2.2\spring-boot-starter-data-jpa-3.2.2.jar;C:\Users\Sangita\.m2\repository\org\springframework\boot\spring-boot-starter-aop\3.2.2\spring-boot-starter-aop-3.2.2.jar;C:\Users\Sangita\.m2\repository\org\springframework\spring-aop\6.1.3\spring-aop-6.1.3.jar;C:\Users\Sangita\.m2\repository\org\aspectj\aspectjweaver\1.9.21\aspectjweaver-1.9.21.jar;C:\Users\Sangita\.m2\repository\org\springframework\boot\spring-boot-starter-jdbc\3.2.2\spring-boot-starter-jdbc-3.2.2.jar;C:\Users\Sangita\.m2\repository\com\zaxxer\HikariCP\5.0.1\HikariCP-5.0.1.jar;C:\Users\Sangita\.m2\repository\org\springframework\spring-jdbc\6.1.3\spring-jdbc-6.1.3.jar;C:\Users\Sangita\.m2\repository\org\hibernate\orm\hibernate-core\6.4.1.Final\hibernate-core-6.4.1.Final.jar;C:\Users\Sangita\.m2\repository\jakarta\persistence\jakarta.persistence-api\3.1.0\jakarta.persistence-api-3.1.0.jar;C:\Users\Sangita\.m2\repository\jakarta\transaction\jakarta.transaction-api\2.0.1\jakarta.transaction-api-2.0.1.jar;C:\Users\Sangita\.m2\repository\org\jboss\logging\jboss-logging\3.5.3.Final\jboss-logging-3.5.3.Final.jar;C:\Users\Sangita\.m2\repository\org\hibernate\common\hibernate-commons-annotations\6.0.6.Final\hibernate-commons-annotations-6.0.6.Final.jar;C:\Users\Sangita\.m2\repository\io\smallrye\jandex\3.1.2\jandex-3.1.2.jar;C:\Users\Sangita\.m2\repository\com\fasterxml\classmate\1.6.0\classmate-1.6.0.jar;C:\Users\Sangita\.m2\repository\net\bytebuddy\byte-buddy\1.14.11\byte-buddy-1.14.11.jar;C:\Users\Sangita\.m2\repository\org\glassfish\jaxb\jaxb-runtime\4.0.4\jaxb-runtime-4.0.4.jar;C:\Users\Sangita\.m2\repository\org\glassfish\jaxb\jaxb-core\4.0.4\jaxb-core-4.0.4.jar;C:\Users\Sangita\.m2\repository\org\eclipse\angus\angus-activation\2.0.1\angus-activation-2.0.1.jar;C:\Users\Sangita\.m2\repository\org\glassfish\jaxb\txw2\4.0.4\t
Launcher Type: SUN_STANDARD

[Global flags]
     intx CICompilerCount                          = 3                                         {product} {ergonomic}
     uint ConcGCThreads                            = 1                                         {product} {ergonomic}
     uint G1ConcRefinementThreads                  = 4                                         {product} {ergonomic}
   size_t G1HeapRegionSize                         = 1048576                                   {product} {ergonomic}
    uintx GCDrainStackTargetSize                   = 64                                        {product} {ergonomic}
   size_t InitialHeapSize                          = 130023424                                 {product} {ergonomic}
     bool ManagementServer                         = true                                      {product} {command line}
   size_t MarkStackSize                            = 4194304                                   {product} {ergonomic}
   size_t MaxHeapSize                              = 2067791872                                {product} {ergonomic}
   size_t MaxNewSize                               = 1240465408                                {product} {ergonomic}
   size_t MinHeapDeltaBytes                        = 1048576                                   {product} {ergonomic}
   size_t MinHeapSize                              = 8388608                                   {product} {ergonomic}
    uintx NonProfiledCodeHeapSize                  = 0                                      {pd product} {ergonomic}
     bool ProfileInterpreter                       = false                                  {pd product} {command line}
    uintx ProfiledCodeHeapSize                     = 0                                      {pd product} {ergonomic}
     bool ShowCodeDetailsInExceptionMessages       = true                                   {manageable} {command line}
   size_t SoftMaxHeapSize                          = 2067791872                             {manageable} {ergonomic}
     intx TieredStopAtLevel                        = 1                                         {product} {command line}
     bool UseCompressedClassPointers               = true                           {product lp64_product} {ergonomic}
     bool UseCompressedOops                        = true                           {product lp64_product} {ergonomic}
     bool UseG1GC                                  = true                                      {product} {ergonomic}
     bool UseLargePagesIndividualAllocation        = false                                  {pd product} {ergonomic}

Logging:
Log output configuration:
 #0: stdout all=warning uptime,level,tags
 #1: stderr all=off uptime,level,tags

Environment Variables:
JAVA_HOME=C:\Program Files\Java\jdk-11.0.17
CLASSPATH=C:\mysql-connector-java-8.0.27.jar;
PATH=C:/Users/Sangita/Downloads/spring-tool-suite-4-4.18.0.RELEASE-e4.27.0-win32.win32.x86_64.self-extracting/sts-4.18.0.RELEASE//plugins/org.eclipse.justj.openjdk.hotspot.jre.full.win32.x86_64_17.0.6.v20230204-1729/jre/bin/server;C:/Users/Sangita/Downloads/spring-tool-suite-4-4.18.0.RELEASE-e4.27.0-win32.win32.x86_64.self-extracting/sts-4.18.0.RELEASE//plugins/org.eclipse.justj.openjdk.hotspot.jre.full.win32.x86_64_17.0.6.v20230204-1729/jre/bin;C:\Program Files\Common Files\Oracle\Java\javapath;C:\WINDOWS\system32;C:\WINDOWS;C:\WINDOWS\System32\Wbem;C:\WINDOWS\System32\WindowsPowerShell\v1.0\;C:\WINDOWS\System32\OpenSSH\;C:\MinGW\bin;C:\Program Files\Git\cmd;C:\Program Files\Java\jdk-11.0.17\bin;C:\ProgramData\chocolatey\bin;C:\ProgramData\Microsoft\Windows\Start Menu\Programs\Node.js;;C:\Program Files\nodejs;;C:\Program Files\nodejs;C:\Users\Sangita\AppData\Local\Programs\Microsoft VS Code\bin;C:\MinGW\mingw32\bin;C:\mysql-connector-java-8.0.27\mysql-connector-java-8.0.27;C:\Users\Sangita\AppData\Local\GitHubDesktop\bin;C:\Program Files\Java\jdk1.7.0_80\bin;C:\Users\Sangita\AppData\Roaming\npm;C:\Users\Sangita\AppData\Local\gitkraken\bin;C:\ProgramData\Microsoft\Windows\Start Menu\Programs\Node.js;%NVM_HOME%;C:\Program Files\nodejs;C:\Users\Sangita\Downloads\spring-tool-suite-4-4.18.0.RELEASE-e4.27.0-win32.win32.x86_64.self-extracting\sts-4.18.0.RELEASE;
USERNAME=Sangita
OS=Windows_NT
PROCESSOR_IDENTIFIER=Intel64 Family 6 Model 126 Stepping 5, GenuineIntel
TMP=C:\Users\Sangita\AppData\Local\Temp
TEMP=C:\Users\Sangita\AppData\Local\Temp



---------------  S Y S T E M  ---------------

OS:
 Windows 10 , 64 bit Build 18362 (10.0.18362.1500)
OS uptime: 0 days 2:14 hours

CPU: total 4 (initial active 4) (2 cores per cpu, 2 threads per core) family 6 model 126 stepping 5 microcode 0xa0, cx8, cmov, fxsr, ht, mmx, 3dnowpref, sse, sse2, sse3, ssse3, sse4.1, sse4.2, popcnt, lzcnt, tsc, tscinvbit, avx, avx2, aes, erms, clmul, bmi1, bmi2, adx, avx512f, avx512dq, avx512cd, avx512bw, avx512vl, sha, fma, vzeroupper, avx512_vpopcntdq, avx512_vpclmulqdq, avx512_vaes, avx512_vnni, clflush, clflushopt, avx512_vbmi2, avx512_vbmi

Memory: 4k page, system-wide physical 7880M (110M free)
TotalPageFile size 15380M (AvailPageFile size 0M)
current process WorkingSet (physical memory assigned to process): 88M, peak: 88M
current process commit charge ("private bytes"): 213M, peak: 213M

vm_info: OpenJDK 64-Bit Server VM (17.0.6+10) for windows-amd64 JRE (17.0.6+10), built on Jan 18 2023 10:08:59 by "temurin" with MS VC++ 16.7 (VS2019)

END.
