#
# There is insufficient memory for the Java Runtime Environment to continue.
# Native memory allocation (mmap) failed to map 30408704 bytes for G1 virtual space
# Possible reasons:
#   The system is out of physical RAM or swap space
#   The process is running with CompressedOops enabled, and the Java Heap may be blocking the growth of the native heap
# Possible solutions:
#   Reduce memory load on the system
#   Increase physical memory or swap space
#   Check if swap backing store is full
#   Decrease Java heap size (-Xmx/-Xms)
#   Decrease number of Java threads
#   Decrease Java thread stack sizes (-Xss)
#   Set larger code cache with -XX:ReservedCodeCacheSize=
#   JVM is running with Unscaled Compressed Oops mode in which the Java heap is
#     placed in the first 4GB address space. The Java Heap base address is the
#     maximum limit for the native heap growth. Please use -XX:HeapBaseMinAddress
#     to set the Java Heap base and to place the Java Heap above 4GB virtual address.
# This output file may be truncated or incomplete.
#
#  Out of Memory Error (os_windows.cpp:3557), pid=3936, tid=1980
#
# JRE version: OpenJDK Runtime Environment Temurin-17.0.6+10 (17.0.6+10) (build 17.0.6+10)
# Java VM: OpenJDK 64-Bit Server VM Temurin-17.0.6+10 (17.0.6+10, mixed mode, emulated-client, tiered, compressed oops, compressed class ptrs, g1 gc, windows-amd64)
# No core dump will be written. Minidumps are not enabled by default on client versions of Windows
#

---------------  S U M M A R Y ------------

Command Line: -Dcom.sun.management.jmxremote -Dcom.sun.management.jmxremote.port=54571 -Dcom.sun.management.jmxremote.authenticate=false -Dcom.sun.management.jmxremote.ssl=false -Djava.rmi.server.hostname=localhost -Dspring.jmx.enabled=true -Dmanagement.endpoints.jmx.exposure.include=* -Dspring.application.admin.enabled=true -XX:TieredStopAtLevel=1 -Dspring.boot.project.name=batchService -Dfile.encoding=UTF-8 -XX:+ShowCodeDetailsInExceptionMessages com.batch.BatchServiceApplication --spring.output.ansi.enabled=always

Host: Intel(R) Core(TM) i3-1005G1 CPU @ 1.20GHz, 4 cores, 7G,  Windows 11 , 64 bit Build 22621 (10.0.22621.3958)
Time: Fri Mar 14 12:14:28 2025 India Standard Time elapsed time: 10.963669 seconds (0d 0h 0m 10s)

---------------  T H R E A D  ---------------

Current thread (0x000001cfd7692700):  VMThread "VM Thread" [stack: 0x00000061e2600000,0x00000061e2700000] [id=1980]

Stack: [0x00000061e2600000,0x00000061e2700000]
Native frames: (J=compiled Java code, j=interpreted, Vv=VM code, C=native code)
V  [jvm.dll+0x67741a]
V  [jvm.dll+0x834434]
V  [jvm.dll+0x835bde]
V  [jvm.dll+0x836243]
V  [jvm.dll+0x2457b5]
V  [jvm.dll+0x674329]
V  [jvm.dll+0x6689da]
V  [jvm.dll+0x30489b]
V  [jvm.dll+0x30bd96]
V  [jvm.dll+0x35b57e]
V  [jvm.dll+0x35b7af]
V  [jvm.dll+0x2db778]
V  [jvm.dll+0x2d9a2c]
V  [jvm.dll+0x2d8ffc]
V  [jvm.dll+0x31cdcb]
V  [jvm.dll+0x83a6eb]
V  [jvm.dll+0x83b424]
V  [jvm.dll+0x83b93c]
V  [jvm.dll+0x83bd14]
V  [jvm.dll+0x83bde0]
V  [jvm.dll+0x7e483a]
V  [jvm.dll+0x6762c5]
C  [ucrtbase.dll+0x29333]
C  [KERNEL32.DLL+0x1257d]
C  [ntdll.dll+0x5af08]

VM_Operation (0x00000061e42fc640): G1CollectForAllocation, mode: safepoint, requested by thread 0x000001cfd9c730a0


---------------  P R O C E S S  ---------------

Threads class SMR info:
_java_thread_list=0x000001cfdd13a1c0, length=28, elements={
0x000001cfc813ea70, 0x000001cfd7670880, 0x000001cfd7673340, 0x000001cfd80464d0,
0x000001cfd8046d90, 0x000001cfd8047650, 0x000001cfd8055430, 0x000001cfd8055da0,
0x000001cfd80566a0, 0x000001cfd823c820, 0x000001cfd823cec0, 0x000001cfd8243520,
0x000001cfd82a3220, 0x000001cfd8a5ad20, 0x000001cfd8b1aa20, 0x000001cfd8b33f70,
0x000001cfd8bfe870, 0x000001cfd8bd9030, 0x000001cfd8bd9500, 0x000001cfd9b95a60,
0x000001cfd9c748b0, 0x000001cfd9c730a0, 0x000001cfd9c73a40, 0x000001cfd9c73f10,
0x000001cfd9c73570, 0x000001cfd9c743e0, 0x000001cfdd0f5d60, 0x000001cfdd0f6230
}

Java Threads: ( => current thread )
  0x000001cfc813ea70 JavaThread "main" [_thread_blocked, id=5488, stack(0x00000061e2000000,0x00000061e2100000)]
  0x000001cfd7670880 JavaThread "Reference Handler" daemon [_thread_blocked, id=6988, stack(0x00000061e2700000,0x00000061e2800000)]
  0x000001cfd7673340 JavaThread "Finalizer" daemon [_thread_blocked, id=2268, stack(0x00000061e2800000,0x00000061e2900000)]
  0x000001cfd80464d0 JavaThread "Signal Dispatcher" daemon [_thread_blocked, id=3120, stack(0x00000061e2a00000,0x00000061e2b00000)]
  0x000001cfd8046d90 JavaThread "Attach Listener" daemon [_thread_blocked, id=18824, stack(0x00000061e2b00000,0x00000061e2c00000)]
  0x000001cfd8047650 JavaThread "Service Thread" daemon [_thread_blocked, id=19872, stack(0x00000061e2c00000,0x00000061e2d00000)]
  0x000001cfd8055430 JavaThread "Monitor Deflation Thread" daemon [_thread_blocked, id=18288, stack(0x00000061e2d00000,0x00000061e2e00000)]
  0x000001cfd8055da0 JavaThread "C1 CompilerThread0" daemon [_thread_blocked, id=17964, stack(0x00000061e2e00000,0x00000061e2f00000)]
  0x000001cfd80566a0 JavaThread "Sweeper thread" daemon [_thread_blocked, id=4944, stack(0x00000061e2f00000,0x00000061e3000000)]
  0x000001cfd823c820 JavaThread "Common-Cleaner" daemon [_thread_blocked, id=13808, stack(0x00000061e3000000,0x00000061e3100000)]
  0x000001cfd823cec0 JavaThread "C1 CompilerThread1" daemon [_thread_blocked, id=13640, stack(0x00000061e3100000,0x00000061e3200000)]
  0x000001cfd8243520 JavaThread "C1 CompilerThread2" daemon [_thread_blocked, id=8240, stack(0x00000061e3200000,0x00000061e3300000)]
  0x000001cfd82a3220 JavaThread "Notification Thread" daemon [_thread_blocked, id=1100, stack(0x00000061e3300000,0x00000061e3400000)]
  0x000001cfd8a5ad20 JavaThread "RMI TCP Accept-0" daemon [_thread_in_native, id=17752, stack(0x00000061e3900000,0x00000061e3a00000)]
  0x000001cfd8b1aa20 JavaThread "RMI TCP Accept-54571" daemon [_thread_in_native, id=17468, stack(0x00000061e3a00000,0x00000061e3b00000)]
  0x000001cfd8b33f70 JavaThread "RMI TCP Accept-0" daemon [_thread_in_native, id=18768, stack(0x00000061e3b00000,0x00000061e3c00000)]
  0x000001cfd8bfe870 JavaThread "RMI TCP Connection(1)-127.0.0.1" daemon [_thread_in_native, id=16316, stack(0x00000061e3d00000,0x00000061e3e00000)]
  0x000001cfd8bd9030 JavaThread "RMI Scheduler(0)" daemon [_thread_blocked, id=16352, stack(0x00000061e3e00000,0x00000061e3f00000)]
  0x000001cfd8bd9500 JavaThread "RMI TCP Connection(2)-127.0.0.1" daemon [_thread_in_native, id=14340, stack(0x00000061e3f00000,0x00000061e4000000)]
  0x000001cfd9b95a60 JavaThread "JMX server connection timeout 21" daemon [_thread_blocked, id=18424, stack(0x00000061e4000000,0x00000061e4100000)]
  0x000001cfd9c748b0 JavaThread "Thread-0" [_thread_blocked, id=3972, stack(0x00000061e4100000,0x00000061e4200000)]
  0x000001cfd9c730a0 JavaThread "restartedMain" [_thread_blocked, id=2868, stack(0x00000061e4200000,0x00000061e4300000)]
  0x000001cfd9c73a40 JavaThread "Catalina-utility-1" [_thread_blocked, id=17080, stack(0x00000061e4300000,0x00000061e4400000)]
  0x000001cfd9c73f10 JavaThread "Catalina-utility-2" [_thread_blocked, id=17072, stack(0x00000061e4400000,0x00000061e4500000)]
  0x000001cfd9c73570 JavaThread "container-0" [_thread_blocked, id=6220, stack(0x00000061e4500000,0x00000061e4600000)]
  0x000001cfd9c743e0 JavaThread "mysql-cj-abandoned-connection-cleanup" daemon [_thread_blocked, id=15548, stack(0x00000061e4600000,0x00000061e4700000)]
  0x000001cfdd0f5d60 JavaThread "HikariPool-1 housekeeper" daemon [_thread_blocked, id=10108, stack(0x00000061e4800000,0x00000061e4900000)]
  0x000001cfdd0f6230 JavaThread "HikariPool-1 connection adder" daemon [_thread_blocked, id=6332, stack(0x00000061e4900000,0x00000061e4a00000)]

Other Threads:
=>0x000001cfd7692700 VMThread "VM Thread" [stack: 0x00000061e2600000,0x00000061e2700000] [id=1980]
  0x000001cfd8b1aef0 WatcherThread [stack: 0x00000061e3c00000,0x00000061e3d00000] [id=19712]
  0x000001cfca307ea0 GCTaskThread "GC Thread#0" [stack: 0x00000061e2100000,0x00000061e2200000] [id=14940]
  0x000001cfd8a5a7c0 GCTaskThread "GC Thread#1" [stack: 0x00000061e3400000,0x00000061e3500000] [id=1420]
  0x000001cfd8a9d970 GCTaskThread "GC Thread#2" [stack: 0x00000061e3500000,0x00000061e3600000] [id=17440]
  0x000001cfd8a9dc20 GCTaskThread "GC Thread#3" [stack: 0x00000061e3600000,0x00000061e3700000] [id=19816]
  0x000001cfca318c00 ConcurrentGCThread "G1 Main Marker" [stack: 0x00000061e2200000,0x00000061e2300000] [id=16884]
  0x000001cfca319610 ConcurrentGCThread "G1 Conc#0" [stack: 0x00000061e2300000,0x00000061e2400000] [id=8888]
  0x000001cfca34ec00 ConcurrentGCThread "G1 Refine#0" [stack: 0x00000061e2400000,0x00000061e2500000] [id=12244]
  0x000001cfd830c730 ConcurrentGCThread "G1 Refine#1" [stack: 0x00000061e3700000,0x00000061e3800000] [id=18120]
  0x000001cfd830ca10 ConcurrentGCThread "G1 Refine#2" [stack: 0x00000061e3800000,0x00000061e3900000] [id=20180]
  0x000001cfd74d4b20 ConcurrentGCThread "G1 Service" [stack: 0x00000061e2500000,0x00000061e2600000] [id=17064]

Threads with active compile tasks:

VM state: at safepoint (normal execution)

VM Mutex/Monitor currently owned by a thread:  ([mutex/lock_event])
[0x000001cfca2aa3e0] Threads_lock - owner thread: 0x000001cfd7692700
[0x000001cfca2ab9d0] Heap_lock - owner thread: 0x000001cfd9c730a0

Heap address: 0x0000000084c00000, size: 1972 MB, Compressed Oops mode: 32-bit

CDS archive(s) not mapped
Compressed class space mapped at: 0x0000000100000000-0x0000000140000000, reserved size: 1073741824
Narrow klass base: 0x0000000000000000, Narrow klass shift: 3, Narrow klass range: 0x140000000

GC Precious Log:
 CPUs: 4 total, 4 available
 Memory: 7880M
 Large Page Support: Disabled
 NUMA Support: Disabled
 Compressed Oops: Enabled (32-bit)
 Heap Region Size: 1M
 Heap Min Capacity: 8M
 Heap Initial Capacity: 124M
 Heap Max Capacity: 1972M
 Pre-touch: Disabled
 Parallel Workers: 4
 Concurrent Workers: 1
 Concurrent Refinement Workers: 4
 Periodic GC: Disabled

Heap:
 garbage-first heap   total 146432K, used 59392K [0x0000000084c00000, 0x0000000100000000)
  region size 1024K, 5 young (5120K), 5 survivors (5120K)
 Metaspace       used 89185K, committed 89792K, reserved 1130496K
  class space    used 12520K, committed 12800K, reserved 1048576K

Heap Regions: E=young(eden), S=young(survivor), O=old, HS=humongous(starts), HC=humongous(continues), CS=collection set, F=free, OA=open archive, CA=closed archive, TAMS=top-at-mark-start (previous, next)
|   0|0x0000000084c00000, 0x0000000084d00000, 0x0000000084d00000|100%|HS|  |TAMS 0x0000000084d00000, 0x0000000084c00000| Complete 
|   1|0x0000000084d00000, 0x0000000084e00000, 0x0000000084e00000|100%|HS|  |TAMS 0x0000000084e00000, 0x0000000084d00000| Complete 
|   2|0x0000000084e00000, 0x0000000084f00000, 0x0000000084f00000|100%| O|  |TAMS 0x0000000084f00000, 0x0000000084e00000| Untracked 
|   3|0x0000000084f00000, 0x0000000085000000, 0x0000000085000000|100%| O|  |TAMS 0x0000000085000000, 0x0000000084f00000| Untracked 
|   4|0x0000000085000000, 0x0000000085100000, 0x0000000085100000|100%| O|  |TAMS 0x0000000085100000, 0x0000000085000000| Untracked 
|   5|0x0000000085100000, 0x0000000085200000, 0x0000000085200000|100%| O|  |TAMS 0x0000000085200000, 0x0000000085100000| Untracked 
|   6|0x0000000085200000, 0x0000000085300000, 0x0000000085300000|100%| O|  |TAMS 0x0000000085300000, 0x0000000085200000| Untracked 
|   7|0x0000000085300000, 0x0000000085400000, 0x0000000085400000|100%| O|  |TAMS 0x0000000085400000, 0x0000000085300000| Untracked 
|   8|0x0000000085400000, 0x0000000085500000, 0x0000000085500000|100%| O|  |TAMS 0x0000000085500000, 0x0000000085400000| Untracked 
|   9|0x0000000085500000, 0x0000000085600000, 0x0000000085600000|100%| O|  |TAMS 0x0000000085600000, 0x0000000085500000| Untracked 
|  10|0x0000000085600000, 0x0000000085700000, 0x0000000085700000|100%| O|  |TAMS 0x0000000085700000, 0x0000000085600000| Untracked 
|  11|0x0000000085700000, 0x0000000085800000, 0x0000000085800000|100%| O|  |TAMS 0x0000000085800000, 0x0000000085700000| Untracked 
|  12|0x0000000085800000, 0x0000000085900000, 0x0000000085900000|100%| O|  |TAMS 0x0000000085900000, 0x0000000085800000| Untracked 
|  13|0x0000000085900000, 0x0000000085a00000, 0x0000000085a00000|100%| O|  |TAMS 0x0000000085a00000, 0x0000000085900000| Untracked 
|  14|0x0000000085a00000, 0x0000000085b00000, 0x0000000085b00000|100%| O|  |TAMS 0x0000000085b00000, 0x0000000085a00000| Untracked 
|  15|0x0000000085b00000, 0x0000000085c00000, 0x0000000085c00000|100%| O|  |TAMS 0x0000000085c00000, 0x0000000085b00000| Untracked 
|  16|0x0000000085c00000, 0x0000000085d00000, 0x0000000085d00000|100%| O|  |TAMS 0x0000000085d00000, 0x0000000085c00000| Untracked 
|  17|0x0000000085d00000, 0x0000000085e00000, 0x0000000085e00000|100%| O|  |TAMS 0x0000000085e00000, 0x0000000085d00000| Untracked 
|  18|0x0000000085e00000, 0x0000000085f00000, 0x0000000085f00000|100%| O|  |TAMS 0x0000000085f00000, 0x0000000085e00000| Untracked 
|  19|0x0000000085f00000, 0x0000000086000000, 0x0000000086000000|100%| O|  |TAMS 0x0000000086000000, 0x0000000085f00000| Untracked 
|  20|0x0000000086000000, 0x0000000086100000, 0x0000000086100000|100%| O|  |TAMS 0x0000000086100000, 0x0000000086000000| Untracked 
|  21|0x0000000086100000, 0x0000000086200000, 0x0000000086200000|100%| O|  |TAMS 0x0000000086200000, 0x0000000086100000| Untracked 
|  22|0x0000000086200000, 0x0000000086300000, 0x0000000086300000|100%| O|  |TAMS 0x0000000086300000, 0x0000000086200000| Untracked 
|  23|0x0000000086300000, 0x0000000086400000, 0x0000000086400000|100%| O|  |TAMS 0x0000000086400000, 0x0000000086300000| Untracked 
|  24|0x0000000086400000, 0x0000000086500000, 0x0000000086500000|100%| O|  |TAMS 0x0000000086500000, 0x0000000086400000| Untracked 
|  25|0x0000000086500000, 0x0000000086600000, 0x0000000086600000|100%| O|  |TAMS 0x0000000086600000, 0x0000000086500000| Untracked 
|  26|0x0000000086600000, 0x0000000086700000, 0x0000000086700000|100%| O|  |TAMS 0x0000000086700000, 0x0000000086600000| Untracked 
|  27|0x0000000086700000, 0x0000000086800000, 0x0000000086800000|100%| O|  |TAMS 0x0000000086800000, 0x0000000086700000| Untracked 
|  28|0x0000000086800000, 0x0000000086900000, 0x0000000086900000|100%| O|  |TAMS 0x0000000086900000, 0x0000000086800000| Untracked 
|  29|0x0000000086900000, 0x0000000086a00000, 0x0000000086a00000|100%| O|  |TAMS 0x0000000086a00000, 0x0000000086900000| Untracked 
|  30|0x0000000086a00000, 0x0000000086b00000, 0x0000000086b00000|100%| O|  |TAMS 0x0000000086b00000, 0x0000000086a00000| Untracked 
|  31|0x0000000086b00000, 0x0000000086c00000, 0x0000000086c00000|100%| O|  |TAMS 0x0000000086c00000, 0x0000000086b00000| Untracked 
|  32|0x0000000086c00000, 0x0000000086d00000, 0x0000000086d00000|100%| O|  |TAMS 0x0000000086d00000, 0x0000000086c00000| Untracked 
|  33|0x0000000086d00000, 0x0000000086e00000, 0x0000000086e00000|100%| O|  |TAMS 0x0000000086e00000, 0x0000000086d00000| Untracked 
|  34|0x0000000086e00000, 0x0000000086f00000, 0x0000000086f00000|100%| O|  |TAMS 0x0000000086eb4a00, 0x0000000086e00000| Untracked 
|  35|0x0000000086f00000, 0x0000000087000000, 0x0000000087000000|100%| O|  |TAMS 0x0000000086f00000, 0x0000000086f00000| Untracked 
|  36|0x0000000087000000, 0x0000000087100000, 0x0000000087100000|100%| O|  |TAMS 0x0000000087000000, 0x0000000087000000| Untracked 
|  37|0x0000000087100000, 0x0000000087200000, 0x0000000087200000|100%| O|  |TAMS 0x0000000087100000, 0x0000000087100000| Untracked 
|  38|0x0000000087200000, 0x0000000087300000, 0x0000000087300000|100%| O|  |TAMS 0x0000000087200000, 0x0000000087200000| Untracked 
|  39|0x0000000087300000, 0x0000000087400000, 0x0000000087400000|100%| O|  |TAMS 0x0000000087300000, 0x0000000087300000| Untracked 
|  40|0x0000000087400000, 0x0000000087500000, 0x0000000087500000|100%| O|  |TAMS 0x0000000087400000, 0x0000000087400000| Untracked 
|  41|0x0000000087500000, 0x0000000087600000, 0x0000000087600000|100%| O|  |TAMS 0x0000000087500000, 0x0000000087500000| Untracked 
|  42|0x0000000087600000, 0x0000000087700000, 0x0000000087700000|100%| O|  |TAMS 0x0000000087600000, 0x0000000087600000| Untracked 
|  43|0x0000000087700000, 0x0000000087800000, 0x0000000087800000|100%| O|  |TAMS 0x0000000087700000, 0x0000000087700000| Untracked 
|  44|0x0000000087800000, 0x0000000087900000, 0x0000000087900000|100%| O|  |TAMS 0x0000000087800000, 0x0000000087800000| Untracked 
|  45|0x0000000087900000, 0x0000000087a00000, 0x0000000087a00000|100%| O|  |TAMS 0x0000000087900000, 0x0000000087900000| Untracked 
|  46|0x0000000087a00000, 0x0000000087b00000, 0x0000000087b00000|100%| O|  |TAMS 0x0000000087a00000, 0x0000000087a00000| Untracked 
|  47|0x0000000087b00000, 0x0000000087c00000, 0x0000000087c00000|100%| O|  |TAMS 0x0000000087b00000, 0x0000000087b00000| Untracked 
|  48|0x0000000087c00000, 0x0000000087d00000, 0x0000000087d00000|100%| O|  |TAMS 0x0000000087c00000, 0x0000000087c00000| Untracked 
|  49|0x0000000087d00000, 0x0000000087e00000, 0x0000000087e00000|100%| O|  |TAMS 0x0000000087d00000, 0x0000000087d00000| Untracked 
|  50|0x0000000087e00000, 0x0000000087f00000, 0x0000000087f00000|100%| O|  |TAMS 0x0000000087e00000, 0x0000000087e00000| Untracked 
|  51|0x0000000087f00000, 0x0000000088000000, 0x0000000088000000|100%| O|  |TAMS 0x0000000087f00000, 0x0000000087f00000| Untracked 
|  52|0x0000000088000000, 0x0000000088100000, 0x0000000088100000|100%| O|  |TAMS 0x0000000088000000, 0x0000000088000000| Untracked 
|  53|0x0000000088100000, 0x0000000088100000, 0x0000000088200000|  0%| F|  |TAMS 0x0000000088100000, 0x0000000088100000| Untracked 
|  54|0x0000000088200000, 0x0000000088200000, 0x0000000088300000|  0%| F|  |TAMS 0x0000000088200000, 0x0000000088200000| Untracked 
|  55|0x0000000088300000, 0x0000000088300000, 0x0000000088400000|  0%| F|  |TAMS 0x0000000088300000, 0x0000000088300000| Untracked 
|  56|0x0000000088400000, 0x0000000088400000, 0x0000000088500000|  0%| F|  |TAMS 0x0000000088400000, 0x0000000088400000| Untracked 
|  57|0x0000000088500000, 0x0000000088500000, 0x0000000088600000|  0%| F|  |TAMS 0x0000000088500000, 0x0000000088500000| Untracked 
|  58|0x0000000088600000, 0x0000000088600000, 0x0000000088700000|  0%| F|  |TAMS 0x0000000088600000, 0x0000000088600000| Untracked 
|  59|0x0000000088700000, 0x0000000088700000, 0x0000000088800000|  0%| F|  |TAMS 0x0000000088700000, 0x0000000088700000| Untracked 
|  60|0x0000000088800000, 0x0000000088800000, 0x0000000088900000|  0%| F|  |TAMS 0x0000000088800000, 0x0000000088800000| Untracked 
|  61|0x0000000088900000, 0x0000000088900000, 0x0000000088a00000|  0%| F|  |TAMS 0x0000000088900000, 0x0000000088900000| Untracked 
|  62|0x0000000088a00000, 0x0000000088a00000, 0x0000000088b00000|  0%| F|  |TAMS 0x0000000088a00000, 0x0000000088a00000| Untracked 
|  63|0x0000000088b00000, 0x0000000088b00000, 0x0000000088c00000|  0%| F|  |TAMS 0x0000000088b00000, 0x0000000088b00000| Untracked 
|  64|0x0000000088c00000, 0x0000000088c00000, 0x0000000088d00000|  0%| F|  |TAMS 0x0000000088c00000, 0x0000000088c00000| Untracked 
|  65|0x0000000088d00000, 0x0000000088d00000, 0x0000000088e00000|  0%| F|  |TAMS 0x0000000088d00000, 0x0000000088d00000| Untracked 
|  66|0x0000000088e00000, 0x0000000088e00000, 0x0000000088f00000|  0%| F|  |TAMS 0x0000000088e00000, 0x0000000088e00000| Untracked 
|  67|0x0000000088f00000, 0x0000000088f00000, 0x0000000089000000|  0%| F|  |TAMS 0x0000000088f00000, 0x0000000088f00000| Untracked 
|  68|0x0000000089000000, 0x0000000089000000, 0x0000000089100000|  0%| F|  |TAMS 0x0000000089000000, 0x0000000089000000| Untracked 
|  69|0x0000000089100000, 0x0000000089200000, 0x0000000089200000|100%| S|CS|TAMS 0x0000000089100000, 0x0000000089100000| Complete 
|  70|0x0000000089200000, 0x0000000089300000, 0x0000000089300000|100%| S|CS|TAMS 0x0000000089200000, 0x0000000089200000| Complete 
|  71|0x0000000089300000, 0x0000000089400000, 0x0000000089400000|100%| S|CS|TAMS 0x0000000089300000, 0x0000000089300000| Complete 
|  72|0x0000000089400000, 0x0000000089400000, 0x0000000089500000|  0%| F|  |TAMS 0x0000000089400000, 0x0000000089400000| Untracked 
|  73|0x0000000089500000, 0x0000000089500000, 0x0000000089600000|  0%| F|  |TAMS 0x0000000089500000, 0x0000000089500000| Untracked 
|  74|0x0000000089600000, 0x0000000089600000, 0x0000000089700000|  0%| F|  |TAMS 0x0000000089600000, 0x0000000089600000| Untracked 
|  75|0x0000000089700000, 0x0000000089700000, 0x0000000089800000|  0%| F|  |TAMS 0x0000000089700000, 0x0000000089700000| Untracked 
|  76|0x0000000089800000, 0x0000000089800000, 0x0000000089900000|  0%| F|  |TAMS 0x0000000089800000, 0x0000000089800000| Untracked 
|  77|0x0000000089900000, 0x0000000089900000, 0x0000000089a00000|  0%| F|  |TAMS 0x0000000089900000, 0x0000000089900000| Untracked 
|  78|0x0000000089a00000, 0x0000000089a00000, 0x0000000089b00000|  0%| F|  |TAMS 0x0000000089a00000, 0x0000000089a00000| Untracked 
|  79|0x0000000089b00000, 0x0000000089c00000, 0x0000000089c00000|100%| S|CS|TAMS 0x0000000089b00000, 0x0000000089b00000| Complete 
|  80|0x0000000089c00000, 0x0000000089d00000, 0x0000000089d00000|100%| S|CS|TAMS 0x0000000089c00000, 0x0000000089c00000| Complete 
|  81|0x0000000089d00000, 0x0000000089d00000, 0x0000000089e00000|  0%| F|  |TAMS 0x0000000089d00000, 0x0000000089d00000| Untracked 
|  82|0x0000000089e00000, 0x0000000089e00000, 0x0000000089f00000|  0%| F|  |TAMS 0x0000000089e00000, 0x0000000089e00000| Untracked 
|  83|0x0000000089f00000, 0x0000000089f00000, 0x000000008a000000|  0%| F|  |TAMS 0x0000000089f00000, 0x0000000089f00000| Untracked 
|  84|0x000000008a000000, 0x000000008a000000, 0x000000008a100000|  0%| F|  |TAMS 0x000000008a000000, 0x000000008a000000| Untracked 
|  85|0x000000008a100000, 0x000000008a100000, 0x000000008a200000|  0%| F|  |TAMS 0x000000008a100000, 0x000000008a100000| Untracked 
|  86|0x000000008a200000, 0x000000008a200000, 0x000000008a300000|  0%| F|  |TAMS 0x000000008a200000, 0x000000008a200000| Untracked 
|  87|0x000000008a300000, 0x000000008a300000, 0x000000008a400000|  0%| F|  |TAMS 0x000000008a300000, 0x000000008a300000| Untracked 
|  88|0x000000008a400000, 0x000000008a400000, 0x000000008a500000|  0%| F|  |TAMS 0x000000008a400000, 0x000000008a400000| Untracked 
|  89|0x000000008a500000, 0x000000008a500000, 0x000000008a600000|  0%| F|  |TAMS 0x000000008a500000, 0x000000008a500000| Untracked 
|  90|0x000000008a600000, 0x000000008a600000, 0x000000008a700000|  0%| F|  |TAMS 0x000000008a600000, 0x000000008a600000| Untracked 
|  91|0x000000008a700000, 0x000000008a700000, 0x000000008a800000|  0%| F|  |TAMS 0x000000008a700000, 0x000000008a700000| Untracked 
|  92|0x000000008a800000, 0x000000008a800000, 0x000000008a900000|  0%| F|  |TAMS 0x000000008a800000, 0x000000008a800000| Untracked 
|  93|0x000000008a900000, 0x000000008a900000, 0x000000008aa00000|  0%| F|  |TAMS 0x000000008a900000, 0x000000008a900000| Untracked 
|  94|0x000000008aa00000, 0x000000008aa00000, 0x000000008ab00000|  0%| F|  |TAMS 0x000000008aa00000, 0x000000008aa00000| Untracked 
|  95|0x000000008ab00000, 0x000000008ab00000, 0x000000008ac00000|  0%| F|  |TAMS 0x000000008ab00000, 0x000000008ab00000| Untracked 
|  96|0x000000008ac00000, 0x000000008ac00000, 0x000000008ad00000|  0%| F|  |TAMS 0x000000008ac00000, 0x000000008ac00000| Untracked 
|  97|0x000000008ad00000, 0x000000008ad00000, 0x000000008ae00000|  0%| F|  |TAMS 0x000000008ad00000, 0x000000008ad00000| Untracked 
|  98|0x000000008ae00000, 0x000000008ae00000, 0x000000008af00000|  0%| F|  |TAMS 0x000000008ae00000, 0x000000008ae00000| Untracked 
|  99|0x000000008af00000, 0x000000008af00000, 0x000000008b000000|  0%| F|  |TAMS 0x000000008af00000, 0x000000008af00000| Untracked 
| 100|0x000000008b000000, 0x000000008b000000, 0x000000008b100000|  0%| F|  |TAMS 0x000000008b000000, 0x000000008b000000| Untracked 
| 101|0x000000008b100000, 0x000000008b100000, 0x000000008b200000|  0%| F|  |TAMS 0x000000008b100000, 0x000000008b100000| Untracked 
| 102|0x000000008b200000, 0x000000008b200000, 0x000000008b300000|  0%| F|  |TAMS 0x000000008b200000, 0x000000008b200000| Untracked 
| 103|0x000000008b300000, 0x000000008b300000, 0x000000008b400000|  0%| F|  |TAMS 0x000000008b300000, 0x000000008b300000| Untracked 
| 104|0x000000008b400000, 0x000000008b400000, 0x000000008b500000|  0%| F|  |TAMS 0x000000008b400000, 0x000000008b400000| Untracked 
| 105|0x000000008b500000, 0x000000008b500000, 0x000000008b600000|  0%| F|  |TAMS 0x000000008b500000, 0x000000008b500000| Untracked 
| 106|0x000000008b600000, 0x000000008b600000, 0x000000008b700000|  0%| F|  |TAMS 0x000000008b600000, 0x000000008b600000| Untracked 
| 107|0x000000008b700000, 0x000000008b700000, 0x000000008b800000|  0%| F|  |TAMS 0x000000008b700000, 0x000000008b700000| Untracked 
| 108|0x000000008b800000, 0x000000008b800000, 0x000000008b900000|  0%| F|  |TAMS 0x000000008b800000, 0x000000008b800000| Untracked 
| 109|0x000000008b900000, 0x000000008b900000, 0x000000008ba00000|  0%| F|  |TAMS 0x000000008b900000, 0x000000008b900000| Untracked 
| 110|0x000000008ba00000, 0x000000008ba00000, 0x000000008bb00000|  0%| F|  |TAMS 0x000000008ba00000, 0x000000008ba00000| Untracked 
| 111|0x000000008bb00000, 0x000000008bb00000, 0x000000008bc00000|  0%| F|  |TAMS 0x000000008bb00000, 0x000000008bb00000| Untracked 
| 112|0x000000008bc00000, 0x000000008bc00000, 0x000000008bd00000|  0%| F|  |TAMS 0x000000008bc00000, 0x000000008bc00000| Untracked 
| 113|0x000000008bd00000, 0x000000008bd00000, 0x000000008be00000|  0%| F|  |TAMS 0x000000008bd00000, 0x000000008bd00000| Untracked 
| 114|0x000000008be00000, 0x000000008be00000, 0x000000008bf00000|  0%| F|  |TAMS 0x000000008be00000, 0x000000008be00000| Untracked 
| 115|0x000000008bf00000, 0x000000008bf00000, 0x000000008c000000|  0%| F|  |TAMS 0x000000008bf00000, 0x000000008bf00000| Untracked 
| 116|0x000000008c000000, 0x000000008c000000, 0x000000008c100000|  0%| F|  |TAMS 0x000000008c000000, 0x000000008c000000| Untracked 
| 117|0x000000008c100000, 0x000000008c100000, 0x000000008c200000|  0%| F|  |TAMS 0x000000008c100000, 0x000000008c100000| Untracked 
| 118|0x000000008c200000, 0x000000008c200000, 0x000000008c300000|  0%| F|  |TAMS 0x000000008c200000, 0x000000008c200000| Untracked 
| 119|0x000000008c300000, 0x000000008c300000, 0x000000008c400000|  0%| F|  |TAMS 0x000000008c300000, 0x000000008c300000| Untracked 
| 120|0x000000008c400000, 0x000000008c400000, 0x000000008c500000|  0%| F|  |TAMS 0x000000008c400000, 0x000000008c400000| Untracked 
| 121|0x000000008c500000, 0x000000008c500000, 0x000000008c600000|  0%| F|  |TAMS 0x000000008c500000, 0x000000008c500000| Untracked 
| 122|0x000000008c600000, 0x000000008c600000, 0x000000008c700000|  0%| F|  |TAMS 0x000000008c600000, 0x000000008c600000| Untracked 
| 123|0x000000008c700000, 0x000000008c700000, 0x000000008c800000|  0%| F|  |TAMS 0x000000008c700000, 0x000000008c700000| Untracked 
| 124|0x000000008c800000, 0x000000008c800000, 0x000000008c900000|  0%| F|  |TAMS 0x000000008c800000, 0x000000008c800000| Untracked 
| 125|0x000000008c900000, 0x000000008c900000, 0x000000008ca00000|  0%| F|  |TAMS 0x000000008c900000, 0x000000008c900000| Untracked 
| 126|0x000000008ca00000, 0x000000008ca00000, 0x000000008cb00000|  0%| F|  |TAMS 0x000000008ca00000, 0x000000008ca00000| Untracked 
| 127|0x000000008cb00000, 0x000000008cb00000, 0x000000008cc00000|  0%| F|  |TAMS 0x000000008cb00000, 0x000000008cb00000| Untracked 
| 128|0x000000008cc00000, 0x000000008cc00000, 0x000000008cd00000|  0%| F|  |TAMS 0x000000008cc00000, 0x000000008cc00000| Untracked 
| 129|0x000000008cd00000, 0x000000008cd00000, 0x000000008ce00000|  0%| F|  |TAMS 0x000000008cd00000, 0x000000008cd00000| Untracked 
| 130|0x000000008ce00000, 0x000000008ce00000, 0x000000008cf00000|  0%| F|  |TAMS 0x000000008ce00000, 0x000000008ce00000| Untracked 
| 131|0x000000008cf00000, 0x000000008cf00000, 0x000000008d000000|  0%| F|  |TAMS 0x000000008cf00000, 0x000000008cf00000| Untracked 
| 132|0x000000008d000000, 0x000000008d000000, 0x000000008d100000|  0%| F|  |TAMS 0x000000008d000000, 0x000000008d000000| Untracked 
| 133|0x000000008d100000, 0x000000008d100000, 0x000000008d200000|  0%| F|  |TAMS 0x000000008d100000, 0x000000008d100000| Untracked 
| 134|0x000000008d200000, 0x000000008d200000, 0x000000008d300000|  0%| F|  |TAMS 0x000000008d200000, 0x000000008d200000| Untracked 
| 135|0x000000008d300000, 0x000000008d300000, 0x000000008d400000|  0%| F|  |TAMS 0x000000008d300000, 0x000000008d300000| Untracked 
| 136|0x000000008d400000, 0x000000008d400000, 0x000000008d500000|  0%| F|  |TAMS 0x000000008d400000, 0x000000008d400000| Untracked 
| 137|0x000000008d500000, 0x000000008d500000, 0x000000008d600000|  0%| F|  |TAMS 0x000000008d500000, 0x000000008d500000| Untracked 
| 138|0x000000008d600000, 0x000000008d600000, 0x000000008d700000|  0%| F|  |TAMS 0x000000008d600000, 0x000000008d600000| Untracked 
| 139|0x000000008d700000, 0x000000008d700000, 0x000000008d800000|  0%| F|  |TAMS 0x000000008d700000, 0x000000008d700000| Untracked 
| 140|0x000000008d800000, 0x000000008d800000, 0x000000008d900000|  0%| F|  |TAMS 0x000000008d800000, 0x000000008d800000| Untracked 
| 141|0x000000008d900000, 0x000000008d900000, 0x000000008da00000|  0%| F|  |TAMS 0x000000008d900000, 0x000000008d900000| Untracked 
| 142|0x000000008da00000, 0x000000008da00000, 0x000000008db00000|  0%| F|  |TAMS 0x000000008da00000, 0x000000008da00000| Untracked 

Card table byte_map: [0x000001cfd0d20000,0x000001cfd1100000] _byte_map_base: 0x000001cfd08fa000

Marking Bits (Prev, Next): (CMBitMap*) 0x000001cfca3084b0, (CMBitMap*) 0x000001cfca3084f0
 Prev Bits: [0x000001cfd14e0000, 0x000001cfd33b0000)
 Next Bits: [0x000001cfd33b0000, 0x000001cfd5280000)

Polling page: 0x000001cfc8240000

Metaspace:

Usage:
  Non-class:     74.87 MB used.
      Class:     12.23 MB used.
       Both:     87.10 MB used.

Virtual space:
  Non-class space:       80.00 MB reserved,      75.19 MB ( 94%) committed,  10 nodes.
      Class space:        1.00 GB reserved,      12.50 MB (  1%) committed,  1 nodes.
             Both:        1.08 GB reserved,      87.69 MB (  8%) committed. 

Chunk freelists:
   Non-Class:  496.00 KB
       Class:  3.55 MB
        Both:  4.03 MB

MaxMetaspaceSize: unlimited
CompressedClassSpaceSize: 1.00 GB
Initial GC threshold: 21.00 MB
Current GC threshold: 124.00 MB
CDS: off
MetaspaceReclaimPolicy: balanced
 - commit_granule_bytes: 65536.
 - commit_granule_words: 8192.
 - virtual_space_node_default_size: 1048576.
 - enlarge_chunks_in_place: 1.
 - new_chunks_are_fully_committed: 0.
 - uncommit_free_chunks: 1.
 - use_allocation_guard: 0.
 - handle_deallocations: 1.


Internal statistics:

num_allocs_failed_limit: 18.
num_arena_births: 850.
num_arena_deaths: 0.
num_vsnodes_births: 11.
num_vsnodes_deaths: 0.
num_space_committed: 1403.
num_space_uncommitted: 0.
num_chunks_returned_to_freelist: 18.
num_chunks_taken_from_freelist: 3714.
num_chunk_merges: 9.
num_chunk_splits: 2719.
num_chunks_enlarged: 2138.
num_purges: 0.
num_inconsistent_stats: 0.

CodeCache: size=49152Kb used=14842Kb max_used=14842Kb free=34309Kb
 bounds [0x000001cfcd940000, 0x000001cfce7c0000, 0x000001cfd0940000]
 total_blobs=8341 nmethods=7644 adapters=622
 compilation: enabled
              stopped_count=0, restarted_count=0
 full_count=0

Compilation events (20 events):
Event: 10.885 Thread 0x000001cfd8055da0 7636   !   1       org.springframework.aop.framework.autoproxy.AbstractAdvisorAutoProxyCreator::findAdvisorsThatCanApply (27 bytes)
Event: 10.885 Thread 0x000001cfd8243520 7635       1       org.springframework.aop.framework.autoproxy.AbstractAdvisorAutoProxyCreator::findEligibleAdvisors (41 bytes)
Event: 10.885 Thread 0x000001cfd8055da0 nmethod 7636 0x000001cfce7b2490 code [0x000001cfce7b2680, 0x000001cfce7b2a38]
Event: 10.885 Thread 0x000001cfd8243520 nmethod 7635 0x000001cfce7b2d90 code [0x000001cfce7b2fa0, 0x000001cfce7b32a8]
Event: 10.898 Thread 0x000001cfd823cec0 7637       1       org.springframework.core.MethodParameter::clone (9 bytes)
Event: 10.899 Thread 0x000001cfd823cec0 nmethod 7637 0x000001cfce7b3610 code [0x000001cfce7b37a0, 0x000001cfce7b38e8]
Event: 10.903 Thread 0x000001cfd8243520 7638   !   1       org.springframework.core.$Proxy6::getActualTypeArguments (29 bytes)
Event: 10.904 Thread 0x000001cfd8243520 nmethod 7638 0x000001cfce7b3990 code [0x000001cfce7b3b40, 0x000001cfce7b3d58]
Event: 10.911 Thread 0x000001cfd823cec0 7639   !   1       jdk.internal.reflect.GeneratedConstructorAccessor17::newInstance (53 bytes)
Event: 10.912 Thread 0x000001cfd823cec0 nmethod 7639 0x000001cfce7b3e90 code [0x000001cfce7b4080, 0x000001cfce7b4528]
Event: 10.930 Thread 0x000001cfd8243520 7640   !   1       org.springframework.beans.factory.support.DefaultListableBeanFactory::doResolveDependency (563 bytes)
Event: 10.931 Thread 0x000001cfd8055da0 7641       1       org.springframework.beans.factory.support.DefaultListableBeanFactory::resolveMultipleBeans (343 bytes)
Event: 10.933 Thread 0x000001cfd8055da0 nmethod 7641 0x000001cfce7b4810 code [0x000001cfce7b4c20, 0x000001cfce7b6228]
Event: 10.935 Thread 0x000001cfd8243520 nmethod 7640 0x000001cfce7b6e10 code [0x000001cfce7b7740, 0x000001cfce7ba8c8]
Event: 10.942 Thread 0x000001cfd8055da0 7642       1       org.springframework.beans.factory.support.DefaultSingletonBeanRegistry$$Lambda$409/0x000000010031dfb0::apply (8 bytes)
Event: 10.942 Thread 0x000001cfd8243520 7643       1       org.springframework.beans.factory.support.DefaultSingletonBeanRegistry::lambda$registerDependentBean$1 (10 bytes)
Event: 10.942 Thread 0x000001cfd8243520 nmethod 7643 0x000001cfce7bd590 code [0x000001cfce7bd760, 0x000001cfce7bd968]
Event: 10.942 Thread 0x000001cfd8055da0 nmethod 7642 0x000001cfce7bda90 code [0x000001cfce7bdc60, 0x000001cfce7bdea8]
Event: 10.944 Thread 0x000001cfd823cec0 7644       1       java.lang.reflect.Method::getGenericInfo (27 bytes)
Event: 10.944 Thread 0x000001cfd823cec0 nmethod 7644 0x000001cfce7be010 code [0x000001cfce7be1e0, 0x000001cfce7be6b8]

GC Heap History (20 events):
Event: 5.299 GC heap after
{Heap after GC invocations=15 (full 0):
 garbage-first heap   total 121856K, used 29127K [0x0000000084c00000, 0x0000000100000000)
  region size 1024K, 7 young (7168K), 7 survivors (7168K)
 Metaspace       used 44461K, committed 44864K, reserved 1089536K
  class space    used 5875K, committed 6080K, reserved 1048576K
}
Event: 5.955 GC heap before
{Heap before GC invocations=15 (full 0):
 garbage-first heap   total 121856K, used 100807K [0x0000000084c00000, 0x0000000100000000)
  region size 1024K, 71 young (72704K), 7 survivors (7168K)
 Metaspace       used 49641K, committed 50176K, reserved 1097728K
  class space    used 6502K, committed 6720K, reserved 1048576K
}
Event: 5.966 GC heap after
{Heap after GC invocations=16 (full 0):
 garbage-first heap   total 121856K, used 35452K [0x0000000084c00000, 0x0000000100000000)
  region size 1024K, 9 young (9216K), 9 survivors (9216K)
 Metaspace       used 49641K, committed 50176K, reserved 1097728K
  class space    used 6502K, committed 6720K, reserved 1048576K
}
Event: 6.414 GC heap before
{Heap before GC invocations=16 (full 0):
 garbage-first heap   total 121856K, used 93820K [0x0000000084c00000, 0x0000000100000000)
  region size 1024K, 66 young (67584K), 9 survivors (9216K)
 Metaspace       used 51433K, committed 51968K, reserved 1097728K
  class space    used 6778K, committed 7040K, reserved 1048576K
}
Event: 6.424 GC heap after
{Heap after GC invocations=17 (full 0):
 garbage-first heap   total 121856K, used 38610K [0x0000000084c00000, 0x0000000100000000)
  region size 1024K, 3 young (3072K), 3 survivors (3072K)
 Metaspace       used 51433K, committed 51968K, reserved 1097728K
  class space    used 6778K, committed 7040K, reserved 1048576K
}
Event: 7.124 GC heap before
{Heap before GC invocations=17 (full 0):
 garbage-first heap   total 121856K, used 85714K [0x0000000084c00000, 0x0000000100000000)
  region size 1024K, 50 young (51200K), 3 survivors (3072K)
 Metaspace       used 60505K, committed 60928K, reserved 1105920K
  class space    used 8047K, committed 8256K, reserved 1048576K
}
Event: 7.130 GC heap after
{Heap after GC invocations=18 (full 0):
 garbage-first heap   total 121856K, used 40658K [0x0000000084c00000, 0x0000000100000000)
  region size 1024K, 5 young (5120K), 5 survivors (5120K)
 Metaspace       used 60505K, committed 60928K, reserved 1105920K
  class space    used 8047K, committed 8256K, reserved 1048576K
}
Event: 8.187 GC heap before
{Heap before GC invocations=19 (full 0):
 garbage-first heap   total 121856K, used 96978K [0x0000000084c00000, 0x0000000100000000)
  region size 1024K, 61 young (62464K), 5 survivors (5120K)
 Metaspace       used 74946K, committed 75520K, reserved 1122304K
  class space    used 10261K, committed 10560K, reserved 1048576K
}
Event: 8.194 GC heap after
{Heap after GC invocations=20 (full 0):
 garbage-first heap   total 121856K, used 43586K [0x0000000084c00000, 0x0000000100000000)
  region size 1024K, 6 young (6144K), 6 survivors (6144K)
 Metaspace       used 74946K, committed 75520K, reserved 1122304K
  class space    used 10261K, committed 10560K, reserved 1048576K
}
Event: 8.769 GC heap before
{Heap before GC invocations=21 (full 0):
 garbage-first heap   total 121856K, used 98882K [0x0000000084c00000, 0x0000000100000000)
  region size 1024K, 60 young (61440K), 6 survivors (6144K)
 Metaspace       used 80327K, committed 80896K, reserved 1122304K
  class space    used 11141K, committed 11392K, reserved 1048576K
}
Event: 8.778 GC heap after
{Heap after GC invocations=22 (full 0):
 garbage-first heap   total 121856K, used 47102K [0x0000000084c00000, 0x0000000100000000)
  region size 1024K, 7 young (7168K), 7 survivors (7168K)
 Metaspace       used 80327K, committed 80896K, reserved 1122304K
  class space    used 11141K, committed 11392K, reserved 1048576K
}
Event: 9.206 GC heap before
{Heap before GC invocations=22 (full 0):
 garbage-first heap   total 121856K, used 99326K [0x0000000084c00000, 0x0000000100000000)
  region size 1024K, 58 young (59392K), 7 survivors (7168K)
 Metaspace       used 84162K, committed 84800K, reserved 1122304K
  class space    used 11801K, committed 12096K, reserved 1048576K
}
Event: 9.215 GC heap after
{Heap after GC invocations=23 (full 0):
 garbage-first heap   total 146432K, used 49978K [0x0000000084c00000, 0x0000000100000000)
  region size 1024K, 7 young (7168K), 7 survivors (7168K)
 Metaspace       used 84162K, committed 84800K, reserved 1122304K
  class space    used 11801K, committed 12096K, reserved 1048576K
}
Event: 9.612 GC heap before
{Heap before GC invocations=23 (full 0):
 garbage-first heap   total 146432K, used 117562K [0x0000000084c00000, 0x0000000100000000)
  region size 1024K, 73 young (74752K), 7 survivors (7168K)
 Metaspace       used 85421K, committed 86016K, reserved 1130496K
  class space    used 12007K, committed 12288K, reserved 1048576K
}
Event: 9.621 GC heap after
{Heap after GC invocations=24 (full 0):
 garbage-first heap   total 146432K, used 51873K [0x0000000084c00000, 0x0000000100000000)
  region size 1024K, 5 young (5120K), 5 survivors (5120K)
 Metaspace       used 85421K, committed 86016K, reserved 1130496K
  class space    used 12007K, committed 12288K, reserved 1048576K
}
Event: 10.098 GC heap before
{Heap before GC invocations=24 (full 0):
 garbage-first heap   total 146432K, used 119457K [0x0000000084c00000, 0x0000000100000000)
  region size 1024K, 71 young (72704K), 5 survivors (5120K)
 Metaspace       used 87279K, committed 87872K, reserved 1130496K
  class space    used 12252K, committed 12544K, reserved 1048576K
}
Event: 10.107 GC heap after
{Heap after GC invocations=25 (full 0):
 garbage-first heap   total 146432K, used 54727K [0x0000000084c00000, 0x0000000100000000)
  region size 1024K, 8 young (8192K), 8 survivors (8192K)
 Metaspace       used 87279K, committed 87872K, reserved 1130496K
  class space    used 12252K, committed 12544K, reserved 1048576K
}
Event: 10.541 GC heap before
{Heap before GC invocations=25 (full 0):
 garbage-first heap   total 146432K, used 120263K [0x0000000084c00000, 0x0000000100000000)
  region size 1024K, 72 young (73728K), 8 survivors (8192K)
 Metaspace       used 88537K, committed 89088K, reserved 1130496K
  class space    used 12434K, committed 12672K, reserved 1048576K
}
Event: 10.551 GC heap after
{Heap after GC invocations=26 (full 0):
 garbage-first heap   total 146432K, used 57584K [0x0000000084c00000, 0x0000000100000000)
  region size 1024K, 7 young (7168K), 7 survivors (7168K)
 Metaspace       used 88537K, committed 89088K, reserved 1130496K
  class space    used 12434K, committed 12672K, reserved 1048576K
}
Event: 10.950 GC heap before
{Heap before GC invocations=26 (full 0):
 garbage-first heap   total 146432K, used 121072K [0x0000000084c00000, 0x0000000100000000)
  region size 1024K, 69 young (70656K), 7 survivors (7168K)
 Metaspace       used 89185K, committed 89792K, reserved 1130496K
  class space    used 12520K, committed 12800K, reserved 1048576K
}

Dll operation events (9 events):
Event: 0.012 Loaded shared library C:\Users\Sangita\Downloads\spring-tool-suite-4-4.18.0.RELEASE-e4.27.0-win32.win32.x86_64.self-extracting\sts-4.18.0.RELEASE\plugins\org.eclipse.justj.openjdk.hotspot.jre.full.win32.x86_64_17.0.6.v20230204-1729\jre\bin\java.dll
Event: 0.279 Loaded shared library C:\Users\Sangita\Downloads\spring-tool-suite-4-4.18.0.RELEASE-e4.27.0-win32.win32.x86_64.self-extracting\sts-4.18.0.RELEASE\plugins\org.eclipse.justj.openjdk.hotspot.jre.full.win32.x86_64_17.0.6.v20230204-1729\jre\bin\jimage.dll
Event: 0.294 Loaded shared library C:\Users\Sangita\Downloads\spring-tool-suite-4-4.18.0.RELEASE-e4.27.0-win32.win32.x86_64.self-extracting\sts-4.18.0.RELEASE\plugins\org.eclipse.justj.openjdk.hotspot.jre.full.win32.x86_64_17.0.6.v20230204-1729\jre\bin\net.dll
Event: 0.296 Loaded shared library C:\Users\Sangita\Downloads\spring-tool-suite-4-4.18.0.RELEASE-e4.27.0-win32.win32.x86_64.self-extracting\sts-4.18.0.RELEASE\plugins\org.eclipse.justj.openjdk.hotspot.jre.full.win32.x86_64_17.0.6.v20230204-1729\jre\bin\nio.dll
Event: 0.301 Loaded shared library C:\Users\Sangita\Downloads\spring-tool-suite-4-4.18.0.RELEASE-e4.27.0-win32.win32.x86_64.self-extracting\sts-4.18.0.RELEASE\plugins\org.eclipse.justj.openjdk.hotspot.jre.full.win32.x86_64_17.0.6.v20230204-1729\jre\bin\zip.dll
Event: 0.408 Loaded shared library C:\Users\Sangita\Downloads\spring-tool-suite-4-4.18.0.RELEASE-e4.27.0-win32.win32.x86_64.self-extracting\sts-4.18.0.RELEASE\plugins\org.eclipse.justj.openjdk.hotspot.jre.full.win32.x86_64_17.0.6.v20230204-1729\jre\bin\management.dll
Event: 0.421 Loaded shared library C:\Users\Sangita\Downloads\spring-tool-suite-4-4.18.0.RELEASE-e4.27.0-win32.win32.x86_64.self-extracting\sts-4.18.0.RELEASE\plugins\org.eclipse.justj.openjdk.hotspot.jre.full.win32.x86_64_17.0.6.v20230204-1729\jre\bin\management_ext.
Event: 2.215 Loaded shared library C:\Users\Sangita\Downloads\spring-tool-suite-4-4.18.0.RELEASE-e4.27.0-win32.win32.x86_64.self-extracting\sts-4.18.0.RELEASE\plugins\org.eclipse.justj.openjdk.hotspot.jre.full.win32.x86_64_17.0.6.v20230204-1729\jre\bin\sunmscapi.dll
Event: 6.775 Loaded shared library C:\Users\Sangita\Downloads\spring-tool-suite-4-4.18.0.RELEASE-e4.27.0-win32.win32.x86_64.self-extracting\sts-4.18.0.RELEASE\plugins\org.eclipse.justj.openjdk.hotspot.jre.full.win32.x86_64_17.0.6.v20230204-1729\jre\bin\verify.dll

Deoptimization events (20 events):
Event: 1.882 Thread 0x000001cfd9c730a0 DEOPT PACKING pc=0x000001cfcdee9399 sp=0x00000061e42fc950
Event: 1.882 Thread 0x000001cfd9c730a0 DEOPT UNPACKING pc=0x000001cfcd99ace3 sp=0x00000061e42fbe30 mode 3
Event: 2.148 Thread 0x000001cfd9c730a0 DEOPT PACKING pc=0x000001cfcdf1f855 sp=0x00000061e42fcf50
Event: 2.148 Thread 0x000001cfd9c730a0 DEOPT UNPACKING pc=0x000001cfcd99ace3 sp=0x00000061e42fc3f8 mode 3
Event: 4.003 Thread 0x000001cfd9c730a0 DEOPT PACKING pc=0x000001cfce1cd519 sp=0x00000061e42fd410
Event: 4.003 Thread 0x000001cfd9c730a0 DEOPT UNPACKING pc=0x000001cfcd99ace3 sp=0x00000061e42fc8f0 mode 3
Event: 4.234 Thread 0x000001cfd9c730a0 DEOPT PACKING pc=0x000001cfce11ddec sp=0x00000061e42fc4e0
Event: 4.234 Thread 0x000001cfd9c730a0 DEOPT UNPACKING pc=0x000001cfcd99ace3 sp=0x00000061e42fba68 mode 0
Event: 4.234 Thread 0x000001cfd9c730a0 DEOPT PACKING pc=0x000001cfce03444c sp=0x00000061e42fc6c0
Event: 4.234 Thread 0x000001cfd9c730a0 DEOPT UNPACKING pc=0x000001cfcd99ace3 sp=0x00000061e42fbb78 mode 0
Event: 4.511 Thread 0x000001cfd9c730a0 DEOPT PACKING pc=0x000001cfce26c40a sp=0x00000061e42fd240
Event: 4.511 Thread 0x000001cfd9c730a0 DEOPT UNPACKING pc=0x000001cfcd99ace3 sp=0x00000061e42fc7d8 mode 0
Event: 5.017 Thread 0x000001cfd9c730a0 DEOPT PACKING pc=0x000001cfcdebc3d2 sp=0x00000061e42fa970
Event: 5.017 Thread 0x000001cfd9c730a0 DEOPT UNPACKING pc=0x000001cfcd99ace3 sp=0x00000061e42f9e78 mode 3
Event: 5.813 Thread 0x000001cfd9c730a0 DEOPT PACKING pc=0x000001cfce376afd sp=0x00000061e42f4f50
Event: 5.813 Thread 0x000001cfd9c730a0 DEOPT UNPACKING pc=0x000001cfcd99ace3 sp=0x00000061e42f44b8 mode 3
Event: 6.249 Thread 0x000001cfd9c730a0 DEOPT PACKING pc=0x000001cfce218c4c sp=0x00000061e42fa440
Event: 6.249 Thread 0x000001cfd9c730a0 DEOPT UNPACKING pc=0x000001cfcd99ace3 sp=0x00000061e42f98d8 mode 3
Event: 8.582 Thread 0x000001cfd9c730a0 DEOPT PACKING pc=0x000001cfcdef4e14 sp=0x00000061e42fc6c0
Event: 8.582 Thread 0x000001cfd9c730a0 DEOPT UNPACKING pc=0x000001cfcd99ace3 sp=0x00000061e42fbc18 mode 0

Classes unloaded (0 events):
No events

Classes redefined (0 events):
No events

Internal exceptions (20 events):
Event: 9.182 Thread 0x000001cfd9c730a0 Exception <a 'java/lang/IncompatibleClassChangeError'{0x000000008940c0b8}: Found class java.lang.Object, but interface was expected> (0x000000008940c0b8) 
thrown [s\src\hotspot\share\interpreter\linkResolver.cpp, line 826]
Event: 9.190 Thread 0x000001cfd9c730a0 Exception <a 'java/lang/NoSuchMethodError'{0x000000008948cc10}: 'java.lang.Object java.lang.invoke.DirectMethodHandle$Holder.invokeStatic(java.lang.Object, int, java.lang.Object)'> (0x000000008948cc10) 
thrown [s\src\hotspot\share\interpreter\linkResolver.cpp, line 759]
Event: 9.194 Thread 0x000001cfd9c730a0 Exception <a 'java/lang/reflect/InvocationTargetException'{0x00000000894bdc80}> (0x00000000894bdc80) 
thrown [s\src\hotspot\share\runtime\reflection.cpp, line 1121]
Event: 9.196 Thread 0x000001cfd9c730a0 Exception <a 'java/lang/reflect/InvocationTargetException'{0x00000000894db850}> (0x00000000894db850) 
thrown [s\src\hotspot\share\runtime\reflection.cpp, line 1121]
Event: 9.223 Thread 0x000001cfd9c730a0 Exception <a 'java/lang/reflect/InvocationTargetException'{0x000000008d846848}> (0x000000008d846848) 
thrown [s\src\hotspot\share\runtime\reflection.cpp, line 1121]
Event: 9.367 Thread 0x000001cfd9c730a0 Exception <a 'java/lang/NoSuchMethodError'{0x000000008b9af758}: 'java.lang.Object java.lang.invoke.DirectMethodHandle$Holder.invokeStatic(java.lang.Object, long, java.lang.Object)'> (0x000000008b9af758) 
thrown [s\src\hotspot\share\interpreter\linkResolver.cpp, line 759]
Event: 9.368 Thread 0x000001cfd9c730a0 Exception <a 'java/lang/NoSuchMethodError'{0x000000008b9b6190}: 'java.lang.Object java.lang.invoke.DirectMethodHandle$Holder.newInvokeSpecial(java.lang.Object, long)'> (0x000000008b9b6190) 
thrown [s\src\hotspot\share\interpreter\linkResolver.cpp, line 759]
Event: 9.369 Thread 0x000001cfd9c730a0 Exception <a 'java/lang/IncompatibleClassChangeError'{0x000000008b9c3190}: Found class java.lang.Object, but interface was expected> (0x000000008b9c3190) 
thrown [s\src\hotspot\share\interpreter\linkResolver.cpp, line 826]
Event: 9.383 Thread 0x000001cfd9c730a0 Exception <a 'java/lang/NoSuchMethodError'{0x000000008b8a6768}: 'double java.lang.invoke.DirectMethodHandle$Holder.invokeStatic(java.lang.Object, java.lang.Object)'> (0x000000008b8a6768) 
thrown [s\src\hotspot\share\interpreter\linkResolver.cpp, line 759]
Event: 9.392 Thread 0x000001cfd9c730a0 Exception <a 'java/lang/NoSuchMethodError'{0x000000008b726ac8}: 'double java.lang.invoke.DirectMethodHandle$Holder.invokeSpecial(java.lang.Object, java.lang.Object, java.lang.Object)'> (0x000000008b726ac8) 
thrown [s\src\hotspot\share\interpreter\linkResolver.cpp, line 759]
Event: 9.475 Thread 0x000001cfd9c730a0 Exception <a 'java/lang/IncompatibleClassChangeError'{0x000000008abebd18}: Found class java.lang.Object, but interface was expected> (0x000000008abebd18) 
thrown [s\src\hotspot\share\interpreter\linkResolver.cpp, line 826]
Event: 9.478 Thread 0x000001cfd9c730a0 Exception <a 'java/lang/NoSuchMethodError'{0x000000008aa25d30}: 'void java.lang.invoke.DirectMethodHandle$Holder.invokeStatic(java.lang.Object, long)'> (0x000000008aa25d30) 
thrown [s\src\hotspot\share\interpreter\linkResolver.cpp, line 759]
Event: 9.523 Thread 0x000001cfd9c730a0 Exception <a 'java/lang/NoSuchMethodError'{0x000000008a54b2b0}: 'java.lang.Object java.lang.invoke.Invokers$Holder.invoker(java.lang.Object, java.lang.Object, java.lang.Object, java.lang.Object)'> (0x000000008a54b2b0) 
thrown [s\src\hotspot\share\interpreter\linkResolver.cpp, line 759]
Event: 9.524 Thread 0x000001cfd9c730a0 Exception <a 'java/lang/NoSuchMethodError'{0x000000008a554998}: 'int java.lang.invoke.DirectMethodHandle$Holder.invokeSpecial(java.lang.Object, java.lang.Object, java.lang.Object, int)'> (0x000000008a554998) 
thrown [s\src\hotspot\share\interpreter\linkResolver.cpp, line 759]
Event: 9.525 Thread 0x000001cfd9c730a0 Exception <a 'java/lang/NoSuchMethodError'{0x000000008a566908}: 'java.lang.Object java.lang.invoke.DirectMethodHandle$Holder.invokeStatic(java.lang.Object, java.lang.Object, java.lang.Object, java.lang.Object, int)'> (0x000000008a566908) 
thrown [s\src\hotspot\share\interpreter\linkResolver.cpp, line 759]
Event: 9.525 Thread 0x000001cfd9c730a0 Exception <a 'java/lang/NoSuchMethodError'{0x000000008a56dd88}: 'void java.lang.invoke.DelegatingMethodHandle$Holder.reinvoke_L(java.lang.Object, java.lang.Object, int)'> (0x000000008a56dd88) 
thrown [s\src\hotspot\share\interpreter\linkResolver.cpp, line 759]
Event: 9.526 Thread 0x000001cfd9c730a0 Exception <a 'java/lang/NoSuchMethodError'{0x000000008a57b998}: 'java.lang.Object java.lang.invoke.Invokers$Holder.invokeExact_MT(java.lang.Object, java.lang.Object, java.lang.Object, java.lang.Object)'> (0x000000008a57b998) 
thrown [s\src\hotspot\share\interpreter\linkResolver.cpp, line 759]
Event: 10.163 Thread 0x000001cfd9c730a0 Exception <a 'sun/nio/fs/WindowsException'{0x000000008d22faf0}> (0x000000008d22faf0) 
thrown [s\src\hotspot\share\prims\jni.cpp, line 516]
Event: 10.278 Thread 0x000001cfd9c730a0 Exception <a 'java/lang/IncompatibleClassChangeError'{0x000000008bb3dbe0}: Found class java.lang.Object, but interface was expected> (0x000000008bb3dbe0) 
thrown [s\src\hotspot\share\interpreter\linkResolver.cpp, line 826]
Event: 10.345 Thread 0x000001cfd9c730a0 Exception <a 'java/lang/NoSuchMethodError'{0x000000008b3f1de8}: 'void java.lang.invoke.DirectMethodHandle$Holder.invokeVirtual(java.lang.Object, java.lang.Object, long)'> (0x000000008b3f1de8) 
thrown [s\src\hotspot\share\interpreter\linkResolver.cpp, line 759]

VM Operations (20 events):
Event: 8.778 Executing VM operation: G1CollectForAllocation done
Event: 8.795 Executing VM operation: HandshakeAllThreads
Event: 8.795 Executing VM operation: HandshakeAllThreads done
Event: 9.206 Executing VM operation: G1CollectForAllocation
Event: 9.215 Executing VM operation: G1CollectForAllocation done
Event: 9.305 Executing VM operation: HandshakeAllThreads
Event: 9.305 Executing VM operation: HandshakeAllThreads done
Event: 9.612 Executing VM operation: G1CollectForAllocation
Event: 9.621 Executing VM operation: G1CollectForAllocation done
Event: 10.019 Executing VM operation: HandshakeAllThreads
Event: 10.019 Executing VM operation: HandshakeAllThreads done
Event: 10.020 Executing VM operation: HandshakeAllThreads
Event: 10.020 Executing VM operation: HandshakeAllThreads done
Event: 10.098 Executing VM operation: G1CollectForAllocation
Event: 10.107 Executing VM operation: G1CollectForAllocation done
Event: 10.386 Executing VM operation: HandshakeAllThreads
Event: 10.386 Executing VM operation: HandshakeAllThreads done
Event: 10.541 Executing VM operation: G1CollectForAllocation
Event: 10.551 Executing VM operation: G1CollectForAllocation done
Event: 10.950 Executing VM operation: G1CollectForAllocation

Events (20 events):
Event: 10.023 loading class sun/reflect/annotation/AnnotatedTypeFactory
Event: 10.023 loading class sun/reflect/annotation/AnnotatedTypeFactory done
Event: 10.023 loading class sun/reflect/annotation/AnnotatedTypeFactory$AnnotatedTypeBaseImpl
Event: 10.023 loading class sun/reflect/annotation/AnnotatedTypeFactory$AnnotatedTypeBaseImpl done
Event: 10.023 loading class sun/reflect/annotation/TypeAnnotation$LocationInfo
Event: 10.023 loading class sun/reflect/annotation/TypeAnnotation$LocationInfo done
Event: 10.023 loading class sun/reflect/annotation/TypeAnnotation$LocationInfo$Location
Event: 10.023 loading class sun/reflect/annotation/TypeAnnotation$LocationInfo$Location done
Event: 10.023 loading class java/lang/reflect/AnnotatedParameterizedType
Event: 10.023 loading class java/lang/reflect/AnnotatedParameterizedType done
Event: 10.200 loading class java/util/EnumMap$EntrySet
Event: 10.200 loading class java/util/EnumMap$EntrySet done
Event: 10.200 loading class java/util/EnumMap$EntryIterator
Event: 10.200 loading class java/util/EnumMap$EnumMapIterator
Event: 10.200 loading class java/util/EnumMap$EnumMapIterator done
Event: 10.200 loading class java/util/EnumMap$EntryIterator done
Event: 10.854 loading class jdk/internal/reflect/UnsafeQualifiedObjectFieldAccessorImpl
Event: 10.854 loading class jdk/internal/reflect/UnsafeQualifiedFieldAccessorImpl
Event: 10.854 loading class jdk/internal/reflect/UnsafeQualifiedFieldAccessorImpl done
Event: 10.854 loading class jdk/internal/reflect/UnsafeQualifiedObjectFieldAccessorImpl done


Dynamic libraries:
0x00007ff6c3f30000 - 0x00007ff6c3f3e000 	C:\Users\Sangita\Downloads\spring-tool-suite-4-4.18.0.RELEASE-e4.27.0-win32.win32.x86_64.self-extracting\sts-4.18.0.RELEASE\plugins\org.eclipse.justj.openjdk.hotspot.jre.full.win32.x86_64_17.0.6.v20230204-1729\jre\bin\javaw.exe
0x00007ffd08750000 - 0x00007ffd08967000 	C:\WINDOWS\SYSTEM32\ntdll.dll
0x00007ffd07c20000 - 0x00007ffd07ce4000 	C:\WINDOWS\System32\KERNEL32.DLL
0x00007ffd060c0000 - 0x00007ffd06477000 	C:\WINDOWS\System32\KERNELBASE.dll
0x00007ffd05c70000 - 0x00007ffd05d81000 	C:\WINDOWS\System32\ucrtbase.dll
0x00007ffcfd0f0000 - 0x00007ffcfd107000 	C:\Users\Sangita\Downloads\spring-tool-suite-4-4.18.0.RELEASE-e4.27.0-win32.win32.x86_64.self-extracting\sts-4.18.0.RELEASE\plugins\org.eclipse.justj.openjdk.hotspot.jre.full.win32.x86_64_17.0.6.v20230204-1729\jre\bin\jli.dll
0x00007ffd079a0000 - 0x00007ffd07b4f000 	C:\WINDOWS\System32\USER32.dll
0x00007ffd05d90000 - 0x00007ffd05db6000 	C:\WINDOWS\System32\win32u.dll
0x00007ffd06f40000 - 0x00007ffd06f69000 	C:\WINDOWS\System32\GDI32.dll
0x00007ffd05fa0000 - 0x00007ffd060b8000 	C:\WINDOWS\System32\gdi32full.dll
0x00007ffd05dc0000 - 0x00007ffd05e5a000 	C:\WINDOWS\System32\msvcp_win.dll
0x00007ffd04060000 - 0x00007ffd04079000 	C:\Users\Sangita\Downloads\spring-tool-suite-4-4.18.0.RELEASE-e4.27.0-win32.win32.x86_64.self-extracting\sts-4.18.0.RELEASE\plugins\org.eclipse.justj.openjdk.hotspot.jre.full.win32.x86_64_17.0.6.v20230204-1729\jre\bin\VCRUNTIME140.dll
0x00007ffd04d40000 - 0x00007ffd04fd3000 	C:\WINDOWS\WinSxS\amd64_microsoft.windows.common-controls_6595b64144ccf1df_6.0.22621.3672_none_2713b9d173822955\COMCTL32.dll
0x00007ffd06dd0000 - 0x00007ffd06e77000 	C:\WINDOWS\System32\msvcrt.dll
0x00007ffd07290000 - 0x00007ffd072c1000 	C:\WINDOWS\System32\IMM32.DLL
0x00007ffd04050000 - 0x00007ffd0405c000 	C:\Users\Sangita\Downloads\spring-tool-suite-4-4.18.0.RELEASE-e4.27.0-win32.win32.x86_64.self-extracting\sts-4.18.0.RELEASE\plugins\org.eclipse.justj.openjdk.hotspot.jre.full.win32.x86_64_17.0.6.v20230204-1729\jre\bin\vcruntime140_1.dll
0x00007ffce0690000 - 0x00007ffce0721000 	C:\Users\Sangita\Downloads\spring-tool-suite-4-4.18.0.RELEASE-e4.27.0-win32.win32.x86_64.self-extracting\sts-4.18.0.RELEASE\plugins\org.eclipse.justj.openjdk.hotspot.jre.full.win32.x86_64_17.0.6.v20230204-1729\jre\bin\msvcp140.dll
0x00007ffcaa6c0000 - 0x00007ffcab307000 	C:\Users\Sangita\Downloads\spring-tool-suite-4-4.18.0.RELEASE-e4.27.0-win32.win32.x86_64.self-extracting\sts-4.18.0.RELEASE\plugins\org.eclipse.justj.openjdk.hotspot.jre.full.win32.x86_64_17.0.6.v20230204-1729\jre\bin\server\jvm.dll
0x00007ffd06e80000 - 0x00007ffd06f32000 	C:\WINDOWS\System32\ADVAPI32.dll
0x00007ffd07b70000 - 0x00007ffd07c18000 	C:\WINDOWS\System32\sechost.dll
0x00007ffd05bd0000 - 0x00007ffd05bf8000 	C:\WINDOWS\System32\bcrypt.dll
0x00007ffd07880000 - 0x00007ffd07994000 	C:\WINDOWS\System32\RPCRT4.dll
0x00007ffcfcdc0000 - 0x00007ffcfcdf4000 	C:\WINDOWS\SYSTEM32\WINMM.dll
0x00007ffcd9720000 - 0x00007ffcd9729000 	C:\WINDOWS\SYSTEM32\WSOCK32.dll
0x00007ffd06d00000 - 0x00007ffd06d71000 	C:\WINDOWS\System32\WS2_32.dll
0x00007ffd02260000 - 0x00007ffd0226a000 	C:\WINDOWS\SYSTEM32\VERSION.dll
0x00007ffd04380000 - 0x00007ffd04398000 	C:\WINDOWS\SYSTEM32\kernel.appcore.dll
0x00007ffcfd7f0000 - 0x00007ffcfd7fa000 	C:\Users\Sangita\Downloads\spring-tool-suite-4-4.18.0.RELEASE-e4.27.0-win32.win32.x86_64.self-extracting\sts-4.18.0.RELEASE\plugins\org.eclipse.justj.openjdk.hotspot.jre.full.win32.x86_64_17.0.6.v20230204-1729\jre\bin\jimage.dll
0x00007ffd052d0000 - 0x00007ffd05502000 	C:\WINDOWS\SYSTEM32\DBGHELP.DLL
0x00007ffd07490000 - 0x00007ffd0781e000 	C:\WINDOWS\System32\combase.dll
0x00007ffd06f80000 - 0x00007ffd07057000 	C:\WINDOWS\System32\OLEAUT32.dll
0x00007ffd051c0000 - 0x00007ffd051f2000 	C:\WINDOWS\SYSTEM32\dbgcore.DLL
0x00007ffd05f20000 - 0x00007ffd05f9b000 	C:\WINDOWS\System32\bcryptPrimitives.dll
0x00007ffcfadc0000 - 0x00007ffcfade5000 	C:\Users\Sangita\Downloads\spring-tool-suite-4-4.18.0.RELEASE-e4.27.0-win32.win32.x86_64.self-extracting\sts-4.18.0.RELEASE\plugins\org.eclipse.justj.openjdk.hotspot.jre.full.win32.x86_64_17.0.6.v20230204-1729\jre\bin\java.dll
0x00007ffcfd0d0000 - 0x00007ffcfd0e8000 	C:\Users\Sangita\Downloads\spring-tool-suite-4-4.18.0.RELEASE-e4.27.0-win32.win32.x86_64.self-extracting\sts-4.18.0.RELEASE\plugins\org.eclipse.justj.openjdk.hotspot.jre.full.win32.x86_64_17.0.6.v20230204-1729\jre\bin\zip.dll
0x00007ffd07cf0000 - 0x00007ffd08559000 	C:\WINDOWS\System32\SHELL32.dll
0x00007ffd02a60000 - 0x00007ffd0335f000 	C:\WINDOWS\SYSTEM32\windows.storage.dll
0x00007ffd02920000 - 0x00007ffd02a5f000 	C:\WINDOWS\SYSTEM32\wintypes.dll
0x00007ffd06480000 - 0x00007ffd06579000 	C:\WINDOWS\System32\SHCORE.dll
0x00007ffd07820000 - 0x00007ffd0787e000 	C:\WINDOWS\System32\shlwapi.dll
0x00007ffd05990000 - 0x00007ffd059b7000 	C:\WINDOWS\SYSTEM32\profapi.dll
0x00007ffcfada0000 - 0x00007ffcfadb9000 	C:\Users\Sangita\Downloads\spring-tool-suite-4-4.18.0.RELEASE-e4.27.0-win32.win32.x86_64.self-extracting\sts-4.18.0.RELEASE\plugins\org.eclipse.justj.openjdk.hotspot.jre.full.win32.x86_64_17.0.6.v20230204-1729\jre\bin\net.dll
0x00007ffcfe000000 - 0x00007ffcfe136000 	C:\WINDOWS\SYSTEM32\WINHTTP.dll
0x00007ffd047b0000 - 0x00007ffd04819000 	C:\WINDOWS\system32\mswsock.dll
0x00007ffcfad80000 - 0x00007ffcfad95000 	C:\Users\Sangita\Downloads\spring-tool-suite-4-4.18.0.RELEASE-e4.27.0-win32.win32.x86_64.self-extracting\sts-4.18.0.RELEASE\plugins\org.eclipse.justj.openjdk.hotspot.jre.full.win32.x86_64_17.0.6.v20230204-1729\jre\bin\nio.dll
0x00007ffd03fd0000 - 0x00007ffd03fd9000 	C:\Users\Sangita\Downloads\spring-tool-suite-4-4.18.0.RELEASE-e4.27.0-win32.win32.x86_64.self-extracting\sts-4.18.0.RELEASE\plugins\org.eclipse.justj.openjdk.hotspot.jre.full.win32.x86_64_17.0.6.v20230204-1729\jre\bin\management.dll
0x00007ffd03f80000 - 0x00007ffd03f8b000 	C:\Users\Sangita\Downloads\spring-tool-suite-4-4.18.0.RELEASE-e4.27.0-win32.win32.x86_64.self-extracting\sts-4.18.0.RELEASE\plugins\org.eclipse.justj.openjdk.hotspot.jre.full.win32.x86_64_17.0.6.v20230204-1729\jre\bin\management_ext.dll
0x00007ffd06600000 - 0x00007ffd06608000 	C:\WINDOWS\System32\PSAPI.DLL
0x00007ffccfe60000 - 0x00007ffccfe77000 	C:\WINDOWS\system32\napinsp.dll
0x00007ffccfe40000 - 0x00007ffccfe5b000 	C:\WINDOWS\system32\pnrpnsp.dll
0x00007ffd036d0000 - 0x00007ffd037d2000 	C:\WINDOWS\SYSTEM32\DNSAPI.dll
0x00007ffd036a0000 - 0x00007ffd036cd000 	C:\WINDOWS\SYSTEM32\IPHLPAPI.DLL
0x00007ffd06f70000 - 0x00007ffd06f79000 	C:\WINDOWS\System32\NSI.dll
0x00007ffccfe20000 - 0x00007ffccfe31000 	C:\WINDOWS\System32\winrnr.dll
0x00007ffcfba70000 - 0x00007ffcfba85000 	C:\WINDOWS\system32\wshbth.dll
0x00007ffccfdf0000 - 0x00007ffccfe17000 	C:\WINDOWS\system32\nlansp_c.dll
0x00007ffcf2880000 - 0x00007ffcf288a000 	C:\Windows\System32\rasadhlp.dll
0x00007ffcfa770000 - 0x00007ffcfa7f3000 	C:\WINDOWS\System32\fwpuclnt.dll
0x00007ffd05610000 - 0x00007ffd0562b000 	C:\WINDOWS\SYSTEM32\CRYPTSP.dll
0x00007ffd042e0000 - 0x00007ffd04315000 	C:\WINDOWS\system32\rsaenh.dll
0x00007ffd04870000 - 0x00007ffd04898000 	C:\WINDOWS\SYSTEM32\USERENV.dll
0x00007ffd049e0000 - 0x00007ffd049ec000 	C:\WINDOWS\SYSTEM32\CRYPTBASE.dll
0x00007ffcfdf00000 - 0x00007ffcfdf19000 	C:\WINDOWS\SYSTEM32\dhcpcsvc6.DLL
0x00007ffcfde30000 - 0x00007ffcfde4f000 	C:\WINDOWS\SYSTEM32\dhcpcsvc.DLL
0x00007ffcc00d0000 - 0x00007ffcc00de000 	C:\Users\Sangita\Downloads\spring-tool-suite-4-4.18.0.RELEASE-e4.27.0-win32.win32.x86_64.self-extracting\sts-4.18.0.RELEASE\plugins\org.eclipse.justj.openjdk.hotspot.jre.full.win32.x86_64_17.0.6.v20230204-1729\jre\bin\sunmscapi.dll
0x00007ffd05a60000 - 0x00007ffd05bc6000 	C:\WINDOWS\System32\CRYPT32.dll
0x00007ffd04c20000 - 0x00007ffd04c4d000 	C:\WINDOWS\SYSTEM32\ncrypt.dll
0x00007ffd04be0000 - 0x00007ffd04c17000 	C:\WINDOWS\SYSTEM32\NTASN1.dll
0x00007ffcfad70000 - 0x00007ffcfad80000 	C:\Users\Sangita\Downloads\spring-tool-suite-4-4.18.0.RELEASE-e4.27.0-win32.win32.x86_64.self-extracting\sts-4.18.0.RELEASE\plugins\org.eclipse.justj.openjdk.hotspot.jre.full.win32.x86_64_17.0.6.v20230204-1729\jre\bin\verify.dll

dbghelp: loaded successfully - version: 4.0.5 - missing functions: none
symbol engine: initialized successfully - sym options: 0x614 - pdb path: .;C:\Users\Sangita\Downloads\spring-tool-suite-4-4.18.0.RELEASE-e4.27.0-win32.win32.x86_64.self-extracting\sts-4.18.0.RELEASE\plugins\org.eclipse.justj.openjdk.hotspot.jre.full.win32.x86_64_17.0.6.v20230204-1729\jre\bin;C:\WINDOWS\SYSTEM32;C:\WINDOWS\WinSxS\amd64_microsoft.windows.common-controls_6595b64144ccf1df_6.0.22621.3672_none_2713b9d173822955;C:\Users\Sangita\Downloads\spring-tool-suite-4-4.18.0.RELEASE-e4.27.0-win32.win32.x86_64.self-extracting\sts-4.18.0.RELEASE\plugins\org.eclipse.justj.openjdk.hotspot.jre.full.win32.x86_64_17.0.6.v20230204-1729\jre\bin\server

VM Arguments:
jvm_args: -Dcom.sun.management.jmxremote -Dcom.sun.management.jmxremote.port=54571 -Dcom.sun.management.jmxremote.authenticate=false -Dcom.sun.management.jmxremote.ssl=false -Djava.rmi.server.hostname=localhost -Dspring.jmx.enabled=true -Dmanagement.endpoints.jmx.exposure.include=* -Dspring.application.admin.enabled=true -XX:TieredStopAtLevel=1 -Dspring.boot.project.name=batchService -Dfile.encoding=UTF-8 -XX:+ShowCodeDetailsInExceptionMessages 
java_command: com.batch.BatchServiceApplication --spring.output.ansi.enabled=always
java_class_path (initial): C:\Users\Sangita\Institute Management System\batchService\target\classes;C:\Users\Sangita\.m2\repository\org\springframework\boot\spring-boot-starter-data-jpa\3.2.2\spring-boot-starter-data-jpa-3.2.2.jar;C:\Users\Sangita\.m2\repository\org\springframework\boot\spring-boot-starter-jdbc\3.2.2\spring-boot-starter-jdbc-3.2.2.jar;C:\Users\Sangita\.m2\repository\com\zaxxer\HikariCP\5.0.1\HikariCP-5.0.1.jar;C:\Users\Sangita\.m2\repository\org\springframework\spring-jdbc\6.1.3\spring-jdbc-6.1.3.jar;C:\Users\Sangita\.m2\repository\org\hibernate\orm\hibernate-core\6.4.1.Final\hibernate-core-6.4.1.Final.jar;C:\Users\Sangita\.m2\repository\jakarta\persistence\jakarta.persistence-api\3.1.0\jakarta.persistence-api-3.1.0.jar;C:\Users\Sangita\.m2\repository\jakarta\transaction\jakarta.transaction-api\2.0.1\jakarta.transaction-api-2.0.1.jar;C:\Users\Sangita\.m2\repository\org\jboss\logging\jboss-logging\3.5.3.Final\jboss-logging-3.5.3.Final.jar;C:\Users\Sangita\.m2\repository\org\hibernate\common\hibernate-commons-annotations\6.0.6.Final\hibernate-commons-annotations-6.0.6.Final.jar;C:\Users\Sangita\.m2\repository\io\smallrye\jandex\3.1.2\jandex-3.1.2.jar;C:\Users\Sangita\.m2\repository\com\fasterxml\classmate\1.6.0\classmate-1.6.0.jar;C:\Users\Sangita\.m2\repository\org\glassfish\jaxb\jaxb-runtime\4.0.4\jaxb-runtime-4.0.4.jar;C:\Users\Sangita\.m2\repository\org\glassfish\jaxb\jaxb-core\4.0.4\jaxb-core-4.0.4.jar;C:\Users\Sangita\.m2\repository\org\eclipse\angus\angus-activation\2.0.1\angus-activation-2.0.1.jar;C:\Users\Sangita\.m2\repository\org\glassfish\jaxb\txw2\4.0.4\txw2-4.0.4.jar;C:\Users\Sangita\.m2\repository\com\sun\istack\istack-commons-runtime\4.1.2\istack-commons-runtime-4.1.2.jar;C:\Users\Sangita\.m2\repository\jakarta\inject\jakarta.inject-api\2.0.1\jakarta.inject-api-2.0.1.jar;C:\Users\Sangita\.m2\repository\org\antlr\antlr4-runtime\4.13.0\antlr4-runtime-4.13.0.jar;C:\Users\Sangita\.m2\repository\org\springframework\data\spring-data-jpa\3.
Launcher Type: SUN_STANDARD

[Global flags]
     intx CICompilerCount                          = 3                                         {product} {ergonomic}
     uint ConcGCThreads                            = 1                                         {product} {ergonomic}
     uint G1ConcRefinementThreads                  = 4                                         {product} {ergonomic}
   size_t G1HeapRegionSize                         = 1048576                                   {product} {ergonomic}
    uintx GCDrainStackTargetSize                   = 64                                        {product} {ergonomic}
   size_t InitialHeapSize                          = 130023424                                 {product} {ergonomic}
     bool ManagementServer                         = true                                      {product} {command line}
   size_t MarkStackSize                            = 4194304                                   {product} {ergonomic}
   size_t MaxHeapSize                              = 2067791872                                {product} {ergonomic}
   size_t MaxNewSize                               = 1240465408                                {product} {ergonomic}
   size_t MinHeapDeltaBytes                        = 1048576                                   {product} {ergonomic}
   size_t MinHeapSize                              = 8388608                                   {product} {ergonomic}
    uintx NonProfiledCodeHeapSize                  = 0                                      {pd product} {ergonomic}
     bool ProfileInterpreter                       = false                                  {pd product} {command line}
    uintx ProfiledCodeHeapSize                     = 0                                      {pd product} {ergonomic}
     bool ShowCodeDetailsInExceptionMessages       = true                                   {manageable} {command line}
   size_t SoftMaxHeapSize                          = 2067791872                             {manageable} {ergonomic}
     intx TieredStopAtLevel                        = 1                                         {product} {command line}
     bool UseCompressedClassPointers               = true                           {product lp64_product} {ergonomic}
     bool UseCompressedOops                        = true                           {product lp64_product} {ergonomic}
     bool UseG1GC                                  = true                                      {product} {ergonomic}
     bool UseLargePagesIndividualAllocation        = false                                  {pd product} {ergonomic}

Logging:
Log output configuration:
 #0: stdout all=warning uptime,level,tags
 #1: stderr all=off uptime,level,tags

Environment Variables:
JAVA_HOME=C:\Program Files\Java\jdk-17.0.1
CLASSPATH=C:\mysql-connector-java-8.0.27.jar;
PATH=C:/Users/Sangita/Downloads/spring-tool-suite-4-4.18.0.RELEASE-e4.27.0-win32.win32.x86_64.self-extracting/sts-4.18.0.RELEASE//plugins/org.eclipse.justj.openjdk.hotspot.jre.full.win32.x86_64_17.0.6.v20230204-1729/jre/bin/server;C:/Users/Sangita/Downloads/spring-tool-suite-4-4.18.0.RELEASE-e4.27.0-win32.win32.x86_64.self-extracting/sts-4.18.0.RELEASE//plugins/org.eclipse.justj.openjdk.hotspot.jre.full.win32.x86_64_17.0.6.v20230204-1729/jre/bin;C:\Program Files\Common Files\Oracle\Java\javapath;C:\WINDOWS\system32;C:\WINDOWS;C:\WINDOWS\System32\Wbem;C:\WINDOWS\System32\WindowsPowerShell\v1.0\;C:\WINDOWS\System32\OpenSSH\;C:\MinGW\bin;C:\Program Files\Java\jdk-17.0.6\bin;C:\ProgramData\chocolatey\bin;C:\ProgramData\Microsoft\Windows\Start Menu\Programs\Node.js;;C:\Program Files\nodejs;C:\Program Files\Docker\Docker\resources\bin;C:\Program Files\Git\cmd;C:\Users\Sangita\OneDrive\Documents\maven\apache-maven-3.9.9-bin\apache-maven-3.9.9\bin;%JAVA_HOME%\bin;C:\Program Files\MySQL\MySQL Server 8.1\bin;C:\Users\Sangita\AppData\Local\Programs\Microsoft VS Code\bin;C:\MinGW\mingw32\bin;C:\mysql-connector-java-8.0.27\mysql-connector-java-8.0.27;C:\Users\Sangita\AppData\Local\GitHubDesktop\bin;C:\Program Files\Java\jdk-17.0.6\bin;C:\Users\Sangita\AppData\Roaming\npm;C:\Users\Sangita\AppData\Local\gitkraken\bin;C:\ProgramData\Microsoft\Windows\Start Menu\Programs\Node.js;C:\Users\Sangita\AppData\Roaming\nvm;C:\Program Files\nodejs;C:\Users\Sangita\AppData\Local\Microsoft\WindowsApps;C:\Users\Sangita\OneDrive\Documents\maven\apache-maven-3.9.9-bin\apache-maven-3.9.9\bin;C:\Program Files\Java\jdk-17.0.1\bin;C:\Program Files\MySQL\MySQL Server 8.1\bin;;C:\Users\Sangita\Downloads\spring-tool-suite-4-4.18.0.RELEASE-e4.27.0-win32.win32.x86_64.self-extracting\sts-4.18.0.RELEASE;
USERNAME=Sangita
OS=Windows_NT
PROCESSOR_IDENTIFIER=Intel64 Family 6 Model 126 Stepping 5, GenuineIntel
TMP=C:\Users\Sangita\AppData\Local\Temp
TEMP=C:\Users\Sangita\AppData\Local\Temp



---------------  S Y S T E M  ---------------

OS:
 Windows 11 , 64 bit Build 22621 (10.0.22621.3958)
OS uptime: 0 days 1:19 hours
Hyper-V role detected

CPU: total 4 (initial active 4) (2 cores per cpu, 2 threads per core) family 6 model 126 stepping 5 microcode 0xa0, cx8, cmov, fxsr, ht, mmx, 3dnowpref, sse, sse2, sse3, ssse3, sse4.1, sse4.2, popcnt, lzcnt, tsc, tscinvbit, avx, avx2, aes, erms, clmul, bmi1, bmi2, adx, avx512f, avx512dq, avx512cd, avx512bw, avx512vl, sha, fma, vzeroupper, avx512_vpopcntdq, avx512_vpclmulqdq, avx512_vaes, avx512_vnni, clflush, clflushopt, avx512_vbmi2, avx512_vbmi, hv

Memory: 4k page, system-wide physical 7880M (408M free)
TotalPageFile size 15380M (AvailPageFile size 11M)
current process WorkingSet (physical memory assigned to process): 327M, peak: 327M
current process commit charge ("private bytes"): 353M, peak: 382M

vm_info: OpenJDK 64-Bit Server VM (17.0.6+10) for windows-amd64 JRE (17.0.6+10), built on Jan 18 2023 10:08:59 by "temurin" with MS VC++ 16.7 (VS2019)

END.
