#
# There is insufficient memory for the Java Runtime Environment to continue.
# Native memory allocation (mmap) failed to map 87031808 bytes for G1 virtual space
# Possible reasons:
#   The system is out of physical RAM or swap space
#   The process is running with CompressedOops enabled, and the Java Heap may be blocking the growth of the native heap
# Possible solutions:
#   Reduce memory load on the system
#   Increase physical memory or swap space
#   Check if swap backing store is full
#   Decrease Java heap size (-Xmx/-Xms)
#   Decrease number of Java threads
#   Decrease Java thread stack sizes (-Xss)
#   Set larger code cache with -XX:ReservedCodeCacheSize=
#   JVM is running with Unscaled Compressed Oops mode in which the Java heap is
#     placed in the first 4GB address space. The Java Heap base address is the
#     maximum limit for the native heap growth. Please use -XX:HeapBaseMinAddress
#     to set the Java Heap base and to place the Java Heap above 4GB virtual address.
# This output file may be truncated or incomplete.
#
#  Out of Memory Error (os_windows.cpp:3557), pid=6912, tid=14560
#
# JRE version: OpenJDK Runtime Environment Temurin-17.0.6+10 (17.0.6+10) (build 17.0.6+10)
# Java VM: OpenJDK 64-Bit Server VM Temurin-17.0.6+10 (17.0.6+10, mixed mode, emulated-client, tiered, compressed oops, compressed class ptrs, g1 gc, windows-amd64)
# No core dump will be written. Minidumps are not enabled by default on client versions of Windows
#

---------------  S U M M A R Y ------------

Command Line: -Dcom.sun.management.jmxremote -Dcom.sun.management.jmxremote.port=54492 -Dcom.sun.management.jmxremote.authenticate=false -Dcom.sun.management.jmxremote.ssl=false -Djava.rmi.server.hostname=localhost -Dspring.jmx.enabled=true -Dmanagement.endpoints.jmx.exposure.include=* -Dspring.application.admin.enabled=true -XX:TieredStopAtLevel=1 -Dspring.boot.project.name=batchService -Dfile.encoding=UTF-8 -XX:+ShowCodeDetailsInExceptionMessages com.batch.BatchServiceApplication --spring.output.ansi.enabled=always

Host: Intel(R) Core(TM) i3-1005G1 CPU @ 1.20GHz, 4 cores, 7G,  Windows 11 , 64 bit Build 22621 (10.0.22621.3958)
Time: Fri Mar 14 12:14:07 2025 India Standard Time elapsed time: 20.704896 seconds (0d 0h 0m 20s)

---------------  T H R E A D  ---------------

Current thread (0x000002647ed616f0):  VMThread "VM Thread" [stack: 0x000000b474300000,0x000000b474400000] [id=14560]

Stack: [0x000000b474300000,0x000000b474400000]
Native frames: (J=compiled Java code, j=interpreted, Vv=VM code, C=native code)
V  [jvm.dll+0x67741a]
V  [jvm.dll+0x834434]
V  [jvm.dll+0x835bde]
V  [jvm.dll+0x836243]
V  [jvm.dll+0x2457b5]
V  [jvm.dll+0x674329]
V  [jvm.dll+0x6689da]
V  [jvm.dll+0x30489b]
V  [jvm.dll+0x30bd96]
V  [jvm.dll+0x35b57e]
V  [jvm.dll+0x35b7af]
V  [jvm.dll+0x2db778]
V  [jvm.dll+0x2d9a2c]
V  [jvm.dll+0x2d8ffc]
V  [jvm.dll+0x31cdcb]
V  [jvm.dll+0x83a6eb]
V  [jvm.dll+0x83b424]
V  [jvm.dll+0x83b93c]
V  [jvm.dll+0x83bd14]
V  [jvm.dll+0x83bde0]
V  [jvm.dll+0x7e483a]
V  [jvm.dll+0x6762c5]
C  [ucrtbase.dll+0x29333]
C  [KERNEL32.DLL+0x1257d]
C  [ntdll.dll+0x5af08]

VM_Operation (0x000000b475dfca00): G1CollectForAllocation, mode: safepoint, requested by thread 0x000002640dbbff60


---------------  P R O C E S S  ---------------

Threads class SMR info:
_java_thread_list=0x0000026410fd1960, length=28, elements={
0x000002647be0e720, 0x000002647ed3fef0, 0x000002647ed45330, 0x000002647f8447b0,
0x000002647f845900, 0x000002647f8462b0, 0x000002647f84a900, 0x000002647f84e1d0,
0x000002647f84f270, 0x000002647ece65a0, 0x000002647fa4fe00, 0x000002647fa4a260,
0x000002647faaafb0, 0x000002640cab5b60, 0x000002640c61f4e0, 0x000002640ca92dd0,
0x000002640cb57c90, 0x000002640cb504d0, 0x000002640daa3b80, 0x000002640daacbc0,
0x000002640dbbf5c0, 0x000002640dbbff60, 0x000002640dbc0430, 0x000002640dbc0900,
0x000002640dbbfa90, 0x000002640dbbf0f0, 0x0000026411105010, 0x000002641110c860
}

Java Threads: ( => current thread )
  0x000002647be0e720 JavaThread "main" [_thread_blocked, id=5428, stack(0x000000b473d00000,0x000000b473e00000)]
  0x000002647ed3fef0 JavaThread "Reference Handler" daemon [_thread_blocked, id=17528, stack(0x000000b474400000,0x000000b474500000)]
  0x000002647ed45330 JavaThread "Finalizer" daemon [_thread_blocked, id=19692, stack(0x000000b474500000,0x000000b474600000)]
  0x000002647f8447b0 JavaThread "Signal Dispatcher" daemon [_thread_blocked, id=15964, stack(0x000000b474600000,0x000000b474700000)]
  0x000002647f845900 JavaThread "Attach Listener" daemon [_thread_blocked, id=13104, stack(0x000000b474700000,0x000000b474800000)]
  0x000002647f8462b0 JavaThread "Service Thread" daemon [_thread_blocked, id=15356, stack(0x000000b474800000,0x000000b474900000)]
  0x000002647f84a900 JavaThread "Monitor Deflation Thread" daemon [_thread_blocked, id=15520, stack(0x000000b474900000,0x000000b474a00000)]
  0x000002647f84e1d0 JavaThread "C1 CompilerThread0" daemon [_thread_blocked, id=14572, stack(0x000000b474a00000,0x000000b474b00000)]
  0x000002647f84f270 JavaThread "Sweeper thread" daemon [_thread_blocked, id=9432, stack(0x000000b474b00000,0x000000b474c00000)]
  0x000002647ece65a0 JavaThread "Common-Cleaner" daemon [_thread_blocked, id=10436, stack(0x000000b474c00000,0x000000b474d00000)]
  0x000002647fa4fe00 JavaThread "C1 CompilerThread1" daemon [_thread_blocked, id=19820, stack(0x000000b474d00000,0x000000b474e00000)]
  0x000002647fa4a260 JavaThread "C1 CompilerThread2" daemon [_thread_blocked, id=17236, stack(0x000000b474e00000,0x000000b474f00000)]
  0x000002647faaafb0 JavaThread "Notification Thread" daemon [_thread_blocked, id=17248, stack(0x000000b474f00000,0x000000b475000000)]
  0x000002640cab5b60 JavaThread "RMI TCP Accept-0" daemon [_thread_in_native, id=14408, stack(0x000000b475400000,0x000000b475500000)]
  0x000002640c61f4e0 JavaThread "RMI TCP Accept-54492" daemon [_thread_in_native, id=3888, stack(0x000000b475500000,0x000000b475600000)]
  0x000002640ca92dd0 JavaThread "RMI TCP Accept-0" daemon [_thread_in_native, id=5492, stack(0x000000b475600000,0x000000b475700000)]
  0x000002640cb57c90 JavaThread "RMI TCP Connection(1)-127.0.0.1" daemon [_thread_in_native, id=8912, stack(0x000000b475800000,0x000000b475900000)]
  0x000002640cb504d0 JavaThread "RMI Scheduler(0)" daemon [_thread_blocked, id=4200, stack(0x000000b475900000,0x000000b475a00000)]
  0x000002640daa3b80 JavaThread "RMI TCP Connection(2)-127.0.0.1" daemon [_thread_in_native, id=4956, stack(0x000000b475a00000,0x000000b475b00000)]
  0x000002640daacbc0 JavaThread "JMX server connection timeout 21" daemon [_thread_blocked, id=7324, stack(0x000000b475b00000,0x000000b475c00000)]
  0x000002640dbbf5c0 JavaThread "Thread-0" [_thread_blocked, id=10252, stack(0x000000b475c00000,0x000000b475d00000)]
  0x000002640dbbff60 JavaThread "restartedMain" [_thread_blocked, id=11036, stack(0x000000b475d00000,0x000000b475e00000)]
  0x000002640dbc0430 JavaThread "Catalina-utility-1" [_thread_blocked, id=12032, stack(0x000000b475e00000,0x000000b475f00000)]
  0x000002640dbc0900 JavaThread "Catalina-utility-2" [_thread_blocked, id=18996, stack(0x000000b475f00000,0x000000b476000000)]
  0x000002640dbbfa90 JavaThread "container-0" [_thread_blocked, id=20432, stack(0x000000b476000000,0x000000b476100000)]
  0x000002640dbbf0f0 JavaThread "mysql-cj-abandoned-connection-cleanup" daemon [_thread_blocked, id=6000, stack(0x000000b476100000,0x000000b476200000)]
  0x0000026411105010 JavaThread "HikariPool-1 housekeeper" daemon [_thread_blocked, id=19484, stack(0x000000b476300000,0x000000b476400000)]
  0x000002641110c860 JavaThread "HikariPool-1 connection adder" daemon [_thread_blocked, id=14508, stack(0x000000b476400000,0x000000b476500000)]

Other Threads:
=>0x000002647ed616f0 VMThread "VM Thread" [stack: 0x000000b474300000,0x000000b474400000] [id=14560]
  0x000002640c61f9b0 WatcherThread [stack: 0x000000b475700000,0x000000b475800000] [id=4984]
  0x000002647be67b70 GCTaskThread "GC Thread#0" [stack: 0x000000b473e00000,0x000000b473f00000] [id=13544]
  0x000002640c9b3960 GCTaskThread "GC Thread#1" [stack: 0x000000b475000000,0x000000b475100000] [id=20140]
  0x000002640c9c3100 GCTaskThread "GC Thread#2" [stack: 0x000000b475100000,0x000000b475200000] [id=1476]
  0x000002640c9c33b0 GCTaskThread "GC Thread#3" [stack: 0x000000b475200000,0x000000b475300000] [id=3880]
  0x000002647be78130 ConcurrentGCThread "G1 Main Marker" [stack: 0x000000b473f00000,0x000000b474000000] [id=20232]
  0x000002647be792e0 ConcurrentGCThread "G1 Conc#0" [stack: 0x000000b474000000,0x000000b474100000] [id=8548]
  0x000002647eba24c0 ConcurrentGCThread "G1 Refine#0" [stack: 0x000000b474100000,0x000000b474200000] [id=10328]
  0x000002640c9c2d40 ConcurrentGCThread "G1 Refine#1" [stack: 0x000000b475300000,0x000000b475400000] [id=1296]
  0x000002647bead970 ConcurrentGCThread "G1 Service" [stack: 0x000000b474200000,0x000000b474300000] [id=2392]

Threads with active compile tasks:

VM state: at safepoint (normal execution)

VM Mutex/Monitor currently owned by a thread:  ([mutex/lock_event])
[0x000002647bd5ce20] Threads_lock - owner thread: 0x000002647ed616f0
[0x000002647bd5d210] Heap_lock - owner thread: 0x000002640dbbff60

Heap address: 0x0000000084c00000, size: 1972 MB, Compressed Oops mode: 32-bit

CDS archive(s) not mapped
Compressed class space mapped at: 0x0000000100000000-0x0000000140000000, reserved size: 1073741824
Narrow klass base: 0x0000000000000000, Narrow klass shift: 3, Narrow klass range: 0x140000000

GC Precious Log:
 CPUs: 4 total, 4 available
 Memory: 7880M
 Large Page Support: Disabled
 NUMA Support: Disabled
 Compressed Oops: Enabled (32-bit)
 Heap Region Size: 1M
 Heap Min Capacity: 8M
 Heap Initial Capacity: 124M
 Heap Max Capacity: 1972M
 Pre-touch: Disabled
 Parallel Workers: 4
 Concurrent Workers: 1
 Concurrent Refinement Workers: 4
 Periodic GC: Disabled

Heap:
 garbage-first heap   total 126976K, used 51805K [0x0000000084c00000, 0x0000000100000000)
  region size 1024K, 3 young (3072K), 3 survivors (3072K)
 Metaspace       used 85746K, committed 86336K, reserved 1130496K
  class space    used 12013K, committed 12288K, reserved 1048576K

Heap Regions: E=young(eden), S=young(survivor), O=old, HS=humongous(starts), HC=humongous(continues), CS=collection set, F=free, OA=open archive, CA=closed archive, TAMS=top-at-mark-start (previous, next)
|   0|0x0000000084c00000, 0x0000000084d00000, 0x0000000084d00000|100%|HS|  |TAMS 0x0000000084d00000, 0x0000000084c00000| Complete 
|   1|0x0000000084d00000, 0x0000000084e00000, 0x0000000084e00000|100%|HS|  |TAMS 0x0000000084e00000, 0x0000000084d00000| Complete 
|   2|0x0000000084e00000, 0x0000000084f00000, 0x0000000084f00000|100%| O|  |TAMS 0x0000000084f00000, 0x0000000084e00000| Untracked 
|   3|0x0000000084f00000, 0x0000000085000000, 0x0000000085000000|100%| O|  |TAMS 0x0000000085000000, 0x0000000084f00000| Untracked 
|   4|0x0000000085000000, 0x0000000085100000, 0x0000000085100000|100%| O|  |TAMS 0x0000000085100000, 0x0000000085000000| Untracked 
|   5|0x0000000085100000, 0x0000000085200000, 0x0000000085200000|100%| O|  |TAMS 0x0000000085200000, 0x0000000085100000| Untracked 
|   6|0x0000000085200000, 0x0000000085300000, 0x0000000085300000|100%| O|  |TAMS 0x0000000085300000, 0x0000000085200000| Untracked 
|   7|0x0000000085300000, 0x0000000085400000, 0x0000000085400000|100%| O|  |TAMS 0x0000000085400000, 0x0000000085300000| Untracked 
|   8|0x0000000085400000, 0x0000000085500000, 0x0000000085500000|100%| O|  |TAMS 0x0000000085500000, 0x0000000085400000| Untracked 
|   9|0x0000000085500000, 0x0000000085600000, 0x0000000085600000|100%| O|  |TAMS 0x0000000085500000, 0x0000000085500000| Untracked 
|  10|0x0000000085600000, 0x0000000085700000, 0x0000000085700000|100%| O|  |TAMS 0x0000000085700000, 0x0000000085600000| Untracked 
|  11|0x0000000085700000, 0x0000000085800000, 0x0000000085800000|100%| O|  |TAMS 0x0000000085800000, 0x0000000085700000| Untracked 
|  12|0x0000000085800000, 0x0000000085900000, 0x0000000085900000|100%| O|  |TAMS 0x0000000085900000, 0x0000000085800000| Untracked 
|  13|0x0000000085900000, 0x0000000085a00000, 0x0000000085a00000|100%| O|  |TAMS 0x0000000085a00000, 0x0000000085900000| Untracked 
|  14|0x0000000085a00000, 0x0000000085b00000, 0x0000000085b00000|100%| O|  |TAMS 0x0000000085b00000, 0x0000000085a00000| Untracked 
|  15|0x0000000085b00000, 0x0000000085c00000, 0x0000000085c00000|100%| O|  |TAMS 0x0000000085c00000, 0x0000000085b00000| Untracked 
|  16|0x0000000085c00000, 0x0000000085d00000, 0x0000000085d00000|100%| O|  |TAMS 0x0000000085d00000, 0x0000000085c00000| Untracked 
|  17|0x0000000085d00000, 0x0000000085e00000, 0x0000000085e00000|100%| O|  |TAMS 0x0000000085e00000, 0x0000000085d00000| Untracked 
|  18|0x0000000085e00000, 0x0000000085f00000, 0x0000000085f00000|100%| O|  |TAMS 0x0000000085f00000, 0x0000000085e00000| Untracked 
|  19|0x0000000085f00000, 0x0000000086000000, 0x0000000086000000|100%| O|  |TAMS 0x0000000086000000, 0x0000000085f00000| Untracked 
|  20|0x0000000086000000, 0x0000000086100000, 0x0000000086100000|100%| O|  |TAMS 0x0000000086100000, 0x0000000086000000| Untracked 
|  21|0x0000000086100000, 0x0000000086200000, 0x0000000086200000|100%| O|  |TAMS 0x0000000086200000, 0x0000000086100000| Untracked 
|  22|0x0000000086200000, 0x0000000086300000, 0x0000000086300000|100%| O|  |TAMS 0x0000000086300000, 0x0000000086200000| Untracked 
|  23|0x0000000086300000, 0x0000000086400000, 0x0000000086400000|100%| O|  |TAMS 0x0000000086400000, 0x0000000086300000| Untracked 
|  24|0x0000000086400000, 0x0000000086500000, 0x0000000086500000|100%| O|  |TAMS 0x0000000086500000, 0x0000000086400000| Untracked 
|  25|0x0000000086500000, 0x0000000086600000, 0x0000000086600000|100%| O|  |TAMS 0x0000000086600000, 0x0000000086500000| Untracked 
|  26|0x0000000086600000, 0x0000000086700000, 0x0000000086700000|100%| O|  |TAMS 0x0000000086700000, 0x0000000086600000| Untracked 
|  27|0x0000000086700000, 0x0000000086800000, 0x0000000086800000|100%| O|  |TAMS 0x0000000086800000, 0x0000000086700000| Untracked 
|  28|0x0000000086800000, 0x0000000086900000, 0x0000000086900000|100%| O|  |TAMS 0x0000000086900000, 0x0000000086800000| Untracked 
|  29|0x0000000086900000, 0x0000000086a00000, 0x0000000086a00000|100%| O|  |TAMS 0x0000000086a00000, 0x0000000086900000| Untracked 
|  30|0x0000000086a00000, 0x0000000086b00000, 0x0000000086b00000|100%| O|  |TAMS 0x0000000086b00000, 0x0000000086a00000| Untracked 
|  31|0x0000000086b00000, 0x0000000086c00000, 0x0000000086c00000|100%| O|  |TAMS 0x0000000086c00000, 0x0000000086b00000| Untracked 
|  32|0x0000000086c00000, 0x0000000086d00000, 0x0000000086d00000|100%| O|  |TAMS 0x0000000086d00000, 0x0000000086c00000| Untracked 
|  33|0x0000000086d00000, 0x0000000086e00000, 0x0000000086e00000|100%| O|  |TAMS 0x0000000086e00000, 0x0000000086d00000| Untracked 
|  34|0x0000000086e00000, 0x0000000086f00000, 0x0000000086f00000|100%| O|  |TAMS 0x0000000086f00000, 0x0000000086e00000| Untracked 
|  35|0x0000000086f00000, 0x0000000087000000, 0x0000000087000000|100%| O|  |TAMS 0x0000000087000000, 0x0000000086f00000| Untracked 
|  36|0x0000000087000000, 0x0000000087100000, 0x0000000087100000|100%| O|  |TAMS 0x000000008701f800, 0x0000000087000000| Untracked 
|  37|0x0000000087100000, 0x0000000087200000, 0x0000000087200000|100%| O|  |TAMS 0x0000000087100000, 0x0000000087100000| Untracked 
|  38|0x0000000087200000, 0x0000000087300000, 0x0000000087300000|100%| O|  |TAMS 0x0000000087200000, 0x0000000087200000| Untracked 
|  39|0x0000000087300000, 0x0000000087400000, 0x0000000087400000|100%| O|  |TAMS 0x0000000087300000, 0x0000000087300000| Untracked 
|  40|0x0000000087400000, 0x0000000087500000, 0x0000000087500000|100%| O|  |TAMS 0x0000000087400000, 0x0000000087400000| Untracked 
|  41|0x0000000087500000, 0x0000000087600000, 0x0000000087600000|100%| O|  |TAMS 0x0000000087500000, 0x0000000087500000| Untracked 
|  42|0x0000000087600000, 0x0000000087700000, 0x0000000087700000|100%| O|  |TAMS 0x0000000087600000, 0x0000000087600000| Untracked 
|  43|0x0000000087700000, 0x0000000087800000, 0x0000000087800000|100%| O|  |TAMS 0x0000000087700000, 0x0000000087700000| Untracked 
|  44|0x0000000087800000, 0x0000000087900000, 0x0000000087900000|100%| O|  |TAMS 0x0000000087800000, 0x0000000087800000| Untracked 
|  45|0x0000000087900000, 0x0000000087a00000, 0x0000000087a00000|100%| O|  |TAMS 0x0000000087900000, 0x0000000087900000| Untracked 
|  46|0x0000000087a00000, 0x0000000087b00000, 0x0000000087b00000|100%| O|  |TAMS 0x0000000087a00000, 0x0000000087a00000| Untracked 
|  47|0x0000000087b00000, 0x0000000087bdfe00, 0x0000000087c00000| 87%| O|  |TAMS 0x0000000087b00000, 0x0000000087b00000| Untracked 
|  48|0x0000000087c00000, 0x0000000087c00000, 0x0000000087d00000|  0%| F|  |TAMS 0x0000000087c00000, 0x0000000087c00000| Untracked 
|  49|0x0000000087d00000, 0x0000000087d00000, 0x0000000087e00000|  0%| F|  |TAMS 0x0000000087d00000, 0x0000000087d00000| Untracked 
|  50|0x0000000087e00000, 0x0000000087e00000, 0x0000000087f00000|  0%| F|  |TAMS 0x0000000087e00000, 0x0000000087e00000| Untracked 
|  51|0x0000000087f00000, 0x0000000087f00000, 0x0000000088000000|  0%| F|  |TAMS 0x0000000087f00000, 0x0000000087f00000| Untracked 
|  52|0x0000000088000000, 0x0000000088000000, 0x0000000088100000|  0%| F|  |TAMS 0x0000000088000000, 0x0000000088000000| Untracked 
|  53|0x0000000088100000, 0x0000000088100000, 0x0000000088200000|  0%| F|  |TAMS 0x0000000088100000, 0x0000000088100000| Untracked 
|  54|0x0000000088200000, 0x0000000088200000, 0x0000000088300000|  0%| F|  |TAMS 0x0000000088200000, 0x0000000088200000| Untracked 
|  55|0x0000000088300000, 0x0000000088300000, 0x0000000088400000|  0%| F|  |TAMS 0x0000000088300000, 0x0000000088300000| Untracked 
|  56|0x0000000088400000, 0x0000000088400000, 0x0000000088500000|  0%| F|  |TAMS 0x0000000088400000, 0x0000000088400000| Untracked 
|  57|0x0000000088500000, 0x0000000088500000, 0x0000000088600000|  0%| F|  |TAMS 0x0000000088500000, 0x0000000088500000| Untracked 
|  58|0x0000000088600000, 0x0000000088600000, 0x0000000088700000|  0%| F|  |TAMS 0x0000000088600000, 0x0000000088600000| Untracked 
|  59|0x0000000088700000, 0x0000000088700000, 0x0000000088800000|  0%| F|  |TAMS 0x0000000088700000, 0x0000000088700000| Untracked 
|  60|0x0000000088800000, 0x0000000088800000, 0x0000000088900000|  0%| F|  |TAMS 0x0000000088800000, 0x0000000088800000| Untracked 
|  61|0x0000000088900000, 0x0000000088900000, 0x0000000088a00000|  0%| F|  |TAMS 0x0000000088900000, 0x0000000088900000| Untracked 
|  62|0x0000000088a00000, 0x0000000088ab7620, 0x0000000088b00000| 71%| S|CS|TAMS 0x0000000088a00000, 0x0000000088a00000| Complete 
|  63|0x0000000088b00000, 0x0000000088c00000, 0x0000000088c00000|100%| S|CS|TAMS 0x0000000088b00000, 0x0000000088b00000| Complete 
|  64|0x0000000088c00000, 0x0000000088c00000, 0x0000000088d00000|  0%| F|  |TAMS 0x0000000088c00000, 0x0000000088c00000| Untracked 
|  65|0x0000000088d00000, 0x0000000088e00000, 0x0000000088e00000|100%| S|CS|TAMS 0x0000000088d00000, 0x0000000088d00000| Complete 
|  66|0x0000000088e00000, 0x0000000088e00000, 0x0000000088f00000|  0%| F|  |TAMS 0x0000000088e00000, 0x0000000088e00000| Untracked 
|  67|0x0000000088f00000, 0x0000000088f00000, 0x0000000089000000|  0%| F|  |TAMS 0x0000000088f00000, 0x0000000088f00000| Untracked 
|  68|0x0000000089000000, 0x0000000089000000, 0x0000000089100000|  0%| F|  |TAMS 0x0000000089000000, 0x0000000089000000| Untracked 
|  69|0x0000000089100000, 0x0000000089100000, 0x0000000089200000|  0%| F|  |TAMS 0x0000000089100000, 0x0000000089100000| Untracked 
|  70|0x0000000089200000, 0x0000000089200000, 0x0000000089300000|  0%| F|  |TAMS 0x0000000089200000, 0x0000000089200000| Untracked 
|  71|0x0000000089300000, 0x0000000089300000, 0x0000000089400000|  0%| F|  |TAMS 0x0000000089300000, 0x0000000089300000| Untracked 
|  72|0x0000000089400000, 0x0000000089400000, 0x0000000089500000|  0%| F|  |TAMS 0x0000000089400000, 0x0000000089400000| Untracked 
|  73|0x0000000089500000, 0x0000000089500000, 0x0000000089600000|  0%| F|  |TAMS 0x0000000089500000, 0x0000000089500000| Untracked 
|  74|0x0000000089600000, 0x0000000089600000, 0x0000000089700000|  0%| F|  |TAMS 0x0000000089600000, 0x0000000089600000| Untracked 
|  75|0x0000000089700000, 0x0000000089700000, 0x0000000089800000|  0%| F|  |TAMS 0x0000000089700000, 0x0000000089700000| Untracked 
|  76|0x0000000089800000, 0x0000000089800000, 0x0000000089900000|  0%| F|  |TAMS 0x0000000089800000, 0x0000000089800000| Untracked 
|  77|0x0000000089900000, 0x0000000089900000, 0x0000000089a00000|  0%| F|  |TAMS 0x0000000089900000, 0x0000000089900000| Untracked 
|  78|0x0000000089a00000, 0x0000000089a00000, 0x0000000089b00000|  0%| F|  |TAMS 0x0000000089a00000, 0x0000000089a00000| Untracked 
|  79|0x0000000089b00000, 0x0000000089b00000, 0x0000000089c00000|  0%| F|  |TAMS 0x0000000089b00000, 0x0000000089b00000| Untracked 
|  80|0x0000000089c00000, 0x0000000089c00000, 0x0000000089d00000|  0%| F|  |TAMS 0x0000000089c00000, 0x0000000089c00000| Untracked 
|  81|0x0000000089d00000, 0x0000000089d00000, 0x0000000089e00000|  0%| F|  |TAMS 0x0000000089d00000, 0x0000000089d00000| Untracked 
|  82|0x0000000089e00000, 0x0000000089e00000, 0x0000000089f00000|  0%| F|  |TAMS 0x0000000089e00000, 0x0000000089e00000| Untracked 
|  83|0x0000000089f00000, 0x0000000089f00000, 0x000000008a000000|  0%| F|  |TAMS 0x0000000089f00000, 0x0000000089f00000| Untracked 
|  84|0x000000008a000000, 0x000000008a000000, 0x000000008a100000|  0%| F|  |TAMS 0x000000008a000000, 0x000000008a000000| Untracked 
|  85|0x000000008a100000, 0x000000008a100000, 0x000000008a200000|  0%| F|  |TAMS 0x000000008a100000, 0x000000008a100000| Untracked 
|  86|0x000000008a200000, 0x000000008a200000, 0x000000008a300000|  0%| F|  |TAMS 0x000000008a200000, 0x000000008a200000| Untracked 
|  87|0x000000008a300000, 0x000000008a300000, 0x000000008a400000|  0%| F|  |TAMS 0x000000008a300000, 0x000000008a300000| Untracked 
|  88|0x000000008a400000, 0x000000008a400000, 0x000000008a500000|  0%| F|  |TAMS 0x000000008a400000, 0x000000008a400000| Untracked 
|  89|0x000000008a500000, 0x000000008a500000, 0x000000008a600000|  0%| F|  |TAMS 0x000000008a500000, 0x000000008a500000| Untracked 
|  90|0x000000008a600000, 0x000000008a600000, 0x000000008a700000|  0%| F|  |TAMS 0x000000008a600000, 0x000000008a600000| Untracked 
|  91|0x000000008a700000, 0x000000008a700000, 0x000000008a800000|  0%| F|  |TAMS 0x000000008a700000, 0x000000008a700000| Untracked 
|  92|0x000000008a800000, 0x000000008a800000, 0x000000008a900000|  0%| F|  |TAMS 0x000000008a800000, 0x000000008a800000| Untracked 
|  93|0x000000008a900000, 0x000000008a900000, 0x000000008aa00000|  0%| F|  |TAMS 0x000000008a900000, 0x000000008a900000| Untracked 
|  94|0x000000008aa00000, 0x000000008aa00000, 0x000000008ab00000|  0%| F|  |TAMS 0x000000008aa00000, 0x000000008aa00000| Untracked 
|  95|0x000000008ab00000, 0x000000008ab00000, 0x000000008ac00000|  0%| F|  |TAMS 0x000000008ab00000, 0x000000008ab00000| Untracked 
|  96|0x000000008ac00000, 0x000000008ac00000, 0x000000008ad00000|  0%| F|  |TAMS 0x000000008ac00000, 0x000000008ac00000| Untracked 
|  97|0x000000008ad00000, 0x000000008ad00000, 0x000000008ae00000|  0%| F|  |TAMS 0x000000008ad00000, 0x000000008ad00000| Untracked 
|  98|0x000000008ae00000, 0x000000008ae00000, 0x000000008af00000|  0%| F|  |TAMS 0x000000008ae00000, 0x000000008ae00000| Untracked 
|  99|0x000000008af00000, 0x000000008af00000, 0x000000008b000000|  0%| F|  |TAMS 0x000000008af00000, 0x000000008af00000| Untracked 
| 100|0x000000008b000000, 0x000000008b000000, 0x000000008b100000|  0%| F|  |TAMS 0x000000008b000000, 0x000000008b000000| Untracked 
| 101|0x000000008b100000, 0x000000008b100000, 0x000000008b200000|  0%| F|  |TAMS 0x000000008b100000, 0x000000008b100000| Untracked 
| 102|0x000000008b200000, 0x000000008b200000, 0x000000008b300000|  0%| F|  |TAMS 0x000000008b200000, 0x000000008b200000| Untracked 
| 103|0x000000008b300000, 0x000000008b300000, 0x000000008b400000|  0%| F|  |TAMS 0x000000008b300000, 0x000000008b300000| Untracked 
| 104|0x000000008b400000, 0x000000008b400000, 0x000000008b500000|  0%| F|  |TAMS 0x000000008b400000, 0x000000008b400000| Untracked 
| 105|0x000000008b500000, 0x000000008b500000, 0x000000008b600000|  0%| F|  |TAMS 0x000000008b500000, 0x000000008b500000| Untracked 
| 106|0x000000008b600000, 0x000000008b600000, 0x000000008b700000|  0%| F|  |TAMS 0x000000008b600000, 0x000000008b600000| Untracked 
| 107|0x000000008b700000, 0x000000008b700000, 0x000000008b800000|  0%| F|  |TAMS 0x000000008b700000, 0x000000008b700000| Untracked 
| 108|0x000000008b800000, 0x000000008b800000, 0x000000008b900000|  0%| F|  |TAMS 0x000000008b800000, 0x000000008b800000| Untracked 
| 109|0x000000008b900000, 0x000000008b900000, 0x000000008ba00000|  0%| F|  |TAMS 0x000000008b900000, 0x000000008b900000| Untracked 
| 110|0x000000008ba00000, 0x000000008ba00000, 0x000000008bb00000|  0%| F|  |TAMS 0x000000008ba00000, 0x000000008ba00000| Untracked 
| 111|0x000000008bb00000, 0x000000008bb00000, 0x000000008bc00000|  0%| F|  |TAMS 0x000000008bb00000, 0x000000008bb00000| Untracked 
| 112|0x000000008bc00000, 0x000000008bc00000, 0x000000008bd00000|  0%| F|  |TAMS 0x000000008bc00000, 0x000000008bc00000| Untracked 
| 113|0x000000008bd00000, 0x000000008bd00000, 0x000000008be00000|  0%| F|  |TAMS 0x000000008bd00000, 0x000000008bd00000| Untracked 
| 114|0x000000008be00000, 0x000000008be00000, 0x000000008bf00000|  0%| F|  |TAMS 0x000000008be00000, 0x000000008be00000| Untracked 
| 115|0x000000008bf00000, 0x000000008bf00000, 0x000000008c000000|  0%| F|  |TAMS 0x000000008bf00000, 0x000000008bf00000| Untracked 
| 116|0x000000008c000000, 0x000000008c000000, 0x000000008c100000|  0%| F|  |TAMS 0x000000008c000000, 0x000000008c000000| Untracked 
| 117|0x000000008c100000, 0x000000008c100000, 0x000000008c200000|  0%| F|  |TAMS 0x000000008c100000, 0x000000008c100000| Untracked 
| 118|0x000000008c200000, 0x000000008c200000, 0x000000008c300000|  0%| F|  |TAMS 0x000000008c200000, 0x000000008c200000| Untracked 
| 119|0x000000008c300000, 0x000000008c300000, 0x000000008c400000|  0%| F|  |TAMS 0x000000008c300000, 0x000000008c300000| Untracked 
| 120|0x000000008c400000, 0x000000008c400000, 0x000000008c500000|  0%| F|  |TAMS 0x000000008c400000, 0x000000008c400000| Untracked 
| 121|0x000000008c500000, 0x000000008c500000, 0x000000008c600000|  0%| F|  |TAMS 0x000000008c500000, 0x000000008c500000| Untracked 
| 122|0x000000008c600000, 0x000000008c600000, 0x000000008c700000|  0%| F|  |TAMS 0x000000008c600000, 0x000000008c600000| Untracked 
| 123|0x000000008c700000, 0x000000008c700000, 0x000000008c800000|  0%| F|  |TAMS 0x000000008c700000, 0x000000008c700000| Untracked 

Card table byte_map: [0x000002647df10000,0x000002647e2f0000] _byte_map_base: 0x000002647daea000

Marking Bits (Prev, Next): (CMBitMap*) 0x000002647be68180, (CMBitMap*) 0x000002647be681c0
 Prev Bits: [0x00000264065f0000, 0x00000264084c0000)
 Next Bits: [0x00000264084c0000, 0x000002640a390000)

Polling page: 0x000002647d660000

Metaspace:

Usage:
  Non-class:     72.00 MB used.
      Class:     11.73 MB used.
       Both:     83.74 MB used.

Virtual space:
  Non-class space:       80.00 MB reserved,      72.31 MB ( 90%) committed,  10 nodes.
      Class space:        1.00 GB reserved,      12.00 MB (  1%) committed,  1 nodes.
             Both:        1.08 GB reserved,      84.31 MB (  8%) committed. 

Chunk freelists:
   Non-Class:  2.75 MB
       Class:  38.00 KB
        Both:  2.79 MB

MaxMetaspaceSize: unlimited
CompressedClassSpaceSize: 1.00 GB
Initial GC threshold: 21.00 MB
Current GC threshold: 90.62 MB
CDS: off
MetaspaceReclaimPolicy: balanced
 - commit_granule_bytes: 65536.
 - commit_granule_words: 8192.
 - virtual_space_node_default_size: 1048576.
 - enlarge_chunks_in_place: 1.
 - new_chunks_are_fully_committed: 0.
 - uncommit_free_chunks: 1.
 - use_allocation_guard: 0.
 - handle_deallocations: 1.


Internal statistics:

num_allocs_failed_limit: 6.
num_arena_births: 836.
num_arena_deaths: 0.
num_vsnodes_births: 11.
num_vsnodes_deaths: 0.
num_space_committed: 1349.
num_space_uncommitted: 0.
num_chunks_returned_to_freelist: 6.
num_chunks_taken_from_freelist: 3602.
num_chunk_merges: 6.
num_chunk_splits: 2600.
num_chunks_enlarged: 2020.
num_purges: 0.
num_inconsistent_stats: 0.

CodeCache: size=49152Kb used=14331Kb max_used=14331Kb free=34820Kb
 bounds [0x00000264035f0000, 0x00000264043f0000, 0x00000264065f0000]
 total_blobs=8103 nmethods=7410 adapters=618
 compilation: enabled
              stopped_count=0, restarted_count=0
 full_count=0

Compilation events (20 events):
Event: 20.643 Thread 0x000002647f84e1d0 7403       1       java.lang.invoke.MethodType::appendParameterTypes (10 bytes)
Event: 20.643 Thread 0x000002647f84e1d0 nmethod 7403 0x00000264043eaf90 code [0x00000264043eb120, 0x00000264043eb208]
Event: 20.652 Thread 0x000002647fa4a260 7404       1       java.util.concurrent.ConcurrentHashMap$TreeNode::<init> (16 bytes)
Event: 20.653 Thread 0x000002647fa4a260 nmethod 7404 0x00000264043eb310 code [0x00000264043eb4a0, 0x00000264043eb6f8]
Event: 20.657 Thread 0x000002647fa4a260 7405       1       org.springframework.core.io.ResourceEditor::<init> (8 bytes)
Event: 20.657 Thread 0x000002647f84e1d0 7406       1       org.springframework.core.io.ResourceEditor::<init> (26 bytes)
Event: 20.657 Thread 0x000002647fa4a260 nmethod 7405 0x00000264043eb790 code [0x00000264043eb940, 0x00000264043ebbc8]
Event: 20.657 Thread 0x000002647f84e1d0 nmethod 7406 0x00000264043ebc90 code [0x00000264043ebe40, 0x00000264043ec0e8]
Event: 20.669 Thread 0x000002647fa4a260 7408       1       org.springframework.boot.context.properties.bind.JavaBeanBinder$BeanProperty::getType (51 bytes)
Event: 20.669 Thread 0x000002647f84e1d0 7407       1       org.springframework.boot.context.properties.bind.JavaBeanBinder::bind (113 bytes)
Event: 20.669 Thread 0x000002647fa4fe00 7409       1       org.springframework.boot.context.properties.bind.JavaBeanBinder$BeanProperty::getValue (17 bytes)
Event: 20.670 Thread 0x000002647fa4fe00 nmethod 7409 0x00000264043ec210 code [0x00000264043ec3c0, 0x00000264043ec5e8]
Event: 20.670 Thread 0x000002647fa4a260 nmethod 7408 0x00000264043ec710 code [0x00000264043ec900, 0x00000264043ecdb8]
Event: 20.670 Thread 0x000002647fa4fe00 7410   !   1       org.springframework.boot.context.properties.bind.JavaBeanBinder$BeanProperty::getAnnotations (22 bytes)
Event: 20.670 Thread 0x000002647fa4a260 7411       1       org.springframework.boot.context.properties.bind.Bindable::withSuppliedValue (29 bytes)
Event: 20.670 Thread 0x000002647fa4a260 nmethod 7411 0x00000264043ecf90 code [0x00000264043ed120, 0x00000264043ed288]
Event: 20.670 Thread 0x000002647fa4fe00 nmethod 7410 0x00000264043ed310 code [0x00000264043ed4e0, 0x00000264043ed708]
Event: 20.671 Thread 0x000002647f84e1d0 nmethod 7407 0x00000264043ed890 code [0x00000264043edb40, 0x00000264043ee3c8]
Event: 20.675 Thread 0x000002647f84e1d0 7412       1       org.springframework.aop.scope.ScopedProxyFactoryBean::getObjectType (23 bytes)
Event: 20.675 Thread 0x000002647f84e1d0 nmethod 7412 0x00000264043eea10 code [0x00000264043eebc0, 0x00000264043eece8]

GC Heap History (20 events):
Event: 15.170 GC heap after
{Heap after GC invocations=24 (full 0):
 garbage-first heap   total 82944K, used 36652K [0x0000000084c00000, 0x0000000100000000)
  region size 1024K, 4 young (4096K), 4 survivors (4096K)
 Metaspace       used 49963K, committed 50496K, reserved 1097728K
  class space    used 6563K, committed 6848K, reserved 1048576K
}
Event: 15.598 GC heap before
{Heap before GC invocations=24 (full 0):
 garbage-first heap   total 82944K, used 60204K [0x0000000084c00000, 0x0000000100000000)
  region size 1024K, 27 young (27648K), 4 survivors (4096K)
 Metaspace       used 50439K, committed 50944K, reserved 1097728K
  class space    used 6652K, committed 6912K, reserved 1048576K
}
Event: 15.604 GC heap after
{Heap after GC invocations=25 (full 0):
 garbage-first heap   total 82944K, used 37589K [0x0000000084c00000, 0x0000000100000000)
  region size 1024K, 3 young (3072K), 3 survivors (3072K)
 Metaspace       used 50439K, committed 50944K, reserved 1097728K
  class space    used 6652K, committed 6912K, reserved 1048576K
}
Event: 16.077 GC heap before
{Heap before GC invocations=25 (full 0):
 garbage-first heap   total 82944K, used 62165K [0x0000000084c00000, 0x0000000100000000)
  region size 1024K, 27 young (27648K), 3 survivors (3072K)
 Metaspace       used 51413K, committed 51904K, reserved 1097728K
  class space    used 6787K, committed 7040K, reserved 1048576K
}
Event: 16.082 GC heap after
{Heap after GC invocations=26 (full 0):
 garbage-first heap   total 82944K, used 38581K [0x0000000084c00000, 0x0000000100000000)
  region size 1024K, 2 young (2048K), 2 survivors (2048K)
 Metaspace       used 51413K, committed 51904K, reserved 1097728K
  class space    used 6787K, committed 7040K, reserved 1048576K
}
Event: 16.597 GC heap before
{Heap before GC invocations=26 (full 0):
 garbage-first heap   total 82944K, used 63157K [0x0000000084c00000, 0x0000000100000000)
  region size 1024K, 26 young (26624K), 2 survivors (2048K)
 Metaspace       used 54628K, committed 55168K, reserved 1097728K
  class space    used 7241K, committed 7488K, reserved 1048576K
}
Event: 16.603 GC heap after
{Heap after GC invocations=27 (full 0):
 garbage-first heap   total 109568K, used 39626K [0x0000000084c00000, 0x0000000100000000)
  region size 1024K, 3 young (3072K), 3 survivors (3072K)
 Metaspace       used 54628K, committed 55168K, reserved 1097728K
  class space    used 7241K, committed 7488K, reserved 1048576K
}
Event: 17.918 GC heap before
{Heap before GC invocations=28 (full 0):
 garbage-first heap   total 109568K, used 82634K [0x0000000084c00000, 0x0000000100000000)
  region size 1024K, 45 young (46080K), 3 survivors (3072K)
 Metaspace       used 65849K, committed 66432K, reserved 1114112K
  class space    used 8825K, committed 9088K, reserved 1048576K
}
Event: 17.926 GC heap after
{Heap after GC invocations=29 (full 0):
 garbage-first heap   total 109568K, used 42451K [0x0000000084c00000, 0x0000000100000000)
  region size 1024K, 6 young (6144K), 6 survivors (6144K)
 Metaspace       used 65849K, committed 66432K, reserved 1114112K
  class space    used 8825K, committed 9088K, reserved 1048576K
}
Event: 17.947 GC heap before
{Heap before GC invocations=29 (full 0):
 garbage-first heap   total 109568K, used 43475K [0x0000000084c00000, 0x0000000100000000)
  region size 1024K, 7 young (7168K), 6 survivors (6144K)
 Metaspace       used 65940K, committed 66496K, reserved 1114112K
  class space    used 8843K, committed 9088K, reserved 1048576K
}
Event: 17.955 GC heap after
{Heap after GC invocations=30 (full 0):
 garbage-first heap   total 109568K, used 43209K [0x0000000084c00000, 0x0000000100000000)
  region size 1024K, 1 young (1024K), 1 survivors (1024K)
 Metaspace       used 65940K, committed 66496K, reserved 1114112K
  class space    used 8843K, committed 9088K, reserved 1048576K
}
Event: 19.359 GC heap before
{Heap before GC invocations=30 (full 0):
 garbage-first heap   total 109568K, used 85193K [0x0000000084c00000, 0x0000000100000000)
  region size 1024K, 43 young (44032K), 1 survivors (1024K)
 Metaspace       used 76276K, committed 76864K, reserved 1122304K
  class space    used 10473K, committed 10752K, reserved 1048576K
}
Event: 19.363 GC heap after
{Heap after GC invocations=31 (full 0):
 garbage-first heap   total 109568K, used 44023K [0x0000000084c00000, 0x0000000100000000)
  region size 1024K, 2 young (2048K), 2 survivors (2048K)
 Metaspace       used 76276K, committed 76864K, reserved 1122304K
  class space    used 10473K, committed 10752K, reserved 1048576K
}
Event: 19.831 GC heap before
{Heap before GC invocations=31 (full 0):
 garbage-first heap   total 109568K, used 87031K [0x0000000084c00000, 0x0000000100000000)
  region size 1024K, 44 young (45056K), 2 survivors (2048K)
 Metaspace       used 79074K, committed 79616K, reserved 1122304K
  class space    used 10826K, committed 11072K, reserved 1048576K
}
Event: 19.837 GC heap after
{Heap after GC invocations=32 (full 0):
 garbage-first heap   total 109568K, used 46332K [0x0000000084c00000, 0x0000000100000000)
  region size 1024K, 4 young (4096K), 4 survivors (4096K)
 Metaspace       used 79074K, committed 79616K, reserved 1122304K
  class space    used 10826K, committed 11072K, reserved 1048576K
}
Event: 20.236 GC heap before
{Heap before GC invocations=32 (full 0):
 garbage-first heap   total 109568K, used 88316K [0x0000000084c00000, 0x0000000100000000)
  region size 1024K, 45 young (46080K), 4 survivors (4096K)
 Metaspace       used 84168K, committed 84736K, reserved 1122304K
  class space    used 11759K, committed 12032K, reserved 1048576K
}
Event: 20.243 GC heap after
{Heap after GC invocations=33 (full 0):
 garbage-first heap   total 109568K, used 49048K [0x0000000084c00000, 0x0000000100000000)
  region size 1024K, 5 young (5120K), 5 survivors (5120K)
 Metaspace       used 84168K, committed 84736K, reserved 1122304K
  class space    used 11759K, committed 12032K, reserved 1048576K
}
Event: 20.385 GC heap before
{Heap before GC invocations=33 (full 0):
 garbage-first heap   total 109568K, used 88984K [0x0000000084c00000, 0x0000000100000000)
  region size 1024K, 44 young (45056K), 5 survivors (5120K)
 Metaspace       used 84598K, committed 85184K, reserved 1122304K
  class space    used 11820K, committed 12096K, reserved 1048576K
}
Event: 20.392 GC heap after
{Heap after GC invocations=34 (full 0):
 garbage-first heap   total 109568K, used 50065K [0x0000000084c00000, 0x0000000100000000)
  region size 1024K, 4 young (4096K), 4 survivors (4096K)
 Metaspace       used 84598K, committed 85184K, reserved 1122304K
  class space    used 11820K, committed 12096K, reserved 1048576K
}
Event: 20.693 GC heap before
{Heap before GC invocations=34 (full 0):
 garbage-first heap   total 109568K, used 90001K [0x0000000084c00000, 0x0000000100000000)
  region size 1024K, 43 young (44032K), 4 survivors (4096K)
 Metaspace       used 85746K, committed 86336K, reserved 1130496K
  class space    used 12013K, committed 12288K, reserved 1048576K
}

Dll operation events (9 events):
Event: 0.025 Loaded shared library C:\Users\Sangita\Downloads\spring-tool-suite-4-4.18.0.RELEASE-e4.27.0-win32.win32.x86_64.self-extracting\sts-4.18.0.RELEASE\plugins\org.eclipse.justj.openjdk.hotspot.jre.full.win32.x86_64_17.0.6.v20230204-1729\jre\bin\java.dll
Event: 0.398 Loaded shared library C:\Users\Sangita\Downloads\spring-tool-suite-4-4.18.0.RELEASE-e4.27.0-win32.win32.x86_64.self-extracting\sts-4.18.0.RELEASE\plugins\org.eclipse.justj.openjdk.hotspot.jre.full.win32.x86_64_17.0.6.v20230204-1729\jre\bin\jimage.dll
Event: 0.421 Loaded shared library C:\Users\Sangita\Downloads\spring-tool-suite-4-4.18.0.RELEASE-e4.27.0-win32.win32.x86_64.self-extracting\sts-4.18.0.RELEASE\plugins\org.eclipse.justj.openjdk.hotspot.jre.full.win32.x86_64_17.0.6.v20230204-1729\jre\bin\net.dll
Event: 0.424 Loaded shared library C:\Users\Sangita\Downloads\spring-tool-suite-4-4.18.0.RELEASE-e4.27.0-win32.win32.x86_64.self-extracting\sts-4.18.0.RELEASE\plugins\org.eclipse.justj.openjdk.hotspot.jre.full.win32.x86_64_17.0.6.v20230204-1729\jre\bin\nio.dll
Event: 0.432 Loaded shared library C:\Users\Sangita\Downloads\spring-tool-suite-4-4.18.0.RELEASE-e4.27.0-win32.win32.x86_64.self-extracting\sts-4.18.0.RELEASE\plugins\org.eclipse.justj.openjdk.hotspot.jre.full.win32.x86_64_17.0.6.v20230204-1729\jre\bin\zip.dll
Event: 0.844 Loaded shared library C:\Users\Sangita\Downloads\spring-tool-suite-4-4.18.0.RELEASE-e4.27.0-win32.win32.x86_64.self-extracting\sts-4.18.0.RELEASE\plugins\org.eclipse.justj.openjdk.hotspot.jre.full.win32.x86_64_17.0.6.v20230204-1729\jre\bin\management.dll
Event: 0.959 Loaded shared library C:\Users\Sangita\Downloads\spring-tool-suite-4-4.18.0.RELEASE-e4.27.0-win32.win32.x86_64.self-extracting\sts-4.18.0.RELEASE\plugins\org.eclipse.justj.openjdk.hotspot.jre.full.win32.x86_64_17.0.6.v20230204-1729\jre\bin\management_ext.
Event: 7.273 Loaded shared library C:\Users\Sangita\Downloads\spring-tool-suite-4-4.18.0.RELEASE-e4.27.0-win32.win32.x86_64.self-extracting\sts-4.18.0.RELEASE\plugins\org.eclipse.justj.openjdk.hotspot.jre.full.win32.x86_64_17.0.6.v20230204-1729\jre\bin\sunmscapi.dll
Event: 16.717 Loaded shared library C:\Users\Sangita\Downloads\spring-tool-suite-4-4.18.0.RELEASE-e4.27.0-win32.win32.x86_64.self-extracting\sts-4.18.0.RELEASE\plugins\org.eclipse.justj.openjdk.hotspot.jre.full.win32.x86_64_17.0.6.v20230204-1729\jre\bin\verify.dll

Deoptimization events (20 events):
Event: 6.933 Thread 0x000002640dbbff60 DEOPT PACKING pc=0x0000026403ba6719 sp=0x000000b475dfcc10
Event: 6.933 Thread 0x000002640dbbff60 DEOPT UNPACKING pc=0x000002640364ace3 sp=0x000000b475dfc0f0 mode 3
Event: 7.169 Thread 0x000002640dbbff60 DEOPT PACKING pc=0x0000026403bd63d5 sp=0x000000b475dfd210
Event: 7.169 Thread 0x000002640dbbff60 DEOPT UNPACKING pc=0x000002640364ace3 sp=0x000000b475dfc6b8 mode 3
Event: 11.702 Thread 0x000002640dbbff60 DEOPT PACKING pc=0x0000026403e8fd99 sp=0x000000b475dfd6d0
Event: 11.702 Thread 0x000002640dbbff60 DEOPT UNPACKING pc=0x000002640364ace3 sp=0x000000b475dfcbb0 mode 3
Event: 12.079 Thread 0x000002640dbbff60 DEOPT PACKING pc=0x0000026403ddf96c sp=0x000000b475dfc7a0
Event: 12.079 Thread 0x000002640dbbff60 DEOPT UNPACKING pc=0x000002640364ace3 sp=0x000000b475dfbd28 mode 0
Event: 12.079 Thread 0x000002640dbbff60 DEOPT PACKING pc=0x0000026403ced54c sp=0x000000b475dfc980
Event: 12.079 Thread 0x000002640dbbff60 DEOPT UNPACKING pc=0x000002640364ace3 sp=0x000000b475dfbe38 mode 0
Event: 12.612 Thread 0x000002640dbbff60 DEOPT PACKING pc=0x0000026403f34f0a sp=0x000000b475dfd500
Event: 12.612 Thread 0x000002640dbbff60 DEOPT UNPACKING pc=0x000002640364ace3 sp=0x000000b475dfca98 mode 0
Event: 13.374 Thread 0x000002640dbbff60 DEOPT PACKING pc=0x0000026403b8eb52 sp=0x000000b475dfac30
Event: 13.374 Thread 0x000002640dbbff60 DEOPT UNPACKING pc=0x000002640364ace3 sp=0x000000b475dfa138 mode 3
Event: 13.690 Thread 0x000002640dbbff60 DEOPT PACKING pc=0x000002640404357d sp=0x000000b475dfe280
Event: 13.690 Thread 0x000002640dbbff60 DEOPT UNPACKING pc=0x000002640364ace3 sp=0x000000b475dfd7e8 mode 3
Event: 15.693 Thread 0x000002640dbbff60 DEOPT PACKING pc=0x0000026403ee33cc sp=0x000000b475dfa700
Event: 15.693 Thread 0x000002640dbbff60 DEOPT UNPACKING pc=0x000002640364ace3 sp=0x000000b475df9b98 mode 3
Event: 19.755 Thread 0x000002640dbbff60 DEOPT PACKING pc=0x0000026403bb1814 sp=0x000000b475dfc980
Event: 19.755 Thread 0x000002640dbbff60 DEOPT UNPACKING pc=0x000002640364ace3 sp=0x000000b475dfbed8 mode 0

Classes unloaded (0 events):
No events

Classes redefined (0 events):
No events

Internal exceptions (20 events):
Event: 20.278 Thread 0x000002640dbbff60 Exception <a 'java/lang/reflect/InvocationTargetException'{0x000000008ab4ac90}> (0x000000008ab4ac90) 
thrown [s\src\hotspot\share\runtime\reflection.cpp, line 1121]
Event: 20.281 Thread 0x000002640dbbff60 Exception <a 'java/lang/reflect/InvocationTargetException'{0x000000008ab602f0}> (0x000000008ab602f0) 
thrown [s\src\hotspot\share\runtime\reflection.cpp, line 1121]
Event: 20.289 Thread 0x000002640dbbff60 Exception <a 'java/lang/NoSuchMethodError'{0x000000008abba3c0}: 'int java.lang.invoke.DirectMethodHandle$Holder.invokeStatic(java.lang.Object, java.lang.Object, int)'> (0x000000008abba3c0) 
thrown [s\src\hotspot\share\interpreter\linkResolver.cpp, line 759]
Event: 20.295 Thread 0x000002640dbbff60 Exception <a 'java/lang/IncompatibleClassChangeError'{0x000000008abfde78}: Found class java.lang.Object, but interface was expected> (0x000000008abfde78) 
thrown [s\src\hotspot\share\interpreter\linkResolver.cpp, line 826]
Event: 20.304 Thread 0x000002640dbbff60 Exception <a 'java/lang/NoSuchMethodError'{0x000000008aa7e8b0}: 'java.lang.Object java.lang.invoke.DirectMethodHandle$Holder.invokeStatic(java.lang.Object, int, java.lang.Object)'> (0x000000008aa7e8b0) 
thrown [s\src\hotspot\share\interpreter\linkResolver.cpp, line 759]
Event: 20.308 Thread 0x000002640dbbff60 Exception <a 'java/lang/reflect/InvocationTargetException'{0x000000008aaaf910}> (0x000000008aaaf910) 
thrown [s\src\hotspot\share\runtime\reflection.cpp, line 1121]
Event: 20.310 Thread 0x000002640dbbff60 Exception <a 'java/lang/reflect/InvocationTargetException'{0x000000008aacd4c0}> (0x000000008aacd4c0) 
thrown [s\src\hotspot\share\runtime\reflection.cpp, line 1121]
Event: 20.327 Thread 0x000002640dbbff60 Exception <a 'java/lang/reflect/InvocationTargetException'{0x000000008a3384f0}> (0x000000008a3384f0) 
thrown [s\src\hotspot\share\runtime\reflection.cpp, line 1121]
Event: 20.477 Thread 0x000002640dbbff60 Exception <a 'java/lang/NoSuchMethodError'{0x000000008abac890}: 'java.lang.Object java.lang.invoke.DirectMethodHandle$Holder.invokeStatic(java.lang.Object, long, java.lang.Object)'> (0x000000008abac890) 
thrown [s\src\hotspot\share\interpreter\linkResolver.cpp, line 759]
Event: 20.477 Thread 0x000002640dbbff60 Exception <a 'java/lang/NoSuchMethodError'{0x000000008abb32c8}: 'java.lang.Object java.lang.invoke.DirectMethodHandle$Holder.newInvokeSpecial(java.lang.Object, long)'> (0x000000008abb32c8) 
thrown [s\src\hotspot\share\interpreter\linkResolver.cpp, line 759]
Event: 20.479 Thread 0x000002640dbbff60 Exception <a 'java/lang/IncompatibleClassChangeError'{0x000000008abc02c8}: Found class java.lang.Object, but interface was expected> (0x000000008abc02c8) 
thrown [s\src\hotspot\share\interpreter\linkResolver.cpp, line 826]
Event: 20.492 Thread 0x000002640dbbff60 Exception <a 'java/lang/NoSuchMethodError'{0x000000008aaa3b78}: 'double java.lang.invoke.DirectMethodHandle$Holder.invokeStatic(java.lang.Object, java.lang.Object)'> (0x000000008aaa3b78) 
thrown [s\src\hotspot\share\interpreter\linkResolver.cpp, line 759]
Event: 20.500 Thread 0x000002640dbbff60 Exception <a 'java/lang/NoSuchMethodError'{0x000000008a923d50}: 'double java.lang.invoke.DirectMethodHandle$Holder.invokeSpecial(java.lang.Object, java.lang.Object, java.lang.Object)'> (0x000000008a923d50) 
thrown [s\src\hotspot\share\interpreter\linkResolver.cpp, line 759]
Event: 20.589 Thread 0x000002640dbbff60 Exception <a 'java/lang/IncompatibleClassChangeError'{0x0000000089dd3f70}: Found class java.lang.Object, but interface was expected> (0x0000000089dd3f70) 
thrown [s\src\hotspot\share\interpreter\linkResolver.cpp, line 826]
Event: 20.592 Thread 0x000002640dbbff60 Exception <a 'java/lang/NoSuchMethodError'{0x0000000089c0dd98}: 'void java.lang.invoke.DirectMethodHandle$Holder.invokeStatic(java.lang.Object, long)'> (0x0000000089c0dd98) 
thrown [s\src\hotspot\share\interpreter\linkResolver.cpp, line 759]
Event: 20.640 Thread 0x000002640dbbff60 Exception <a 'java/lang/NoSuchMethodError'{0x0000000089785f40}: 'java.lang.Object java.lang.invoke.Invokers$Holder.invoker(java.lang.Object, java.lang.Object, java.lang.Object, java.lang.Object)'> (0x0000000089785f40) 
thrown [s\src\hotspot\share\interpreter\linkResolver.cpp, line 759]
Event: 20.641 Thread 0x000002640dbbff60 Exception <a 'java/lang/NoSuchMethodError'{0x000000008978f628}: 'int java.lang.invoke.DirectMethodHandle$Holder.invokeSpecial(java.lang.Object, java.lang.Object, java.lang.Object, int)'> (0x000000008978f628) 
thrown [s\src\hotspot\share\interpreter\linkResolver.cpp, line 759]
Event: 20.642 Thread 0x000002640dbbff60 Exception <a 'java/lang/NoSuchMethodError'{0x00000000897a1598}: 'java.lang.Object java.lang.invoke.DirectMethodHandle$Holder.invokeStatic(java.lang.Object, java.lang.Object, java.lang.Object, java.lang.Object, int)'> (0x00000000897a1598) 
thrown [s\src\hotspot\share\interpreter\linkResolver.cpp, line 759]
Event: 20.642 Thread 0x000002640dbbff60 Exception <a 'java/lang/NoSuchMethodError'{0x00000000897a8a18}: 'void java.lang.invoke.DelegatingMethodHandle$Holder.reinvoke_L(java.lang.Object, java.lang.Object, int)'> (0x00000000897a8a18) 
thrown [s\src\hotspot\share\interpreter\linkResolver.cpp, line 759]
Event: 20.643 Thread 0x000002640dbbff60 Exception <a 'java/lang/NoSuchMethodError'{0x00000000897b6628}: 'java.lang.Object java.lang.invoke.Invokers$Holder.invokeExact_MT(java.lang.Object, java.lang.Object, java.lang.Object, java.lang.Object)'> (0x00000000897b6628) 
thrown [s\src\hotspot\share\interpreter\linkResolver.cpp, line 759]

VM Operations (20 events):
Event: 19.805 Executing VM operation: HandshakeAllThreads done
Event: 19.805 Executing VM operation: HandshakeAllThreads
Event: 19.805 Executing VM operation: HandshakeAllThreads done
Event: 19.831 Executing VM operation: G1CollectForAllocation
Event: 19.837 Executing VM operation: G1CollectForAllocation done
Event: 19.881 Executing VM operation: HandshakeAllThreads
Event: 19.881 Executing VM operation: HandshakeAllThreads done
Event: 19.885 Executing VM operation: HandshakeAllThreads
Event: 19.885 Executing VM operation: HandshakeAllThreads done
Event: 19.961 Executing VM operation: HandshakeAllThreads
Event: 19.961 Executing VM operation: HandshakeAllThreads done
Event: 20.184 Executing VM operation: ICBufferFull
Event: 20.184 Executing VM operation: ICBufferFull done
Event: 20.236 Executing VM operation: G1CollectForAllocation
Event: 20.244 Executing VM operation: G1CollectForAllocation done
Event: 20.385 Executing VM operation: G1CollectForAllocation
Event: 20.392 Executing VM operation: G1CollectForAllocation done
Event: 20.411 Executing VM operation: HandshakeAllThreads
Event: 20.411 Executing VM operation: HandshakeAllThreads done
Event: 20.693 Executing VM operation: G1CollectForAllocation

Events (20 events):
Event: 20.639 loading class jdk/internal/access/JavaIOAccess
Event: 20.639 loading class jdk/internal/access/JavaIOAccess done
Event: 20.639 loading class jdk/internal/access/JavaNetHttpCookieAccess
Event: 20.639 loading class jdk/internal/access/JavaNetHttpCookieAccess done
Event: 20.639 loading class jdk/internal/access/JavaAWTAccess
Event: 20.639 loading class jdk/internal/access/JavaAWTAccess done
Event: 20.639 loading class jdk/internal/access/JavaAWTFontAccess
Event: 20.639 loading class jdk/internal/access/JavaAWTFontAccess done
Event: 20.639 loading class jdk/internal/access/JavaxCryptoSealedObjectAccess
Event: 20.639 loading class jdk/internal/access/JavaxCryptoSealedObjectAccess done
Event: 20.640 loading class sun/invoke/util/ValueConversions$1
Event: 20.640 loading class sun/invoke/util/ValueConversions$1 done
Event: 20.641 loading class java/lang/invoke/BoundMethodHandle$Species_LI
Event: 20.641 loading class java/lang/invoke/BoundMethodHandle$Species_LI done
Event: 20.641 loading class java/lang/invoke/ClassSpecializer$Factory$1Var
Event: 20.641 loading class java/lang/invoke/ClassSpecializer$Factory$1Var done
Event: 20.643 loading class sun/nio/ch/Interruptible
Event: 20.643 loading class sun/nio/ch/Interruptible done
Event: 20.643 loading class jdk/internal/reflect/ConstantPool$Tag
Event: 20.644 loading class jdk/internal/reflect/ConstantPool$Tag done


Dynamic libraries:
0x00007ff6c3f30000 - 0x00007ff6c3f3e000 	C:\Users\Sangita\Downloads\spring-tool-suite-4-4.18.0.RELEASE-e4.27.0-win32.win32.x86_64.self-extracting\sts-4.18.0.RELEASE\plugins\org.eclipse.justj.openjdk.hotspot.jre.full.win32.x86_64_17.0.6.v20230204-1729\jre\bin\javaw.exe
0x00007ffd08750000 - 0x00007ffd08967000 	C:\WINDOWS\SYSTEM32\ntdll.dll
0x00007ffd07c20000 - 0x00007ffd07ce4000 	C:\WINDOWS\System32\KERNEL32.DLL
0x00007ffd060c0000 - 0x00007ffd06477000 	C:\WINDOWS\System32\KERNELBASE.dll
0x00007ffd05c70000 - 0x00007ffd05d81000 	C:\WINDOWS\System32\ucrtbase.dll
0x00007ffcfd0f0000 - 0x00007ffcfd107000 	C:\Users\Sangita\Downloads\spring-tool-suite-4-4.18.0.RELEASE-e4.27.0-win32.win32.x86_64.self-extracting\sts-4.18.0.RELEASE\plugins\org.eclipse.justj.openjdk.hotspot.jre.full.win32.x86_64_17.0.6.v20230204-1729\jre\bin\jli.dll
0x00007ffd079a0000 - 0x00007ffd07b4f000 	C:\WINDOWS\System32\USER32.dll
0x00007ffd05d90000 - 0x00007ffd05db6000 	C:\WINDOWS\System32\win32u.dll
0x00007ffd06f40000 - 0x00007ffd06f69000 	C:\WINDOWS\System32\GDI32.dll
0x00007ffd05fa0000 - 0x00007ffd060b8000 	C:\WINDOWS\System32\gdi32full.dll
0x00007ffd05dc0000 - 0x00007ffd05e5a000 	C:\WINDOWS\System32\msvcp_win.dll
0x00007ffd04060000 - 0x00007ffd04079000 	C:\Users\Sangita\Downloads\spring-tool-suite-4-4.18.0.RELEASE-e4.27.0-win32.win32.x86_64.self-extracting\sts-4.18.0.RELEASE\plugins\org.eclipse.justj.openjdk.hotspot.jre.full.win32.x86_64_17.0.6.v20230204-1729\jre\bin\VCRUNTIME140.dll
0x00007ffd04d40000 - 0x00007ffd04fd3000 	C:\WINDOWS\WinSxS\amd64_microsoft.windows.common-controls_6595b64144ccf1df_6.0.22621.3672_none_2713b9d173822955\COMCTL32.dll
0x00007ffd06dd0000 - 0x00007ffd06e77000 	C:\WINDOWS\System32\msvcrt.dll
0x00007ffd07290000 - 0x00007ffd072c1000 	C:\WINDOWS\System32\IMM32.DLL
0x00007ffd04050000 - 0x00007ffd0405c000 	C:\Users\Sangita\Downloads\spring-tool-suite-4-4.18.0.RELEASE-e4.27.0-win32.win32.x86_64.self-extracting\sts-4.18.0.RELEASE\plugins\org.eclipse.justj.openjdk.hotspot.jre.full.win32.x86_64_17.0.6.v20230204-1729\jre\bin\vcruntime140_1.dll
0x00007ffce0690000 - 0x00007ffce0721000 	C:\Users\Sangita\Downloads\spring-tool-suite-4-4.18.0.RELEASE-e4.27.0-win32.win32.x86_64.self-extracting\sts-4.18.0.RELEASE\plugins\org.eclipse.justj.openjdk.hotspot.jre.full.win32.x86_64_17.0.6.v20230204-1729\jre\bin\msvcp140.dll
0x00007ffcaa6c0000 - 0x00007ffcab307000 	C:\Users\Sangita\Downloads\spring-tool-suite-4-4.18.0.RELEASE-e4.27.0-win32.win32.x86_64.self-extracting\sts-4.18.0.RELEASE\plugins\org.eclipse.justj.openjdk.hotspot.jre.full.win32.x86_64_17.0.6.v20230204-1729\jre\bin\server\jvm.dll
0x00007ffd06e80000 - 0x00007ffd06f32000 	C:\WINDOWS\System32\ADVAPI32.dll
0x00007ffd07b70000 - 0x00007ffd07c18000 	C:\WINDOWS\System32\sechost.dll
0x00007ffd05bd0000 - 0x00007ffd05bf8000 	C:\WINDOWS\System32\bcrypt.dll
0x00007ffd07880000 - 0x00007ffd07994000 	C:\WINDOWS\System32\RPCRT4.dll
0x00007ffcd9720000 - 0x00007ffcd9729000 	C:\WINDOWS\SYSTEM32\WSOCK32.dll
0x00007ffd06d00000 - 0x00007ffd06d71000 	C:\WINDOWS\System32\WS2_32.dll
0x00007ffcfcdc0000 - 0x00007ffcfcdf4000 	C:\WINDOWS\SYSTEM32\WINMM.dll
0x00007ffd02260000 - 0x00007ffd0226a000 	C:\WINDOWS\SYSTEM32\VERSION.dll
0x00007ffd04380000 - 0x00007ffd04398000 	C:\WINDOWS\SYSTEM32\kernel.appcore.dll
0x00007ffcfd7f0000 - 0x00007ffcfd7fa000 	C:\Users\Sangita\Downloads\spring-tool-suite-4-4.18.0.RELEASE-e4.27.0-win32.win32.x86_64.self-extracting\sts-4.18.0.RELEASE\plugins\org.eclipse.justj.openjdk.hotspot.jre.full.win32.x86_64_17.0.6.v20230204-1729\jre\bin\jimage.dll
0x00007ffd052d0000 - 0x00007ffd05502000 	C:\WINDOWS\SYSTEM32\DBGHELP.DLL
0x00007ffd07490000 - 0x00007ffd0781e000 	C:\WINDOWS\System32\combase.dll
0x00007ffd06f80000 - 0x00007ffd07057000 	C:\WINDOWS\System32\OLEAUT32.dll
0x00007ffd051c0000 - 0x00007ffd051f2000 	C:\WINDOWS\SYSTEM32\dbgcore.DLL
0x00007ffd05f20000 - 0x00007ffd05f9b000 	C:\WINDOWS\System32\bcryptPrimitives.dll
0x00007ffcfadc0000 - 0x00007ffcfade5000 	C:\Users\Sangita\Downloads\spring-tool-suite-4-4.18.0.RELEASE-e4.27.0-win32.win32.x86_64.self-extracting\sts-4.18.0.RELEASE\plugins\org.eclipse.justj.openjdk.hotspot.jre.full.win32.x86_64_17.0.6.v20230204-1729\jre\bin\java.dll
0x00007ffcfd0d0000 - 0x00007ffcfd0e8000 	C:\Users\Sangita\Downloads\spring-tool-suite-4-4.18.0.RELEASE-e4.27.0-win32.win32.x86_64.self-extracting\sts-4.18.0.RELEASE\plugins\org.eclipse.justj.openjdk.hotspot.jre.full.win32.x86_64_17.0.6.v20230204-1729\jre\bin\zip.dll
0x00007ffd07cf0000 - 0x00007ffd08559000 	C:\WINDOWS\System32\SHELL32.dll
0x00007ffd02a60000 - 0x00007ffd0335f000 	C:\WINDOWS\SYSTEM32\windows.storage.dll
0x00007ffd02920000 - 0x00007ffd02a5f000 	C:\WINDOWS\SYSTEM32\wintypes.dll
0x00007ffd06480000 - 0x00007ffd06579000 	C:\WINDOWS\System32\SHCORE.dll
0x00007ffd07820000 - 0x00007ffd0787e000 	C:\WINDOWS\System32\shlwapi.dll
0x00007ffd05990000 - 0x00007ffd059b7000 	C:\WINDOWS\SYSTEM32\profapi.dll
0x00007ffcfada0000 - 0x00007ffcfadb9000 	C:\Users\Sangita\Downloads\spring-tool-suite-4-4.18.0.RELEASE-e4.27.0-win32.win32.x86_64.self-extracting\sts-4.18.0.RELEASE\plugins\org.eclipse.justj.openjdk.hotspot.jre.full.win32.x86_64_17.0.6.v20230204-1729\jre\bin\net.dll
0x00007ffcfe000000 - 0x00007ffcfe136000 	C:\WINDOWS\SYSTEM32\WINHTTP.dll
0x00007ffd047b0000 - 0x00007ffd04819000 	C:\WINDOWS\system32\mswsock.dll
0x00007ffcfad80000 - 0x00007ffcfad95000 	C:\Users\Sangita\Downloads\spring-tool-suite-4-4.18.0.RELEASE-e4.27.0-win32.win32.x86_64.self-extracting\sts-4.18.0.RELEASE\plugins\org.eclipse.justj.openjdk.hotspot.jre.full.win32.x86_64_17.0.6.v20230204-1729\jre\bin\nio.dll
0x00007ffd03fd0000 - 0x00007ffd03fd9000 	C:\Users\Sangita\Downloads\spring-tool-suite-4-4.18.0.RELEASE-e4.27.0-win32.win32.x86_64.self-extracting\sts-4.18.0.RELEASE\plugins\org.eclipse.justj.openjdk.hotspot.jre.full.win32.x86_64_17.0.6.v20230204-1729\jre\bin\management.dll
0x00007ffd03f80000 - 0x00007ffd03f8b000 	C:\Users\Sangita\Downloads\spring-tool-suite-4-4.18.0.RELEASE-e4.27.0-win32.win32.x86_64.self-extracting\sts-4.18.0.RELEASE\plugins\org.eclipse.justj.openjdk.hotspot.jre.full.win32.x86_64_17.0.6.v20230204-1729\jre\bin\management_ext.dll
0x00007ffd06600000 - 0x00007ffd06608000 	C:\WINDOWS\System32\PSAPI.DLL
0x00007ffccfe60000 - 0x00007ffccfe77000 	C:\WINDOWS\system32\napinsp.dll
0x00007ffccfe40000 - 0x00007ffccfe5b000 	C:\WINDOWS\system32\pnrpnsp.dll
0x00007ffd036d0000 - 0x00007ffd037d2000 	C:\WINDOWS\SYSTEM32\DNSAPI.dll
0x00007ffd036a0000 - 0x00007ffd036cd000 	C:\WINDOWS\SYSTEM32\IPHLPAPI.DLL
0x00007ffd06f70000 - 0x00007ffd06f79000 	C:\WINDOWS\System32\NSI.dll
0x00007ffccfe20000 - 0x00007ffccfe31000 	C:\WINDOWS\System32\winrnr.dll
0x00007ffcfba70000 - 0x00007ffcfba85000 	C:\WINDOWS\system32\wshbth.dll
0x00007ffccfdf0000 - 0x00007ffccfe17000 	C:\WINDOWS\system32\nlansp_c.dll
0x00007ffcf2880000 - 0x00007ffcf288a000 	C:\Windows\System32\rasadhlp.dll
0x00007ffcfa770000 - 0x00007ffcfa7f3000 	C:\WINDOWS\System32\fwpuclnt.dll
0x00007ffd05610000 - 0x00007ffd0562b000 	C:\WINDOWS\SYSTEM32\CRYPTSP.dll
0x00007ffd042e0000 - 0x00007ffd04315000 	C:\WINDOWS\system32\rsaenh.dll
0x00007ffd04870000 - 0x00007ffd04898000 	C:\WINDOWS\SYSTEM32\USERENV.dll
0x00007ffd049e0000 - 0x00007ffd049ec000 	C:\WINDOWS\SYSTEM32\CRYPTBASE.dll
0x00007ffcfdf00000 - 0x00007ffcfdf19000 	C:\WINDOWS\SYSTEM32\dhcpcsvc6.DLL
0x00007ffcfde30000 - 0x00007ffcfde4f000 	C:\WINDOWS\SYSTEM32\dhcpcsvc.DLL
0x00007ffcc00d0000 - 0x00007ffcc00de000 	C:\Users\Sangita\Downloads\spring-tool-suite-4-4.18.0.RELEASE-e4.27.0-win32.win32.x86_64.self-extracting\sts-4.18.0.RELEASE\plugins\org.eclipse.justj.openjdk.hotspot.jre.full.win32.x86_64_17.0.6.v20230204-1729\jre\bin\sunmscapi.dll
0x00007ffd05a60000 - 0x00007ffd05bc6000 	C:\WINDOWS\System32\CRYPT32.dll
0x00007ffd04c20000 - 0x00007ffd04c4d000 	C:\WINDOWS\SYSTEM32\ncrypt.dll
0x00007ffd04be0000 - 0x00007ffd04c17000 	C:\WINDOWS\SYSTEM32\NTASN1.dll
0x00007ffcfad70000 - 0x00007ffcfad80000 	C:\Users\Sangita\Downloads\spring-tool-suite-4-4.18.0.RELEASE-e4.27.0-win32.win32.x86_64.self-extracting\sts-4.18.0.RELEASE\plugins\org.eclipse.justj.openjdk.hotspot.jre.full.win32.x86_64_17.0.6.v20230204-1729\jre\bin\verify.dll

dbghelp: loaded successfully - version: 4.0.5 - missing functions: none
symbol engine: initialized successfully - sym options: 0x614 - pdb path: .;C:\Users\Sangita\Downloads\spring-tool-suite-4-4.18.0.RELEASE-e4.27.0-win32.win32.x86_64.self-extracting\sts-4.18.0.RELEASE\plugins\org.eclipse.justj.openjdk.hotspot.jre.full.win32.x86_64_17.0.6.v20230204-1729\jre\bin;C:\WINDOWS\SYSTEM32;C:\WINDOWS\WinSxS\amd64_microsoft.windows.common-controls_6595b64144ccf1df_6.0.22621.3672_none_2713b9d173822955;C:\Users\Sangita\Downloads\spring-tool-suite-4-4.18.0.RELEASE-e4.27.0-win32.win32.x86_64.self-extracting\sts-4.18.0.RELEASE\plugins\org.eclipse.justj.openjdk.hotspot.jre.full.win32.x86_64_17.0.6.v20230204-1729\jre\bin\server

VM Arguments:
jvm_args: -Dcom.sun.management.jmxremote -Dcom.sun.management.jmxremote.port=54492 -Dcom.sun.management.jmxremote.authenticate=false -Dcom.sun.management.jmxremote.ssl=false -Djava.rmi.server.hostname=localhost -Dspring.jmx.enabled=true -Dmanagement.endpoints.jmx.exposure.include=* -Dspring.application.admin.enabled=true -XX:TieredStopAtLevel=1 -Dspring.boot.project.name=batchService -Dfile.encoding=UTF-8 -XX:+ShowCodeDetailsInExceptionMessages 
java_command: com.batch.BatchServiceApplication --spring.output.ansi.enabled=always
java_class_path (initial): C:\Users\Sangita\Institute Management System\batchService\target\classes;C:\Users\Sangita\.m2\repository\org\springframework\boot\spring-boot-starter-data-jpa\3.2.2\spring-boot-starter-data-jpa-3.2.2.jar;C:\Users\Sangita\.m2\repository\org\springframework\boot\spring-boot-starter-jdbc\3.2.2\spring-boot-starter-jdbc-3.2.2.jar;C:\Users\Sangita\.m2\repository\com\zaxxer\HikariCP\5.0.1\HikariCP-5.0.1.jar;C:\Users\Sangita\.m2\repository\org\springframework\spring-jdbc\6.1.3\spring-jdbc-6.1.3.jar;C:\Users\Sangita\.m2\repository\org\hibernate\orm\hibernate-core\6.4.1.Final\hibernate-core-6.4.1.Final.jar;C:\Users\Sangita\.m2\repository\jakarta\persistence\jakarta.persistence-api\3.1.0\jakarta.persistence-api-3.1.0.jar;C:\Users\Sangita\.m2\repository\jakarta\transaction\jakarta.transaction-api\2.0.1\jakarta.transaction-api-2.0.1.jar;C:\Users\Sangita\.m2\repository\org\jboss\logging\jboss-logging\3.5.3.Final\jboss-logging-3.5.3.Final.jar;C:\Users\Sangita\.m2\repository\org\hibernate\common\hibernate-commons-annotations\6.0.6.Final\hibernate-commons-annotations-6.0.6.Final.jar;C:\Users\Sangita\.m2\repository\io\smallrye\jandex\3.1.2\jandex-3.1.2.jar;C:\Users\Sangita\.m2\repository\com\fasterxml\classmate\1.6.0\classmate-1.6.0.jar;C:\Users\Sangita\.m2\repository\org\glassfish\jaxb\jaxb-runtime\4.0.4\jaxb-runtime-4.0.4.jar;C:\Users\Sangita\.m2\repository\org\glassfish\jaxb\jaxb-core\4.0.4\jaxb-core-4.0.4.jar;C:\Users\Sangita\.m2\repository\org\eclipse\angus\angus-activation\2.0.1\angus-activation-2.0.1.jar;C:\Users\Sangita\.m2\repository\org\glassfish\jaxb\txw2\4.0.4\txw2-4.0.4.jar;C:\Users\Sangita\.m2\repository\com\sun\istack\istack-commons-runtime\4.1.2\istack-commons-runtime-4.1.2.jar;C:\Users\Sangita\.m2\repository\jakarta\inject\jakarta.inject-api\2.0.1\jakarta.inject-api-2.0.1.jar;C:\Users\Sangita\.m2\repository\org\antlr\antlr4-runtime\4.13.0\antlr4-runtime-4.13.0.jar;C:\Users\Sangita\.m2\repository\org\springframework\data\spring-data-jpa\3.
Launcher Type: SUN_STANDARD

[Global flags]
     intx CICompilerCount                          = 3                                         {product} {ergonomic}
     uint ConcGCThreads                            = 1                                         {product} {ergonomic}
     uint G1ConcRefinementThreads                  = 4                                         {product} {ergonomic}
   size_t G1HeapRegionSize                         = 1048576                                   {product} {ergonomic}
    uintx GCDrainStackTargetSize                   = 64                                        {product} {ergonomic}
   size_t InitialHeapSize                          = 130023424                                 {product} {ergonomic}
     bool ManagementServer                         = true                                      {product} {command line}
   size_t MarkStackSize                            = 4194304                                   {product} {ergonomic}
   size_t MaxHeapSize                              = 2067791872                                {product} {ergonomic}
   size_t MaxNewSize                               = 1240465408                                {product} {ergonomic}
   size_t MinHeapDeltaBytes                        = 1048576                                   {product} {ergonomic}
   size_t MinHeapSize                              = 8388608                                   {product} {ergonomic}
    uintx NonProfiledCodeHeapSize                  = 0                                      {pd product} {ergonomic}
     bool ProfileInterpreter                       = false                                  {pd product} {command line}
    uintx ProfiledCodeHeapSize                     = 0                                      {pd product} {ergonomic}
     bool ShowCodeDetailsInExceptionMessages       = true                                   {manageable} {command line}
   size_t SoftMaxHeapSize                          = 2067791872                             {manageable} {ergonomic}
     intx TieredStopAtLevel                        = 1                                         {product} {command line}
     bool UseCompressedClassPointers               = true                           {product lp64_product} {ergonomic}
     bool UseCompressedOops                        = true                           {product lp64_product} {ergonomic}
     bool UseG1GC                                  = true                                      {product} {ergonomic}
     bool UseLargePagesIndividualAllocation        = false                                  {pd product} {ergonomic}

Logging:
Log output configuration:
 #0: stdout all=warning uptime,level,tags
 #1: stderr all=off uptime,level,tags

Environment Variables:
JAVA_HOME=C:\Program Files\Java\jdk-17.0.1
CLASSPATH=C:\mysql-connector-java-8.0.27.jar;
PATH=C:/Users/Sangita/Downloads/spring-tool-suite-4-4.18.0.RELEASE-e4.27.0-win32.win32.x86_64.self-extracting/sts-4.18.0.RELEASE//plugins/org.eclipse.justj.openjdk.hotspot.jre.full.win32.x86_64_17.0.6.v20230204-1729/jre/bin/server;C:/Users/Sangita/Downloads/spring-tool-suite-4-4.18.0.RELEASE-e4.27.0-win32.win32.x86_64.self-extracting/sts-4.18.0.RELEASE//plugins/org.eclipse.justj.openjdk.hotspot.jre.full.win32.x86_64_17.0.6.v20230204-1729/jre/bin;C:\Program Files\Common Files\Oracle\Java\javapath;C:\WINDOWS\system32;C:\WINDOWS;C:\WINDOWS\System32\Wbem;C:\WINDOWS\System32\WindowsPowerShell\v1.0\;C:\WINDOWS\System32\OpenSSH\;C:\MinGW\bin;C:\Program Files\Java\jdk-17.0.6\bin;C:\ProgramData\chocolatey\bin;C:\ProgramData\Microsoft\Windows\Start Menu\Programs\Node.js;;C:\Program Files\nodejs;C:\Program Files\Docker\Docker\resources\bin;C:\Program Files\Git\cmd;C:\Users\Sangita\OneDrive\Documents\maven\apache-maven-3.9.9-bin\apache-maven-3.9.9\bin;%JAVA_HOME%\bin;C:\Program Files\MySQL\MySQL Server 8.1\bin;C:\Users\Sangita\AppData\Local\Programs\Microsoft VS Code\bin;C:\MinGW\mingw32\bin;C:\mysql-connector-java-8.0.27\mysql-connector-java-8.0.27;C:\Users\Sangita\AppData\Local\GitHubDesktop\bin;C:\Program Files\Java\jdk-17.0.6\bin;C:\Users\Sangita\AppData\Roaming\npm;C:\Users\Sangita\AppData\Local\gitkraken\bin;C:\ProgramData\Microsoft\Windows\Start Menu\Programs\Node.js;C:\Users\Sangita\AppData\Roaming\nvm;C:\Program Files\nodejs;C:\Users\Sangita\AppData\Local\Microsoft\WindowsApps;C:\Users\Sangita\OneDrive\Documents\maven\apache-maven-3.9.9-bin\apache-maven-3.9.9\bin;C:\Program Files\Java\jdk-17.0.1\bin;C:\Program Files\MySQL\MySQL Server 8.1\bin;;C:\Users\Sangita\Downloads\spring-tool-suite-4-4.18.0.RELEASE-e4.27.0-win32.win32.x86_64.self-extracting\sts-4.18.0.RELEASE;
USERNAME=Sangita
OS=Windows_NT
PROCESSOR_IDENTIFIER=Intel64 Family 6 Model 126 Stepping 5, GenuineIntel
TMP=C:\Users\Sangita\AppData\Local\Temp
TEMP=C:\Users\Sangita\AppData\Local\Temp



---------------  S Y S T E M  ---------------

OS:
 Windows 11 , 64 bit Build 22621 (10.0.22621.3958)
OS uptime: 0 days 1:18 hours
Hyper-V role detected

CPU: total 4 (initial active 4) (2 cores per cpu, 2 threads per core) family 6 model 126 stepping 5 microcode 0xa0, cx8, cmov, fxsr, ht, mmx, 3dnowpref, sse, sse2, sse3, ssse3, sse4.1, sse4.2, popcnt, lzcnt, tsc, tscinvbit, avx, avx2, aes, erms, clmul, bmi1, bmi2, adx, avx512f, avx512dq, avx512cd, avx512bw, avx512vl, sha, fma, vzeroupper, avx512_vpopcntdq, avx512_vpclmulqdq, avx512_vaes, avx512_vnni, clflush, clflushopt, avx512_vbmi2, avx512_vbmi, hv

Memory: 4k page, system-wide physical 7880M (267M free)
TotalPageFile size 15380M (AvailPageFile size 41M)
current process WorkingSet (physical memory assigned to process): 284M, peak: 284M
current process commit charge ("private bytes"): 328M, peak: 411M

vm_info: OpenJDK 64-Bit Server VM (17.0.6+10) for windows-amd64 JRE (17.0.6+10), built on Jan 18 2023 10:08:59 by "temurin" with MS VC++ 16.7 (VS2019)

END.
