#
# There is insufficient memory for the Java Runtime Environment to continue.
# Native memory allocation (mmap) failed to map 65536 bytes for Failed to commit metaspace.
# Possible reasons:
#   The system is out of physical RAM or swap space
#   The process is running with CompressedOops enabled, and the Java Heap may be blocking the growth of the native heap
# Possible solutions:
#   Reduce memory load on the system
#   Increase physical memory or swap space
#   Check if swap backing store is full
#   Decrease Java heap size (-Xmx/-Xms)
#   Decrease number of Java threads
#   Decrease Java thread stack sizes (-Xss)
#   Set larger code cache with -XX:ReservedCodeCacheSize=
#   JVM is running with Unscaled Compressed Oops mode in which the Java heap is
#     placed in the first 4GB address space. The Java Heap base address is the
#     maximum limit for the native heap growth. Please use -XX:HeapBaseMinAddress
#     to set the Java Heap base and to place the Java Heap above 4GB virtual address.
# This output file may be truncated or incomplete.
#
#  Out of Memory Error (virtualSpaceNode.cpp:110), pid=1048, tid=20860
#
# JRE version: OpenJDK Runtime Environment Temurin-17.0.6+10 (17.0.6+10) (build 17.0.6+10)
# Java VM: OpenJDK 64-Bit Server VM Temurin-17.0.6+10 (17.0.6+10, mixed mode, emulated-client, tiered, compressed oops, compressed class ptrs, g1 gc, windows-amd64)
# No core dump will be written. Minidumps are not enabled by default on client versions of Windows
#

---------------  S U M M A R Y ------------

Command Line: -Dcom.sun.management.jmxremote -Dcom.sun.management.jmxremote.port=52882 -Dcom.sun.management.jmxremote.authenticate=false -Dcom.sun.management.jmxremote.ssl=false -Djava.rmi.server.hostname=localhost -Dspring.jmx.enabled=true -Dmanagement.endpoints.jmx.exposure.include=* -Dspring.application.admin.enabled=true -XX:TieredStopAtLevel=1 -Dspring.boot.project.name=batchService -Dfile.encoding=UTF-8 -XX:+ShowCodeDetailsInExceptionMessages com.batch.BatchServiceApplication --spring.output.ansi.enabled=always

Host: Intel(R) Core(TM) i3-1005G1 CPU @ 1.20GHz, 4 cores, 7G,  Windows 11 , 64 bit Build 22621 (10.0.22621.3958)
Time: Tue Aug 27 20:20:56 2024 India Standard Time elapsed time: 7.072142 seconds (0d 0h 0m 7s)

---------------  T H R E A D  ---------------

Current thread (0x0000015a4ad6f890):  JavaThread "restartedMain" [_thread_in_vm, id=20860, stack(0x0000002c87b00000,0x0000002c87c00000)]

Stack: [0x0000002c87b00000,0x0000002c87c00000]
Native frames: (J=compiled Java code, j=interpreted, Vv=VM code, C=native code)
V  [jvm.dll+0x67741a]
V  [jvm.dll+0x834434]
V  [jvm.dll+0x835bde]
V  [jvm.dll+0x836243]
V  [jvm.dll+0x2457b5]
V  [jvm.dll+0x8304cb]
V  [jvm.dll+0x61bca6]
V  [jvm.dll+0x1c05fe]
V  [jvm.dll+0x61e5f1]
V  [jvm.dll+0x61c646]
V  [jvm.dll+0x36b462]
V  [jvm.dll+0x1e20cb]
V  [jvm.dll+0x53c6f9]
V  [jvm.dll+0x7af5e8]
V  [jvm.dll+0x7af6d4]
V  [jvm.dll+0x40bc05]
V  [jvm.dll+0x411d58]
C  [java.dll+0x17ec]

Java frames: (J=compiled Java code, j=interpreted, Vv=VM code)
J 1218  java.lang.ClassLoader.defineClass1(Ljava/lang/ClassLoader;Ljava/lang/String;[BIILjava/security/ProtectionDomain;Ljava/lang/String;)Ljava/lang/Class; java.base@17.0.6 (0 bytes) @ 0x0000015a3ef0f45b [0x0000015a3ef0f3a0+0x00000000000000bb]
j  java.lang.System$2.defineClass(Ljava/lang/ClassLoader;Ljava/lang/String;[BLjava/security/ProtectionDomain;Ljava/lang/String;)Ljava/lang/Class;+10 java.base@17.0.6
j  java.lang.reflect.Proxy$ProxyBuilder.defineProxyClass(Ljava/lang/Module;Ljava/util/List;)Ljava/lang/Class;+398 java.base@17.0.6
j  java.lang.reflect.Proxy$ProxyBuilder.build()Ljava/lang/reflect/Constructor;+8 java.base@17.0.6
j  java.lang.reflect.Proxy.lambda$getProxyConstructor$0(Ljava/lang/ClassLoader;Ljdk/internal/loader/AbstractClassLoaderValue$Sub;)Ljava/lang/reflect/Constructor;+15 java.base@17.0.6
j  java.lang.reflect.Proxy$$Lambda$20+0x00000001000b9c00.apply(Ljava/lang/Object;Ljava/lang/Object;)Ljava/lang/Object;+8 java.base@17.0.6
j  jdk.internal.loader.AbstractClassLoaderValue$Memoizer.get()Ljava/lang/Object;+75 java.base@17.0.6
J 2461 c1 jdk.internal.loader.AbstractClassLoaderValue.computeIfAbsent(Ljava/lang/ClassLoader;Ljava/util/function/BiFunction;)Ljava/lang/Object; java.base@17.0.6 (113 bytes) @ 0x0000015a3f0f7474 [0x0000015a3f0f71a0+0x00000000000002d4]
J 2467 c1 java.lang.reflect.Proxy.getProxyConstructor(Ljava/lang/Class;Ljava/lang/ClassLoader;[Ljava/lang/Class;)Ljava/lang/reflect/Constructor; java.base@17.0.6 (92 bytes) @ 0x0000015a3f0fae1c [0x0000015a3f0fa9c0+0x000000000000045c]
J 2470 c1 sun.reflect.annotation.AnnotationParser$1.run()Ljava/lang/annotation/Annotation; java.base@17.0.6 (40 bytes) @ 0x0000015a3f0fc3fc [0x0000015a3f0fc0a0+0x000000000000035c]
J 2450 c1 sun.reflect.annotation.AnnotationParser.parseAnnotation2(Ljava/nio/ByteBuffer;Ljdk/internal/reflect/ConstantPool;Ljava/lang/Class;Z[Ljava/lang/Class;)Ljava/lang/annotation/Annotation; java.base@17.0.6 (271 bytes) @ 0x0000015a3f0f3e54 [0x0000015a3f0f38a0+0x00000000000005b4]
J 3268 c1 sun.reflect.annotation.AnnotationParser.parseAnnotations2([BLjdk/internal/reflect/ConstantPool;Ljava/lang/Class;[Ljava/lang/Class;)Ljava/util/Map; java.base@17.0.6 (135 bytes) @ 0x0000015a3f256d1c [0x0000015a3f256a60+0x00000000000002bc]
J 2267 c1 sun.reflect.annotation.AnnotationParser.parseAnnotations([BLjdk/internal/reflect/ConstantPool;Ljava/lang/Class;)Ljava/util/Map; java.base@17.0.6 (37 bytes) @ 0x0000015a3f0b19a4 [0x0000015a3f0b1960+0x0000000000000044]
J 3769 c1 java.lang.Class.createAnnotationData(I)Ljava/lang/Class$AnnotationData; java.base@17.0.6 (195 bytes) @ 0x0000015a3f3213d4 [0x0000015a3f321360+0x0000000000000074]
J 2664 c1 java.lang.Class.annotationData()Ljava/lang/Class$AnnotationData; java.base@17.0.6 (44 bytes) @ 0x0000015a3f1530ac [0x0000015a3f153040+0x000000000000006c]
J 2963 c1 java.lang.Class.getDeclaredAnnotations()[Ljava/lang/annotation/Annotation; java.base@17.0.6 (11 bytes) @ 0x0000015a3f1d90f4 [0x0000015a3f1d90c0+0x0000000000000034]
J 2311 c1 org.springframework.core.annotation.AnnotationsScanner.getDeclaredAnnotations(Ljava/lang/reflect/AnnotatedElement;Z)[Ljava/lang/annotation/Annotation; (166 bytes) @ 0x0000015a3f0c0384 [0x0000015a3f0c02e0+0x00000000000000a4]
J 3284 c1 org.springframework.core.annotation.AnnotationsScanner.processClassHierarchy(Ljava/lang/Object;[ILjava/lang/Class;Lorg/springframework/core/annotation/AnnotationsProcessor;ZLjava/util/function/Predicate;)Ljava/lang/Object; (234 bytes) @ 0x0000015a3f25d2a4 [0x0000015a3f25d1a0+0x0000000000000104]
J 3652 c1 org.springframework.core.annotation.AnnotationsScanner.processClass(Ljava/lang/Object;Ljava/lang/Class;Lorg/springframework/core/annotation/MergedAnnotations$SearchStrategy;Ljava/util/function/Predicate;Lorg/springframework/core/annotation/AnnotationsProcessor;)Ljava/lang/Object; (93 bytes) @ 0x0000015a3f2edf94 [0x0000015a3f2ede80+0x0000000000000114]
J 3322 c1 org.springframework.core.annotation.AnnotationsScanner.process(Ljava/lang/Object;Ljava/lang/reflect/AnnotatedElement;Lorg/springframework/core/annotation/MergedAnnotations$SearchStrategy;Ljava/util/function/Predicate;Lorg/springframework/core/annotation/AnnotationsProcessor;)Ljava/lang/Object; (55 bytes) @ 0x0000015a3f26878c [0x0000015a3f268660+0x000000000000012c]
J 3320 c1 org.springframework.core.annotation.TypeMappedAnnotations.scan(Ljava/lang/Object;Lorg/springframework/core/annotation/AnnotationsProcessor;)Ljava/lang/Object; (66 bytes) @ 0x0000015a3f268bf4 [0x0000015a3f268b60+0x0000000000000094]
J 3623 c1 org.springframework.core.annotation.TypeMappedAnnotations.isPresent(Ljava/lang/Class;)Z (39 bytes) @ 0x0000015a3f2e45f4 [0x0000015a3f2e4560+0x0000000000000094]
J 3640 c1 org.springframework.core.annotation.AnnotatedElementUtils.hasAnnotation(Ljava/lang/reflect/AnnotatedElement;Ljava/lang/Class;)Z (38 bytes) @ 0x0000015a3f2e9b0c [0x0000015a3f2e9a00+0x000000000000010c]
j  org.springframework.aop.support.annotation.AnnotationClassFilter.matches(Ljava/lang/Class;)Z+12
J 4251 c1 org.springframework.aop.support.AopUtils.canApply(Lorg/springframework/aop/Pointcut;Ljava/lang/Class;Z)Z (210 bytes) @ 0x0000015a3f3e1e6c [0x0000015a3f3e1e00+0x000000000000006c]
j  org.springframework.aop.support.AopUtils.canApply(Lorg/springframework/aop/Advisor;Ljava/lang/Class;Z)Z+47
j  org.springframework.aop.support.AopUtils.canApply(Lorg/springframework/aop/Advisor;Ljava/lang/Class;)Z+3
j  org.springframework.aop.framework.AbstractAdvisingBeanPostProcessor.isEligible(Ljava/lang/Class;)Z+37
j  org.springframework.aop.framework.AbstractAdvisingBeanPostProcessor.postProcessAfterInitialization(Ljava/lang/Object;Ljava/lang/String;)Ljava/lang/Object;+42
j  org.springframework.beans.factory.support.AbstractAutowireCapableBeanFactory.applyBeanPostProcessorsAfterInitialization(Ljava/lang/Object;Ljava/lang/String;)Ljava/lang/Object;+39
j  org.springframework.beans.factory.support.AbstractAutowireCapableBeanFactory.postProcessObjectFromFactoryBean(Ljava/lang/Object;Ljava/lang/String;)Ljava/lang/Object;+3
j  org.springframework.beans.factory.support.FactoryBeanRegistrySupport.getObjectFromFactoryBean(Lorg/springframework/beans/factory/FactoryBean;Ljava/lang/String;Z)Ljava/lang/Object;+101
J 2924 c1 org.springframework.beans.factory.support.AbstractBeanFactory.getObjectForBeanInstance(Ljava/lang/Object;Ljava/lang/String;Ljava/lang/String;Lorg/springframework/beans/factory/support/RootBeanDefinition;)Ljava/lang/Object; (164 bytes) @ 0x0000015a3f1c3ca4 [0x0000015a3f1c3940+0x0000000000000364]
J 2922 c1 org.springframework.beans.factory.support.AbstractBeanFactory.doGetBean(Ljava/lang/String;Ljava/lang/Class;[Ljava/lang/Object;Z)Ljava/lang/Object; (740 bytes) @ 0x0000015a3f1c7bd4 [0x0000015a3f1c7580+0x0000000000000654]
j  org.springframework.beans.factory.support.AbstractBeanFactory.getBean(Ljava/lang/String;)Ljava/lang/Object;+5
j  org.springframework.beans.factory.config.DependencyDescriptor.resolveCandidate(Ljava/lang/String;Ljava/lang/Class;Lorg/springframework/beans/factory/BeanFactory;)Ljava/lang/Object;+2
j  org.springframework.beans.factory.support.DefaultListableBeanFactory.doResolveDependency(Lorg/springframework/beans/factory/config/DependencyDescriptor;Ljava/lang/String;Ljava/util/Set;Lorg/springframework/beans/TypeConverter;)Ljava/lang/Object;+473
j  org.springframework.beans.factory.support.DefaultListableBeanFactory.resolveDependency(Lorg/springframework/beans/factory/config/DependencyDescriptor;Ljava/lang/String;Ljava/util/Set;Lorg/springframework/beans/TypeConverter;)Ljava/lang/Object;+117
j  org.springframework.beans.factory.annotation.AutowiredAnnotationBeanPostProcessor$AutowiredFieldElement.resolveFieldValue(Ljava/lang/reflect/Field;Ljava/lang/Object;Ljava/lang/String;)Ljava/lang/Object;+81
j  org.springframework.beans.factory.annotation.AutowiredAnnotationBeanPostProcessor$AutowiredFieldElement.inject(Ljava/lang/Object;Ljava/lang/String;Lorg/springframework/beans/PropertyValues;)V+74
j  org.springframework.beans.factory.annotation.InjectionMetadata.inject(Ljava/lang/Object;Ljava/lang/String;Lorg/springframework/beans/PropertyValues;)V+68
j  org.springframework.beans.factory.annotation.AutowiredAnnotationBeanPostProcessor.postProcessProperties(Lorg/springframework/beans/PropertyValues;Ljava/lang/Object;Ljava/lang/String;)Lorg/springframework/beans/PropertyValues;+17
j  org.springframework.beans.factory.support.AbstractAutowireCapableBeanFactory.populateBean(Ljava/lang/String;Lorg/springframework/beans/factory/support/RootBeanDefinition;Lorg/springframework/beans/BeanWrapper;)V+280
j  org.springframework.beans.factory.support.AbstractAutowireCapableBeanFactory.doCreateBean(Ljava/lang/String;Lorg/springframework/beans/factory/support/RootBeanDefinition;[Ljava/lang/Object;)Ljava/lang/Object;+220
j  org.springframework.beans.factory.support.AbstractAutowireCapableBeanFactory.createBean(Ljava/lang/String;Lorg/springframework/beans/factory/support/RootBeanDefinition;[Ljava/lang/Object;)Ljava/lang/Object;+153
j  org.springframework.beans.factory.support.AbstractBeanFactory.lambda$doGetBean$0(Ljava/lang/String;Lorg/springframework/beans/factory/support/RootBeanDefinition;[Ljava/lang/Object;)Ljava/lang/Object;+4
j  org.springframework.beans.factory.support.AbstractBeanFactory$$Lambda$402+0x0000000100307030.getObject()Ljava/lang/Object;+16
j  org.springframework.beans.factory.support.DefaultSingletonBeanRegistry.getSingleton(Ljava/lang/String;Lorg/springframework/beans/factory/ObjectFactory;)Ljava/lang/Object;+114
J 2922 c1 org.springframework.beans.factory.support.AbstractBeanFactory.doGetBean(Ljava/lang/String;Ljava/lang/Class;[Ljava/lang/Object;Z)Ljava/lang/Object; (740 bytes) @ 0x0000015a3f1c7b2c [0x0000015a3f1c7580+0x00000000000005ac]
j  org.springframework.beans.factory.support.AbstractBeanFactory.getBean(Ljava/lang/String;)Ljava/lang/Object;+5
j  org.springframework.beans.factory.support.DefaultListableBeanFactory.preInstantiateSingletons()V+152
j  org.springframework.context.support.AbstractApplicationContext.finishBeanFactoryInitialization(Lorg/springframework/beans/factory/config/ConfigurableListableBeanFactory;)V+130
j  org.springframework.context.support.AbstractApplicationContext.refresh()V+94
j  org.springframework.boot.web.servlet.context.ServletWebServerApplicationContext.refresh()V+1
j  org.springframework.boot.SpringApplication.refresh(Lorg/springframework/context/ConfigurableApplicationContext;)V+1
j  org.springframework.boot.SpringApplication.refreshContext(Lorg/springframework/context/ConfigurableApplicationContext;)V+16
j  org.springframework.boot.SpringApplication.run([Ljava/lang/String;)Lorg/springframework/context/ConfigurableApplicationContext;+110
j  org.springframework.boot.SpringApplication.run([Ljava/lang/Class;[Ljava/lang/String;)Lorg/springframework/context/ConfigurableApplicationContext;+9
j  org.springframework.boot.SpringApplication.run(Ljava/lang/Class;[Ljava/lang/String;)Lorg/springframework/context/ConfigurableApplicationContext;+9
j  com.batch.BatchServiceApplication.main([Ljava/lang/String;)V+3
v  ~StubRoutines::call_stub
j  jdk.internal.reflect.NativeMethodAccessorImpl.invoke0(Ljava/lang/reflect/Method;Ljava/lang/Object;[Ljava/lang/Object;)Ljava/lang/Object;+0 java.base@17.0.6
j  jdk.internal.reflect.NativeMethodAccessorImpl.invoke(Ljava/lang/Object;[Ljava/lang/Object;)Ljava/lang/Object;+133 java.base@17.0.6
j  jdk.internal.reflect.DelegatingMethodAccessorImpl.invoke(Ljava/lang/Object;[Ljava/lang/Object;)Ljava/lang/Object;+6 java.base@17.0.6
j  java.lang.reflect.Method.invoke(Ljava/lang/Object;[Ljava/lang/Object;)Ljava/lang/Object;+59 java.base@17.0.6
j  org.springframework.boot.devtools.restart.RestartLauncher.run()V+47
v  ~StubRoutines::call_stub

---------------  P R O C E S S  ---------------

Threads class SMR info:
_java_thread_list=0x0000015a4b94b760, length=28, elements={
0x0000015a3942e710, 0x0000015a4884e5b0, 0x0000015a48853990, 0x0000015a494427b0,
0x0000015a49443160, 0x0000015a49444a50, 0x0000015a49449910, 0x0000015a4944b2b0,
0x0000015a4944d360, 0x0000015a494b7c40, 0x0000015a487f53f0, 0x0000015a494d2790,
0x0000015a49620bb0, 0x0000015a49a7ed50, 0x0000015a49dff940, 0x0000015a49df86f0,
0x0000015a49ffc870, 0x0000015a4ad6e450, 0x0000015a4ad6e920, 0x0000015a4ad84f00,
0x0000015a4ad6eef0, 0x0000015a4ad6f890, 0x0000015a4ad6fd60, 0x0000015a4ad70230,
0x0000015a4ad70700, 0x0000015a4ad6f3c0, 0x0000015a4db98d50, 0x0000015a4db9b3d0
}

Java Threads: ( => current thread )
  0x0000015a3942e710 JavaThread "main" [_thread_blocked, id=17884, stack(0x0000002c85900000,0x0000002c85a00000)]
  0x0000015a4884e5b0 JavaThread "Reference Handler" daemon [_thread_blocked, id=17304, stack(0x0000002c86000000,0x0000002c86100000)]
  0x0000015a48853990 JavaThread "Finalizer" daemon [_thread_blocked, id=10024, stack(0x0000002c86100000,0x0000002c86200000)]
  0x0000015a494427b0 JavaThread "Signal Dispatcher" daemon [_thread_blocked, id=14588, stack(0x0000002c86200000,0x0000002c86300000)]
  0x0000015a49443160 JavaThread "Attach Listener" daemon [_thread_blocked, id=6340, stack(0x0000002c86300000,0x0000002c86400000)]
  0x0000015a49444a50 JavaThread "Service Thread" daemon [_thread_blocked, id=23440, stack(0x0000002c86400000,0x0000002c86500000)]
  0x0000015a49449910 JavaThread "Monitor Deflation Thread" daemon [_thread_blocked, id=14928, stack(0x0000002c86500000,0x0000002c86600000)]
  0x0000015a4944b2b0 JavaThread "C1 CompilerThread0" daemon [_thread_blocked, id=21572, stack(0x0000002c86600000,0x0000002c86700000)]
  0x0000015a4944d360 JavaThread "Sweeper thread" daemon [_thread_blocked, id=21380, stack(0x0000002c86700000,0x0000002c86800000)]
  0x0000015a494b7c40 JavaThread "Common-Cleaner" daemon [_thread_blocked, id=20312, stack(0x0000002c86800000,0x0000002c86900000)]
  0x0000015a487f53f0 JavaThread "C1 CompilerThread1" daemon [_thread_blocked, id=10612, stack(0x0000002c86900000,0x0000002c86a00000)]
  0x0000015a494d2790 JavaThread "C1 CompilerThread2" daemon [_thread_blocked, id=21252, stack(0x0000002c86a00000,0x0000002c86b00000)]
  0x0000015a49620bb0 JavaThread "Notification Thread" daemon [_thread_blocked, id=2076, stack(0x0000002c86b00000,0x0000002c86c00000)]
  0x0000015a49a7ed50 JavaThread "RMI TCP Accept-0" daemon [_thread_in_native, id=15520, stack(0x0000002c87200000,0x0000002c87300000)]
  0x0000015a49dff940 JavaThread "RMI TCP Accept-52882" daemon [_thread_in_native, id=11916, stack(0x0000002c87300000,0x0000002c87400000)]
  0x0000015a49df86f0 JavaThread "RMI TCP Accept-0" daemon [_thread_in_native, id=14424, stack(0x0000002c87400000,0x0000002c87500000)]
  0x0000015a49ffc870 JavaThread "RMI TCP Connection(1)-127.0.0.1" daemon [_thread_in_native, id=18868, stack(0x0000002c87600000,0x0000002c87700000)]
  0x0000015a4ad6e450 JavaThread "RMI Scheduler(0)" daemon [_thread_blocked, id=9740, stack(0x0000002c87700000,0x0000002c87800000)]
  0x0000015a4ad6e920 JavaThread "RMI TCP Connection(2)-127.0.0.1" daemon [_thread_in_native, id=4900, stack(0x0000002c87800000,0x0000002c87900000)]
  0x0000015a4ad84f00 JavaThread "JMX server connection timeout 21" daemon [_thread_blocked, id=19400, stack(0x0000002c87900000,0x0000002c87a00000)]
  0x0000015a4ad6eef0 JavaThread "Thread-0" [_thread_blocked, id=23248, stack(0x0000002c87a00000,0x0000002c87b00000)]
=>0x0000015a4ad6f890 JavaThread "restartedMain" [_thread_in_vm, id=20860, stack(0x0000002c87b00000,0x0000002c87c00000)]
  0x0000015a4ad6fd60 JavaThread "Catalina-utility-1" [_thread_blocked, id=19452, stack(0x0000002c87c00000,0x0000002c87d00000)]
  0x0000015a4ad70230 JavaThread "Catalina-utility-2" [_thread_blocked, id=20144, stack(0x0000002c87d00000,0x0000002c87e00000)]
  0x0000015a4ad70700 JavaThread "container-0" [_thread_blocked, id=22760, stack(0x0000002c87e00000,0x0000002c87f00000)]
  0x0000015a4ad6f3c0 JavaThread "mysql-cj-abandoned-connection-cleanup" daemon [_thread_blocked, id=3404, stack(0x0000002c87f00000,0x0000002c88000000)]
  0x0000015a4db98d50 JavaThread "HikariPool-1 housekeeper" daemon [_thread_blocked, id=15736, stack(0x0000002c88100000,0x0000002c88200000)]
  0x0000015a4db9b3d0 JavaThread "HikariPool-1 connection adder" daemon [_thread_blocked, id=15468, stack(0x0000002c88200000,0x0000002c88300000)]

Other Threads:
  0x0000015a48870030 VMThread "VM Thread" [stack: 0x0000002c85f00000,0x0000002c86000000] [id=12532]
  0x0000015a49dffe10 WatcherThread [stack: 0x0000002c87500000,0x0000002c87600000] [id=18680]
  0x0000015a3b4e4c00 GCTaskThread "GC Thread#0" [stack: 0x0000002c85a00000,0x0000002c85b00000] [id=19468]
  0x0000015a49de6640 GCTaskThread "GC Thread#1" [stack: 0x0000002c86d00000,0x0000002c86e00000] [id=18572]
  0x0000015a49dd8700 GCTaskThread "GC Thread#2" [stack: 0x0000002c86e00000,0x0000002c86f00000] [id=13764]
  0x0000015a49e01be0 GCTaskThread "GC Thread#3" [stack: 0x0000002c86f00000,0x0000002c87000000] [id=12548]
  0x0000015a3b4f5060 ConcurrentGCThread "G1 Main Marker" [stack: 0x0000002c85b00000,0x0000002c85c00000] [id=22504]
  0x0000015a3b4f60b0 ConcurrentGCThread "G1 Conc#0" [stack: 0x0000002c85c00000,0x0000002c85d00000] [id=17996]
  0x0000015a486b20c0 ConcurrentGCThread "G1 Refine#0" [stack: 0x0000002c85d00000,0x0000002c85e00000] [id=14932]
  0x0000015a49de6040 ConcurrentGCThread "G1 Refine#1" [stack: 0x0000002c87000000,0x0000002c87100000] [id=4880]
  0x0000015a49d4aa70 ConcurrentGCThread "G1 Refine#2" [stack: 0x0000002c87100000,0x0000002c87200000] [id=8112]
  0x0000015a486b2880 ConcurrentGCThread "G1 Service" [stack: 0x0000002c85e00000,0x0000002c85f00000] [id=18636]

Threads with active compile tasks:

VM state: not at safepoint (normal execution)

VM Mutex/Monitor currently owned by a thread:  ([mutex/lock_event])
[0x0000015a3942a820] Metaspace_lock - owner thread: 0x0000015a4ad6f890

Heap address: 0x0000000084c00000, size: 1972 MB, Compressed Oops mode: 32-bit

CDS archive(s) not mapped
Compressed class space mapped at: 0x0000000100000000-0x0000000140000000, reserved size: 1073741824
Narrow klass base: 0x0000000000000000, Narrow klass shift: 3, Narrow klass range: 0x140000000

GC Precious Log:
 CPUs: 4 total, 4 available
 Memory: 7880M
 Large Page Support: Disabled
 NUMA Support: Disabled
 Compressed Oops: Enabled (32-bit)
 Heap Region Size: 1M
 Heap Min Capacity: 8M
 Heap Initial Capacity: 124M
 Heap Max Capacity: 1972M
 Pre-touch: Disabled
 Parallel Workers: 4
 Concurrent Workers: 1
 Concurrent Refinement Workers: 4
 Periodic GC: Disabled

Heap:
 garbage-first heap   total 75776K, used 38759K [0x0000000084c00000, 0x0000000100000000)
  region size 1024K, 8 young (8192K), 4 survivors (4096K)
 Metaspace       used 72055K, committed 72512K, reserved 1114112K
  class space    used 9847K, committed 10048K, reserved 1048576K

Heap Regions: E=young(eden), S=young(survivor), O=old, HS=humongous(starts), HC=humongous(continues), CS=collection set, F=free, OA=open archive, CA=closed archive, TAMS=top-at-mark-start (previous, next)
|   0|0x0000000084c00000, 0x0000000084d00000, 0x0000000084d00000|100%|HS|  |TAMS 0x0000000084d00000, 0x0000000084c00000| Complete 
|   1|0x0000000084d00000, 0x0000000084e00000, 0x0000000084e00000|100%|HS|  |TAMS 0x0000000084e00000, 0x0000000084d00000| Complete 
|   2|0x0000000084e00000, 0x0000000084f00000, 0x0000000084f00000|100%| O|  |TAMS 0x0000000084f00000, 0x0000000084e00000| Untracked 
|   3|0x0000000084f00000, 0x0000000085000000, 0x0000000085000000|100%| O|  |TAMS 0x0000000085000000, 0x0000000084f00000| Untracked 
|   4|0x0000000085000000, 0x0000000085100000, 0x0000000085100000|100%| O|  |TAMS 0x0000000085100000, 0x0000000085000000| Untracked 
|   5|0x0000000085100000, 0x0000000085200000, 0x0000000085200000|100%| O|  |TAMS 0x0000000085200000, 0x0000000085100000| Untracked 
|   6|0x0000000085200000, 0x0000000085300000, 0x0000000085300000|100%| O|  |TAMS 0x0000000085300000, 0x0000000085200000| Untracked 
|   7|0x0000000085300000, 0x0000000085400000, 0x0000000085400000|100%| O|  |TAMS 0x0000000085400000, 0x0000000085300000| Untracked 
|   8|0x0000000085400000, 0x00000000854ff800, 0x0000000085500000| 99%| O|  |TAMS 0x00000000854ff800, 0x0000000085400000| Untracked 
|   9|0x0000000085500000, 0x0000000085600000, 0x0000000085600000|100%| O|  |TAMS 0x0000000085600000, 0x0000000085500000| Untracked 
|  10|0x0000000085600000, 0x0000000085700000, 0x0000000085700000|100%| O|  |TAMS 0x0000000085700000, 0x0000000085600000| Untracked 
|  11|0x0000000085700000, 0x0000000085800000, 0x0000000085800000|100%| O|  |TAMS 0x0000000085800000, 0x0000000085700000| Untracked 
|  12|0x0000000085800000, 0x0000000085900000, 0x0000000085900000|100%| O|  |TAMS 0x0000000085900000, 0x0000000085800000| Untracked 
|  13|0x0000000085900000, 0x0000000085a00000, 0x0000000085a00000|100%| O|  |TAMS 0x0000000085a00000, 0x0000000085900000| Untracked 
|  14|0x0000000085a00000, 0x0000000085b00000, 0x0000000085b00000|100%| O|  |TAMS 0x0000000085b00000, 0x0000000085a00000| Untracked 
|  15|0x0000000085b00000, 0x0000000085c00000, 0x0000000085c00000|100%| O|  |TAMS 0x0000000085c00000, 0x0000000085b00000| Untracked 
|  16|0x0000000085c00000, 0x0000000085d00000, 0x0000000085d00000|100%| O|  |TAMS 0x0000000085d00000, 0x0000000085c00000| Untracked 
|  17|0x0000000085d00000, 0x0000000085e00000, 0x0000000085e00000|100%| O|  |TAMS 0x0000000085e00000, 0x0000000085d00000| Untracked 
|  18|0x0000000085e00000, 0x0000000085f00000, 0x0000000085f00000|100%| O|  |TAMS 0x0000000085f00000, 0x0000000085e00000| Untracked 
|  19|0x0000000085f00000, 0x0000000086000000, 0x0000000086000000|100%| O|  |TAMS 0x0000000086000000, 0x0000000085f00000| Untracked 
|  20|0x0000000086000000, 0x0000000086100000, 0x0000000086100000|100%| O|  |TAMS 0x0000000086100000, 0x0000000086000000| Untracked 
|  21|0x0000000086100000, 0x0000000086200000, 0x0000000086200000|100%| O|  |TAMS 0x0000000086200000, 0x0000000086100000| Untracked 
|  22|0x0000000086200000, 0x0000000086300000, 0x0000000086300000|100%| O|  |TAMS 0x0000000086300000, 0x0000000086200000| Untracked 
|  23|0x0000000086300000, 0x0000000086400000, 0x0000000086400000|100%| O|  |TAMS 0x0000000086400000, 0x0000000086300000| Untracked 
|  24|0x0000000086400000, 0x0000000086500000, 0x0000000086500000|100%| O|  |TAMS 0x0000000086500000, 0x0000000086400000| Untracked 
|  25|0x0000000086500000, 0x0000000086600000, 0x0000000086600000|100%| O|  |TAMS 0x0000000086600000, 0x0000000086500000| Untracked 
|  26|0x0000000086600000, 0x0000000086700000, 0x0000000086700000|100%| O|  |TAMS 0x0000000086700000, 0x0000000086600000| Untracked 
|  27|0x0000000086700000, 0x0000000086800000, 0x0000000086800000|100%| O|  |TAMS 0x0000000086800000, 0x0000000086700000| Untracked 
|  28|0x0000000086800000, 0x0000000086900000, 0x0000000086900000|100%| O|  |TAMS 0x0000000086900000, 0x0000000086800000| Untracked 
|  29|0x0000000086900000, 0x0000000086946e00, 0x0000000086a00000| 27%| O|  |TAMS 0x0000000086946e00, 0x0000000086900000| Untracked 
|  30|0x0000000086a00000, 0x0000000086a00000, 0x0000000086b00000|  0%| F|  |TAMS 0x0000000086a00000, 0x0000000086a00000| Untracked 
|  31|0x0000000086b00000, 0x0000000086c00000, 0x0000000086c00000|100%| O|  |TAMS 0x0000000086c00000, 0x0000000086b00000| Untracked 
|  32|0x0000000086c00000, 0x0000000086c00000, 0x0000000086d00000|  0%| F|  |TAMS 0x0000000086c00000, 0x0000000086c00000| Untracked 
|  33|0x0000000086d00000, 0x0000000086d00000, 0x0000000086e00000|  0%| F|  |TAMS 0x0000000086d00000, 0x0000000086d00000| Untracked 
|  34|0x0000000086e00000, 0x0000000086e00000, 0x0000000086f00000|  0%| F|  |TAMS 0x0000000086e00000, 0x0000000086e00000| Untracked 
|  35|0x0000000086f00000, 0x0000000086f00000, 0x0000000087000000|  0%| F|  |TAMS 0x0000000086f00000, 0x0000000086f00000| Untracked 
|  36|0x0000000087000000, 0x0000000087000000, 0x0000000087100000|  0%| F|  |TAMS 0x0000000087000000, 0x0000000087000000| Untracked 
|  37|0x0000000087100000, 0x0000000087100000, 0x0000000087200000|  0%| F|  |TAMS 0x0000000087100000, 0x0000000087100000| Untracked 
|  38|0x0000000087200000, 0x0000000087200000, 0x0000000087300000|  0%| F|  |TAMS 0x0000000087200000, 0x0000000087200000| Untracked 
|  39|0x0000000087300000, 0x0000000087300000, 0x0000000087400000|  0%| F|  |TAMS 0x0000000087300000, 0x0000000087300000| Untracked 
|  40|0x0000000087400000, 0x0000000087400000, 0x0000000087500000|  0%| F|  |TAMS 0x0000000087400000, 0x0000000087400000| Untracked 
|  41|0x0000000087500000, 0x0000000087593840, 0x0000000087600000| 57%| S|CS|TAMS 0x0000000087500000, 0x0000000087500000| Complete 
|  42|0x0000000087600000, 0x0000000087700000, 0x0000000087700000|100%| S|CS|TAMS 0x0000000087600000, 0x0000000087600000| Complete 
|  43|0x0000000087700000, 0x0000000087800000, 0x0000000087800000|100%| S|CS|TAMS 0x0000000087700000, 0x0000000087700000| Complete 
|  44|0x0000000087800000, 0x0000000087800000, 0x0000000087900000|  0%| F|  |TAMS 0x0000000087800000, 0x0000000087800000| Untracked 
|  45|0x0000000087900000, 0x0000000087900000, 0x0000000087a00000|  0%| F|  |TAMS 0x0000000087900000, 0x0000000087900000| Untracked 
|  46|0x0000000087a00000, 0x0000000087b00000, 0x0000000087b00000|100%| S|CS|TAMS 0x0000000087a00000, 0x0000000087a00000| Complete 
|  47|0x0000000087b00000, 0x0000000087b00000, 0x0000000087c00000|  0%| F|  |TAMS 0x0000000087b00000, 0x0000000087b00000| Untracked 
|  48|0x0000000087c00000, 0x0000000087c00000, 0x0000000087d00000|  0%| F|  |TAMS 0x0000000087c00000, 0x0000000087c00000| Untracked 
|  49|0x0000000087d00000, 0x0000000087d00000, 0x0000000087e00000|  0%| F|  |TAMS 0x0000000087d00000, 0x0000000087d00000| Untracked 
|  50|0x0000000087e00000, 0x0000000087e00000, 0x0000000087f00000|  0%| F|  |TAMS 0x0000000087e00000, 0x0000000087e00000| Untracked 
|  51|0x0000000087f00000, 0x0000000087f00000, 0x0000000088000000|  0%| F|  |TAMS 0x0000000087f00000, 0x0000000087f00000| Untracked 
|  52|0x0000000088000000, 0x0000000088000000, 0x0000000088100000|  0%| F|  |TAMS 0x0000000088000000, 0x0000000088000000| Untracked 
|  53|0x0000000088100000, 0x0000000088100000, 0x0000000088200000|  0%| F|  |TAMS 0x0000000088100000, 0x0000000088100000| Untracked 
|  54|0x0000000088200000, 0x0000000088200000, 0x0000000088300000|  0%| F|  |TAMS 0x0000000088200000, 0x0000000088200000| Untracked 
|  55|0x0000000088300000, 0x0000000088300000, 0x0000000088400000|  0%| F|  |TAMS 0x0000000088300000, 0x0000000088300000| Untracked 
|  56|0x0000000088400000, 0x0000000088400000, 0x0000000088500000|  0%| F|  |TAMS 0x0000000088400000, 0x0000000088400000| Untracked 
|  57|0x0000000088500000, 0x0000000088500000, 0x0000000088600000|  0%| F|  |TAMS 0x0000000088500000, 0x0000000088500000| Untracked 
|  58|0x0000000088600000, 0x0000000088600000, 0x0000000088700000|  0%| F|  |TAMS 0x0000000088600000, 0x0000000088600000| Untracked 
|  59|0x0000000088700000, 0x0000000088700000, 0x0000000088800000|  0%| F|  |TAMS 0x0000000088700000, 0x0000000088700000| Untracked 
|  60|0x0000000088800000, 0x0000000088800000, 0x0000000088900000|  0%| F|  |TAMS 0x0000000088800000, 0x0000000088800000| Untracked 
|  61|0x0000000088900000, 0x0000000088900000, 0x0000000088a00000|  0%| F|  |TAMS 0x0000000088900000, 0x0000000088900000| Untracked 
|  62|0x0000000088a00000, 0x0000000088a00000, 0x0000000088b00000|  0%| F|  |TAMS 0x0000000088a00000, 0x0000000088a00000| Untracked 
|  63|0x0000000088b00000, 0x0000000088b00000, 0x0000000088c00000|  0%| F|  |TAMS 0x0000000088b00000, 0x0000000088b00000| Untracked 
|  64|0x0000000088c00000, 0x0000000088c00000, 0x0000000088d00000|  0%| F|  |TAMS 0x0000000088c00000, 0x0000000088c00000| Untracked 
|  65|0x0000000088d00000, 0x0000000088d00000, 0x0000000088e00000|  0%| F|  |TAMS 0x0000000088d00000, 0x0000000088d00000| Untracked 
|  66|0x0000000088e00000, 0x0000000088e00000, 0x0000000088f00000|  0%| F|  |TAMS 0x0000000088e00000, 0x0000000088e00000| Untracked 
|  97|0x000000008ad00000, 0x000000008ad00000, 0x000000008ae00000|  0%| F|  |TAMS 0x000000008ad00000, 0x000000008ad00000| Untracked 
|  98|0x000000008ae00000, 0x000000008ae00000, 0x000000008af00000|  0%| F|  |TAMS 0x000000008ae00000, 0x000000008ae00000| Untracked 
|  99|0x000000008af00000, 0x000000008afeb340, 0x000000008b000000| 91%| E|  |TAMS 0x000000008af00000, 0x000000008af00000| Complete 
| 100|0x000000008b000000, 0x000000008b100000, 0x000000008b100000|100%| E|CS|TAMS 0x000000008b000000, 0x000000008b000000| Complete 
| 122|0x000000008c600000, 0x000000008c700000, 0x000000008c700000|100%| E|CS|TAMS 0x000000008c600000, 0x000000008c600000| Complete 
| 123|0x000000008c700000, 0x000000008c800000, 0x000000008c800000|100%| E|CS|TAMS 0x000000008c700000, 0x000000008c700000| Complete 
|1971|0x00000000fff00000, 0x0000000100000000, 0x0000000100000000|100%| O|  |TAMS 0x0000000100000000, 0x00000000fff00000| Untracked 

Card table byte_map: [0x0000015a41f00000,0x0000015a422e0000] _byte_map_base: 0x0000015a41ada000

Marking Bits (Prev, Next): (CMBitMap*) 0x0000015a3b4e50b0, (CMBitMap*) 0x0000015a3b4e50f0
 Prev Bits: [0x0000015a426c0000, 0x0000015a44590000)
 Next Bits: [0x0000015a44590000, 0x0000015a46460000)

Polling page: 0x0000015a3ac30000

Metaspace:

Usage:
  Non-class:     60.75 MB used.
      Class:      9.62 MB used.
       Both:     70.37 MB used.

Virtual space:
  Non-class space:       64.00 MB reserved,      61.00 MB ( 95%) committed,  8 nodes.
      Class space:        1.00 GB reserved,       9.81 MB ( <1%) committed,  1 nodes.
             Both:        1.06 GB reserved,      70.81 MB (  7%) committed. 

Chunk freelists:
   Non-Class:  2.62 MB
       Class:  2.11 MB
        Both:  4.73 MB

MaxMetaspaceSize: unlimited
CompressedClassSpaceSize: 1.00 GB
Initial GC threshold: 21.00 MB
Current GC threshold: 110.44 MB
CDS: off
MetaspaceReclaimPolicy: balanced
 - commit_granule_bytes: 65536.
 - commit_granule_words: 8192.
 - virtual_space_node_default_size: 1048576.
 - enlarge_chunks_in_place: 1.
 - new_chunks_are_fully_committed: 0.
 - uncommit_free_chunks: 1.
 - use_allocation_guard: 0.
 - handle_deallocations: 1.


Internal statistics:

num_allocs_failed_limit: 14.
num_arena_births: 736.
num_arena_deaths: 0.
num_vsnodes_births: 9.
num_vsnodes_deaths: 0.
num_space_committed: 1133.
num_space_uncommitted: 0.
num_chunks_returned_to_freelist: 14.
num_chunks_taken_from_freelist: 2919.
num_chunk_merges: 14.
num_chunk_splits: 2127.
num_chunks_enlarged: 1646.
num_purges: 0.
num_inconsistent_stats: 0.

CodeCache: size=49152Kb used=11097Kb max_used=11097Kb free=38054Kb
 bounds [0x0000015a3eb20000, 0x0000015a3f600000, 0x0000015a41b20000]
 total_blobs=6241 nmethods=5573 adapters=593
 compilation: enabled
              stopped_count=0, restarted_count=0
 full_count=0

Compilation events (20 events):
Event: 7.023 Thread 0x0000015a494d2790 nmethod 5562 0x0000015a3f5ec890 code [0x0000015a3f5eca40, 0x0000015a3f5ecc08]
Event: 7.023 Thread 0x0000015a4944b2b0 nmethod 5561 0x0000015a3f5ecc90 code [0x0000015a3f5ece40, 0x0000015a3f5ed0b8]
Event: 7.025 Thread 0x0000015a494d2790 5564       1       java.util.regex.Pattern$TreeInfo::reset (21 bytes)
Event: 7.025 Thread 0x0000015a494d2790 nmethod 5564 0x0000015a3f5ed490 code [0x0000015a3f5ed620, 0x0000015a3f5ed6f8]
Event: 7.027 Thread 0x0000015a4944b2b0 5565       1       java.util.regex.Pattern::expr (142 bytes)
Event: 7.028 Thread 0x0000015a487f53f0 5566       1       java.lang.invoke.BoundMethodHandle::copyWith (7 bytes)
Event: 7.028 Thread 0x0000015a487f53f0 nmethod 5566 0x0000015a3f5ed790 code [0x0000015a3f5ed920, 0x0000015a3f5eda08]
Event: 7.028 Thread 0x0000015a4944b2b0 nmethod 5565 0x0000015a3f5eda90 code [0x0000015a3f5edca0, 0x0000015a3f5ee328]
Event: 7.028 Thread 0x0000015a494d2790 5567       1       java.util.regex.Pattern$Node::study (21 bytes)
Event: 7.029 Thread 0x0000015a494d2790 nmethod 5567 0x0000015a3f5ee690 code [0x0000015a3f5ee840, 0x0000015a3f5ee968]
Event: 7.048 Thread 0x0000015a4944b2b0 5568       1       java.util.regex.Pattern::skip (23 bytes)
Event: 7.048 Thread 0x0000015a4944b2b0 nmethod 5568 0x0000015a3f5eea10 code [0x0000015a3f5eeba0, 0x0000015a3f5eec98]
Event: 7.049 Thread 0x0000015a494d2790 5569       1       java.util.regex.Pattern::compile (500 bytes)
Event: 7.049 Thread 0x0000015a487f53f0 5570       1       java.util.regex.Pattern::qtype (39 bytes)
Event: 7.049 Thread 0x0000015a4944b2b0 5571       1       java.util.regex.Pattern::read (33 bytes)
Event: 7.050 Thread 0x0000015a4944b2b0 nmethod 5571 0x0000015a3f5eed90 code [0x0000015a3f5eef20, 0x0000015a3f5ef068]
Event: 7.050 Thread 0x0000015a4944b2b0 5572       1       java.util.regex.Pattern::escape (1327 bytes)
Event: 7.050 Thread 0x0000015a487f53f0 nmethod 5570 0x0000015a3f5ef190 code [0x0000015a3f5ef360, 0x0000015a3f5ef628]
Event: 7.050 Thread 0x0000015a494d2790 nmethod 5569 0x0000015a3f5ef810 code [0x0000015a3f5efb40, 0x0000015a3f5f1028]
Event: 7.052 Thread 0x0000015a4944b2b0 nmethod 5572 0x0000015a3f5f1690 code [0x0000015a3f5f1e80, 0x0000015a3f5f5378]

GC Heap History (20 events):
Event: 3.178 GC heap before
{Heap before GC invocations=8 (full 0):
 garbage-first heap   total 61440K, used 43624K [0x0000000084c00000, 0x0000000100000000)
  region size 1024K, 27 young (27648K), 2 survivors (2048K)
 Metaspace       used 33743K, committed 34112K, reserved 1081344K
  class space    used 4153K, committed 4352K, reserved 1048576K
}
Event: 3.181 GC heap after
{Heap after GC invocations=9 (full 0):
 garbage-first heap   total 61440K, used 19512K [0x0000000084c00000, 0x0000000100000000)
  region size 1024K, 3 young (3072K), 3 survivors (3072K)
 Metaspace       used 33743K, committed 34112K, reserved 1081344K
  class space    used 4153K, committed 4352K, reserved 1048576K
}
Event: 3.478 GC heap before
{Heap before GC invocations=9 (full 0):
 garbage-first heap   total 61440K, used 38968K [0x0000000084c00000, 0x0000000100000000)
  region size 1024K, 23 young (23552K), 3 survivors (3072K)
 Metaspace       used 35879K, committed 36288K, reserved 1081344K
  class space    used 4572K, committed 4736K, reserved 1048576K
}
Event: 3.483 GC heap after
{Heap after GC invocations=10 (full 0):
 garbage-first heap   total 61440K, used 20695K [0x0000000084c00000, 0x0000000100000000)
  region size 1024K, 3 young (3072K), 3 survivors (3072K)
 Metaspace       used 35879K, committed 36288K, reserved 1081344K
  class space    used 4572K, committed 4736K, reserved 1048576K
}
Event: 4.007 GC heap before
{Heap before GC invocations=11 (full 0):
 garbage-first heap   total 61440K, used 47319K [0x0000000084c00000, 0x0000000100000000)
  region size 1024K, 29 young (29696K), 3 survivors (3072K)
 Metaspace       used 39179K, committed 39616K, reserved 1089536K
  class space    used 5130K, committed 5312K, reserved 1048576K
}
Event: 4.013 GC heap after
{Heap after GC invocations=12 (full 0):
 garbage-first heap   total 61440K, used 23145K [0x0000000084c00000, 0x0000000100000000)
  region size 1024K, 4 young (4096K), 4 survivors (4096K)
 Metaspace       used 39179K, committed 39616K, reserved 1089536K
  class space    used 5130K, committed 5312K, reserved 1048576K
}
Event: 4.250 GC heap before
{Heap before GC invocations=12 (full 0):
 garbage-first heap   total 61440K, used 51817K [0x0000000084c00000, 0x0000000100000000)
  region size 1024K, 28 young (28672K), 4 survivors (4096K)
 Metaspace       used 41617K, committed 42048K, reserved 1089536K
  class space    used 5378K, committed 5568K, reserved 1048576K
}
Event: 4.257 GC heap after
{Heap after GC invocations=13 (full 0):
 garbage-first heap   total 62464K, used 28346K [0x0000000084c00000, 0x0000000100000000)
  region size 1024K, 4 young (4096K), 4 survivors (4096K)
 Metaspace       used 41617K, committed 42048K, reserved 1089536K
  class space    used 5378K, committed 5568K, reserved 1048576K
}
Event: 4.686 GC heap before
{Heap before GC invocations=13 (full 0):
 garbage-first heap   total 62464K, used 45754K [0x0000000084c00000, 0x0000000100000000)
  region size 1024K, 21 young (21504K), 4 survivors (4096K)
 Metaspace       used 43187K, committed 43648K, reserved 1089536K
  class space    used 5615K, committed 5824K, reserved 1048576K
}
Event: 4.692 GC heap after
{Heap after GC invocations=14 (full 0):
 garbage-first heap   total 62464K, used 28865K [0x0000000084c00000, 0x0000000100000000)
  region size 1024K, 2 young (2048K), 2 survivors (2048K)
 Metaspace       used 43187K, committed 43648K, reserved 1089536K
  class space    used 5615K, committed 5824K, reserved 1048576K
}
Event: 5.046 GC heap before
{Heap before GC invocations=14 (full 0):
 garbage-first heap   total 62464K, used 45249K [0x0000000084c00000, 0x0000000100000000)
  region size 1024K, 19 young (19456K), 2 survivors (2048K)
 Metaspace       used 47709K, committed 48256K, reserved 1097728K
  class space    used 6263K, committed 6528K, reserved 1048576K
}
Event: 5.049 GC heap after
{Heap after GC invocations=15 (full 0):
 garbage-first heap   total 75776K, used 29400K [0x0000000084c00000, 0x0000000100000000)
  region size 1024K, 2 young (2048K), 2 survivors (2048K)
 Metaspace       used 47709K, committed 48256K, reserved 1097728K
  class space    used 6263K, committed 6528K, reserved 1048576K
}
Event: 5.823 GC heap before
{Heap before GC invocations=15 (full 0):
 garbage-first heap   total 75776K, used 59096K [0x0000000084c00000, 0x0000000100000000)
  region size 1024K, 31 young (31744K), 2 survivors (2048K)
 Metaspace       used 57248K, committed 57792K, reserved 1105920K
  class space    used 7541K, committed 7808K, reserved 1048576K
}
Event: 5.827 GC heap after
{Heap after GC invocations=16 (full 0):
 garbage-first heap   total 75776K, used 31973K [0x0000000084c00000, 0x0000000100000000)
  region size 1024K, 4 young (4096K), 4 survivors (4096K)
 Metaspace       used 57248K, committed 57792K, reserved 1105920K
  class space    used 7541K, committed 7808K, reserved 1048576K
}
Event: 6.065 GC heap before
{Heap before GC invocations=16 (full 0):
 garbage-first heap   total 75776K, used 46309K [0x0000000084c00000, 0x0000000100000000)
  region size 1024K, 19 young (19456K), 4 survivors (4096K)
 Metaspace       used 60299K, committed 60800K, reserved 1105920K
  class space    used 7930K, committed 8128K, reserved 1048576K
}
Event: 6.070 GC heap after
{Heap after GC invocations=17 (full 0):
 garbage-first heap   total 75776K, used 33215K [0x0000000084c00000, 0x0000000100000000)
  region size 1024K, 2 young (2048K), 2 survivors (2048K)
 Metaspace       used 60299K, committed 60800K, reserved 1105920K
  class space    used 7930K, committed 8128K, reserved 1048576K
}
Event: 6.519 GC heap before
{Heap before GC invocations=18 (full 0):
 garbage-first heap   total 75776K, used 57791K [0x0000000084c00000, 0x0000000100000000)
  region size 1024K, 27 young (27648K), 2 survivors (2048K)
 Metaspace       used 66962K, committed 67520K, reserved 1114112K
  class space    used 9106K, committed 9344K, reserved 1048576K
}
Event: 6.522 GC heap after
{Heap after GC invocations=19 (full 0):
 garbage-first heap   total 75776K, used 33865K [0x0000000084c00000, 0x0000000100000000)
  region size 1024K, 2 young (2048K), 2 survivors (2048K)
 Metaspace       used 66962K, committed 67520K, reserved 1114112K
  class space    used 9106K, committed 9344K, reserved 1048576K
}
Event: 7.002 GC heap before
{Heap before GC invocations=20 (full 0):
 garbage-first heap   total 75776K, used 59465K [0x0000000084c00000, 0x0000000100000000)
  region size 1024K, 28 young (28672K), 2 survivors (2048K)
 Metaspace       used 71075K, committed 71552K, reserved 1114112K
  class space    used 9702K, committed 9920K, reserved 1048576K
}
Event: 7.006 GC heap after
{Heap after GC invocations=21 (full 0):
 garbage-first heap   total 75776K, used 35687K [0x0000000084c00000, 0x0000000100000000)
  region size 1024K, 4 young (4096K), 4 survivors (4096K)
 Metaspace       used 71075K, committed 71552K, reserved 1114112K
  class space    used 9702K, committed 9920K, reserved 1048576K
}

Dll operation events (9 events):
Event: 0.011 Loaded shared library C:\Users\Sangita\Downloads\spring-tool-suite-4-4.18.0.RELEASE-e4.27.0-win32.win32.x86_64.self-extracting\sts-4.18.0.RELEASE\plugins\org.eclipse.justj.openjdk.hotspot.jre.full.win32.x86_64_17.0.6.v20230204-1729\jre\bin\java.dll
Event: 0.262 Loaded shared library C:\Users\Sangita\Downloads\spring-tool-suite-4-4.18.0.RELEASE-e4.27.0-win32.win32.x86_64.self-extracting\sts-4.18.0.RELEASE\plugins\org.eclipse.justj.openjdk.hotspot.jre.full.win32.x86_64_17.0.6.v20230204-1729\jre\bin\jimage.dll
Event: 0.278 Loaded shared library C:\Users\Sangita\Downloads\spring-tool-suite-4-4.18.0.RELEASE-e4.27.0-win32.win32.x86_64.self-extracting\sts-4.18.0.RELEASE\plugins\org.eclipse.justj.openjdk.hotspot.jre.full.win32.x86_64_17.0.6.v20230204-1729\jre\bin\net.dll
Event: 0.280 Loaded shared library C:\Users\Sangita\Downloads\spring-tool-suite-4-4.18.0.RELEASE-e4.27.0-win32.win32.x86_64.self-extracting\sts-4.18.0.RELEASE\plugins\org.eclipse.justj.openjdk.hotspot.jre.full.win32.x86_64_17.0.6.v20230204-1729\jre\bin\nio.dll
Event: 0.285 Loaded shared library C:\Users\Sangita\Downloads\spring-tool-suite-4-4.18.0.RELEASE-e4.27.0-win32.win32.x86_64.self-extracting\sts-4.18.0.RELEASE\plugins\org.eclipse.justj.openjdk.hotspot.jre.full.win32.x86_64_17.0.6.v20230204-1729\jre\bin\zip.dll
Event: 0.372 Loaded shared library C:\Users\Sangita\Downloads\spring-tool-suite-4-4.18.0.RELEASE-e4.27.0-win32.win32.x86_64.self-extracting\sts-4.18.0.RELEASE\plugins\org.eclipse.justj.openjdk.hotspot.jre.full.win32.x86_64_17.0.6.v20230204-1729\jre\bin\management.dll
Event: 0.385 Loaded shared library C:\Users\Sangita\Downloads\spring-tool-suite-4-4.18.0.RELEASE-e4.27.0-win32.win32.x86_64.self-extracting\sts-4.18.0.RELEASE\plugins\org.eclipse.justj.openjdk.hotspot.jre.full.win32.x86_64_17.0.6.v20230204-1729\jre\bin\management_ext.
Event: 2.346 Loaded shared library C:\Users\Sangita\Downloads\spring-tool-suite-4-4.18.0.RELEASE-e4.27.0-win32.win32.x86_64.self-extracting\sts-4.18.0.RELEASE\plugins\org.eclipse.justj.openjdk.hotspot.jre.full.win32.x86_64_17.0.6.v20230204-1729\jre\bin\sunmscapi.dll
Event: 4.988 Loaded shared library C:\Users\Sangita\Downloads\spring-tool-suite-4-4.18.0.RELEASE-e4.27.0-win32.win32.x86_64.self-extracting\sts-4.18.0.RELEASE\plugins\org.eclipse.justj.openjdk.hotspot.jre.full.win32.x86_64_17.0.6.v20230204-1729\jre\bin\verify.dll

Deoptimization events (14 events):
Event: 2.115 Thread 0x0000015a4ad6f890 DEOPT PACKING pc=0x0000015a3f0aca99 sp=0x0000002c87bfc710
Event: 2.115 Thread 0x0000015a4ad6f890 DEOPT UNPACKING pc=0x0000015a3eb7ace3 sp=0x0000002c87bfbbf0 mode 3
Event: 2.282 Thread 0x0000015a4ad6f890 DEOPT PACKING pc=0x0000015a3f0f2355 sp=0x0000002c87bfcd40
Event: 2.282 Thread 0x0000015a4ad6f890 DEOPT UNPACKING pc=0x0000015a3eb7ace3 sp=0x0000002c87bfc1e8 mode 3
Event: 3.678 Thread 0x0000015a4ad6f890 DEOPT PACKING pc=0x0000015a3f26b9cc sp=0x0000002c87bfc4f0
Event: 3.678 Thread 0x0000015a4ad6f890 DEOPT UNPACKING pc=0x0000015a3eb7ace3 sp=0x0000002c87bfb9a8 mode 0
Event: 4.459 Thread 0x0000015a4ad6f890 DEOPT PACKING pc=0x0000015a3f39337d sp=0x0000002c87bfbbc0
Event: 4.459 Thread 0x0000015a4ad6f890 DEOPT UNPACKING pc=0x0000015a3eb7ace3 sp=0x0000002c87bfb128 mode 3
Event: 6.832 Thread 0x0000015a4ad6f890 DEOPT PACKING pc=0x0000015a3f096bd2 sp=0x0000002c87bfbe90
Event: 6.832 Thread 0x0000015a4ad6f890 DEOPT UNPACKING pc=0x0000015a3eb7ace3 sp=0x0000002c87bfb398 mode 3
Event: 6.837 Thread 0x0000015a4ad6f890 DEOPT PACKING pc=0x0000015a3f08ae45 sp=0x0000002c87bfbe50
Event: 6.837 Thread 0x0000015a4ad6f890 DEOPT UNPACKING pc=0x0000015a3eb7ace3 sp=0x0000002c87bfb398 mode 3
Event: 6.932 Thread 0x0000015a4ad6f890 DEOPT PACKING pc=0x0000015a3f0bd394 sp=0x0000002c87bfc4c0
Event: 6.932 Thread 0x0000015a4ad6f890 DEOPT UNPACKING pc=0x0000015a3eb7ace3 sp=0x0000002c87bfba18 mode 0

Classes unloaded (0 events):
No events

Classes redefined (0 events):
No events

Internal exceptions (20 events):
Event: 6.476 Thread 0x0000015a4ad6f890 Exception <a 'java/lang/NoSuchMethodError'{0x0000000087b22f60}: 'void java.lang.invoke.DirectMethodHandle$Holder.invokeSpecial(java.lang.Object, java.lang.Object, java.lang.Object, java.lang.Object, java.lang.Object, java.lang.Object, java.lang.Object, java.lang.Object)'> (0x0000000087b22f60) 
thrown [s\src\hotspot\share\interpreter\linkResolver.cpp, line 759]
Event: 6.481 Thread 0x0000015a4ad6f890 Exception <a 'java/lang/NoSuchMethodError'{0x0000000087b6c3e8}: 'java.lang.Object java.lang.invoke.DirectMethodHandle$Holder.newInvokeSpecial(java.lang.Object, java.lang.Object, int)'> (0x0000000087b6c3e8) 
thrown [s\src\hotspot\share\interpreter\linkResolver.cpp, line 759]
Event: 6.481 Thread 0x0000015a4ad6f890 Exception <a 'java/lang/IncompatibleClassChangeError'{0x0000000087b6fea0}: Found class java.lang.Object, but interface was expected> (0x0000000087b6fea0) 
thrown [s\src\hotspot\share\interpreter\linkResolver.cpp, line 826]
Event: 6.515 Thread 0x0000015a4ad6f890 Exception <a 'java/lang/NoSuchMethodError'{0x0000000087ad02d0}: 'int java.lang.invoke.DirectMethodHandle$Holder.invokeStatic(java.lang.Object, int, java.lang.Object)'> (0x0000000087ad02d0) 
thrown [s\src\hotspot\share\interpreter\linkResolver.cpp, line 759]
Event: 6.518 Thread 0x0000015a4ad6f890 Exception <a 'java/lang/NoSuchMethodError'{0x0000000087af0ba8}: 'java.lang.Object java.lang.invoke.DirectMethodHandle$Holder.newInvokeSpecial(java.lang.Object, java.lang.Object, java.lang.Object, java.lang.Object, java.lang.Object, int, java.lang.Object)'> (0x0000000087af0ba8) 
thrown [s\src\hotspot\share\interpreter\linkResolver.cpp, line 759]
Event: 6.528 Thread 0x0000015a4ad6f890 Exception <a 'java/lang/NoSuchMethodError'{0x000000008c729550}: 'java.lang.Object java.lang.invoke.DirectMethodHandle$Holder.newInvokeSpecial(java.lang.Object, java.lang.Object, java.lang.Object, java.lang.Object, java.lang.Object, java.lang.Object, java.lang.Object, java.lang.Object, java.lang.Object, java.lang.Object, java.lang.Object, java.lang.Object)'> (0x000000008c729550) 
thrown [s\src\hotspot\share\interpreter\linkResolver.cpp, line 759]
Event: 6.528 Thread 0x0000015a4ad6f890 Exception <a 'java/lang/NoSuchMethodError'{0x000000008c72dfe8}: 'java.lang.Object java.lang.invoke.DirectMethodHandle$Holder.invokeSpecial(java.lang.Object, java.lang.Object, java.lang.Object, java.lang.Object, java.lang.Object, java.lang.Object, java.lang.Object, java.lang.Object, java.lang.Object, java.lang.Object, java.lang.Object, java.lang.Object, java.lang.Object)'> (0x000000008c72dfe8) 
thrown [s\src\hotspot\share\interpreter\linkResolver.cpp, line 759]
Event: 6.528 Thread 0x0000015a4ad6f890 Exception <a 'java/lang/NoSuchMethodError'{0x000000008c732700}: 'java.lang.Object java.lang.invoke.Invokers$Holder.linkToTargetMethod(java.lang.Object, java.lang.Object, java.lang.Object, java.lang.Object, java.lang.Object, java.lang.Object, java.lang.Object, java.lang.Object, java.lang.Object, java.lang.Object, java.lang.Object, java.lang.Object)'> (0x000000008c732700) 
thrown [s\src\hotspot\share\interpreter\linkResolver.cpp, line 759]
Event: 6.605 Thread 0x0000015a4ad6f890 Exception <a 'java/lang/NoSuchMethodError'{0x000000008b0585b0}: 'java.lang.Object java.lang.invoke.DirectMethodHandle$Holder.newInvokeSpecial(java.lang.Object, java.lang.Object, java.lang.Object, java.lang.Object, java.lang.Object, java.lang.Object, java.lang.Object, int)'> (0x000000008b0585b0) 
thrown [s\src\hotspot\share\interpreter\linkResolver.cpp, line 759]
Event: 6.606 Thread 0x0000015a4ad6f890 Exception <a 'java/lang/NoSuchMethodError'{0x000000008b05d850}: 'java.lang.Object java.lang.invoke.DirectMethodHandle$Holder.invokeSpecial(java.lang.Object, java.lang.Object, java.lang.Object, java.lang.Object, java.lang.Object, java.lang.Object, java.lang.Object, java.lang.Object, int)'> (0x000000008b05d850) 
thrown [s\src\hotspot\share\interpreter\linkResolver.cpp, line 759]
Event: 6.606 Thread 0x0000015a4ad6f890 Exception <a 'java/lang/NoSuchMethodError'{0x000000008b062318}: 'java.lang.Object java.lang.invoke.Invokers$Holder.linkToTargetMethod(java.lang.Object, java.lang.Object, java.lang.Object, java.lang.Object, java.lang.Object, java.lang.Object, int, java.lang.Object)'> (0x000000008b062318) 
thrown [s\src\hotspot\share\interpreter\linkResolver.cpp, line 759]
Event: 6.624 Thread 0x0000015a4ad6f890 Exception <a 'java/lang/NoSuchMethodError'{0x000000008af3c530}: 'void java.lang.invoke.DirectMethodHandle$Holder.invokeInterface(java.lang.Object, java.lang.Object)'> (0x000000008af3c530) 
thrown [s\src\hotspot\share\interpreter\linkResolver.cpp, line 759]
Event: 6.802 Thread 0x0000015a4ad6e920 Exception <a 'java/lang/reflect/InvocationTargetException'{0x0000000088cfa7e0}> (0x0000000088cfa7e0) 
thrown [s\src\hotspot\share\runtime\reflection.cpp, line 1121]
Event: 6.847 Thread 0x0000015a4ad6f890 Exception <a 'java/lang/IncompatibleClassChangeError'{0x00000000889c30c0}: Found class java.lang.Object, but interface was expected> (0x00000000889c30c0) 
thrown [s\src\hotspot\share\interpreter\linkResolver.cpp, line 826]
Event: 6.873 Thread 0x0000015a4ad6f890 Exception <a 'java/lang/IncompatibleClassChangeError'{0x000000008873b058}: Found class java.lang.Object, but interface was expected> (0x000000008873b058) 
thrown [s\src\hotspot\share\interpreter\linkResolver.cpp, line 826]
Event: 6.962 Thread 0x0000015a4ad6f890 Exception <a 'java/lang/IncompatibleClassChangeError'{0x00000000881bce80}: Found class java.lang.Object, but interface was expected> (0x00000000881bce80) 
thrown [s\src\hotspot\share\interpreter\linkResolver.cpp, line 826]
Event: 7.016 Thread 0x0000015a4ad6f890 Exception <a 'java/lang/reflect/InvocationTargetException'{0x000000008c78ab58}> (0x000000008c78ab58) 
thrown [s\src\hotspot\share\runtime\reflection.cpp, line 1121]
Event: 7.023 Thread 0x0000015a4ad6f890 Exception <a 'java/lang/NoSuchMethodError'{0x000000008c7eeac8}: 'int java.lang.invoke.DirectMethodHandle$Holder.invokeStatic(java.lang.Object, java.lang.Object, int)'> (0x000000008c7eeac8) 
thrown [s\src\hotspot\share\interpreter\linkResolver.cpp, line 759]
Event: 7.029 Thread 0x0000015a4ad6f890 Exception <a 'java/lang/IncompatibleClassChangeError'{0x000000008c6330e8}: Found class java.lang.Object, but interface was expected> (0x000000008c6330e8) 
thrown [s\src\hotspot\share\interpreter\linkResolver.cpp, line 826]
Event: 7.061 Thread 0x0000015a4ad6f890 Exception <a 'java/lang/NoSuchMethodError'{0x000000008b0e9740}: 'java.lang.Object java.lang.invoke.DirectMethodHandle$Holder.invokeStatic(java.lang.Object, int, java.lang.Object)'> (0x000000008b0e9740) 
thrown [s\src\hotspot\share\interpreter\linkResolver.cpp, line 759]

VM Operations (20 events):
Event: 6.437 Executing VM operation: ICBufferFull
Event: 6.437 Executing VM operation: ICBufferFull done
Event: 6.519 Executing VM operation: G1CollectForAllocation
Event: 6.522 Executing VM operation: G1CollectForAllocation done
Event: 6.572 Executing VM operation: G1Concurrent
Event: 6.575 Executing VM operation: G1Concurrent done
Event: 6.597 Executing VM operation: G1Concurrent
Event: 6.597 Executing VM operation: G1Concurrent done
Event: 6.729 Executing VM operation: HandshakeAllThreads
Event: 6.729 Executing VM operation: HandshakeAllThreads done
Event: 6.832 Executing VM operation: HandshakeAllThreads
Event: 6.832 Executing VM operation: HandshakeAllThreads done
Event: 6.932 Executing VM operation: HandshakeAllThreads
Event: 6.932 Executing VM operation: HandshakeAllThreads done
Event: 6.984 Executing VM operation: HandshakeAllThreads
Event: 6.984 Executing VM operation: HandshakeAllThreads done
Event: 6.984 Executing VM operation: HandshakeAllThreads
Event: 6.984 Executing VM operation: HandshakeAllThreads done
Event: 7.002 Executing VM operation: G1CollectForAllocation
Event: 7.006 Executing VM operation: G1CollectForAllocation done

Events (20 events):
Event: 6.993 loading class java/util/stream/ReduceOps$5
Event: 6.993 loading class java/util/stream/ReduceOps$5 done
Event: 6.993 loading class java/util/stream/ReduceOps$CountingSink$OfRef
Event: 6.993 loading class java/util/stream/ReduceOps$CountingSink
Event: 6.993 loading class java/util/stream/ReduceOps$CountingSink done
Event: 6.993 loading class java/util/stream/ReduceOps$CountingSink$OfRef done
Event: 6.993 loading class sun/reflect/generics/tree/IntSignature
Event: 6.993 loading class sun/reflect/generics/tree/IntSignature done
Event: 7.020 loading class java/lang/Character$UnicodeBlock
Event: 7.021 loading class java/lang/Character$Subset
Event: 7.021 loading class java/lang/Character$Subset done
Event: 7.021 loading class java/lang/Character$UnicodeBlock done
Event: 7.028 loading class java/util/regex/Pattern$1
Event: 7.028 loading class java/util/regex/Pattern$1 done
Event: 7.048 loading class java/util/regex/Pattern$Bound
Event: 7.048 loading class java/util/regex/Pattern$Bound done
Event: 7.049 loading class java/util/regex/Pattern$Behind
Event: 7.049 loading class java/util/regex/Pattern$Behind done
Event: 7.049 loading class java/util/regex/Pattern$GroupCurly
Event: 7.049 loading class java/util/regex/Pattern$GroupCurly done


Dynamic libraries:
0x00007ff6b3580000 - 0x00007ff6b358e000 	C:\Users\Sangita\Downloads\spring-tool-suite-4-4.18.0.RELEASE-e4.27.0-win32.win32.x86_64.self-extracting\sts-4.18.0.RELEASE\plugins\org.eclipse.justj.openjdk.hotspot.jre.full.win32.x86_64_17.0.6.v20230204-1729\jre\bin\javaw.exe
0x00007ffbacc70000 - 0x00007ffbace87000 	C:\WINDOWS\SYSTEM32\ntdll.dll
0x00007ffbab7a0000 - 0x00007ffbab864000 	C:\WINDOWS\System32\KERNEL32.DLL
0x00007ffbaa2e0000 - 0x00007ffbaa68d000 	C:\WINDOWS\System32\KERNELBASE.dll
0x00007ffbaa150000 - 0x00007ffbaa261000 	C:\WINDOWS\System32\ucrtbase.dll
0x00007ffb487a0000 - 0x00007ffb487b7000 	C:\Users\Sangita\Downloads\spring-tool-suite-4-4.18.0.RELEASE-e4.27.0-win32.win32.x86_64.self-extracting\sts-4.18.0.RELEASE\plugins\org.eclipse.justj.openjdk.hotspot.jre.full.win32.x86_64_17.0.6.v20230204-1729\jre\bin\jli.dll
0x00007ffbab040000 - 0x00007ffbab1ee000 	C:\WINDOWS\System32\USER32.dll
0x00007ffba9fc0000 - 0x00007ffba9fe6000 	C:\WINDOWS\System32\win32u.dll
0x00007ffbaad60000 - 0x00007ffbaad89000 	C:\WINDOWS\System32\GDI32.dll
0x00007ffbaa800000 - 0x00007ffbaa919000 	C:\WINDOWS\System32\gdi32full.dll
0x00007ffba9ff0000 - 0x00007ffbaa08a000 	C:\WINDOWS\System32\msvcp_win.dll
0x00007ffba3a80000 - 0x00007ffba3a99000 	C:\Users\Sangita\Downloads\spring-tool-suite-4-4.18.0.RELEASE-e4.27.0-win32.win32.x86_64.self-extracting\sts-4.18.0.RELEASE\plugins\org.eclipse.justj.openjdk.hotspot.jre.full.win32.x86_64_17.0.6.v20230204-1729\jre\bin\VCRUNTIME140.dll
0x00007ffb85670000 - 0x00007ffb85903000 	C:\WINDOWS\WinSxS\amd64_microsoft.windows.common-controls_6595b64144ccf1df_6.0.22621.3672_none_2713b9d173822955\COMCTL32.dll
0x00007ffbaae90000 - 0x00007ffbaaf37000 	C:\WINDOWS\System32\msvcrt.dll
0x00007ffbac630000 - 0x00007ffbac661000 	C:\WINDOWS\System32\IMM32.DLL
0x00007ffba65c0000 - 0x00007ffba65cc000 	C:\Users\Sangita\Downloads\spring-tool-suite-4-4.18.0.RELEASE-e4.27.0-win32.win32.x86_64.self-extracting\sts-4.18.0.RELEASE\plugins\org.eclipse.justj.openjdk.hotspot.jre.full.win32.x86_64_17.0.6.v20230204-1729\jre\bin\vcruntime140_1.dll
0x00007ffb8f010000 - 0x00007ffb8f0a1000 	C:\Users\Sangita\Downloads\spring-tool-suite-4-4.18.0.RELEASE-e4.27.0-win32.win32.x86_64.self-extracting\sts-4.18.0.RELEASE\plugins\org.eclipse.justj.openjdk.hotspot.jre.full.win32.x86_64_17.0.6.v20230204-1729\jre\bin\msvcp140.dll
0x00007ffb45940000 - 0x00007ffb46587000 	C:\Users\Sangita\Downloads\spring-tool-suite-4-4.18.0.RELEASE-e4.27.0-win32.win32.x86_64.self-extracting\sts-4.18.0.RELEASE\plugins\org.eclipse.justj.openjdk.hotspot.jre.full.win32.x86_64_17.0.6.v20230204-1729\jre\bin\server\jvm.dll
0x00007ffbab9f0000 - 0x00007ffbabaa2000 	C:\WINDOWS\System32\ADVAPI32.dll
0x00007ffbab6e0000 - 0x00007ffbab789000 	C:\WINDOWS\System32\sechost.dll
0x00007ffba9f90000 - 0x00007ffba9fb8000 	C:\WINDOWS\System32\bcrypt.dll
0x00007ffbab8d0000 - 0x00007ffbab9e4000 	C:\WINDOWS\System32\RPCRT4.dll
0x00007ffb81040000 - 0x00007ffb81049000 	C:\WINDOWS\SYSTEM32\WSOCK32.dll
0x00007ffbabab0000 - 0x00007ffbabb21000 	C:\WINDOWS\System32\WS2_32.dll
0x00007ffba3690000 - 0x00007ffba36c4000 	C:\WINDOWS\SYSTEM32\WINMM.dll
0x00007ffba7800000 - 0x00007ffba780a000 	C:\WINDOWS\SYSTEM32\VERSION.dll
0x00007ffba8f80000 - 0x00007ffba8f98000 	C:\WINDOWS\SYSTEM32\kernel.appcore.dll
0x00007ffb88b90000 - 0x00007ffb88b9a000 	C:\Users\Sangita\Downloads\spring-tool-suite-4-4.18.0.RELEASE-e4.27.0-win32.win32.x86_64.self-extracting\sts-4.18.0.RELEASE\plugins\org.eclipse.justj.openjdk.hotspot.jre.full.win32.x86_64_17.0.6.v20230204-1729\jre\bin\jimage.dll
0x00007ffba73f0000 - 0x00007ffba7622000 	C:\WINDOWS\SYSTEM32\DBGHELP.DLL
0x00007ffbac850000 - 0x00007ffbacbdd000 	C:\WINDOWS\System32\combase.dll
0x00007ffbabb30000 - 0x00007ffbabc07000 	C:\WINDOWS\System32\OLEAUT32.dll
0x00007ffba02a0000 - 0x00007ffba02d2000 	C:\WINDOWS\SYSTEM32\dbgcore.DLL
0x00007ffbaa920000 - 0x00007ffbaa99b000 	C:\WINDOWS\System32\bcryptPrimitives.dll
0x00007ffb487c0000 - 0x00007ffb487e5000 	C:\Users\Sangita\Downloads\spring-tool-suite-4-4.18.0.RELEASE-e4.27.0-win32.win32.x86_64.self-extracting\sts-4.18.0.RELEASE\plugins\org.eclipse.justj.openjdk.hotspot.jre.full.win32.x86_64_17.0.6.v20230204-1729\jre\bin\java.dll
0x00007ffb48780000 - 0x00007ffb48798000 	C:\Users\Sangita\Downloads\spring-tool-suite-4-4.18.0.RELEASE-e4.27.0-win32.win32.x86_64.self-extracting\sts-4.18.0.RELEASE\plugins\org.eclipse.justj.openjdk.hotspot.jre.full.win32.x86_64_17.0.6.v20230204-1729\jre\bin\zip.dll
0x00007ffbabc10000 - 0x00007ffbac478000 	C:\WINDOWS\System32\SHELL32.dll
0x00007ffba7e50000 - 0x00007ffba874e000 	C:\WINDOWS\SYSTEM32\windows.storage.dll
0x00007ffba7d10000 - 0x00007ffba7e4f000 	C:\WINDOWS\SYSTEM32\wintypes.dll
0x00007ffbac6a0000 - 0x00007ffbac799000 	C:\WINDOWS\System32\SHCORE.dll
0x00007ffbaaf40000 - 0x00007ffbaaf9e000 	C:\WINDOWS\System32\shlwapi.dll
0x00007ffba9ec0000 - 0x00007ffba9ee1000 	C:\WINDOWS\SYSTEM32\profapi.dll
0x00007ffb48760000 - 0x00007ffb48779000 	C:\Users\Sangita\Downloads\spring-tool-suite-4-4.18.0.RELEASE-e4.27.0-win32.win32.x86_64.self-extracting\sts-4.18.0.RELEASE\plugins\org.eclipse.justj.openjdk.hotspot.jre.full.win32.x86_64_17.0.6.v20230204-1729\jre\bin\net.dll
0x00007ffba3bc0000 - 0x00007ffba3cf6000 	C:\WINDOWS\SYSTEM32\WINHTTP.dll
0x00007ffba93f0000 - 0x00007ffba9459000 	C:\WINDOWS\system32\mswsock.dll
0x00007ffb48740000 - 0x00007ffb48755000 	C:\Users\Sangita\Downloads\spring-tool-suite-4-4.18.0.RELEASE-e4.27.0-win32.win32.x86_64.self-extracting\sts-4.18.0.RELEASE\plugins\org.eclipse.justj.openjdk.hotspot.jre.full.win32.x86_64_17.0.6.v20230204-1729\jre\bin\nio.dll
0x00007ffba4600000 - 0x00007ffba4609000 	C:\Users\Sangita\Downloads\spring-tool-suite-4-4.18.0.RELEASE-e4.27.0-win32.win32.x86_64.self-extracting\sts-4.18.0.RELEASE\plugins\org.eclipse.justj.openjdk.hotspot.jre.full.win32.x86_64_17.0.6.v20230204-1729\jre\bin\management.dll
0x00007ffba4370000 - 0x00007ffba437b000 	C:\Users\Sangita\Downloads\spring-tool-suite-4-4.18.0.RELEASE-e4.27.0-win32.win32.x86_64.self-extracting\sts-4.18.0.RELEASE\plugins\org.eclipse.justj.openjdk.hotspot.jre.full.win32.x86_64_17.0.6.v20230204-1729\jre\bin\management_ext.dll
0x00007ffbab670000 - 0x00007ffbab678000 	C:\WINDOWS\System32\PSAPI.DLL
0x00007ffb876c0000 - 0x00007ffb876d7000 	C:\WINDOWS\system32\napinsp.dll
0x00007ffb876a0000 - 0x00007ffb876bb000 	C:\WINDOWS\system32\pnrpnsp.dll
0x00007ffba89e0000 - 0x00007ffba8ad8000 	C:\WINDOWS\SYSTEM32\DNSAPI.dll
0x00007ffba89b0000 - 0x00007ffba89dd000 	C:\WINDOWS\SYSTEM32\IPHLPAPI.DLL
0x00007ffbab790000 - 0x00007ffbab799000 	C:\WINDOWS\System32\NSI.dll
0x00007ffb7d770000 - 0x00007ffb7d781000 	C:\WINDOWS\System32\winrnr.dll
0x00007ffb8a4e0000 - 0x00007ffb8a4f5000 	C:\WINDOWS\system32\wshbth.dll
0x00007ffb7d740000 - 0x00007ffb7d767000 	C:\WINDOWS\system32\nlansp_c.dll
0x00007ffb8ab20000 - 0x00007ffb8ab2a000 	C:\Windows\System32\rasadhlp.dll
0x00007ffba2a10000 - 0x00007ffba2a93000 	C:\WINDOWS\System32\fwpuclnt.dll
0x00007ffba9620000 - 0x00007ffba963b000 	C:\WINDOWS\SYSTEM32\CRYPTSP.dll
0x00007ffba8ee0000 - 0x00007ffba8f15000 	C:\WINDOWS\system32\rsaenh.dll
0x00007ffba94b0000 - 0x00007ffba94d8000 	C:\WINDOWS\SYSTEM32\USERENV.dll
0x00007ffba9610000 - 0x00007ffba961c000 	C:\WINDOWS\SYSTEM32\CRYPTBASE.dll
0x00007ffba38d0000 - 0x00007ffba38e9000 	C:\WINDOWS\SYSTEM32\dhcpcsvc6.DLL
0x00007ffba3670000 - 0x00007ffba368f000 	C:\WINDOWS\SYSTEM32\dhcpcsvc.DLL
0x00007ffba4380000 - 0x00007ffba438e000 	C:\Users\Sangita\Downloads\spring-tool-suite-4-4.18.0.RELEASE-e4.27.0-win32.win32.x86_64.self-extracting\sts-4.18.0.RELEASE\plugins\org.eclipse.justj.openjdk.hotspot.jre.full.win32.x86_64_17.0.6.v20230204-1729\jre\bin\sunmscapi.dll
0x00007ffbaa690000 - 0x00007ffbaa7f7000 	C:\WINDOWS\System32\CRYPT32.dll
0x00007ffba9850000 - 0x00007ffba987e000 	C:\WINDOWS\SYSTEM32\ncrypt.dll
0x00007ffba9810000 - 0x00007ffba9847000 	C:\WINDOWS\SYSTEM32\NTASN1.dll
0x00007ffb87dc0000 - 0x00007ffb87dd0000 	C:\Users\Sangita\Downloads\spring-tool-suite-4-4.18.0.RELEASE-e4.27.0-win32.win32.x86_64.self-extracting\sts-4.18.0.RELEASE\plugins\org.eclipse.justj.openjdk.hotspot.jre.full.win32.x86_64_17.0.6.v20230204-1729\jre\bin\verify.dll

dbghelp: loaded successfully - version: 4.0.5 - missing functions: none
symbol engine: initialized successfully - sym options: 0x614 - pdb path: .;C:\Users\Sangita\Downloads\spring-tool-suite-4-4.18.0.RELEASE-e4.27.0-win32.win32.x86_64.self-extracting\sts-4.18.0.RELEASE\plugins\org.eclipse.justj.openjdk.hotspot.jre.full.win32.x86_64_17.0.6.v20230204-1729\jre\bin;C:\WINDOWS\SYSTEM32;C:\WINDOWS\WinSxS\amd64_microsoft.windows.common-controls_6595b64144ccf1df_6.0.22621.3672_none_2713b9d173822955;C:\Users\Sangita\Downloads\spring-tool-suite-4-4.18.0.RELEASE-e4.27.0-win32.win32.x86_64.self-extracting\sts-4.18.0.RELEASE\plugins\org.eclipse.justj.openjdk.hotspot.jre.full.win32.x86_64_17.0.6.v20230204-1729\jre\bin\server

VM Arguments:
jvm_args: -Dcom.sun.management.jmxremote -Dcom.sun.management.jmxremote.port=52882 -Dcom.sun.management.jmxremote.authenticate=false -Dcom.sun.management.jmxremote.ssl=false -Djava.rmi.server.hostname=localhost -Dspring.jmx.enabled=true -Dmanagement.endpoints.jmx.exposure.include=* -Dspring.application.admin.enabled=true -XX:TieredStopAtLevel=1 -Dspring.boot.project.name=batchService -Dfile.encoding=UTF-8 -XX:+ShowCodeDetailsInExceptionMessages 
java_command: com.batch.BatchServiceApplication --spring.output.ansi.enabled=always
java_class_path (initial): C:\Users\Sangita\Institute Management System\batchService\target\classes;C:\Users\Sangita\.m2\repository\org\springframework\boot\spring-boot-starter-data-jpa\3.2.2\spring-boot-starter-data-jpa-3.2.2.jar;C:\Users\Sangita\.m2\repository\org\springframework\boot\spring-boot-starter-aop\3.2.2\spring-boot-starter-aop-3.2.2.jar;C:\Users\Sangita\.m2\repository\org\springframework\spring-aop\6.1.3\spring-aop-6.1.3.jar;C:\Users\Sangita\.m2\repository\org\aspectj\aspectjweaver\1.9.21\aspectjweaver-1.9.21.jar;C:\Users\Sangita\.m2\repository\org\springframework\boot\spring-boot-starter-jdbc\3.2.2\spring-boot-starter-jdbc-3.2.2.jar;C:\Users\Sangita\.m2\repository\com\zaxxer\HikariCP\5.0.1\HikariCP-5.0.1.jar;C:\Users\Sangita\.m2\repository\org\springframework\spring-jdbc\6.1.3\spring-jdbc-6.1.3.jar;C:\Users\Sangita\.m2\repository\org\hibernate\orm\hibernate-core\6.4.1.Final\hibernate-core-6.4.1.Final.jar;C:\Users\Sangita\.m2\repository\jakarta\persistence\jakarta.persistence-api\3.1.0\jakarta.persistence-api-3.1.0.jar;C:\Users\Sangita\.m2\repository\jakarta\transaction\jakarta.transaction-api\2.0.1\jakarta.transaction-api-2.0.1.jar;C:\Users\Sangita\.m2\repository\org\jboss\logging\jboss-logging\3.5.3.Final\jboss-logging-3.5.3.Final.jar;C:\Users\Sangita\.m2\repository\org\hibernate\common\hibernate-commons-annotations\6.0.6.Final\hibernate-commons-annotations-6.0.6.Final.jar;C:\Users\Sangita\.m2\repository\io\smallrye\jandex\3.1.2\jandex-3.1.2.jar;C:\Users\Sangita\.m2\repository\com\fasterxml\classmate\1.6.0\classmate-1.6.0.jar;C:\Users\Sangita\.m2\repository\net\bytebuddy\byte-buddy\1.14.11\byte-buddy-1.14.11.jar;C:\Users\Sangita\.m2\repository\org\glassfish\jaxb\jaxb-runtime\4.0.4\jaxb-runtime-4.0.4.jar;C:\Users\Sangita\.m2\repository\org\glassfish\jaxb\jaxb-core\4.0.4\jaxb-core-4.0.4.jar;C:\Users\Sangita\.m2\repository\org\eclipse\angus\angus-activation\2.0.1\angus-activation-2.0.1.jar;C:\Users\Sangita\.m2\repository\org\glassfish\jaxb\txw2\4.0.4\t
Launcher Type: SUN_STANDARD

[Global flags]
     intx CICompilerCount                          = 3                                         {product} {ergonomic}
     uint ConcGCThreads                            = 1                                         {product} {ergonomic}
     uint G1ConcRefinementThreads                  = 4                                         {product} {ergonomic}
   size_t G1HeapRegionSize                         = 1048576                                   {product} {ergonomic}
    uintx GCDrainStackTargetSize                   = 64                                        {product} {ergonomic}
   size_t InitialHeapSize                          = 130023424                                 {product} {ergonomic}
     bool ManagementServer                         = true                                      {product} {command line}
   size_t MarkStackSize                            = 4194304                                   {product} {ergonomic}
   size_t MaxHeapSize                              = 2067791872                                {product} {ergonomic}
   size_t MaxNewSize                               = 1240465408                                {product} {ergonomic}
   size_t MinHeapDeltaBytes                        = 1048576                                   {product} {ergonomic}
   size_t MinHeapSize                              = 8388608                                   {product} {ergonomic}
    uintx NonProfiledCodeHeapSize                  = 0                                      {pd product} {ergonomic}
     bool ProfileInterpreter                       = false                                  {pd product} {command line}
    uintx ProfiledCodeHeapSize                     = 0                                      {pd product} {ergonomic}
     bool ShowCodeDetailsInExceptionMessages       = true                                   {manageable} {command line}
   size_t SoftMaxHeapSize                          = 2067791872                             {manageable} {ergonomic}
     intx TieredStopAtLevel                        = 1                                         {product} {command line}
     bool UseCompressedClassPointers               = true                           {product lp64_product} {ergonomic}
     bool UseCompressedOops                        = true                           {product lp64_product} {ergonomic}
     bool UseG1GC                                  = true                                      {product} {ergonomic}
     bool UseLargePagesIndividualAllocation        = false                                  {pd product} {ergonomic}

Logging:
Log output configuration:
 #0: stdout all=warning uptime,level,tags
 #1: stderr all=off uptime,level,tags

Environment Variables:
JAVA_HOME=C:\Program Files\Java\jdk-11.0.17
CLASSPATH=C:\mysql-connector-java-8.0.27.jar;
PATH=C:/Users/Sangita/Downloads/spring-tool-suite-4-4.18.0.RELEASE-e4.27.0-win32.win32.x86_64.self-extracting/sts-4.18.0.RELEASE//plugins/org.eclipse.justj.openjdk.hotspot.jre.full.win32.x86_64_17.0.6.v20230204-1729/jre/bin/server;C:/Users/Sangita/Downloads/spring-tool-suite-4-4.18.0.RELEASE-e4.27.0-win32.win32.x86_64.self-extracting/sts-4.18.0.RELEASE//plugins/org.eclipse.justj.openjdk.hotspot.jre.full.win32.x86_64_17.0.6.v20230204-1729/jre/bin;C:\Program Files\Common Files\Oracle\Java\javapath;C:\WINDOWS\system32;C:\WINDOWS;C:\WINDOWS\System32\Wbem;C:\WINDOWS\System32\WindowsPowerShell\v1.0\;C:\WINDOWS\System32\OpenSSH\;C:\MinGW\bin;C:\Program Files\Git\cmd;C:\Program Files\Java\jdk-11.0.17\bin;C:\ProgramData\chocolatey\bin;C:\ProgramData\Microsoft\Windows\Start Menu\Programs\Node.js;;C:\Program Files\nodejs;C:\Program Files\Docker\Docker\resources\bin;C:\Users\Sangita\AppData\Local\Programs\Microsoft VS Code\bin;C:\MinGW\mingw32\bin;C:\mysql-connector-java-8.0.27\mysql-connector-java-8.0.27;C:\Users\Sangita\AppData\Local\GitHubDesktop\bin;C:\Program Files\Java\jdk1.7.0_80\bin;C:\Users\Sangita\AppData\Roaming\npm;C:\Users\Sangita\AppData\Local\gitkraken\bin;C:\ProgramData\Microsoft\Windows\Start Menu\Programs\Node.js;%NVM_HOME%;C:\Program Files\nodejs;C:\Users\Sangita\AppData\Local\Microsoft\WindowsApps;;C:\Users\Sangita\Downloads\spring-tool-suite-4-4.18.0.RELEASE-e4.27.0-win32.win32.x86_64.self-extracting\sts-4.18.0.RELEASE;
USERNAME=Sangita
OS=Windows_NT
PROCESSOR_IDENTIFIER=Intel64 Family 6 Model 126 Stepping 5, GenuineIntel
TMP=C:\Users\Sangita\AppData\Local\Temp
TEMP=C:\Users\Sangita\AppData\Local\Temp



---------------  S Y S T E M  ---------------

OS:
 Windows 11 , 64 bit Build 22621 (10.0.22621.3958)
OS uptime: 5 days 22:54 hours
Hyper-V role detected

CPU: total 4 (initial active 4) (2 cores per cpu, 2 threads per core) family 6 model 126 stepping 5 microcode 0xa0, cx8, cmov, fxsr, ht, mmx, 3dnowpref, sse, sse2, sse3, ssse3, sse4.1, sse4.2, popcnt, lzcnt, tsc, tscinvbit, avx, avx2, aes, erms, clmul, bmi1, bmi2, adx, avx512f, avx512dq, avx512cd, avx512bw, avx512vl, sha, fma, vzeroupper, avx512_vpopcntdq, avx512_vpclmulqdq, avx512_vaes, avx512_vnni, clflush, clflushopt, avx512_vbmi2, avx512_vbmi, hv

Memory: 4k page, system-wide physical 7880M (457M free)
TotalPageFile size 15380M (AvailPageFile size 5M)
current process WorkingSet (physical memory assigned to process): 227M, peak: 227M
current process commit charge ("private bytes"): 252M, peak: 252M

vm_info: OpenJDK 64-Bit Server VM (17.0.6+10) for windows-amd64 JRE (17.0.6+10), built on Jan 18 2023 10:08:59 by "temurin" with MS VC++ 16.7 (VS2019)

END.
