#
# There is insufficient memory for the Java Runtime Environment to continue.
# Native memory allocation (mmap) failed to map 142606336 bytes for G1 virtual space
# Possible reasons:
#   The system is out of physical RAM or swap space
#   The process is running with CompressedOops enabled, and the Java Heap may be blocking the growth of the native heap
# Possible solutions:
#   Reduce memory load on the system
#   Increase physical memory or swap space
#   Check if swap backing store is full
#   Decrease Java heap size (-Xmx/-Xms)
#   Decrease number of Java threads
#   Decrease Java thread stack sizes (-Xss)
#   Set larger code cache with -XX:ReservedCodeCacheSize=
#   JVM is running with Unscaled Compressed Oops mode in which the Java heap is
#     placed in the first 4GB address space. The Java Heap base address is the
#     maximum limit for the native heap growth. Please use -XX:HeapBaseMinAddress
#     to set the Java Heap base and to place the Java Heap above 4GB virtual address.
# This output file may be truncated or incomplete.
#
#  Out of Memory Error (os_windows.cpp:3557), pid=10648, tid=17480
#
# JRE version: OpenJDK Runtime Environment Temurin-17.0.6+10 (17.0.6+10) (build 17.0.6+10)
# Java VM: OpenJDK 64-Bit Server VM Temurin-17.0.6+10 (17.0.6+10, mixed mode, emulated-client, tiered, compressed oops, compressed class ptrs, g1 gc, windows-amd64)
# No core dump will be written. Minidumps are not enabled by default on client versions of Windows
#

---------------  S U M M A R Y ------------

Command Line: -Dcom.sun.management.jmxremote -Dcom.sun.management.jmxremote.port=51816 -Dcom.sun.management.jmxremote.authenticate=false -Dcom.sun.management.jmxremote.ssl=false -Djava.rmi.server.hostname=localhost -Dspring.jmx.enabled=true -Dmanagement.endpoints.jmx.exposure.include=* -Dspring.application.admin.enabled=true -XX:TieredStopAtLevel=1 -Dspring.boot.project.name=batchService -Dfile.encoding=UTF-8 -XX:+ShowCodeDetailsInExceptionMessages com.batch.BatchServiceApplication --spring.output.ansi.enabled=always

Host: Intel(R) Core(TM) i3-1005G1 CPU @ 1.20GHz, 4 cores, 7G,  Windows 11 , 64 bit Build 22621 (10.0.22621.3958)
Time: Fri Jun 13 22:11:40 2025 India Standard Time elapsed time: 14.594351 seconds (0d 0h 0m 14s)

---------------  T H R E A D  ---------------

Current thread (0x000002a32ac0c2a0):  VMThread "VM Thread" [stack: 0x000000ad1f700000,0x000000ad1f800000] [id=17480]

Stack: [0x000000ad1f700000,0x000000ad1f800000]
Native frames: (J=compiled Java code, j=interpreted, Vv=VM code, C=native code)
V  [jvm.dll+0x67741a]
V  [jvm.dll+0x834434]
V  [jvm.dll+0x835bde]
V  [jvm.dll+0x836243]
V  [jvm.dll+0x2457b5]
V  [jvm.dll+0x674329]
V  [jvm.dll+0x6689da]
V  [jvm.dll+0x30489b]
V  [jvm.dll+0x30bd96]
V  [jvm.dll+0x35b57e]
V  [jvm.dll+0x35b7af]
V  [jvm.dll+0x2db778]
V  [jvm.dll+0x2d9a2c]
V  [jvm.dll+0x2d8ffc]
V  [jvm.dll+0x31cdcb]
V  [jvm.dll+0x83a6eb]
V  [jvm.dll+0x83b424]
V  [jvm.dll+0x83b93c]
V  [jvm.dll+0x83bd14]
V  [jvm.dll+0x83bde0]
V  [jvm.dll+0x7e483a]
V  [jvm.dll+0x6762c5]
C  [ucrtbase.dll+0x29333]
C  [KERNEL32.DLL+0x1257d]
C  [ntdll.dll+0x5af08]

VM_Operation (0x000000ad210f5ec0): G1CollectForAllocation, mode: safepoint, requested by thread 0x000002a32caa38c0


---------------  P R O C E S S  ---------------

Threads class SMR info:
_java_thread_list=0x000002a331cda510, length=28, elements={
0x000002a31cfe2630, 0x000002a32ac13d70, 0x000002a32ac14720, 0x000002a32ac68020,
0x000002a32ac79c00, 0x000002a32ac7a8d0, 0x000002a32ac806a0, 0x000002a32ac85b80,
0x000002a32aca9080, 0x000002a32ae8e860, 0x000002a32aea6650, 0x000002a32aea7420,
0x000002a32aee3e40, 0x000002a32b86f2e0, 0x000002a32b875ff0, 0x000002a32c75b140,
0x000002a32c783070, 0x000002a32c77aca0, 0x000002a32c77b750, 0x000002a32c7f9090,
0x000002a32caa2f20, 0x000002a32caa38c0, 0x000002a32caa20b0, 0x000002a32caa33f0,
0x000002a32caa2580, 0x000002a32caa2a50, 0x000002a32fdba060, 0x000002a32fdbc210
}

Java Threads: ( => current thread )
  0x000002a31cfe2630 JavaThread "main" [_thread_blocked, id=7824, stack(0x000000ad1f100000,0x000000ad1f200000)]
  0x000002a32ac13d70 JavaThread "Reference Handler" daemon [_thread_blocked, id=3600, stack(0x000000ad1f800000,0x000000ad1f900000)]
  0x000002a32ac14720 JavaThread "Finalizer" daemon [_thread_blocked, id=19608, stack(0x000000ad1f900000,0x000000ad1fa00000)]
  0x000002a32ac68020 JavaThread "Signal Dispatcher" daemon [_thread_blocked, id=19900, stack(0x000000ad1fa00000,0x000000ad1fb00000)]
  0x000002a32ac79c00 JavaThread "Attach Listener" daemon [_thread_blocked, id=5664, stack(0x000000ad1fb00000,0x000000ad1fc00000)]
  0x000002a32ac7a8d0 JavaThread "Service Thread" daemon [_thread_blocked, id=7212, stack(0x000000ad1fc00000,0x000000ad1fd00000)]
  0x000002a32ac806a0 JavaThread "Monitor Deflation Thread" daemon [_thread_blocked, id=9468, stack(0x000000ad1fd00000,0x000000ad1fe00000)]
  0x000002a32ac85b80 JavaThread "C1 CompilerThread0" daemon [_thread_blocked, id=15052, stack(0x000000ad1fe00000,0x000000ad1ff00000)]
  0x000002a32aca9080 JavaThread "Sweeper thread" daemon [_thread_blocked, id=5976, stack(0x000000ad1ff00000,0x000000ad20000000)]
  0x000002a32ae8e860 JavaThread "Common-Cleaner" daemon [_thread_blocked, id=5452, stack(0x000000ad20000000,0x000000ad20100000)]
  0x000002a32aea6650 JavaThread "C1 CompilerThread1" daemon [_thread_blocked, id=19720, stack(0x000000ad20100000,0x000000ad20200000)]
  0x000002a32aea7420 JavaThread "C1 CompilerThread2" daemon [_thread_blocked, id=4952, stack(0x000000ad20200000,0x000000ad20300000)]
  0x000002a32aee3e40 JavaThread "Notification Thread" daemon [_thread_blocked, id=18792, stack(0x000000ad20300000,0x000000ad20400000)]
  0x000002a32b86f2e0 JavaThread "RMI TCP Accept-0" daemon [_thread_in_native, id=11400, stack(0x000000ad20700000,0x000000ad20800000)]
  0x000002a32b875ff0 JavaThread "RMI TCP Accept-51816" daemon [_thread_in_native, id=1772, stack(0x000000ad20800000,0x000000ad20900000)]
  0x000002a32c75b140 JavaThread "RMI TCP Accept-0" daemon [_thread_in_native, id=3784, stack(0x000000ad20900000,0x000000ad20a00000)]
  0x000002a32c783070 JavaThread "RMI TCP Connection(1)-127.0.0.1" daemon [_thread_in_native, id=17536, stack(0x000000ad20b00000,0x000000ad20c00000)]
  0x000002a32c77aca0 JavaThread "RMI Scheduler(0)" daemon [_thread_blocked, id=20464, stack(0x000000ad20c00000,0x000000ad20d00000)]
  0x000002a32c77b750 JavaThread "RMI TCP Connection(2)-127.0.0.1" daemon [_thread_in_native, id=18388, stack(0x000000ad20d00000,0x000000ad20e00000)]
  0x000002a32c7f9090 JavaThread "JMX server connection timeout 21" daemon [_thread_blocked, id=11244, stack(0x000000ad20e00000,0x000000ad20f00000)]
  0x000002a32caa2f20 JavaThread "Thread-0" [_thread_blocked, id=18288, stack(0x000000ad20f00000,0x000000ad21000000)]
  0x000002a32caa38c0 JavaThread "restartedMain" [_thread_blocked, id=21128, stack(0x000000ad21000000,0x000000ad21100000)]
  0x000002a32caa20b0 JavaThread "Catalina-utility-1" [_thread_blocked, id=3676, stack(0x000000ad21100000,0x000000ad21200000)]
  0x000002a32caa33f0 JavaThread "Catalina-utility-2" [_thread_blocked, id=12708, stack(0x000000ad21200000,0x000000ad21300000)]
  0x000002a32caa2580 JavaThread "container-0" [_thread_blocked, id=15896, stack(0x000000ad21300000,0x000000ad21400000)]
  0x000002a32caa2a50 JavaThread "mysql-cj-abandoned-connection-cleanup" daemon [_thread_blocked, id=12444, stack(0x000000ad21400000,0x000000ad21500000)]
  0x000002a32fdba060 JavaThread "HikariPool-1 housekeeper" daemon [_thread_blocked, id=16932, stack(0x000000ad21600000,0x000000ad21700000)]
  0x000002a32fdbc210 JavaThread "spring.cloud.inetutils" daemon [_thread_blocked, id=2444, stack(0x000000ad21800000,0x000000ad21900000)]

Other Threads:
=>0x000002a32ac0c2a0 VMThread "VM Thread" [stack: 0x000000ad1f700000,0x000000ad1f800000] [id=17480]
  0x000002a32b860d10 WatcherThread [stack: 0x000000ad20a00000,0x000000ad20b00000] [id=14788]
  0x000002a31d03d1c0 GCTaskThread "GC Thread#0" [stack: 0x000000ad1f200000,0x000000ad1f300000] [id=3052]
  0x000002a32b821030 GCTaskThread "GC Thread#1" [stack: 0x000000ad20400000,0x000000ad20500000] [id=20388]
  0x000002a32b842110 GCTaskThread "GC Thread#2" [stack: 0x000000ad20500000,0x000000ad20600000] [id=19412]
  0x000002a32b8423c0 GCTaskThread "GC Thread#3" [stack: 0x000000ad20600000,0x000000ad20700000] [id=18868]
  0x000002a31d04de20 ConcurrentGCThread "G1 Main Marker" [stack: 0x000000ad1f300000,0x000000ad1f400000] [id=2172]
  0x000002a31d04e730 ConcurrentGCThread "G1 Conc#0" [stack: 0x000000ad1f400000,0x000000ad1f500000] [id=19984]
  0x000002a32a01b4d0 ConcurrentGCThread "G1 Refine#0" [stack: 0x000000ad1f500000,0x000000ad1f600000] [id=17596]
  0x000002a31d07d990 ConcurrentGCThread "G1 Service" [stack: 0x000000ad1f600000,0x000000ad1f700000] [id=19276]

Threads with active compile tasks:

VM state: at safepoint (normal execution)

VM Mutex/Monitor currently owned by a thread:  ([mutex/lock_event])
[0x000002a31cfc7590] Threads_lock - owner thread: 0x000002a32ac0c2a0
[0x000002a31cfc8550] Heap_lock - owner thread: 0x000002a32caa38c0

Heap address: 0x0000000084c00000, size: 1972 MB, Compressed Oops mode: 32-bit

CDS archive(s) not mapped
Compressed class space mapped at: 0x0000000100000000-0x0000000140000000, reserved size: 1073741824
Narrow klass base: 0x0000000000000000, Narrow klass shift: 3, Narrow klass range: 0x140000000

GC Precious Log:
 CPUs: 4 total, 4 available
 Memory: 7880M
 Large Page Support: Disabled
 NUMA Support: Disabled
 Compressed Oops: Enabled (32-bit)
 Heap Region Size: 1M
 Heap Min Capacity: 8M
 Heap Initial Capacity: 124M
 Heap Max Capacity: 1972M
 Pre-touch: Disabled
 Parallel Workers: 4
 Concurrent Workers: 1
 Concurrent Refinement Workers: 4
 Periodic GC: Disabled

Heap:
 garbage-first heap   total 139264K, used 60546K [0x0000000084c00000, 0x0000000100000000)
  region size 1024K, 4 young (4096K), 4 survivors (4096K)
 Metaspace       used 89596K, committed 90176K, reserved 1130496K
  class space    used 12640K, committed 12928K, reserved 1048576K

Heap Regions: E=young(eden), S=young(survivor), O=old, HS=humongous(starts), HC=humongous(continues), CS=collection set, F=free, OA=open archive, CA=closed archive, TAMS=top-at-mark-start (previous, next)
|   0|0x0000000084c00000, 0x0000000084d00000, 0x0000000084d00000|100%|HS|  |TAMS 0x0000000084d00000, 0x0000000084c00000| Complete 
|   1|0x0000000084d00000, 0x0000000084e00000, 0x0000000084e00000|100%|HS|  |TAMS 0x0000000084e00000, 0x0000000084d00000| Complete 
|   2|0x0000000084e00000, 0x0000000084f00000, 0x0000000084f00000|100%| O|  |TAMS 0x0000000084f00000, 0x0000000084e00000| Untracked 
|   3|0x0000000084f00000, 0x0000000085000000, 0x0000000085000000|100%| O|  |TAMS 0x0000000085000000, 0x0000000084f00000| Untracked 
|   4|0x0000000085000000, 0x0000000085100000, 0x0000000085100000|100%| O|  |TAMS 0x0000000085100000, 0x0000000085000000| Untracked 
|   5|0x0000000085100000, 0x0000000085200000, 0x0000000085200000|100%| O|  |TAMS 0x0000000085200000, 0x0000000085100000| Untracked 
|   6|0x0000000085200000, 0x0000000085300000, 0x0000000085300000|100%| O|  |TAMS 0x0000000085300000, 0x0000000085200000| Untracked 
|   7|0x0000000085300000, 0x0000000085400000, 0x0000000085400000|100%| O|  |TAMS 0x0000000085400000, 0x0000000085300000| Untracked 
|   8|0x0000000085400000, 0x0000000085500000, 0x0000000085500000|100%| O|  |TAMS 0x0000000085500000, 0x0000000085400000| Untracked 
|   9|0x0000000085500000, 0x00000000855b6e00, 0x0000000085600000| 71%| O|  |TAMS 0x00000000855b6e00, 0x0000000085500000| Untracked 
|  10|0x0000000085600000, 0x0000000085700000, 0x0000000085700000|100%| O|  |TAMS 0x0000000085700000, 0x0000000085600000| Untracked 
|  11|0x0000000085700000, 0x0000000085800000, 0x0000000085800000|100%| O|  |TAMS 0x0000000085800000, 0x0000000085700000| Untracked 
|  12|0x0000000085800000, 0x0000000085900000, 0x0000000085900000|100%| O|  |TAMS 0x0000000085900000, 0x0000000085800000| Untracked 
|  13|0x0000000085900000, 0x0000000085a00000, 0x0000000085a00000|100%| O|  |TAMS 0x0000000085900000, 0x0000000085900000| Untracked 
|  14|0x0000000085a00000, 0x0000000085b00000, 0x0000000085b00000|100%| O|  |TAMS 0x0000000085b00000, 0x0000000085a00000| Untracked 
|  15|0x0000000085b00000, 0x0000000085c00000, 0x0000000085c00000|100%| O|  |TAMS 0x0000000085c00000, 0x0000000085b00000| Untracked 
|  16|0x0000000085c00000, 0x0000000085d00000, 0x0000000085d00000|100%| O|  |TAMS 0x0000000085d00000, 0x0000000085c00000| Untracked 
|  17|0x0000000085d00000, 0x0000000085e00000, 0x0000000085e00000|100%| O|  |TAMS 0x0000000085e00000, 0x0000000085d00000| Untracked 
|  18|0x0000000085e00000, 0x0000000085f00000, 0x0000000085f00000|100%| O|  |TAMS 0x0000000085e00000, 0x0000000085e00000| Untracked 
|  19|0x0000000085f00000, 0x0000000086000000, 0x0000000086000000|100%| O|  |TAMS 0x0000000086000000, 0x0000000085f00000| Untracked 
|  20|0x0000000086000000, 0x0000000086100000, 0x0000000086100000|100%| O|  |TAMS 0x0000000086100000, 0x0000000086000000| Untracked 
|  21|0x0000000086100000, 0x0000000086200000, 0x0000000086200000|100%| O|  |TAMS 0x0000000086200000, 0x0000000086100000| Untracked 
|  22|0x0000000086200000, 0x0000000086300000, 0x0000000086300000|100%| O|  |TAMS 0x0000000086300000, 0x0000000086200000| Untracked 
|  23|0x0000000086300000, 0x0000000086400000, 0x0000000086400000|100%| O|  |TAMS 0x0000000086400000, 0x0000000086300000| Untracked 
|  24|0x0000000086400000, 0x0000000086500000, 0x0000000086500000|100%| O|  |TAMS 0x0000000086500000, 0x0000000086400000| Untracked 
|  25|0x0000000086500000, 0x0000000086600000, 0x0000000086600000|100%| O|  |TAMS 0x0000000086600000, 0x0000000086500000| Untracked 
|  26|0x0000000086600000, 0x0000000086700000, 0x0000000086700000|100%| O|  |TAMS 0x0000000086700000, 0x0000000086600000| Untracked 
|  27|0x0000000086700000, 0x0000000086800000, 0x0000000086800000|100%| O|  |TAMS 0x0000000086800000, 0x0000000086700000| Untracked 
|  28|0x0000000086800000, 0x0000000086900000, 0x0000000086900000|100%| O|  |TAMS 0x0000000086900000, 0x0000000086800000| Untracked 
|  29|0x0000000086900000, 0x0000000086a00000, 0x0000000086a00000|100%| O|  |TAMS 0x0000000086a00000, 0x0000000086900000| Untracked 
|  30|0x0000000086a00000, 0x0000000086b00000, 0x0000000086b00000|100%| O|  |TAMS 0x0000000086b00000, 0x0000000086a00000| Untracked 
|  31|0x0000000086b00000, 0x0000000086c00000, 0x0000000086c00000|100%| O|  |TAMS 0x0000000086c00000, 0x0000000086b00000| Untracked 
|  32|0x0000000086c00000, 0x0000000086d00000, 0x0000000086d00000|100%| O|  |TAMS 0x0000000086d00000, 0x0000000086c00000| Untracked 
|  33|0x0000000086d00000, 0x0000000086e00000, 0x0000000086e00000|100%| O|  |TAMS 0x0000000086e00000, 0x0000000086d00000| Untracked 
|  34|0x0000000086e00000, 0x0000000086f00000, 0x0000000086f00000|100%| O|  |TAMS 0x0000000086f00000, 0x0000000086e00000| Untracked 
|  35|0x0000000086f00000, 0x0000000087000000, 0x0000000087000000|100%| O|  |TAMS 0x0000000087000000, 0x0000000086f00000| Untracked 
|  36|0x0000000087000000, 0x0000000087100000, 0x0000000087100000|100%| O|  |TAMS 0x0000000087100000, 0x0000000087000000| Untracked 
|  37|0x0000000087100000, 0x0000000087200000, 0x0000000087200000|100%| O|  |TAMS 0x0000000087200000, 0x0000000087100000| Untracked 
|  38|0x0000000087200000, 0x0000000087300000, 0x0000000087300000|100%| O|  |TAMS 0x0000000087300000, 0x0000000087200000| Untracked 
|  39|0x0000000087300000, 0x0000000087400000, 0x0000000087400000|100%| O|  |TAMS 0x0000000087400000, 0x0000000087300000| Untracked 
|  40|0x0000000087400000, 0x0000000087500000, 0x0000000087500000|100%| O|  |TAMS 0x0000000087500000, 0x0000000087400000| Untracked 
|  41|0x0000000087500000, 0x0000000087600000, 0x0000000087600000|100%| O|  |TAMS 0x0000000087600000, 0x0000000087500000| Untracked 
|  42|0x0000000087600000, 0x0000000087700000, 0x0000000087700000|100%| O|  |TAMS 0x0000000087700000, 0x0000000087600000| Untracked 
|  43|0x0000000087700000, 0x0000000087800000, 0x0000000087800000|100%| O|  |TAMS 0x0000000087800000, 0x0000000087700000| Untracked 
|  44|0x0000000087800000, 0x0000000087900000, 0x0000000087900000|100%| O|  |TAMS 0x0000000087837400, 0x0000000087800000| Untracked 
|  45|0x0000000087900000, 0x0000000087a00000, 0x0000000087a00000|100%| O|  |TAMS 0x0000000087900000, 0x0000000087900000| Untracked 
|  46|0x0000000087a00000, 0x0000000087b00000, 0x0000000087b00000|100%| O|  |TAMS 0x0000000087a00000, 0x0000000087a00000| Untracked 
|  47|0x0000000087b00000, 0x0000000087c00000, 0x0000000087c00000|100%| O|  |TAMS 0x0000000087b00000, 0x0000000087b00000| Untracked 
|  48|0x0000000087c00000, 0x0000000087d00000, 0x0000000087d00000|100%| O|  |TAMS 0x0000000087c00000, 0x0000000087c00000| Untracked 
|  49|0x0000000087d00000, 0x0000000087e00000, 0x0000000087e00000|100%| O|  |TAMS 0x0000000087d00000, 0x0000000087d00000| Untracked 
|  50|0x0000000087e00000, 0x0000000087f00000, 0x0000000087f00000|100%| O|  |TAMS 0x0000000087e00000, 0x0000000087e00000| Untracked 
|  51|0x0000000087f00000, 0x0000000088000000, 0x0000000088000000|100%| O|  |TAMS 0x0000000087f00000, 0x0000000087f00000| Untracked 
|  52|0x0000000088000000, 0x0000000088100000, 0x0000000088100000|100%| O|  |TAMS 0x0000000088000000, 0x0000000088000000| Untracked 
|  53|0x0000000088100000, 0x0000000088200000, 0x0000000088200000|100%| O|  |TAMS 0x0000000088100000, 0x0000000088100000| Untracked 
|  54|0x0000000088200000, 0x0000000088300000, 0x0000000088300000|100%| O|  |TAMS 0x0000000088200000, 0x0000000088200000| Untracked 
|  55|0x0000000088300000, 0x0000000088369a00, 0x0000000088400000| 41%| O|  |TAMS 0x0000000088300000, 0x0000000088300000| Untracked 
|  56|0x0000000088400000, 0x0000000088400000, 0x0000000088500000|  0%| F|  |TAMS 0x0000000088400000, 0x0000000088400000| Untracked 
|  57|0x0000000088500000, 0x0000000088500000, 0x0000000088600000|  0%| F|  |TAMS 0x0000000088500000, 0x0000000088500000| Untracked 
|  58|0x0000000088600000, 0x0000000088600000, 0x0000000088700000|  0%| F|  |TAMS 0x0000000088600000, 0x0000000088600000| Untracked 
|  59|0x0000000088700000, 0x0000000088700000, 0x0000000088800000|  0%| F|  |TAMS 0x0000000088700000, 0x0000000088700000| Untracked 
|  60|0x0000000088800000, 0x0000000088800000, 0x0000000088900000|  0%| F|  |TAMS 0x0000000088800000, 0x0000000088800000| Untracked 
|  61|0x0000000088900000, 0x0000000088900000, 0x0000000088a00000|  0%| F|  |TAMS 0x0000000088900000, 0x0000000088900000| Untracked 
|  62|0x0000000088a00000, 0x0000000088a00000, 0x0000000088b00000|  0%| F|  |TAMS 0x0000000088a00000, 0x0000000088a00000| Untracked 
|  63|0x0000000088b00000, 0x0000000088b00000, 0x0000000088c00000|  0%| F|  |TAMS 0x0000000088b00000, 0x0000000088b00000| Untracked 
|  64|0x0000000088c00000, 0x0000000088c00000, 0x0000000088d00000|  0%| F|  |TAMS 0x0000000088c00000, 0x0000000088c00000| Untracked 
|  65|0x0000000088d00000, 0x0000000088d00000, 0x0000000088e00000|  0%| F|  |TAMS 0x0000000088d00000, 0x0000000088d00000| Untracked 
|  66|0x0000000088e00000, 0x0000000088e00000, 0x0000000088f00000|  0%| F|  |TAMS 0x0000000088e00000, 0x0000000088e00000| Untracked 
|  67|0x0000000088f00000, 0x0000000088f00000, 0x0000000089000000|  0%| F|  |TAMS 0x0000000088f00000, 0x0000000088f00000| Untracked 
|  68|0x0000000089000000, 0x0000000089000000, 0x0000000089100000|  0%| F|  |TAMS 0x0000000089000000, 0x0000000089000000| Untracked 
|  69|0x0000000089100000, 0x0000000089100000, 0x0000000089200000|  0%| F|  |TAMS 0x0000000089100000, 0x0000000089100000| Untracked 
|  70|0x0000000089200000, 0x0000000089200000, 0x0000000089300000|  0%| F|  |TAMS 0x0000000089200000, 0x0000000089200000| Untracked 
|  71|0x0000000089300000, 0x0000000089300000, 0x0000000089400000|  0%| F|  |TAMS 0x0000000089300000, 0x0000000089300000| Untracked 
|  72|0x0000000089400000, 0x0000000089400000, 0x0000000089500000|  0%| F|  |TAMS 0x0000000089400000, 0x0000000089400000| Untracked 
|  73|0x0000000089500000, 0x0000000089500000, 0x0000000089600000|  0%| F|  |TAMS 0x0000000089500000, 0x0000000089500000| Untracked 
|  74|0x0000000089600000, 0x0000000089700000, 0x0000000089700000|100%| S|CS|TAMS 0x0000000089600000, 0x0000000089600000| Complete 
|  75|0x0000000089700000, 0x0000000089800000, 0x0000000089800000|100%| S|CS|TAMS 0x0000000089700000, 0x0000000089700000| Complete 
|  76|0x0000000089800000, 0x0000000089900000, 0x0000000089900000|100%| S|CS|TAMS 0x0000000089800000, 0x0000000089800000| Complete 
|  77|0x0000000089900000, 0x0000000089900000, 0x0000000089a00000|  0%| F|  |TAMS 0x0000000089900000, 0x0000000089900000| Untracked 
|  78|0x0000000089a00000, 0x0000000089a00000, 0x0000000089b00000|  0%| F|  |TAMS 0x0000000089a00000, 0x0000000089a00000| Untracked 
|  79|0x0000000089b00000, 0x0000000089c00000, 0x0000000089c00000|100%| S|CS|TAMS 0x0000000089b00000, 0x0000000089b00000| Complete 
|  80|0x0000000089c00000, 0x0000000089c00000, 0x0000000089d00000|  0%| F|  |TAMS 0x0000000089c00000, 0x0000000089c00000| Untracked 
|  81|0x0000000089d00000, 0x0000000089d00000, 0x0000000089e00000|  0%| F|  |TAMS 0x0000000089d00000, 0x0000000089d00000| Untracked 
|  82|0x0000000089e00000, 0x0000000089e00000, 0x0000000089f00000|  0%| F|  |TAMS 0x0000000089e00000, 0x0000000089e00000| Untracked 
|  83|0x0000000089f00000, 0x0000000089f00000, 0x000000008a000000|  0%| F|  |TAMS 0x0000000089f00000, 0x0000000089f00000| Untracked 
|  84|0x000000008a000000, 0x000000008a000000, 0x000000008a100000|  0%| F|  |TAMS 0x000000008a000000, 0x000000008a000000| Untracked 
|  85|0x000000008a100000, 0x000000008a100000, 0x000000008a200000|  0%| F|  |TAMS 0x000000008a100000, 0x000000008a100000| Untracked 
|  86|0x000000008a200000, 0x000000008a200000, 0x000000008a300000|  0%| F|  |TAMS 0x000000008a200000, 0x000000008a200000| Untracked 
|  87|0x000000008a300000, 0x000000008a300000, 0x000000008a400000|  0%| F|  |TAMS 0x000000008a300000, 0x000000008a300000| Untracked 
|  88|0x000000008a400000, 0x000000008a400000, 0x000000008a500000|  0%| F|  |TAMS 0x000000008a400000, 0x000000008a400000| Untracked 
|  89|0x000000008a500000, 0x000000008a500000, 0x000000008a600000|  0%| F|  |TAMS 0x000000008a500000, 0x000000008a500000| Untracked 
|  90|0x000000008a600000, 0x000000008a600000, 0x000000008a700000|  0%| F|  |TAMS 0x000000008a600000, 0x000000008a600000| Untracked 
|  91|0x000000008a700000, 0x000000008a700000, 0x000000008a800000|  0%| F|  |TAMS 0x000000008a700000, 0x000000008a700000| Untracked 
|  92|0x000000008a800000, 0x000000008a800000, 0x000000008a900000|  0%| F|  |TAMS 0x000000008a800000, 0x000000008a800000| Untracked 
|  93|0x000000008a900000, 0x000000008a900000, 0x000000008aa00000|  0%| F|  |TAMS 0x000000008a900000, 0x000000008a900000| Untracked 
|  94|0x000000008aa00000, 0x000000008aa00000, 0x000000008ab00000|  0%| F|  |TAMS 0x000000008aa00000, 0x000000008aa00000| Untracked 
|  95|0x000000008ab00000, 0x000000008ab00000, 0x000000008ac00000|  0%| F|  |TAMS 0x000000008ab00000, 0x000000008ab00000| Untracked 
|  96|0x000000008ac00000, 0x000000008ac00000, 0x000000008ad00000|  0%| F|  |TAMS 0x000000008ac00000, 0x000000008ac00000| Untracked 
|  97|0x000000008ad00000, 0x000000008ad00000, 0x000000008ae00000|  0%| F|  |TAMS 0x000000008ad00000, 0x000000008ad00000| Untracked 
|  98|0x000000008ae00000, 0x000000008ae00000, 0x000000008af00000|  0%| F|  |TAMS 0x000000008ae00000, 0x000000008ae00000| Untracked 
|  99|0x000000008af00000, 0x000000008af00000, 0x000000008b000000|  0%| F|  |TAMS 0x000000008af00000, 0x000000008af00000| Untracked 
| 100|0x000000008b000000, 0x000000008b000000, 0x000000008b100000|  0%| F|  |TAMS 0x000000008b000000, 0x000000008b000000| Untracked 
| 101|0x000000008b100000, 0x000000008b100000, 0x000000008b200000|  0%| F|  |TAMS 0x000000008b100000, 0x000000008b100000| Untracked 
| 102|0x000000008b200000, 0x000000008b200000, 0x000000008b300000|  0%| F|  |TAMS 0x000000008b200000, 0x000000008b200000| Untracked 
| 103|0x000000008b300000, 0x000000008b300000, 0x000000008b400000|  0%| F|  |TAMS 0x000000008b300000, 0x000000008b300000| Untracked 
| 104|0x000000008b400000, 0x000000008b400000, 0x000000008b500000|  0%| F|  |TAMS 0x000000008b400000, 0x000000008b400000| Untracked 
| 105|0x000000008b500000, 0x000000008b500000, 0x000000008b600000|  0%| F|  |TAMS 0x000000008b500000, 0x000000008b500000| Untracked 
| 106|0x000000008b600000, 0x000000008b600000, 0x000000008b700000|  0%| F|  |TAMS 0x000000008b600000, 0x000000008b600000| Untracked 
| 107|0x000000008b700000, 0x000000008b700000, 0x000000008b800000|  0%| F|  |TAMS 0x000000008b700000, 0x000000008b700000| Untracked 
| 108|0x000000008b800000, 0x000000008b800000, 0x000000008b900000|  0%| F|  |TAMS 0x000000008b800000, 0x000000008b800000| Untracked 
| 109|0x000000008b900000, 0x000000008b900000, 0x000000008ba00000|  0%| F|  |TAMS 0x000000008b900000, 0x000000008b900000| Untracked 
| 110|0x000000008ba00000, 0x000000008ba00000, 0x000000008bb00000|  0%| F|  |TAMS 0x000000008ba00000, 0x000000008ba00000| Untracked 
| 111|0x000000008bb00000, 0x000000008bb00000, 0x000000008bc00000|  0%| F|  |TAMS 0x000000008bb00000, 0x000000008bb00000| Untracked 
| 112|0x000000008bc00000, 0x000000008bc00000, 0x000000008bd00000|  0%| F|  |TAMS 0x000000008bc00000, 0x000000008bc00000| Untracked 
| 113|0x000000008bd00000, 0x000000008bd00000, 0x000000008be00000|  0%| F|  |TAMS 0x000000008bd00000, 0x000000008bd00000| Untracked 
| 114|0x000000008be00000, 0x000000008be00000, 0x000000008bf00000|  0%| F|  |TAMS 0x000000008be00000, 0x000000008be00000| Untracked 
| 115|0x000000008bf00000, 0x000000008bf00000, 0x000000008c000000|  0%| F|  |TAMS 0x000000008bf00000, 0x000000008bf00000| Untracked 
| 116|0x000000008c000000, 0x000000008c000000, 0x000000008c100000|  0%| F|  |TAMS 0x000000008c000000, 0x000000008c000000| Untracked 
| 117|0x000000008c100000, 0x000000008c100000, 0x000000008c200000|  0%| F|  |TAMS 0x000000008c100000, 0x000000008c100000| Untracked 
| 118|0x000000008c200000, 0x000000008c200000, 0x000000008c300000|  0%| F|  |TAMS 0x000000008c200000, 0x000000008c200000| Untracked 
| 119|0x000000008c300000, 0x000000008c300000, 0x000000008c400000|  0%| F|  |TAMS 0x000000008c300000, 0x000000008c300000| Untracked 
| 120|0x000000008c400000, 0x000000008c400000, 0x000000008c500000|  0%| F|  |TAMS 0x000000008c400000, 0x000000008c400000| Untracked 
| 121|0x000000008c500000, 0x000000008c500000, 0x000000008c600000|  0%| F|  |TAMS 0x000000008c500000, 0x000000008c500000| Untracked 
| 122|0x000000008c600000, 0x000000008c600000, 0x000000008c700000|  0%| F|  |TAMS 0x000000008c600000, 0x000000008c600000| Untracked 
| 123|0x000000008c700000, 0x000000008c700000, 0x000000008c800000|  0%| F|  |TAMS 0x000000008c700000, 0x000000008c700000| Untracked 
| 124|0x000000008c800000, 0x000000008c800000, 0x000000008c900000|  0%| F|  |TAMS 0x000000008c800000, 0x000000008c800000| Untracked 
| 125|0x000000008c900000, 0x000000008c900000, 0x000000008ca00000|  0%| F|  |TAMS 0x000000008c900000, 0x000000008c900000| Untracked 
| 126|0x000000008ca00000, 0x000000008ca00000, 0x000000008cb00000|  0%| F|  |TAMS 0x000000008ca00000, 0x000000008ca00000| Untracked 
| 127|0x000000008cb00000, 0x000000008cb00000, 0x000000008cc00000|  0%| F|  |TAMS 0x000000008cb00000, 0x000000008cb00000| Untracked 
| 128|0x000000008cc00000, 0x000000008cc00000, 0x000000008cd00000|  0%| F|  |TAMS 0x000000008cc00000, 0x000000008cc00000| Untracked 
| 129|0x000000008cd00000, 0x000000008cd00000, 0x000000008ce00000|  0%| F|  |TAMS 0x000000008cd00000, 0x000000008cd00000| Untracked 
| 130|0x000000008ce00000, 0x000000008ce00000, 0x000000008cf00000|  0%| F|  |TAMS 0x000000008ce00000, 0x000000008ce00000| Untracked 
| 131|0x000000008cf00000, 0x000000008cf00000, 0x000000008d000000|  0%| F|  |TAMS 0x000000008cf00000, 0x000000008cf00000| Untracked 
| 132|0x000000008d000000, 0x000000008d000000, 0x000000008d100000|  0%| F|  |TAMS 0x000000008d000000, 0x000000008d000000| Untracked 
| 133|0x000000008d100000, 0x000000008d100000, 0x000000008d200000|  0%| F|  |TAMS 0x000000008d100000, 0x000000008d100000| Untracked 
| 134|0x000000008d200000, 0x000000008d200000, 0x000000008d300000|  0%| F|  |TAMS 0x000000008d200000, 0x000000008d200000| Untracked 
| 135|0x000000008d300000, 0x000000008d300000, 0x000000008d400000|  0%| F|  |TAMS 0x000000008d300000, 0x000000008d300000| Untracked 

Card table byte_map: [0x000002a323a50000,0x000002a323e30000] _byte_map_base: 0x000002a32362a000

Marking Bits (Prev, Next): (CMBitMap*) 0x000002a31d03d6d0, (CMBitMap*) 0x000002a31d03d710
 Prev Bits: [0x000002a324210000, 0x000002a3260e0000)
 Next Bits: [0x000002a3260e0000, 0x000002a327fb0000)

Polling page: 0x000002a31add0000

Metaspace:

Usage:
  Non-class:     75.15 MB used.
      Class:     12.34 MB used.
       Both:     87.50 MB used.

Virtual space:
  Non-class space:       80.00 MB reserved,      75.44 MB ( 94%) committed,  10 nodes.
      Class space:        1.00 GB reserved,      12.62 MB (  1%) committed,  1 nodes.
             Both:        1.08 GB reserved,      88.06 MB (  8%) committed. 

Chunk freelists:
   Non-Class:  480.00 KB
       Class:  3.42 MB
        Both:  3.89 MB

MaxMetaspaceSize: unlimited
CompressedClassSpaceSize: 1.00 GB
Initial GC threshold: 21.00 MB
Current GC threshold: 126.69 MB
CDS: off
MetaspaceReclaimPolicy: balanced
 - commit_granule_bytes: 65536.
 - commit_granule_words: 8192.
 - virtual_space_node_default_size: 1048576.
 - enlarge_chunks_in_place: 1.
 - new_chunks_are_fully_committed: 0.
 - uncommit_free_chunks: 1.
 - use_allocation_guard: 0.
 - handle_deallocations: 1.


Internal statistics:

num_allocs_failed_limit: 18.
num_arena_births: 836.
num_arena_deaths: 0.
num_vsnodes_births: 11.
num_vsnodes_deaths: 0.
num_space_committed: 1409.
num_space_uncommitted: 0.
num_chunks_returned_to_freelist: 18.
num_chunks_taken_from_freelist: 3727.
num_chunk_merges: 15.
num_chunk_splits: 2735.
num_chunks_enlarged: 2148.
num_purges: 0.
num_inconsistent_stats: 0.

CodeCache: size=49152Kb used=14980Kb max_used=14980Kb free=34172Kb
 bounds [0x000002a320670000, 0x000002a321520000, 0x000002a323670000]
 total_blobs=8436 nmethods=7742 adapters=619
 compilation: enabled
              stopped_count=0, restarted_count=0
 full_count=0

Compilation events (20 events):
Event: 14.456 Thread 0x000002a32aea6650 nmethod 7733 0x000002a32150e010 code [0x000002a32150e1c0, 0x000002a32150e468]
Event: 14.456 Thread 0x000002a32aea7420 nmethod 7732 0x000002a32150e590 code [0x000002a32150e740, 0x000002a32150ea48]
Event: 14.487 Thread 0x000002a32aea7420 7734       1       java.lang.reflect.Constructor::isSynthetic (5 bytes)
Event: 14.488 Thread 0x000002a32aea7420 nmethod 7734 0x000002a32150eb10 code [0x000002a32150eca0, 0x000002a32150ed98]
Event: 14.498 Thread 0x000002a32aea7420 7735       1       org.springframework.beans.factory.annotation.InitDestroyAnnotationBeanPostProcessor$1::invokeInitMethods (1 bytes)
Event: 14.498 Thread 0x000002a32ac85b80 7736       1       org.springframework.context.support.PostProcessorRegistrationDelegate$BeanPostProcessorChecker::isInfrastructureBean (46 bytes)
Event: 14.498 Thread 0x000002a32aea7420 nmethod 7735 0x000002a32150ee10 code [0x000002a32150efa0, 0x000002a32150f058]
Event: 14.498 Thread 0x000002a32ac85b80 nmethod 7736 0x000002a32150f110 code [0x000002a32150f2e0, 0x000002a32150f5c8]
Event: 14.538 Thread 0x000002a32ac85b80 7737       1       org.springframework.beans.factory.annotation.AutowiredAnnotationBeanPostProcessor$$Lambda$680/0x00000001005623c8::<init> (15 bytes)
Event: 14.538 Thread 0x000002a32ac85b80 nmethod 7737 0x000002a32150f810 code [0x000002a32150f9a0, 0x000002a32150faf8]
Event: 14.557 Thread 0x000002a32aea6650 7738       1       org.springframework.boot.actuate.endpoint.annotation.EndpointDiscoverer$EndpointBean::getId (5 bytes)
Event: 14.557 Thread 0x000002a32ac85b80 7740       1       org.springframework.beans.BeanWrapperImpl::<init> (6 bytes)
Event: 14.557 Thread 0x000002a32aea7420 7739       1       org.springframework.beans.BeanWrapperImpl::<init> (6 bytes)
Event: 14.557 Thread 0x000002a32aea6650 nmethod 7738 0x000002a32150fb90 code [0x000002a32150fd20, 0x000002a32150fdf8]
Event: 14.557 Thread 0x000002a32aea6650 7741       1       org.springframework.beans.AbstractNestablePropertyAccessor::<init> (37 bytes)
Event: 14.557 Thread 0x000002a32aea7420 nmethod 7739 0x000002a32150fe90 code [0x000002a321510020, 0x000002a321510108]
Event: 14.557 Thread 0x000002a32ac85b80 nmethod 7740 0x000002a321510190 code [0x000002a321510320, 0x000002a321510408]
Event: 14.557 Thread 0x000002a32aea6650 nmethod 7741 0x000002a321510490 code [0x000002a321510620, 0x000002a321510898]
Event: 14.580 Thread 0x000002a32ac85b80 7742       1       org.springframework.beans.BeanWrapperImpl::setBeanInstance (35 bytes)
Event: 14.580 Thread 0x000002a32ac85b80 nmethod 7742 0x000002a321510990 code [0x000002a321510b60, 0x000002a321510ef8]

GC Heap History (20 events):
Event: 8.719 GC heap after
{Heap after GC invocations=23 (full 0):
 garbage-first heap   total 96256K, used 42855K [0x0000000084c00000, 0x0000000100000000)
  region size 1024K, 3 young (3072K), 3 survivors (3072K)
 Metaspace       used 60455K, committed 60928K, reserved 1105920K
  class space    used 8063K, committed 8320K, reserved 1048576K
}
Event: 9.653 GC heap before
{Heap before GC invocations=24 (full 0):
 garbage-first heap   total 96256K, used 77671K [0x0000000084c00000, 0x0000000100000000)
  region size 1024K, 38 young (38912K), 3 survivors (3072K)
 Metaspace       used 71447K, committed 72064K, reserved 1114112K
  class space    used 9618K, committed 9920K, reserved 1048576K
}
Event: 9.658 GC heap after
{Heap after GC invocations=25 (full 0):
 garbage-first heap   total 96256K, used 44863K [0x0000000084c00000, 0x0000000100000000)
  region size 1024K, 5 young (5120K), 5 survivors (5120K)
 Metaspace       used 71447K, committed 72064K, reserved 1114112K
  class space    used 9618K, committed 9920K, reserved 1048576K
}
Event: 9.691 GC heap before
{Heap before GC invocations=25 (full 0):
 garbage-first heap   total 96256K, used 45887K [0x0000000084c00000, 0x0000000100000000)
  region size 1024K, 6 young (6144K), 5 survivors (5120K)
 Metaspace       used 71692K, committed 72256K, reserved 1114112K
  class space    used 9664K, committed 9920K, reserved 1048576K
}
Event: 9.696 GC heap after
{Heap after GC invocations=26 (full 0):
 garbage-first heap   total 96256K, used 44760K [0x0000000084c00000, 0x0000000100000000)
  region size 1024K, 1 young (1024K), 1 survivors (1024K)
 Metaspace       used 71692K, committed 72256K, reserved 1114112K
  class space    used 9664K, committed 9920K, reserved 1048576K
}
Event: 10.360 GC heap before
{Heap before GC invocations=26 (full 0):
 garbage-first heap   total 96256K, used 78552K [0x0000000084c00000, 0x0000000100000000)
  region size 1024K, 34 young (34816K), 1 survivors (1024K)
 Metaspace       used 76891K, committed 77504K, reserved 1122304K
  class space    used 10567K, committed 10880K, reserved 1048576K
}
Event: 10.364 GC heap after
{Heap after GC invocations=27 (full 0):
 garbage-first heap   total 139264K, used 45808K [0x0000000084c00000, 0x0000000100000000)
  region size 1024K, 2 young (2048K), 2 survivors (2048K)
 Metaspace       used 76891K, committed 77504K, reserved 1122304K
  class space    used 10567K, committed 10880K, reserved 1048576K
}
Event: 11.550 GC heap before
{Heap before GC invocations=28 (full 0):
 garbage-first heap   total 139264K, used 111344K [0x0000000084c00000, 0x0000000100000000)
  region size 1024K, 66 young (67584K), 2 survivors (2048K)
 Metaspace       used 84071K, committed 84608K, reserved 1122304K
  class space    used 11804K, committed 12096K, reserved 1048576K
}
Event: 11.557 GC heap after
{Heap after GC invocations=29 (full 0):
 garbage-first heap   total 139264K, used 49684K [0x0000000084c00000, 0x0000000100000000)
  region size 1024K, 6 young (6144K), 6 survivors (6144K)
 Metaspace       used 84071K, committed 84608K, reserved 1122304K
  class space    used 11804K, committed 12096K, reserved 1048576K
}
Event: 11.571 GC heap before
{Heap before GC invocations=29 (full 0):
 garbage-first heap   total 139264K, used 50708K [0x0000000084c00000, 0x0000000100000000)
  region size 1024K, 7 young (7168K), 6 survivors (6144K)
 Metaspace       used 84127K, committed 84672K, reserved 1122304K
  class space    used 11811K, committed 12096K, reserved 1048576K
}
Event: 11.577 GC heap after
{Heap after GC invocations=30 (full 0):
 garbage-first heap   total 139264K, used 50028K [0x0000000084c00000, 0x0000000100000000)
  region size 1024K, 1 young (1024K), 1 survivors (1024K)
 Metaspace       used 84127K, committed 84672K, reserved 1122304K
  class space    used 11811K, committed 12096K, reserved 1048576K
}
Event: 12.154 GC heap before
{Heap before GC invocations=30 (full 0):
 garbage-first heap   total 139264K, used 111468K [0x0000000084c00000, 0x0000000100000000)
  region size 1024K, 61 young (62464K), 1 survivors (1024K)
 Metaspace       used 85003K, committed 85568K, reserved 1122304K
  class space    used 11951K, committed 12224K, reserved 1048576K
}
Event: 12.159 GC heap after
{Heap after GC invocations=31 (full 0):
 garbage-first heap   total 139264K, used 50915K [0x0000000084c00000, 0x0000000100000000)
  region size 1024K, 2 young (2048K), 2 survivors (2048K)
 Metaspace       used 85003K, committed 85568K, reserved 1122304K
  class space    used 11951K, committed 12224K, reserved 1048576K
}
Event: 12.784 GC heap before
{Heap before GC invocations=31 (full 0):
 garbage-first heap   total 139264K, used 113379K [0x0000000084c00000, 0x0000000100000000)
  region size 1024K, 63 young (64512K), 2 survivors (2048K)
 Metaspace       used 86523K, committed 87104K, reserved 1130496K
  class space    used 12167K, committed 12416K, reserved 1048576K
}
Event: 12.793 GC heap after
{Heap after GC invocations=32 (full 0):
 garbage-first heap   total 139264K, used 53315K [0x0000000084c00000, 0x0000000100000000)
  region size 1024K, 5 young (5120K), 5 survivors (5120K)
 Metaspace       used 86523K, committed 87104K, reserved 1130496K
  class space    used 12167K, committed 12416K, reserved 1048576K
}
Event: 13.367 GC heap before
{Heap before GC invocations=32 (full 0):
 garbage-first heap   total 139264K, used 113731K [0x0000000084c00000, 0x0000000100000000)
  region size 1024K, 64 young (65536K), 5 survivors (5120K)
 Metaspace       used 88506K, committed 89088K, reserved 1130496K
  class space    used 12451K, committed 12736K, reserved 1048576K
}
Event: 13.376 GC heap after
{Heap after GC invocations=33 (full 0):
 garbage-first heap   total 139264K, used 56537K [0x0000000084c00000, 0x0000000100000000)
  region size 1024K, 8 young (8192K), 8 survivors (8192K)
 Metaspace       used 88506K, committed 89088K, reserved 1130496K
  class space    used 12451K, committed 12736K, reserved 1048576K
}
Event: 14.071 GC heap before
{Heap before GC invocations=33 (full 0):
 garbage-first heap   total 139264K, used 114905K [0x0000000084c00000, 0x0000000100000000)
  region size 1024K, 65 young (66560K), 8 survivors (8192K)
 Metaspace       used 89053K, committed 89600K, reserved 1130496K
  class space    used 12549K, committed 12800K, reserved 1048576K
}
Event: 14.081 GC heap after
{Heap after GC invocations=34 (full 0):
 garbage-first heap   total 139264K, used 58189K [0x0000000084c00000, 0x0000000100000000)
  region size 1024K, 5 young (5120K), 5 survivors (5120K)
 Metaspace       used 89053K, committed 89600K, reserved 1130496K
  class space    used 12549K, committed 12800K, reserved 1048576K
}
Event: 14.581 GC heap before
{Heap before GC invocations=34 (full 0):
 garbage-first heap   total 139264K, used 115533K [0x0000000084c00000, 0x0000000100000000)
  region size 1024K, 61 young (62464K), 5 survivors (5120K)
 Metaspace       used 89596K, committed 90176K, reserved 1130496K
  class space    used 12640K, committed 12928K, reserved 1048576K
}

Dll operation events (9 events):
Event: 0.009 Loaded shared library C:\Users\Sangita\Downloads\spring-tool-suite-4-4.18.0.RELEASE-e4.27.0-win32.win32.x86_64.self-extracting\sts-4.18.0.RELEASE\plugins\org.eclipse.justj.openjdk.hotspot.jre.full.win32.x86_64_17.0.6.v20230204-1729\jre\bin\java.dll
Event: 0.321 Loaded shared library C:\Users\Sangita\Downloads\spring-tool-suite-4-4.18.0.RELEASE-e4.27.0-win32.win32.x86_64.self-extracting\sts-4.18.0.RELEASE\plugins\org.eclipse.justj.openjdk.hotspot.jre.full.win32.x86_64_17.0.6.v20230204-1729\jre\bin\jimage.dll
Event: 0.340 Loaded shared library C:\Users\Sangita\Downloads\spring-tool-suite-4-4.18.0.RELEASE-e4.27.0-win32.win32.x86_64.self-extracting\sts-4.18.0.RELEASE\plugins\org.eclipse.justj.openjdk.hotspot.jre.full.win32.x86_64_17.0.6.v20230204-1729\jre\bin\net.dll
Event: 0.343 Loaded shared library C:\Users\Sangita\Downloads\spring-tool-suite-4-4.18.0.RELEASE-e4.27.0-win32.win32.x86_64.self-extracting\sts-4.18.0.RELEASE\plugins\org.eclipse.justj.openjdk.hotspot.jre.full.win32.x86_64_17.0.6.v20230204-1729\jre\bin\nio.dll
Event: 0.348 Loaded shared library C:\Users\Sangita\Downloads\spring-tool-suite-4-4.18.0.RELEASE-e4.27.0-win32.win32.x86_64.self-extracting\sts-4.18.0.RELEASE\plugins\org.eclipse.justj.openjdk.hotspot.jre.full.win32.x86_64_17.0.6.v20230204-1729\jre\bin\zip.dll
Event: 0.509 Loaded shared library C:\Users\Sangita\Downloads\spring-tool-suite-4-4.18.0.RELEASE-e4.27.0-win32.win32.x86_64.self-extracting\sts-4.18.0.RELEASE\plugins\org.eclipse.justj.openjdk.hotspot.jre.full.win32.x86_64_17.0.6.v20230204-1729\jre\bin\management.dll
Event: 0.528 Loaded shared library C:\Users\Sangita\Downloads\spring-tool-suite-4-4.18.0.RELEASE-e4.27.0-win32.win32.x86_64.self-extracting\sts-4.18.0.RELEASE\plugins\org.eclipse.justj.openjdk.hotspot.jre.full.win32.x86_64_17.0.6.v20230204-1729\jre\bin\management_ext.
Event: 2.433 Loaded shared library C:\Users\Sangita\Downloads\spring-tool-suite-4-4.18.0.RELEASE-e4.27.0-win32.win32.x86_64.self-extracting\sts-4.18.0.RELEASE\plugins\org.eclipse.justj.openjdk.hotspot.jre.full.win32.x86_64_17.0.6.v20230204-1729\jre\bin\sunmscapi.dll
Event: 8.274 Loaded shared library C:\Users\Sangita\Downloads\spring-tool-suite-4-4.18.0.RELEASE-e4.27.0-win32.win32.x86_64.self-extracting\sts-4.18.0.RELEASE\plugins\org.eclipse.justj.openjdk.hotspot.jre.full.win32.x86_64_17.0.6.v20230204-1729\jre\bin\verify.dll

Deoptimization events (20 events):
Event: 2.363 Thread 0x000002a32caa38c0 DEOPT PACKING pc=0x000002a320c43bd5 sp=0x000000ad210fd1e0
Event: 2.363 Thread 0x000002a32caa38c0 DEOPT UNPACKING pc=0x000002a3206cace3 sp=0x000000ad210fc688 mode 3
Event: 4.953 Thread 0x000002a32caa38c0 DEOPT PACKING pc=0x000002a320f09119 sp=0x000000ad210fd560
Event: 4.953 Thread 0x000002a32caa38c0 DEOPT UNPACKING pc=0x000002a3206cace3 sp=0x000000ad210fca40 mode 3
Event: 5.183 Thread 0x000002a32caa38c0 DEOPT PACKING pc=0x000002a320e5f5ec sp=0x000000ad210fc640
Event: 5.183 Thread 0x000002a32caa38c0 DEOPT UNPACKING pc=0x000002a3206cace3 sp=0x000000ad210fbbc8 mode 0
Event: 5.183 Thread 0x000002a32caa38c0 DEOPT PACKING pc=0x000002a320d7f5cc sp=0x000000ad210fc820
Event: 5.183 Thread 0x000002a32caa38c0 DEOPT UNPACKING pc=0x000002a3206cace3 sp=0x000000ad210fbcd8 mode 0
Event: 5.484 Thread 0x000002a32caa38c0 DEOPT PACKING pc=0x000002a320fa5a0a sp=0x000000ad210fd3a0
Event: 5.484 Thread 0x000002a32caa38c0 DEOPT UNPACKING pc=0x000002a3206cace3 sp=0x000000ad210fc938 mode 0
Event: 6.174 Thread 0x000002a32caa38c0 DEOPT PACKING pc=0x000002a320c0dcd2 sp=0x000000ad210faad0
Event: 6.174 Thread 0x000002a32caa38c0 DEOPT UNPACKING pc=0x000002a3206cace3 sp=0x000000ad210f9fd8 mode 3
Event: 6.174 Thread 0x000002a32caa38c0 DEOPT PACKING pc=0x000002a320bfe845 sp=0x000000ad210faa90
Event: 6.174 Thread 0x000002a32caa38c0 DEOPT UNPACKING pc=0x000002a3206cace3 sp=0x000000ad210f9fd8 mode 3
Event: 6.335 Thread 0x000002a32caa38c0 DEOPT PACKING pc=0x000002a3210b8d7d sp=0x000000ad210fce90
Event: 6.335 Thread 0x000002a32caa38c0 DEOPT UNPACKING pc=0x000002a3206cace3 sp=0x000000ad210fc3f8 mode 3
Event: 7.544 Thread 0x000002a32caa38c0 DEOPT PACKING pc=0x000002a320f5524c sp=0x000000ad210fa5a0
Event: 7.544 Thread 0x000002a32caa38c0 DEOPT UNPACKING pc=0x000002a3206cace3 sp=0x000000ad210f9a38 mode 3
Event: 10.702 Thread 0x000002a32caa38c0 DEOPT PACKING pc=0x000002a320c23a94 sp=0x000000ad210fc820
Event: 10.702 Thread 0x000002a32caa38c0 DEOPT UNPACKING pc=0x000002a3206cace3 sp=0x000000ad210fbd78 mode 0

Classes unloaded (0 events):
No events

Classes redefined (0 events):
No events

Internal exceptions (20 events):
Event: 11.695 Thread 0x000002a32caa38c0 Exception <a 'java/lang/reflect/InvocationTargetException'{0x000000008bdc2ec8}> (0x000000008bdc2ec8) 
thrown [s\src\hotspot\share\runtime\reflection.cpp, line 1121]
Event: 11.700 Thread 0x000002a32caa38c0 Exception <a 'java/lang/reflect/InvocationTargetException'{0x000000008bde0af8}> (0x000000008bde0af8) 
thrown [s\src\hotspot\share\runtime\reflection.cpp, line 1121]
Event: 11.703 Thread 0x000002a32caa38c0 Exception <a 'java/lang/reflect/InvocationTargetException'{0x000000008bdf5428}> (0x000000008bdf5428) 
thrown [s\src\hotspot\share\runtime\reflection.cpp, line 1121]
Event: 11.718 Thread 0x000002a32caa38c0 Exception <a 'java/lang/NoSuchMethodError'{0x000000008bc4eec0}: 'int java.lang.invoke.DirectMethodHandle$Holder.invokeStatic(java.lang.Object, java.lang.Object, int)'> (0x000000008bc4eec0) 
thrown [s\src\hotspot\share\interpreter\linkResolver.cpp, line 759]
Event: 11.732 Thread 0x000002a32caa38c0 Exception <a 'java/lang/IncompatibleClassChangeError'{0x000000008bc92b58}: Found class java.lang.Object, but interface was expected> (0x000000008bc92b58) 
thrown [s\src\hotspot\share\interpreter\linkResolver.cpp, line 826]
Event: 11.747 Thread 0x000002a32caa38c0 Exception <a 'java/lang/NoSuchMethodError'{0x000000008bb136c0}: 'java.lang.Object java.lang.invoke.DirectMethodHandle$Holder.invokeStatic(java.lang.Object, int, java.lang.Object)'> (0x000000008bb136c0) 
thrown [s\src\hotspot\share\interpreter\linkResolver.cpp, line 759]
Event: 11.757 Thread 0x000002a32caa38c0 Exception <a 'java/lang/reflect/InvocationTargetException'{0x000000008bb446f8}> (0x000000008bb446f8) 
thrown [s\src\hotspot\share\runtime\reflection.cpp, line 1121]
Event: 11.769 Thread 0x000002a32caa38c0 Exception <a 'java/lang/reflect/InvocationTargetException'{0x000000008bb62430}> (0x000000008bb62430) 
thrown [s\src\hotspot\share\runtime\reflection.cpp, line 1121]
Event: 11.802 Thread 0x000002a32caa38c0 Exception <a 'java/lang/reflect/InvocationTargetException'{0x000000008b5cd1c0}> (0x000000008b5cd1c0) 
thrown [s\src\hotspot\share\runtime\reflection.cpp, line 1121]
Event: 12.130 Thread 0x000002a32caa38c0 Exception <a 'java/lang/NoSuchMethodError'{0x00000000898ee848}: 'java.lang.Object java.lang.invoke.DirectMethodHandle$Holder.invokeStatic(java.lang.Object, long, java.lang.Object)'> (0x00000000898ee848) 
thrown [s\src\hotspot\share\interpreter\linkResolver.cpp, line 759]
Event: 12.130 Thread 0x000002a32caa38c0 Exception <a 'java/lang/NoSuchMethodError'{0x00000000898f5280}: 'java.lang.Object java.lang.invoke.DirectMethodHandle$Holder.newInvokeSpecial(java.lang.Object, long)'> (0x00000000898f5280) 
thrown [s\src\hotspot\share\interpreter\linkResolver.cpp, line 759]
Event: 12.132 Thread 0x000002a32caa38c0 Exception <a 'java/lang/IncompatibleClassChangeError'{0x0000000089702558}: Found class java.lang.Object, but interface was expected> (0x0000000089702558) 
thrown [s\src\hotspot\share\interpreter\linkResolver.cpp, line 826]
Event: 12.153 Thread 0x000002a32caa38c0 Exception <a 'java/lang/NoSuchMethodError'{0x00000000897e5d78}: 'double java.lang.invoke.DirectMethodHandle$Holder.invokeStatic(java.lang.Object, java.lang.Object)'> (0x00000000897e5d78) 
thrown [s\src\hotspot\share\interpreter\linkResolver.cpp, line 759]
Event: 12.169 Thread 0x000002a32caa38c0 Exception <a 'java/lang/NoSuchMethodError'{0x000000008d366d10}: 'double java.lang.invoke.DirectMethodHandle$Holder.invokeSpecial(java.lang.Object, java.lang.Object, java.lang.Object)'> (0x000000008d366d10) 
thrown [s\src\hotspot\share\interpreter\linkResolver.cpp, line 759]
Event: 12.302 Thread 0x000002a32caa38c0 Exception <a 'java/lang/IncompatibleClassChangeError'{0x000000008c5b01b8}: Found class java.lang.Object, but interface was expected> (0x000000008c5b01b8) 
thrown [s\src\hotspot\share\interpreter\linkResolver.cpp, line 826]
Event: 12.307 Thread 0x000002a32caa38c0 Exception <a 'java/lang/NoSuchMethodError'{0x000000008c5e9f48}: 'void java.lang.invoke.DirectMethodHandle$Holder.invokeStatic(java.lang.Object, long)'> (0x000000008c5e9f48) 
thrown [s\src\hotspot\share\interpreter\linkResolver.cpp, line 759]
Event: 13.298 Thread 0x000002a32caa38c0 Exception <a 'sun/nio/fs/WindowsException'{0x000000008a2f8c90}> (0x000000008a2f8c90) 
thrown [s\src\hotspot\share\prims\jni.cpp, line 516]
Event: 13.461 Thread 0x000002a32caa38c0 Exception <a 'java/lang/IncompatibleClassChangeError'{0x000000008c495298}: Found class java.lang.Object, but interface was expected> (0x000000008c495298) 
thrown [s\src\hotspot\share\interpreter\linkResolver.cpp, line 826]
Event: 13.587 Thread 0x000002a32caa38c0 Exception <a 'java/lang/NoSuchMethodError'{0x000000008b8205e8}: 'java.lang.Object java.lang.invoke.DirectMethodHandle$Holder.newInvokeSpecial(java.lang.Object, java.lang.Object, java.lang.Object, java.lang.Object, java.lang.Object, java.lang.Object, java.lang.Object, java.lang.Object, java.lang.Object)'> (0x000000008b8205e8) 
thrown [s\src\hotspot\share\interpreter\linkResolver.cpp, line 759]
Event: 13.587 Thread 0x000002a32caa38c0 Exception <a 'java/lang/NoSuchMethodError'{0x000000008b825830}: 'java.lang.Object java.lang.invoke.Invokers$Holder.linkToTargetMethod(java.lang.Object, java.lang.Object, java.lang.Object, java.lang.Object, java.lang.Object, java.lang.Object, java.lang.Object, java.lang.Object, java.lang.Object)'> (0x000000008b825830) 
thrown [s\src\hotspot\share\interpreter\linkResolver.cpp, line 759]

VM Operations (20 events):
Event: 11.328 Executing VM operation: ICBufferFull done
Event: 11.550 Executing VM operation: G1CollectForAllocation
Event: 11.557 Executing VM operation: G1CollectForAllocation done
Event: 11.570 Executing VM operation: G1CollectForAllocation
Event: 11.577 Executing VM operation: G1CollectForAllocation done
Event: 11.976 Executing VM operation: HandshakeAllThreads
Event: 11.976 Executing VM operation: HandshakeAllThreads done
Event: 12.154 Executing VM operation: G1CollectForAllocation
Event: 12.159 Executing VM operation: G1CollectForAllocation done
Event: 12.784 Executing VM operation: G1CollectForAllocation
Event: 12.793 Executing VM operation: G1CollectForAllocation done
Event: 13.147 Executing VM operation: HandshakeAllThreads
Event: 13.147 Executing VM operation: HandshakeAllThreads done
Event: 13.148 Executing VM operation: HandshakeAllThreads
Event: 13.148 Executing VM operation: HandshakeAllThreads done
Event: 13.367 Executing VM operation: G1CollectForAllocation
Event: 13.376 Executing VM operation: G1CollectForAllocation done
Event: 14.071 Executing VM operation: G1CollectForAllocation
Event: 14.081 Executing VM operation: G1CollectForAllocation done
Event: 14.581 Executing VM operation: G1CollectForAllocation

Events (20 events):
Event: 13.153 loading class sun/reflect/annotation/AnnotatedTypeFactory$AnnotatedTypeBaseImpl
Event: 13.153 loading class sun/reflect/annotation/AnnotatedTypeFactory$AnnotatedTypeBaseImpl done
Event: 13.153 loading class sun/reflect/annotation/TypeAnnotation$LocationInfo
Event: 13.153 loading class sun/reflect/annotation/TypeAnnotation$LocationInfo done
Event: 13.153 loading class sun/reflect/annotation/TypeAnnotation$LocationInfo$Location
Event: 13.153 loading class sun/reflect/annotation/TypeAnnotation$LocationInfo$Location done
Event: 13.153 loading class java/lang/reflect/AnnotatedParameterizedType
Event: 13.153 loading class java/lang/reflect/AnnotatedParameterizedType done
Event: 13.337 loading class java/util/EnumMap$EntrySet
Event: 13.338 loading class java/util/EnumMap$EntrySet done
Event: 13.338 loading class java/util/EnumMap$EntryIterator
Event: 13.338 loading class java/util/EnumMap$EnumMapIterator
Event: 13.338 loading class java/util/EnumMap$EnumMapIterator done
Event: 13.338 loading class java/util/EnumMap$EntryIterator done
Event: 13.944 Thread 0x000002a32fdbc210 Thread added: 0x000002a32fdbc210
Event: 14.375 Thread 0x000002a32fdba530 Thread exited: 0x000002a32fdba530
Event: 14.401 loading class java/util/EnumMap$EntryIterator$Entry
Event: 14.401 loading class java/util/EnumMap$EntryIterator$Entry done
Event: 14.408 loading class sun/reflect/annotation/AnnotationSupport
Event: 14.408 loading class sun/reflect/annotation/AnnotationSupport done


Dynamic libraries:
0x00007ff6d27b0000 - 0x00007ff6d27be000 	C:\Users\Sangita\Downloads\spring-tool-suite-4-4.18.0.RELEASE-e4.27.0-win32.win32.x86_64.self-extracting\sts-4.18.0.RELEASE\plugins\org.eclipse.justj.openjdk.hotspot.jre.full.win32.x86_64_17.0.6.v20230204-1729\jre\bin\javaw.exe
0x00007ffd2e6d0000 - 0x00007ffd2e8e7000 	C:\WINDOWS\SYSTEM32\ntdll.dll
0x00007ffd2d5f0000 - 0x00007ffd2d6b4000 	C:\WINDOWS\System32\KERNEL32.DLL
0x00007ffd2bea0000 - 0x00007ffd2c257000 	C:\WINDOWS\System32\KERNELBASE.dll
0x00007ffd2bba0000 - 0x00007ffd2bcb1000 	C:\WINDOWS\System32\ucrtbase.dll
0x00007ffd24760000 - 0x00007ffd24779000 	C:\Users\Sangita\Downloads\spring-tool-suite-4-4.18.0.RELEASE-e4.27.0-win32.win32.x86_64.self-extracting\sts-4.18.0.RELEASE\plugins\org.eclipse.justj.openjdk.hotspot.jre.full.win32.x86_64_17.0.6.v20230204-1729\jre\bin\VCRUNTIME140.dll
0x00007ffce0ce0000 - 0x00007ffce0cf7000 	C:\Users\Sangita\Downloads\spring-tool-suite-4-4.18.0.RELEASE-e4.27.0-win32.win32.x86_64.self-extracting\sts-4.18.0.RELEASE\plugins\org.eclipse.justj.openjdk.hotspot.jre.full.win32.x86_64_17.0.6.v20230204-1729\jre\bin\jli.dll
0x00007ffd2e3e0000 - 0x00007ffd2e58f000 	C:\WINDOWS\System32\USER32.dll
0x00007ffd2bd80000 - 0x00007ffd2bda6000 	C:\WINDOWS\System32\win32u.dll
0x00007ffd0f1d0000 - 0x00007ffd0f463000 	C:\WINDOWS\WinSxS\amd64_microsoft.windows.common-controls_6595b64144ccf1df_6.0.22621.3672_none_2713b9d173822955\COMCTL32.dll
0x00007ffd2e2e0000 - 0x00007ffd2e309000 	C:\WINDOWS\System32\GDI32.dll
0x00007ffd2d540000 - 0x00007ffd2d5e7000 	C:\WINDOWS\System32\msvcrt.dll
0x00007ffd2ba80000 - 0x00007ffd2bb98000 	C:\WINDOWS\System32\gdi32full.dll
0x00007ffd2b9e0000 - 0x00007ffd2ba7a000 	C:\WINDOWS\System32\msvcp_win.dll
0x00007ffd2e2a0000 - 0x00007ffd2e2d1000 	C:\WINDOWS\System32\IMM32.DLL
0x00007ffd271e0000 - 0x00007ffd271ec000 	C:\Users\Sangita\Downloads\spring-tool-suite-4-4.18.0.RELEASE-e4.27.0-win32.win32.x86_64.self-extracting\sts-4.18.0.RELEASE\plugins\org.eclipse.justj.openjdk.hotspot.jre.full.win32.x86_64_17.0.6.v20230204-1729\jre\bin\vcruntime140_1.dll
0x00007ffcd84c0000 - 0x00007ffcd8551000 	C:\Users\Sangita\Downloads\spring-tool-suite-4-4.18.0.RELEASE-e4.27.0-win32.win32.x86_64.self-extracting\sts-4.18.0.RELEASE\plugins\org.eclipse.justj.openjdk.hotspot.jre.full.win32.x86_64_17.0.6.v20230204-1729\jre\bin\msvcp140.dll
0x00007ffcb9890000 - 0x00007ffcba4d7000 	C:\Users\Sangita\Downloads\spring-tool-suite-4-4.18.0.RELEASE-e4.27.0-win32.win32.x86_64.self-extracting\sts-4.18.0.RELEASE\plugins\org.eclipse.justj.openjdk.hotspot.jre.full.win32.x86_64_17.0.6.v20230204-1729\jre\bin\server\jvm.dll
0x00007ffd2d230000 - 0x00007ffd2d2e2000 	C:\WINDOWS\System32\ADVAPI32.dll
0x00007ffd2d6c0000 - 0x00007ffd2d768000 	C:\WINDOWS\System32\sechost.dll
0x00007ffd2c260000 - 0x00007ffd2c288000 	C:\WINDOWS\System32\bcrypt.dll
0x00007ffd2cc70000 - 0x00007ffd2cd84000 	C:\WINDOWS\System32\RPCRT4.dll
0x00007ffd23a80000 - 0x00007ffd23ab4000 	C:\WINDOWS\SYSTEM32\WINMM.dll
0x00007ffcff2e0000 - 0x00007ffcff2e9000 	C:\WINDOWS\SYSTEM32\WSOCK32.dll
0x00007ffd29100000 - 0x00007ffd2910a000 	C:\WINDOWS\SYSTEM32\VERSION.dll
0x00007ffd2e310000 - 0x00007ffd2e381000 	C:\WINDOWS\System32\WS2_32.dll
0x00007ffd2a9f0000 - 0x00007ffd2aa08000 	C:\WINDOWS\SYSTEM32\kernel.appcore.dll
0x00007ffce3f40000 - 0x00007ffce3f4a000 	C:\Users\Sangita\Downloads\spring-tool-suite-4-4.18.0.RELEASE-e4.27.0-win32.win32.x86_64.self-extracting\sts-4.18.0.RELEASE\plugins\org.eclipse.justj.openjdk.hotspot.jre.full.win32.x86_64_17.0.6.v20230204-1729\jre\bin\jimage.dll
0x00007ffd28e80000 - 0x00007ffd290b2000 	C:\WINDOWS\SYSTEM32\DBGHELP.DLL
0x00007ffd2c820000 - 0x00007ffd2cbae000 	C:\WINDOWS\System32\combase.dll
0x00007ffd2d780000 - 0x00007ffd2d857000 	C:\WINDOWS\System32\OLEAUT32.dll
0x00007ffcfe700000 - 0x00007ffcfe732000 	C:\WINDOWS\SYSTEM32\dbgcore.DLL
0x00007ffd2be20000 - 0x00007ffd2be9b000 	C:\WINDOWS\System32\bcryptPrimitives.dll
0x00007ffce0cb0000 - 0x00007ffce0cd5000 	C:\Users\Sangita\Downloads\spring-tool-suite-4-4.18.0.RELEASE-e4.27.0-win32.win32.x86_64.self-extracting\sts-4.18.0.RELEASE\plugins\org.eclipse.justj.openjdk.hotspot.jre.full.win32.x86_64_17.0.6.v20230204-1729\jre\bin\java.dll
0x00007ffce0c90000 - 0x00007ffce0ca8000 	C:\Users\Sangita\Downloads\spring-tool-suite-4-4.18.0.RELEASE-e4.27.0-win32.win32.x86_64.self-extracting\sts-4.18.0.RELEASE\plugins\org.eclipse.justj.openjdk.hotspot.jre.full.win32.x86_64_17.0.6.v20230204-1729\jre\bin\zip.dll
0x00007ffd2d8d0000 - 0x00007ffd2e139000 	C:\WINDOWS\System32\SHELL32.dll
0x00007ffd298c0000 - 0x00007ffd2a1bf000 	C:\WINDOWS\SYSTEM32\windows.storage.dll
0x00007ffd29610000 - 0x00007ffd2974f000 	C:\WINDOWS\SYSTEM32\wintypes.dll
0x00007ffd2e1a0000 - 0x00007ffd2e299000 	C:\WINDOWS\System32\SHCORE.dll
0x00007ffd2c660000 - 0x00007ffd2c6be000 	C:\WINDOWS\System32\shlwapi.dll
0x00007ffd2b910000 - 0x00007ffd2b937000 	C:\WINDOWS\SYSTEM32\profapi.dll
0x00007ffcd1760000 - 0x00007ffcd1779000 	C:\Users\Sangita\Downloads\spring-tool-suite-4-4.18.0.RELEASE-e4.27.0-win32.win32.x86_64.self-extracting\sts-4.18.0.RELEASE\plugins\org.eclipse.justj.openjdk.hotspot.jre.full.win32.x86_64_17.0.6.v20230204-1729\jre\bin\net.dll
0x00007ffd24bd0000 - 0x00007ffd24d06000 	C:\WINDOWS\SYSTEM32\WINHTTP.dll
0x00007ffd2ae60000 - 0x00007ffd2aec9000 	C:\WINDOWS\system32\mswsock.dll
0x00007ffcbc580000 - 0x00007ffcbc595000 	C:\Users\Sangita\Downloads\spring-tool-suite-4-4.18.0.RELEASE-e4.27.0-win32.win32.x86_64.self-extracting\sts-4.18.0.RELEASE\plugins\org.eclipse.justj.openjdk.hotspot.jre.full.win32.x86_64_17.0.6.v20230204-1729\jre\bin\nio.dll
0x00007ffd0f490000 - 0x00007ffd0f499000 	C:\Users\Sangita\Downloads\spring-tool-suite-4-4.18.0.RELEASE-e4.27.0-win32.win32.x86_64.self-extracting\sts-4.18.0.RELEASE\plugins\org.eclipse.justj.openjdk.hotspot.jre.full.win32.x86_64_17.0.6.v20230204-1729\jre\bin\management.dll
0x00007ffd0d2f0000 - 0x00007ffd0d2fb000 	C:\Users\Sangita\Downloads\spring-tool-suite-4-4.18.0.RELEASE-e4.27.0-win32.win32.x86_64.self-extracting\sts-4.18.0.RELEASE\plugins\org.eclipse.justj.openjdk.hotspot.jre.full.win32.x86_64_17.0.6.v20230204-1729\jre\bin\management_ext.dll
0x00007ffd2d8c0000 - 0x00007ffd2d8c8000 	C:\WINDOWS\System32\PSAPI.DLL
0x00007ffcfc0a0000 - 0x00007ffcfc0b7000 	C:\WINDOWS\system32\napinsp.dll
0x00007ffcfb650000 - 0x00007ffcfb66b000 	C:\WINDOWS\system32\pnrpnsp.dll
0x00007ffd2a450000 - 0x00007ffd2a552000 	C:\WINDOWS\SYSTEM32\DNSAPI.dll
0x00007ffd2a420000 - 0x00007ffd2a44d000 	C:\WINDOWS\SYSTEM32\IPHLPAPI.DLL
0x00007ffd2d2f0000 - 0x00007ffd2d2f9000 	C:\WINDOWS\System32\NSI.dll
0x00007ffcfb360000 - 0x00007ffcfb371000 	C:\WINDOWS\System32\winrnr.dll
0x00007ffd218c0000 - 0x00007ffd218d5000 	C:\WINDOWS\system32\wshbth.dll
0x00007ffcf7520000 - 0x00007ffcf7547000 	C:\WINDOWS\system32\nlansp_c.dll
0x00007ffd0a600000 - 0x00007ffd0a60a000 	C:\Windows\System32\rasadhlp.dll
0x00007ffd21600000 - 0x00007ffd21683000 	C:\WINDOWS\System32\fwpuclnt.dll
0x00007ffd2b080000 - 0x00007ffd2b09b000 	C:\WINDOWS\SYSTEM32\CRYPTSP.dll
0x00007ffd2a950000 - 0x00007ffd2a985000 	C:\WINDOWS\system32\rsaenh.dll
0x00007ffd2af20000 - 0x00007ffd2af48000 	C:\WINDOWS\SYSTEM32\USERENV.dll
0x00007ffd2b0a0000 - 0x00007ffd2b0ac000 	C:\WINDOWS\SYSTEM32\CRYPTBASE.dll
0x00007ffd24d40000 - 0x00007ffd24d59000 	C:\WINDOWS\SYSTEM32\dhcpcsvc6.DLL
0x00007ffd24990000 - 0x00007ffd249af000 	C:\WINDOWS\SYSTEM32\dhcpcsvc.DLL
0x00007ffd23ac0000 - 0x00007ffd23ace000 	C:\Users\Sangita\Downloads\spring-tool-suite-4-4.18.0.RELEASE-e4.27.0-win32.win32.x86_64.self-extracting\sts-4.18.0.RELEASE\plugins\org.eclipse.justj.openjdk.hotspot.jre.full.win32.x86_64_17.0.6.v20230204-1729\jre\bin\sunmscapi.dll
0x00007ffd2c290000 - 0x00007ffd2c3f6000 	C:\WINDOWS\System32\CRYPT32.dll
0x00007ffd2b2b0000 - 0x00007ffd2b2dd000 	C:\WINDOWS\SYSTEM32\ncrypt.dll
0x00007ffd2b270000 - 0x00007ffd2b2a7000 	C:\WINDOWS\SYSTEM32\NTASN1.dll
0x00007ffce0c80000 - 0x00007ffce0c90000 	C:\Users\Sangita\Downloads\spring-tool-suite-4-4.18.0.RELEASE-e4.27.0-win32.win32.x86_64.self-extracting\sts-4.18.0.RELEASE\plugins\org.eclipse.justj.openjdk.hotspot.jre.full.win32.x86_64_17.0.6.v20230204-1729\jre\bin\verify.dll

dbghelp: loaded successfully - version: 4.0.5 - missing functions: none
symbol engine: initialized successfully - sym options: 0x614 - pdb path: .;C:\Users\Sangita\Downloads\spring-tool-suite-4-4.18.0.RELEASE-e4.27.0-win32.win32.x86_64.self-extracting\sts-4.18.0.RELEASE\plugins\org.eclipse.justj.openjdk.hotspot.jre.full.win32.x86_64_17.0.6.v20230204-1729\jre\bin;C:\WINDOWS\SYSTEM32;C:\WINDOWS\WinSxS\amd64_microsoft.windows.common-controls_6595b64144ccf1df_6.0.22621.3672_none_2713b9d173822955;C:\Users\Sangita\Downloads\spring-tool-suite-4-4.18.0.RELEASE-e4.27.0-win32.win32.x86_64.self-extracting\sts-4.18.0.RELEASE\plugins\org.eclipse.justj.openjdk.hotspot.jre.full.win32.x86_64_17.0.6.v20230204-1729\jre\bin\server

VM Arguments:
jvm_args: -Dcom.sun.management.jmxremote -Dcom.sun.management.jmxremote.port=51816 -Dcom.sun.management.jmxremote.authenticate=false -Dcom.sun.management.jmxremote.ssl=false -Djava.rmi.server.hostname=localhost -Dspring.jmx.enabled=true -Dmanagement.endpoints.jmx.exposure.include=* -Dspring.application.admin.enabled=true -XX:TieredStopAtLevel=1 -Dspring.boot.project.name=batchService -Dfile.encoding=UTF-8 -XX:+ShowCodeDetailsInExceptionMessages 
java_command: com.batch.BatchServiceApplication --spring.output.ansi.enabled=always
java_class_path (initial): C:\Users\Sangita\Institute Management System\batchService\target\classes;C:\Users\Sangita\.m2\repository\org\springframework\boot\spring-boot-starter-data-jpa\3.2.2\spring-boot-starter-data-jpa-3.2.2.jar;C:\Users\Sangita\.m2\repository\org\springframework\boot\spring-boot-starter-jdbc\3.2.2\spring-boot-starter-jdbc-3.2.2.jar;C:\Users\Sangita\.m2\repository\com\zaxxer\HikariCP\5.0.1\HikariCP-5.0.1.jar;C:\Users\Sangita\.m2\repository\org\springframework\spring-jdbc\6.1.3\spring-jdbc-6.1.3.jar;C:\Users\Sangita\.m2\repository\org\hibernate\orm\hibernate-core\6.4.1.Final\hibernate-core-6.4.1.Final.jar;C:\Users\Sangita\.m2\repository\jakarta\persistence\jakarta.persistence-api\3.1.0\jakarta.persistence-api-3.1.0.jar;C:\Users\Sangita\.m2\repository\jakarta\transaction\jakarta.transaction-api\2.0.1\jakarta.transaction-api-2.0.1.jar;C:\Users\Sangita\.m2\repository\org\jboss\logging\jboss-logging\3.5.3.Final\jboss-logging-3.5.3.Final.jar;C:\Users\Sangita\.m2\repository\org\hibernate\common\hibernate-commons-annotations\6.0.6.Final\hibernate-commons-annotations-6.0.6.Final.jar;C:\Users\Sangita\.m2\repository\io\smallrye\jandex\3.1.2\jandex-3.1.2.jar;C:\Users\Sangita\.m2\repository\com\fasterxml\classmate\1.6.0\classmate-1.6.0.jar;C:\Users\Sangita\.m2\repository\org\glassfish\jaxb\jaxb-runtime\4.0.4\jaxb-runtime-4.0.4.jar;C:\Users\Sangita\.m2\repository\org\glassfish\jaxb\jaxb-core\4.0.4\jaxb-core-4.0.4.jar;C:\Users\Sangita\.m2\repository\org\eclipse\angus\angus-activation\2.0.1\angus-activation-2.0.1.jar;C:\Users\Sangita\.m2\repository\org\glassfish\jaxb\txw2\4.0.4\txw2-4.0.4.jar;C:\Users\Sangita\.m2\repository\com\sun\istack\istack-commons-runtime\4.1.2\istack-commons-runtime-4.1.2.jar;C:\Users\Sangita\.m2\repository\jakarta\inject\jakarta.inject-api\2.0.1\jakarta.inject-api-2.0.1.jar;C:\Users\Sangita\.m2\repository\org\antlr\antlr4-runtime\4.13.0\antlr4-runtime-4.13.0.jar;C:\Users\Sangita\.m2\repository\org\springframework\data\spring-data-jpa\3.
Launcher Type: SUN_STANDARD

[Global flags]
     intx CICompilerCount                          = 3                                         {product} {ergonomic}
     uint ConcGCThreads                            = 1                                         {product} {ergonomic}
     uint G1ConcRefinementThreads                  = 4                                         {product} {ergonomic}
   size_t G1HeapRegionSize                         = 1048576                                   {product} {ergonomic}
    uintx GCDrainStackTargetSize                   = 64                                        {product} {ergonomic}
   size_t InitialHeapSize                          = 130023424                                 {product} {ergonomic}
     bool ManagementServer                         = true                                      {product} {command line}
   size_t MarkStackSize                            = 4194304                                   {product} {ergonomic}
   size_t MaxHeapSize                              = 2067791872                                {product} {ergonomic}
   size_t MaxNewSize                               = 1240465408                                {product} {ergonomic}
   size_t MinHeapDeltaBytes                        = 1048576                                   {product} {ergonomic}
   size_t MinHeapSize                              = 8388608                                   {product} {ergonomic}
    uintx NonProfiledCodeHeapSize                  = 0                                      {pd product} {ergonomic}
     bool ProfileInterpreter                       = false                                  {pd product} {command line}
    uintx ProfiledCodeHeapSize                     = 0                                      {pd product} {ergonomic}
     bool ShowCodeDetailsInExceptionMessages       = true                                   {manageable} {command line}
   size_t SoftMaxHeapSize                          = 2067791872                             {manageable} {ergonomic}
     intx TieredStopAtLevel                        = 1                                         {product} {command line}
     bool UseCompressedClassPointers               = true                           {product lp64_product} {ergonomic}
     bool UseCompressedOops                        = true                           {product lp64_product} {ergonomic}
     bool UseG1GC                                  = true                                      {product} {ergonomic}
     bool UseLargePagesIndividualAllocation        = false                                  {pd product} {ergonomic}

Logging:
Log output configuration:
 #0: stdout all=warning uptime,level,tags
 #1: stderr all=off uptime,level,tags

Environment Variables:
JAVA_HOME=C:\Program Files\Java\jdk-17.0.1
CLASSPATH=C:\mysql-connector-java-8.0.27.jar;
PATH=C:/Users/Sangita/Downloads/spring-tool-suite-4-4.18.0.RELEASE-e4.27.0-win32.win32.x86_64.self-extracting/sts-4.18.0.RELEASE//plugins/org.eclipse.justj.openjdk.hotspot.jre.full.win32.x86_64_17.0.6.v20230204-1729/jre/bin/server;C:/Users/Sangita/Downloads/spring-tool-suite-4-4.18.0.RELEASE-e4.27.0-win32.win32.x86_64.self-extracting/sts-4.18.0.RELEASE//plugins/org.eclipse.justj.openjdk.hotspot.jre.full.win32.x86_64_17.0.6.v20230204-1729/jre/bin;C:\Program Files\Common Files\Oracle\Java\javapath;C:\WINDOWS\system32;C:\WINDOWS;C:\WINDOWS\System32\Wbem;C:\WINDOWS\System32\WindowsPowerShell\v1.0\;C:\WINDOWS\System32\OpenSSH\;C:\MinGW\bin;C:\Program Files\Java\jdk-17.0.6\bin;C:\ProgramData\chocolatey\bin;C:\ProgramData\Microsoft\Windows\Start Menu\Programs\Node.js;;C:\Program Files\nodejs;C:\Program Files\Docker\Docker\resources\bin;C:\Program Files\Git\cmd;C:\Users\Sangita\OneDrive\Documents\maven\apache-maven-3.9.9-bin\apache-maven-3.9.9\bin;%JAVA_HOME%\bin;C:\Program Files\MySQL\MySQL Server 8.1\bin;C:\Users\Sangita\AppData\Local\Programs\Microsoft VS Code\bin;C:\MinGW\mingw32\bin;C:\mysql-connector-java-8.0.27\mysql-connector-java-8.0.27;C:\Users\Sangita\AppData\Local\GitHubDesktop\bin;C:\Program Files\Java\jdk-17.0.6\bin;C:\Users\Sangita\AppData\Roaming\npm;C:\Users\Sangita\AppData\Local\gitkraken\bin;C:\ProgramData\Microsoft\Windows\Start Menu\Programs\Node.js;C:\Users\Sangita\AppData\Roaming\nvm;C:\Program Files\nodejs;C:\Users\Sangita\AppData\Local\Microsoft\WindowsApps;C:\Users\Sangita\OneDrive\Documents\maven\apache-maven-3.9.9-bin\apache-maven-3.9.9\bin;C:\Program Files\Java\jdk-17.0.1\bin;C:\Program Files\MySQL\MySQL Server 8.1\bin;;C:\Users\Sangita\Downloads\spring-tool-suite-4-4.18.0.RELEASE-e4.27.0-win32.win32.x86_64.self-extracting\sts-4.18.0.RELEASE;
USERNAME=Sangita
OS=Windows_NT
PROCESSOR_IDENTIFIER=Intel64 Family 6 Model 126 Stepping 5, GenuineIntel
TMP=C:\Users\Sangita\AppData\Local\Temp
TEMP=C:\Users\Sangita\AppData\Local\Temp



---------------  S Y S T E M  ---------------

OS:
 Windows 11 , 64 bit Build 22621 (10.0.22621.3958)
OS uptime: 0 days 0:24 hours
Hyper-V role detected

CPU: total 4 (initial active 4) (2 cores per cpu, 2 threads per core) family 6 model 126 stepping 5 microcode 0xa0, cx8, cmov, fxsr, ht, mmx, 3dnowpref, sse, sse2, sse3, ssse3, sse4.1, sse4.2, popcnt, lzcnt, tsc, tscinvbit, avx, avx2, aes, erms, clmul, bmi1, bmi2, adx, avx512f, avx512dq, avx512cd, avx512bw, avx512vl, sha, fma, vzeroupper, avx512_vpopcntdq, avx512_vpclmulqdq, avx512_vaes, avx512_vnni, clflush, clflushopt, avx512_vbmi2, avx512_vbmi, hv

Memory: 4k page, system-wide physical 7880M (301M free)
TotalPageFile size 15380M (AvailPageFile size 107M)
current process WorkingSet (physical memory assigned to process): 321M, peak: 321M
current process commit charge ("private bytes"): 348M, peak: 484M

vm_info: OpenJDK 64-Bit Server VM (17.0.6+10) for windows-amd64 JRE (17.0.6+10), built on Jan 18 2023 10:08:59 by "temurin" with MS VC++ 16.7 (VS2019)

END.
