#
# There is insufficient memory for the Java Runtime Environment to continue.
# Native memory allocation (malloc) failed to allocate 2029648 bytes for Chunk::new
# Possible reasons:
#   The system is out of physical RAM or swap space
#   The process is running with CompressedOops enabled, and the Java Heap may be blocking the growth of the native heap
# Possible solutions:
#   Reduce memory load on the system
#   Increase physical memory or swap space
#   Check if swap backing store is full
#   Decrease Java heap size (-Xmx/-Xms)
#   Decrease number of Java threads
#   Decrease Java thread stack sizes (-Xss)
#   Set larger code cache with -XX:ReservedCodeCacheSize=
#   JVM is running with Unscaled Compressed Oops mode in which the Java heap is
#     placed in the first 4GB address space. The Java Heap base address is the
#     maximum limit for the native heap growth. Please use -XX:HeapBaseMinAddress
#     to set the Java Heap base and to place the Java Heap above 4GB virtual address.
# This output file may be truncated or incomplete.
#
#  Out of Memory Error (arena.cpp:189), pid=9480, tid=16340
#
# JRE version: OpenJDK Runtime Environment Temurin-17.0.6+10 (17.0.6+10) (build 17.0.6+10)
# Java VM: OpenJDK 64-Bit Server VM Temurin-17.0.6+10 (17.0.6+10, mixed mode, tiered, compressed oops, compressed class ptrs, g1 gc, windows-amd64)
# No core dump will be written. Minidumps are not enabled by default on client versions of Windows
#

---------------  S U M M A R Y ------------

Command Line: -Dfile.encoding=UTF-8 -XX:+ShowCodeDetailsInExceptionMessages com.teach.TeacherServicesApplication

Host: Intel(R) Core(TM) i3-1005G1 CPU @ 1.20GHz, 4 cores, 7G,  Windows 11 , 64 bit Build 22621 (10.0.22621.3958)
Time: Fri Mar  7 21:54:40 2025 India Standard Time elapsed time: 4.209513 seconds (0d 0h 0m 4s)

---------------  T H R E A D  ---------------

Current thread (0x0000019c7f89e2a0):  JavaThread "C2 CompilerThread0" daemon [_thread_in_native, id=16340, stack(0x0000005547f00000,0x0000005548000000)]


Current CompileTask:
C2:   4209 1919       4       org.springframework.boot.context.properties.source.ConfigurationPropertyName$ElementsParser::parse (234 bytes)

Stack: [0x0000005547f00000,0x0000005548000000]
Native frames: (J=compiled Java code, j=interpreted, Vv=VM code, C=native code)
V  [jvm.dll+0x67741a]
V  [jvm.dll+0x834434]
V  [jvm.dll+0x835bde]
V  [jvm.dll+0x836243]
V  [jvm.dll+0x2457b5]
V  [jvm.dll+0xabafc]
V  [jvm.dll+0xac0cc]
V  [jvm.dll+0x3634e7]
V  [jvm.dll+0x32dda1]
V  [jvm.dll+0x32d24a]
V  [jvm.dll+0x2185f1]
V  [jvm.dll+0x217a11]
V  [jvm.dll+0x1a3d0d]
V  [jvm.dll+0x22742a]
V  [jvm.dll+0x225565]
V  [jvm.dll+0x7ea2cb]
V  [jvm.dll+0x7e483a]
V  [jvm.dll+0x6762c5]
C  [ucrtbase.dll+0x29333]
C  [KERNEL32.DLL+0x1257d]
C  [ntdll.dll+0x5af08]


---------------  P R O C E S S  ---------------

Threads class SMR info:
_java_thread_list=0x0000019c12caa790, length=13, elements={
0x0000019c7734d920, 0x0000019c7f82a9f0, 0x0000019c7f82bb40, 0x0000019c7f83e1a0,
0x0000019c7f841210, 0x0000019c7f841ad0, 0x0000019c7f89c850, 0x0000019c7f89e2a0,
0x0000019c7f8a0060, 0x0000019c7f8bb880, 0x0000019c7fb33ff0, 0x0000019c7fb3f150,
0x0000019c12cad7c0
}

Java Threads: ( => current thread )
  0x0000019c7734d920 JavaThread "main" [_thread_in_vm, id=3084, stack(0x0000005547100000,0x0000005547200000)]
  0x0000019c7f82a9f0 JavaThread "Reference Handler" daemon [_thread_blocked, id=16808, stack(0x0000005547900000,0x0000005547a00000)]
  0x0000019c7f82bb40 JavaThread "Finalizer" daemon [_thread_blocked, id=17484, stack(0x0000005547a00000,0x0000005547b00000)]
  0x0000019c7f83e1a0 JavaThread "Signal Dispatcher" daemon [_thread_blocked, id=8720, stack(0x0000005547b00000,0x0000005547c00000)]
  0x0000019c7f841210 JavaThread "Attach Listener" daemon [_thread_blocked, id=15724, stack(0x0000005547c00000,0x0000005547d00000)]
  0x0000019c7f841ad0 JavaThread "Service Thread" daemon [_thread_blocked, id=11200, stack(0x0000005547d00000,0x0000005547e00000)]
  0x0000019c7f89c850 JavaThread "Monitor Deflation Thread" daemon [_thread_blocked, id=2988, stack(0x0000005547e00000,0x0000005547f00000)]
=>0x0000019c7f89e2a0 JavaThread "C2 CompilerThread0" daemon [_thread_in_native, id=16340, stack(0x0000005547f00000,0x0000005548000000)]
  0x0000019c7f8a0060 JavaThread "C1 CompilerThread0" daemon [_thread_in_native, id=8756, stack(0x0000005548000000,0x0000005548100000)]
  0x0000019c7f8bb880 JavaThread "Sweeper thread" daemon [_thread_blocked, id=4152, stack(0x0000005548100000,0x0000005548200000)]
  0x0000019c7fb33ff0 JavaThread "Notification Thread" daemon [_thread_blocked, id=17764, stack(0x0000005548200000,0x0000005548300000)]
  0x0000019c7fb3f150 JavaThread "Common-Cleaner" daemon [_thread_blocked, id=8188, stack(0x0000005548400000,0x0000005548500000)]
  0x0000019c12cad7c0 JavaThread "background-preinit" [_thread_in_Java, id=11148, stack(0x0000005548800000,0x0000005548900000)]

Other Threads:
  0x0000019c7f863c50 VMThread "VM Thread" [stack: 0x0000005547800000,0x0000005547900000] [id=20036]
  0x0000019c7fb3ad00 WatcherThread [stack: 0x0000005548300000,0x0000005548400000] [id=21376]
  0x0000019c773a8690 GCTaskThread "GC Thread#0" [stack: 0x0000005547300000,0x0000005547400000] [id=16752]
  0x0000019c120fbcc0 GCTaskThread "GC Thread#1" [stack: 0x0000005548500000,0x0000005548600000] [id=4676]
  0x0000019c11fd05a0 GCTaskThread "GC Thread#2" [stack: 0x0000005548600000,0x0000005548700000] [id=15964]
  0x0000019c122ad780 GCTaskThread "GC Thread#3" [stack: 0x0000005548700000,0x0000005548800000] [id=8312]
  0x0000019c773b8c50 ConcurrentGCThread "G1 Main Marker" [stack: 0x0000005547400000,0x0000005547500000] [id=17108]
  0x0000019c773ba5a0 ConcurrentGCThread "G1 Conc#0" [stack: 0x0000005547500000,0x0000005547600000] [id=7564]
  0x0000019c7f6824c0 ConcurrentGCThread "G1 Refine#0" [stack: 0x0000005547600000,0x0000005547700000] [id=4600]
  0x0000019c773ee990 ConcurrentGCThread "G1 Service" [stack: 0x0000005547700000,0x0000005547800000] [id=15892]

Threads with active compile tasks:
C2 CompilerThread0     4250 1919       4       org.springframework.boot.context.properties.source.ConfigurationPropertyName$ElementsParser::parse (234 bytes)
C1 CompilerThread0     4250 2022       3       java.lang.invoke.LambdaFormEditor::bindArgumentForm (269 bytes)

VM state: not at safepoint (normal execution)

VM Mutex/Monitor currently owned by a thread: None

Heap address: 0x0000000084c00000, size: 1972 MB, Compressed Oops mode: 32-bit

CDS archive(s) not mapped
Compressed class space mapped at: 0x0000000100000000-0x0000000140000000, reserved size: 1073741824
Narrow klass base: 0x0000000000000000, Narrow klass shift: 3, Narrow klass range: 0x140000000

GC Precious Log:
 CPUs: 4 total, 4 available
 Memory: 7880M
 Large Page Support: Disabled
 NUMA Support: Disabled
 Compressed Oops: Enabled (32-bit)
 Heap Region Size: 1M
 Heap Min Capacity: 8M
 Heap Initial Capacity: 124M
 Heap Max Capacity: 1972M
 Pre-touch: Disabled
 Parallel Workers: 4
 Concurrent Workers: 1
 Concurrent Refinement Workers: 4
 Periodic GC: Disabled

Heap:
 garbage-first heap   total 48128K, used 13886K [0x0000000084c00000, 0x0000000100000000)
  region size 1024K, 6 young (6144K), 4 survivors (4096K)
 Metaspace       used 21415K, committed 21696K, reserved 1073152K
  class space    used 2393K, committed 2496K, reserved 1048576K

Heap Regions: E=young(eden), S=young(survivor), O=old, HS=humongous(starts), HC=humongous(continues), CS=collection set, F=free, OA=open archive, CA=closed archive, TAMS=top-at-mark-start (previous, next)
|   0|0x0000000084c00000, 0x0000000084d00000, 0x0000000084d00000|100%|HS|  |TAMS 0x0000000084d00000, 0x0000000084c00000| Complete 
|   1|0x0000000084d00000, 0x0000000084e00000, 0x0000000084e00000|100%|HS|  |TAMS 0x0000000084e00000, 0x0000000084d00000| Complete 
|   2|0x0000000084e00000, 0x0000000084f00000, 0x0000000084f00000|100%| O|  |TAMS 0x0000000084f00000, 0x0000000084e00000| Untracked 
|   3|0x0000000084f00000, 0x0000000085000000, 0x0000000085000000|100%| O|  |TAMS 0x0000000085000000, 0x0000000084f00000| Untracked 
|   4|0x0000000085000000, 0x0000000085100000, 0x0000000085100000|100%| O|  |TAMS 0x0000000085100000, 0x0000000085000000| Untracked 
|   5|0x0000000085100000, 0x0000000085200000, 0x0000000085200000|100%| O|  |TAMS 0x0000000085200000, 0x0000000085100000| Untracked 
|   6|0x0000000085200000, 0x0000000085300000, 0x0000000085300000|100%| O|  |TAMS 0x0000000085300000, 0x0000000085200000| Untracked 
|   7|0x0000000085300000, 0x0000000085400000, 0x0000000085400000|100%| O|  |TAMS 0x0000000085400000, 0x0000000085300000| Untracked 
|   8|0x0000000085400000, 0x00000000854b4e00, 0x0000000085500000| 70%| O|  |TAMS 0x00000000854b4e00, 0x0000000085400000| Complete 
|   9|0x0000000085500000, 0x0000000085500000, 0x0000000085600000|  0%| F|  |TAMS 0x0000000085500000, 0x0000000085500000| Untracked 
|  10|0x0000000085600000, 0x0000000085600000, 0x0000000085700000|  0%| F|  |TAMS 0x0000000085600000, 0x0000000085600000| Untracked 
|  11|0x0000000085700000, 0x0000000085700000, 0x0000000085800000|  0%| F|  |TAMS 0x0000000085700000, 0x0000000085700000| Untracked 
|  12|0x0000000085800000, 0x0000000085800000, 0x0000000085900000|  0%| F|  |TAMS 0x0000000085800000, 0x0000000085800000| Untracked 
|  13|0x0000000085900000, 0x0000000085900000, 0x0000000085a00000|  0%| F|  |TAMS 0x0000000085900000, 0x0000000085900000| Untracked 
|  14|0x0000000085a00000, 0x0000000085a00000, 0x0000000085b00000|  0%| F|  |TAMS 0x0000000085a00000, 0x0000000085a00000| Untracked 
|  15|0x0000000085b00000, 0x0000000085b00000, 0x0000000085c00000|  0%| F|  |TAMS 0x0000000085b00000, 0x0000000085b00000| Untracked 
|  16|0x0000000085c00000, 0x0000000085c00000, 0x0000000085d00000|  0%| F|  |TAMS 0x0000000085c00000, 0x0000000085c00000| Untracked 
|  17|0x0000000085d00000, 0x0000000085d00000, 0x0000000085e00000|  0%| F|  |TAMS 0x0000000085d00000, 0x0000000085d00000| Untracked 
|  18|0x0000000085e00000, 0x0000000085e00000, 0x0000000085f00000|  0%| F|  |TAMS 0x0000000085e00000, 0x0000000085e00000| Untracked 
|  19|0x0000000085f00000, 0x0000000085f00000, 0x0000000086000000|  0%| F|  |TAMS 0x0000000085f00000, 0x0000000085f00000| Untracked 
|  20|0x0000000086000000, 0x0000000086000000, 0x0000000086100000|  0%| F|  |TAMS 0x0000000086000000, 0x0000000086000000| Untracked 
|  21|0x0000000086100000, 0x0000000086100000, 0x0000000086200000|  0%| F|  |TAMS 0x0000000086100000, 0x0000000086100000| Untracked 
|  22|0x0000000086200000, 0x0000000086200000, 0x0000000086300000|  0%| F|  |TAMS 0x0000000086200000, 0x0000000086200000| Untracked 
|  23|0x0000000086300000, 0x0000000086300000, 0x0000000086400000|  0%| F|  |TAMS 0x0000000086300000, 0x0000000086300000| Untracked 
|  24|0x0000000086400000, 0x0000000086400000, 0x0000000086500000|  0%| F|  |TAMS 0x0000000086400000, 0x0000000086400000| Untracked 
|  25|0x0000000086500000, 0x0000000086500000, 0x0000000086600000|  0%| F|  |TAMS 0x0000000086500000, 0x0000000086500000| Untracked 
|  26|0x0000000086600000, 0x0000000086600000, 0x0000000086700000|  0%| F|  |TAMS 0x0000000086600000, 0x0000000086600000| Untracked 
|  27|0x0000000086700000, 0x0000000086700000, 0x0000000086800000|  0%| F|  |TAMS 0x0000000086700000, 0x0000000086700000| Untracked 
|  28|0x0000000086800000, 0x0000000086800000, 0x0000000086900000|  0%| F|  |TAMS 0x0000000086800000, 0x0000000086800000| Untracked 
|  29|0x0000000086900000, 0x0000000086900000, 0x0000000086a00000|  0%| F|  |TAMS 0x0000000086900000, 0x0000000086900000| Untracked 
|  30|0x0000000086a00000, 0x0000000086a00000, 0x0000000086b00000|  0%| F|  |TAMS 0x0000000086a00000, 0x0000000086a00000| Untracked 
|  31|0x0000000086b00000, 0x0000000086b00000, 0x0000000086c00000|  0%| F|  |TAMS 0x0000000086b00000, 0x0000000086b00000| Untracked 
|  32|0x0000000086c00000, 0x0000000086c00000, 0x0000000086d00000|  0%| F|  |TAMS 0x0000000086c00000, 0x0000000086c00000| Untracked 
|  33|0x0000000086d00000, 0x0000000086d00000, 0x0000000086e00000|  0%| F|  |TAMS 0x0000000086d00000, 0x0000000086d00000| Untracked 
|  34|0x0000000086e00000, 0x0000000086e00000, 0x0000000086f00000|  0%| F|  |TAMS 0x0000000086e00000, 0x0000000086e00000| Untracked 
|  35|0x0000000086f00000, 0x0000000086f00000, 0x0000000087000000|  0%| F|  |TAMS 0x0000000086f00000, 0x0000000086f00000| Untracked 
|  36|0x0000000087000000, 0x0000000087000000, 0x0000000087100000|  0%| F|  |TAMS 0x0000000087000000, 0x0000000087000000| Untracked 
|  37|0x0000000087100000, 0x0000000087100000, 0x0000000087200000|  0%| F|  |TAMS 0x0000000087100000, 0x0000000087100000| Untracked 
|  38|0x0000000087200000, 0x0000000087200000, 0x0000000087300000|  0%| F|  |TAMS 0x0000000087200000, 0x0000000087200000| Untracked 
|  39|0x0000000087300000, 0x0000000087300000, 0x0000000087400000|  0%| F|  |TAMS 0x0000000087300000, 0x0000000087300000| Untracked 
|  40|0x0000000087400000, 0x0000000087400000, 0x0000000087500000|  0%| F|  |TAMS 0x0000000087400000, 0x0000000087400000| Untracked 
|  41|0x0000000087500000, 0x00000000875d9810, 0x0000000087600000| 84%| E|  |TAMS 0x0000000087500000, 0x0000000087500000| Complete 
| 108|0x000000008b800000, 0x000000008b8daa40, 0x000000008b900000| 85%| S|CS|TAMS 0x000000008b800000, 0x000000008b800000| Complete 
| 109|0x000000008b900000, 0x000000008ba00000, 0x000000008ba00000|100%| S|CS|TAMS 0x000000008b900000, 0x000000008b900000| Complete 
| 110|0x000000008ba00000, 0x000000008bb00000, 0x000000008bb00000|100%| S|CS|TAMS 0x000000008ba00000, 0x000000008ba00000| Complete 
| 111|0x000000008bb00000, 0x000000008bc00000, 0x000000008bc00000|100%| S|CS|TAMS 0x000000008bb00000, 0x000000008bb00000| Complete 
| 123|0x000000008c700000, 0x000000008c800000, 0x000000008c800000|100%| E|CS|TAMS 0x000000008c700000, 0x000000008c700000| Complete 

Card table byte_map: [0x0000019c7adc0000,0x0000019c7b1a0000] _byte_map_base: 0x0000019c7a99a000

Marking Bits (Prev, Next): (CMBitMap*) 0x0000019c773a8ce0, (CMBitMap*) 0x0000019c773a8ca0
 Prev Bits: [0x0000019c7d450000, 0x0000019c7f320000)
 Next Bits: [0x0000019c7b580000, 0x0000019c7d450000)

Polling page: 0x0000019c75200000

Metaspace:

Usage:
  Non-class:     18.59 MB used.
      Class:      2.34 MB used.
       Both:     20.93 MB used.

Virtual space:
  Non-class space:       24.00 MB reserved,      18.75 MB ( 78%) committed,  3 nodes.
      Class space:        1.00 GB reserved,       2.44 MB ( <1%) committed,  1 nodes.
             Both:        1.02 GB reserved,      21.19 MB (  2%) committed. 

Chunk freelists:
   Non-Class:  736.00 KB
       Class:  1.38 MB
        Both:  2.10 MB

MaxMetaspaceSize: unlimited
CompressedClassSpaceSize: 1.00 GB
Initial GC threshold: 21.00 MB
Current GC threshold: 35.12 MB
CDS: off
MetaspaceReclaimPolicy: balanced
 - commit_granule_bytes: 65536.
 - commit_granule_words: 8192.
 - virtual_space_node_default_size: 1048576.
 - enlarge_chunks_in_place: 1.
 - new_chunks_are_fully_committed: 0.
 - uncommit_free_chunks: 1.
 - use_allocation_guard: 0.
 - handle_deallocations: 1.


Internal statistics:

num_allocs_failed_limit: 3.
num_arena_births: 234.
num_arena_deaths: 0.
num_vsnodes_births: 4.
num_vsnodes_deaths: 0.
num_space_committed: 339.
num_space_uncommitted: 0.
num_chunks_returned_to_freelist: 3.
num_chunks_taken_from_freelist: 686.
num_chunk_merges: 3.
num_chunk_splits: 425.
num_chunks_enlarged: 304.
num_purges: 0.
num_inconsistent_stats: 0.

CodeHeap 'non-profiled nmethods': size=120000Kb used=723Kb max_used=723Kb free=119276Kb
 bounds [0x0000019c07ad0000, 0x0000019c07d40000, 0x0000019c0f000000]
CodeHeap 'profiled nmethods': size=120000Kb used=3944Kb max_used=3944Kb free=116055Kb
 bounds [0x0000019c00000000, 0x0000019c003e0000, 0x0000019c07530000]
CodeHeap 'non-nmethods': size=5760Kb used=1202Kb max_used=1207Kb free=4557Kb
 bounds [0x0000019c07530000, 0x0000019c077a0000, 0x0000019c07ad0000]
 total_blobs=2509 nmethods=2022 adapters=399
 compilation: enabled
              stopped_count=0, restarted_count=0
 full_count=0

Compilation events (20 events):
Event: 4.138 Thread 0x0000019c7f8a0060 1958       3       jdk.internal.org.objectweb.asm.FieldWriter::<init> (69 bytes)
Event: 4.138 Thread 0x0000019c7f8a0060 nmethod 1958 0x0000019c003aea10 code [0x0000019c003aec00, 0x0000019c003aefc8]
Event: 4.145 Thread 0x0000019c7f8a0060 1959       3       java.lang.invoke.MethodHandles$Lookup::resolveOrFail (44 bytes)
Event: 4.146 Thread 0x0000019c7f8a0060 nmethod 1959 0x0000019c003af210 code [0x0000019c003af4c0, 0x0000019c003b0168]
Event: 4.146 Thread 0x0000019c7f8a0060 1961       3       java.lang.invoke.MethodHandles$Lookup$ClassOption::optionsToFlag (40 bytes)
Event: 4.146 Thread 0x0000019c7f8a0060 nmethod 1961 0x0000019c003b0590 code [0x0000019c003b0760, 0x0000019c003b0c28]
Event: 4.146 Thread 0x0000019c7f8a0060 1962       3       java.lang.invoke.MethodHandles$Lookup$ClassDefiner::<init> (58 bytes)
Event: 4.146 Thread 0x0000019c7f8a0060 nmethod 1962 0x0000019c003b0d90 code [0x0000019c003b0f40, 0x0000019c003b11d8]
Event: 4.146 Thread 0x0000019c7f8a0060 1960       3       java.lang.invoke.MethodHandles$Lookup::getDirectMethodForConstant (72 bytes)
Event: 4.147 Thread 0x0000019c7f8a0060 nmethod 1960 0x0000019c003b1310 code [0x0000019c003b1660, 0x0000019c003b2948]
Event: 4.149 Thread 0x0000019c7f8a0060 1964       1       java.time.temporal.ValueRange::getMinimum (5 bytes)
Event: 4.149 Thread 0x0000019c7f8a0060 nmethod 1964 0x0000019c07b83710 code [0x0000019c07b838a0, 0x0000019c07b83978]
Event: 4.149 Thread 0x0000019c7f8a0060 1965       1       java.time.temporal.ValueRange::getMaximum (5 bytes)
Event: 4.150 Thread 0x0000019c7f8a0060 nmethod 1965 0x0000019c07b83a10 code [0x0000019c07b83ba0, 0x0000019c07b83c78]
Event: 4.161 Thread 0x0000019c7f8a0060 1966       3       java.util.HashSet::iterator (13 bytes)
Event: 4.161 Thread 0x0000019c7f8a0060 nmethod 1966 0x0000019c003b2f90 code [0x0000019c003b3140, 0x0000019c003b33d8]
Event: 4.171 Thread 0x0000019c7f8a0060 1967       1       sun.reflect.generics.reflectiveObjects.ParameterizedTypeImpl::getRawType (5 bytes)
Event: 4.171 Thread 0x0000019c7f8a0060 nmethod 1967 0x0000019c07b83d10 code [0x0000019c07b83ea0, 0x0000019c07b83f78]
Event: 4.172 Thread 0x0000019c7f8a0060 1968       1       sun.reflect.generics.repository.AbstractRepository::getTree (5 bytes)
Event: 4.172 Thread 0x0000019c7f8a0060 nmethod 1968 0x0000019c07b84010 code [0x0000019c07b841a0, 0x0000019c07b84278]

GC Heap History (6 events):
Event: 1.168 GC heap before
{Heap before GC invocations=0 (full 0):
 garbage-first heap   total 126976K, used 15360K [0x0000000084c00000, 0x0000000100000000)
  region size 1024K, 13 young (13312K), 0 survivors (0K)
 Metaspace       used 8437K, committed 8576K, reserved 1056768K
  class space    used 715K, committed 768K, reserved 1048576K
}
Event: 1.181 GC heap after
{Heap after GC invocations=1 (full 0):
 garbage-first heap   total 126976K, used 8496K [0x0000000084c00000, 0x0000000100000000)
  region size 1024K, 2 young (2048K), 2 survivors (2048K)
 Metaspace       used 8437K, committed 8576K, reserved 1056768K
  class space    used 715K, committed 768K, reserved 1048576K
}
Event: 2.135 GC heap before
{Heap before GC invocations=1 (full 0):
 garbage-first heap   total 126976K, used 17712K [0x0000000084c00000, 0x0000000100000000)
  region size 1024K, 11 young (11264K), 2 survivors (2048K)
 Metaspace       used 12291K, committed 12544K, reserved 1064960K
  class space    used 1199K, committed 1344K, reserved 1048576K
}
Event: 2.140 GC heap after
{Heap after GC invocations=2 (full 0):
 garbage-first heap   total 126976K, used 9720K [0x0000000084c00000, 0x0000000100000000)
  region size 1024K, 1 young (1024K), 1 survivors (1024K)
 Metaspace       used 12291K, committed 12544K, reserved 1064960K
  class space    used 1199K, committed 1344K, reserved 1048576K
}
Event: 3.808 GC heap before
{Heap before GC invocations=2 (full 0):
 garbage-first heap   total 126976K, used 29176K [0x0000000084c00000, 0x0000000100000000)
  region size 1024K, 20 young (20480K), 1 survivors (1024K)
 Metaspace       used 18508K, committed 18752K, reserved 1073152K
  class space    used 1997K, committed 2112K, reserved 1048576K
}
Event: 3.814 GC heap after
{Heap after GC invocations=3 (full 0):
 garbage-first heap   total 126976K, used 11987K [0x0000000084c00000, 0x0000000100000000)
  region size 1024K, 3 young (3072K), 3 survivors (3072K)
 Metaspace       used 18508K, committed 18752K, reserved 1073152K
  class space    used 1997K, committed 2112K, reserved 1048576K
}

Dll operation events (5 events):
Event: 0.189 Loaded shared library C:\Users\Sangita\Downloads\spring-tool-suite-4-4.18.0.RELEASE-e4.27.0-win32.win32.x86_64.self-extracting\sts-4.18.0.RELEASE\plugins\org.eclipse.justj.openjdk.hotspot.jre.full.win32.x86_64_17.0.6.v20230204-1729\jre\bin\java.dll
Event: 0.528 Loaded shared library C:\Users\Sangita\Downloads\spring-tool-suite-4-4.18.0.RELEASE-e4.27.0-win32.win32.x86_64.self-extracting\sts-4.18.0.RELEASE\plugins\org.eclipse.justj.openjdk.hotspot.jre.full.win32.x86_64_17.0.6.v20230204-1729\jre\bin\net.dll
Event: 0.532 Loaded shared library C:\Users\Sangita\Downloads\spring-tool-suite-4-4.18.0.RELEASE-e4.27.0-win32.win32.x86_64.self-extracting\sts-4.18.0.RELEASE\plugins\org.eclipse.justj.openjdk.hotspot.jre.full.win32.x86_64_17.0.6.v20230204-1729\jre\bin\nio.dll
Event: 0.539 Loaded shared library C:\Users\Sangita\Downloads\spring-tool-suite-4-4.18.0.RELEASE-e4.27.0-win32.win32.x86_64.self-extracting\sts-4.18.0.RELEASE\plugins\org.eclipse.justj.openjdk.hotspot.jre.full.win32.x86_64_17.0.6.v20230204-1729\jre\bin\zip.dll
Event: 0.892 Loaded shared library C:\Users\Sangita\Downloads\spring-tool-suite-4-4.18.0.RELEASE-e4.27.0-win32.win32.x86_64.self-extracting\sts-4.18.0.RELEASE\plugins\org.eclipse.justj.openjdk.hotspot.jre.full.win32.x86_64_17.0.6.v20230204-1729\jre\bin\jimage.dll

Deoptimization events (20 events):
Event: 3.755 Thread 0x0000019c7734d920 DEOPT PACKING pc=0x0000019c07b23cc8 sp=0x00000055471fda80
Event: 3.755 Thread 0x0000019c7734d920 DEOPT UNPACKING pc=0x0000019c0758a1a3 sp=0x00000055471fda18 mode 2
Event: 3.877 Thread 0x0000019c12cad7c0 DEOPT PACKING pc=0x0000019c0011e875 sp=0x00000055488fc140
Event: 3.877 Thread 0x0000019c12cad7c0 DEOPT UNPACKING pc=0x0000019c0758ace3 sp=0x00000055488fb5c8 mode 0
Event: 4.173 Thread 0x0000019c7734d920 Uncommon trap: trap_request=0xffffff45 fr.pc=0x0000019c07b7f3c4 relative=0x00000000000010a4
Event: 4.173 Thread 0x0000019c7734d920 Uncommon trap: reason=unstable_if action=reinterpret pc=0x0000019c07b7f3c4 method=java.util.concurrent.ConcurrentHashMap.addCount(JI)V @ 171 c2
Event: 4.173 Thread 0x0000019c7734d920 DEOPT PACKING pc=0x0000019c07b7f3c4 sp=0x00000055471fb230
Event: 4.173 Thread 0x0000019c7734d920 DEOPT UNPACKING pc=0x0000019c0758a1a3 sp=0x00000055471fb0f0 mode 2
Event: 4.173 Thread 0x0000019c7734d920 Uncommon trap: trap_request=0xffffff45 fr.pc=0x0000019c07b7cdf0 relative=0x0000000000001390
Event: 4.173 Thread 0x0000019c7734d920 Uncommon trap: reason=unstable_if action=reinterpret pc=0x0000019c07b7cdf0 method=java.util.concurrent.ConcurrentHashMap.transfer([Ljava/util/concurrent/ConcurrentHashMap$Node;[Ljava/util/concurrent/ConcurrentHashMap$Node;)V @ 34 c2
Event: 4.173 Thread 0x0000019c7734d920 DEOPT PACKING pc=0x0000019c07b7cdf0 sp=0x00000055471fb000
Event: 4.173 Thread 0x0000019c7734d920 DEOPT UNPACKING pc=0x0000019c0758a1a3 sp=0x00000055471fafb0 mode 2
Event: 4.173 Thread 0x0000019c12cad7c0 Uncommon trap: trap_request=0xffffff45 fr.pc=0x0000019c07b7cee4 relative=0x0000000000001484
Event: 4.173 Thread 0x0000019c12cad7c0 Uncommon trap: reason=unstable_if action=reinterpret pc=0x0000019c07b7cee4 method=java.util.concurrent.ConcurrentHashMap.transfer([Ljava/util/concurrent/ConcurrentHashMap$Node;[Ljava/util/concurrent/ConcurrentHashMap$Node;)V @ 273 c2
Event: 4.173 Thread 0x0000019c12cad7c0 DEOPT PACKING pc=0x0000019c07b7cee4 sp=0x00000055488fe5f0
Event: 4.173 Thread 0x0000019c12cad7c0 DEOPT UNPACKING pc=0x0000019c0758a1a3 sp=0x00000055488fe580 mode 2
Event: 4.173 Thread 0x0000019c12cad7c0 Uncommon trap: trap_request=0xffffff45 fr.pc=0x0000019c07b7f3c4 relative=0x00000000000010a4
Event: 4.173 Thread 0x0000019c12cad7c0 Uncommon trap: reason=unstable_if action=reinterpret pc=0x0000019c07b7f3c4 method=java.util.concurrent.ConcurrentHashMap.addCount(JI)V @ 171 c2
Event: 4.173 Thread 0x0000019c12cad7c0 DEOPT PACKING pc=0x0000019c07b7f3c4 sp=0x00000055488fe6f0
Event: 4.173 Thread 0x0000019c12cad7c0 DEOPT UNPACKING pc=0x0000019c0758a1a3 sp=0x00000055488fe5b0 mode 2

Classes unloaded (0 events):
No events

Classes redefined (0 events):
No events

Internal exceptions (20 events):
Event: 3.028 Thread 0x0000019c7734d920 Exception <a 'java/lang/NoSuchMethodError'{0x000000008c031558}: 'java.lang.Object java.lang.invoke.DirectMethodHandle$Holder.newInvokeSpecial(java.lang.Object, java.lang.Object, java.lang.Object, java.lang.Object, java.lang.Object, java.lang.Object, int)'> (0x000000008c031558) 
thrown [s\src\hotspot\share\interpreter\linkResolver.cpp, line 759]
Event: 3.028 Thread 0x0000019c7734d920 Exception <a 'java/lang/NoSuchMethodError'{0x000000008c036598}: 'java.lang.Object java.lang.invoke.DirectMethodHandle$Holder.invokeSpecial(java.lang.Object, java.lang.Object, java.lang.Object, java.lang.Object, java.lang.Object, java.lang.Object, java.lang.Object, int)'> (0x000000008c036598) 
thrown [s\src\hotspot\share\interpreter\linkResolver.cpp, line 759]
Event: 3.082 Thread 0x0000019c7734d920 Exception <a 'java/lang/NoSuchMethodError'{0x000000008bf5d908}: 'int java.lang.invoke.DirectMethodHandle$Holder.invokeInterface(java.lang.Object, java.lang.Object)'> (0x000000008bf5d908) 
thrown [s\src\hotspot\share\interpreter\linkResolver.cpp, line 759]
Event: 3.112 Thread 0x0000019c7734d920 Exception <a 'java/lang/NoSuchMethodError'{0x000000008bfd15b8}: 'int java.lang.invoke.DirectMethodHandle$Holder.invokeVirtual(java.lang.Object, java.lang.Object)'> (0x000000008bfd15b8) 
thrown [s\src\hotspot\share\interpreter\linkResolver.cpp, line 759]
Event: 3.129 Thread 0x0000019c7734d920 Exception <a 'java/lang/NoSuchMethodError'{0x000000008bd40ac8}: 'void java.lang.invoke.DirectMethodHandle$Holder.invokeSpecial(java.lang.Object, java.lang.Object, java.lang.Object, java.lang.Object, java.lang.Object)'> (0x000000008bd40ac8) 
thrown [s\src\hotspot\share\interpreter\linkResolver.cpp, line 759]
Event: 3.303 Thread 0x0000019c7734d920 Exception <a 'java/lang/NoSuchMethodError'{0x000000008bb7a908}: 'void java.lang.invoke.DirectMethodHandle$Holder.invokeSpecial(java.lang.Object, java.lang.Object, java.lang.Object, java.lang.Object, java.lang.Object, java.lang.Object)'> (0x000000008bb7a908) 
thrown [s\src\hotspot\share\interpreter\linkResolver.cpp, line 759]
Event: 3.341 Thread 0x0000019c7734d920 Exception <a 'java/lang/NoSuchMethodError'{0x000000008bbe9680}: 'java.lang.Object java.lang.invoke.DirectMethodHandle$Holder.invokeSpecial(java.lang.Object, java.lang.Object, java.lang.Object, int, java.lang.Object)'> (0x000000008bbe9680) 
thrown [s\src\hotspot\share\interpreter\linkResolver.cpp, line 759]
Event: 3.342 Thread 0x0000019c7734d920 Exception <a 'java/lang/NoSuchMethodError'{0x000000008bbf1be8}: 'java.lang.Object java.lang.invoke.DirectMethodHandle$Holder.newInvokeSpecial(java.lang.Object, java.lang.Object, java.lang.Object, int, java.lang.Object)'> (0x000000008bbf1be8) 
thrown [s\src\hotspot\share\interpreter\linkResolver.cpp, line 759]
Event: 3.349 Thread 0x0000019c7734d920 Exception <a 'java/lang/NoSuchMethodError'{0x000000008ba08050}: 'java.lang.Object java.lang.invoke.DirectMethodHandle$Holder.newInvokeSpecial(java.lang.Object, int, java.lang.Object)'> (0x000000008ba08050) 
thrown [s\src\hotspot\share\interpreter\linkResolver.cpp, line 759]
Event: 3.351 Thread 0x0000019c7734d920 Exception <a 'java/lang/NoSuchMethodError'{0x000000008ba0cb20}: 'int java.lang.invoke.DirectMethodHandle$Holder.invokeSpecialIFC(java.lang.Object, java.lang.Object, java.lang.Object, java.lang.Object)'> (0x000000008ba0cb20) 
thrown [s\src\hotspot\share\interpreter\linkResolver.cpp, line 759]
Event: 3.418 Thread 0x0000019c7734d920 Exception <a 'java/lang/NoSuchMethodError'{0x000000008bad84b0}: 'void java.lang.invoke.DirectMethodHandle$Holder.invokeInterface(java.lang.Object, java.lang.Object, java.lang.Object)'> (0x000000008bad84b0) 
thrown [s\src\hotspot\share\interpreter\linkResolver.cpp, line 759]
Event: 3.488 Thread 0x0000019c7734d920 Exception <a 'java/lang/NoSuchMethodError'{0x000000008b9a4ba8}: 'void java.lang.invoke.DirectMethodHandle$Holder.invokeStaticInit(java.lang.Object, java.lang.Object, java.lang.Object)'> (0x000000008b9a4ba8) 
thrown [s\src\hotspot\share\interpreter\linkResolver.cpp, line 759]
Event: 3.505 Thread 0x0000019c7734d920 Exception <a 'java/lang/NoSuchMethodError'{0x000000008b9ebe18}: 'java.lang.Object java.lang.invoke.DirectMethodHandle$Holder.invokeStatic(java.lang.Object, java.lang.Object, long, java.lang.Object)'> (0x000000008b9ebe18) 
thrown [s\src\hotspot\share\interpreter\linkResolver.cpp, line 759]
Event: 3.506 Thread 0x0000019c7734d920 Exception <a 'java/lang/NoSuchMethodError'{0x000000008b9ef8b0}: 'java.lang.Object java.lang.invoke.DirectMethodHandle$Holder.invokeStaticInit(java.lang.Object, java.lang.Object, long, java.lang.Object)'> (0x000000008b9ef8b0) 
thrown [s\src\hotspot\share\interpreter\linkResolver.cpp, line 759]
Event: 3.507 Thread 0x0000019c7734d920 Exception <a 'java/lang/NoSuchMethodError'{0x000000008b9f5be0}: 'java.lang.Object java.lang.invoke.DirectMethodHandle$Holder.newInvokeSpecial(java.lang.Object, java.lang.Object, long)'> (0x000000008b9f5be0) 
thrown [s\src\hotspot\share\interpreter\linkResolver.cpp, line 759]
Event: 3.507 Thread 0x0000019c7734d920 Exception <a 'java/lang/NoSuchMethodError'{0x000000008b9f9750}: 'java.lang.Object java.lang.invoke.Invokers$Holder.linkToTargetMethod(java.lang.Object, long, java.lang.Object)'> (0x000000008b9f9750) 
thrown [s\src\hotspot\share\interpreter\linkResolver.cpp, line 759]
Event: 3.524 Thread 0x0000019c7734d920 Exception <a 'java/lang/NoSuchMethodError'{0x000000008b836c28}: 'java.lang.Object java.lang.invoke.DirectMethodHandle$Holder.invokeVirtual(java.lang.Object, java.lang.Object, java.lang.Object)'> (0x000000008b836c28) 
thrown [s\src\hotspot\share\interpreter\linkResolver.cpp, line 759]
Event: 3.557 Thread 0x0000019c7734d920 Exception <a 'java/lang/NoSuchMethodError'{0x000000008b8786e8}: 'void java.lang.invoke.DirectMethodHandle$Holder.invokeVirtual(java.lang.Object, java.lang.Object, java.lang.Object, java.lang.Object)'> (0x000000008b8786e8) 
thrown [s\src\hotspot\share\interpreter\linkResolver.cpp, line 759]
Event: 3.776 Thread 0x0000019c7734d920 Exception <a 'java/lang/NoSuchMethodError'{0x000000008b410800}: 'void java.lang.invoke.DirectMethodHandle$Holder.invokeSpecial(java.lang.Object, java.lang.Object, java.lang.Object)'> (0x000000008b410800) 
thrown [s\src\hotspot\share\interpreter\linkResolver.cpp, line 759]
Event: 3.786 Thread 0x0000019c7734d920 Exception <a 'java/lang/IncompatibleClassChangeError'{0x000000008b439af0}: Found class java.lang.Object, but interface was expected> (0x000000008b439af0) 
thrown [s\src\hotspot\share\interpreter\linkResolver.cpp, line 826]

VM Operations (20 events):
Event: 2.135 Executing VM operation: G1CollectForAllocation
Event: 2.140 Executing VM operation: G1CollectForAllocation done
Event: 2.412 Executing VM operation: HandshakeAllThreads
Event: 2.412 Executing VM operation: HandshakeAllThreads done
Event: 2.456 Executing VM operation: HandshakeAllThreads
Event: 2.456 Executing VM operation: HandshakeAllThreads done
Event: 2.462 Executing VM operation: HandshakeAllThreads
Event: 2.463 Executing VM operation: HandshakeAllThreads done
Event: 3.108 Executing VM operation: HandshakeAllThreads
Event: 3.108 Executing VM operation: HandshakeAllThreads done
Event: 3.443 Executing VM operation: ICBufferFull
Event: 3.443 Executing VM operation: ICBufferFull done
Event: 3.650 Executing VM operation: HandshakeAllThreads
Event: 3.650 Executing VM operation: HandshakeAllThreads done
Event: 3.756 Executing VM operation: HandshakeAllThreads
Event: 3.756 Executing VM operation: HandshakeAllThreads done
Event: 3.808 Executing VM operation: G1CollectForAllocation
Event: 3.816 Executing VM operation: G1CollectForAllocation done
Event: 4.152 Executing VM operation: HandshakeAllThreads
Event: 4.152 Executing VM operation: HandshakeAllThreads done

Events (20 events):
Event: 4.108 loading class java/util/OptionalLong
Event: 4.109 loading class java/util/OptionalLong done
Event: 4.109 loading class java/util/HashMap$ValueSpliterator
Event: 4.109 loading class java/util/HashMap$HashMapSpliterator
Event: 4.109 loading class java/util/HashMap$HashMapSpliterator done
Event: 4.109 loading class java/util/HashMap$ValueSpliterator done
Event: 4.148 loading class java/time/Clock$SystemClock
Event: 4.148 loading class java/time/Clock$SystemClock done
Event: 4.149 loading class java/time/LocalTime$1
Event: 4.149 loading class java/time/LocalTime$1 done
Event: 4.160 loading class java/lang/reflect/MalformedParameterizedTypeException
Event: 4.160 loading class java/lang/reflect/MalformedParameterizedTypeException done
Event: 4.168 loading class org/xml/sax/SAXParseException
Event: 4.168 loading class org/xml/sax/SAXParseException done
Event: 4.168 loading class javax/xml/parsers/ParserConfigurationException
Event: 4.168 loading class javax/xml/parsers/ParserConfigurationException done
Event: 4.171 loading class org/xml/sax/EntityResolver
Event: 4.171 loading class org/xml/sax/EntityResolver done
Event: 4.171 loading class org/xml/sax/ErrorHandler
Event: 4.171 loading class org/xml/sax/ErrorHandler done


Dynamic libraries:
0x00007ff631300000 - 0x00007ff63130e000 	C:\Users\Sangita\Downloads\spring-tool-suite-4-4.18.0.RELEASE-e4.27.0-win32.win32.x86_64.self-extracting\sts-4.18.0.RELEASE\plugins\org.eclipse.justj.openjdk.hotspot.jre.full.win32.x86_64_17.0.6.v20230204-1729\jre\bin\javaw.exe
0x00007ffa4aab0000 - 0x00007ffa4acc7000 	C:\WINDOWS\SYSTEM32\ntdll.dll
0x00007ffa48f70000 - 0x00007ffa49034000 	C:\WINDOWS\System32\KERNEL32.DLL
0x00007ffa47dc0000 - 0x00007ffa48177000 	C:\WINDOWS\System32\KERNELBASE.dll
0x00007ffa48570000 - 0x00007ffa48681000 	C:\WINDOWS\System32\ucrtbase.dll
0x00007ffa2b7f0000 - 0x00007ffa2b807000 	C:\Users\Sangita\Downloads\spring-tool-suite-4-4.18.0.RELEASE-e4.27.0-win32.win32.x86_64.self-extracting\sts-4.18.0.RELEASE\plugins\org.eclipse.justj.openjdk.hotspot.jre.full.win32.x86_64_17.0.6.v20230204-1729\jre\bin\jli.dll
0x00007ffa49f70000 - 0x00007ffa4a11f000 	C:\WINDOWS\System32\USER32.dll
0x00007ffa48480000 - 0x00007ffa484a6000 	C:\WINDOWS\System32\win32u.dll
0x00007ffa48c20000 - 0x00007ffa48c49000 	C:\WINDOWS\System32\GDI32.dll
0x00007ffa486c0000 - 0x00007ffa487d8000 	C:\WINDOWS\System32\gdi32full.dll
0x00007ffa48360000 - 0x00007ffa483fa000 	C:\WINDOWS\System32\msvcp_win.dll
0x00007ffa41ba0000 - 0x00007ffa41bb9000 	C:\Users\Sangita\Downloads\spring-tool-suite-4-4.18.0.RELEASE-e4.27.0-win32.win32.x86_64.self-extracting\sts-4.18.0.RELEASE\plugins\org.eclipse.justj.openjdk.hotspot.jre.full.win32.x86_64_17.0.6.v20230204-1729\jre\bin\VCRUNTIME140.dll
0x00007ffa2e160000 - 0x00007ffa2e3f3000 	C:\WINDOWS\WinSxS\amd64_microsoft.windows.common-controls_6595b64144ccf1df_6.0.22621.3672_none_2713b9d173822955\COMCTL32.dll
0x00007ffa49ec0000 - 0x00007ffa49f67000 	C:\WINDOWS\System32\msvcrt.dll
0x00007ffa4a2d0000 - 0x00007ffa4a301000 	C:\WINDOWS\System32\IMM32.DLL
0x00007ffa41b90000 - 0x00007ffa41b9c000 	C:\Users\Sangita\Downloads\spring-tool-suite-4-4.18.0.RELEASE-e4.27.0-win32.win32.x86_64.self-extracting\sts-4.18.0.RELEASE\plugins\org.eclipse.justj.openjdk.hotspot.jre.full.win32.x86_64_17.0.6.v20230204-1729\jre\bin\vcruntime140_1.dll
0x00007ffa34cf0000 - 0x00007ffa34d81000 	C:\Users\Sangita\Downloads\spring-tool-suite-4-4.18.0.RELEASE-e4.27.0-win32.win32.x86_64.self-extracting\sts-4.18.0.RELEASE\plugins\org.eclipse.justj.openjdk.hotspot.jre.full.win32.x86_64_17.0.6.v20230204-1729\jre\bin\msvcp140.dll
0x00007ff9e5cc0000 - 0x00007ff9e6907000 	C:\Users\Sangita\Downloads\spring-tool-suite-4-4.18.0.RELEASE-e4.27.0-win32.win32.x86_64.self-extracting\sts-4.18.0.RELEASE\plugins\org.eclipse.justj.openjdk.hotspot.jre.full.win32.x86_64_17.0.6.v20230204-1729\jre\bin\server\jvm.dll
0x00007ffa49060000 - 0x00007ffa49112000 	C:\WINDOWS\System32\ADVAPI32.dll
0x00007ffa4a220000 - 0x00007ffa4a2c8000 	C:\WINDOWS\System32\sechost.dll
0x00007ffa48690000 - 0x00007ffa486b8000 	C:\WINDOWS\System32\bcrypt.dll
0x00007ffa4a950000 - 0x00007ffa4aa64000 	C:\WINDOWS\System32\RPCRT4.dll
0x00007ffa18230000 - 0x00007ffa18239000 	C:\WINDOWS\SYSTEM32\WSOCK32.dll
0x00007ffa49120000 - 0x00007ffa49191000 	C:\WINDOWS\System32\WS2_32.dll
0x00007ffa40260000 - 0x00007ffa40294000 	C:\WINDOWS\SYSTEM32\WINMM.dll
0x00007ffa45610000 - 0x00007ffa4561a000 	C:\WINDOWS\SYSTEM32\VERSION.dll
0x00007ffa46dd0000 - 0x00007ffa46de8000 	C:\WINDOWS\SYSTEM32\kernel.appcore.dll
0x00007ffa32a00000 - 0x00007ffa32a0a000 	C:\Users\Sangita\Downloads\spring-tool-suite-4-4.18.0.RELEASE-e4.27.0-win32.win32.x86_64.self-extracting\sts-4.18.0.RELEASE\plugins\org.eclipse.justj.openjdk.hotspot.jre.full.win32.x86_64_17.0.6.v20230204-1729\jre\bin\jimage.dll
0x00007ffa45230000 - 0x00007ffa45462000 	C:\WINDOWS\SYSTEM32\DBGHELP.DLL
0x00007ffa4a470000 - 0x00007ffa4a7fe000 	C:\WINDOWS\System32\combase.dll
0x00007ffa4a800000 - 0x00007ffa4a8d7000 	C:\WINDOWS\System32\OLEAUT32.dll
0x00007ffa15d90000 - 0x00007ffa15dc2000 	C:\WINDOWS\SYSTEM32\dbgcore.DLL
0x00007ffa48400000 - 0x00007ffa4847b000 	C:\WINDOWS\System32\bcryptPrimitives.dll
0x00007ffa2c010000 - 0x00007ffa2c035000 	C:\Users\Sangita\Downloads\spring-tool-suite-4-4.18.0.RELEASE-e4.27.0-win32.win32.x86_64.self-extracting\sts-4.18.0.RELEASE\plugins\org.eclipse.justj.openjdk.hotspot.jre.full.win32.x86_64_17.0.6.v20230204-1729\jre\bin\java.dll
0x00007ffa2b7d0000 - 0x00007ffa2b7e8000 	C:\Users\Sangita\Downloads\spring-tool-suite-4-4.18.0.RELEASE-e4.27.0-win32.win32.x86_64.self-extracting\sts-4.18.0.RELEASE\plugins\org.eclipse.justj.openjdk.hotspot.jre.full.win32.x86_64_17.0.6.v20230204-1729\jre\bin\zip.dll
0x00007ffa49630000 - 0x00007ffa49e99000 	C:\WINDOWS\System32\SHELL32.dll
0x00007ffa45ca0000 - 0x00007ffa4659f000 	C:\WINDOWS\SYSTEM32\windows.storage.dll
0x00007ffa45b60000 - 0x00007ffa45c9f000 	C:\WINDOWS\SYSTEM32\wintypes.dll
0x00007ffa4a310000 - 0x00007ffa4a409000 	C:\WINDOWS\System32\SHCORE.dll
0x00007ffa48bb0000 - 0x00007ffa48c0e000 	C:\WINDOWS\System32\shlwapi.dll
0x00007ffa47cf0000 - 0x00007ffa47d17000 	C:\WINDOWS\SYSTEM32\profapi.dll
0x00007ffa2b7b0000 - 0x00007ffa2b7c9000 	C:\Users\Sangita\Downloads\spring-tool-suite-4-4.18.0.RELEASE-e4.27.0-win32.win32.x86_64.self-extracting\sts-4.18.0.RELEASE\plugins\org.eclipse.justj.openjdk.hotspot.jre.full.win32.x86_64_17.0.6.v20230204-1729\jre\bin\net.dll
0x00007ffa400d0000 - 0x00007ffa40206000 	C:\WINDOWS\SYSTEM32\WINHTTP.dll
0x00007ffa47240000 - 0x00007ffa472a9000 	C:\WINDOWS\system32\mswsock.dll
0x00007ffa2b790000 - 0x00007ffa2b7a5000 	C:\Users\Sangita\Downloads\spring-tool-suite-4-4.18.0.RELEASE-e4.27.0-win32.win32.x86_64.self-extracting\sts-4.18.0.RELEASE\plugins\org.eclipse.justj.openjdk.hotspot.jre.full.win32.x86_64_17.0.6.v20230204-1729\jre\bin\nio.dll
0x00007ffa46800000 - 0x00007ffa4682d000 	C:\WINDOWS\SYSTEM32\IPHLPAPI.DLL
0x00007ffa491a0000 - 0x00007ffa491a9000 	C:\WINDOWS\System32\NSI.dll
0x00007ffa40240000 - 0x00007ffa40259000 	C:\WINDOWS\SYSTEM32\dhcpcsvc6.DLL
0x00007ffa3f950000 - 0x00007ffa3f96f000 	C:\WINDOWS\SYSTEM32\dhcpcsvc.DLL
0x00007ffa46830000 - 0x00007ffa46932000 	C:\WINDOWS\SYSTEM32\DNSAPI.dll
0x00007ffa24030000 - 0x00007ffa2403a000 	C:\Windows\System32\rasadhlp.dll
0x00007ffa387e0000 - 0x00007ffa38863000 	C:\WINDOWS\System32\fwpuclnt.dll

dbghelp: loaded successfully - version: 4.0.5 - missing functions: none
symbol engine: initialized successfully - sym options: 0x614 - pdb path: .;C:\Users\Sangita\Downloads\spring-tool-suite-4-4.18.0.RELEASE-e4.27.0-win32.win32.x86_64.self-extracting\sts-4.18.0.RELEASE\plugins\org.eclipse.justj.openjdk.hotspot.jre.full.win32.x86_64_17.0.6.v20230204-1729\jre\bin;C:\WINDOWS\SYSTEM32;C:\WINDOWS\WinSxS\amd64_microsoft.windows.common-controls_6595b64144ccf1df_6.0.22621.3672_none_2713b9d173822955;C:\Users\Sangita\Downloads\spring-tool-suite-4-4.18.0.RELEASE-e4.27.0-win32.win32.x86_64.self-extracting\sts-4.18.0.RELEASE\plugins\org.eclipse.justj.openjdk.hotspot.jre.full.win32.x86_64_17.0.6.v20230204-1729\jre\bin\server

VM Arguments:
jvm_args: -Dfile.encoding=UTF-8 -XX:+ShowCodeDetailsInExceptionMessages 
java_command: com.teach.TeacherServicesApplication
java_class_path (initial): C:\Users\Sangita\Institute Management System\teacherService\teacherServices\target\classes;C:\Users\Sangita\.m2\repository\org\springframework\boot\spring-boot-starter-web\3.2.2\spring-boot-starter-web-3.2.2.jar;C:\Users\Sangita\.m2\repository\org\springframework\boot\spring-boot-starter\3.2.2\spring-boot-starter-3.2.2.jar;C:\Users\Sangita\.m2\repository\org\springframework\boot\spring-boot\3.2.2\spring-boot-3.2.2.jar;C:\Users\Sangita\.m2\repository\org\springframework\boot\spring-boot-autoconfigure\3.2.2\spring-boot-autoconfigure-3.2.2.jar;C:\Users\Sangita\.m2\repository\org\springframework\boot\spring-boot-starter-logging\3.2.2\spring-boot-starter-logging-3.2.2.jar;C:\Users\Sangita\.m2\repository\ch\qos\logback\logback-classic\1.4.14\logback-classic-1.4.14.jar;C:\Users\Sangita\.m2\repository\ch\qos\logback\logback-core\1.4.14\logback-core-1.4.14.jar;C:\Users\Sangita\.m2\repository\org\apache\logging\log4j\log4j-to-slf4j\2.21.1\log4j-to-slf4j-2.21.1.jar;C:\Users\Sangita\.m2\repository\org\apache\logging\log4j\log4j-api\2.21.1\log4j-api-2.21.1.jar;C:\Users\Sangita\.m2\repository\org\slf4j\jul-to-slf4j\2.0.11\jul-to-slf4j-2.0.11.jar;C:\Users\Sangita\.m2\repository\jakarta\annotation\jakarta.annotation-api\2.1.1\jakarta.annotation-api-2.1.1.jar;C:\Users\Sangita\.m2\repository\org\yaml\snakeyaml\2.2\snakeyaml-2.2.jar;C:\Users\Sangita\.m2\repository\org\springframework\boot\spring-boot-starter-json\3.2.2\spring-boot-starter-json-3.2.2.jar;C:\Users\Sangita\.m2\repository\com\fasterxml\jackson\datatype\jackson-datatype-jdk8\2.15.3\jackson-datatype-jdk8-2.15.3.jar;C:\Users\Sangita\.m2\repository\com\fasterxml\jackson\datatype\jackson-datatype-jsr310\2.15.3\jackson-datatype-jsr310-2.15.3.jar;C:\Users\Sangita\.m2\repository\com\fasterxml\jackson\module\jackson-module-parameter-names\2.15.3\jackson-module-parameter-names-2.15.3.jar;C:\Users\Sangita\.m2\repository\org\springframework\boot\spring-boot-starter-tomcat\3.2.2\spring-boot-starter-tomcat-
Launcher Type: SUN_STANDARD

[Global flags]
     intx CICompilerCount                          = 3                                         {product} {ergonomic}
     uint ConcGCThreads                            = 1                                         {product} {ergonomic}
     uint G1ConcRefinementThreads                  = 4                                         {product} {ergonomic}
   size_t G1HeapRegionSize                         = 1048576                                   {product} {ergonomic}
    uintx GCDrainStackTargetSize                   = 64                                        {product} {ergonomic}
   size_t InitialHeapSize                          = 130023424                                 {product} {ergonomic}
   size_t MarkStackSize                            = 4194304                                   {product} {ergonomic}
   size_t MaxHeapSize                              = 2067791872                                {product} {ergonomic}
   size_t MaxNewSize                               = 1240465408                                {product} {ergonomic}
   size_t MinHeapDeltaBytes                        = 1048576                                   {product} {ergonomic}
   size_t MinHeapSize                              = 8388608                                   {product} {ergonomic}
    uintx NonNMethodCodeHeapSize                   = 5832780                                {pd product} {ergonomic}
    uintx NonProfiledCodeHeapSize                  = 122912730                              {pd product} {ergonomic}
    uintx ProfiledCodeHeapSize                     = 122912730                              {pd product} {ergonomic}
    uintx ReservedCodeCacheSize                    = 251658240                              {pd product} {ergonomic}
     bool SegmentedCodeCache                       = true                                      {product} {ergonomic}
     bool ShowCodeDetailsInExceptionMessages       = true                                   {manageable} {command line}
   size_t SoftMaxHeapSize                          = 2067791872                             {manageable} {ergonomic}
     bool UseCompressedClassPointers               = true                           {product lp64_product} {ergonomic}
     bool UseCompressedOops                        = true                           {product lp64_product} {ergonomic}
     bool UseG1GC                                  = true                                      {product} {ergonomic}
     bool UseLargePagesIndividualAllocation        = false                                  {pd product} {ergonomic}

Logging:
Log output configuration:
 #0: stdout all=warning uptime,level,tags
 #1: stderr all=off uptime,level,tags

Environment Variables:
JAVA_HOME=C:\Program Files\Java\jdk-17.0.1
CLASSPATH=C:\mysql-connector-java-8.0.27.jar;
PATH=C:/Users/Sangita/Downloads/spring-tool-suite-4-4.18.0.RELEASE-e4.27.0-win32.win32.x86_64.self-extracting/sts-4.18.0.RELEASE//plugins/org.eclipse.justj.openjdk.hotspot.jre.full.win32.x86_64_17.0.6.v20230204-1729/jre/bin/server;C:/Users/Sangita/Downloads/spring-tool-suite-4-4.18.0.RELEASE-e4.27.0-win32.win32.x86_64.self-extracting/sts-4.18.0.RELEASE//plugins/org.eclipse.justj.openjdk.hotspot.jre.full.win32.x86_64_17.0.6.v20230204-1729/jre/bin;C:\Program Files\Common Files\Oracle\Java\javapath;C:\WINDOWS\system32;C:\WINDOWS;C:\WINDOWS\System32\Wbem;C:\WINDOWS\System32\WindowsPowerShell\v1.0\;C:\WINDOWS\System32\OpenSSH\;C:\MinGW\bin;C:\Program Files\Java\jdk-17.0.6\bin;C:\ProgramData\chocolatey\bin;C:\ProgramData\Microsoft\Windows\Start Menu\Programs\Node.js;;C:\Program Files\nodejs;C:\Program Files\Docker\Docker\resources\bin;C:\Program Files\Git\cmd;C:\Users\Sangita\OneDrive\Documents\maven\apache-maven-3.9.9-bin\apache-maven-3.9.9\bin;%JAVA_HOME%\bin;C:\Program Files\MySQL\MySQL Server 8.1\bin;C:\Users\Sangita\AppData\Local\Programs\Microsoft VS Code\bin;C:\MinGW\mingw32\bin;C:\mysql-connector-java-8.0.27\mysql-connector-java-8.0.27;C:\Users\Sangita\AppData\Local\GitHubDesktop\bin;C:\Program Files\Java\jdk-17.0.6\bin;C:\Users\Sangita\AppData\Roaming\npm;C:\Users\Sangita\AppData\Local\gitkraken\bin;C:\ProgramData\Microsoft\Windows\Start Menu\Programs\Node.js;C:\Users\Sangita\AppData\Roaming\nvm;C:\Program Files\nodejs;C:\Users\Sangita\AppData\Local\Microsoft\WindowsApps;C:\Users\Sangita\OneDrive\Documents\maven\apache-maven-3.9.9-bin\apache-maven-3.9.9\bin;C:\Program Files\Java\jdk-17.0.1\bin;C:\Program Files\MySQL\MySQL Server 8.1\bin;;C:\Users\Sangita\Downloads\spring-tool-suite-4-4.18.0.RELEASE-e4.27.0-win32.win32.x86_64.self-extracting\sts-4.18.0.RELEASE;
USERNAME=Sangita
OS=Windows_NT
PROCESSOR_IDENTIFIER=Intel64 Family 6 Model 126 Stepping 5, GenuineIntel
TMP=C:\Users\Sangita\AppData\Local\Temp
TEMP=C:\Users\Sangita\AppData\Local\Temp



---------------  S Y S T E M  ---------------

OS:
 Windows 11 , 64 bit Build 22621 (10.0.22621.3958)
OS uptime: 11 days 2:48 hours
Hyper-V role detected

CPU: total 4 (initial active 4) (2 cores per cpu, 2 threads per core) family 6 model 126 stepping 5 microcode 0xa0, cx8, cmov, fxsr, ht, mmx, 3dnowpref, sse, sse2, sse3, ssse3, sse4.1, sse4.2, popcnt, lzcnt, tsc, tscinvbit, avx, avx2, aes, erms, clmul, bmi1, bmi2, adx, avx512f, avx512dq, avx512cd, avx512bw, avx512vl, sha, fma, vzeroupper, avx512_vpopcntdq, avx512_vpclmulqdq, avx512_vaes, avx512_vnni, clflush, clflushopt, avx512_vbmi2, avx512_vbmi, hv

Memory: 4k page, system-wide physical 7880M (300M free)
TotalPageFile size 15380M (AvailPageFile size 85M)
current process WorkingSet (physical memory assigned to process): 95M, peak: 110M
current process commit charge ("private bytes"): 157M, peak: 238M

vm_info: OpenJDK 64-Bit Server VM (17.0.6+10) for windows-amd64 JRE (17.0.6+10), built on Jan 18 2023 10:08:59 by "temurin" with MS VC++ 16.7 (VS2019)

END.
