#
# There is insufficient memory for the Java Runtime Environment to continue.
# Native memory allocation (malloc) failed to allocate 4608928 bytes for Chunk::new
# Possible reasons:
#   The system is out of physical RAM or swap space
#   The process is running with CompressedOops enabled, and the Java Heap may be blocking the growth of the native heap
# Possible solutions:
#   Reduce memory load on the system
#   Increase physical memory or swap space
#   Check if swap backing store is full
#   Decrease Java heap size (-Xmx/-Xms)
#   Decrease number of Java threads
#   Decrease Java thread stack sizes (-Xss)
#   Set larger code cache with -XX:ReservedCodeCacheSize=
#   JVM is running with Unscaled Compressed Oops mode in which the Java heap is
#     placed in the first 4GB address space. The Java Heap base address is the
#     maximum limit for the native heap growth. Please use -XX:HeapBaseMinAddress
#     to set the Java Heap base and to place the Java Heap above 4GB virtual address.
# This output file may be truncated or incomplete.
#
#  Out of Memory Error (arena.cpp:189), pid=3556, tid=11872
#
# JRE version: Java(TM) SE Runtime Environment (17.0.1+12) (build 17.0.1+12-LTS-39)
# Java VM: Java HotSpot(TM) 64-Bit Server VM (17.0.1+12-LTS-39, mixed mode, sharing, tiered, compressed oops, compressed class ptrs, g1 gc, windows-amd64)
# No core dump will be written. Minidumps are not enabled by default on client versions of Windows
#

---------------  S U M M A R Y ------------

Command Line: -Dclassworlds.conf=C:/Users/Sangita/OneDrive/Documents/maven/apache-maven-3.9.9-bin/apache-maven-3.9.9/bin/m2.conf -Dmaven.home=C:/Users/Sangita/OneDrive/Documents/maven/apache-maven-3.9.9-bin/apache-maven-3.9.9 -Dlibrary.jansi.path=C:/Users/Sangita/OneDrive/Documents/maven/apache-maven-3.9.9-bin/apache-maven-3.9.9/lib/jansi-native -Dmaven.multiModuleProjectDirectory=C:/Users/Sangita/Institute Management System/teacherService/teacherServices org.codehaus.plexus.classworlds.launcher.Launcher clean install -U

Host: Intel(R) Core(TM) i3-1005G1 CPU @ 1.20GHz, 4 cores, 7G,  Windows 10 , 64 bit Build 22621 (10.0.22621.3958)
Time: Mon Jan 27 16:02:24 2025 India Standard Time elapsed time: 22.478431 seconds (0d 0h 0m 22s)

---------------  T H R E A D  ---------------

Current thread (0x000001ec76dd7100):  JavaThread "C2 CompilerThread1" daemon [_thread_in_native, id=11872, stack(0x0000003f5e100000,0x0000003f5e200000)]


Current CompileTask:
C2:  22478 9156   !   4       java.lang.ClassLoader::loadClass (121 bytes)

Stack: [0x0000003f5e100000,0x0000003f5e200000]
Native frames: (J=compiled Java code, j=interpreted, Vv=VM code, C=native code)
V  [jvm.dll+0x66fa1a]
V  [jvm.dll+0x7ce5a4]
V  [jvm.dll+0x7cfd4e]
V  [jvm.dll+0x7d03b3]
V  [jvm.dll+0x242b05]
V  [jvm.dll+0xaa05b]
V  [jvm.dll+0xaa5ec]
V  [jvm.dll+0x35fa07]
V  [jvm.dll+0x1b9918]
V  [jvm.dll+0x215d49]
V  [jvm.dll+0x215011]
V  [jvm.dll+0x1a168d]
V  [jvm.dll+0x224848]
V  [jvm.dll+0x2229ac]
V  [jvm.dll+0x78435b]
V  [jvm.dll+0x77e91a]
V  [jvm.dll+0x66e845]
C  [ucrtbase.dll+0x29333]
C  [KERNEL32.DLL+0x1257d]
C  [ntdll.dll+0x5af08]


---------------  P R O C E S S  ---------------

Threads class SMR info:
_java_thread_list=0x000001ec760e9560, length=20, elements={
0x000001ec5758a9e0, 0x000001ec74b5aba0, 0x000001ec74b5b550, 0x000001ec74b701e0,
0x000001ec74b70b90, 0x000001ec74b73550, 0x000001ec74b77400, 0x000001ec74b7a9c0,
0x000001ec74b83880, 0x000001ec74b96260, 0x000001ec755e8f30, 0x000001ec755f1ac0,
0x000001ec7641a420, 0x000001ec76c12560, 0x000001ec78e6e650, 0x000001ec76dd7100,
0x000001ec77f32580, 0x000001ec77f338c0, 0x000001ec77f333f0, 0x000001ec77f32a50
}

Java Threads: ( => current thread )
  0x000001ec5758a9e0 JavaThread "main" [_thread_in_native, id=6060, stack(0x0000003f5c700000,0x0000003f5c800000)]
  0x000001ec74b5aba0 JavaThread "Reference Handler" daemon [_thread_blocked, id=18288, stack(0x0000003f5ce00000,0x0000003f5cf00000)]
  0x000001ec74b5b550 JavaThread "Finalizer" daemon [_thread_blocked, id=18308, stack(0x0000003f5cf00000,0x0000003f5d000000)]
  0x000001ec74b701e0 JavaThread "Signal Dispatcher" daemon [_thread_blocked, id=17076, stack(0x0000003f5d000000,0x0000003f5d100000)]
  0x000001ec74b70b90 JavaThread "Attach Listener" daemon [_thread_blocked, id=16008, stack(0x0000003f5d100000,0x0000003f5d200000)]
  0x000001ec74b73550 JavaThread "Service Thread" daemon [_thread_blocked, id=14196, stack(0x0000003f5d200000,0x0000003f5d300000)]
  0x000001ec74b77400 JavaThread "Monitor Deflation Thread" daemon [_thread_blocked, id=14064, stack(0x0000003f5d300000,0x0000003f5d400000)]
  0x000001ec74b7a9c0 JavaThread "C2 CompilerThread0" daemon [_thread_blocked, id=12604, stack(0x0000003f5d400000,0x0000003f5d500000)]
  0x000001ec74b83880 JavaThread "C1 CompilerThread0" daemon [_thread_blocked, id=13196, stack(0x0000003f5d500000,0x0000003f5d600000)]
  0x000001ec74b96260 JavaThread "Sweeper thread" daemon [_thread_blocked, id=17808, stack(0x0000003f5d600000,0x0000003f5d700000)]
  0x000001ec755e8f30 JavaThread "Notification Thread" daemon [_thread_blocked, id=16880, stack(0x0000003f5d700000,0x0000003f5d800000)]
  0x000001ec755f1ac0 JavaThread "Common-Cleaner" daemon [_thread_blocked, id=17344, stack(0x0000003f5d900000,0x0000003f5da00000)]
  0x000001ec7641a420 JavaThread "Thread-1" daemon [_thread_blocked, id=13772, stack(0x0000003f5de00000,0x0000003f5df00000)]
  0x000001ec76c12560 JavaThread "timeout-check-timer" daemon [_thread_blocked, id=8080, stack(0x0000003f5dd00000,0x0000003f5de00000)]
  0x000001ec78e6e650 JavaThread "ping-timer-10s" daemon [_thread_blocked, id=1064, stack(0x0000003f5e000000,0x0000003f5e100000)]
=>0x000001ec76dd7100 JavaThread "C2 CompilerThread1" daemon [_thread_in_native, id=11872, stack(0x0000003f5e100000,0x0000003f5e200000)]
  0x000001ec77f32580 JavaThread "ThreadedStreamConsumer" daemon [_thread_blocked, id=18260, stack(0x0000003f5e200000,0x0000003f5e300000)]
  0x000001ec77f338c0 JavaThread "fork-1-err-thread" daemon [_thread_in_native, id=17956, stack(0x0000003f5e300000,0x0000003f5e400000)]
  0x000001ec77f333f0 JavaThread "commands-fork-1" daemon [_thread_blocked, id=10364, stack(0x0000003f5e400000,0x0000003f5e500000)]
  0x000001ec77f32a50 JavaThread "fork-1-event-thread" daemon [_thread_in_native, id=6152, stack(0x0000003f5e500000,0x0000003f5e600000)]

Other Threads:
  0x000001ec74b57210 VMThread "VM Thread" [stack: 0x0000003f5cd00000,0x0000003f5ce00000] [id=3172]
  0x000001ec755f1830 WatcherThread [stack: 0x0000003f5d800000,0x0000003f5d900000] [id=7136]
  0x000001ec575c7810 GCTaskThread "GC Thread#0" [stack: 0x0000003f5c800000,0x0000003f5c900000] [id=11124]
  0x000001ec75b98150 GCTaskThread "GC Thread#1" [stack: 0x0000003f5da00000,0x0000003f5db00000] [id=17620]
  0x000001ec759c1030 GCTaskThread "GC Thread#2" [stack: 0x0000003f5db00000,0x0000003f5dc00000] [id=13852]
  0x000001ec75e58870 GCTaskThread "GC Thread#3" [stack: 0x0000003f5dc00000,0x0000003f5dd00000] [id=17600]
  0x000001ec575f5650 ConcurrentGCThread "G1 Main Marker" [stack: 0x0000003f5c900000,0x0000003f5ca00000] [id=17904]
  0x000001ec575f6800 ConcurrentGCThread "G1 Conc#0" [stack: 0x0000003f5ca00000,0x0000003f5cb00000] [id=17916]
  0x000001ec5764ec40 ConcurrentGCThread "G1 Refine#0" [stack: 0x0000003f5cb00000,0x0000003f5cc00000] [id=2872]
  0x000001ec766f0360 ConcurrentGCThread "G1 Refine#1" [stack: 0x0000003f5df00000,0x0000003f5e000000] [id=8940]
  0x000001ec74a007d0 ConcurrentGCThread "G1 Service" [stack: 0x0000003f5cc00000,0x0000003f5cd00000] [id=17244]

Threads with active compile tasks:
C2 CompilerThread1    22503 9156   !   4       java.lang.ClassLoader::loadClass (121 bytes)

VM state: not at safepoint (normal execution)

VM Mutex/Monitor currently owned by a thread: None

Heap address: 0x0000000084c00000, size: 1972 MB, Compressed Oops mode: 32-bit

CDS archive(s) mapped at: [0x0000000800000000-0x0000000800bc0000-0x0000000800bc0000), size 12320768, SharedBaseAddress: 0x0000000800000000, ArchiveRelocationMode: 0.
Compressed class space mapped at: 0x0000000800c00000-0x0000000840c00000, reserved size: 1073741824
Narrow klass base: 0x0000000800000000, Narrow klass shift: 0, Narrow klass range: 0x100000000

GC Precious Log:
 CPUs: 4 total, 4 available
 Memory: 7880M
 Large Page Support: Disabled
 NUMA Support: Disabled
 Compressed Oops: Enabled (32-bit)
 Heap Region Size: 1M
 Heap Min Capacity: 8M
 Heap Initial Capacity: 124M
 Heap Max Capacity: 1972M
 Pre-touch: Disabled
 Parallel Workers: 4
 Concurrent Workers: 1
 Concurrent Refinement Workers: 4
 Periodic GC: Disabled

Heap:
 garbage-first heap   total 322560K, used 72679K [0x0000000084c00000, 0x0000000100000000)
  region size 1024K, 14 young (14336K), 8 survivors (8192K)
 Metaspace       used 35779K, committed 36160K, reserved 1081344K
  class space    used 4004K, committed 4160K, reserved 1048576K

Heap Regions: E=young(eden), S=young(survivor), O=old, HS=humongous(starts), HC=humongous(continues), CS=collection set, F=free, OA=open archive, CA=closed archive, TAMS=top-at-mark-start (previous, next)
|   0|0x0000000084c00000, 0x0000000084d00000, 0x0000000084d00000|100%| O|  |TAMS 0x0000000084d00000, 0x0000000084c00000| Untracked 
|   1|0x0000000084d00000, 0x0000000084e00000, 0x0000000084e00000|100%| O|  |TAMS 0x0000000084e00000, 0x0000000084d00000| Untracked 
|   2|0x0000000084e00000, 0x0000000084f00000, 0x0000000084f00000|100%| O|  |TAMS 0x0000000084f00000, 0x0000000084e00000| Untracked 
|   3|0x0000000084f00000, 0x0000000085000000, 0x0000000085000000|100%| O|  |TAMS 0x0000000085000000, 0x0000000084f00000| Untracked 
|   4|0x0000000085000000, 0x0000000085100000, 0x0000000085100000|100%| O|  |TAMS 0x0000000085100000, 0x0000000085000000| Untracked 
|   5|0x0000000085100000, 0x0000000085200000, 0x0000000085200000|100%| O|  |TAMS 0x0000000085200000, 0x0000000085100000| Untracked 
|   6|0x0000000085200000, 0x0000000085300000, 0x0000000085300000|100%| O|  |TAMS 0x0000000085300000, 0x0000000085200000| Untracked 
|   7|0x0000000085300000, 0x0000000085400000, 0x0000000085400000|100%| O|  |TAMS 0x0000000085400000, 0x0000000085300000| Untracked 
|   8|0x0000000085400000, 0x0000000085500000, 0x0000000085500000|100%| O|  |TAMS 0x0000000085500000, 0x0000000085400000| Untracked 
|   9|0x0000000085500000, 0x0000000085600000, 0x0000000085600000|100%| O|  |TAMS 0x0000000085600000, 0x0000000085500000| Untracked 
|  10|0x0000000085600000, 0x0000000085700000, 0x0000000085700000|100%| O|  |TAMS 0x0000000085700000, 0x0000000085600000| Untracked 
|  11|0x0000000085700000, 0x0000000085800000, 0x0000000085800000|100%| O|  |TAMS 0x0000000085800000, 0x0000000085700000| Untracked 
|  12|0x0000000085800000, 0x0000000085900000, 0x0000000085900000|100%|HS|  |TAMS 0x0000000085800000, 0x0000000085800000| Complete 
|  13|0x0000000085900000, 0x0000000085a00000, 0x0000000085a00000|100%| O|  |TAMS 0x0000000085a00000, 0x0000000085900000| Untracked 
|  14|0x0000000085a00000, 0x0000000085b00000, 0x0000000085b00000|100%| O|  |TAMS 0x0000000085b00000, 0x0000000085a00000| Untracked 
|  15|0x0000000085b00000, 0x0000000085c00000, 0x0000000085c00000|100%| O|  |TAMS 0x0000000085c00000, 0x0000000085b00000| Untracked 
|  16|0x0000000085c00000, 0x0000000085d00000, 0x0000000085d00000|100%|HS|  |TAMS 0x0000000085c00000, 0x0000000085c00000| Complete 
|  17|0x0000000085d00000, 0x0000000085e00000, 0x0000000085e00000|100%| O|  |TAMS 0x0000000085d00000, 0x0000000085d00000| Untracked 
|  18|0x0000000085e00000, 0x0000000085f00000, 0x0000000085f00000|100%| O|  |TAMS 0x0000000085f00000, 0x0000000085e00000| Untracked 
|  19|0x0000000085f00000, 0x0000000086000000, 0x0000000086000000|100%| O|  |TAMS 0x0000000086000000, 0x0000000085f00000| Untracked 
|  20|0x0000000086000000, 0x0000000086100000, 0x0000000086100000|100%| O|  |TAMS 0x0000000086100000, 0x0000000086000000| Untracked 
|  21|0x0000000086100000, 0x0000000086200000, 0x0000000086200000|100%|HS|  |TAMS 0x0000000086200000, 0x0000000086100000| Complete 
|  22|0x0000000086200000, 0x0000000086300000, 0x0000000086300000|100%|HC|  |TAMS 0x0000000086300000, 0x0000000086200000| Complete 
|  23|0x0000000086300000, 0x0000000086400000, 0x0000000086400000|100%|HS|  |TAMS 0x0000000086400000, 0x0000000086300000| Complete 
|  24|0x0000000086400000, 0x0000000086500000, 0x0000000086500000|100%| O|  |TAMS 0x0000000086500000, 0x0000000086400000| Untracked 
|  25|0x0000000086500000, 0x0000000086600000, 0x0000000086600000|100%| O|  |TAMS 0x0000000086600000, 0x0000000086500000| Untracked 
|  26|0x0000000086600000, 0x0000000086700000, 0x0000000086700000|100%| O|  |TAMS 0x0000000086700000, 0x0000000086600000| Untracked 
|  27|0x0000000086700000, 0x0000000086800000, 0x0000000086800000|100%| O|  |TAMS 0x0000000086800000, 0x0000000086700000| Untracked 
|  28|0x0000000086800000, 0x0000000086900000, 0x0000000086900000|100%| O|  |TAMS 0x0000000086900000, 0x0000000086800000| Untracked 
|  29|0x0000000086900000, 0x0000000086a00000, 0x0000000086a00000|100%| O|  |TAMS 0x0000000086a00000, 0x0000000086900000| Untracked 
|  30|0x0000000086a00000, 0x0000000086b00000, 0x0000000086b00000|100%| O|  |TAMS 0x0000000086b00000, 0x0000000086a00000| Untracked 
|  31|0x0000000086b00000, 0x0000000086c00000, 0x0000000086c00000|100%|HS|  |TAMS 0x0000000086b00000, 0x0000000086b00000| Complete 
|  32|0x0000000086c00000, 0x0000000086d00000, 0x0000000086d00000|100%| O|  |TAMS 0x0000000086c00000, 0x0000000086c00000| Untracked 
|  33|0x0000000086d00000, 0x0000000086e00000, 0x0000000086e00000|100%| O|  |TAMS 0x0000000086d00000, 0x0000000086d00000| Untracked 
|  34|0x0000000086e00000, 0x0000000086f00000, 0x0000000086f00000|100%| O|  |TAMS 0x0000000086e00000, 0x0000000086e00000| Untracked 
|  35|0x0000000086f00000, 0x0000000087000000, 0x0000000087000000|100%| O|  |TAMS 0x0000000086f00000, 0x0000000086f00000| Untracked 
|  36|0x0000000087000000, 0x0000000087100000, 0x0000000087100000|100%| O|  |TAMS 0x0000000087000000, 0x0000000087000000| Untracked 
|  37|0x0000000087100000, 0x0000000087200000, 0x0000000087200000|100%| O|  |TAMS 0x0000000087100000, 0x0000000087100000| Untracked 
|  38|0x0000000087200000, 0x0000000087300000, 0x0000000087300000|100%| O|  |TAMS 0x0000000087300000, 0x0000000087200000| Untracked 
|  39|0x0000000087300000, 0x0000000087400000, 0x0000000087400000|100%| O|  |TAMS 0x0000000087400000, 0x0000000087300000| Untracked 
|  40|0x0000000087400000, 0x0000000087500000, 0x0000000087500000|100%| O|  |TAMS 0x0000000087500000, 0x0000000087400000| Untracked 
|  41|0x0000000087500000, 0x0000000087600000, 0x0000000087600000|100%| O|  |TAMS 0x0000000087600000, 0x0000000087500000| Untracked 
|  42|0x0000000087600000, 0x0000000087700000, 0x0000000087700000|100%| O|  |TAMS 0x0000000087600000, 0x0000000087600000| Untracked 
|  43|0x0000000087700000, 0x0000000087800000, 0x0000000087800000|100%|HS|  |TAMS 0x0000000087700000, 0x0000000087700000| Complete 
|  44|0x0000000087800000, 0x0000000087900000, 0x0000000087900000|100%|HC|  |TAMS 0x0000000087800000, 0x0000000087800000| Complete 
|  45|0x0000000087900000, 0x0000000087900000, 0x0000000087a00000|  0%| F|  |TAMS 0x0000000087900000, 0x0000000087900000| Untracked 
|  46|0x0000000087a00000, 0x0000000087a00000, 0x0000000087b00000|  0%| F|  |TAMS 0x0000000087a00000, 0x0000000087a00000| Untracked 
|  47|0x0000000087b00000, 0x0000000087c00000, 0x0000000087c00000|100%| O|  |TAMS 0x0000000087b00000, 0x0000000087b00000| Untracked 
|  48|0x0000000087c00000, 0x0000000087d00000, 0x0000000087d00000|100%|HS|  |TAMS 0x0000000087c00000, 0x0000000087c00000| Complete 
|  49|0x0000000087d00000, 0x0000000087e00000, 0x0000000087e00000|100%|HS|  |TAMS 0x0000000087d00000, 0x0000000087d00000| Complete 
|  50|0x0000000087e00000, 0x0000000087f00000, 0x0000000087f00000|100%|HC|  |TAMS 0x0000000087e00000, 0x0000000087e00000| Complete 
|  51|0x0000000087f00000, 0x0000000088000000, 0x0000000088000000|100%| O|  |TAMS 0x0000000087f00000, 0x0000000087f00000| Untracked 
|  52|0x0000000088000000, 0x0000000088100000, 0x0000000088100000|100%| O|  |TAMS 0x0000000088000000, 0x0000000088000000| Untracked 
|  53|0x0000000088100000, 0x0000000088200000, 0x0000000088200000|100%| O|  |TAMS 0x0000000088100000, 0x0000000088100000| Untracked 
|  54|0x0000000088200000, 0x0000000088300000, 0x0000000088300000|100%| O|  |TAMS 0x0000000088200000, 0x0000000088200000| Untracked 
|  55|0x0000000088300000, 0x0000000088400000, 0x0000000088400000|100%| O|  |TAMS 0x0000000088300000, 0x0000000088300000| Untracked 
|  56|0x0000000088400000, 0x00000000884f9e00, 0x0000000088500000| 97%| O|  |TAMS 0x0000000088400000, 0x0000000088400000| Untracked 
|  57|0x0000000088500000, 0x0000000088500000, 0x0000000088600000|  0%| F|  |TAMS 0x0000000088500000, 0x0000000088500000| Untracked 
|  58|0x0000000088600000, 0x0000000088600000, 0x0000000088700000|  0%| F|  |TAMS 0x0000000088600000, 0x0000000088600000| Untracked 
|  59|0x0000000088700000, 0x0000000088700000, 0x0000000088800000|  0%| F|  |TAMS 0x0000000088700000, 0x0000000088700000| Untracked 
|  60|0x0000000088800000, 0x0000000088800000, 0x0000000088900000|  0%| F|  |TAMS 0x0000000088800000, 0x0000000088800000| Untracked 
|  61|0x0000000088900000, 0x0000000088900000, 0x0000000088a00000|  0%| F|  |TAMS 0x0000000088900000, 0x0000000088900000| Untracked 
|  62|0x0000000088a00000, 0x0000000088a00000, 0x0000000088b00000|  0%| F|  |TAMS 0x0000000088a00000, 0x0000000088a00000| Untracked 
|  63|0x0000000088b00000, 0x0000000088b00000, 0x0000000088c00000|  0%| F|  |TAMS 0x0000000088b00000, 0x0000000088b00000| Untracked 
|  64|0x0000000088c00000, 0x0000000088c00000, 0x0000000088d00000|  0%| F|  |TAMS 0x0000000088c00000, 0x0000000088c00000| Untracked 
|  65|0x0000000088d00000, 0x0000000088d00000, 0x0000000088e00000|  0%| F|  |TAMS 0x0000000088d00000, 0x0000000088d00000| Untracked 
|  66|0x0000000088e00000, 0x0000000088e00000, 0x0000000088f00000|  0%| F|  |TAMS 0x0000000088e00000, 0x0000000088e00000| Untracked 
|  67|0x0000000088f00000, 0x0000000088f00000, 0x0000000089000000|  0%| F|  |TAMS 0x0000000088f00000, 0x0000000088f00000| Untracked 
|  68|0x0000000089000000, 0x0000000089000000, 0x0000000089100000|  0%| F|  |TAMS 0x0000000089000000, 0x0000000089000000| Untracked 
|  69|0x0000000089100000, 0x0000000089100000, 0x0000000089200000|  0%| F|  |TAMS 0x0000000089100000, 0x0000000089100000| Untracked 
|  70|0x0000000089200000, 0x0000000089200000, 0x0000000089300000|  0%| F|  |TAMS 0x0000000089200000, 0x0000000089200000| Untracked 
|  71|0x0000000089300000, 0x0000000089300000, 0x0000000089400000|  0%| F|  |TAMS 0x0000000089300000, 0x0000000089300000| Untracked 
|  72|0x0000000089400000, 0x0000000089400000, 0x0000000089500000|  0%| F|  |TAMS 0x0000000089400000, 0x0000000089400000| Untracked 
|  73|0x0000000089500000, 0x0000000089500000, 0x0000000089600000|  0%| F|  |TAMS 0x0000000089500000, 0x0000000089500000| Untracked 
|  74|0x0000000089600000, 0x0000000089600000, 0x0000000089700000|  0%| F|  |TAMS 0x0000000089600000, 0x0000000089600000| Untracked 
|  75|0x0000000089700000, 0x0000000089700000, 0x0000000089800000|  0%| F|  |TAMS 0x0000000089700000, 0x0000000089700000| Untracked 
|  76|0x0000000089800000, 0x0000000089800000, 0x0000000089900000|  0%| F|  |TAMS 0x0000000089800000, 0x0000000089800000| Untracked 
|  77|0x0000000089900000, 0x0000000089900000, 0x0000000089a00000|  0%| F|  |TAMS 0x0000000089900000, 0x0000000089900000| Untracked 
|  78|0x0000000089a00000, 0x0000000089a00000, 0x0000000089b00000|  0%| F|  |TAMS 0x0000000089a00000, 0x0000000089a00000| Untracked 
|  79|0x0000000089b00000, 0x0000000089b00000, 0x0000000089c00000|  0%| F|  |TAMS 0x0000000089b00000, 0x0000000089b00000| Untracked 
|  80|0x0000000089c00000, 0x0000000089c00000, 0x0000000089d00000|  0%| F|  |TAMS 0x0000000089c00000, 0x0000000089c00000| Untracked 
|  81|0x0000000089d00000, 0x0000000089d00000, 0x0000000089e00000|  0%| F|  |TAMS 0x0000000089d00000, 0x0000000089d00000| Untracked 
|  82|0x0000000089e00000, 0x0000000089e00000, 0x0000000089f00000|  0%| F|  |TAMS 0x0000000089e00000, 0x0000000089e00000| Untracked 
|  83|0x0000000089f00000, 0x0000000089f00000, 0x000000008a000000|  0%| F|  |TAMS 0x0000000089f00000, 0x0000000089f00000| Untracked 
|  84|0x000000008a000000, 0x000000008a000000, 0x000000008a100000|  0%| F|  |TAMS 0x000000008a000000, 0x000000008a000000| Untracked 
|  85|0x000000008a100000, 0x000000008a100000, 0x000000008a200000|  0%| F|  |TAMS 0x000000008a100000, 0x000000008a100000| Untracked 
|  86|0x000000008a200000, 0x000000008a200000, 0x000000008a300000|  0%| F|  |TAMS 0x000000008a200000, 0x000000008a200000| Untracked 
|  87|0x000000008a300000, 0x000000008a300000, 0x000000008a400000|  0%| F|  |TAMS 0x000000008a300000, 0x000000008a300000| Untracked 
|  88|0x000000008a400000, 0x000000008a400000, 0x000000008a500000|  0%| F|  |TAMS 0x000000008a400000, 0x000000008a400000| Untracked 
|  89|0x000000008a500000, 0x000000008a500000, 0x000000008a600000|  0%| F|  |TAMS 0x000000008a500000, 0x000000008a500000| Untracked 
|  90|0x000000008a600000, 0x000000008a600000, 0x000000008a700000|  0%| F|  |TAMS 0x000000008a600000, 0x000000008a600000| Untracked 
|  91|0x000000008a700000, 0x000000008a700000, 0x000000008a800000|  0%| F|  |TAMS 0x000000008a700000, 0x000000008a700000| Untracked 
|  92|0x000000008a800000, 0x000000008a800000, 0x000000008a900000|  0%| F|  |TAMS 0x000000008a800000, 0x000000008a800000| Untracked 
|  93|0x000000008a900000, 0x000000008a900000, 0x000000008aa00000|  0%| F|  |TAMS 0x000000008a900000, 0x000000008a900000| Untracked 
|  94|0x000000008aa00000, 0x000000008aa00000, 0x000000008ab00000|  0%| F|  |TAMS 0x000000008aa00000, 0x000000008aa00000| Untracked 
|  95|0x000000008ab00000, 0x000000008ab00000, 0x000000008ac00000|  0%| F|  |TAMS 0x000000008ab00000, 0x000000008ab00000| Untracked 
|  96|0x000000008ac00000, 0x000000008ac00000, 0x000000008ad00000|  0%| F|  |TAMS 0x000000008ac00000, 0x000000008ac00000| Untracked 
|  97|0x000000008ad00000, 0x000000008ad00000, 0x000000008ae00000|  0%| F|  |TAMS 0x000000008ad00000, 0x000000008ad00000| Untracked 
|  98|0x000000008ae00000, 0x000000008ae00000, 0x000000008af00000|  0%| F|  |TAMS 0x000000008ae00000, 0x000000008ae00000| Untracked 
|  99|0x000000008af00000, 0x000000008af00000, 0x000000008b000000|  0%| F|  |TAMS 0x000000008af00000, 0x000000008af00000| Untracked 
| 100|0x000000008b000000, 0x000000008b000000, 0x000000008b100000|  0%| F|  |TAMS 0x000000008b000000, 0x000000008b000000| Untracked 
| 101|0x000000008b100000, 0x000000008b100000, 0x000000008b200000|  0%| F|  |TAMS 0x000000008b100000, 0x000000008b100000| Untracked 
| 102|0x000000008b200000, 0x000000008b200000, 0x000000008b300000|  0%| F|  |TAMS 0x000000008b200000, 0x000000008b200000| Untracked 
| 103|0x000000008b300000, 0x000000008b300000, 0x000000008b400000|  0%| F|  |TAMS 0x000000008b300000, 0x000000008b300000| Untracked 
| 104|0x000000008b400000, 0x000000008b400000, 0x000000008b500000|  0%| F|  |TAMS 0x000000008b400000, 0x000000008b400000| Untracked 
| 105|0x000000008b500000, 0x000000008b500000, 0x000000008b600000|  0%| F|  |TAMS 0x000000008b500000, 0x000000008b500000| Untracked 
| 106|0x000000008b600000, 0x000000008b600000, 0x000000008b700000|  0%| F|  |TAMS 0x000000008b600000, 0x000000008b600000| Untracked 
| 107|0x000000008b700000, 0x000000008b700000, 0x000000008b800000|  0%| F|  |TAMS 0x000000008b700000, 0x000000008b700000| Untracked 
| 108|0x000000008b800000, 0x000000008b800000, 0x000000008b900000|  0%| F|  |TAMS 0x000000008b800000, 0x000000008b800000| Untracked 
| 109|0x000000008b900000, 0x000000008b900000, 0x000000008ba00000|  0%| F|  |TAMS 0x000000008b900000, 0x000000008b900000| Untracked 
| 110|0x000000008ba00000, 0x000000008ba00000, 0x000000008bb00000|  0%| F|  |TAMS 0x000000008ba00000, 0x000000008ba00000| Untracked 
| 111|0x000000008bb00000, 0x000000008bb00000, 0x000000008bc00000|  0%| F|  |TAMS 0x000000008bb00000, 0x000000008bb00000| Untracked 
| 112|0x000000008bc00000, 0x000000008bc00000, 0x000000008bd00000|  0%| F|  |TAMS 0x000000008bc00000, 0x000000008bc00000| Untracked 
| 113|0x000000008bd00000, 0x000000008bd00000, 0x000000008be00000|  0%| F|  |TAMS 0x000000008bd00000, 0x000000008bd00000| Untracked 
| 114|0x000000008be00000, 0x000000008be00000, 0x000000008bf00000|  0%| F|  |TAMS 0x000000008be00000, 0x000000008be00000| Untracked 
| 115|0x000000008bf00000, 0x000000008bf00000, 0x000000008c000000|  0%| F|  |TAMS 0x000000008bf00000, 0x000000008bf00000| Untracked 
| 116|0x000000008c000000, 0x000000008c000000, 0x000000008c100000|  0%| F|  |TAMS 0x000000008c000000, 0x000000008c000000| Untracked 
| 117|0x000000008c100000, 0x000000008c100000, 0x000000008c200000|  0%| F|  |TAMS 0x000000008c100000, 0x000000008c100000| Untracked 
| 118|0x000000008c200000, 0x000000008c200000, 0x000000008c300000|  0%| F|  |TAMS 0x000000008c200000, 0x000000008c200000| Untracked 
| 119|0x000000008c300000, 0x000000008c300000, 0x000000008c400000|  0%| F|  |TAMS 0x000000008c300000, 0x000000008c300000| Untracked 
| 120|0x000000008c400000, 0x000000008c400000, 0x000000008c500000|  0%| F|  |TAMS 0x000000008c400000, 0x000000008c400000| Untracked 
| 121|0x000000008c500000, 0x000000008c500000, 0x000000008c600000|  0%| F|  |TAMS 0x000000008c500000, 0x000000008c500000| Untracked 
| 122|0x000000008c600000, 0x000000008c600000, 0x000000008c700000|  0%| F|  |TAMS 0x000000008c600000, 0x000000008c600000| Untracked 
| 123|0x000000008c700000, 0x000000008c700000, 0x000000008c800000|  0%| F|  |TAMS 0x000000008c700000, 0x000000008c700000| Untracked 
| 124|0x000000008c800000, 0x000000008c800000, 0x000000008c900000|  0%| F|  |TAMS 0x000000008c800000, 0x000000008c800000| Untracked 
| 125|0x000000008c900000, 0x000000008c900000, 0x000000008ca00000|  0%| F|  |TAMS 0x000000008c900000, 0x000000008c900000| Untracked 
| 126|0x000000008ca00000, 0x000000008ca00000, 0x000000008cb00000|  0%| F|  |TAMS 0x000000008ca00000, 0x000000008ca00000| Untracked 
| 127|0x000000008cb00000, 0x000000008cb00000, 0x000000008cc00000|  0%| F|  |TAMS 0x000000008cb00000, 0x000000008cb00000| Untracked 
| 128|0x000000008cc00000, 0x000000008cc00000, 0x000000008cd00000|  0%| F|  |TAMS 0x000000008cc00000, 0x000000008cc00000| Untracked 
| 129|0x000000008cd00000, 0x000000008cd00000, 0x000000008ce00000|  0%| F|  |TAMS 0x000000008cd00000, 0x000000008cd00000| Untracked 
| 130|0x000000008ce00000, 0x000000008ce00000, 0x000000008cf00000|  0%| F|  |TAMS 0x000000008ce00000, 0x000000008ce00000| Untracked 
| 131|0x000000008cf00000, 0x000000008cf00000, 0x000000008d000000|  0%| F|  |TAMS 0x000000008cf00000, 0x000000008cf00000| Untracked 
| 132|0x000000008d000000, 0x000000008d000000, 0x000000008d100000|  0%| F|  |TAMS 0x000000008d000000, 0x000000008d000000| Untracked 
| 133|0x000000008d100000, 0x000000008d100000, 0x000000008d200000|  0%| F|  |TAMS 0x000000008d100000, 0x000000008d100000| Untracked 
| 134|0x000000008d200000, 0x000000008d200000, 0x000000008d300000|  0%| F|  |TAMS 0x000000008d200000, 0x000000008d200000| Untracked 
| 135|0x000000008d300000, 0x000000008d300000, 0x000000008d400000|  0%| F|  |TAMS 0x000000008d300000, 0x000000008d300000| Untracked 
| 136|0x000000008d400000, 0x000000008d400000, 0x000000008d500000|  0%| F|  |TAMS 0x000000008d400000, 0x000000008d400000| Untracked 
| 137|0x000000008d500000, 0x000000008d500000, 0x000000008d600000|  0%| F|  |TAMS 0x000000008d500000, 0x000000008d500000| Untracked 
| 138|0x000000008d600000, 0x000000008d700000, 0x000000008d700000|100%| S|CS|TAMS 0x000000008d600000, 0x000000008d600000| Complete 
| 139|0x000000008d700000, 0x000000008d800000, 0x000000008d800000|100%| S|CS|TAMS 0x000000008d700000, 0x000000008d700000| Complete 
| 140|0x000000008d800000, 0x000000008d900000, 0x000000008d900000|100%| S|CS|TAMS 0x000000008d800000, 0x000000008d800000| Complete 
| 141|0x000000008d900000, 0x000000008da00000, 0x000000008da00000|100%| S|CS|TAMS 0x000000008d900000, 0x000000008d900000| Complete 
| 142|0x000000008da00000, 0x000000008db00000, 0x000000008db00000|100%| S|CS|TAMS 0x000000008da00000, 0x000000008da00000| Complete 
| 143|0x000000008db00000, 0x000000008dc00000, 0x000000008dc00000|100%| S|CS|TAMS 0x000000008db00000, 0x000000008db00000| Complete 
| 144|0x000000008dc00000, 0x000000008dd00000, 0x000000008dd00000|100%| S|CS|TAMS 0x000000008dc00000, 0x000000008dc00000| Complete 
| 145|0x000000008dd00000, 0x000000008de00000, 0x000000008de00000|100%| S|CS|TAMS 0x000000008dd00000, 0x000000008dd00000| Complete 
| 146|0x000000008de00000, 0x000000008de00000, 0x000000008df00000|  0%| F|  |TAMS 0x000000008de00000, 0x000000008de00000| Untracked 
| 147|0x000000008df00000, 0x000000008df00000, 0x000000008e000000|  0%| F|  |TAMS 0x000000008df00000, 0x000000008df00000| Untracked 
| 148|0x000000008e000000, 0x000000008e000000, 0x000000008e100000|  0%| F|  |TAMS 0x000000008e000000, 0x000000008e000000| Untracked 
| 149|0x000000008e100000, 0x000000008e100000, 0x000000008e200000|  0%| F|  |TAMS 0x000000008e100000, 0x000000008e100000| Untracked 
| 150|0x000000008e200000, 0x000000008e200000, 0x000000008e300000|  0%| F|  |TAMS 0x000000008e200000, 0x000000008e200000| Untracked 
| 151|0x000000008e300000, 0x000000008e300000, 0x000000008e400000|  0%| F|  |TAMS 0x000000008e300000, 0x000000008e300000| Untracked 
| 152|0x000000008e400000, 0x000000008e400000, 0x000000008e500000|  0%| F|  |TAMS 0x000000008e400000, 0x000000008e400000| Untracked 
| 153|0x000000008e500000, 0x000000008e500000, 0x000000008e600000|  0%| F|  |TAMS 0x000000008e500000, 0x000000008e500000| Untracked 
| 154|0x000000008e600000, 0x000000008e600000, 0x000000008e700000|  0%| F|  |TAMS 0x000000008e600000, 0x000000008e600000| Untracked 
| 155|0x000000008e700000, 0x000000008e700000, 0x000000008e800000|  0%| F|  |TAMS 0x000000008e700000, 0x000000008e700000| Untracked 
| 156|0x000000008e800000, 0x000000008e800000, 0x000000008e900000|  0%| F|  |TAMS 0x000000008e800000, 0x000000008e800000| Untracked 
| 157|0x000000008e900000, 0x000000008e900000, 0x000000008ea00000|  0%| F|  |TAMS 0x000000008e900000, 0x000000008e900000| Untracked 
| 158|0x000000008ea00000, 0x000000008ea00000, 0x000000008eb00000|  0%| F|  |TAMS 0x000000008ea00000, 0x000000008ea00000| Untracked 
| 159|0x000000008eb00000, 0x000000008eb00000, 0x000000008ec00000|  0%| F|  |TAMS 0x000000008eb00000, 0x000000008eb00000| Untracked 
| 160|0x000000008ec00000, 0x000000008ec00000, 0x000000008ed00000|  0%| F|  |TAMS 0x000000008ec00000, 0x000000008ec00000| Untracked 
| 161|0x000000008ed00000, 0x000000008ed00000, 0x000000008ee00000|  0%| F|  |TAMS 0x000000008ed00000, 0x000000008ed00000| Untracked 
| 162|0x000000008ee00000, 0x000000008ee00000, 0x000000008ef00000|  0%| F|  |TAMS 0x000000008ee00000, 0x000000008ee00000| Untracked 
| 163|0x000000008ef00000, 0x000000008ef00000, 0x000000008f000000|  0%| F|  |TAMS 0x000000008ef00000, 0x000000008ef00000| Untracked 
| 164|0x000000008f000000, 0x000000008f000000, 0x000000008f100000|  0%| F|  |TAMS 0x000000008f000000, 0x000000008f000000| Untracked 
| 165|0x000000008f100000, 0x000000008f100000, 0x000000008f200000|  0%| F|  |TAMS 0x000000008f100000, 0x000000008f100000| Untracked 
| 166|0x000000008f200000, 0x000000008f200000, 0x000000008f300000|  0%| F|  |TAMS 0x000000008f200000, 0x000000008f200000| Untracked 
| 167|0x000000008f300000, 0x000000008f300000, 0x000000008f400000|  0%| F|  |TAMS 0x000000008f300000, 0x000000008f300000| Untracked 
| 168|0x000000008f400000, 0x000000008f400000, 0x000000008f500000|  0%| F|  |TAMS 0x000000008f400000, 0x000000008f400000| Untracked 
| 169|0x000000008f500000, 0x000000008f500000, 0x000000008f600000|  0%| F|  |TAMS 0x000000008f500000, 0x000000008f500000| Untracked 
| 170|0x000000008f600000, 0x000000008f600000, 0x000000008f700000|  0%| F|  |TAMS 0x000000008f600000, 0x000000008f600000| Untracked 
| 171|0x000000008f700000, 0x000000008f700000, 0x000000008f800000|  0%| F|  |TAMS 0x000000008f700000, 0x000000008f700000| Untracked 
| 172|0x000000008f800000, 0x000000008f800000, 0x000000008f900000|  0%| F|  |TAMS 0x000000008f800000, 0x000000008f800000| Untracked 
| 173|0x000000008f900000, 0x000000008f900000, 0x000000008fa00000|  0%| F|  |TAMS 0x000000008f900000, 0x000000008f900000| Untracked 
| 174|0x000000008fa00000, 0x000000008fa00000, 0x000000008fb00000|  0%| F|  |TAMS 0x000000008fa00000, 0x000000008fa00000| Untracked 
| 175|0x000000008fb00000, 0x000000008fb00000, 0x000000008fc00000|  0%| F|  |TAMS 0x000000008fb00000, 0x000000008fb00000| Untracked 
| 176|0x000000008fc00000, 0x000000008fc00000, 0x000000008fd00000|  0%| F|  |TAMS 0x000000008fc00000, 0x000000008fc00000| Untracked 
| 177|0x000000008fd00000, 0x000000008fd00000, 0x000000008fe00000|  0%| F|  |TAMS 0x000000008fd00000, 0x000000008fd00000| Untracked 
| 178|0x000000008fe00000, 0x000000008fe00000, 0x000000008ff00000|  0%| F|  |TAMS 0x000000008fe00000, 0x000000008fe00000| Untracked 
| 179|0x000000008ff00000, 0x000000008ff00000, 0x0000000090000000|  0%| F|  |TAMS 0x000000008ff00000, 0x000000008ff00000| Untracked 
| 180|0x0000000090000000, 0x0000000090000000, 0x0000000090100000|  0%| F|  |TAMS 0x0000000090000000, 0x0000000090000000| Untracked 
| 181|0x0000000090100000, 0x0000000090100000, 0x0000000090200000|  0%| F|  |TAMS 0x0000000090100000, 0x0000000090100000| Untracked 
| 182|0x0000000090200000, 0x0000000090200000, 0x0000000090300000|  0%| F|  |TAMS 0x0000000090200000, 0x0000000090200000| Untracked 
| 183|0x0000000090300000, 0x0000000090300000, 0x0000000090400000|  0%| F|  |TAMS 0x0000000090300000, 0x0000000090300000| Untracked 
| 184|0x0000000090400000, 0x0000000090400000, 0x0000000090500000|  0%| F|  |TAMS 0x0000000090400000, 0x0000000090400000| Untracked 
| 185|0x0000000090500000, 0x0000000090500000, 0x0000000090600000|  0%| F|  |TAMS 0x0000000090500000, 0x0000000090500000| Untracked 
| 186|0x0000000090600000, 0x0000000090600000, 0x0000000090700000|  0%| F|  |TAMS 0x0000000090600000, 0x0000000090600000| Untracked 
| 187|0x0000000090700000, 0x0000000090700000, 0x0000000090800000|  0%| F|  |TAMS 0x0000000090700000, 0x0000000090700000| Untracked 
| 188|0x0000000090800000, 0x0000000090800000, 0x0000000090900000|  0%| F|  |TAMS 0x0000000090800000, 0x0000000090800000| Untracked 
| 189|0x0000000090900000, 0x0000000090900000, 0x0000000090a00000|  0%| F|  |TAMS 0x0000000090900000, 0x0000000090900000| Untracked 
| 190|0x0000000090a00000, 0x0000000090a00000, 0x0000000090b00000|  0%| F|  |TAMS 0x0000000090a00000, 0x0000000090a00000| Untracked 
| 191|0x0000000090b00000, 0x0000000090b00000, 0x0000000090c00000|  0%| F|  |TAMS 0x0000000090b00000, 0x0000000090b00000| Untracked 
| 192|0x0000000090c00000, 0x0000000090c00000, 0x0000000090d00000|  0%| F|  |TAMS 0x0000000090c00000, 0x0000000090c00000| Untracked 
| 193|0x0000000090d00000, 0x0000000090d00000, 0x0000000090e00000|  0%| F|  |TAMS 0x0000000090d00000, 0x0000000090d00000| Untracked 
| 194|0x0000000090e00000, 0x0000000090e00000, 0x0000000090f00000|  0%| F|  |TAMS 0x0000000090e00000, 0x0000000090e00000| Untracked 
| 195|0x0000000090f00000, 0x0000000090f00000, 0x0000000091000000|  0%| F|  |TAMS 0x0000000090f00000, 0x0000000090f00000| Untracked 
| 196|0x0000000091000000, 0x0000000091000000, 0x0000000091100000|  0%| F|  |TAMS 0x0000000091000000, 0x0000000091000000| Untracked 
| 197|0x0000000091100000, 0x0000000091100000, 0x0000000091200000|  0%| F|  |TAMS 0x0000000091100000, 0x0000000091100000| Untracked 
| 198|0x0000000091200000, 0x0000000091200000, 0x0000000091300000|  0%| F|  |TAMS 0x0000000091200000, 0x0000000091200000| Untracked 
| 199|0x0000000091300000, 0x0000000091300000, 0x0000000091400000|  0%| F|  |TAMS 0x0000000091300000, 0x0000000091300000| Untracked 
| 200|0x0000000091400000, 0x0000000091400000, 0x0000000091500000|  0%| F|  |TAMS 0x0000000091400000, 0x0000000091400000| Untracked 
| 201|0x0000000091500000, 0x0000000091500000, 0x0000000091600000|  0%| F|  |TAMS 0x0000000091500000, 0x0000000091500000| Untracked 
| 202|0x0000000091600000, 0x0000000091600000, 0x0000000091700000|  0%| F|  |TAMS 0x0000000091600000, 0x0000000091600000| Untracked 
| 203|0x0000000091700000, 0x0000000091700000, 0x0000000091800000|  0%| F|  |TAMS 0x0000000091700000, 0x0000000091700000| Untracked 
| 204|0x0000000091800000, 0x0000000091800000, 0x0000000091900000|  0%| F|  |TAMS 0x0000000091800000, 0x0000000091800000| Untracked 
| 205|0x0000000091900000, 0x0000000091900000, 0x0000000091a00000|  0%| F|  |TAMS 0x0000000091900000, 0x0000000091900000| Untracked 
| 206|0x0000000091a00000, 0x0000000091a00000, 0x0000000091b00000|  0%| F|  |TAMS 0x0000000091a00000, 0x0000000091a00000| Untracked 
| 207|0x0000000091b00000, 0x0000000091b00000, 0x0000000091c00000|  0%| F|  |TAMS 0x0000000091b00000, 0x0000000091b00000| Untracked 
| 208|0x0000000091c00000, 0x0000000091c00000, 0x0000000091d00000|  0%| F|  |TAMS 0x0000000091c00000, 0x0000000091c00000| Untracked 
| 209|0x0000000091d00000, 0x0000000091d00000, 0x0000000091e00000|  0%| F|  |TAMS 0x0000000091d00000, 0x0000000091d00000| Untracked 
| 210|0x0000000091e00000, 0x0000000091e00000, 0x0000000091f00000|  0%| F|  |TAMS 0x0000000091e00000, 0x0000000091e00000| Untracked 
| 211|0x0000000091f00000, 0x0000000091f00000, 0x0000000092000000|  0%| F|  |TAMS 0x0000000091f00000, 0x0000000091f00000| Untracked 
| 212|0x0000000092000000, 0x0000000092000000, 0x0000000092100000|  0%| F|  |TAMS 0x0000000092000000, 0x0000000092000000| Untracked 
| 213|0x0000000092100000, 0x0000000092100000, 0x0000000092200000|  0%| F|  |TAMS 0x0000000092100000, 0x0000000092100000| Untracked 
| 214|0x0000000092200000, 0x0000000092200000, 0x0000000092300000|  0%| F|  |TAMS 0x0000000092200000, 0x0000000092200000| Untracked 
| 215|0x0000000092300000, 0x0000000092300000, 0x0000000092400000|  0%| F|  |TAMS 0x0000000092300000, 0x0000000092300000| Untracked 
| 216|0x0000000092400000, 0x0000000092400000, 0x0000000092500000|  0%| F|  |TAMS 0x0000000092400000, 0x0000000092400000| Untracked 
| 217|0x0000000092500000, 0x0000000092500000, 0x0000000092600000|  0%| F|  |TAMS 0x0000000092500000, 0x0000000092500000| Untracked 
| 218|0x0000000092600000, 0x0000000092600000, 0x0000000092700000|  0%| F|  |TAMS 0x0000000092600000, 0x0000000092600000| Untracked 
| 219|0x0000000092700000, 0x0000000092700000, 0x0000000092800000|  0%| F|  |TAMS 0x0000000092700000, 0x0000000092700000| Untracked 
| 220|0x0000000092800000, 0x0000000092800000, 0x0000000092900000|  0%| F|  |TAMS 0x0000000092800000, 0x0000000092800000| Untracked 
| 221|0x0000000092900000, 0x0000000092900000, 0x0000000092a00000|  0%| F|  |TAMS 0x0000000092900000, 0x0000000092900000| Untracked 
| 222|0x0000000092a00000, 0x0000000092a00000, 0x0000000092b00000|  0%| F|  |TAMS 0x0000000092a00000, 0x0000000092a00000| Untracked 
| 223|0x0000000092b00000, 0x0000000092b00000, 0x0000000092c00000|  0%| F|  |TAMS 0x0000000092b00000, 0x0000000092b00000| Untracked 
| 224|0x0000000092c00000, 0x0000000092c00000, 0x0000000092d00000|  0%| F|  |TAMS 0x0000000092c00000, 0x0000000092c00000| Untracked 
| 225|0x0000000092d00000, 0x0000000092d00000, 0x0000000092e00000|  0%| F|  |TAMS 0x0000000092d00000, 0x0000000092d00000| Untracked 
| 226|0x0000000092e00000, 0x0000000092e00000, 0x0000000092f00000|  0%| F|  |TAMS 0x0000000092e00000, 0x0000000092e00000| Untracked 
| 227|0x0000000092f00000, 0x0000000092f00000, 0x0000000093000000|  0%| F|  |TAMS 0x0000000092f00000, 0x0000000092f00000| Untracked 
| 228|0x0000000093000000, 0x0000000093000000, 0x0000000093100000|  0%| F|  |TAMS 0x0000000093000000, 0x0000000093000000| Untracked 
| 229|0x0000000093100000, 0x0000000093100000, 0x0000000093200000|  0%| F|  |TAMS 0x0000000093100000, 0x0000000093100000| Untracked 
| 230|0x0000000093200000, 0x0000000093200000, 0x0000000093300000|  0%| F|  |TAMS 0x0000000093200000, 0x0000000093200000| Untracked 
| 231|0x0000000093300000, 0x0000000093300000, 0x0000000093400000|  0%| F|  |TAMS 0x0000000093300000, 0x0000000093300000| Untracked 
| 232|0x0000000093400000, 0x0000000093400000, 0x0000000093500000|  0%| F|  |TAMS 0x0000000093400000, 0x0000000093400000| Untracked 
| 233|0x0000000093500000, 0x0000000093500000, 0x0000000093600000|  0%| F|  |TAMS 0x0000000093500000, 0x0000000093500000| Untracked 
| 234|0x0000000093600000, 0x0000000093600000, 0x0000000093700000|  0%| F|  |TAMS 0x0000000093600000, 0x0000000093600000| Untracked 
| 235|0x0000000093700000, 0x0000000093700000, 0x0000000093800000|  0%| F|  |TAMS 0x0000000093700000, 0x0000000093700000| Untracked 
| 236|0x0000000093800000, 0x0000000093800000, 0x0000000093900000|  0%| F|  |TAMS 0x0000000093800000, 0x0000000093800000| Untracked 
| 237|0x0000000093900000, 0x0000000093900000, 0x0000000093a00000|  0%| F|  |TAMS 0x0000000093900000, 0x0000000093900000| Untracked 
| 238|0x0000000093a00000, 0x0000000093a00000, 0x0000000093b00000|  0%| F|  |TAMS 0x0000000093a00000, 0x0000000093a00000| Untracked 
| 239|0x0000000093b00000, 0x0000000093b00000, 0x0000000093c00000|  0%| F|  |TAMS 0x0000000093b00000, 0x0000000093b00000| Untracked 
| 240|0x0000000093c00000, 0x0000000093c00000, 0x0000000093d00000|  0%| F|  |TAMS 0x0000000093c00000, 0x0000000093c00000| Untracked 
| 241|0x0000000093d00000, 0x0000000093d00000, 0x0000000093e00000|  0%| F|  |TAMS 0x0000000093d00000, 0x0000000093d00000| Untracked 
| 242|0x0000000093e00000, 0x0000000093e00000, 0x0000000093f00000|  0%| F|  |TAMS 0x0000000093e00000, 0x0000000093e00000| Untracked 
| 243|0x0000000093f00000, 0x0000000093f00000, 0x0000000094000000|  0%| F|  |TAMS 0x0000000093f00000, 0x0000000093f00000| Untracked 
| 244|0x0000000094000000, 0x0000000094000000, 0x0000000094100000|  0%| F|  |TAMS 0x0000000094000000, 0x0000000094000000| Untracked 
| 245|0x0000000094100000, 0x0000000094100000, 0x0000000094200000|  0%| F|  |TAMS 0x0000000094100000, 0x0000000094100000| Untracked 
| 246|0x0000000094200000, 0x0000000094200000, 0x0000000094300000|  0%| F|  |TAMS 0x0000000094200000, 0x0000000094200000| Untracked 
| 247|0x0000000094300000, 0x0000000094300000, 0x0000000094400000|  0%| F|  |TAMS 0x0000000094300000, 0x0000000094300000| Untracked 
| 248|0x0000000094400000, 0x0000000094400000, 0x0000000094500000|  0%| F|  |TAMS 0x0000000094400000, 0x0000000094400000| Untracked 
| 249|0x0000000094500000, 0x0000000094500000, 0x0000000094600000|  0%| F|  |TAMS 0x0000000094500000, 0x0000000094500000| Untracked 
| 250|0x0000000094600000, 0x0000000094600000, 0x0000000094700000|  0%| F|  |TAMS 0x0000000094600000, 0x0000000094600000| Untracked 
| 251|0x0000000094700000, 0x0000000094700000, 0x0000000094800000|  0%| F|  |TAMS 0x0000000094700000, 0x0000000094700000| Untracked 
| 252|0x0000000094800000, 0x0000000094800000, 0x0000000094900000|  0%| F|  |TAMS 0x0000000094800000, 0x0000000094800000| Untracked 
| 253|0x0000000094900000, 0x0000000094900000, 0x0000000094a00000|  0%| F|  |TAMS 0x0000000094900000, 0x0000000094900000| Untracked 
| 254|0x0000000094a00000, 0x0000000094a00000, 0x0000000094b00000|  0%| F|  |TAMS 0x0000000094a00000, 0x0000000094a00000| Untracked 
| 255|0x0000000094b00000, 0x0000000094b00000, 0x0000000094c00000|  0%| F|  |TAMS 0x0000000094b00000, 0x0000000094b00000| Untracked 
| 256|0x0000000094c00000, 0x0000000094c00000, 0x0000000094d00000|  0%| F|  |TAMS 0x0000000094c00000, 0x0000000094c00000| Untracked 
| 257|0x0000000094d00000, 0x0000000094d00000, 0x0000000094e00000|  0%| F|  |TAMS 0x0000000094d00000, 0x0000000094d00000| Untracked 
| 258|0x0000000094e00000, 0x0000000094e00000, 0x0000000094f00000|  0%| F|  |TAMS 0x0000000094e00000, 0x0000000094e00000| Untracked 
| 259|0x0000000094f00000, 0x0000000094f00000, 0x0000000095000000|  0%| F|  |TAMS 0x0000000094f00000, 0x0000000094f00000| Untracked 
| 260|0x0000000095000000, 0x0000000095000000, 0x0000000095100000|  0%| F|  |TAMS 0x0000000095000000, 0x0000000095000000| Untracked 
| 261|0x0000000095100000, 0x0000000095100000, 0x0000000095200000|  0%| F|  |TAMS 0x0000000095100000, 0x0000000095100000| Untracked 
| 262|0x0000000095200000, 0x0000000095200000, 0x0000000095300000|  0%| F|  |TAMS 0x0000000095200000, 0x0000000095200000| Untracked 
| 263|0x0000000095300000, 0x0000000095300000, 0x0000000095400000|  0%| F|  |TAMS 0x0000000095300000, 0x0000000095300000| Untracked 
| 264|0x0000000095400000, 0x0000000095400000, 0x0000000095500000|  0%| F|  |TAMS 0x0000000095400000, 0x0000000095400000| Untracked 
| 265|0x0000000095500000, 0x0000000095500000, 0x0000000095600000|  0%| F|  |TAMS 0x0000000095500000, 0x0000000095500000| Untracked 
| 266|0x0000000095600000, 0x0000000095600000, 0x0000000095700000|  0%| F|  |TAMS 0x0000000095600000, 0x0000000095600000| Untracked 
| 267|0x0000000095700000, 0x0000000095700000, 0x0000000095800000|  0%| F|  |TAMS 0x0000000095700000, 0x0000000095700000| Untracked 
| 268|0x0000000095800000, 0x0000000095800000, 0x0000000095900000|  0%| F|  |TAMS 0x0000000095800000, 0x0000000095800000| Untracked 
| 269|0x0000000095900000, 0x0000000095900000, 0x0000000095a00000|  0%| F|  |TAMS 0x0000000095900000, 0x0000000095900000| Untracked 
| 270|0x0000000095a00000, 0x0000000095a00000, 0x0000000095b00000|  0%| F|  |TAMS 0x0000000095a00000, 0x0000000095a00000| Untracked 
| 271|0x0000000095b00000, 0x0000000095b00000, 0x0000000095c00000|  0%| F|  |TAMS 0x0000000095b00000, 0x0000000095b00000| Untracked 
| 272|0x0000000095c00000, 0x0000000095c00000, 0x0000000095d00000|  0%| F|  |TAMS 0x0000000095c00000, 0x0000000095c00000| Untracked 
| 273|0x0000000095d00000, 0x0000000095d00000, 0x0000000095e00000|  0%| F|  |TAMS 0x0000000095d00000, 0x0000000095d00000| Untracked 
| 274|0x0000000095e00000, 0x0000000095e00000, 0x0000000095f00000|  0%| F|  |TAMS 0x0000000095e00000, 0x0000000095e00000| Untracked 
| 275|0x0000000095f00000, 0x0000000095f00000, 0x0000000096000000|  0%| F|  |TAMS 0x0000000095f00000, 0x0000000095f00000| Untracked 
| 276|0x0000000096000000, 0x0000000096000000, 0x0000000096100000|  0%| F|  |TAMS 0x0000000096000000, 0x0000000096000000| Untracked 
| 277|0x0000000096100000, 0x0000000096100000, 0x0000000096200000|  0%| F|  |TAMS 0x0000000096100000, 0x0000000096100000| Untracked 
| 278|0x0000000096200000, 0x0000000096200000, 0x0000000096300000|  0%| F|  |TAMS 0x0000000096200000, 0x0000000096200000| Untracked 
| 279|0x0000000096300000, 0x0000000096300000, 0x0000000096400000|  0%| F|  |TAMS 0x0000000096300000, 0x0000000096300000| Untracked 
| 280|0x0000000096400000, 0x0000000096400000, 0x0000000096500000|  0%| F|  |TAMS 0x0000000096400000, 0x0000000096400000| Untracked 
| 281|0x0000000096500000, 0x0000000096500000, 0x0000000096600000|  0%| F|  |TAMS 0x0000000096500000, 0x0000000096500000| Untracked 
| 282|0x0000000096600000, 0x0000000096600000, 0x0000000096700000|  0%| F|  |TAMS 0x0000000096600000, 0x0000000096600000| Untracked 
| 283|0x0000000096700000, 0x0000000096700000, 0x0000000096800000|  0%| F|  |TAMS 0x0000000096700000, 0x0000000096700000| Untracked 
| 284|0x0000000096800000, 0x0000000096800000, 0x0000000096900000|  0%| F|  |TAMS 0x0000000096800000, 0x0000000096800000| Untracked 
| 285|0x0000000096900000, 0x0000000096900000, 0x0000000096a00000|  0%| F|  |TAMS 0x0000000096900000, 0x0000000096900000| Untracked 
| 286|0x0000000096a00000, 0x0000000096a00000, 0x0000000096b00000|  0%| F|  |TAMS 0x0000000096a00000, 0x0000000096a00000| Untracked 
| 287|0x0000000096b00000, 0x0000000096b00000, 0x0000000096c00000|  0%| F|  |TAMS 0x0000000096b00000, 0x0000000096b00000| Untracked 
| 288|0x0000000096c00000, 0x0000000096c00000, 0x0000000096d00000|  0%| F|  |TAMS 0x0000000096c00000, 0x0000000096c00000| Untracked 
| 289|0x0000000096d00000, 0x0000000096d00000, 0x0000000096e00000|  0%| F|  |TAMS 0x0000000096d00000, 0x0000000096d00000| Untracked 
| 290|0x0000000096e00000, 0x0000000096e00000, 0x0000000096f00000|  0%| F|  |TAMS 0x0000000096e00000, 0x0000000096e00000| Untracked 
| 291|0x0000000096f00000, 0x0000000096f00000, 0x0000000097000000|  0%| F|  |TAMS 0x0000000096f00000, 0x0000000096f00000| Untracked 
| 292|0x0000000097000000, 0x0000000097000000, 0x0000000097100000|  0%| F|  |TAMS 0x0000000097000000, 0x0000000097000000| Untracked 
| 293|0x0000000097100000, 0x0000000097100000, 0x0000000097200000|  0%| F|  |TAMS 0x0000000097100000, 0x0000000097100000| Untracked 
| 294|0x0000000097200000, 0x0000000097200000, 0x0000000097300000|  0%| F|  |TAMS 0x0000000097200000, 0x0000000097200000| Untracked 
| 295|0x0000000097300000, 0x0000000097300000, 0x0000000097400000|  0%| F|  |TAMS 0x0000000097300000, 0x0000000097300000| Untracked 
| 296|0x0000000097400000, 0x0000000097400000, 0x0000000097500000|  0%| F|  |TAMS 0x0000000097400000, 0x0000000097400000| Untracked 
| 297|0x0000000097500000, 0x0000000097500000, 0x0000000097600000|  0%| F|  |TAMS 0x0000000097500000, 0x0000000097500000| Untracked 
| 298|0x0000000097600000, 0x0000000097600000, 0x0000000097700000|  0%| F|  |TAMS 0x0000000097600000, 0x0000000097600000| Untracked 
| 299|0x0000000097700000, 0x0000000097700000, 0x0000000097800000|  0%| F|  |TAMS 0x0000000097700000, 0x0000000097700000| Untracked 
| 300|0x0000000097800000, 0x0000000097800000, 0x0000000097900000|  0%| F|  |TAMS 0x0000000097800000, 0x0000000097800000| Untracked 
| 301|0x0000000097900000, 0x0000000097900000, 0x0000000097a00000|  0%| F|  |TAMS 0x0000000097900000, 0x0000000097900000| Untracked 
| 302|0x0000000097a00000, 0x0000000097a00000, 0x0000000097b00000|  0%| F|  |TAMS 0x0000000097a00000, 0x0000000097a00000| Untracked 
| 303|0x0000000097b00000, 0x0000000097b00000, 0x0000000097c00000|  0%| F|  |TAMS 0x0000000097b00000, 0x0000000097b00000| Untracked 
| 304|0x0000000097c00000, 0x0000000097c00000, 0x0000000097d00000|  0%| F|  |TAMS 0x0000000097c00000, 0x0000000097c00000| Untracked 
| 305|0x0000000097d00000, 0x0000000097d00000, 0x0000000097e00000|  0%| F|  |TAMS 0x0000000097d00000, 0x0000000097d00000| Untracked 
| 306|0x0000000097e00000, 0x0000000097f00000, 0x0000000097f00000|100%| E|  |TAMS 0x0000000097e00000, 0x0000000097e00000| Complete 
| 307|0x0000000097f00000, 0x0000000098000000, 0x0000000098000000|100%| E|CS|TAMS 0x0000000097f00000, 0x0000000097f00000| Complete 
| 308|0x0000000098000000, 0x0000000098100000, 0x0000000098100000|100%| E|CS|TAMS 0x0000000098000000, 0x0000000098000000| Complete 
| 309|0x0000000098100000, 0x0000000098200000, 0x0000000098200000|100%| E|CS|TAMS 0x0000000098100000, 0x0000000098100000| Complete 
| 310|0x0000000098200000, 0x0000000098300000, 0x0000000098300000|100%| E|CS|TAMS 0x0000000098200000, 0x0000000098200000| Complete 
| 311|0x0000000098300000, 0x0000000098400000, 0x0000000098400000|100%| E|CS|TAMS 0x0000000098300000, 0x0000000098300000| Complete 
|1969|0x00000000ffd00000, 0x00000000ffe00000, 0x00000000ffe00000|100%| O|  |TAMS 0x00000000ffe00000, 0x00000000ffd00000| Untracked 
|1970|0x00000000ffe00000, 0x00000000fff00000, 0x00000000fff00000|100%| O|  |TAMS 0x00000000fff00000, 0x00000000ffe00000| Untracked 
|1971|0x00000000fff00000, 0x0000000100000000, 0x0000000100000000|100%| O|  |TAMS 0x0000000100000000, 0x00000000fff00000| Untracked 

Card table byte_map: [0x000001ec6e160000,0x000001ec6e540000] _byte_map_base: 0x000001ec6dd3a000

Marking Bits (Prev, Next): (CMBitMap*) 0x000001ec575c8e30, (CMBitMap*) 0x000001ec575c8e70
 Prev Bits: [0x000001ec6e920000, 0x000001ec707f0000)
 Next Bits: [0x000001ec707f0000, 0x000001ec726c0000)

Polling page: 0x000001ec56d50000

Metaspace:

Usage:
  Non-class:     31.03 MB used.
      Class:      3.91 MB used.
       Both:     34.94 MB used.

Virtual space:
  Non-class space:       32.00 MB reserved,      31.25 MB ( 98%) committed,  4 nodes.
      Class space:        1.00 GB reserved,       4.06 MB ( <1%) committed,  1 nodes.
             Both:        1.03 GB reserved,      35.31 MB (  3%) committed. 

Chunk freelists:
   Non-Class:  160.00 KB
       Class:  3.94 MB
        Both:  4.09 MB

MaxMetaspaceSize: unlimited
CompressedClassSpaceSize: 1.00 GB
Initial GC threshold: 21.00 MB
Current GC threshold: 42.62 MB
CDS: on
MetaspaceReclaimPolicy: balanced
 - commit_granule_bytes: 65536.
 - commit_granule_words: 8192.
 - virtual_space_node_default_size: 1048576.
 - enlarge_chunks_in_place: 1.
 - new_chunks_are_fully_committed: 0.
 - uncommit_free_chunks: 1.
 - use_allocation_guard: 0.
 - handle_deallocations: 1.


Internal statistics:

num_allocs_failed_limit: 6.
num_arena_births: 286.
num_arena_deaths: 0.
num_vsnodes_births: 5.
num_vsnodes_deaths: 0.
num_space_committed: 565.
num_space_uncommitted: 0.
num_chunks_returned_to_freelist: 6.
num_chunks_taken_from_freelist: 1625.
num_chunk_merges: 6.
num_chunk_splits: 1108.
num_chunks_enlarged: 862.
num_purges: 0.
num_inconsistent_stats: 0.

CodeHeap 'non-profiled nmethods': size=120000Kb used=5224Kb max_used=5224Kb free=114775Kb
 bounds [0x000001ec66850000, 0x000001ec66d70000, 0x000001ec6dd80000]
CodeHeap 'profiled nmethods': size=120000Kb used=17786Kb max_used=17808Kb free=102213Kb
 bounds [0x000001ec5f320000, 0x000001ec604b0000, 0x000001ec66850000]
CodeHeap 'non-nmethods': size=5760Kb used=1256Kb max_used=1283Kb free=4503Kb
 bounds [0x000001ec5ed80000, 0x000001ec5eff0000, 0x000001ec5f320000]
 total_blobs=8253 nmethods=7697 adapters=468
 compilation: enabled
              stopped_count=0, restarted_count=0
 full_count=0

Compilation events (20 events):
Event: 21.601 Thread 0x000001ec74b83880 9216       3       java.lang.ProcessEnvironment$CheckedEntry::getValue (13 bytes)
Event: 21.602 Thread 0x000001ec74b83880 nmethod 9216 0x000001ec5f530f90 code [0x000001ec5f531140, 0x000001ec5f531408]
Event: 21.603 Thread 0x000001ec74b83880 9217       3       java.lang.ProcessEnvironment$CheckedEntrySet$1::next (5 bytes)
Event: 21.603 Thread 0x000001ec74b83880 nmethod 9217 0x000001ec5f530710 code [0x000001ec5f5308e0, 0x000001ec5f530dc8]
Event: 21.603 Thread 0x000001ec74b83880 9218       3       java.lang.ProcessEnvironment$CheckedEntry::getKey (5 bytes)
Event: 21.604 Thread 0x000001ec74b83880 nmethod 9218 0x000001ec5f530110 code [0x000001ec5f5302c0, 0x000001ec5f530608]
Event: 21.604 Thread 0x000001ec74b83880 9219       3       java.lang.ProcessEnvironment$EntryComparator::compare (13 bytes)
Event: 21.604 Thread 0x000001ec74b83880 nmethod 9219 0x000001ec5f52f610 code [0x000001ec5f52f800, 0x000001ec5f52ff68]
Event: 21.604 Thread 0x000001ec74b83880 9220       3       java.lang.ProcessEnvironment$EntryComparator::compare (25 bytes)
Event: 21.604 Thread 0x000001ec74b83880 nmethod 9220 0x000001ec5f52ee10 code [0x000001ec5f52efe0, 0x000001ec5f52f4c8]
Event: 21.604 Thread 0x000001ec74b83880 9221       3       java.lang.ProcessEnvironment$CheckedEntry::getValue (5 bytes)
Event: 21.604 Thread 0x000001ec74b83880 nmethod 9221 0x000001ec5f52e810 code [0x000001ec5f52e9c0, 0x000001ec5f52ed08]
Event: 21.686 Thread 0x000001ec74b83880 9224       3       java.util.stream.IntPipeline::adapt (35 bytes)
Event: 21.686 Thread 0x000001ec74b83880 nmethod 9224 0x000001ec5f52df90 code [0x000001ec5f52e160, 0x000001ec5f52e6b8]
Event: 21.688 Thread 0x000001ec74b83880 9225       3       java.lang.StringBuilder::append (8 bytes)
Event: 21.688 Thread 0x000001ec74b83880 nmethod 9225 0x000001ec5f52dc10 code [0x000001ec5f52dda0, 0x000001ec5f52dee8]
Event: 21.739 Thread 0x000001ec74b83880 9226       1       java.util.concurrent.atomic.AtomicInteger::get (5 bytes)
Event: 21.739 Thread 0x000001ec74b83880 nmethod 9226 0x000001ec66d69b90 code [0x000001ec66d69d20, 0x000001ec66d69df8]
Event: 22.300 Thread 0x000001ec74b7a9c0 9227       4       java.util.concurrent.locks.AbstractQueuedSynchronizer::signalNext (34 bytes)
Event: 22.300 Thread 0x000001ec74b7a9c0 nmethod 9227 0x000001ec66d69e90 code [0x000001ec66d6a000, 0x000001ec66d6a078]

GC Heap History (20 events):
Event: 9.754 GC heap before
{Heap before GC invocations=7 (full 0):
 garbage-first heap   total 126976K, used 90443K [0x0000000084c00000, 0x0000000100000000)
  region size 1024K, 68 young (69632K), 4 survivors (4096K)
 Metaspace       used 21225K, committed 21504K, reserved 1073152K
  class space    used 2469K, committed 2624K, reserved 1048576K
}
Event: 9.767 GC heap after
{Heap after GC invocations=8 (full 0):
 garbage-first heap   total 253952K, used 26776K [0x0000000084c00000, 0x0000000100000000)
  region size 1024K, 7 young (7168K), 7 survivors (7168K)
 Metaspace       used 21225K, committed 21504K, reserved 1073152K
  class space    used 2469K, committed 2624K, reserved 1048576K
}
Event: 10.740 GC heap before
{Heap before GC invocations=9 (full 0):
 garbage-first heap   total 96256K, used 80024K [0x0000000084c00000, 0x0000000100000000)
  region size 1024K, 56 young (57344K), 7 survivors (7168K)
 Metaspace       used 25778K, committed 26176K, reserved 1073152K
  class space    used 2959K, committed 3136K, reserved 1048576K
}
Event: 10.759 GC heap after
{Heap after GC invocations=10 (full 0):
 garbage-first heap   total 99328K, used 37926K [0x0000000084c00000, 0x0000000100000000)
  region size 1024K, 7 young (7168K), 7 survivors (7168K)
 Metaspace       used 25778K, committed 26176K, reserved 1073152K
  class space    used 2959K, committed 3136K, reserved 1048576K
}
Event: 10.760 GC heap before
{Heap before GC invocations=10 (full 0):
 garbage-first heap   total 99328K, used 38950K [0x0000000084c00000, 0x0000000100000000)
  region size 1024K, 9 young (9216K), 7 survivors (7168K)
 Metaspace       used 25778K, committed 26176K, reserved 1073152K
  class space    used 2959K, committed 3136K, reserved 1048576K
}
Event: 10.766 GC heap after
{Heap after GC invocations=11 (full 0):
 garbage-first heap   total 99328K, used 37939K [0x0000000084c00000, 0x0000000100000000)
  region size 1024K, 1 young (1024K), 1 survivors (1024K)
 Metaspace       used 25778K, committed 26176K, reserved 1073152K
  class space    used 2959K, committed 3136K, reserved 1048576K
}
Event: 10.772 GC heap before
{Heap before GC invocations=11 (full 0):
 garbage-first heap   total 99328K, used 72755K [0x0000000084c00000, 0x0000000100000000)
  region size 1024K, 36 young (36864K), 1 survivors (1024K)
 Metaspace       used 25778K, committed 26176K, reserved 1073152K
  class space    used 2959K, committed 3136K, reserved 1048576K
}
Event: 10.773 GC heap after
{Heap after GC invocations=12 (full 0):
 garbage-first heap   total 99328K, used 37973K [0x0000000084c00000, 0x0000000100000000)
  region size 1024K, 1 young (1024K), 1 survivors (1024K)
 Metaspace       used 25778K, committed 26176K, reserved 1073152K
  class space    used 2959K, committed 3136K, reserved 1048576K
}
Event: 10.785 GC heap before
{Heap before GC invocations=12 (full 0):
 garbage-first heap   total 99328K, used 74837K [0x0000000084c00000, 0x0000000100000000)
  region size 1024K, 38 young (38912K), 1 survivors (1024K)
 Metaspace       used 25778K, committed 26176K, reserved 1073152K
  class space    used 2959K, committed 3136K, reserved 1048576K
}
Event: 10.785 GC heap after
{Heap after GC invocations=13 (full 0):
 garbage-first heap   total 99328K, used 37998K [0x0000000084c00000, 0x0000000100000000)
  region size 1024K, 1 young (1024K), 1 survivors (1024K)
 Metaspace       used 25778K, committed 26176K, reserved 1073152K
  class space    used 2959K, committed 3136K, reserved 1048576K
}
Event: 11.070 GC heap before
{Heap before GC invocations=14 (full 0):
 garbage-first heap   total 111616K, used 78958K [0x0000000084c00000, 0x0000000100000000)
  region size 1024K, 41 young (41984K), 1 survivors (1024K)
 Metaspace       used 25791K, committed 26176K, reserved 1073152K
  class space    used 2959K, committed 3136K, reserved 1048576K
}
Event: 11.073 GC heap after
{Heap after GC invocations=15 (full 0):
 garbage-first heap   total 111616K, used 42633K [0x0000000084c00000, 0x0000000100000000)
  region size 1024K, 4 young (4096K), 4 survivors (4096K)
 Metaspace       used 25791K, committed 26176K, reserved 1073152K
  class space    used 2959K, committed 3136K, reserved 1048576K
}
Event: 11.832 GC heap before
{Heap before GC invocations=15 (full 0):
 garbage-first heap   total 111616K, used 88713K [0x0000000084c00000, 0x0000000100000000)
  region size 1024K, 48 young (49152K), 4 survivors (4096K)
 Metaspace       used 26573K, committed 26944K, reserved 1073152K
  class space    used 3029K, committed 3200K, reserved 1048576K
}
Event: 11.848 GC heap after
{Heap after GC invocations=16 (full 0):
 garbage-first heap   total 322560K, used 51841K [0x0000000084c00000, 0x0000000100000000)
  region size 1024K, 6 young (6144K), 6 survivors (6144K)
 Metaspace       used 26573K, committed 26944K, reserved 1073152K
  class space    used 3029K, committed 3200K, reserved 1048576K
}
Event: 16.389 GC heap before
{Heap before GC invocations=16 (full 0):
 garbage-first heap   total 322560K, used 234113K [0x0000000084c00000, 0x0000000100000000)
  region size 1024K, 184 young (188416K), 6 survivors (6144K)
 Metaspace       used 31066K, committed 31424K, reserved 1081344K
  class space    used 3518K, committed 3648K, reserved 1048576K
}
Event: 16.399 GC heap after
{Heap after GC invocations=17 (full 0):
 garbage-first heap   total 322560K, used 53688K [0x0000000084c00000, 0x0000000100000000)
  region size 1024K, 9 young (9216K), 9 survivors (9216K)
 Metaspace       used 31066K, committed 31424K, reserved 1081344K
  class space    used 3518K, committed 3648K, reserved 1048576K
}
Event: 17.234 GC heap before
{Heap before GC invocations=17 (full 0):
 garbage-first heap   total 322560K, used 245176K [0x0000000084c00000, 0x0000000100000000)
  region size 1024K, 189 young (193536K), 9 survivors (9216K)
 Metaspace       used 31178K, committed 31488K, reserved 1081344K
  class space    used 3518K, committed 3648K, reserved 1048576K
}
Event: 17.257 GC heap after
{Heap after GC invocations=18 (full 0):
 garbage-first heap   total 322560K, used 71641K [0x0000000084c00000, 0x0000000100000000)
  region size 1024K, 23 young (23552K), 23 survivors (23552K)
 Metaspace       used 31178K, committed 31488K, reserved 1081344K
  class space    used 3518K, committed 3648K, reserved 1048576K
}
Event: 21.502 GC heap before
{Heap before GC invocations=18 (full 0):
 garbage-first heap   total 322560K, used 243673K [0x0000000084c00000, 0x0000000100000000)
  region size 1024K, 189 young (193536K), 23 survivors (23552K)
 Metaspace       used 35159K, committed 35520K, reserved 1081344K
  class space    used 3926K, committed 4096K, reserved 1048576K
}
Event: 21.513 GC heap after
{Heap after GC invocations=19 (full 0):
 garbage-first heap   total 322560K, used 67559K [0x0000000084c00000, 0x0000000100000000)
  region size 1024K, 8 young (8192K), 8 survivors (8192K)
 Metaspace       used 35159K, committed 35520K, reserved 1081344K
  class space    used 3926K, committed 4096K, reserved 1048576K
}

Deoptimization events (20 events):
Event: 21.687 Thread 0x000001ec77f338c0 Uncommon trap: trap_request=0xffffff45 fr.pc=0x000001ec66966094 relative=0x0000000000000554
Event: 21.687 Thread 0x000001ec77f338c0 Uncommon trap: reason=unstable_if action=reinterpret pc=0x000001ec66966094 method=java.lang.AbstractStringBuilder.putStringAt(ILjava/lang/String;II)V @ 8 c2
Event: 21.687 Thread 0x000001ec77f338c0 DEOPT PACKING pc=0x000001ec66966094 sp=0x0000003f5e3ff0f0
Event: 21.687 Thread 0x000001ec77f338c0 DEOPT UNPACKING pc=0x000001ec5edd5c23 sp=0x0000003f5e3fefe0 mode 2
Event: 21.687 Thread 0x000001ec77f338c0 Uncommon trap: trap_request=0xffffff45 fr.pc=0x000001ec669456ac relative=0x000000000000012c
Event: 21.687 Thread 0x000001ec77f338c0 Uncommon trap: reason=unstable_if action=reinterpret pc=0x000001ec669456ac method=java.lang.String.getBytes([BIIBI)V @ 6 c2
Event: 21.687 Thread 0x000001ec77f338c0 DEOPT PACKING pc=0x000001ec669456ac sp=0x0000003f5e3fef80
Event: 21.687 Thread 0x000001ec77f338c0 DEOPT UNPACKING pc=0x000001ec5edd5c23 sp=0x0000003f5e3fef48 mode 2
Event: 21.687 Thread 0x000001ec77f338c0 Uncommon trap: trap_request=0xffffff45 fr.pc=0x000001ec669192c0 relative=0x0000000000000420
Event: 21.687 Thread 0x000001ec77f338c0 Uncommon trap: reason=unstable_if action=reinterpret pc=0x000001ec669192c0 method=java.lang.StringBuilder.toString()Ljava/lang/String; @ 4 c2
Event: 21.688 Thread 0x000001ec77f338c0 DEOPT PACKING pc=0x000001ec669192c0 sp=0x0000003f5e3ff170
Event: 21.688 Thread 0x000001ec77f338c0 DEOPT UNPACKING pc=0x000001ec5edd5c23 sp=0x0000003f5e3ff150 mode 2
Event: 21.688 Thread 0x000001ec77f338c0 Uncommon trap: trap_request=0xffffff76 fr.pc=0x000001ec66c5bdc8 relative=0x00000000000028c8
Event: 21.688 Thread 0x000001ec77f338c0 Uncommon trap: reason=predicate action=maybe_recompile pc=0x000001ec66c5bdc8 method=java.util.regex.Pattern.compile()V @ 78 c2
Event: 21.688 Thread 0x000001ec77f338c0 DEOPT PACKING pc=0x000001ec66c5bdc8 sp=0x0000003f5e3ff1c0
Event: 21.688 Thread 0x000001ec77f338c0 DEOPT UNPACKING pc=0x000001ec5edd5c23 sp=0x0000003f5e3ff1a0 mode 2
Event: 21.688 Thread 0x000001ec77f338c0 Uncommon trap: trap_request=0xffffff45 fr.pc=0x000001ec669aa600 relative=0x0000000000000080
Event: 21.688 Thread 0x000001ec77f338c0 Uncommon trap: reason=unstable_if action=reinterpret pc=0x000001ec669aa600 method=java.lang.String.codePointAt(I)I @ 4 c2
Event: 21.688 Thread 0x000001ec77f338c0 DEOPT PACKING pc=0x000001ec669aa600 sp=0x0000003f5e3ff180
Event: 21.688 Thread 0x000001ec77f338c0 DEOPT UNPACKING pc=0x000001ec5edd5c23 sp=0x0000003f5e3ff128 mode 2

Classes unloaded (0 events):
No events

Classes redefined (0 events):
No events

Internal exceptions (20 events):
Event: 19.955 Thread 0x000001ec5758a9e0 Exception <a 'sun/nio/fs/WindowsException'{0x0000000090500138}> (0x0000000090500138) 
thrown [t:\workspace\open\src\hotspot\share\prims\jni.cpp, line 516]
Event: 19.968 Thread 0x000001ec5758a9e0 Exception <a 'sun/nio/fs/WindowsException'{0x000000009051d5a0}> (0x000000009051d5a0) 
thrown [t:\workspace\open\src\hotspot\share\prims\jni.cpp, line 516]
Event: 19.968 Thread 0x000001ec5758a9e0 Exception <a 'sun/nio/fs/WindowsException'{0x000000009051dd30}> (0x000000009051dd30) 
thrown [t:\workspace\open\src\hotspot\share\prims\jni.cpp, line 516]
Event: 19.968 Thread 0x000001ec5758a9e0 Exception <a 'sun/nio/fs/WindowsException'{0x000000009051e2f0}> (0x000000009051e2f0) 
thrown [t:\workspace\open\src\hotspot\share\prims\jni.cpp, line 516]
Event: 19.968 Thread 0x000001ec5758a9e0 Exception <a 'sun/nio/fs/WindowsException'{0x000000009051ea60}> (0x000000009051ea60) 
thrown [t:\workspace\open\src\hotspot\share\prims\jni.cpp, line 516]
Event: 19.968 Thread 0x000001ec5758a9e0 Exception <a 'sun/nio/fs/WindowsException'{0x000000009051ede8}> (0x000000009051ede8) 
thrown [t:\workspace\open\src\hotspot\share\prims\jni.cpp, line 516]
Event: 19.968 Thread 0x000001ec5758a9e0 Exception <a 'sun/nio/fs/WindowsException'{0x000000009051fac8}> (0x000000009051fac8) 
thrown [t:\workspace\open\src\hotspot\share\prims\jni.cpp, line 516]
Event: 20.001 Thread 0x000001ec5758a9e0 Exception <a 'sun/nio/fs/WindowsException'{0x000000009042f6f0}> (0x000000009042f6f0) 
thrown [t:\workspace\open\src\hotspot\share\prims\jni.cpp, line 516]
Event: 20.001 Thread 0x000001ec5758a9e0 Exception <a 'sun/nio/fs/WindowsException'{0x000000009042fdf8}> (0x000000009042fdf8) 
thrown [t:\workspace\open\src\hotspot\share\prims\jni.cpp, line 516]
Event: 20.001 Thread 0x000001ec5758a9e0 Exception <a 'sun/nio/fs/WindowsException'{0x0000000090430ff8}> (0x0000000090430ff8) 
thrown [t:\workspace\open\src\hotspot\share\prims\jni.cpp, line 516]
Event: 20.042 Thread 0x000001ec5758a9e0 Exception <a 'sun/nio/fs/WindowsException'{0x000000009045fe48}> (0x000000009045fe48) 
thrown [t:\workspace\open\src\hotspot\share\prims\jni.cpp, line 516]
Event: 20.042 Thread 0x000001ec5758a9e0 Exception <a 'sun/nio/fs/WindowsException'{0x0000000090460548}> (0x0000000090460548) 
thrown [t:\workspace\open\src\hotspot\share\prims\jni.cpp, line 516]
Event: 20.042 Thread 0x000001ec5758a9e0 Exception <a 'sun/nio/fs/WindowsException'{0x0000000090461700}> (0x0000000090461700) 
thrown [t:\workspace\open\src\hotspot\share\prims\jni.cpp, line 516]
Event: 20.899 Thread 0x000001ec76c12560 Exception <a 'java/lang/NoSuchMethodError'{0x000000008eab9868}: 'java.lang.Object java.lang.invoke.DirectMethodHandle$Holder.invokeStatic(java.lang.Object, java.lang.Object, long, java.lang.Object)'> (0x000000008eab9868) 
thrown [t:\workspace\open\src\hotspot\share\interpreter\linkResolver.cpp, line 766]
Event: 20.910 Thread 0x000001ec76c12560 Exception <a 'java/lang/NoSuchMethodError'{0x000000008eabd040}: 'java.lang.Object java.lang.invoke.DirectMethodHandle$Holder.invokeStaticInit(java.lang.Object, java.lang.Object, long, java.lang.Object)'> (0x000000008eabd040) 
thrown [t:\workspace\open\src\hotspot\share\interpreter\linkResolver.cpp, line 766]
Event: 20.912 Thread 0x000001ec76c12560 Exception <a 'java/lang/NoSuchMethodError'{0x000000008eac3688}: 'java.lang.Object java.lang.invoke.DirectMethodHandle$Holder.newInvokeSpecial(java.lang.Object, java.lang.Object, long)'> (0x000000008eac3688) 
thrown [t:\workspace\open\src\hotspot\share\interpreter\linkResolver.cpp, line 766]
Event: 20.913 Thread 0x000001ec76c12560 Exception <a 'java/lang/NoSuchMethodError'{0x000000008eac71f8}: 'java.lang.Object java.lang.invoke.Invokers$Holder.linkToTargetMethod(java.lang.Object, long, java.lang.Object)'> (0x000000008eac71f8) 
thrown [t:\workspace\open\src\hotspot\share\interpreter\linkResolver.cpp, line 766]
Event: 21.251 Thread 0x000001ec5758a9e0 Exception <a 'java/lang/NoSuchMethodError'{0x000000008e696338}: 'java.lang.Object java.lang.invoke.DirectMethodHandle$Holder.invokeStaticInit(java.lang.Object, java.lang.Object, int, int, int, int)'> (0x000000008e696338) 
thrown [t:\workspace\open\src\hotspot\share\interpreter\linkResolver.cpp, line 766]
Event: 21.624 Thread 0x000001ec5758a9e0 Exception <a 'java/lang/NoSuchMethodError'{0x00000000981df120}: 'void java.lang.invoke.DirectMethodHandle$Holder.invokeStatic(java.lang.Object, long)'> (0x00000000981df120) 
thrown [t:\workspace\open\src\hotspot\share\interpreter\linkResolver.cpp, line 766]
Event: 21.625 Thread 0x000001ec5758a9e0 Exception <a 'java/lang/NoSuchMethodError'{0x00000000981e4678}: 'java.lang.Object java.lang.invoke.DirectMethodHandle$Holder.newInvokeSpecial(java.lang.Object, long)'> (0x00000000981e4678) 
thrown [t:\workspace\open\src\hotspot\share\interpreter\linkResolver.cpp, line 766]

VM Operations (20 events):
Event: 20.921 Executing VM operation: HandshakeAllThreads
Event: 20.921 Executing VM operation: HandshakeAllThreads done
Event: 21.008 Executing VM operation: HandshakeAllThreads
Event: 21.008 Executing VM operation: HandshakeAllThreads done
Event: 21.008 Executing VM operation: Cleanup
Event: 21.008 Executing VM operation: Cleanup done
Event: 21.491 Executing VM operation: HandshakeAllThreads
Event: 21.491 Executing VM operation: HandshakeAllThreads done
Event: 21.502 Executing VM operation: G1CollectForAllocation
Event: 21.513 Executing VM operation: G1CollectForAllocation done
Event: 21.522 Executing VM operation: HandshakeAllThreads
Event: 21.522 Executing VM operation: HandshakeAllThreads done
Event: 21.523 Executing VM operation: HandshakeAllThreads
Event: 21.523 Executing VM operation: HandshakeAllThreads done
Event: 21.598 Executing VM operation: HandshakeAllThreads
Event: 21.598 Executing VM operation: HandshakeAllThreads done
Event: 21.627 Executing VM operation: HandshakeAllThreads
Event: 21.627 Executing VM operation: HandshakeAllThreads done
Event: 21.631 Executing VM operation: HandshakeAllThreads
Event: 21.631 Executing VM operation: HandshakeAllThreads done

Events (20 events):
Event: 21.625 loading class java/lang/ProcessImpl$2 done
Event: 21.625 loading class java/lang/Process$PipeInputStream
Event: 21.626 loading class java/lang/Process$PipeInputStream done
Event: 21.627 loading class jdk/internal/event/ProcessStartEvent
Event: 21.627 loading class jdk/internal/event/Event
Event: 21.627 loading class jdk/internal/event/Event done
Event: 21.627 loading class jdk/internal/event/ProcessStartEvent done
Event: 21.628 loading class java/nio/channels/ClosedChannelException
Event: 21.628 loading class java/nio/channels/ClosedChannelException done
Event: 21.632 loading class java/nio/channels/NonReadableChannelException
Event: 21.632 loading class java/nio/channels/NonReadableChannelException done
Event: 21.632 loading class java/nio/channels/NonWritableChannelException
Event: 21.633 loading class java/nio/channels/NonWritableChannelException done
Event: 21.651 Thread 0x000001ec77f338c0 Thread added: 0x000001ec77f338c0
Event: 21.655 Thread 0x000001ec77f333f0 Thread added: 0x000001ec77f333f0
Event: 21.683 loading class java/util/Scanner
Event: 21.684 loading class java/util/Scanner done
Event: 21.686 loading class java/util/Scanner$PatternLRUCache
Event: 21.686 loading class java/util/Scanner$PatternLRUCache done
Event: 21.689 Thread 0x000001ec77f32a50 Thread added: 0x000001ec77f32a50


Dynamic libraries:
0x00007ff620700000 - 0x00007ff620710000 	C:\Program Files\Java\jdk-17.0.1\bin\java.exe
0x00007ffde2190000 - 0x00007ffde23a7000 	C:\WINDOWS\SYSTEM32\ntdll.dll
0x00007ffde1fc0000 - 0x00007ffde2084000 	C:\WINDOWS\System32\KERNEL32.DLL
0x00007ffddf6b0000 - 0x00007ffddfa67000 	C:\WINDOWS\System32\KERNELBASE.dll
0x00007ffddfbd0000 - 0x00007ffddfce1000 	C:\WINDOWS\System32\ucrtbase.dll
0x00007ffdce4f0000 - 0x00007ffdce50a000 	C:\Program Files\Java\jdk-17.0.1\bin\VCRUNTIME140.dll
0x00007ffdcdda0000 - 0x00007ffdcddb8000 	C:\Program Files\Java\jdk-17.0.1\bin\jli.dll
0x00007ffde0620000 - 0x00007ffde06d2000 	C:\WINDOWS\System32\ADVAPI32.dll
0x00007ffde0120000 - 0x00007ffde01c7000 	C:\WINDOWS\System32\msvcrt.dll
0x00007ffde06e0000 - 0x00007ffde0788000 	C:\WINDOWS\System32\sechost.dll
0x00007ffddfe60000 - 0x00007ffddfe88000 	C:\WINDOWS\System32\bcrypt.dll
0x00007ffde1680000 - 0x00007ffde1794000 	C:\WINDOWS\System32\RPCRT4.dll
0x00007ffde1990000 - 0x00007ffde1b3f000 	C:\WINDOWS\System32\USER32.dll
0x00007ffddfe90000 - 0x00007ffddfeb6000 	C:\WINDOWS\System32\win32u.dll
0x00007ffde1650000 - 0x00007ffde1679000 	C:\WINDOWS\System32\GDI32.dll
0x00007ffddf510000 - 0x00007ffddf628000 	C:\WINDOWS\System32\gdi32full.dll
0x00007ffddfb30000 - 0x00007ffddfbca000 	C:\WINDOWS\System32\msvcp_win.dll
0x00007ffdbec60000 - 0x00007ffdbeef3000 	C:\WINDOWS\WinSxS\amd64_microsoft.windows.common-controls_6595b64144ccf1df_6.0.22621.3672_none_2713b9d173822955\COMCTL32.dll
0x00007ffddcd30000 - 0x00007ffddcd3a000 	C:\WINDOWS\SYSTEM32\VERSION.dll
0x00007ffde1030000 - 0x00007ffde1061000 	C:\WINDOWS\System32\IMM32.DLL
0x00007ffdd91c0000 - 0x00007ffdd91cc000 	C:\Program Files\Java\jdk-17.0.1\bin\vcruntime140_1.dll
0x00007ffd9ef40000 - 0x00007ffd9efcd000 	C:\Program Files\Java\jdk-17.0.1\bin\msvcp140.dll
0x00007ffd8be80000 - 0x00007ffd8ca3e000 	C:\Program Files\Java\jdk-17.0.1\bin\server\jvm.dll
0x00007ffde2090000 - 0x00007ffde2098000 	C:\WINDOWS\System32\PSAPI.DLL
0x00007ffdd6180000 - 0x00007ffdd61b4000 	C:\WINDOWS\SYSTEM32\WINMM.dll
0x00007ffda0f80000 - 0x00007ffda0f89000 	C:\WINDOWS\SYSTEM32\WSOCK32.dll
0x00007ffde00a0000 - 0x00007ffde0111000 	C:\WINDOWS\System32\WS2_32.dll
0x00007ffdde4b0000 - 0x00007ffdde4c8000 	C:\WINDOWS\SYSTEM32\kernel.appcore.dll
0x00007ffdd7f80000 - 0x00007ffdd7f8a000 	C:\Program Files\Java\jdk-17.0.1\bin\jimage.dll
0x00007ffddc940000 - 0x00007ffddcb72000 	C:\WINDOWS\SYSTEM32\DBGHELP.DLL
0x00007ffde1180000 - 0x00007ffde150e000 	C:\WINDOWS\System32\combase.dll
0x00007ffde1570000 - 0x00007ffde1647000 	C:\WINDOWS\System32\OLEAUT32.dll
0x00007ffd9baa0000 - 0x00007ffd9bad2000 	C:\WINDOWS\SYSTEM32\dbgcore.DLL
0x00007ffddf630000 - 0x00007ffddf6ab000 	C:\WINDOWS\System32\bcryptPrimitives.dll
0x00007ffdbb970000 - 0x00007ffdbb995000 	C:\Program Files\Java\jdk-17.0.1\bin\java.dll
0x00007ffd8fc40000 - 0x00007ffd8fd16000 	C:\Program Files\Java\jdk-17.0.1\bin\svml.dll
0x00007ffde07b0000 - 0x00007ffde1019000 	C:\WINDOWS\System32\SHELL32.dll
0x00007ffddd380000 - 0x00007ffdddc7f000 	C:\WINDOWS\SYSTEM32\windows.storage.dll
0x00007ffddd240000 - 0x00007ffddd37f000 	C:\WINDOWS\SYSTEM32\wintypes.dll
0x00007ffde1080000 - 0x00007ffde1179000 	C:\WINDOWS\System32\SHCORE.dll
0x00007ffddfec0000 - 0x00007ffddff1e000 	C:\WINDOWS\System32\shlwapi.dll
0x00007ffddf3d0000 - 0x00007ffddf3f7000 	C:\WINDOWS\SYSTEM32\profapi.dll
0x00007ffdbb950000 - 0x00007ffdbb969000 	C:\Program Files\Java\jdk-17.0.1\bin\net.dll
0x00007ffdd82c0000 - 0x00007ffdd83f6000 	C:\WINDOWS\SYSTEM32\WINHTTP.dll
0x00007ffdde920000 - 0x00007ffdde989000 	C:\WINDOWS\system32\mswsock.dll
0x00007ffdbb930000 - 0x00007ffdbb945000 	C:\Program Files\Java\jdk-17.0.1\bin\nio.dll
0x00007ffdba5c0000 - 0x00007ffdba5d8000 	C:\Program Files\Java\jdk-17.0.1\bin\zip.dll
0x00007ffdb3440000 - 0x00007ffdb3464000 	C:\Users\Sangita\OneDrive\Documents\maven\apache-maven-3.9.9-bin\apache-maven-3.9.9\lib\jansi-native\Windows\x86_64\jansi.dll
0x00007ffdd7890000 - 0x00007ffdd78a0000 	C:\Program Files\Java\jdk-17.0.1\bin\verify.dll
0x00007ffddeb40000 - 0x00007ffddeb5b000 	C:\WINDOWS\SYSTEM32\CRYPTSP.dll
0x00007ffdde410000 - 0x00007ffdde445000 	C:\WINDOWS\system32\rsaenh.dll
0x00007ffdde9e0000 - 0x00007ffddea08000 	C:\WINDOWS\SYSTEM32\USERENV.dll
0x00007ffddeb60000 - 0x00007ffddeb6c000 	C:\WINDOWS\SYSTEM32\CRYPTBASE.dll
0x00007ffdddee0000 - 0x00007ffdddf0d000 	C:\WINDOWS\SYSTEM32\IPHLPAPI.DLL
0x00007ffde1020000 - 0x00007ffde1029000 	C:\WINDOWS\System32\NSI.dll
0x00007ffdd7fb0000 - 0x00007ffdd7fc9000 	C:\WINDOWS\SYSTEM32\dhcpcsvc6.DLL
0x00007ffdd7f90000 - 0x00007ffdd7faf000 	C:\WINDOWS\SYSTEM32\dhcpcsvc.DLL
0x00007ffdddf10000 - 0x00007ffdde012000 	C:\WINDOWS\SYSTEM32\DNSAPI.dll

dbghelp: loaded successfully - version: 4.0.5 - missing functions: none
symbol engine: initialized successfully - sym options: 0x614 - pdb path: .;C:\Program Files\Java\jdk-17.0.1\bin;C:\WINDOWS\SYSTEM32;C:\WINDOWS\WinSxS\amd64_microsoft.windows.common-controls_6595b64144ccf1df_6.0.22621.3672_none_2713b9d173822955;C:\Program Files\Java\jdk-17.0.1\bin\server;C:\Users\Sangita\OneDrive\Documents\maven\apache-maven-3.9.9-bin\apache-maven-3.9.9\lib\jansi-native\Windows\x86_64

VM Arguments:
jvm_args: -Dclassworlds.conf=C:/Users/Sangita/OneDrive/Documents/maven/apache-maven-3.9.9-bin/apache-maven-3.9.9/bin/m2.conf -Dmaven.home=C:/Users/Sangita/OneDrive/Documents/maven/apache-maven-3.9.9-bin/apache-maven-3.9.9 -Dlibrary.jansi.path=C:/Users/Sangita/OneDrive/Documents/maven/apache-maven-3.9.9-bin/apache-maven-3.9.9/lib/jansi-native -Dmaven.multiModuleProjectDirectory=C:/Users/Sangita/Institute Management System/teacherService/teacherServices 
java_command: org.codehaus.plexus.classworlds.launcher.Launcher clean install -U
java_class_path (initial): C:/Users/Sangita/OneDrive/Documents/maven/apache-maven-3.9.9-bin/apache-maven-3.9.9/boot/plexus-classworlds-2.8.0.jar
Launcher Type: SUN_STANDARD

[Global flags]
     intx CICompilerCount                          = 3                                         {product} {ergonomic}
     uint ConcGCThreads                            = 1                                         {product} {ergonomic}
     uint G1ConcRefinementThreads                  = 4                                         {product} {ergonomic}
   size_t G1HeapRegionSize                         = 1048576                                   {product} {ergonomic}
    uintx GCDrainStackTargetSize                   = 64                                        {product} {ergonomic}
   size_t InitialHeapSize                          = 130023424                                 {product} {ergonomic}
   size_t MarkStackSize                            = 4194304                                   {product} {ergonomic}
   size_t MaxHeapSize                              = 2067791872                                {product} {ergonomic}
   size_t MaxNewSize                               = 1240465408                                {product} {ergonomic}
   size_t MinHeapDeltaBytes                        = 1048576                                   {product} {ergonomic}
   size_t MinHeapSize                              = 8388608                                   {product} {ergonomic}
    uintx NonNMethodCodeHeapSize                   = 5832780                                {pd product} {ergonomic}
    uintx NonProfiledCodeHeapSize                  = 122912730                              {pd product} {ergonomic}
    uintx ProfiledCodeHeapSize                     = 122912730                              {pd product} {ergonomic}
    uintx ReservedCodeCacheSize                    = 251658240                              {pd product} {ergonomic}
     bool SegmentedCodeCache                       = true                                      {product} {ergonomic}
   size_t SoftMaxHeapSize                          = 2067791872                             {manageable} {ergonomic}
     bool UseCompressedClassPointers               = true                           {product lp64_product} {ergonomic}
     bool UseCompressedOops                        = true                           {product lp64_product} {ergonomic}
     bool UseG1GC                                  = true                                      {product} {ergonomic}
     bool UseLargePagesIndividualAllocation        = false                                  {pd product} {ergonomic}

Logging:
Log output configuration:
 #0: stdout all=warning uptime,level,tags
 #1: stderr all=off uptime,level,tags

Environment Variables:
JAVA_HOME=C:/Program Files/Java/jdk-17.0.1
CLASSPATH=C:\mysql-connector-java-8.0.27.jar;
PATH=C:\Users\Sangita\bin;C:\Program Files\Git\mingw64\bin;C:\Program Files\Git\usr\local\bin;C:\Program Files\Git\usr\bin;C:\Program Files\Git\usr\bin;C:\Program Files\Git\mingw64\bin;C:\Program Files\Git\usr\bin;C:\Users\Sangita\bin;C:\Users\Sangita\Downloads\spring-tool-suite-4-4.18.0.RELEASE-e4.27.0-win32.win32.x86_64.self-extracting\sts-4.18.0.RELEASE\plugins\org.eclipse.justj.openjdk.hotspot.jre.full.win32.x86_64_17.0.6.v20230204-1729\jre\bin\server;C:\Users\Sangita\Downloads\spring-tool-suite-4-4.18.0.RELEASE-e4.27.0-win32.win32.x86_64.self-extracting\sts-4.18.0.RELEASE\plugins\org.eclipse.justj.openjdk.hotspot.jre.full.win32.x86_64_17.0.6.v20230204-1729\jre\bin;C:\Program Files\Common Files\Oracle\Java\javapath;C:\WINDOWS\system32;C:\WINDOWS;C:\WINDOWS\System32\Wbem;C:\WINDOWS\System32\WindowsPowerShell\v1.0;C:\WINDOWS\System32\OpenSSH;C:\MinGW\bin;C:\Program Files\Java\jdk-17.0.6\bin;C:\ProgramData\chocolatey\bin;C:\ProgramData\Microsoft\Windows\Start Menu\Programs\Node.js;C:\Program Files\nodejs;C:\Program Files\Docker\Docker\resources\bin;C:\Program Files\Git\cmd;C:\Users\Sangita\OneDrive\Documents\maven\apache-maven-3.9.9-bin\apache-maven-3.9.9\bin;%JAVA_HOME%\bin;C:\Users\Sangita\AppData\Local\Programs\Microsoft VS Code\bin;C:\MinGW\mingw32\bin;C:\mysql-connector-java-8.0.27\mysql-connector-java-8.0.27;C:\Users\Sangita\AppData\Local\GitHubDesktop\bin;C:\Program Files\Java\jdk-17.0.6\bin;C:\Users\Sangita\AppData\Roaming\npm;C:\Users\Sangita\AppData\Local\gitkraken\bin;C:\ProgramData\Microsoft\Windows\Start Menu\Programs\Node.js;C:\Users\Sangita\AppData\Roaming\nvm;C:\Program Files\nodejs;C:\Users\Sangita\AppData\Local\Microsoft\WindowsApps;C:\Users\Sangita\OneDrive\Documents\maven\apache-maven-3.9.9-bin\apache-maven-3.9.9\bin;C:\Program Files\Java\jdk-17.0.1\bin;C:\Users\Sangita\Downloads\spring-tool-suite-4-4.18.0.RELEASE-e4.27.0-win32.win32.x86_64.self-extracting\sts-4.18.0.RELEASE;C:\Program Files\Git\usr\bin\vendor_perl;C:\Program Files\Git\usr\bin\core
USERNAME=Sangita
SHELL=C:\Program Files\Git\usr\bin\bash.exe
DISPLAY=needs-to-be-defined
LANG=en_US.UTF-8
OS=Windows_NT
PROCESSOR_IDENTIFIER=Intel64 Family 6 Model 126 Stepping 5, GenuineIntel



---------------  S Y S T E M  ---------------

OS:
 Windows 10 , 64 bit Build 22621 (10.0.22621.3958)
OS uptime: 0 days 0:45 hours
Hyper-V role detected

CPU: total 4 (initial active 4) (2 cores per cpu, 2 threads per core) family 6 model 126 stepping 5 microcode 0xa0, cx8, cmov, fxsr, ht, mmx, 3dnowpref, sse, sse2, sse3, ssse3, sse4.1, sse4.2, popcnt, lzcnt, tsc, tscinvbit, avx, avx2, aes, erms, clmul, bmi1, bmi2, adx, avx512f, avx512dq, avx512cd, avx512bw, avx512vl, sha, fma, vzeroupper, avx512_vpopcntdq, avx512_vpclmulqdq, avx512_vaes, avx512_vnni, clflush, clflushopt, avx512_vbmi2, avx512_vbmi, hv

Memory: 4k page, system-wide physical 7880M (389M free)
TotalPageFile size 15380M (AvailPageFile size 6M)
current process WorkingSet (physical memory assigned to process): 482M, peak: 501M
current process commit charge ("private bytes"): 533M, peak: 537M

vm_info: Java HotSpot(TM) 64-Bit Server VM (17.0.1+12-LTS-39) for windows-amd64 JRE (17.0.1+12-LTS-39), built on Sep 27 2021 18:41:35 by "mach5one" with MS VC++ 16.8 (VS2019)

END.
