#
# There is insufficient memory for the Java Runtime Environment to continue.
# Native memory allocation (mmap) failed to map 65536 bytes for Failed to commit metaspace.
# Possible reasons:
#   The system is out of physical RAM or swap space
#   The process is running with CompressedOops enabled, and the Java Heap may be blocking the growth of the native heap
# Possible solutions:
#   Reduce memory load on the system
#   Increase physical memory or swap space
#   Check if swap backing store is full
#   Decrease Java heap size (-Xmx/-Xms)
#   Decrease number of Java threads
#   Decrease Java thread stack sizes (-Xss)
#   Set larger code cache with -XX:ReservedCodeCacheSize=
#   JVM is running with Unscaled Compressed Oops mode in which the Java heap is
#     placed in the first 4GB address space. The Java Heap base address is the
#     maximum limit for the native heap growth. Please use -XX:HeapBaseMinAddress
#     to set the Java Heap base and to place the Java Heap above 4GB virtual address.
# This output file may be truncated or incomplete.
#
#  Out of Memory Error (virtualSpaceNode.cpp:110), pid=13068, tid=16668
#
# JRE version: OpenJDK Runtime Environment Temurin-17.0.6+10 (17.0.6+10) (build 17.0.6+10)
# Java VM: OpenJDK 64-Bit Server VM Temurin-17.0.6+10 (17.0.6+10, mixed mode, emulated-client, tiered, compressed oops, compressed class ptrs, g1 gc, windows-amd64)
# No core dump will be written. Minidumps are not enabled by default on client versions of Windows
#

---------------  S U M M A R Y ------------

Command Line: -Dcom.sun.management.jmxremote -Dcom.sun.management.jmxremote.port=62583 -Dcom.sun.management.jmxremote.authenticate=false -Dcom.sun.management.jmxremote.ssl=false -Djava.rmi.server.hostname=localhost -Dspring.jmx.enabled=true -Dmanagement.endpoints.jmx.exposure.include=* -Dspring.application.admin.enabled=true -XX:TieredStopAtLevel=1 -Dspring.boot.project.name=course_service -Dfile.encoding=UTF-8 -XX:+ShowCodeDetailsInExceptionMessages com.course.CoursesApplication --spring.output.ansi.enabled=always

Host: Intel(R) Core(TM) i3-1005G1 CPU @ 1.20GHz, 4 cores, 7G,  Windows 11 , 64 bit Build 22621 (10.0.22621.3958)
Time: Fri May 23 22:02:46 2025 India Standard Time elapsed time: 18.149474 seconds (0d 0h 0m 18s)

---------------  T H R E A D  ---------------

Current thread (0x000001fdcd24a6b0):  JavaThread "main" [_thread_in_vm, id=16668, stack(0x0000006a51b00000,0x0000006a51c00000)]

Stack: [0x0000006a51b00000,0x0000006a51c00000]
Native frames: (J=compiled Java code, j=interpreted, Vv=VM code, C=native code)
V  [jvm.dll+0x67741a]
V  [jvm.dll+0x834434]
V  [jvm.dll+0x835bde]
V  [jvm.dll+0x836243]
V  [jvm.dll+0x2457b5]
V  [jvm.dll+0x8304cb]
V  [jvm.dll+0x61bca6]
V  [jvm.dll+0x1c05fe]
V  [jvm.dll+0x61e5f1]
V  [jvm.dll+0x61c646]
V  [jvm.dll+0x23b327]
V  [jvm.dll+0x1e6093]
V  [jvm.dll+0x1eae36]
V  [jvm.dll+0x1e0841]
V  [jvm.dll+0x53c6d0]
V  [jvm.dll+0x7af5e8]
V  [jvm.dll+0x7af6d4]
V  [jvm.dll+0x40bc05]
V  [jvm.dll+0x411d58]
C  [java.dll+0x17ec]

Java frames: (J=compiled Java code, j=interpreted, Vv=VM code)
J 1286  java.lang.ClassLoader.defineClass1(Ljava/lang/ClassLoader;Ljava/lang/String;[BIILjava/security/ProtectionDomain;Ljava/lang/String;)Ljava/lang/Class; java.base@17.0.6 (0 bytes) @ 0x000001fdd2516adb [0x000001fdd2516a20+0x00000000000000bb]
J 1315 c1 java.lang.ClassLoader.defineClass(Ljava/lang/String;[BIILjava/security/ProtectionDomain;)Ljava/lang/Class; java.base@17.0.6 (43 bytes) @ 0x000001fdd252415c [0x000001fdd2524060+0x00000000000000fc]
J 1322 c1 jdk.internal.loader.BuiltinClassLoader.defineClass(Ljava/lang/String;Ljdk/internal/loader/Resource;)Ljava/lang/Class; java.base@17.0.6 (121 bytes) @ 0x000001fdd25286c4 [0x000001fdd2528220+0x00000000000004a4]
J 1319 c1 jdk.internal.loader.BuiltinClassLoader.findClassOnClassPathOrNull(Ljava/lang/String;)Ljava/lang/Class; java.base@17.0.6 (64 bytes) @ 0x000001fdd25268c4 [0x000001fdd2526620+0x00000000000002a4]
J 1057 c1 jdk.internal.loader.BuiltinClassLoader.loadClassOrNull(Ljava/lang/String;Z)Ljava/lang/Class; java.base@17.0.6 (143 bytes) @ 0x000001fdd227eec4 [0x000001fdd227ea80+0x0000000000000444]
J 1229 c1 jdk.internal.loader.ClassLoaders$AppClassLoader.loadClass(Ljava/lang/String;Z)Ljava/lang/Class; java.base@17.0.6 (40 bytes) @ 0x000001fdd25052a4 [0x000001fdd2505160+0x0000000000000144]
J 1213 c1 java.lang.ClassLoader.loadClass(Ljava/lang/String;)Ljava/lang/Class; java.base@17.0.6 (7 bytes) @ 0x000001fdd2500b64 [0x000001fdd2500b20+0x0000000000000044]
v  ~StubRoutines::call_stub
j  org.hibernate.boot.model.source.internal.hbm.HbmMetadataSourceProcessorImpl.<init>(Ljava/util/Collection;Lorg/hibernate/boot/spi/MetadataBuildingContext;)V+128
j  org.hibernate.boot.model.source.internal.hbm.HbmMetadataSourceProcessorImpl.<init>(Lorg/hibernate/boot/model/process/spi/ManagedResources;Lorg/hibernate/boot/spi/MetadataBuildingContext;)V+8
j  org.hibernate.boot.model.process.spi.MetadataBuildingProcess$1.<init>(Lorg/hibernate/boot/spi/MetadataBuildingOptions;Lorg/hibernate/boot/model/process/spi/ManagedResources;Lorg/hibernate/boot/internal/MetadataBuildingContextRootImpl;Lorg/jboss/jandex/IndexView;)V+50
j  org.hibernate.boot.model.process.spi.MetadataBuildingProcess.complete(Lorg/hibernate/boot/model/process/spi/ManagedResources;Lorg/hibernate/boot/spi/BootstrapContext;Lorg/hibernate/boot/spi/MetadataBuildingOptions;)Lorg/hibernate/boot/spi/MetadataImplementor;+99
j  org.hibernate.jpa.boot.internal.EntityManagerFactoryBuilderImpl.metadata()Lorg/hibernate/boot/spi/MetadataImplementor;+30
j  org.hibernate.jpa.boot.internal.EntityManagerFactoryBuilderImpl.build()Ljakarta/persistence/EntityManagerFactory;+3
j  org.springframework.orm.jpa.vendor.SpringHibernateJpaPersistenceProvider.createContainerEntityManagerFactory(Ljakarta/persistence/spi/PersistenceUnitInfo;Ljava/util/Map;)Ljakarta/persistence/EntityManagerFactory;+59
j  org.springframework.orm.jpa.LocalContainerEntityManagerFactoryBean.createNativeEntityManagerFactory()Ljakarta/persistence/EntityManagerFactory;+111
j  org.springframework.orm.jpa.AbstractEntityManagerFactoryBean.buildNativeEntityManagerFactory()Ljakarta/persistence/EntityManagerFactory;+1
j  org.springframework.orm.jpa.AbstractEntityManagerFactoryBean.afterPropertiesSet()V+192
j  org.springframework.orm.jpa.LocalContainerEntityManagerFactoryBean.afterPropertiesSet()V+84
j  org.springframework.beans.factory.support.AbstractAutowireCapableBeanFactory.invokeInitMethods(Ljava/lang/String;Ljava/lang/Object;Lorg/springframework/beans/factory/support/RootBeanDefinition;)V+56
j  org.springframework.beans.factory.support.AbstractAutowireCapableBeanFactory.initializeBean(Ljava/lang/String;Ljava/lang/Object;Lorg/springframework/beans/factory/support/RootBeanDefinition;)Ljava/lang/Object;+34
j  org.springframework.beans.factory.support.AbstractAutowireCapableBeanFactory.doCreateBean(Ljava/lang/String;Lorg/springframework/beans/factory/support/RootBeanDefinition;[Ljava/lang/Object;)Ljava/lang/Object;+228
j  org.springframework.beans.factory.support.AbstractAutowireCapableBeanFactory.createBean(Ljava/lang/String;Lorg/springframework/beans/factory/support/RootBeanDefinition;[Ljava/lang/Object;)Ljava/lang/Object;+153
j  org.springframework.beans.factory.support.AbstractBeanFactory.lambda$doGetBean$0(Ljava/lang/String;Lorg/springframework/beans/factory/support/RootBeanDefinition;[Ljava/lang/Object;)Ljava/lang/Object;+4
j  org.springframework.beans.factory.support.AbstractBeanFactory$$Lambda$372+0x00000001002fcf60.getObject()Ljava/lang/Object;+16
j  org.springframework.beans.factory.support.DefaultSingletonBeanRegistry.getSingleton(Ljava/lang/String;Lorg/springframework/beans/factory/ObjectFactory;)Ljava/lang/Object;+114
J 2895 c1 org.springframework.beans.factory.support.AbstractBeanFactory.doGetBean(Ljava/lang/String;Ljava/lang/Class;[Ljava/lang/Object;Z)Ljava/lang/Object; (740 bytes) @ 0x000001fdd27a712c [0x000001fdd27a6b80+0x00000000000005ac]
j  org.springframework.beans.factory.support.AbstractBeanFactory.getBean(Ljava/lang/String;)Ljava/lang/Object;+5
j  org.springframework.context.support.AbstractApplicationContext.getBean(Ljava/lang/String;)Ljava/lang/Object;+9
j  org.springframework.context.support.AbstractApplicationContext.finishBeanFactoryInitialization(Lorg/springframework/beans/factory/config/ConfigurableListableBeanFactory;)V+106
j  org.springframework.context.support.AbstractApplicationContext.refresh()V+94
j  org.springframework.boot.web.servlet.context.ServletWebServerApplicationContext.refresh()V+1
j  org.springframework.boot.SpringApplication.refresh(Lorg/springframework/context/ConfigurableApplicationContext;)V+1
j  org.springframework.boot.SpringApplication.refreshContext(Lorg/springframework/context/ConfigurableApplicationContext;)V+16
j  org.springframework.boot.SpringApplication.run([Ljava/lang/String;)Lorg/springframework/context/ConfigurableApplicationContext;+110
j  org.springframework.boot.SpringApplication.run([Ljava/lang/Class;[Ljava/lang/String;)Lorg/springframework/context/ConfigurableApplicationContext;+9
j  org.springframework.boot.SpringApplication.run(Ljava/lang/Class;[Ljava/lang/String;)Lorg/springframework/context/ConfigurableApplicationContext;+9
j  com.course.CoursesApplication.main([Ljava/lang/String;)V+3
v  ~StubRoutines::call_stub

---------------  P R O C E S S  ---------------

Threads class SMR info:
_java_thread_list=0x000001fddf852ad0, length=26, elements={
0x000001fdcd24a6b0, 0x000001fddc4ee870, 0x000001fddc4ef8d0, 0x000001fddd0334d0,
0x000001fddd033d90, 0x000001fddd034740, 0x000001fddd037100, 0x000001fddd038e80,
0x000001fddd06b660, 0x000001fddd240d50, 0x000001fddd29e220, 0x000001fddda7f510,
0x000001fddd63ad70, 0x000001fddda83750, 0x000001fddda7b0d0, 0x000001fdddb28d80,
0x000001fdddbd8420, 0x000001fdddbfc3d0, 0x000001fddea968a0, 0x000001fddf03dd20,
0x000001fddf79d6f0, 0x000001fddf79e560, 0x000001fddf79b540, 0x000001fddf79bee0,
0x000001fddf79dbc0, 0x000001fddf79e090
}

Java Threads: ( => current thread )
=>0x000001fdcd24a6b0 JavaThread "main" [_thread_in_vm, id=16668, stack(0x0000006a51b00000,0x0000006a51c00000)]
  0x000001fddc4ee870 JavaThread "Reference Handler" daemon [_thread_blocked, id=4344, stack(0x0000006a52200000,0x0000006a52300000)]
  0x000001fddc4ef8d0 JavaThread "Finalizer" daemon [_thread_blocked, id=7380, stack(0x0000006a52300000,0x0000006a52400000)]
  0x000001fddd0334d0 JavaThread "Signal Dispatcher" daemon [_thread_blocked, id=19820, stack(0x0000006a52400000,0x0000006a52500000)]
  0x000001fddd033d90 JavaThread "Attach Listener" daemon [_thread_blocked, id=8532, stack(0x0000006a52500000,0x0000006a52600000)]
  0x000001fddd034740 JavaThread "Service Thread" daemon [_thread_blocked, id=4040, stack(0x0000006a52600000,0x0000006a52700000)]
  0x000001fddd037100 JavaThread "Monitor Deflation Thread" daemon [_thread_blocked, id=3772, stack(0x0000006a52700000,0x0000006a52800000)]
  0x000001fddd038e80 JavaThread "C1 CompilerThread0" daemon [_thread_blocked, id=4392, stack(0x0000006a52800000,0x0000006a52900000)]
  0x000001fddd06b660 JavaThread "Sweeper thread" daemon [_thread_blocked, id=19652, stack(0x0000006a52900000,0x0000006a52a00000)]
  0x000001fddd240d50 JavaThread "Common-Cleaner" daemon [_thread_blocked, id=3096, stack(0x0000006a52a00000,0x0000006a52b00000)]
  0x000001fddd29e220 JavaThread "Notification Thread" daemon [_thread_blocked, id=18524, stack(0x0000006a52c00000,0x0000006a52d00000)]
  0x000001fddda7f510 JavaThread "C1 CompilerThread1" daemon [_thread_blocked, id=1724, stack(0x0000006a52b00000,0x0000006a52c00000)]
  0x000001fddd63ad70 JavaThread "RMI TCP Accept-0" daemon [_thread_in_native, id=9356, stack(0x0000006a53200000,0x0000006a53300000)]
  0x000001fddda83750 JavaThread "RMI TCP Accept-62583" daemon [_thread_in_native, id=10148, stack(0x0000006a53300000,0x0000006a53400000)]
  0x000001fddda7b0d0 JavaThread "RMI TCP Accept-0" daemon [_thread_in_native, id=13660, stack(0x0000006a53400000,0x0000006a53500000)]
  0x000001fdddb28d80 JavaThread "RMI TCP Connection(1)-127.0.0.1" daemon [_thread_in_native, id=10816, stack(0x0000006a53600000,0x0000006a53700000)]
  0x000001fdddbd8420 JavaThread "RMI Scheduler(0)" daemon [_thread_blocked, id=12916, stack(0x0000006a53700000,0x0000006a53800000)]
  0x000001fdddbfc3d0 JavaThread "RMI TCP Connection(2)-127.0.0.1" daemon [_thread_in_native, id=18808, stack(0x0000006a53800000,0x0000006a53900000)]
  0x000001fddea968a0 JavaThread "JMX server connection timeout 21" daemon [_thread_blocked, id=11932, stack(0x0000006a53900000,0x0000006a53a00000)]
  0x000001fddf03dd20 JavaThread "C1 CompilerThread2" daemon [_thread_blocked, id=4036, stack(0x0000006a53a00000,0x0000006a53b00000)]
  0x000001fddf79d6f0 JavaThread "Catalina-utility-1" [_thread_blocked, id=2332, stack(0x0000006a52d00000,0x0000006a52e00000)]
  0x000001fddf79e560 JavaThread "Catalina-utility-2" [_thread_blocked, id=8364, stack(0x0000006a53b00000,0x0000006a53c00000)]
  0x000001fddf79b540 JavaThread "container-0" [_thread_blocked, id=13416, stack(0x0000006a53c00000,0x0000006a53d00000)]
  0x000001fddf79bee0 JavaThread "mysql-cj-abandoned-connection-cleanup" daemon [_thread_blocked, id=8276, stack(0x0000006a53d00000,0x0000006a53e00000)]
  0x000001fddf79dbc0 JavaThread "HikariPool-1 housekeeper" daemon [_thread_blocked, id=15456, stack(0x0000006a53f00000,0x0000006a54000000)]
  0x000001fddf79e090 JavaThread "HikariPool-1 connection adder" daemon [_thread_blocked, id=18136, stack(0x0000006a54000000,0x0000006a54100000)]

Other Threads:
  0x000001fddc51eb30 VMThread "VM Thread" [stack: 0x0000006a52100000,0x0000006a52200000] [id=9056]
  0x000001fddda83c20 WatcherThread [stack: 0x0000006a53500000,0x0000006a53600000] [id=2932]
  0x000001fdcd2a5000 GCTaskThread "GC Thread#0" [stack: 0x0000006a51c00000,0x0000006a51d00000] [id=13980]
  0x000001fddd99a4b0 GCTaskThread "GC Thread#1" [stack: 0x0000006a52e00000,0x0000006a52f00000] [id=7676]
  0x000001fddda85f40 GCTaskThread "GC Thread#2" [stack: 0x0000006a52f00000,0x0000006a53000000] [id=16236]
  0x000001fdddaa7be0 GCTaskThread "GC Thread#3" [stack: 0x0000006a53000000,0x0000006a53100000] [id=18376]
  0x000001fdcd2b55c0 ConcurrentGCThread "G1 Main Marker" [stack: 0x0000006a51d00000,0x0000006a51e00000] [id=13988]
  0x000001fdcd2b6770 ConcurrentGCThread "G1 Conc#0" [stack: 0x0000006a51e00000,0x0000006a51f00000] [id=4008]
  0x000001fddc3520c0 ConcurrentGCThread "G1 Refine#0" [stack: 0x0000006a51f00000,0x0000006a52000000] [id=20012]
  0x000001fddda90350 ConcurrentGCThread "G1 Refine#1" [stack: 0x0000006a53100000,0x0000006a53200000] [id=17628]
  0x000001fddc353280 ConcurrentGCThread "G1 Service" [stack: 0x0000006a52000000,0x0000006a52100000] [id=3972]

Threads with active compile tasks:

VM state: not at safepoint (normal execution)

VM Mutex/Monitor currently owned by a thread:  ([mutex/lock_event])
[0x000001fdcd244630] Metaspace_lock - owner thread: 0x000001fdcd24a6b0

Heap address: 0x0000000084c00000, size: 1972 MB, Compressed Oops mode: 32-bit

CDS archive(s) not mapped
Compressed class space mapped at: 0x0000000100000000-0x0000000140000000, reserved size: 1073741824
Narrow klass base: 0x0000000000000000, Narrow klass shift: 3, Narrow klass range: 0x140000000

GC Precious Log:
 CPUs: 4 total, 4 available
 Memory: 7880M
 Large Page Support: Disabled
 NUMA Support: Disabled
 Compressed Oops: Enabled (32-bit)
 Heap Region Size: 1M
 Heap Min Capacity: 8M
 Heap Initial Capacity: 124M
 Heap Max Capacity: 1972M
 Pre-touch: Disabled
 Parallel Workers: 4
 Concurrent Workers: 1
 Concurrent Refinement Workers: 4
 Periodic GC: Disabled

Heap:
 garbage-first heap   total 50176K, used 35690K [0x0000000084c00000, 0x0000000100000000)
  region size 1024K, 10 young (10240K), 2 survivors (2048K)
 Metaspace       used 58310K, committed 58752K, reserved 1105920K
  class space    used 7829K, committed 8064K, reserved 1048576K

Heap Regions: E=young(eden), S=young(survivor), O=old, HS=humongous(starts), HC=humongous(continues), CS=collection set, F=free, OA=open archive, CA=closed archive, TAMS=top-at-mark-start (previous, next)
|   0|0x0000000084c00000, 0x0000000084d00000, 0x0000000084d00000|100%|HS|  |TAMS 0x0000000084d00000, 0x0000000084c00000| Complete 
|   1|0x0000000084d00000, 0x0000000084e00000, 0x0000000084e00000|100%| O|  |TAMS 0x0000000084e00000, 0x0000000084d00000| Untracked 
|   2|0x0000000084e00000, 0x0000000084f00000, 0x0000000084f00000|100%|HS|  |TAMS 0x0000000084f00000, 0x0000000084e00000| Complete 
|   3|0x0000000084f00000, 0x0000000085000000, 0x0000000085000000|100%| O|  |TAMS 0x0000000085000000, 0x0000000084f00000| Untracked 
|   4|0x0000000085000000, 0x0000000085100000, 0x0000000085100000|100%| O|  |TAMS 0x0000000085100000, 0x0000000085000000| Untracked 
|   5|0x0000000085100000, 0x0000000085200000, 0x0000000085200000|100%| O|  |TAMS 0x0000000085200000, 0x0000000085100000| Untracked 
|   6|0x0000000085200000, 0x0000000085300000, 0x0000000085300000|100%| O|  |TAMS 0x0000000085300000, 0x0000000085200000| Untracked 
|   7|0x0000000085300000, 0x0000000085400000, 0x0000000085400000|100%| O|  |TAMS 0x0000000085400000, 0x0000000085300000| Untracked 
|   8|0x0000000085400000, 0x0000000085500000, 0x0000000085500000|100%| O|  |TAMS 0x0000000085500000, 0x0000000085400000| Untracked 
|   9|0x0000000085500000, 0x0000000085600000, 0x0000000085600000|100%| O|  |TAMS 0x0000000085600000, 0x0000000085500000| Untracked 
|  10|0x0000000085600000, 0x0000000085700000, 0x0000000085700000|100%| O|  |TAMS 0x0000000085700000, 0x0000000085600000| Untracked 
|  11|0x0000000085700000, 0x0000000085800000, 0x0000000085800000|100%| O|  |TAMS 0x0000000085800000, 0x0000000085700000| Untracked 
|  12|0x0000000085800000, 0x0000000085900000, 0x0000000085900000|100%| O|  |TAMS 0x0000000085900000, 0x0000000085800000| Untracked 
|  13|0x0000000085900000, 0x0000000085a00000, 0x0000000085a00000|100%| O|  |TAMS 0x0000000085a00000, 0x0000000085900000| Untracked 
|  14|0x0000000085a00000, 0x0000000085b00000, 0x0000000085b00000|100%| O|  |TAMS 0x0000000085b00000, 0x0000000085a00000| Untracked 
|  15|0x0000000085b00000, 0x0000000085c00000, 0x0000000085c00000|100%| O|  |TAMS 0x0000000085c00000, 0x0000000085b00000| Untracked 
|  16|0x0000000085c00000, 0x0000000085d00000, 0x0000000085d00000|100%| O|  |TAMS 0x0000000085d00000, 0x0000000085c00000| Untracked 
|  17|0x0000000085d00000, 0x0000000085e00000, 0x0000000085e00000|100%| O|  |TAMS 0x0000000085e00000, 0x0000000085d00000| Untracked 
|  18|0x0000000085e00000, 0x0000000085f00000, 0x0000000085f00000|100%| O|  |TAMS 0x0000000085f00000, 0x0000000085e00000| Untracked 
|  19|0x0000000085f00000, 0x0000000086000000, 0x0000000086000000|100%| O|  |TAMS 0x0000000086000000, 0x0000000085f00000| Untracked 
|  20|0x0000000086000000, 0x0000000086100000, 0x0000000086100000|100%| O|  |TAMS 0x0000000086100000, 0x0000000086000000| Untracked 
|  21|0x0000000086100000, 0x0000000086200000, 0x0000000086200000|100%| O|  |TAMS 0x0000000086200000, 0x0000000086100000| Untracked 
|  22|0x0000000086200000, 0x0000000086300000, 0x0000000086300000|100%| O|  |TAMS 0x0000000086300000, 0x0000000086200000| Untracked 
|  23|0x0000000086300000, 0x00000000863daa00, 0x0000000086400000| 85%| O|  |TAMS 0x0000000086300000, 0x0000000086300000| Untracked 
|  24|0x0000000086400000, 0x0000000086500000, 0x0000000086500000|100%| O|  |TAMS 0x0000000086500000, 0x0000000086400000| Untracked 
|  25|0x0000000086500000, 0x0000000086600000, 0x0000000086600000|100%| O|  |TAMS 0x00000000865da200, 0x0000000086500000| Untracked 
|  26|0x0000000086600000, 0x0000000086600000, 0x0000000086700000|  0%| F|  |TAMS 0x0000000086600000, 0x0000000086600000| Untracked 
|  27|0x0000000086700000, 0x0000000086700000, 0x0000000086800000|  0%| F|  |TAMS 0x0000000086700000, 0x0000000086700000| Untracked 
|  28|0x0000000086800000, 0x0000000086800000, 0x0000000086900000|  0%| F|  |TAMS 0x0000000086800000, 0x0000000086800000| Untracked 
|  29|0x0000000086900000, 0x0000000086900000, 0x0000000086a00000|  0%| F|  |TAMS 0x0000000086900000, 0x0000000086900000| Untracked 
|  30|0x0000000086a00000, 0x0000000086a00000, 0x0000000086b00000|  0%| F|  |TAMS 0x0000000086a00000, 0x0000000086a00000| Untracked 
|  31|0x0000000086b00000, 0x0000000086c00000, 0x0000000086c00000|100%| S|CS|TAMS 0x0000000086b00000, 0x0000000086b00000| Complete 
|  32|0x0000000086c00000, 0x0000000086d00000, 0x0000000086d00000|100%| S|CS|TAMS 0x0000000086c00000, 0x0000000086c00000| Complete 
|  33|0x0000000086d00000, 0x0000000086d00000, 0x0000000086e00000|  0%| F|  |TAMS 0x0000000086d00000, 0x0000000086d00000| Untracked 
|  34|0x0000000086e00000, 0x0000000086e00000, 0x0000000086f00000|  0%| F|  |TAMS 0x0000000086e00000, 0x0000000086e00000| Untracked 
|  35|0x0000000086f00000, 0x0000000086f00000, 0x0000000087000000|  0%| F|  |TAMS 0x0000000086f00000, 0x0000000086f00000| Untracked 
|  36|0x0000000087000000, 0x0000000087000000, 0x0000000087100000|  0%| F|  |TAMS 0x0000000087000000, 0x0000000087000000| Untracked 
|  37|0x0000000087100000, 0x0000000087100000, 0x0000000087200000|  0%| F|  |TAMS 0x0000000087100000, 0x0000000087100000| Untracked 
|  38|0x0000000087200000, 0x0000000087200000, 0x0000000087300000|  0%| F|  |TAMS 0x0000000087200000, 0x0000000087200000| Untracked 
|  39|0x0000000087300000, 0x0000000087300000, 0x0000000087400000|  0%| F|  |TAMS 0x0000000087300000, 0x0000000087300000| Untracked 
|  40|0x0000000087400000, 0x0000000087400000, 0x0000000087500000|  0%| F|  |TAMS 0x0000000087400000, 0x0000000087400000| Untracked 
|  41|0x0000000087500000, 0x00000000875561f0, 0x0000000087600000| 33%| E|  |TAMS 0x0000000087500000, 0x0000000087500000| Complete 
|  42|0x0000000087600000, 0x0000000087700000, 0x0000000087700000|100%| E|CS|TAMS 0x0000000087600000, 0x0000000087600000| Complete 
|  43|0x0000000087700000, 0x0000000087800000, 0x0000000087800000|100%| E|CS|TAMS 0x0000000087700000, 0x0000000087700000| Complete 
| 108|0x000000008b800000, 0x000000008b900000, 0x000000008b900000|100%| E|CS|TAMS 0x000000008b800000, 0x000000008b800000| Complete 
| 109|0x000000008b900000, 0x000000008ba00000, 0x000000008ba00000|100%| E|CS|TAMS 0x000000008b900000, 0x000000008b900000| Complete 
| 110|0x000000008ba00000, 0x000000008bb00000, 0x000000008bb00000|100%| E|CS|TAMS 0x000000008ba00000, 0x000000008ba00000| Complete 
| 111|0x000000008bb00000, 0x000000008bc00000, 0x000000008bc00000|100%| E|CS|TAMS 0x000000008bb00000, 0x000000008bb00000| Complete 
| 123|0x000000008c700000, 0x000000008c800000, 0x000000008c800000|100%| E|CS|TAMS 0x000000008c700000, 0x000000008c700000| Complete 

Card table byte_map: [0x000001fdd5930000,0x000001fdd5d10000] _byte_map_base: 0x000001fdd550a000

Marking Bits (Prev, Next): (CMBitMap*) 0x000001fdcd2a5650, (CMBitMap*) 0x000001fdcd2a5610
 Prev Bits: [0x000001fdd7fc0000, 0x000001fdd9e90000)
 Next Bits: [0x000001fdd60f0000, 0x000001fdd7fc0000)

Polling page: 0x000001fdcd0a0000

Metaspace:

Usage:
  Non-class:     49.30 MB used.
      Class:      7.65 MB used.
       Both:     56.94 MB used.

Virtual space:
  Non-class space:       56.00 MB reserved,      49.50 MB ( 88%) committed,  7 nodes.
      Class space:        1.00 GB reserved,       7.88 MB ( <1%) committed,  1 nodes.
             Both:        1.05 GB reserved,      57.38 MB (  5%) committed. 

Chunk freelists:
   Non-Class:  2.48 MB
       Class:  3.97 MB
        Both:  6.45 MB

MaxMetaspaceSize: unlimited
CompressedClassSpaceSize: 1.00 GB
Initial GC threshold: 21.00 MB
Current GC threshold: 93.56 MB
CDS: off
MetaspaceReclaimPolicy: balanced
 - commit_granule_bytes: 65536.
 - commit_granule_words: 8192.
 - virtual_space_node_default_size: 1048576.
 - enlarge_chunks_in_place: 1.
 - new_chunks_are_fully_committed: 0.
 - uncommit_free_chunks: 1.
 - use_allocation_guard: 0.
 - handle_deallocations: 1.


Internal statistics:

num_allocs_failed_limit: 8.
num_arena_births: 652.
num_arena_deaths: 0.
num_vsnodes_births: 8.
num_vsnodes_deaths: 0.
num_space_committed: 918.
num_space_uncommitted: 0.
num_chunks_returned_to_freelist: 8.
num_chunks_taken_from_freelist: 2349.
num_chunk_merges: 8.
num_chunk_splits: 1657.
num_chunks_enlarged: 1260.
num_purges: 0.
num_inconsistent_stats: 0.

CodeCache: size=49152Kb used=9852Kb max_used=9852Kb free=39299Kb
 bounds [0x000001fdd2110000, 0x000001fdd2ab0000, 0x000001fdd5110000]
 total_blobs=5367 nmethods=4775 adapters=517
 compilation: enabled
              stopped_count=0, restarted_count=0
 full_count=0

Compilation events (20 events):
Event: 18.057 Thread 0x000001fddf03dd20 4765       1       sun.util.locale.LocaleUtils::caseIgnoreMatch (73 bytes)
Event: 18.057 Thread 0x000001fddd038e80 4766       1       sun.util.locale.BaseLocale$Key::equals (109 bytes)
Event: 18.058 Thread 0x000001fddd038e80 nmethod 4766 0x000001fdd2aab510 code [0x000001fdd2aab700, 0x000001fdd2aabb58]
Event: 18.058 Thread 0x000001fddf03dd20 nmethod 4765 0x000001fdd2aabd90 code [0x000001fdd2aabf80, 0x000001fdd2aac4f8]
Event: 18.082 Thread 0x000001fddf03dd20 4767       1       com.mysql.cj.conf.BooleanPropertyDefinition::createRuntimeProperty (9 bytes)
Event: 18.082 Thread 0x000001fddf03dd20 nmethod 4767 0x000001fdd2aac990 code [0x000001fdd2aacb20, 0x000001fdd2aacc68]
Event: 18.082 Thread 0x000001fddd038e80 4768       1       com.mysql.cj.conf.BooleanProperty::<init> (6 bytes)
Event: 18.082 Thread 0x000001fddd038e80 nmethod 4768 0x000001fdd2aacd10 code [0x000001fdd2aacec0, 0x000001fdd2aad118]
Event: 18.082 Thread 0x000001fddd038e80 4769       1       org.hibernate.type.descriptor.java.AbstractClassJavaType::getJavaType (5 bytes)
Event: 18.082 Thread 0x000001fddd038e80 nmethod 4769 0x000001fdd2aad210 code [0x000001fdd2aad3a0, 0x000001fdd2aad478]
Event: 18.084 Thread 0x000001fddf03dd20 4770       1       org.jboss.logging.Slf4jLocationAwareLogger::isEnabled (114 bytes)
Event: 18.084 Thread 0x000001fddf03dd20 nmethod 4770 0x000001fdd2aad510 code [0x000001fdd2aad740, 0x000001fdd2aadbd8]
Event: 18.085 Thread 0x000001fddf03dd20 4771       1       com.mysql.cj.conf.DefaultPropertySet::getBooleanProperty (6 bytes)
Event: 18.086 Thread 0x000001fddf03dd20 nmethod 4771 0x000001fdd2aadf10 code [0x000001fdd2aae0a0, 0x000001fdd2aae188]
Event: 18.086 Thread 0x000001fddf03dd20 4772       1       sun.nio.ch.Util$BufferCache::next (8 bytes)
Event: 18.086 Thread 0x000001fddf03dd20 nmethod 4772 0x000001fdd2aae210 code [0x000001fdd2aae3a0, 0x000001fdd2aae498]
Event: 18.137 Thread 0x000001fddda7f510 4773       1       com.mysql.cj.conf.StringPropertyDefinition::createRuntimeProperty (9 bytes)
Event: 18.138 Thread 0x000001fddda7f510 nmethod 4773 0x000001fdd2aae510 code [0x000001fdd2aae6a0, 0x000001fdd2aae7e8]
Event: 18.138 Thread 0x000001fddd038e80 4774       1       com.mysql.cj.conf.StringProperty::<init> (6 bytes)
Event: 18.138 Thread 0x000001fddd038e80 nmethod 4774 0x000001fdd2aae890 code [0x000001fdd2aaea40, 0x000001fdd2aaec98]

GC Heap History (20 events):
Event: 10.426 GC heap before
{Heap before GC invocations=10 (full 0):
 garbage-first heap   total 48128K, used 35648K [0x0000000084c00000, 0x0000000100000000)
  region size 1024K, 20 young (20480K), 3 survivors (3072K)
 Metaspace       used 34642K, committed 34944K, reserved 1081344K
  class space    used 4338K, committed 4480K, reserved 1048576K
}
Event: 10.433 GC heap after
{Heap after GC invocations=11 (full 0):
 garbage-first heap   total 48128K, used 19761K [0x0000000084c00000, 0x0000000100000000)
  region size 1024K, 3 young (3072K), 3 survivors (3072K)
 Metaspace       used 34642K, committed 34944K, reserved 1081344K
  class space    used 4338K, committed 4480K, reserved 1048576K
}
Event: 11.370 GC heap before
{Heap before GC invocations=11 (full 0):
 garbage-first heap   total 48128K, used 28977K [0x0000000084c00000, 0x0000000100000000)
  region size 1024K, 13 young (13312K), 3 survivors (3072K)
 Metaspace       used 35844K, committed 36096K, reserved 1081344K
  class space    used 4511K, committed 4608K, reserved 1048576K
}
Event: 11.377 GC heap after
{Heap after GC invocations=12 (full 0):
 garbage-first heap   total 48128K, used 20129K [0x0000000084c00000, 0x0000000100000000)
  region size 1024K, 2 young (2048K), 2 survivors (2048K)
 Metaspace       used 35844K, committed 36096K, reserved 1081344K
  class space    used 4511K, committed 4608K, reserved 1048576K
}
Event: 12.183 GC heap before
{Heap before GC invocations=13 (full 0):
 garbage-first heap   total 48128K, used 37537K [0x0000000084c00000, 0x0000000100000000)
  region size 1024K, 19 young (19456K), 2 survivors (2048K)
 Metaspace       used 37884K, committed 38208K, reserved 1089536K
  class space    used 4943K, committed 5120K, reserved 1048576K
}
Event: 12.188 GC heap after
{Heap after GC invocations=14 (full 0):
 garbage-first heap   total 48128K, used 21242K [0x0000000084c00000, 0x0000000100000000)
  region size 1024K, 2 young (2048K), 2 survivors (2048K)
 Metaspace       used 37884K, committed 38208K, reserved 1089536K
  class space    used 4943K, committed 5120K, reserved 1048576K
}
Event: 12.902 GC heap before
{Heap before GC invocations=14 (full 0):
 garbage-first heap   total 48128K, used 37626K [0x0000000084c00000, 0x0000000100000000)
  region size 1024K, 18 young (18432K), 2 survivors (2048K)
 Metaspace       used 40144K, committed 40576K, reserved 1089536K
  class space    used 5300K, committed 5504K, reserved 1048576K
}
Event: 12.910 GC heap after
{Heap after GC invocations=15 (full 0):
 garbage-first heap   total 48128K, used 22584K [0x0000000084c00000, 0x0000000100000000)
  region size 1024K, 3 young (3072K), 3 survivors (3072K)
 Metaspace       used 40144K, committed 40576K, reserved 1089536K
  class space    used 5300K, committed 5504K, reserved 1048576K
}
Event: 13.513 GC heap before
{Heap before GC invocations=15 (full 0):
 garbage-first heap   total 48128K, used 36920K [0x0000000084c00000, 0x0000000100000000)
  region size 1024K, 17 young (17408K), 3 survivors (3072K)
 Metaspace       used 41839K, committed 42240K, reserved 1089536K
  class space    used 5596K, committed 5760K, reserved 1048576K
}
Event: 13.521 GC heap after
{Heap after GC invocations=16 (full 0):
 garbage-first heap   total 48128K, used 24044K [0x0000000084c00000, 0x0000000100000000)
  region size 1024K, 3 young (3072K), 3 survivors (3072K)
 Metaspace       used 41839K, committed 42240K, reserved 1089536K
  class space    used 5596K, committed 5760K, reserved 1048576K
}
Event: 14.303 GC heap before
{Heap before GC invocations=16 (full 0):
 garbage-first heap   total 48128K, used 34284K [0x0000000084c00000, 0x0000000100000000)
  region size 1024K, 14 young (14336K), 3 survivors (3072K)
 Metaspace       used 43561K, committed 44032K, reserved 1089536K
  class space    used 5780K, committed 6016K, reserved 1048576K
}
Event: 14.310 GC heap after
{Heap after GC invocations=17 (full 0):
 garbage-first heap   total 48128K, used 25780K [0x0000000084c00000, 0x0000000100000000)
  region size 1024K, 3 young (3072K), 3 survivors (3072K)
 Metaspace       used 43561K, committed 44032K, reserved 1089536K
  class space    used 5780K, committed 6016K, reserved 1048576K
}
Event: 15.671 GC heap before
{Heap before GC invocations=18 (full 0):
 garbage-first heap   total 50176K, used 39092K [0x0000000084c00000, 0x0000000100000000)
  region size 1024K, 15 young (15360K), 3 survivors (3072K)
 Metaspace       used 44432K, committed 44864K, reserved 1089536K
  class space    used 5918K, committed 6144K, reserved 1048576K
}
Event: 15.674 GC heap after
{Heap after GC invocations=19 (full 0):
 garbage-first heap   total 50176K, used 25796K [0x0000000084c00000, 0x0000000100000000)
  region size 1024K, 1 young (1024K), 1 survivors (1024K)
 Metaspace       used 44432K, committed 44864K, reserved 1089536K
  class space    used 5918K, committed 6144K, reserved 1048576K
}
Event: 16.213 GC heap before
{Heap before GC invocations=19 (full 0):
 garbage-first heap   total 50176K, used 40132K [0x0000000084c00000, 0x0000000100000000)
  region size 1024K, 15 young (15360K), 1 survivors (1024K)
 Metaspace       used 47214K, committed 47680K, reserved 1097728K
  class space    used 6305K, committed 6528K, reserved 1048576K
}
Event: 16.216 GC heap after
{Heap after GC invocations=20 (full 0):
 garbage-first heap   total 50176K, used 26203K [0x0000000084c00000, 0x0000000100000000)
  region size 1024K, 2 young (2048K), 2 survivors (2048K)
 Metaspace       used 47214K, committed 47680K, reserved 1097728K
  class space    used 6305K, committed 6528K, reserved 1048576K
}
Event: 16.750 GC heap before
{Heap before GC invocations=21 (full 0):
 garbage-first heap   total 50176K, used 39515K [0x0000000084c00000, 0x0000000100000000)
  region size 1024K, 15 young (15360K), 2 survivors (2048K)
 Metaspace       used 50029K, committed 50496K, reserved 1097728K
  class space    used 6798K, committed 7040K, reserved 1048576K
}
Event: 16.753 GC heap after
{Heap after GC invocations=22 (full 0):
 garbage-first heap   total 50176K, used 26881K [0x0000000084c00000, 0x0000000100000000)
  region size 1024K, 2 young (2048K), 2 survivors (2048K)
 Metaspace       used 50029K, committed 50496K, reserved 1097728K
  class space    used 6798K, committed 7040K, reserved 1048576K
}
Event: 17.754 GC heap before
{Heap before GC invocations=22 (full 0):
 garbage-first heap   total 50176K, used 41217K [0x0000000084c00000, 0x0000000100000000)
  region size 1024K, 16 young (16384K), 2 survivors (2048K)
 Metaspace       used 56689K, committed 57152K, reserved 1105920K
  class space    used 7590K, committed 7808K, reserved 1048576K
}
Event: 17.759 GC heap after
{Heap after GC invocations=23 (full 0):
 garbage-first heap   total 50176K, used 28522K [0x0000000084c00000, 0x0000000100000000)
  region size 1024K, 2 young (2048K), 2 survivors (2048K)
 Metaspace       used 56689K, committed 57152K, reserved 1105920K
  class space    used 7590K, committed 7808K, reserved 1048576K
}

Dll operation events (9 events):
Event: 0.148 Loaded shared library C:\Users\Sangita\Downloads\spring-tool-suite-4-4.18.0.RELEASE-e4.27.0-win32.win32.x86_64.self-extracting\sts-4.18.0.RELEASE\plugins\org.eclipse.justj.openjdk.hotspot.jre.full.win32.x86_64_17.0.6.v20230204-1729\jre\bin\java.dll
Event: 1.066 Loaded shared library C:\Users\Sangita\Downloads\spring-tool-suite-4-4.18.0.RELEASE-e4.27.0-win32.win32.x86_64.self-extracting\sts-4.18.0.RELEASE\plugins\org.eclipse.justj.openjdk.hotspot.jre.full.win32.x86_64_17.0.6.v20230204-1729\jre\bin\jimage.dll
Event: 1.101 Loaded shared library C:\Users\Sangita\Downloads\spring-tool-suite-4-4.18.0.RELEASE-e4.27.0-win32.win32.x86_64.self-extracting\sts-4.18.0.RELEASE\plugins\org.eclipse.justj.openjdk.hotspot.jre.full.win32.x86_64_17.0.6.v20230204-1729\jre\bin\net.dll
Event: 1.104 Loaded shared library C:\Users\Sangita\Downloads\spring-tool-suite-4-4.18.0.RELEASE-e4.27.0-win32.win32.x86_64.self-extracting\sts-4.18.0.RELEASE\plugins\org.eclipse.justj.openjdk.hotspot.jre.full.win32.x86_64_17.0.6.v20230204-1729\jre\bin\nio.dll
Event: 1.111 Loaded shared library C:\Users\Sangita\Downloads\spring-tool-suite-4-4.18.0.RELEASE-e4.27.0-win32.win32.x86_64.self-extracting\sts-4.18.0.RELEASE\plugins\org.eclipse.justj.openjdk.hotspot.jre.full.win32.x86_64_17.0.6.v20230204-1729\jre\bin\zip.dll
Event: 1.419 Loaded shared library C:\Users\Sangita\Downloads\spring-tool-suite-4-4.18.0.RELEASE-e4.27.0-win32.win32.x86_64.self-extracting\sts-4.18.0.RELEASE\plugins\org.eclipse.justj.openjdk.hotspot.jre.full.win32.x86_64_17.0.6.v20230204-1729\jre\bin\management.dll
Event: 1.484 Loaded shared library C:\Users\Sangita\Downloads\spring-tool-suite-4-4.18.0.RELEASE-e4.27.0-win32.win32.x86_64.self-extracting\sts-4.18.0.RELEASE\plugins\org.eclipse.justj.openjdk.hotspot.jre.full.win32.x86_64_17.0.6.v20230204-1729\jre\bin\management_ext.
Event: 9.098 Loaded shared library C:\Users\Sangita\Downloads\spring-tool-suite-4-4.18.0.RELEASE-e4.27.0-win32.win32.x86_64.self-extracting\sts-4.18.0.RELEASE\plugins\org.eclipse.justj.openjdk.hotspot.jre.full.win32.x86_64_17.0.6.v20230204-1729\jre\bin\sunmscapi.dll
Event: 16.376 Loaded shared library C:\Users\Sangita\Downloads\spring-tool-suite-4-4.18.0.RELEASE-e4.27.0-win32.win32.x86_64.self-extracting\sts-4.18.0.RELEASE\plugins\org.eclipse.justj.openjdk.hotspot.jre.full.win32.x86_64_17.0.6.v20230204-1729\jre\bin\verify.dll

Deoptimization events (6 events):
Event: 8.129 Thread 0x000001fdcd24a6b0 DEOPT PACKING pc=0x000001fdd25e4d99 sp=0x0000006a51bfd2a0
Event: 8.129 Thread 0x000001fdcd24a6b0 DEOPT UNPACKING pc=0x000001fdd216ace3 sp=0x0000006a51bfc780 mode 3
Event: 8.433 Thread 0x000001fdcd24a6b0 DEOPT PACKING pc=0x000001fdd26277d5 sp=0x0000006a51bfd8b0
Event: 8.433 Thread 0x000001fdcd24a6b0 DEOPT UNPACKING pc=0x000001fdd216ace3 sp=0x0000006a51bfcd58 mode 3
Event: 13.936 Thread 0x000001fdcd24a6b0 DEOPT PACKING pc=0x000001fdd29a92fd sp=0x0000006a51bfe910
Event: 13.936 Thread 0x000001fdcd24a6b0 DEOPT UNPACKING pc=0x000001fdd216ace3 sp=0x0000006a51bfde78 mode 3

Classes unloaded (0 events):
No events

Classes redefined (0 events):
No events

Internal exceptions (20 events):
Event: 12.848 Thread 0x000001fdcd24a6b0 Exception <a 'java/lang/IncompatibleClassChangeError'{0x0000000086cda948}: Found class java.lang.Object, but interface was expected> (0x0000000086cda948) 
thrown [s\src\hotspot\share\interpreter\linkResolver.cpp, line 826]
Event: 13.117 Thread 0x000001fdcd24a6b0 Exception <a 'java/lang/IncompatibleClassChangeError'{0x0000000087585fe0}: Found class java.lang.Object, but interface was expected> (0x0000000087585fe0) 
thrown [s\src\hotspot\share\interpreter\linkResolver.cpp, line 826]
Event: 13.389 Thread 0x000001fdcd24a6b0 Exception <a 'java/lang/NoSuchMethodError'{0x00000000871b7fd0}: 'void java.lang.invoke.DirectMethodHandle$Holder.invokeSpecial(java.lang.Object, java.lang.Object, java.lang.Object, java.lang.Object, java.lang.Object, java.lang.Object, java.lang.Object)'> (0x00000000871b7fd0) 
thrown [s\src\hotspot\share\interpreter\linkResolver.cpp, line 759]
Event: 13.424 Thread 0x000001fdcd24a6b0 Exception <a 'java/lang/NoSuchMethodError'{0x00000000870a60b8}: 'void java.lang.invoke.DirectMethodHandle$Holder.invokeInterface(java.lang.Object, java.lang.Object, int)'> (0x00000000870a60b8) 
thrown [s\src\hotspot\share\interpreter\linkResolver.cpp, line 759]
Event: 13.429 Thread 0x000001fdcd24a6b0 Exception <a 'java/lang/IncompatibleClassChangeError'{0x00000000870f5c70}: Found class java.lang.Object, but interface was expected> (0x00000000870f5c70) 
thrown [s\src\hotspot\share\interpreter\linkResolver.cpp, line 826]
Event: 13.431 Thread 0x000001fdcd24a6b0 Exception <a 'java/lang/NoSuchMethodError'{0x0000000086f0e780}: 'void java.lang.invoke.DirectMethodHandle$Holder.invokeStatic(java.lang.Object, int, java.lang.Object)'> (0x0000000086f0e780) 
thrown [s\src\hotspot\share\interpreter\linkResolver.cpp, line 759]
Event: 13.437 Thread 0x000001fdcd24a6b0 Exception <a 'java/lang/NoSuchMethodError'{0x0000000086f4bc28}: 'void java.lang.invoke.DirectMethodHandle$Holder.invokeVirtual(java.lang.Object, java.lang.Object, int)'> (0x0000000086f4bc28) 
thrown [s\src\hotspot\share\interpreter\linkResolver.cpp, line 759]
Event: 13.438 Thread 0x000001fdcd24a6b0 Exception <a 'java/lang/NoSuchMethodError'{0x0000000086f51e70}: 'void java.lang.invoke.DirectMethodHandle$Holder.invokeStatic(java.lang.Object, java.lang.Object, java.lang.Object, int, java.lang.Object)'> (0x0000000086f51e70) 
thrown [s\src\hotspot\share\interpreter\linkResolver.cpp, line 759]
Event: 13.439 Thread 0x000001fdcd24a6b0 Exception <a 'java/lang/NoSuchMethodError'{0x0000000086f59378}: 'java.lang.Object java.lang.invoke.DirectMethodHandle$Holder.newInvokeSpecial(java.lang.Object, java.lang.Object, java.lang.Object, int)'> (0x0000000086f59378) 
thrown [s\src\hotspot\share\interpreter\linkResolver.cpp, line 759]
Event: 13.439 Thread 0x000001fdcd24a6b0 Exception <a 'java/lang/NoSuchMethodError'{0x0000000086f5d660}: 'java.lang.Object java.lang.invoke.DirectMethodHandle$Holder.invokeSpecial(java.lang.Object, java.lang.Object, java.lang.Object, java.lang.Object, int)'> (0x0000000086f5d660) 
thrown [s\src\hotspot\share\interpreter\linkResolver.cpp, line 759]
Event: 13.439 Thread 0x000001fdcd24a6b0 Exception <a 'java/lang/NoSuchMethodError'{0x0000000086f61228}: 'java.lang.Object java.lang.invoke.Invokers$Holder.linkToTargetMethod(java.lang.Object, java.lang.Object, int, java.lang.Object)'> (0x0000000086f61228) 
thrown [s\src\hotspot\share\interpreter\linkResolver.cpp, line 759]
Event: 14.231 Thread 0x000001fdcd24a6b0 Exception <a 'java/lang/NoSuchMethodError'{0x000000008727e358}: 'java.lang.Object java.lang.invoke.DirectMethodHandle$Holder.invokeSpecial(java.lang.Object, java.lang.Object, long, java.lang.Object, java.lang.Object, java.lang.Object, java.lang.Object, java.lang.Object, java.lang.Object)'> (0x000000008727e358) 
thrown [s\src\hotspot\share\interpreter\linkResolver.cpp, line 759]
Event: 14.231 Thread 0x000001fdcd24a6b0 Exception <a 'java/lang/NoSuchMethodError'{0x0000000087282e80}: 'java.lang.Object java.lang.invoke.DelegatingMethodHandle$Holder.reinvoke_L(java.lang.Object, long, java.lang.Object, java.lang.Object, java.lang.Object, java.lang.Object, java.lang.Object, java.lang.Object)'> (0x0000000087282e80) 
thrown [s\src\hotspot\share\interpreter\linkResolver.cpp, line 759]
Event: 14.297 Thread 0x000001fdcd24a6b0 Exception <a 'java/io/FileNotFoundException'{0x000000008700efc8}> (0x000000008700efc8) 
thrown [s\src\hotspot\share\prims\jni.cpp, line 516]
Event: 14.393 Thread 0x000001fdcd24a6b0 Exception <a 'java/lang/NoSuchMethodError'{0x000000008ba651a0}: 'int java.lang.invoke.DirectMethodHandle$Holder.invokeInterface(java.lang.Object, java.lang.Object, java.lang.Object, java.lang.Object)'> (0x000000008ba651a0) 
thrown [s\src\hotspot\share\interpreter\linkResolver.cpp, line 759]
Event: 14.509 Thread 0x000001fdcd24a6b0 Exception <a 'java/lang/NoSuchMethodError'{0x00000000877f5c30}: 'long java.lang.invoke.DirectMethodHandle$Holder.invokeVirtual(java.lang.Object, java.lang.Object)'> (0x00000000877f5c30) 
thrown [s\src\hotspot\share\interpreter\linkResolver.cpp, line 759]
Event: 15.757 Thread 0x000001fdcd24a6b0 Exception <a 'sun/nio/fs/WindowsException'{0x000000008ba86688}> (0x000000008ba86688) 
thrown [s\src\hotspot\share\prims\jni.cpp, line 516]
Event: 17.262 Thread 0x000001fdcd24a6b0 Exception <a 'sun/nio/fs/WindowsException'{0x000000008721e9e8}> (0x000000008721e9e8) 
thrown [s\src\hotspot\share\prims\jni.cpp, line 516]
Event: 17.276 Thread 0x000001fdcd24a6b0 Exception <a 'java/lang/NoSuchMethodError'{0x00000000872412d0}: 'int java.lang.invoke.DirectMethodHandle$Holder.invokeStaticInit(java.lang.Object, java.lang.Object, java.lang.Object, java.lang.Object)'> (0x00000000872412d0) 
thrown [s\src\hotspot\share\interpreter\linkResolver.cpp, line 759]
Event: 18.013 Thread 0x000001fdcd24a6b0 Exception <a 'java/lang/NoSuchMethodError'{0x000000008b953870}: 'java.lang.Object java.lang.invoke.DirectMethodHandle$Holder.invokeStaticInit(java.lang.Object, java.lang.Object, java.lang.Object, java.lang.Object)'> (0x000000008b953870) 
thrown [s\src\hotspot\share\interpreter\linkResolver.cpp, line 759]

VM Operations (20 events):
Event: 16.213 Executing VM operation: G1CollectForAllocation
Event: 16.216 Executing VM operation: G1CollectForAllocation done
Event: 16.255 Executing VM operation: G1Concurrent
Event: 16.257 Executing VM operation: G1Concurrent done
Event: 16.274 Executing VM operation: G1Concurrent
Event: 16.274 Executing VM operation: G1Concurrent done
Event: 16.750 Executing VM operation: G1CollectForAllocation
Event: 16.755 Executing VM operation: G1CollectForAllocation done
Event: 17.264 Executing VM operation: HandshakeAllThreads
Event: 17.264 Executing VM operation: HandshakeAllThreads done
Event: 17.270 Executing VM operation: HandshakeAllThreads
Event: 17.270 Executing VM operation: HandshakeAllThreads done
Event: 17.601 Executing VM operation: HandshakeAllThreads
Event: 17.601 Executing VM operation: HandshakeAllThreads done
Event: 17.717 Executing VM operation: G1CollectForAllocation
Event: 17.763 Executing VM operation: G1CollectForAllocation done
Event: 17.799 Executing VM operation: G1Concurrent
Event: 17.801 Executing VM operation: G1Concurrent done
Event: 17.822 Executing VM operation: G1Concurrent
Event: 17.822 Executing VM operation: G1Concurrent done

Events (20 events):
Event: 17.764 loading class java/util/concurrent/ThreadPoolExecutor$CallerRunsPolicy done
Event: 17.766 loading class java/util/concurrent/atomic/AtomicReferenceFieldUpdater
Event: 17.767 loading class java/util/concurrent/atomic/AtomicReferenceFieldUpdater done
Event: 17.767 loading class java/util/concurrent/atomic/AtomicReferenceFieldUpdater$AtomicReferenceFieldUpdaterImpl
Event: 17.768 loading class java/util/concurrent/atomic/AtomicReferenceFieldUpdater$AtomicReferenceFieldUpdaterImpl done
Event: 17.768 loading class java/util/concurrent/atomic/AtomicReferenceFieldUpdater$AtomicReferenceFieldUpdaterImpl$1
Event: 17.768 loading class java/util/concurrent/atomic/AtomicReferenceFieldUpdater$AtomicReferenceFieldUpdaterImpl$1 done
Event: 17.768 loading class java/util/concurrent/locks/AbstractQueuedSynchronizer$ExclusiveNode
Event: 17.768 loading class java/util/concurrent/locks/AbstractQueuedSynchronizer$ExclusiveNode done
Event: 17.793 loading class java/util/TimerTask
Event: 17.794 loading class java/util/TimerTask done
Event: 17.963 loading class java/util/regex/Pattern$1MatcherIterator
Event: 17.964 loading class java/util/regex/Pattern$1MatcherIterator done
Event: 18.010 loading class java/io/CharArrayWriter
Event: 18.011 loading class java/io/CharArrayWriter done
Event: 18.012 loading class java/lang/StringIndexOutOfBoundsException
Event: 18.012 loading class java/lang/StringIndexOutOfBoundsException done
Event: 18.017 Thread 0x000001fddf79e090 Thread added: 0x000001fddf79e090
Event: 18.042 loading class jdk/internal/reflect/UnsafeQualifiedStaticIntegerFieldAccessorImpl
Event: 18.042 loading class jdk/internal/reflect/UnsafeQualifiedStaticIntegerFieldAccessorImpl done


Dynamic libraries:
0x00007ff69f330000 - 0x00007ff69f33e000 	C:\Users\Sangita\Downloads\spring-tool-suite-4-4.18.0.RELEASE-e4.27.0-win32.win32.x86_64.self-extracting\sts-4.18.0.RELEASE\plugins\org.eclipse.justj.openjdk.hotspot.jre.full.win32.x86_64_17.0.6.v20230204-1729\jre\bin\javaw.exe
0x00007ffda2fd0000 - 0x00007ffda31e7000 	C:\WINDOWS\SYSTEM32\ntdll.dll
0x00007ffda14a0000 - 0x00007ffda1564000 	C:\WINDOWS\System32\KERNEL32.DLL
0x00007ffda0470000 - 0x00007ffda0827000 	C:\WINDOWS\System32\KERNELBASE.dll
0x00007ffda08f0000 - 0x00007ffda0a01000 	C:\WINDOWS\System32\ucrtbase.dll
0x00007ffd6e540000 - 0x00007ffd6e557000 	C:\Users\Sangita\Downloads\spring-tool-suite-4-4.18.0.RELEASE-e4.27.0-win32.win32.x86_64.self-extracting\sts-4.18.0.RELEASE\plugins\org.eclipse.justj.openjdk.hotspot.jre.full.win32.x86_64_17.0.6.v20230204-1729\jre\bin\jli.dll
0x00007ffda0e80000 - 0x00007ffda102f000 	C:\WINDOWS\System32\USER32.dll
0x00007ffda0bb0000 - 0x00007ffda0bd6000 	C:\WINDOWS\System32\win32u.dll
0x00007ffda2f60000 - 0x00007ffda2f89000 	C:\WINDOWS\System32\GDI32.dll
0x00007ffda0350000 - 0x00007ffda0468000 	C:\WINDOWS\System32\gdi32full.dll
0x00007ffda0c60000 - 0x00007ffda0cfa000 	C:\WINDOWS\System32\msvcp_win.dll
0x00007ffd848b0000 - 0x00007ffd848c9000 	C:\Users\Sangita\Downloads\spring-tool-suite-4-4.18.0.RELEASE-e4.27.0-win32.win32.x86_64.self-extracting\sts-4.18.0.RELEASE\plugins\org.eclipse.justj.openjdk.hotspot.jre.full.win32.x86_64_17.0.6.v20230204-1729\jre\bin\VCRUNTIME140.dll
0x00007ffd7f1f0000 - 0x00007ffd7f483000 	C:\WINDOWS\WinSxS\amd64_microsoft.windows.common-controls_6595b64144ccf1df_6.0.22621.3672_none_2713b9d173822955\COMCTL32.dll
0x00007ffda1770000 - 0x00007ffda1817000 	C:\WINDOWS\System32\msvcrt.dll
0x00007ffda1150000 - 0x00007ffda1181000 	C:\WINDOWS\System32\IMM32.DLL
0x00007ffd99370000 - 0x00007ffd9937c000 	C:\Users\Sangita\Downloads\spring-tool-suite-4-4.18.0.RELEASE-e4.27.0-win32.win32.x86_64.self-extracting\sts-4.18.0.RELEASE\plugins\org.eclipse.justj.openjdk.hotspot.jre.full.win32.x86_64_17.0.6.v20230204-1729\jre\bin\vcruntime140_1.dll
0x00007ffd6c280000 - 0x00007ffd6c311000 	C:\Users\Sangita\Downloads\spring-tool-suite-4-4.18.0.RELEASE-e4.27.0-win32.win32.x86_64.self-extracting\sts-4.18.0.RELEASE\plugins\org.eclipse.justj.openjdk.hotspot.jre.full.win32.x86_64_17.0.6.v20230204-1729\jre\bin\msvcp140.dll
0x00007ffd2c700000 - 0x00007ffd2d347000 	C:\Users\Sangita\Downloads\spring-tool-suite-4-4.18.0.RELEASE-e4.27.0-win32.win32.x86_64.self-extracting\sts-4.18.0.RELEASE\plugins\org.eclipse.justj.openjdk.hotspot.jre.full.win32.x86_64_17.0.6.v20230204-1729\jre\bin\server\jvm.dll
0x00007ffda1240000 - 0x00007ffda12f2000 	C:\WINDOWS\System32\ADVAPI32.dll
0x00007ffda2100000 - 0x00007ffda21a8000 	C:\WINDOWS\System32\sechost.dll
0x00007ffda0a10000 - 0x00007ffda0a38000 	C:\WINDOWS\System32\bcrypt.dll
0x00007ffda1030000 - 0x00007ffda1144000 	C:\WINDOWS\System32\RPCRT4.dll
0x00007ffd796a0000 - 0x00007ffd796a9000 	C:\WINDOWS\SYSTEM32\WSOCK32.dll
0x00007ffda2ec0000 - 0x00007ffda2f31000 	C:\WINDOWS\System32\WS2_32.dll
0x00007ffd98560000 - 0x00007ffd98594000 	C:\WINDOWS\SYSTEM32\WINMM.dll
0x00007ffd9db70000 - 0x00007ffd9db7a000 	C:\WINDOWS\SYSTEM32\VERSION.dll
0x00007ffd9f2f0000 - 0x00007ffd9f308000 	C:\WINDOWS\SYSTEM32\kernel.appcore.dll
0x00007ffd73100000 - 0x00007ffd7310a000 	C:\Users\Sangita\Downloads\spring-tool-suite-4-4.18.0.RELEASE-e4.27.0-win32.win32.x86_64.self-extracting\sts-4.18.0.RELEASE\plugins\org.eclipse.justj.openjdk.hotspot.jre.full.win32.x86_64_17.0.6.v20230204-1729\jre\bin\jimage.dll
0x00007ffd9d8f0000 - 0x00007ffd9db22000 	C:\WINDOWS\SYSTEM32\DBGHELP.DLL
0x00007ffda21b0000 - 0x00007ffda253e000 	C:\WINDOWS\System32\combase.dll
0x00007ffda13c0000 - 0x00007ffda1497000 	C:\WINDOWS\System32\OLEAUT32.dll
0x00007ffd5c920000 - 0x00007ffd5c952000 	C:\WINDOWS\SYSTEM32\dbgcore.DLL
0x00007ffda0be0000 - 0x00007ffda0c5b000 	C:\WINDOWS\System32\bcryptPrimitives.dll
0x00007ffd4dbb0000 - 0x00007ffd4dbd5000 	C:\Users\Sangita\Downloads\spring-tool-suite-4-4.18.0.RELEASE-e4.27.0-win32.win32.x86_64.self-extracting\sts-4.18.0.RELEASE\plugins\org.eclipse.justj.openjdk.hotspot.jre.full.win32.x86_64_17.0.6.v20230204-1729\jre\bin\java.dll
0x00007ffd46fd0000 - 0x00007ffd46fe8000 	C:\Users\Sangita\Downloads\spring-tool-suite-4-4.18.0.RELEASE-e4.27.0-win32.win32.x86_64.self-extracting\sts-4.18.0.RELEASE\plugins\org.eclipse.justj.openjdk.hotspot.jre.full.win32.x86_64_17.0.6.v20230204-1729\jre\bin\zip.dll
0x00007ffda2650000 - 0x00007ffda2eb9000 	C:\WINDOWS\System32\SHELL32.dll
0x00007ffd9e1c0000 - 0x00007ffd9eabf000 	C:\WINDOWS\SYSTEM32\windows.storage.dll
0x00007ffd9e080000 - 0x00007ffd9e1bf000 	C:\WINDOWS\SYSTEM32\wintypes.dll
0x00007ffda2550000 - 0x00007ffda2649000 	C:\WINDOWS\System32\SHCORE.dll
0x00007ffda1360000 - 0x00007ffda13be000 	C:\WINDOWS\System32\shlwapi.dll
0x00007ffda0210000 - 0x00007ffda0237000 	C:\WINDOWS\SYSTEM32\profapi.dll
0x00007ffd452f0000 - 0x00007ffd45309000 	C:\Users\Sangita\Downloads\spring-tool-suite-4-4.18.0.RELEASE-e4.27.0-win32.win32.x86_64.self-extracting\sts-4.18.0.RELEASE\plugins\org.eclipse.justj.openjdk.hotspot.jre.full.win32.x86_64_17.0.6.v20230204-1729\jre\bin\net.dll
0x00007ffd98bc0000 - 0x00007ffd98cf6000 	C:\WINDOWS\SYSTEM32\WINHTTP.dll
0x00007ffd9f760000 - 0x00007ffd9f7c9000 	C:\WINDOWS\system32\mswsock.dll
0x00007ffd420b0000 - 0x00007ffd420c5000 	C:\Users\Sangita\Downloads\spring-tool-suite-4-4.18.0.RELEASE-e4.27.0-win32.win32.x86_64.self-extracting\sts-4.18.0.RELEASE\plugins\org.eclipse.justj.openjdk.hotspot.jre.full.win32.x86_64_17.0.6.v20230204-1729\jre\bin\nio.dll
0x00007ffd848a0000 - 0x00007ffd848a9000 	C:\Users\Sangita\Downloads\spring-tool-suite-4-4.18.0.RELEASE-e4.27.0-win32.win32.x86_64.self-extracting\sts-4.18.0.RELEASE\plugins\org.eclipse.justj.openjdk.hotspot.jre.full.win32.x86_64_17.0.6.v20230204-1729\jre\bin\management.dll
0x00007ffd84890000 - 0x00007ffd8489b000 	C:\Users\Sangita\Downloads\spring-tool-suite-4-4.18.0.RELEASE-e4.27.0-win32.win32.x86_64.self-extracting\sts-4.18.0.RELEASE\plugins\org.eclipse.justj.openjdk.hotspot.jre.full.win32.x86_64_17.0.6.v20230204-1729\jre\bin\management_ext.dll
0x00007ffda1760000 - 0x00007ffda1768000 	C:\WINDOWS\System32\PSAPI.DLL
0x00007ffd59df0000 - 0x00007ffd59e07000 	C:\WINDOWS\system32\napinsp.dll
0x00007ffd59dd0000 - 0x00007ffd59deb000 	C:\WINDOWS\system32\pnrpnsp.dll
0x00007ffd9ed50000 - 0x00007ffd9ee52000 	C:\WINDOWS\SYSTEM32\DNSAPI.dll
0x00007ffd9ed20000 - 0x00007ffd9ed4d000 	C:\WINDOWS\SYSTEM32\IPHLPAPI.DLL
0x00007ffda2540000 - 0x00007ffda2549000 	C:\WINDOWS\System32\NSI.dll
0x00007ffd59db0000 - 0x00007ffd59dc1000 	C:\WINDOWS\System32\winrnr.dll
0x00007ffd95fa0000 - 0x00007ffd95fb5000 	C:\WINDOWS\system32\wshbth.dll
0x00007ffd59d80000 - 0x00007ffd59da7000 	C:\WINDOWS\system32\nlansp_c.dll
0x00007ffd72710000 - 0x00007ffd7271a000 	C:\Windows\System32\rasadhlp.dll
0x00007ffd95b10000 - 0x00007ffd95b93000 	C:\WINDOWS\System32\fwpuclnt.dll
0x00007ffd9f980000 - 0x00007ffd9f99b000 	C:\WINDOWS\SYSTEM32\CRYPTSP.dll
0x00007ffd9f250000 - 0x00007ffd9f285000 	C:\WINDOWS\system32\rsaenh.dll
0x00007ffd9f820000 - 0x00007ffd9f848000 	C:\WINDOWS\SYSTEM32\USERENV.dll
0x00007ffd9f9a0000 - 0x00007ffd9f9ac000 	C:\WINDOWS\SYSTEM32\CRYPTBASE.dll
0x00007ffd98260000 - 0x00007ffd98279000 	C:\WINDOWS\SYSTEM32\dhcpcsvc6.DLL
0x00007ffd97fa0000 - 0x00007ffd97fbf000 	C:\WINDOWS\SYSTEM32\dhcpcsvc.DLL
0x00007ffd98780000 - 0x00007ffd9878e000 	C:\Users\Sangita\Downloads\spring-tool-suite-4-4.18.0.RELEASE-e4.27.0-win32.win32.x86_64.self-extracting\sts-4.18.0.RELEASE\plugins\org.eclipse.justj.openjdk.hotspot.jre.full.win32.x86_64_17.0.6.v20230204-1729\jre\bin\sunmscapi.dll
0x00007ffda0a40000 - 0x00007ffda0ba6000 	C:\WINDOWS\System32\CRYPT32.dll
0x00007ffd9fbb0000 - 0x00007ffd9fbdd000 	C:\WINDOWS\SYSTEM32\ncrypt.dll
0x00007ffd9fb70000 - 0x00007ffd9fba7000 	C:\WINDOWS\SYSTEM32\NTASN1.dll
0x00007ffd6fbf0000 - 0x00007ffd6fc00000 	C:\Users\Sangita\Downloads\spring-tool-suite-4-4.18.0.RELEASE-e4.27.0-win32.win32.x86_64.self-extracting\sts-4.18.0.RELEASE\plugins\org.eclipse.justj.openjdk.hotspot.jre.full.win32.x86_64_17.0.6.v20230204-1729\jre\bin\verify.dll

dbghelp: loaded successfully - version: 4.0.5 - missing functions: none
symbol engine: initialized successfully - sym options: 0x614 - pdb path: .;C:\Users\Sangita\Downloads\spring-tool-suite-4-4.18.0.RELEASE-e4.27.0-win32.win32.x86_64.self-extracting\sts-4.18.0.RELEASE\plugins\org.eclipse.justj.openjdk.hotspot.jre.full.win32.x86_64_17.0.6.v20230204-1729\jre\bin;C:\WINDOWS\SYSTEM32;C:\WINDOWS\WinSxS\amd64_microsoft.windows.common-controls_6595b64144ccf1df_6.0.22621.3672_none_2713b9d173822955;C:\Users\Sangita\Downloads\spring-tool-suite-4-4.18.0.RELEASE-e4.27.0-win32.win32.x86_64.self-extracting\sts-4.18.0.RELEASE\plugins\org.eclipse.justj.openjdk.hotspot.jre.full.win32.x86_64_17.0.6.v20230204-1729\jre\bin\server

VM Arguments:
jvm_args: -Dcom.sun.management.jmxremote -Dcom.sun.management.jmxremote.port=62583 -Dcom.sun.management.jmxremote.authenticate=false -Dcom.sun.management.jmxremote.ssl=false -Djava.rmi.server.hostname=localhost -Dspring.jmx.enabled=true -Dmanagement.endpoints.jmx.exposure.include=* -Dspring.application.admin.enabled=true -XX:TieredStopAtLevel=1 -Dspring.boot.project.name=course_service -Dfile.encoding=UTF-8 -XX:+ShowCodeDetailsInExceptionMessages 
java_command: com.course.CoursesApplication --spring.output.ansi.enabled=always
java_class_path (initial): C:\Users\Sangita\Institute Management System\course_service\target\classes;C:\Users\Sangita\.m2\repository\org\springframework\cloud\spring-cloud-starter-netflix-eureka-client\3.0.2\spring-cloud-starter-netflix-eureka-client-3.0.2.jar;C:\Users\Sangita\.m2\repository\org\springframework\cloud\spring-cloud-starter\4.1.0\spring-cloud-starter-4.1.0.jar;C:\Users\Sangita\.m2\repository\org\springframework\cloud\spring-cloud-context\4.1.0\spring-cloud-context-4.1.0.jar;C:\Users\Sangita\.m2\repository\org\springframework\security\spring-security-crypto\6.2.1\spring-security-crypto-6.2.1.jar;C:\Users\Sangita\.m2\repository\org\springframework\cloud\spring-cloud-commons\4.1.0\spring-cloud-commons-4.1.0.jar;C:\Users\Sangita\.m2\repository\org\springframework\security\spring-security-rsa\1.1.1\spring-security-rsa-1.1.1.jar;C:\Users\Sangita\.m2\repository\org\bouncycastle\bcprov-jdk18on\1.74\bcprov-jdk18on-1.74.jar;C:\Users\Sangita\.m2\repository\org\springframework\cloud\spring-cloud-netflix-eureka-client\4.1.0\spring-cloud-netflix-eureka-client-4.1.0.jar;C:\Users\Sangita\.m2\repository\org\apache\httpcomponents\client5\httpclient5\5.2.3\httpclient5-5.2.3.jar;C:\Users\Sangita\.m2\repository\org\apache\httpcomponents\core5\httpcore5\5.2.4\httpcore5-5.2.4.jar;C:\Users\Sangita\.m2\repository\org\apache\httpcomponents\core5\httpcore5-h2\5.2.4\httpcore5-h2-5.2.4.jar;C:\Users\Sangita\.m2\repository\com\netflix\eureka\eureka-client\2.0.1\eureka-client-2.0.1.jar;C:\Users\Sangita\.m2\repository\com\netflix\netflix-commons\netflix-eventbus\0.3.0\netflix-eventbus-0.3.0.jar;C:\Users\Sangita\.m2\repository\com\netflix\netflix-commons\netflix-infix\0.3.0\netflix-infix-0.3.0.jar;C:\Users\Sangita\.m2\repository\commons-jxpath\commons-jxpath\1.3\commons-jxpath-1.3.jar;C:\Users\Sangita\.m2\repository\joda-time\joda-time\2.3\joda-time-2.3.jar;C:\Users\Sangita\.m2\repository\org\antlr\antlr-runtime\3.4\antlr-runtime-3.4.jar;C:\Users\Sangita\.m2\repository\org\antlr\str
Launcher Type: SUN_STANDARD

[Global flags]
     intx CICompilerCount                          = 3                                         {product} {ergonomic}
     uint ConcGCThreads                            = 1                                         {product} {ergonomic}
     uint G1ConcRefinementThreads                  = 4                                         {product} {ergonomic}
   size_t G1HeapRegionSize                         = 1048576                                   {product} {ergonomic}
    uintx GCDrainStackTargetSize                   = 64                                        {product} {ergonomic}
   size_t InitialHeapSize                          = 130023424                                 {product} {ergonomic}
     bool ManagementServer                         = true                                      {product} {command line}
   size_t MarkStackSize                            = 4194304                                   {product} {ergonomic}
   size_t MaxHeapSize                              = 2067791872                                {product} {ergonomic}
   size_t MaxNewSize                               = 1240465408                                {product} {ergonomic}
   size_t MinHeapDeltaBytes                        = 1048576                                   {product} {ergonomic}
   size_t MinHeapSize                              = 8388608                                   {product} {ergonomic}
    uintx NonProfiledCodeHeapSize                  = 0                                      {pd product} {ergonomic}
     bool ProfileInterpreter                       = false                                  {pd product} {command line}
    uintx ProfiledCodeHeapSize                     = 0                                      {pd product} {ergonomic}
     bool ShowCodeDetailsInExceptionMessages       = true                                   {manageable} {command line}
   size_t SoftMaxHeapSize                          = 2067791872                             {manageable} {ergonomic}
     intx TieredStopAtLevel                        = 1                                         {product} {command line}
     bool UseCompressedClassPointers               = true                           {product lp64_product} {ergonomic}
     bool UseCompressedOops                        = true                           {product lp64_product} {ergonomic}
     bool UseG1GC                                  = true                                      {product} {ergonomic}
     bool UseLargePagesIndividualAllocation        = false                                  {pd product} {ergonomic}

Logging:
Log output configuration:
 #0: stdout all=warning uptime,level,tags
 #1: stderr all=off uptime,level,tags

Environment Variables:
JAVA_HOME=C:\Program Files\Java\jdk-17.0.1
CLASSPATH=C:\mysql-connector-java-8.0.27.jar;
PATH=C:/Users/Sangita/Downloads/spring-tool-suite-4-4.18.0.RELEASE-e4.27.0-win32.win32.x86_64.self-extracting/sts-4.18.0.RELEASE//plugins/org.eclipse.justj.openjdk.hotspot.jre.full.win32.x86_64_17.0.6.v20230204-1729/jre/bin/server;C:/Users/Sangita/Downloads/spring-tool-suite-4-4.18.0.RELEASE-e4.27.0-win32.win32.x86_64.self-extracting/sts-4.18.0.RELEASE//plugins/org.eclipse.justj.openjdk.hotspot.jre.full.win32.x86_64_17.0.6.v20230204-1729/jre/bin;C:\Program Files\Common Files\Oracle\Java\javapath;C:\WINDOWS\system32;C:\WINDOWS;C:\WINDOWS\System32\Wbem;C:\WINDOWS\System32\WindowsPowerShell\v1.0\;C:\WINDOWS\System32\OpenSSH\;C:\MinGW\bin;C:\Program Files\Java\jdk-17.0.6\bin;C:\ProgramData\chocolatey\bin;C:\ProgramData\Microsoft\Windows\Start Menu\Programs\Node.js;;C:\Program Files\nodejs;C:\Program Files\Docker\Docker\resources\bin;C:\Program Files\Git\cmd;C:\Users\Sangita\OneDrive\Documents\maven\apache-maven-3.9.9-bin\apache-maven-3.9.9\bin;%JAVA_HOME%\bin;C:\Program Files\MySQL\MySQL Server 8.1\bin;C:\Users\Sangita\AppData\Local\Programs\Microsoft VS Code\bin;C:\MinGW\mingw32\bin;C:\mysql-connector-java-8.0.27\mysql-connector-java-8.0.27;C:\Users\Sangita\AppData\Local\GitHubDesktop\bin;C:\Program Files\Java\jdk-17.0.6\bin;C:\Users\Sangita\AppData\Roaming\npm;C:\Users\Sangita\AppData\Local\gitkraken\bin;C:\ProgramData\Microsoft\Windows\Start Menu\Programs\Node.js;C:\Users\Sangita\AppData\Roaming\nvm;C:\Program Files\nodejs;C:\Users\Sangita\AppData\Local\Microsoft\WindowsApps;C:\Users\Sangita\OneDrive\Documents\maven\apache-maven-3.9.9-bin\apache-maven-3.9.9\bin;C:\Program Files\Java\jdk-17.0.1\bin;C:\Program Files\MySQL\MySQL Server 8.1\bin;;C:\Users\Sangita\Downloads\spring-tool-suite-4-4.18.0.RELEASE-e4.27.0-win32.win32.x86_64.self-extracting\sts-4.18.0.RELEASE;
USERNAME=Sangita
OS=Windows_NT
PROCESSOR_IDENTIFIER=Intel64 Family 6 Model 126 Stepping 5, GenuineIntel
TMP=C:\Users\Sangita\AppData\Local\Temp
TEMP=C:\Users\Sangita\AppData\Local\Temp



---------------  S Y S T E M  ---------------

OS:
 Windows 11 , 64 bit Build 22621 (10.0.22621.3958)
OS uptime: 1 days 1:48 hours
Hyper-V role detected

CPU: total 4 (initial active 4) (2 cores per cpu, 2 threads per core) family 6 model 126 stepping 5 microcode 0xa0, cx8, cmov, fxsr, ht, mmx, 3dnowpref, sse, sse2, sse3, ssse3, sse4.1, sse4.2, popcnt, lzcnt, tsc, tscinvbit, avx, avx2, aes, erms, clmul, bmi1, bmi2, adx, avx512f, avx512dq, avx512cd, avx512bw, avx512vl, sha, fma, vzeroupper, avx512_vpopcntdq, avx512_vpclmulqdq, avx512_vaes, avx512_vnni, clflush, clflushopt, avx512_vbmi2, avx512_vbmi, hv

Memory: 4k page, system-wide physical 7880M (356M free)
TotalPageFile size 15380M (AvailPageFile size 3M)
current process WorkingSet (physical memory assigned to process): 178M, peak: 178M
current process commit charge ("private bytes"): 201M, peak: 221M

vm_info: OpenJDK 64-Bit Server VM (17.0.6+10) for windows-amd64 JRE (17.0.6+10), built on Jan 18 2023 10:08:59 by "temurin" with MS VC++ 16.7 (VS2019)

END.
