#
# There is insufficient memory for the Java Runtime Environment to continue.
# Native memory allocation (malloc) failed to allocate 2248416 bytes for Chunk::new
# Possible reasons:
#   The system is out of physical RAM or swap space
#   The process is running with CompressedOops enabled, and the Java Heap may be blocking the growth of the native heap
# Possible solutions:
#   Reduce memory load on the system
#   Increase physical memory or swap space
#   Check if swap backing store is full
#   Decrease Java heap size (-Xmx/-Xms)
#   Decrease number of Java threads
#   Decrease Java thread stack sizes (-Xss)
#   Set larger code cache with -XX:ReservedCodeCacheSize=
#   JVM is running with Unscaled Compressed Oops mode in which the Java heap is
#     placed in the first 4GB address space. The Java Heap base address is the
#     maximum limit for the native heap growth. Please use -XX:HeapBaseMinAddress
#     to set the Java Heap base and to place the Java Heap above 4GB virtual address.
# This output file may be truncated or incomplete.
#
#  Out of Memory Error (arena.cpp:189), pid=18752, tid=19524
#
# JRE version: OpenJDK Runtime Environment Temurin-17.0.6+10 (17.0.6+10) (build 17.0.6+10)
# Java VM: OpenJDK 64-Bit Server VM Temurin-17.0.6+10 (17.0.6+10, mixed mode, tiered, compressed oops, compressed class ptrs, g1 gc, windows-amd64)
# No core dump will be written. Minidumps are not enabled by default on client versions of Windows
#

---------------  S U M M A R Y ------------

Command Line: -Dfile.encoding=UTF-8 -XX:+ShowCodeDetailsInExceptionMessages com.apigateway.ApiGateWayApplication

Host: Intel(R) Core(TM) i3-1005G1 CPU @ 1.20GHz, 4 cores, 7G,  Windows 11 , 64 bit Build 22621 (10.0.22621.3958)
Time: Thu Mar 20 20:11:21 2025 India Standard Time elapsed time: 687.605402 seconds (0d 0h 11m 27s)

---------------  T H R E A D  ---------------

Current thread (0x000001fb6a03ddf0):  JavaThread "C2 CompilerThread0" daemon [_thread_in_native, id=19524, stack(0x00000084d8c00000,0x00000084d8d00000)]


Current CompileTask:
C2: 687605 7050       4       jdk.internal.org.objectweb.asm.Frame::execute (2305 bytes)

Stack: [0x00000084d8c00000,0x00000084d8d00000]
Native frames: (J=compiled Java code, j=interpreted, Vv=VM code, C=native code)
V  [jvm.dll+0x67741a]
V  [jvm.dll+0x834434]
V  [jvm.dll+0x835bde]
V  [jvm.dll+0x836243]
V  [jvm.dll+0x2457b5]
V  [jvm.dll+0xabafc]
V  [jvm.dll+0xac0cc]
V  [jvm.dll+0x3634e7]
V  [jvm.dll+0x32dda1]
V  [jvm.dll+0x32d24a]
V  [jvm.dll+0x2185f1]
V  [jvm.dll+0x217a11]
V  [jvm.dll+0x1a3d0d]
V  [jvm.dll+0x22742a]
V  [jvm.dll+0x225565]
V  [jvm.dll+0x7ea2cb]
V  [jvm.dll+0x7e483a]
V  [jvm.dll+0x6762c5]
C  [ucrtbase.dll+0x29333]
C  [KERNEL32.DLL+0x1257d]
C  [ntdll.dll+0x5af08]


---------------  P R O C E S S  ---------------

Threads class SMR info:
_java_thread_list=0x000001fb70c373d0, length=31, elements={
0x000001fb69414a70, 0x000001fb69417d20, 0x000001fb6943aed0, 0x000001fb6a035020,
0x000001fb6a038090, 0x000001fb6a03c5f0, 0x000001fb6a03ddf0, 0x000001fb6a06a250,
0x000001fb6a06a760, 0x000001fb6a1b5480, 0x000001fb6a1bddc0, 0x000001fb6b8001b0,
0x000001fb6b7fee70, 0x000001fb6b6ac3f0, 0x000001fb6b6ab580, 0x000001fb6b6a8a30,
0x000001fb6b6ac8c0, 0x000001fb6b6a5ee0, 0x000001fb6b6acd90, 0x000001fb6b6a6d50,
0x000001fb6b6a63b0, 0x000001fb6b6a6880, 0x000001fb6b6a8090, 0x000001fb6b6abf20,
0x000001fb6b6a5540, 0x000001fb6b6a5a10, 0x000001fb6b6a7bc0, 0x000001fb6b6a8560,
0x000001fb6b6a8f00, 0x000001fb6b6a93d0, 0x000001fb6b139400
}

Java Threads: ( => current thread )
  0x000001fb69414a70 JavaThread "Reference Handler" daemon [_thread_blocked, id=17076, stack(0x00000084d8600000,0x00000084d8700000)]
  0x000001fb69417d20 JavaThread "Finalizer" daemon [_thread_blocked, id=2208, stack(0x00000084d8700000,0x00000084d8800000)]
  0x000001fb6943aed0 JavaThread "Signal Dispatcher" daemon [_thread_blocked, id=24344, stack(0x00000084d8800000,0x00000084d8900000)]
  0x000001fb6a035020 JavaThread "Attach Listener" daemon [_thread_blocked, id=22440, stack(0x00000084d8900000,0x00000084d8a00000)]
  0x000001fb6a038090 JavaThread "Service Thread" daemon [_thread_blocked, id=12528, stack(0x00000084d8a00000,0x00000084d8b00000)]
  0x000001fb6a03c5f0 JavaThread "Monitor Deflation Thread" daemon [_thread_blocked, id=8344, stack(0x00000084d8b00000,0x00000084d8c00000)]
=>0x000001fb6a03ddf0 JavaThread "C2 CompilerThread0" daemon [_thread_in_native, id=19524, stack(0x00000084d8c00000,0x00000084d8d00000)]
  0x000001fb6a06a250 JavaThread "C1 CompilerThread0" daemon [_thread_blocked, id=14032, stack(0x00000084d8d00000,0x00000084d8e00000)]
  0x000001fb6a06a760 JavaThread "Sweeper thread" daemon [_thread_blocked, id=16388, stack(0x00000084d8e00000,0x00000084d8f00000)]
  0x000001fb6a1b5480 JavaThread "Notification Thread" daemon [_thread_blocked, id=14560, stack(0x00000084d8f00000,0x00000084d9000000)]
  0x000001fb6a1bddc0 JavaThread "Common-Cleaner" daemon [_thread_blocked, id=25164, stack(0x00000084d9100000,0x00000084d9200000)]
  0x000001fb6b8001b0 JavaThread "boundedElastic-evictor-1" daemon [_thread_blocked, id=24120, stack(0x00000084d9700000,0x00000084d9800000)]
  0x000001fb6b7fee70 JavaThread "spring.cloud.inetutils" daemon [_thread_blocked, id=21620, stack(0x00000084d9800000,0x00000084d9900000)]
  0x000001fb6b6ac3f0 JavaThread "AsyncResolver-bootstrap-0" daemon [_thread_blocked, id=13044, stack(0x00000084d9900000,0x00000084d9a00000)]
  0x000001fb6b6ab580 JavaThread "DiscoveryClient-0" daemon [_thread_blocked, id=5316, stack(0x00000084d9b00000,0x00000084d9c00000)]
  0x000001fb6b6a8a30 JavaThread "DiscoveryClient-1" daemon [_thread_blocked, id=13752, stack(0x00000084d9c00000,0x00000084d9d00000)]
  0x000001fb6b6ac8c0 JavaThread "DiscoveryClient-InstanceInfoReplicator-0" daemon [_thread_blocked, id=22956, stack(0x00000084d9d00000,0x00000084d9e00000)]
  0x000001fb6b6a5ee0 JavaThread "reactor-http-nio-1" daemon [_thread_in_native, id=13780, stack(0x00000084d9e00000,0x00000084d9f00000)]
  0x000001fb6b6acd90 JavaThread "server" [_thread_blocked, id=22628, stack(0x00000084d9f00000,0x00000084da000000)]
  0x000001fb6b6a6d50 JavaThread "DestroyJavaVM" [_thread_blocked, id=2528, stack(0x00000084d7f00000,0x00000084d8000000)]
  0x000001fb6b6a63b0 JavaThread "DiscoveryClient-HeartbeatExecutor-0" daemon [_thread_blocked, id=14848, stack(0x00000084da100000,0x00000084da200000)]
  0x000001fb6b6a6880 JavaThread "DiscoveryClient-CacheRefreshExecutor-0" daemon [_thread_blocked, id=10592, stack(0x00000084da200000,0x00000084da300000)]
  0x000001fb6b6a8090 JavaThread "AsyncResolver-bootstrap-executor-0" daemon [_thread_blocked, id=23028, stack(0x00000084d9200000,0x00000084d9300000)]
  0x000001fb6b6abf20 JavaThread "reactor-http-nio-2" daemon [_thread_in_native, id=16020, stack(0x00000084d7d00000,0x00000084d7e00000)]
  0x000001fb6b6a5540 JavaThread "reactor-http-nio-3" daemon [_thread_in_native, id=2292, stack(0x00000084d7e00000,0x00000084d7f00000)]
  0x000001fb6b6a5a10 JavaThread "parallel-1" daemon [_thread_blocked, id=21392, stack(0x00000084d9a00000,0x00000084d9b00000)]
  0x000001fb6b6a7bc0 JavaThread "pool-11-thread-1" daemon [_thread_blocked, id=17336, stack(0x00000084da000000,0x00000084da100000)]
  0x000001fb6b6a8560 JavaThread "parallel-2" daemon [_thread_blocked, id=18880, stack(0x00000084d9300000,0x00000084d9400000)]
  0x000001fb6b6a8f00 JavaThread "reactor-http-nio-4" daemon [_thread_in_native, id=19388, stack(0x00000084da300000,0x00000084da400000)]
  0x000001fb6b6a93d0 JavaThread "Thread-7" daemon [_thread_in_native, id=17720, stack(0x00000084da400000,0x00000084da500000)]
  0x000001fb6b139400 JavaThread "C2 CompilerThread1" daemon [_thread_blocked, id=14712, stack(0x00000084da500000,0x00000084da600000)]

Other Threads:
  0x000001fb69411820 VMThread "VM Thread" [stack: 0x00000084d8500000,0x00000084d8600000] [id=15840]
  0x000001fb6a1bb970 WatcherThread [stack: 0x00000084d9000000,0x00000084d9100000] [id=21068]
  0x000001fb4ff90a70 GCTaskThread "GC Thread#0" [stack: 0x00000084d8000000,0x00000084d8100000] [id=7556]
  0x000001fb6ae19bb0 GCTaskThread "GC Thread#1" [stack: 0x00000084d9400000,0x00000084d9500000] [id=6472]
  0x000001fb6ac46fe0 GCTaskThread "GC Thread#2" [stack: 0x00000084d9500000,0x00000084d9600000] [id=14564]
  0x000001fb6a9ffb90 GCTaskThread "GC Thread#3" [stack: 0x00000084d9600000,0x00000084d9700000] [id=7636]
  0x000001fb4ffa1030 ConcurrentGCThread "G1 Main Marker" [stack: 0x00000084d8100000,0x00000084d8200000] [id=24640]
  0x000001fb4ffa2980 ConcurrentGCThread "G1 Conc#0" [stack: 0x00000084d8200000,0x00000084d8300000] [id=3260]
  0x000001fb4ffddba0 ConcurrentGCThread "G1 Refine#0" [stack: 0x00000084d8300000,0x00000084d8400000] [id=11172]
  0x000001fb4ffdec60 ConcurrentGCThread "G1 Service" [stack: 0x00000084d8400000,0x00000084d8500000] [id=23216]

Threads with active compile tasks:
C2 CompilerThread0   687646 7050       4       jdk.internal.org.objectweb.asm.Frame::execute (2305 bytes)

VM state: not at safepoint (normal execution)

VM Mutex/Monitor currently owned by a thread: None

Heap address: 0x0000000084c00000, size: 1972 MB, Compressed Oops mode: 32-bit

CDS archive(s) not mapped
Compressed class space mapped at: 0x0000000100000000-0x0000000140000000, reserved size: 1073741824
Narrow klass base: 0x0000000000000000, Narrow klass shift: 3, Narrow klass range: 0x140000000

GC Precious Log:
 CPUs: 4 total, 4 available
 Memory: 7880M
 Large Page Support: Disabled
 NUMA Support: Disabled
 Compressed Oops: Enabled (32-bit)
 Heap Region Size: 1M
 Heap Min Capacity: 8M
 Heap Initial Capacity: 124M
 Heap Max Capacity: 1972M
 Pre-touch: Disabled
 Parallel Workers: 4
 Concurrent Workers: 1
 Concurrent Refinement Workers: 4
 Periodic GC: Disabled

Heap:
 garbage-first heap   total 72704K, used 34360K [0x0000000084c00000, 0x0000000100000000)
  region size 1024K, 6 young (6144K), 1 survivors (1024K)
 Metaspace       used 62759K, committed 63232K, reserved 1105920K
  class space    used 8037K, committed 8256K, reserved 1048576K

Heap Regions: E=young(eden), S=young(survivor), O=old, HS=humongous(starts), HC=humongous(continues), CS=collection set, F=free, OA=open archive, CA=closed archive, TAMS=top-at-mark-start (previous, next)
|   0|0x0000000084c00000, 0x0000000084d00000, 0x0000000084d00000|100%|HS|  |TAMS 0x0000000084d00000, 0x0000000084c00000| Complete 
|   1|0x0000000084d00000, 0x0000000084e00000, 0x0000000084e00000|100%| O|  |TAMS 0x0000000084e00000, 0x0000000084d00000| Untracked 
|   2|0x0000000084e00000, 0x0000000084f00000, 0x0000000084f00000|100%| O|  |TAMS 0x0000000084f00000, 0x0000000084e00000| Untracked 
|   3|0x0000000084f00000, 0x0000000085000000, 0x0000000085000000|100%| O|  |TAMS 0x0000000085000000, 0x0000000084f00000| Untracked 
|   4|0x0000000085000000, 0x0000000085100000, 0x0000000085100000|100%| O|  |TAMS 0x0000000085100000, 0x0000000085000000| Untracked 
|   5|0x0000000085100000, 0x0000000085200000, 0x0000000085200000|100%| O|  |TAMS 0x0000000085200000, 0x0000000085100000| Untracked 
|   6|0x0000000085200000, 0x0000000085200000, 0x0000000085300000|  0%| F|  |TAMS 0x0000000085200000, 0x0000000085200000| Untracked 
|   7|0x0000000085300000, 0x0000000085400000, 0x0000000085400000|100%| O|  |TAMS 0x0000000085400000, 0x0000000085300000| Untracked 
|   8|0x0000000085400000, 0x0000000085500000, 0x0000000085500000|100%| O|  |TAMS 0x0000000085500000, 0x0000000085400000| Untracked 
|   9|0x0000000085500000, 0x0000000085600000, 0x0000000085600000|100%| O|  |TAMS 0x0000000085600000, 0x0000000085500000| Untracked 
|  10|0x0000000085600000, 0x0000000085700000, 0x0000000085700000|100%| O|  |TAMS 0x0000000085700000, 0x0000000085600000| Untracked 
|  11|0x0000000085700000, 0x0000000085800000, 0x0000000085800000|100%| O|  |TAMS 0x0000000085800000, 0x0000000085700000| Untracked 
|  12|0x0000000085800000, 0x0000000085900000, 0x0000000085900000|100%| O|  |TAMS 0x0000000085900000, 0x0000000085800000| Untracked 
|  13|0x0000000085900000, 0x0000000085a00000, 0x0000000085a00000|100%| O|  |TAMS 0x0000000085a00000, 0x0000000085900000| Untracked 
|  14|0x0000000085a00000, 0x0000000085b00000, 0x0000000085b00000|100%| O|  |TAMS 0x0000000085b00000, 0x0000000085a00000| Untracked 
|  15|0x0000000085b00000, 0x0000000085c00000, 0x0000000085c00000|100%| O|  |TAMS 0x0000000085c00000, 0x0000000085b00000| Untracked 
|  16|0x0000000085c00000, 0x0000000085d00000, 0x0000000085d00000|100%| O|  |TAMS 0x0000000085d00000, 0x0000000085c00000| Untracked 
|  17|0x0000000085d00000, 0x0000000085e00000, 0x0000000085e00000|100%| O|  |TAMS 0x0000000085e00000, 0x0000000085d00000| Untracked 
|  18|0x0000000085e00000, 0x0000000085f00000, 0x0000000085f00000|100%| O|  |TAMS 0x0000000085f00000, 0x0000000085e00000| Untracked 
|  19|0x0000000085f00000, 0x0000000086000000, 0x0000000086000000|100%| O|  |TAMS 0x0000000086000000, 0x0000000085f00000| Untracked 
|  20|0x0000000086000000, 0x0000000086100000, 0x0000000086100000|100%| O|  |TAMS 0x0000000086100000, 0x0000000086000000| Untracked 
|  21|0x0000000086100000, 0x0000000086200000, 0x0000000086200000|100%| O|  |TAMS 0x0000000086200000, 0x0000000086100000| Untracked 
|  22|0x0000000086200000, 0x0000000086300000, 0x0000000086300000|100%| O|  |TAMS 0x0000000086300000, 0x0000000086200000| Untracked 
|  23|0x0000000086300000, 0x0000000086400000, 0x0000000086400000|100%| O|  |TAMS 0x0000000086400000, 0x0000000086300000| Untracked 
|  24|0x0000000086400000, 0x0000000086500000, 0x0000000086500000|100%| O|  |TAMS 0x0000000086500000, 0x0000000086400000| Untracked 
|  25|0x0000000086500000, 0x0000000086600000, 0x0000000086600000|100%| O|  |TAMS 0x0000000086600000, 0x0000000086500000| Untracked 
|  26|0x0000000086600000, 0x0000000086700000, 0x0000000086700000|100%| O|  |TAMS 0x0000000086666000, 0x0000000086600000| Untracked 
|  27|0x0000000086700000, 0x0000000086800000, 0x0000000086800000|100%| O|  |TAMS 0x0000000086700000, 0x0000000086700000| Untracked 
|  28|0x0000000086800000, 0x0000000086900000, 0x0000000086900000|100%| O|  |TAMS 0x0000000086800000, 0x0000000086800000| Untracked 
|  29|0x0000000086900000, 0x0000000086a00000, 0x0000000086a00000|100%| O|  |TAMS 0x0000000086900000, 0x0000000086900000| Untracked 
|  30|0x0000000086a00000, 0x0000000086b00000, 0x0000000086b00000|100%| O|  |TAMS 0x0000000086a00000, 0x0000000086a00000| Untracked 
|  31|0x0000000086b00000, 0x0000000086b22e00, 0x0000000086c00000| 13%| O|  |TAMS 0x0000000086b00000, 0x0000000086b00000| Untracked 
|  32|0x0000000086c00000, 0x0000000086c00000, 0x0000000086d00000|  0%| F|  |TAMS 0x0000000086c00000, 0x0000000086c00000| Untracked 
|  33|0x0000000086d00000, 0x0000000086d00000, 0x0000000086e00000|  0%| F|  |TAMS 0x0000000086d00000, 0x0000000086d00000| Untracked 
|  34|0x0000000086e00000, 0x0000000086e00000, 0x0000000086f00000|  0%| F|  |TAMS 0x0000000086e00000, 0x0000000086e00000| Untracked 
|  35|0x0000000086f00000, 0x0000000086f00000, 0x0000000087000000|  0%| F|  |TAMS 0x0000000086f00000, 0x0000000086f00000| Untracked 
|  36|0x0000000087000000, 0x0000000087000000, 0x0000000087100000|  0%| F|  |TAMS 0x0000000087000000, 0x0000000087000000| Untracked 
|  37|0x0000000087100000, 0x0000000087100000, 0x0000000087200000|  0%| F|  |TAMS 0x0000000087100000, 0x0000000087100000| Untracked 
|  38|0x0000000087200000, 0x0000000087200000, 0x0000000087300000|  0%| F|  |TAMS 0x0000000087200000, 0x0000000087200000| Untracked 
|  39|0x0000000087300000, 0x0000000087300000, 0x0000000087400000|  0%| F|  |TAMS 0x0000000087300000, 0x0000000087300000| Untracked 
|  40|0x0000000087400000, 0x0000000087400000, 0x0000000087500000|  0%| F|  |TAMS 0x0000000087400000, 0x0000000087400000| Untracked 
|  41|0x0000000087500000, 0x0000000087500000, 0x0000000087600000|  0%| F|  |TAMS 0x0000000087500000, 0x0000000087500000| Untracked 
|  42|0x0000000087600000, 0x0000000087600000, 0x0000000087700000|  0%| F|  |TAMS 0x0000000087600000, 0x0000000087600000| Untracked 
|  43|0x0000000087700000, 0x0000000087700000, 0x0000000087800000|  0%| F|  |TAMS 0x0000000087700000, 0x0000000087700000| Untracked 
|  44|0x0000000087800000, 0x0000000087800000, 0x0000000087900000|  0%| F|  |TAMS 0x0000000087800000, 0x0000000087800000| Untracked 
|  45|0x0000000087900000, 0x0000000087900000, 0x0000000087a00000|  0%| F|  |TAMS 0x0000000087900000, 0x0000000087900000| Untracked 
|  46|0x0000000087a00000, 0x0000000087a00000, 0x0000000087b00000|  0%| F|  |TAMS 0x0000000087a00000, 0x0000000087a00000| Untracked 
|  47|0x0000000087b00000, 0x0000000087b00000, 0x0000000087c00000|  0%| F|  |TAMS 0x0000000087b00000, 0x0000000087b00000| Untracked 
|  48|0x0000000087c00000, 0x0000000087c00000, 0x0000000087d00000|  0%| F|  |TAMS 0x0000000087c00000, 0x0000000087c00000| Untracked 
|  49|0x0000000087d00000, 0x0000000087d00000, 0x0000000087e00000|  0%| F|  |TAMS 0x0000000087d00000, 0x0000000087d00000| Untracked 
|  50|0x0000000087e00000, 0x0000000087e00000, 0x0000000087f00000|  0%| F|  |TAMS 0x0000000087e00000, 0x0000000087e00000| Untracked 
|  51|0x0000000087f00000, 0x0000000087f00000, 0x0000000088000000|  0%| F|  |TAMS 0x0000000087f00000, 0x0000000087f00000| Untracked 
|  52|0x0000000088000000, 0x0000000088000000, 0x0000000088100000|  0%| F|  |TAMS 0x0000000088000000, 0x0000000088000000| Untracked 
|  53|0x0000000088100000, 0x0000000088100000, 0x0000000088200000|  0%| F|  |TAMS 0x0000000088100000, 0x0000000088100000| Untracked 
|  54|0x0000000088200000, 0x0000000088200000, 0x0000000088300000|  0%| F|  |TAMS 0x0000000088200000, 0x0000000088200000| Untracked 
|  55|0x0000000088300000, 0x0000000088300000, 0x0000000088400000|  0%| F|  |TAMS 0x0000000088300000, 0x0000000088300000| Untracked 
|  56|0x0000000088400000, 0x0000000088400000, 0x0000000088500000|  0%| F|  |TAMS 0x0000000088400000, 0x0000000088400000| Untracked 
|  57|0x0000000088500000, 0x0000000088500000, 0x0000000088600000|  0%| F|  |TAMS 0x0000000088500000, 0x0000000088500000| Untracked 
|  58|0x0000000088600000, 0x0000000088600000, 0x0000000088700000|  0%| F|  |TAMS 0x0000000088600000, 0x0000000088600000| Untracked 
|  59|0x0000000088700000, 0x0000000088700000, 0x0000000088800000|  0%| F|  |TAMS 0x0000000088700000, 0x0000000088700000| Untracked 
|  60|0x0000000088800000, 0x0000000088800000, 0x0000000088900000|  0%| F|  |TAMS 0x0000000088800000, 0x0000000088800000| Untracked 
|  61|0x0000000088900000, 0x0000000088900000, 0x0000000088a00000|  0%| F|  |TAMS 0x0000000088900000, 0x0000000088900000| Untracked 
|  62|0x0000000088a00000, 0x0000000088a00000, 0x0000000088b00000|  0%| F|  |TAMS 0x0000000088a00000, 0x0000000088a00000| Untracked 
|  63|0x0000000088b00000, 0x0000000088b00000, 0x0000000088c00000|  0%| F|  |TAMS 0x0000000088b00000, 0x0000000088b00000| Untracked 
|  64|0x0000000088c00000, 0x0000000088c00000, 0x0000000088d00000|  0%| F|  |TAMS 0x0000000088c00000, 0x0000000088c00000| Untracked 
|  65|0x0000000088d00000, 0x0000000088deb630, 0x0000000088e00000| 91%| E|  |TAMS 0x0000000088d00000, 0x0000000088d00000| Complete 
| 111|0x000000008bb00000, 0x000000008bc00000, 0x000000008bc00000|100%| E|CS|TAMS 0x000000008bb00000, 0x000000008bb00000| Complete 
| 112|0x000000008bc00000, 0x000000008bd00000, 0x000000008bd00000|100%| E|  |TAMS 0x000000008bc00000, 0x000000008bc00000| Complete 
| 113|0x000000008bd00000, 0x000000008be00000, 0x000000008be00000|100%| E|CS|TAMS 0x000000008bd00000, 0x000000008bd00000| Complete 
| 114|0x000000008be00000, 0x000000008be6b220, 0x000000008bf00000| 41%| S|CS|TAMS 0x000000008be00000, 0x000000008be00000| Complete 
| 123|0x000000008c700000, 0x000000008c800000, 0x000000008c800000|100%| E|CS|TAMS 0x000000008c700000, 0x000000008c700000| Complete 

Card table byte_map: [0x000001fb629b0000,0x000001fb62d90000] _byte_map_base: 0x000001fb6258a000

Marking Bits (Prev, Next): (CMBitMap*) 0x000001fb4ff910c0, (CMBitMap*) 0x000001fb4ff91080
 Prev Bits: [0x000001fb65040000, 0x000001fb66f10000)
 Next Bits: [0x000001fb63170000, 0x000001fb65040000)

Polling page: 0x000001fb4df10000

Metaspace:

Usage:
  Non-class:     53.44 MB used.
      Class:      7.85 MB used.
       Both:     61.29 MB used.

Virtual space:
  Non-class space:       56.00 MB reserved,      53.69 MB ( 96%) committed,  7 nodes.
      Class space:        1.00 GB reserved,       8.06 MB ( <1%) committed,  1 nodes.
             Both:        1.05 GB reserved,      61.75 MB (  6%) committed. 

Chunk freelists:
   Non-Class:  1.85 MB
       Class:  3.83 MB
        Both:  5.68 MB

MaxMetaspaceSize: unlimited
CompressedClassSpaceSize: 1.00 GB
Initial GC threshold: 21.00 MB
Current GC threshold: 95.88 MB
CDS: off
MetaspaceReclaimPolicy: balanced
 - commit_granule_bytes: 65536.
 - commit_granule_words: 8192.
 - virtual_space_node_default_size: 1048576.
 - enlarge_chunks_in_place: 1.
 - new_chunks_are_fully_committed: 0.
 - uncommit_free_chunks: 1.
 - use_allocation_guard: 0.
 - handle_deallocations: 1.


Internal statistics:

num_allocs_failed_limit: 6.
num_arena_births: 724.
num_arena_deaths: 0.
num_vsnodes_births: 8.
num_vsnodes_deaths: 0.
num_space_committed: 988.
num_space_uncommitted: 0.
num_chunks_returned_to_freelist: 6.
num_chunks_taken_from_freelist: 2715.
num_chunk_merges: 6.
num_chunk_splits: 1831.
num_chunks_enlarged: 1366.
num_purges: 0.
num_inconsistent_stats: 0.

CodeHeap 'non-profiled nmethods': size=120000Kb used=4792Kb max_used=4792Kb free=115207Kb
 bounds [0x000001fb5b0a0000, 0x000001fb5b550000, 0x000001fb625d0000]
CodeHeap 'profiled nmethods': size=120000Kb used=12381Kb max_used=12381Kb free=107618Kb
 bounds [0x000001fb535d0000, 0x000001fb541f0000, 0x000001fb5ab00000]
CodeHeap 'non-nmethods': size=5760Kb used=1311Kb max_used=1361Kb free=4448Kb
 bounds [0x000001fb5ab00000, 0x000001fb5ad70000, 0x000001fb5b0a0000]
 total_blobs=7002 nmethods=6377 adapters=537
 compilation: enabled
              stopped_count=0, restarted_count=0
 full_count=0

Compilation events (20 events):
Event: 687.296 Thread 0x000001fb6a06a250 nmethod 7093 0x000001fb5b547610 code [0x000001fb5b5477a0, 0x000001fb5b547878]
Event: 687.296 Thread 0x000001fb6a06a250 7094       1       io.netty.handler.codec.DefaultHeaders$HeaderEntry::getKey (5 bytes)
Event: 687.296 Thread 0x000001fb6a06a250 nmethod 7094 0x000001fb5b547910 code [0x000001fb5b547aa0, 0x000001fb5b547b78]
Event: 687.296 Thread 0x000001fb6a06a250 7095       3       io.netty.channel.AbstractChannelHandlerContext::executor (22 bytes)
Event: 687.296 Thread 0x000001fb6a06a250 nmethod 7095 0x000001fb541e4f10 code [0x000001fb541e5100, 0x000001fb541e57a8]
Event: 687.379 Thread 0x000001fb6a06a250 7096       3       io.netty.util.concurrent.AbstractEventExecutor::inEventLoop (8 bytes)
Event: 687.380 Thread 0x000001fb6a06a250 nmethod 7096 0x000001fb541e5990 code [0x000001fb541e5b40, 0x000001fb541e5d28]
Event: 687.386 Thread 0x000001fb6a06a250 7097       3       io.netty.util.concurrent.SingleThreadEventExecutor::inEventLoop (14 bytes)
Event: 687.386 Thread 0x000001fb6a06a250 nmethod 7097 0x000001fb541e5e10 code [0x000001fb541e5fa0, 0x000001fb541e6118]
Event: 687.390 Thread 0x000001fb6b139400 nmethod 7059 0x000001fb5b547c10 code [0x000001fb5b547f20, 0x000001fb5b54add0]
Event: 687.390 Thread 0x000001fb6b139400 7065       4       java.nio.Buffer::nextGetIndex (32 bytes)
Event: 687.391 Thread 0x000001fb6b139400 nmethod 7065 0x000001fb5b54cc10 code [0x000001fb5b54cd80, 0x000001fb5b54ce38]
Event: 687.391 Thread 0x000001fb6b139400 7074       4       jdk.internal.misc.Unsafe::getCharUnaligned (12 bytes)
Event: 687.393 Thread 0x000001fb6b139400 nmethod 7074 0x000001fb5b54d210 code [0x000001fb5b54d380, 0x000001fb5b54d438]
Event: 687.393 Thread 0x000001fb6b139400 7075       4       java.nio.HeapByteBuffer::getChar (29 bytes)
Event: 687.397 Thread 0x000001fb6b139400 nmethod 7075 0x000001fb5b54d510 code [0x000001fb5b54d680, 0x000001fb5b54d798]
Event: 687.397 Thread 0x000001fb6b139400 7063  s    4       java.io.ByteArrayInputStream::read (36 bytes)
Event: 687.398 Thread 0x000001fb6a06a250 7099       1       io.netty.channel.DefaultChannelHandlerContext::handler (5 bytes)
Event: 687.398 Thread 0x000001fb6b139400 nmethod 7063 0x000001fb5b54d910 code [0x000001fb5b54da80, 0x000001fb5b54dc98]
Event: 687.398 Thread 0x000001fb6a06a250 nmethod 7099 0x000001fb5b54dd90 code [0x000001fb5b54df20, 0x000001fb5b54dff8]

GC Heap History (20 events):
Event: 4.189 GC heap before
{Heap before GC invocations=10 (full 0):
 garbage-first heap   total 40960K, used 30710K [0x0000000084c00000, 0x0000000100000000)
  region size 1024K, 16 young (16384K), 1 survivors (1024K)
 Metaspace       used 32315K, committed 32576K, reserved 1081344K
  class space    used 3820K, committed 3968K, reserved 1048576K
}
Event: 4.195 GC heap after
{Heap after GC invocations=11 (full 0):
 garbage-first heap   total 60416K, used 16597K [0x0000000084c00000, 0x0000000100000000)
  region size 1024K, 2 young (2048K), 2 survivors (2048K)
 Metaspace       used 32315K, committed 32576K, reserved 1081344K
  class space    used 3820K, committed 3968K, reserved 1048576K
}
Event: 4.862 GC heap before
{Heap before GC invocations=11 (full 0):
 garbage-first heap   total 60416K, used 32981K [0x0000000084c00000, 0x0000000100000000)
  region size 1024K, 19 young (19456K), 2 survivors (2048K)
 Metaspace       used 35738K, committed 36096K, reserved 1081344K
  class space    used 4302K, committed 4480K, reserved 1048576K
}
Event: 4.869 GC heap after
{Heap after GC invocations=12 (full 0):
 garbage-first heap   total 60416K, used 18333K [0x0000000084c00000, 0x0000000100000000)
  region size 1024K, 4 young (4096K), 4 survivors (4096K)
 Metaspace       used 35738K, committed 36096K, reserved 1081344K
  class space    used 4302K, committed 4480K, reserved 1048576K
}
Event: 5.887 GC heap before
{Heap before GC invocations=13 (full 0):
 garbage-first heap   total 60416K, used 43933K [0x0000000084c00000, 0x0000000100000000)
  region size 1024K, 29 young (29696K), 4 survivors (4096K)
 Metaspace       used 40165K, committed 40576K, reserved 1089536K
  class space    used 4932K, committed 5120K, reserved 1048576K
}
Event: 5.894 GC heap after
{Heap after GC invocations=14 (full 0):
 garbage-first heap   total 60416K, used 20425K [0x0000000084c00000, 0x0000000100000000)
  region size 1024K, 4 young (4096K), 4 survivors (4096K)
 Metaspace       used 40165K, committed 40576K, reserved 1089536K
  class space    used 4932K, committed 5120K, reserved 1048576K
}
Event: 6.833 GC heap before
{Heap before GC invocations=14 (full 0):
 garbage-first heap   total 60416K, used 45001K [0x0000000084c00000, 0x0000000100000000)
  region size 1024K, 28 young (28672K), 4 survivors (4096K)
 Metaspace       used 43385K, committed 43776K, reserved 1089536K
  class space    used 5392K, committed 5568K, reserved 1048576K
}
Event: 6.840 GC heap after
{Heap after GC invocations=15 (full 0):
 garbage-first heap   total 60416K, used 22322K [0x0000000084c00000, 0x0000000100000000)
  region size 1024K, 2 young (2048K), 2 survivors (2048K)
 Metaspace       used 43385K, committed 43776K, reserved 1089536K
  class space    used 5392K, committed 5568K, reserved 1048576K
}
Event: 8.201 GC heap before
{Heap before GC invocations=15 (full 0):
 garbage-first heap   total 60416K, used 46898K [0x0000000084c00000, 0x0000000100000000)
  region size 1024K, 26 young (26624K), 2 survivors (2048K)
 Metaspace       used 46637K, committed 47040K, reserved 1097728K
  class space    used 5887K, committed 6080K, reserved 1048576K
}
Event: 8.210 GC heap after
{Heap after GC invocations=16 (full 0):
 garbage-first heap   total 60416K, used 23740K [0x0000000084c00000, 0x0000000100000000)
  region size 1024K, 4 young (4096K), 4 survivors (4096K)
 Metaspace       used 46637K, committed 47040K, reserved 1097728K
  class space    used 5887K, committed 6080K, reserved 1048576K
}
Event: 9.135 GC heap before
{Heap before GC invocations=16 (full 0):
 garbage-first heap   total 60416K, used 46268K [0x0000000084c00000, 0x0000000100000000)
  region size 1024K, 26 young (26624K), 4 survivors (4096K)
 Metaspace       used 51651K, committed 52096K, reserved 1097728K
  class space    used 6518K, committed 6720K, reserved 1048576K
}
Event: 9.145 GC heap after
{Heap after GC invocations=17 (full 0):
 garbage-first heap   total 60416K, used 26929K [0x0000000084c00000, 0x0000000100000000)
  region size 1024K, 4 young (4096K), 4 survivors (4096K)
 Metaspace       used 51651K, committed 52096K, reserved 1097728K
  class space    used 6518K, committed 6720K, reserved 1048576K
}
Event: 9.705 GC heap before
{Heap before GC invocations=17 (full 0):
 garbage-first heap   total 60416K, used 46385K [0x0000000084c00000, 0x0000000100000000)
  region size 1024K, 23 young (23552K), 4 survivors (4096K)
 Metaspace       used 56029K, committed 56512K, reserved 1105920K
  class space    used 7124K, committed 7360K, reserved 1048576K
}
Event: 9.716 GC heap after
{Heap after GC invocations=18 (full 0):
 garbage-first heap   total 60416K, used 28822K [0x0000000084c00000, 0x0000000100000000)
  region size 1024K, 2 young (2048K), 2 survivors (2048K)
 Metaspace       used 56029K, committed 56512K, reserved 1105920K
  class space    used 7124K, committed 7360K, reserved 1048576K
}
Event: 340.387 GC heap before
{Heap before GC invocations=18 (full 0):
 garbage-first heap   total 60416K, used 47254K [0x0000000084c00000, 0x0000000100000000)
  region size 1024K, 20 young (20480K), 2 survivors (2048K)
 Metaspace       used 58413K, committed 58880K, reserved 1105920K
  class space    used 7429K, committed 7616K, reserved 1048576K
}
Event: 340.423 GC heap after
{Heap after GC invocations=19 (full 0):
 garbage-first heap   total 72704K, used 30039K [0x0000000084c00000, 0x0000000100000000)
  region size 1024K, 1 young (1024K), 1 survivors (1024K)
 Metaspace       used 58413K, committed 58880K, reserved 1105920K
  class space    used 7429K, committed 7616K, reserved 1048576K
}
Event: 686.812 GC heap before
{Heap before GC invocations=20 (full 0):
 garbage-first heap   total 72704K, used 55639K [0x0000000084c00000, 0x0000000100000000)
  region size 1024K, 26 young (26624K), 1 survivors (1024K)
 Metaspace       used 61329K, committed 61824K, reserved 1105920K
  class space    used 7834K, committed 8064K, reserved 1048576K
}
Event: 686.830 GC heap after
{Heap after GC invocations=21 (full 0):
 garbage-first heap   total 72704K, used 31661K [0x0000000084c00000, 0x0000000100000000)
  region size 1024K, 3 young (3072K), 3 survivors (3072K)
 Metaspace       used 61329K, committed 61824K, reserved 1105920K
  class space    used 7834K, committed 8064K, reserved 1048576K
}
Event: 687.066 GC heap before
{Heap before GC invocations=21 (full 0):
 garbage-first heap   total 72704K, used 32685K [0x0000000084c00000, 0x0000000100000000)
  region size 1024K, 4 young (4096K), 3 survivors (3072K)
 Metaspace       used 61733K, committed 62208K, reserved 1105920K
  class space    used 7888K, committed 8128K, reserved 1048576K
}
Event: 687.083 GC heap after
{Heap after GC invocations=22 (full 0):
 garbage-first heap   total 72704K, used 31288K [0x0000000084c00000, 0x0000000100000000)
  region size 1024K, 1 young (1024K), 1 survivors (1024K)
 Metaspace       used 61733K, committed 62208K, reserved 1105920K
  class space    used 7888K, committed 8128K, reserved 1048576K
}

Dll operation events (9 events):
Event: 0.019 Loaded shared library C:\Users\Sangita\Downloads\spring-tool-suite-4-4.18.0.RELEASE-e4.27.0-win32.win32.x86_64.self-extracting\sts-4.18.0.RELEASE\plugins\org.eclipse.justj.openjdk.hotspot.jre.full.win32.x86_64_17.0.6.v20230204-1729\jre\bin\java.dll
Event: 0.316 Loaded shared library C:\Users\Sangita\Downloads\spring-tool-suite-4-4.18.0.RELEASE-e4.27.0-win32.win32.x86_64.self-extracting\sts-4.18.0.RELEASE\plugins\org.eclipse.justj.openjdk.hotspot.jre.full.win32.x86_64_17.0.6.v20230204-1729\jre\bin\net.dll
Event: 0.318 Loaded shared library C:\Users\Sangita\Downloads\spring-tool-suite-4-4.18.0.RELEASE-e4.27.0-win32.win32.x86_64.self-extracting\sts-4.18.0.RELEASE\plugins\org.eclipse.justj.openjdk.hotspot.jre.full.win32.x86_64_17.0.6.v20230204-1729\jre\bin\nio.dll
Event: 0.327 Loaded shared library C:\Users\Sangita\Downloads\spring-tool-suite-4-4.18.0.RELEASE-e4.27.0-win32.win32.x86_64.self-extracting\sts-4.18.0.RELEASE\plugins\org.eclipse.justj.openjdk.hotspot.jre.full.win32.x86_64_17.0.6.v20230204-1729\jre\bin\zip.dll
Event: 0.519 Loaded shared library C:\Users\Sangita\Downloads\spring-tool-suite-4-4.18.0.RELEASE-e4.27.0-win32.win32.x86_64.self-extracting\sts-4.18.0.RELEASE\plugins\org.eclipse.justj.openjdk.hotspot.jre.full.win32.x86_64_17.0.6.v20230204-1729\jre\bin\jimage.dll
Event: 8.082 Loaded shared library C:\Users\Sangita\Downloads\spring-tool-suite-4-4.18.0.RELEASE-e4.27.0-win32.win32.x86_64.self-extracting\sts-4.18.0.RELEASE\plugins\org.eclipse.justj.openjdk.hotspot.jre.full.win32.x86_64_17.0.6.v20230204-1729\jre\bin\management.dll
Event: 8.087 Loaded shared library C:\Users\Sangita\Downloads\spring-tool-suite-4-4.18.0.RELEASE-e4.27.0-win32.win32.x86_64.self-extracting\sts-4.18.0.RELEASE\plugins\org.eclipse.justj.openjdk.hotspot.jre.full.win32.x86_64_17.0.6.v20230204-1729\jre\bin\management_ext.
Event: 8.861 Loaded shared library C:\Users\Sangita\Downloads\spring-tool-suite-4-4.18.0.RELEASE-e4.27.0-win32.win32.x86_64.self-extracting\sts-4.18.0.RELEASE\plugins\org.eclipse.justj.openjdk.hotspot.jre.full.win32.x86_64_17.0.6.v20230204-1729\jre\bin\sunmscapi.dll
Event: 9.289 Loaded shared library C:\Users\Sangita\Downloads\spring-tool-suite-4-4.18.0.RELEASE-e4.27.0-win32.win32.x86_64.self-extracting\sts-4.18.0.RELEASE\plugins\org.eclipse.justj.openjdk.hotspot.jre.full.win32.x86_64_17.0.6.v20230204-1729\jre\bin\verify.dll

Deoptimization events (20 events):
Event: 686.545 Thread 0x000001fb6b6a5540 Uncommon trap: trap_request=0xffffffc6 fr.pc=0x000001fb5b528af0 relative=0x0000000000000a10
Event: 686.545 Thread 0x000001fb6b6a5540 Uncommon trap: reason=bimorphic_or_optimized_type_check action=maybe_recompile pc=0x000001fb5b528af0 method=java.util.Collections$UnmodifiableMap.containsKey(Ljava/lang/Object;)Z @ 5 c2
Event: 686.545 Thread 0x000001fb6b6a5540 DEOPT PACKING pc=0x000001fb5b528af0 sp=0x00000084d7ef9360
Event: 686.545 Thread 0x000001fb6b6a5540 DEOPT UNPACKING pc=0x000001fb5ab5a1a3 sp=0x00000084d7ef9318 mode 2
Event: 686.557 Thread 0x000001fb6b6abf20 Uncommon trap: trap_request=0xffffffc6 fr.pc=0x000001fb5b528af0 relative=0x0000000000000a10
Event: 686.557 Thread 0x000001fb6b6abf20 Uncommon trap: reason=bimorphic_or_optimized_type_check action=maybe_recompile pc=0x000001fb5b528af0 method=java.util.Collections$UnmodifiableMap.containsKey(Ljava/lang/Object;)Z @ 5 c2
Event: 686.557 Thread 0x000001fb6b6abf20 DEOPT PACKING pc=0x000001fb5b528af0 sp=0x00000084d7dfa010
Event: 686.557 Thread 0x000001fb6b6abf20 DEOPT UNPACKING pc=0x000001fb5ab5a1a3 sp=0x00000084d7df9fc8 mode 2
Event: 687.194 Thread 0x000001fb6b6abf20 Uncommon trap: trap_request=0xffffffde fr.pc=0x000001fb5b4f6c64 relative=0x0000000000000e04
Event: 687.194 Thread 0x000001fb6b6abf20 Uncommon trap: reason=class_check action=maybe_recompile pc=0x000001fb5b4f6c64 method=java.util.concurrent.ConcurrentHashMap$CollectionView.toArray([Ljava/lang/Object;)[Ljava/lang/Object; @ 53 c2
Event: 687.194 Thread 0x000001fb6b6abf20 DEOPT PACKING pc=0x000001fb5b4f6c64 sp=0x00000084d7df8ae0
Event: 687.194 Thread 0x000001fb6b6abf20 DEOPT UNPACKING pc=0x000001fb5ab5a1a3 sp=0x00000084d7df8a90 mode 2
Event: 687.202 Thread 0x000001fb6b6a5ee0 Uncommon trap: trap_request=0xffffffde fr.pc=0x000001fb5b4f6c64 relative=0x0000000000000e04
Event: 687.202 Thread 0x000001fb6b6a5ee0 Uncommon trap: reason=class_check action=maybe_recompile pc=0x000001fb5b4f6c64 method=java.util.concurrent.ConcurrentHashMap$CollectionView.toArray([Ljava/lang/Object;)[Ljava/lang/Object; @ 53 c2
Event: 687.202 Thread 0x000001fb6b6a5ee0 DEOPT PACKING pc=0x000001fb5b4f6c64 sp=0x00000084d9efe890
Event: 687.202 Thread 0x000001fb6b6a5ee0 DEOPT UNPACKING pc=0x000001fb5ab5a1a3 sp=0x00000084d9efe840 mode 2
Event: 687.235 Thread 0x000001fb6b6abf20 DEOPT PACKING pc=0x000001fb541c2e84 sp=0x00000084d7dfa770
Event: 687.235 Thread 0x000001fb6b6abf20 DEOPT UNPACKING pc=0x000001fb5ab5ace3 sp=0x00000084d7df9c38 mode 0
Event: 687.241 Thread 0x000001fb6b6abf20 DEOPT PACKING pc=0x000001fb541c2a04 sp=0x00000084d7dfadc0
Event: 687.241 Thread 0x000001fb6b6abf20 DEOPT UNPACKING pc=0x000001fb5ab5ace3 sp=0x00000084d7dfa228 mode 0

Classes unloaded (0 events):
No events

Classes redefined (0 events):
No events

Internal exceptions (20 events):
Event: 684.387 Thread 0x000001fb6b6a5540 Exception <a 'java/lang/reflect/InvocationTargetException'{0x00000000882dce08}> (0x00000000882dce08) 
thrown [s\src\hotspot\share\runtime\reflection.cpp, line 1121]
Event: 685.043 Thread 0x000001fb6b6a5540 Exception <a 'java/lang/NoSuchMethodError'{0x0000000087fa0098}: 'void java.lang.invoke.DirectMethodHandle$Holder.invokeSpecial(java.lang.Object, java.lang.Object, java.lang.Object, java.lang.Object, java.lang.Object, java.lang.Object, java.lang.Object, java.lang.Object)'> (0x0000000087fa0098) 
thrown [s\src\hotspot\share\interpreter\linkResolver.cpp, line 759]
Event: 685.080 Thread 0x000001fb6b6abf20 Exception <a 'java/lang/reflect/InvocationTargetException'{0x0000000087e32cf8}> (0x0000000087e32cf8) 
thrown [s\src\hotspot\share\runtime\reflection.cpp, line 1121]
Event: 686.595 Thread 0x000001fb6b6a5540 Exception <a 'java/lang/NoSuchMethodError'{0x0000000087b5a620}: 'java.lang.Object java.lang.invoke.DirectMethodHandle$Holder.newInvokeSpecial(java.lang.Object, java.lang.Object, java.lang.Object, int)'> (0x0000000087b5a620) 
thrown [s\src\hotspot\share\interpreter\linkResolver.cpp, line 759]
Event: 686.597 Thread 0x000001fb6b6abf20 Exception <a 'java/lang/NoSuchMethodError'{0x0000000087b6ae80}: 'java.lang.Object java.lang.invoke.DirectMethodHandle$Holder.newInvokeSpecial(java.lang.Object, java.lang.Object, java.lang.Object, int)'> (0x0000000087b6ae80) 
thrown [s\src\hotspot\share\interpreter\linkResolver.cpp, line 759]
Event: 686.598 Thread 0x000001fb6b6abf20 Exception <a 'java/lang/NoSuchMethodError'{0x0000000087b6f8b8}: 'java.lang.Object java.lang.invoke.DirectMethodHandle$Holder.invokeSpecial(java.lang.Object, java.lang.Object, java.lang.Object, java.lang.Object, int)'> (0x0000000087b6f8b8) 
thrown [s\src\hotspot\share\interpreter\linkResolver.cpp, line 759]
Event: 686.598 Thread 0x000001fb6b6a5540 Exception <a 'java/lang/NoSuchMethodError'{0x0000000087b5f650}: 'java.lang.Object java.lang.invoke.DirectMethodHandle$Holder.invokeSpecial(java.lang.Object, java.lang.Object, java.lang.Object, java.lang.Object, int)'> (0x0000000087b5f650) 
thrown [s\src\hotspot\share\interpreter\linkResolver.cpp, line 759]
Event: 686.598 Thread 0x000001fb6b6a5540 Exception <a 'java/lang/NoSuchMethodError'{0x0000000087b63d70}: 'java.lang.Object java.lang.invoke.Invokers$Holder.linkToTargetMethod(java.lang.Object, java.lang.Object, int, java.lang.Object)'> (0x0000000087b63d70) 
thrown [s\src\hotspot\share\interpreter\linkResolver.cpp, line 759]
Event: 686.598 Thread 0x000001fb6b6abf20 Exception <a 'java/lang/NoSuchMethodError'{0x0000000087b73ea8}: 'java.lang.Object java.lang.invoke.Invokers$Holder.linkToTargetMethod(java.lang.Object, java.lang.Object, int, java.lang.Object)'> (0x0000000087b73ea8) 
thrown [s\src\hotspot\share\interpreter\linkResolver.cpp, line 759]
Event: 686.800 Thread 0x000001fb6b6a5540 Exception <a 'java/io/FileNotFoundException'{0x0000000087aca0f8}> (0x0000000087aca0f8) 
thrown [s\src\hotspot\share\prims\jni.cpp, line 516]
Event: 686.903 Thread 0x000001fb6b6a5540 Exception <a 'sun/nio/fs/WindowsException'{0x000000008c7703f8}> (0x000000008c7703f8) 
thrown [s\src\hotspot\share\prims\jni.cpp, line 516]
Event: 687.056 Thread 0x000001fb6b6abf20 Exception <a 'java/lang/NoSuchMethodError'{0x000000008c7f80f0}: 'java.lang.Object java.lang.invoke.DirectMethodHandle$Holder.newInvokeSpecial(java.lang.Object, java.lang.Object, java.lang.Object, java.lang.Object, java.lang.Object, java.lang.Object)'> (0x000000008c7f80f0) 
thrown [s\src\hotspot\share\interpreter\linkResolver.cpp, line 759]
Event: 687.056 Thread 0x000001fb6b6a5540 Exception <a 'java/lang/NoSuchMethodError'{0x000000008c7f9538}: 'java.lang.Object java.lang.invoke.DirectMethodHandle$Holder.newInvokeSpecial(java.lang.Object, java.lang.Object, java.lang.Object, java.lang.Object, java.lang.Object, java.lang.Object)'> (0x000000008c7f9538) 
thrown [s\src\hotspot\share\interpreter\linkResolver.cpp, line 759]
Event: 687.125 Thread 0x000001fb6b6abf20 Exception <a 'java/lang/NoSuchMethodError'{0x000000008c7e2188}: 'java.lang.Object java.lang.invoke.DirectMethodHandle$Holder.newInvokeSpecial(java.lang.Object, java.lang.Object, long, java.lang.Object)'> (0x000000008c7e2188) 
thrown [s\src\hotspot\share\interpreter\linkResolver.cpp, line 759]
Event: 687.125 Thread 0x000001fb6b6a5540 Exception <a 'java/lang/NoSuchMethodError'{0x000000008c7ff098}: 'java.lang.Object java.lang.invoke.DirectMethodHandle$Holder.newInvokeSpecial(java.lang.Object, java.lang.Object, long, java.lang.Object)'> (0x000000008c7ff098) 
thrown [s\src\hotspot\share\interpreter\linkResolver.cpp, line 759]
Event: 687.209 Thread 0x000001fb6b6a5ee0 Exception <a 'java/lang/NoSuchMethodError'{0x000000008bc7eee0}: 'java.lang.Object java.lang.invoke.DirectMethodHandle$Holder.invokeStatic(java.lang.Object, java.lang.Object, java.lang.Object, int, java.lang.Object, java.lang.Object)'> (0x000000008bc7eee0) 
thrown [s\src\hotspot\share\interpreter\linkResolver.cpp, line 759]
Event: 687.237 Thread 0x000001fb6b6a8f00 Exception <a 'java/lang/NoSuchMethodError'{0x000000008bbc8300}: 'java.lang.Object java.lang.invoke.Invokers$Holder.linkToTargetMethod(java.lang.Object, int, java.lang.Object, java.lang.Object, java.lang.Object, java.lang.Object)'> (0x000000008bbc8300) 
thrown [s\src\hotspot\share\interpreter\linkResolver.cpp, line 759]
Event: 687.251 Thread 0x000001fb6b6a5ee0 Exception <a 'java/lang/NoSuchMethodError'{0x000000008bbe4c38}: 'java.lang.Object java.lang.invoke.DirectMethodHandle$Holder.newInvokeSpecial(java.lang.Object, java.lang.Object, java.lang.Object, java.lang.Object, int, java.lang.Object)'> (0x000000008bbe4c38) 
thrown [s\src\hotspot\share\interpreter\linkResolver.cpp, line 759]
Event: 687.252 Thread 0x000001fb6b6a5ee0 Exception <a 'java/lang/NoSuchMethodError'{0x000000008bbe8f50}: 'java.lang.Object java.lang.invoke.DirectMethodHandle$Holder.invokeSpecial(java.lang.Object, java.lang.Object, java.lang.Object, java.lang.Object, java.lang.Object, int, java.lang.Object)'> (0x000000008bbe8f50) 
thrown [s\src\hotspot\share\interpreter\linkResolver.cpp, line 759]
Event: 687.252 Thread 0x000001fb6b6a5ee0 Exception <a 'java/lang/NoSuchMethodError'{0x000000008bbec880}: 'java.lang.Object java.lang.invoke.Invokers$Holder.linkToTargetMethod(java.lang.Object, java.lang.Object, java.lang.Object, int, java.lang.Object, java.lang.Object)'> (0x000000008bbec880) 
thrown [s\src\hotspot\share\interpreter\linkResolver.cpp, line 759]

VM Operations (20 events):
Event: 683.941 Executing VM operation: Cleanup
Event: 683.941 Executing VM operation: Cleanup done
Event: 684.223 Executing VM operation: HandshakeAllThreads
Event: 684.223 Executing VM operation: HandshakeAllThreads done
Event: 684.444 Executing VM operation: ICBufferFull
Event: 684.444 Executing VM operation: ICBufferFull done
Event: 684.556 Executing VM operation: HandshakeAllThreads
Event: 684.556 Executing VM operation: HandshakeAllThreads done
Event: 685.556 Executing VM operation: Cleanup
Event: 685.676 Executing VM operation: Cleanup done
Event: 686.677 Executing VM operation: Cleanup
Event: 686.679 Executing VM operation: Cleanup done
Event: 686.812 Executing VM operation: G1CollectForAllocation
Event: 686.831 Executing VM operation: G1CollectForAllocation done
Event: 686.882 Executing VM operation: HandshakeAllThreads
Event: 686.882 Executing VM operation: HandshakeAllThreads done
Event: 687.056 Executing VM operation: G1CollectForAllocation
Event: 687.084 Executing VM operation: G1CollectForAllocation done
Event: 687.128 Executing VM operation: HandshakeAllThreads
Event: 687.129 Executing VM operation: HandshakeAllThreads done

Events (20 events):
Event: 687.218 loading class jdk/internal/icu/impl/UCharacterProperty$BiDiIntProperty
Event: 687.218 loading class jdk/internal/icu/impl/UCharacterProperty$IntProperty
Event: 687.218 loading class jdk/internal/icu/impl/UCharacterProperty$IntProperty done
Event: 687.218 loading class jdk/internal/icu/impl/UCharacterProperty$BiDiIntProperty done
Event: 687.218 loading class jdk/internal/icu/impl/UCharacterProperty$1 done
Event: 687.218 loading class jdk/internal/icu/impl/ICUBinary$1
Event: 687.218 loading class jdk/internal/icu/impl/ICUBinary$1 done
Event: 687.220 loading class jdk/internal/icu/impl/UCharacterProperty$IsAcceptable
Event: 687.220 loading class jdk/internal/icu/impl/UCharacterProperty$IsAcceptable done
Event: 687.221 loading class jdk/internal/icu/impl/Trie2_16
Event: 687.221 loading class jdk/internal/icu/impl/Trie2
Event: 687.221 loading class jdk/internal/icu/impl/Trie2 done
Event: 687.221 loading class jdk/internal/icu/impl/Trie2_16 done
Event: 687.221 loading class jdk/internal/icu/impl/Trie2$1
Event: 687.221 loading class jdk/internal/icu/impl/Trie2$ValueMapper
Event: 687.221 loading class jdk/internal/icu/impl/Trie2$ValueMapper done
Event: 687.221 loading class jdk/internal/icu/impl/Trie2$1 done
Event: 687.221 loading class jdk/internal/icu/impl/Trie2$UTrie2Header
Event: 687.221 loading class jdk/internal/icu/impl/Trie2$UTrie2Header done
Event: 687.229 Thread 0x000001fb6b139400 Thread added: 0x000001fb6b139400


Dynamic libraries:
0x00007ff7e7390000 - 0x00007ff7e739e000 	C:\Users\Sangita\Downloads\spring-tool-suite-4-4.18.0.RELEASE-e4.27.0-win32.win32.x86_64.self-extracting\sts-4.18.0.RELEASE\plugins\org.eclipse.justj.openjdk.hotspot.jre.full.win32.x86_64_17.0.6.v20230204-1729\jre\bin\javaw.exe
0x00007ffc8ca90000 - 0x00007ffc8cca7000 	C:\WINDOWS\SYSTEM32\ntdll.dll
0x00007ffc8ab80000 - 0x00007ffc8ac44000 	C:\WINDOWS\System32\KERNEL32.DLL
0x00007ffc89e90000 - 0x00007ffc8a247000 	C:\WINDOWS\System32\KERNELBASE.dll
0x00007ffc8a2f0000 - 0x00007ffc8a401000 	C:\WINDOWS\System32\ucrtbase.dll
0x00007ffc6b300000 - 0x00007ffc6b317000 	C:\Users\Sangita\Downloads\spring-tool-suite-4-4.18.0.RELEASE-e4.27.0-win32.win32.x86_64.self-extracting\sts-4.18.0.RELEASE\plugins\org.eclipse.justj.openjdk.hotspot.jre.full.win32.x86_64_17.0.6.v20230204-1729\jre\bin\jli.dll
0x00007ffc8a8f0000 - 0x00007ffc8aa9f000 	C:\WINDOWS\System32\USER32.dll
0x00007ffc8a790000 - 0x00007ffc8a7b6000 	C:\WINDOWS\System32\win32u.dll
0x00007ffc8ab40000 - 0x00007ffc8ab69000 	C:\WINDOWS\System32\GDI32.dll
0x00007ffc8a670000 - 0x00007ffc8a788000 	C:\WINDOWS\System32\gdi32full.dll
0x00007ffc8a250000 - 0x00007ffc8a2ea000 	C:\WINDOWS\System32\msvcp_win.dll
0x00007ffc83960000 - 0x00007ffc83979000 	C:\Users\Sangita\Downloads\spring-tool-suite-4-4.18.0.RELEASE-e4.27.0-win32.win32.x86_64.self-extracting\sts-4.18.0.RELEASE\plugins\org.eclipse.justj.openjdk.hotspot.jre.full.win32.x86_64_17.0.6.v20230204-1729\jre\bin\VCRUNTIME140.dll
0x00007ffc6e9a0000 - 0x00007ffc6ec33000 	C:\WINDOWS\WinSxS\amd64_microsoft.windows.common-controls_6595b64144ccf1df_6.0.22621.3672_none_2713b9d173822955\COMCTL32.dll
0x00007ffc8b070000 - 0x00007ffc8b117000 	C:\WINDOWS\System32\msvcrt.dll
0x00007ffc8bf30000 - 0x00007ffc8bf61000 	C:\WINDOWS\System32\IMM32.DLL
0x00007ffc84f00000 - 0x00007ffc84f0c000 	C:\Users\Sangita\Downloads\spring-tool-suite-4-4.18.0.RELEASE-e4.27.0-win32.win32.x86_64.self-extracting\sts-4.18.0.RELEASE\plugins\org.eclipse.justj.openjdk.hotspot.jre.full.win32.x86_64_17.0.6.v20230204-1729\jre\bin\vcruntime140_1.dll
0x00007ffc2f900000 - 0x00007ffc2f991000 	C:\Users\Sangita\Downloads\spring-tool-suite-4-4.18.0.RELEASE-e4.27.0-win32.win32.x86_64.self-extracting\sts-4.18.0.RELEASE\plugins\org.eclipse.justj.openjdk.hotspot.jre.full.win32.x86_64_17.0.6.v20230204-1729\jre\bin\msvcp140.dll
0x00007ffc31b40000 - 0x00007ffc32787000 	C:\Users\Sangita\Downloads\spring-tool-suite-4-4.18.0.RELEASE-e4.27.0-win32.win32.x86_64.self-extracting\sts-4.18.0.RELEASE\plugins\org.eclipse.justj.openjdk.hotspot.jre.full.win32.x86_64_17.0.6.v20230204-1729\jre\bin\server\jvm.dll
0x00007ffc8bcc0000 - 0x00007ffc8bd72000 	C:\WINDOWS\System32\ADVAPI32.dll
0x00007ffc8a840000 - 0x00007ffc8a8e8000 	C:\WINDOWS\System32\sechost.dll
0x00007ffc8a640000 - 0x00007ffc8a668000 	C:\WINDOWS\System32\bcrypt.dll
0x00007ffc8bba0000 - 0x00007ffc8bcb4000 	C:\WINDOWS\System32\RPCRT4.dll
0x00007ffc60610000 - 0x00007ffc60619000 	C:\WINDOWS\SYSTEM32\WSOCK32.dll
0x00007ffc8ba10000 - 0x00007ffc8ba81000 	C:\WINDOWS\System32\WS2_32.dll
0x00007ffc82240000 - 0x00007ffc82274000 	C:\WINDOWS\SYSTEM32\WINMM.dll
0x00007ffc87630000 - 0x00007ffc8763a000 	C:\WINDOWS\SYSTEM32\VERSION.dll
0x00007ffc88db0000 - 0x00007ffc88dc8000 	C:\WINDOWS\SYSTEM32\kernel.appcore.dll
0x00007ffc71c90000 - 0x00007ffc71c9a000 	C:\Users\Sangita\Downloads\spring-tool-suite-4-4.18.0.RELEASE-e4.27.0-win32.win32.x86_64.self-extracting\sts-4.18.0.RELEASE\plugins\org.eclipse.justj.openjdk.hotspot.jre.full.win32.x86_64_17.0.6.v20230204-1729\jre\bin\jimage.dll
0x00007ffc873b0000 - 0x00007ffc875e2000 	C:\WINDOWS\SYSTEM32\DBGHELP.DLL
0x00007ffc8ace0000 - 0x00007ffc8b06e000 	C:\WINDOWS\System32\combase.dll
0x00007ffc8baa0000 - 0x00007ffc8bb77000 	C:\WINDOWS\System32\OLEAUT32.dll
0x00007ffc58d00000 - 0x00007ffc58d32000 	C:\WINDOWS\SYSTEM32\dbgcore.DLL
0x00007ffc89e10000 - 0x00007ffc89e8b000 	C:\WINDOWS\System32\bcryptPrimitives.dll
0x00007ffc66e70000 - 0x00007ffc66e95000 	C:\Users\Sangita\Downloads\spring-tool-suite-4-4.18.0.RELEASE-e4.27.0-win32.win32.x86_64.self-extracting\sts-4.18.0.RELEASE\plugins\org.eclipse.justj.openjdk.hotspot.jre.full.win32.x86_64_17.0.6.v20230204-1729\jre\bin\java.dll
0x00007ffc6af70000 - 0x00007ffc6af88000 	C:\Users\Sangita\Downloads\spring-tool-suite-4-4.18.0.RELEASE-e4.27.0-win32.win32.x86_64.self-extracting\sts-4.18.0.RELEASE\plugins\org.eclipse.justj.openjdk.hotspot.jre.full.win32.x86_64_17.0.6.v20230204-1729\jre\bin\zip.dll
0x00007ffc8bfd0000 - 0x00007ffc8c839000 	C:\WINDOWS\System32\SHELL32.dll
0x00007ffc87c80000 - 0x00007ffc8857f000 	C:\WINDOWS\SYSTEM32\windows.storage.dll
0x00007ffc87b40000 - 0x00007ffc87c7f000 	C:\WINDOWS\SYSTEM32\wintypes.dll
0x00007ffc8bd80000 - 0x00007ffc8be79000 	C:\WINDOWS\System32\SHCORE.dll
0x00007ffc8b850000 - 0x00007ffc8b8ae000 	C:\WINDOWS\System32\shlwapi.dll
0x00007ffc89cd0000 - 0x00007ffc89cf7000 	C:\WINDOWS\SYSTEM32\profapi.dll
0x00007ffc6a610000 - 0x00007ffc6a629000 	C:\Users\Sangita\Downloads\spring-tool-suite-4-4.18.0.RELEASE-e4.27.0-win32.win32.x86_64.self-extracting\sts-4.18.0.RELEASE\plugins\org.eclipse.justj.openjdk.hotspot.jre.full.win32.x86_64_17.0.6.v20230204-1729\jre\bin\net.dll
0x00007ffc82760000 - 0x00007ffc82896000 	C:\WINDOWS\SYSTEM32\WINHTTP.dll
0x00007ffc89220000 - 0x00007ffc89289000 	C:\WINDOWS\system32\mswsock.dll
0x00007ffc5f170000 - 0x00007ffc5f185000 	C:\Users\Sangita\Downloads\spring-tool-suite-4-4.18.0.RELEASE-e4.27.0-win32.win32.x86_64.self-extracting\sts-4.18.0.RELEASE\plugins\org.eclipse.justj.openjdk.hotspot.jre.full.win32.x86_64_17.0.6.v20230204-1729\jre\bin\nio.dll
0x00007ffc887e0000 - 0x00007ffc8880d000 	C:\WINDOWS\SYSTEM32\IPHLPAPI.DLL
0x00007ffc8ba90000 - 0x00007ffc8ba99000 	C:\WINDOWS\System32\NSI.dll
0x00007ffc82220000 - 0x00007ffc82239000 	C:\WINDOWS\SYSTEM32\dhcpcsvc6.DLL
0x00007ffc820d0000 - 0x00007ffc820ef000 	C:\WINDOWS\SYSTEM32\dhcpcsvc.DLL
0x00007ffc88810000 - 0x00007ffc88912000 	C:\WINDOWS\SYSTEM32\DNSAPI.dll
0x00007ffc676f0000 - 0x00007ffc676fa000 	C:\Windows\System32\rasadhlp.dll
0x00007ffc7dd00000 - 0x00007ffc7dd83000 	C:\WINDOWS\System32\fwpuclnt.dll
0x00007ffc89440000 - 0x00007ffc8945b000 	C:\WINDOWS\SYSTEM32\CRYPTSP.dll
0x00007ffc88d10000 - 0x00007ffc88d45000 	C:\WINDOWS\system32\rsaenh.dll
0x00007ffc892e0000 - 0x00007ffc89308000 	C:\WINDOWS\SYSTEM32\USERENV.dll
0x00007ffc89460000 - 0x00007ffc8946c000 	C:\WINDOWS\SYSTEM32\CRYPTBASE.dll
0x00007ffc6b380000 - 0x00007ffc6b389000 	C:\Users\Sangita\Downloads\spring-tool-suite-4-4.18.0.RELEASE-e4.27.0-win32.win32.x86_64.self-extracting\sts-4.18.0.RELEASE\plugins\org.eclipse.justj.openjdk.hotspot.jre.full.win32.x86_64_17.0.6.v20230204-1729\jre\bin\management.dll
0x00007ffc6b1a0000 - 0x00007ffc6b1ab000 	C:\Users\Sangita\Downloads\spring-tool-suite-4-4.18.0.RELEASE-e4.27.0-win32.win32.x86_64.self-extracting\sts-4.18.0.RELEASE\plugins\org.eclipse.justj.openjdk.hotspot.jre.full.win32.x86_64_17.0.6.v20230204-1729\jre\bin\management_ext.dll
0x00007ffc8ab70000 - 0x00007ffc8ab78000 	C:\WINDOWS\System32\PSAPI.DLL
0x00007ffc84ec0000 - 0x00007ffc84ece000 	C:\Users\Sangita\Downloads\spring-tool-suite-4-4.18.0.RELEASE-e4.27.0-win32.win32.x86_64.self-extracting\sts-4.18.0.RELEASE\plugins\org.eclipse.justj.openjdk.hotspot.jre.full.win32.x86_64_17.0.6.v20230204-1729\jre\bin\sunmscapi.dll
0x00007ffc8a4d0000 - 0x00007ffc8a636000 	C:\WINDOWS\System32\CRYPT32.dll
0x00007ffc89670000 - 0x00007ffc8969d000 	C:\WINDOWS\SYSTEM32\ncrypt.dll
0x00007ffc89630000 - 0x00007ffc89667000 	C:\WINDOWS\SYSTEM32\NTASN1.dll
0x00007ffc714a0000 - 0x00007ffc714b0000 	C:\Users\Sangita\Downloads\spring-tool-suite-4-4.18.0.RELEASE-e4.27.0-win32.win32.x86_64.self-extracting\sts-4.18.0.RELEASE\plugins\org.eclipse.justj.openjdk.hotspot.jre.full.win32.x86_64_17.0.6.v20230204-1729\jre\bin\verify.dll
0x00007ffc4b870000 - 0x00007ffc4b878000 	C:\WINDOWS\system32\wshunix.dll
0x00007ffc50d60000 - 0x00007ffc50d77000 	C:\WINDOWS\system32\napinsp.dll
0x00007ffc50ba0000 - 0x00007ffc50bbb000 	C:\WINDOWS\system32\pnrpnsp.dll
0x00007ffc50b80000 - 0x00007ffc50b91000 	C:\WINDOWS\System32\winrnr.dll
0x00007ffc808a0000 - 0x00007ffc808b5000 	C:\WINDOWS\system32\wshbth.dll
0x00007ffc50b50000 - 0x00007ffc50b77000 	C:\WINDOWS\system32\nlansp_c.dll

dbghelp: loaded successfully - version: 4.0.5 - missing functions: none
symbol engine: initialized successfully - sym options: 0x614 - pdb path: .;C:\Users\Sangita\Downloads\spring-tool-suite-4-4.18.0.RELEASE-e4.27.0-win32.win32.x86_64.self-extracting\sts-4.18.0.RELEASE\plugins\org.eclipse.justj.openjdk.hotspot.jre.full.win32.x86_64_17.0.6.v20230204-1729\jre\bin;C:\WINDOWS\SYSTEM32;C:\WINDOWS\WinSxS\amd64_microsoft.windows.common-controls_6595b64144ccf1df_6.0.22621.3672_none_2713b9d173822955;C:\Users\Sangita\Downloads\spring-tool-suite-4-4.18.0.RELEASE-e4.27.0-win32.win32.x86_64.self-extracting\sts-4.18.0.RELEASE\plugins\org.eclipse.justj.openjdk.hotspot.jre.full.win32.x86_64_17.0.6.v20230204-1729\jre\bin\server

VM Arguments:
jvm_args: -Dfile.encoding=UTF-8 -XX:+ShowCodeDetailsInExceptionMessages 
java_command: com.apigateway.ApiGateWayApplication
java_class_path (initial): C:\Users\Sangita\Institute Management System\api_gate_way\target\classes;C:\Users\Sangita\.m2\repository\org\springframework\boot\spring-boot-starter-actuator\3.2.2\spring-boot-starter-actuator-3.2.2.jar;C:\Users\Sangita\.m2\repository\org\springframework\boot\spring-boot-starter\3.2.2\spring-boot-starter-3.2.2.jar;C:\Users\Sangita\.m2\repository\org\springframework\boot\spring-boot\3.2.2\spring-boot-3.2.2.jar;C:\Users\Sangita\.m2\repository\org\springframework\spring-context\6.1.3\spring-context-6.1.3.jar;C:\Users\Sangita\.m2\repository\org\springframework\spring-aop\6.1.3\spring-aop-6.1.3.jar;C:\Users\Sangita\.m2\repository\org\springframework\spring-expression\6.1.3\spring-expression-6.1.3.jar;C:\Users\Sangita\.m2\repository\org\springframework\boot\spring-boot-autoconfigure\3.2.2\spring-boot-autoconfigure-3.2.2.jar;C:\Users\Sangita\.m2\repository\org\springframework\boot\spring-boot-starter-logging\3.2.2\spring-boot-starter-logging-3.2.2.jar;C:\Users\Sangita\.m2\repository\ch\qos\logback\logback-classic\1.4.14\logback-classic-1.4.14.jar;C:\Users\Sangita\.m2\repository\ch\qos\logback\logback-core\1.4.14\logback-core-1.4.14.jar;C:\Users\Sangita\.m2\repository\org\apache\logging\log4j\log4j-to-slf4j\2.21.1\log4j-to-slf4j-2.21.1.jar;C:\Users\Sangita\.m2\repository\org\apache\logging\log4j\log4j-api\2.21.1\log4j-api-2.21.1.jar;C:\Users\Sangita\.m2\repository\org\slf4j\jul-to-slf4j\2.0.11\jul-to-slf4j-2.0.11.jar;C:\Users\Sangita\.m2\repository\jakarta\annotation\jakarta.annotation-api\2.1.1\jakarta.annotation-api-2.1.1.jar;C:\Users\Sangita\.m2\repository\org\yaml\snakeyaml\2.2\snakeyaml-2.2.jar;C:\Users\Sangita\.m2\repository\org\springframework\boot\spring-boot-actuator-autoconfigure\3.2.2\spring-boot-actuator-autoconfigure-3.2.2.jar;C:\Users\Sangita\.m2\repository\org\springframework\boot\spring-boot-actuator\3.2.2\spring-boot-actuator-3.2.2.jar;C:\Users\Sangita\.m2\repository\com\fasterxml\jackson\datatype\jackson-datatype-jsr310\2.15.3
Launcher Type: SUN_STANDARD

[Global flags]
     intx CICompilerCount                          = 3                                         {product} {ergonomic}
     uint ConcGCThreads                            = 1                                         {product} {ergonomic}
     uint G1ConcRefinementThreads                  = 4                                         {product} {ergonomic}
   size_t G1HeapRegionSize                         = 1048576                                   {product} {ergonomic}
    uintx GCDrainStackTargetSize                   = 64                                        {product} {ergonomic}
   size_t InitialHeapSize                          = 130023424                                 {product} {ergonomic}
   size_t MarkStackSize                            = 4194304                                   {product} {ergonomic}
   size_t MaxHeapSize                              = 2067791872                                {product} {ergonomic}
   size_t MaxNewSize                               = 1240465408                                {product} {ergonomic}
   size_t MinHeapDeltaBytes                        = 1048576                                   {product} {ergonomic}
   size_t MinHeapSize                              = 8388608                                   {product} {ergonomic}
    uintx NonNMethodCodeHeapSize                   = 5832780                                {pd product} {ergonomic}
    uintx NonProfiledCodeHeapSize                  = 122912730                              {pd product} {ergonomic}
    uintx ProfiledCodeHeapSize                     = 122912730                              {pd product} {ergonomic}
    uintx ReservedCodeCacheSize                    = 251658240                              {pd product} {ergonomic}
     bool SegmentedCodeCache                       = true                                      {product} {ergonomic}
     bool ShowCodeDetailsInExceptionMessages       = true                                   {manageable} {command line}
   size_t SoftMaxHeapSize                          = 2067791872                             {manageable} {ergonomic}
     bool UseCompressedClassPointers               = true                           {product lp64_product} {ergonomic}
     bool UseCompressedOops                        = true                           {product lp64_product} {ergonomic}
     bool UseG1GC                                  = true                                      {product} {ergonomic}
     bool UseLargePagesIndividualAllocation        = false                                  {pd product} {ergonomic}

Logging:
Log output configuration:
 #0: stdout all=warning uptime,level,tags
 #1: stderr all=off uptime,level,tags

Environment Variables:
JAVA_HOME=C:\Program Files\Java\jdk-17.0.1
CLASSPATH=C:\mysql-connector-java-8.0.27.jar;
PATH=C:/Users/Sangita/Downloads/spring-tool-suite-4-4.18.0.RELEASE-e4.27.0-win32.win32.x86_64.self-extracting/sts-4.18.0.RELEASE//plugins/org.eclipse.justj.openjdk.hotspot.jre.full.win32.x86_64_17.0.6.v20230204-1729/jre/bin/server;C:/Users/Sangita/Downloads/spring-tool-suite-4-4.18.0.RELEASE-e4.27.0-win32.win32.x86_64.self-extracting/sts-4.18.0.RELEASE//plugins/org.eclipse.justj.openjdk.hotspot.jre.full.win32.x86_64_17.0.6.v20230204-1729/jre/bin;C:\Program Files\Common Files\Oracle\Java\javapath;C:\WINDOWS\system32;C:\WINDOWS;C:\WINDOWS\System32\Wbem;C:\WINDOWS\System32\WindowsPowerShell\v1.0\;C:\WINDOWS\System32\OpenSSH\;C:\MinGW\bin;C:\Program Files\Java\jdk-17.0.6\bin;C:\ProgramData\chocolatey\bin;C:\ProgramData\Microsoft\Windows\Start Menu\Programs\Node.js;;C:\Program Files\nodejs;C:\Program Files\Docker\Docker\resources\bin;C:\Program Files\Git\cmd;C:\Users\Sangita\OneDrive\Documents\maven\apache-maven-3.9.9-bin\apache-maven-3.9.9\bin;%JAVA_HOME%\bin;C:\Program Files\MySQL\MySQL Server 8.1\bin;C:\Users\Sangita\AppData\Local\Programs\Microsoft VS Code\bin;C:\MinGW\mingw32\bin;C:\mysql-connector-java-8.0.27\mysql-connector-java-8.0.27;C:\Users\Sangita\AppData\Local\GitHubDesktop\bin;C:\Program Files\Java\jdk-17.0.6\bin;C:\Users\Sangita\AppData\Roaming\npm;C:\Users\Sangita\AppData\Local\gitkraken\bin;C:\ProgramData\Microsoft\Windows\Start Menu\Programs\Node.js;C:\Users\Sangita\AppData\Roaming\nvm;C:\Program Files\nodejs;C:\Users\Sangita\AppData\Local\Microsoft\WindowsApps;C:\Users\Sangita\OneDrive\Documents\maven\apache-maven-3.9.9-bin\apache-maven-3.9.9\bin;C:\Program Files\Java\jdk-17.0.1\bin;C:\Program Files\MySQL\MySQL Server 8.1\bin;;C:\Users\Sangita\Downloads\spring-tool-suite-4-4.18.0.RELEASE-e4.27.0-win32.win32.x86_64.self-extracting\sts-4.18.0.RELEASE;
USERNAME=Sangita
OS=Windows_NT
PROCESSOR_IDENTIFIER=Intel64 Family 6 Model 126 Stepping 5, GenuineIntel
TMP=C:\Users\Sangita\AppData\Local\Temp
TEMP=C:\Users\Sangita\AppData\Local\Temp



---------------  S Y S T E M  ---------------

OS:
 Windows 11 , 64 bit Build 22621 (10.0.22621.3958)
OS uptime: 6 days 4:20 hours
Hyper-V role detected

CPU: total 4 (initial active 4) (2 cores per cpu, 2 threads per core) family 6 model 126 stepping 5 microcode 0xa0, cx8, cmov, fxsr, ht, mmx, 3dnowpref, sse, sse2, sse3, ssse3, sse4.1, sse4.2, popcnt, lzcnt, tsc, tscinvbit, avx, avx2, aes, erms, clmul, bmi1, bmi2, adx, avx512f, avx512dq, avx512cd, avx512bw, avx512vl, sha, fma, vzeroupper, avx512_vpopcntdq, avx512_vpclmulqdq, avx512_vaes, avx512_vnni, clflush, clflushopt, avx512_vbmi2, avx512_vbmi, hv

Memory: 4k page, system-wide physical 7880M (465M free)
TotalPageFile size 15380M (AvailPageFile size 6M)
current process WorkingSet (physical memory assigned to process): 180M, peak: 252M
current process commit charge ("private bytes"): 279M, peak: 293M

vm_info: OpenJDK 64-Bit Server VM (17.0.6+10) for windows-amd64 JRE (17.0.6+10), built on Jan 18 2023 10:08:59 by "temurin" with MS VC++ 16.7 (VS2019)

END.
