#
# There is insufficient memory for the Java Runtime Environment to continue.
# Native memory allocation (malloc) failed to allocate 32744 bytes for ChunkPool::allocate
# Possible reasons:
#   The system is out of physical RAM or swap space
#   The process is running with CompressedOops enabled, and the Java Heap may be blocking the growth of the native heap
# Possible solutions:
#   Reduce memory load on the system
#   Increase physical memory or swap space
#   Check if swap backing store is full
#   Decrease Java heap size (-Xmx/-Xms)
#   Decrease number of Java threads
#   Decrease Java thread stack sizes (-Xss)
#   Set larger code cache with -XX:ReservedCodeCacheSize=
#   JVM is running with Unscaled Compressed Oops mode in which the Java heap is
#     placed in the first 4GB address space. The Java Heap base address is the
#     maximum limit for the native heap growth. Please use -XX:HeapBaseMinAddress
#     to set the Java Heap base and to place the Java Heap above 4GB virtual address.
# This output file may be truncated or incomplete.
#
#  Out of Memory Error (arena.cpp:78), pid=6448, tid=19244
#
# JRE version: OpenJDK Runtime Environment Temurin-17.0.6+10 (17.0.6+10) (build 17.0.6+10)
# Java VM: OpenJDK 64-Bit Server VM Temurin-17.0.6+10 (17.0.6+10, mixed mode, emulated-client, tiered, compressed oops, compressed class ptrs, g1 gc, windows-amd64)
# No core dump will be written. Minidumps are not enabled by default on client versions of Windows
#

---------------  S U M M A R Y ------------

Command Line: -Dcom.sun.management.jmxremote -Dcom.sun.management.jmxremote.port=56964 -Dcom.sun.management.jmxremote.authenticate=false -Dcom.sun.management.jmxremote.ssl=false -Djava.rmi.server.hostname=localhost -Dspring.jmx.enabled=true -Dmanagement.endpoints.jmx.exposure.include=* -Dspring.application.admin.enabled=true -XX:TieredStopAtLevel=1 -Dspring.boot.project.name=e_server -Dfile.encoding=UTF-8 -XX:+ShowCodeDetailsInExceptionMessages com.server.EServerApplication --spring.output.ansi.enabled=always

Host: Intel(R) Core(TM) i3-1005G1 CPU @ 1.20GHz, 4 cores, 7G,  Windows 11 , 64 bit Build 22621 (10.0.22621.3958)
Time: Fri Oct 25 20:32:14 2024 India Standard Time elapsed time: 4147.010088 seconds (0d 1h 9m 7s)

---------------  T H R E A D  ---------------

Current thread (0x0000016244c481a0):  JavaThread "C1 CompilerThread0" daemon [_thread_in_native, id=19244, stack(0x000000578ef00000,0x000000578f000000)]


Current CompileTask:
C1:4147010 10655   !   1       org.apache.http.client.protocol.RequestAddCookies::process (752 bytes)

Stack: [0x000000578ef00000,0x000000578f000000]
Native frames: (J=compiled Java code, j=interpreted, Vv=VM code, C=native code)
V  [jvm.dll+0x67741a]
V  [jvm.dll+0x834434]
V  [jvm.dll+0x835bde]
V  [jvm.dll+0x836243]
V  [jvm.dll+0x2457b5]
V  [jvm.dll+0xabd1c]
V  [jvm.dll+0xac0cc]
V  [jvm.dll+0x11cb45]
V  [jvm.dll+0x17a004]
V  [jvm.dll+0x17a5e3]
V  [jvm.dll+0x134d93]
V  [jvm.dll+0x13468f]
V  [jvm.dll+0x1348c6]
V  [jvm.dll+0x133d5a]
V  [jvm.dll+0x135a21]
V  [jvm.dll+0x22742a]
V  [jvm.dll+0x225565]
V  [jvm.dll+0x7ea2cb]
V  [jvm.dll+0x7e483a]
V  [jvm.dll+0x6762c5]
C  [ucrtbase.dll+0x29333]
C  [KERNEL32.DLL+0x1257d]
C  [ntdll.dll+0x5af08]


---------------  P R O C E S S  ---------------

Threads class SMR info:
_java_thread_list=0x0000016249e6f070, length=65, elements={
0x0000016244227f40, 0x000001624422c790, 0x0000016244c374c0, 0x0000016244c37d80,
0x0000016244c38640, 0x0000016244c3e810, 0x0000016244c481a0, 0x0000016244c74e60,
0x00000162441a00d0, 0x0000016244e10800, 0x0000016245551300, 0x000001624553d4c0,
0x000001624526b560, 0x00000162454ad6b0, 0x00000162456130d0, 0x000001624983ebd0,
0x000001624983d3c0, 0x000001624983c550, 0x000001624983e230, 0x000001624983cef0,
0x000001624983d890, 0x000001624983f0a0, 0x000001624983dd60, 0x000001624983f570,
0x000001624983fa40, 0x000001624983c080, 0x000001624983ca20, 0x000001624983e700,
0x0000016249a33890, 0x0000016249a32080, 0x0000016249a35a40, 0x0000016249a32550,
0x0000016249a398d0, 0x0000016249a35f10, 0x0000016249a38a60, 0x0000016249a32a20,
0x0000016249a34230, 0x0000016249a363e0, 0x0000016249a33d60, 0x0000016249a37720,
0x0000016249a333c0, 0x0000016249a34700, 0x0000016249a34bd0, 0x0000016249a32ef0,
0x0000016249a350a0, 0x0000016249a35570, 0x0000016249a368b0, 0x0000016249a37bf0,
0x0000016249a380c0, 0x0000016249a36d80, 0x0000016249a37250, 0x0000016249a38f30,
0x0000016249a38590, 0x0000016249a39400, 0x0000016249a81090, 0x0000016249a84a50,
0x0000016249a84580, 0x0000016249a83710, 0x0000016249a83240, 0x0000016249a80bc0,
0x0000016249a840b0, 0x0000016249a7e540, 0x0000016249a81a30, 0x0000016249a81560,
0x0000016249a853f0
}

Java Threads: ( => current thread )
  0x0000016244227f40 JavaThread "Reference Handler" daemon [_thread_blocked, id=4100, stack(0x000000578e900000,0x000000578ea00000)]
  0x000001624422c790 JavaThread "Finalizer" daemon [_thread_blocked, id=18048, stack(0x000000578ea00000,0x000000578eb00000)]
  0x0000016244c374c0 JavaThread "Signal Dispatcher" daemon [_thread_blocked, id=2424, stack(0x000000578eb00000,0x000000578ec00000)]
  0x0000016244c37d80 JavaThread "Attach Listener" daemon [_thread_blocked, id=16196, stack(0x000000578ec00000,0x000000578ed00000)]
  0x0000016244c38640 JavaThread "Service Thread" daemon [_thread_blocked, id=19664, stack(0x000000578ed00000,0x000000578ee00000)]
  0x0000016244c3e810 JavaThread "Monitor Deflation Thread" daemon [_thread_blocked, id=15496, stack(0x000000578ee00000,0x000000578ef00000)]
=>0x0000016244c481a0 JavaThread "C1 CompilerThread0" daemon [_thread_in_native, id=19244, stack(0x000000578ef00000,0x000000578f000000)]
  0x0000016244c74e60 JavaThread "Sweeper thread" daemon [_thread_blocked, id=7180, stack(0x000000578f000000,0x000000578f100000)]
  0x00000162441a00d0 JavaThread "Common-Cleaner" daemon [_thread_blocked, id=18856, stack(0x000000578f100000,0x000000578f200000)]
  0x0000016244e10800 JavaThread "Notification Thread" daemon [_thread_blocked, id=4448, stack(0x000000578f400000,0x000000578f500000)]
  0x0000016245551300 JavaThread "RMI TCP Accept-0" daemon [_thread_in_native, id=2960, stack(0x000000578f300000,0x000000578f400000)]
  0x000001624553d4c0 JavaThread "RMI TCP Accept-56964" daemon [_thread_in_native, id=13540, stack(0x000000578f500000,0x000000578f600000)]
  0x000001624526b560 JavaThread "RMI TCP Accept-0" daemon [_thread_in_native, id=1780, stack(0x000000578fb00000,0x000000578fc00000)]
  0x00000162454ad6b0 JavaThread "RMI Scheduler(0)" daemon [_thread_blocked, id=7144, stack(0x000000578fc00000,0x000000578fd00000)]
  0x00000162456130d0 JavaThread "JMX server connection timeout 21" daemon [_thread_blocked, id=15156, stack(0x000000578ff00000,0x0000005790000000)]
  0x000001624983ebd0 JavaThread "Catalina-utility-1" [_thread_blocked, id=7396, stack(0x0000005790300000,0x0000005790400000)]
  0x000001624983d3c0 JavaThread "Catalina-utility-2" [_thread_blocked, id=2628, stack(0x0000005790400000,0x0000005790500000)]
  0x000001624983c550 JavaThread "container-0" [_thread_blocked, id=5352, stack(0x0000005790500000,0x0000005790600000)]
  0x000001624983e230 JavaThread "spring.cloud.inetutils" daemon [_thread_blocked, id=19928, stack(0x000000578f200000,0x000000578f300000)]
  0x000001624983cef0 JavaThread "Eureka-DeltaRetentionTimer" daemon [_thread_blocked, id=12492, stack(0x000000578e000000,0x000000578e100000)]
  0x000001624983d890 JavaThread "Eureka-EvictionTimer" daemon [_thread_blocked, id=19812, stack(0x000000578e200000,0x000000578e300000)]
  0x000001624983f0a0 JavaThread "Eureka-MeasureRateTimer" daemon [_thread_blocked, id=12412, stack(0x0000005790000000,0x0000005790100000)]
  0x000001624983dd60 JavaThread "ReplicaAwareInstanceRegistry - RenewalThresholdUpdater" daemon [_thread_blocked, id=7548, stack(0x0000005790600000,0x0000005790700000)]
  0x000001624983f570 JavaThread "Eureka-MeasureRateTimer" daemon [_thread_blocked, id=15216, stack(0x0000005790700000,0x0000005790800000)]
  0x000001624983fa40 JavaThread "Eureka-Jersey3Client-Conn-Cleaner2" daemon [_thread_blocked, id=16684, stack(0x0000005790900000,0x0000005790a00000)]
  0x000001624983c080 JavaThread "TaskAcceptor-target_localhost" daemon [_thread_blocked, id=19524, stack(0x0000005790a00000,0x0000005790b00000)]
  0x000001624983ca20 JavaThread "StatsMonitor-0" daemon [_thread_blocked, id=16528, stack(0x0000005790b00000,0x0000005790c00000)]
  0x000001624983e700 JavaThread "TaskBatchingWorker-target_localhost-0" daemon [_thread_blocked, id=15232, stack(0x0000005790c00000,0x0000005790d00000)]
  0x0000016249a33890 JavaThread "TaskBatchingWorker-target_localhost-1" daemon [_thread_blocked, id=14760, stack(0x0000005790d00000,0x0000005790e00000)]
  0x0000016249a32080 JavaThread "TaskBatchingWorker-target_localhost-2" daemon [_thread_blocked, id=17856, stack(0x0000005790e00000,0x0000005790f00000)]
  0x0000016249a35a40 JavaThread "TaskBatchingWorker-target_localhost-3" daemon [_thread_blocked, id=20072, stack(0x0000005790f00000,0x0000005791000000)]
  0x0000016249a32550 JavaThread "TaskBatchingWorker-target_localhost-4" daemon [_thread_blocked, id=15600, stack(0x0000005791000000,0x0000005791100000)]
  0x0000016249a398d0 JavaThread "TaskBatchingWorker-target_localhost-5" daemon [_thread_blocked, id=7124, stack(0x0000005791100000,0x0000005791200000)]
  0x0000016249a35f10 JavaThread "TaskBatchingWorker-target_localhost-6" daemon [_thread_blocked, id=2652, stack(0x0000005791200000,0x0000005791300000)]
  0x0000016249a38a60 JavaThread "TaskBatchingWorker-target_localhost-7" daemon [_thread_blocked, id=16032, stack(0x0000005791300000,0x0000005791400000)]
  0x0000016249a32a20 JavaThread "TaskBatchingWorker-target_localhost-8" daemon [_thread_blocked, id=5600, stack(0x0000005791400000,0x0000005791500000)]
  0x0000016249a34230 JavaThread "TaskBatchingWorker-target_localhost-9" daemon [_thread_blocked, id=7560, stack(0x0000005791500000,0x0000005791600000)]
  0x0000016249a363e0 JavaThread "TaskBatchingWorker-target_localhost-10" daemon [_thread_blocked, id=8280, stack(0x0000005791600000,0x0000005791700000)]
  0x0000016249a33d60 JavaThread "TaskBatchingWorker-target_localhost-11" daemon [_thread_blocked, id=2408, stack(0x0000005791700000,0x0000005791800000)]
  0x0000016249a37720 JavaThread "TaskBatchingWorker-target_localhost-12" daemon [_thread_blocked, id=11520, stack(0x0000005791800000,0x0000005791900000)]
  0x0000016249a333c0 JavaThread "TaskBatchingWorker-target_localhost-13" daemon [_thread_blocked, id=2484, stack(0x0000005791900000,0x0000005791a00000)]
  0x0000016249a34700 JavaThread "TaskBatchingWorker-target_localhost-14" daemon [_thread_blocked, id=3748, stack(0x0000005791a00000,0x0000005791b00000)]
  0x0000016249a34bd0 JavaThread "TaskBatchingWorker-target_localhost-15" daemon [_thread_blocked, id=12068, stack(0x0000005791b00000,0x0000005791c00000)]
  0x0000016249a32ef0 JavaThread "TaskBatchingWorker-target_localhost-16" daemon [_thread_blocked, id=8452, stack(0x0000005791c00000,0x0000005791d00000)]
  0x0000016249a350a0 JavaThread "TaskBatchingWorker-target_localhost-17" daemon [_thread_blocked, id=10812, stack(0x0000005791d00000,0x0000005791e00000)]
  0x0000016249a35570 JavaThread "TaskBatchingWorker-target_localhost-18" daemon [_thread_blocked, id=5852, stack(0x0000005791e00000,0x0000005791f00000)]
  0x0000016249a368b0 JavaThread "TaskBatchingWorker-target_localhost-19" daemon [_thread_blocked, id=1684, stack(0x0000005791f00000,0x0000005792000000)]
  0x0000016249a37bf0 JavaThread "TaskAcceptor-localhost" daemon [_thread_blocked, id=21240, stack(0x0000005792000000,0x0000005792100000)]
  0x0000016249a380c0 JavaThread "TaskNonBatchingWorker-localhost-0" daemon [_thread_blocked, id=15992, stack(0x0000005792100000,0x0000005792200000)]
  0x0000016249a36d80 JavaThread "Eureka-PeerNodesUpdater" daemon [_thread_blocked, id=13164, stack(0x0000005792200000,0x0000005792300000)]
  0x0000016249a37250 JavaThread "Eureka-CacheFillTimer" daemon [_thread_blocked, id=6388, stack(0x0000005792300000,0x0000005792400000)]
  0x0000016249a38f30 JavaThread "http-nio-8761-exec-1" daemon [_thread_blocked, id=5948, stack(0x0000005792500000,0x0000005792600000)]
  0x0000016249a38590 JavaThread "http-nio-8761-exec-2" daemon [_thread_blocked, id=6304, stack(0x0000005792600000,0x0000005792700000)]
  0x0000016249a39400 JavaThread "http-nio-8761-exec-3" daemon [_thread_blocked, id=12096, stack(0x0000005792400000,0x0000005792500000)]
  0x0000016249a81090 JavaThread "http-nio-8761-exec-4" daemon [_thread_blocked, id=1412, stack(0x0000005792700000,0x0000005792800000)]
  0x0000016249a84a50 JavaThread "http-nio-8761-exec-5" daemon [_thread_blocked, id=17640, stack(0x0000005792800000,0x0000005792900000)]
  0x0000016249a84580 JavaThread "http-nio-8761-exec-6" daemon [_thread_blocked, id=19216, stack(0x0000005792900000,0x0000005792a00000)]
  0x0000016249a83710 JavaThread "http-nio-8761-exec-7" daemon [_thread_blocked, id=20760, stack(0x0000005792a00000,0x0000005792b00000)]
  0x0000016249a83240 JavaThread "http-nio-8761-exec-8" daemon [_thread_blocked, id=18364, stack(0x0000005792b00000,0x0000005792c00000)]
  0x0000016249a80bc0 JavaThread "http-nio-8761-exec-9" daemon [_thread_blocked, id=6828, stack(0x0000005792c00000,0x0000005792d00000)]
  0x0000016249a840b0 JavaThread "http-nio-8761-exec-10" daemon [_thread_blocked, id=11896, stack(0x0000005792d00000,0x0000005792e00000)]
  0x0000016249a7e540 JavaThread "http-nio-8761-Poller" daemon [_thread_in_native, id=884, stack(0x0000005792e00000,0x0000005792f00000)]
  0x0000016249a81a30 JavaThread "http-nio-8761-Acceptor" daemon [_thread_in_native, id=1584, stack(0x0000005792f00000,0x0000005793000000)]
  0x0000016249a81560 JavaThread "DestroyJavaVM" [_thread_blocked, id=17112, stack(0x000000578e100000,0x000000578e200000)]
  0x0000016249a853f0 JavaThread "RMI TCP Connection(idle)" daemon [_thread_blocked, id=6284, stack(0x0000005793600000,0x0000005793700000)]

Other Threads:
  0x0000016244206a10 VMThread "VM Thread" [stack: 0x000000578e800000,0x000000578e900000] [id=15296]
  0x0000016245560160 WatcherThread [stack: 0x000000578fd00000,0x000000578fe00000] [id=15728]
  0x0000016234f9e4f0 GCTaskThread "GC Thread#0" [stack: 0x000000578e300000,0x000000578e400000] [id=12892]
  0x0000016245563ba0 GCTaskThread "GC Thread#1" [stack: 0x000000578f600000,0x000000578f700000] [id=4892]
  0x0000016245536c30 GCTaskThread "GC Thread#2" [stack: 0x000000578f700000,0x000000578f800000] [id=2036]
  0x0000016245536ee0 GCTaskThread "GC Thread#3" [stack: 0x000000578f800000,0x000000578f900000] [id=7268]
  0x0000016234fb09c0 ConcurrentGCThread "G1 Main Marker" [stack: 0x000000578e400000,0x000000578e500000] [id=18268]
  0x0000016234fb1a70 ConcurrentGCThread "G1 Conc#0" [stack: 0x000000578e500000,0x000000578e600000] [id=1756]
  0x0000016234fedad0 ConcurrentGCThread "G1 Refine#0" [stack: 0x000000578e600000,0x000000578e700000] [id=15800]
  0x00000162455507f0 ConcurrentGCThread "G1 Refine#1" [stack: 0x000000578f900000,0x000000578fa00000] [id=16692]
  0x0000016234fee3f0 ConcurrentGCThread "G1 Service" [stack: 0x000000578e700000,0x000000578e800000] [id=16136]

Threads with active compile tasks:
C1 CompilerThread0  4147045 10655   !   1       org.apache.http.client.protocol.RequestAddCookies::process (752 bytes)

VM state: not at safepoint (normal execution)

VM Mutex/Monitor currently owned by a thread: None

Heap address: 0x0000000084c00000, size: 1972 MB, Compressed Oops mode: 32-bit

CDS archive(s) not mapped
Compressed class space mapped at: 0x0000000100000000-0x0000000140000000, reserved size: 1073741824
Narrow klass base: 0x0000000000000000, Narrow klass shift: 3, Narrow klass range: 0x140000000

GC Precious Log:
 CPUs: 4 total, 4 available
 Memory: 7880M
 Large Page Support: Disabled
 NUMA Support: Disabled
 Compressed Oops: Enabled (32-bit)
 Heap Region Size: 1M
 Heap Min Capacity: 8M
 Heap Initial Capacity: 124M
 Heap Max Capacity: 1972M
 Pre-touch: Disabled
 Parallel Workers: 4
 Concurrent Workers: 1
 Concurrent Refinement Workers: 4
 Periodic GC: Disabled

Heap:
 garbage-first heap   total 56320K, used 37154K [0x0000000084c00000, 0x0000000100000000)
  region size 1024K, 3 young (3072K), 1 survivors (1024K)
 Metaspace       used 64564K, committed 65216K, reserved 1105920K
  class space    used 8832K, committed 9152K, reserved 1048576K

Heap Regions: E=young(eden), S=young(survivor), O=old, HS=humongous(starts), HC=humongous(continues), CS=collection set, F=free, OA=open archive, CA=closed archive, TAMS=top-at-mark-start (previous, next)
|   0|0x0000000084c00000, 0x0000000084d00000, 0x0000000084d00000|100%|HS|  |TAMS 0x0000000084d00000, 0x0000000084c00000| Complete 
|   1|0x0000000084d00000, 0x0000000084e00000, 0x0000000084e00000|100%| O|  |TAMS 0x0000000084e00000, 0x0000000084d00000| Untracked 
|   2|0x0000000084e00000, 0x0000000084f00000, 0x0000000084f00000|100%| O|  |TAMS 0x0000000084f00000, 0x0000000084e00000| Untracked 
|   3|0x0000000084f00000, 0x0000000085000000, 0x0000000085000000|100%| O|  |TAMS 0x0000000085000000, 0x0000000084f00000| Untracked 
|   4|0x0000000085000000, 0x0000000085100000, 0x0000000085100000|100%| O|  |TAMS 0x0000000085100000, 0x0000000085000000| Untracked 
|   5|0x0000000085100000, 0x0000000085200000, 0x0000000085200000|100%| O|  |TAMS 0x0000000085200000, 0x0000000085100000| Untracked 
|   6|0x0000000085200000, 0x0000000085300000, 0x0000000085300000|100%| O|  |TAMS 0x0000000085300000, 0x0000000085200000| Untracked 
|   7|0x0000000085300000, 0x0000000085400000, 0x0000000085400000|100%| O|  |TAMS 0x0000000085400000, 0x0000000085300000| Untracked 
|   8|0x0000000085400000, 0x0000000085500000, 0x0000000085500000|100%| O|  |TAMS 0x0000000085500000, 0x0000000085400000| Untracked 
|   9|0x0000000085500000, 0x0000000085600000, 0x0000000085600000|100%| O|  |TAMS 0x0000000085600000, 0x0000000085500000| Untracked 
|  10|0x0000000085600000, 0x0000000085700000, 0x0000000085700000|100%| O|  |TAMS 0x0000000085700000, 0x0000000085600000| Untracked 
|  11|0x0000000085700000, 0x0000000085800000, 0x0000000085800000|100%| O|  |TAMS 0x0000000085800000, 0x0000000085700000| Untracked 
|  12|0x0000000085800000, 0x0000000085900000, 0x0000000085900000|100%| O|  |TAMS 0x0000000085900000, 0x0000000085800000| Untracked 
|  13|0x0000000085900000, 0x0000000085a00000, 0x0000000085a00000|100%| O|  |TAMS 0x0000000085900000, 0x0000000085900000| Untracked 
|  14|0x0000000085a00000, 0x0000000085b00000, 0x0000000085b00000|100%| O|  |TAMS 0x0000000085afc800, 0x0000000085a00000| Untracked 
|  15|0x0000000085b00000, 0x0000000085c00000, 0x0000000085c00000|100%| O|  |TAMS 0x0000000085c00000, 0x0000000085b00000| Untracked 
|  16|0x0000000085c00000, 0x0000000085d00000, 0x0000000085d00000|100%| O|  |TAMS 0x0000000085d00000, 0x0000000085c00000| Untracked 
|  17|0x0000000085d00000, 0x0000000085e00000, 0x0000000085e00000|100%| O|  |TAMS 0x0000000085e00000, 0x0000000085d00000| Untracked 
|  18|0x0000000085e00000, 0x0000000085f00000, 0x0000000085f00000|100%| O|  |TAMS 0x0000000085f00000, 0x0000000085e00000| Untracked 
|  19|0x0000000085f00000, 0x0000000086000000, 0x0000000086000000|100%| O|  |TAMS 0x0000000085f00000, 0x0000000085f00000| Untracked 
|  20|0x0000000086000000, 0x0000000086100000, 0x0000000086100000|100%| O|  |TAMS 0x0000000086100000, 0x0000000086000000| Untracked 
|  21|0x0000000086100000, 0x0000000086200000, 0x0000000086200000|100%| O|  |TAMS 0x0000000086200000, 0x0000000086100000| Untracked 
|  22|0x0000000086200000, 0x0000000086300000, 0x0000000086300000|100%| O|  |TAMS 0x0000000086300000, 0x0000000086200000| Untracked 
|  23|0x0000000086300000, 0x0000000086400000, 0x0000000086400000|100%| O|  |TAMS 0x0000000086400000, 0x0000000086300000| Untracked 
|  24|0x0000000086400000, 0x0000000086500000, 0x0000000086500000|100%| O|  |TAMS 0x0000000086500000, 0x0000000086400000| Untracked 
|  25|0x0000000086500000, 0x0000000086600000, 0x0000000086600000|100%| O|  |TAMS 0x0000000086600000, 0x0000000086500000| Untracked 
|  26|0x0000000086600000, 0x0000000086700000, 0x0000000086700000|100%| O|  |TAMS 0x0000000086700000, 0x0000000086600000| Untracked 
|  27|0x0000000086700000, 0x0000000086800000, 0x0000000086800000|100%| O|  |TAMS 0x0000000086800000, 0x0000000086700000| Untracked 
|  28|0x0000000086800000, 0x0000000086900000, 0x0000000086900000|100%| O|  |TAMS 0x0000000086900000, 0x0000000086800000| Untracked 
|  29|0x0000000086900000, 0x0000000086a00000, 0x0000000086a00000|100%| O|  |TAMS 0x0000000086900000, 0x0000000086900000| Untracked 
|  30|0x0000000086a00000, 0x0000000086b00000, 0x0000000086b00000|100%| O|  |TAMS 0x0000000086a00000, 0x0000000086a00000| Untracked 
|  31|0x0000000086b00000, 0x0000000086c00000, 0x0000000086c00000|100%| O|  |TAMS 0x0000000086b00000, 0x0000000086b00000| Untracked 
|  32|0x0000000086c00000, 0x0000000086d00000, 0x0000000086d00000|100%| O|  |TAMS 0x0000000086c00000, 0x0000000086c00000| Untracked 
|  33|0x0000000086d00000, 0x0000000086e00000, 0x0000000086e00000|100%| O|  |TAMS 0x0000000086d00000, 0x0000000086d00000| Untracked 
|  34|0x0000000086e00000, 0x0000000086e75400, 0x0000000086f00000| 45%| O|  |TAMS 0x0000000086e00000, 0x0000000086e00000| Untracked 
|  35|0x0000000086f00000, 0x0000000086f00000, 0x0000000087000000|  0%| F|  |TAMS 0x0000000086f00000, 0x0000000086f00000| Untracked 
|  36|0x0000000087000000, 0x0000000087000000, 0x0000000087100000|  0%| F|  |TAMS 0x0000000087000000, 0x0000000087000000| Untracked 
|  37|0x0000000087100000, 0x0000000087100000, 0x0000000087200000|  0%| F|  |TAMS 0x0000000087100000, 0x0000000087100000| Untracked 
|  38|0x0000000087200000, 0x0000000087200000, 0x0000000087300000|  0%| F|  |TAMS 0x0000000087200000, 0x0000000087200000| Untracked 
|  39|0x0000000087300000, 0x0000000087300000, 0x0000000087400000|  0%| F|  |TAMS 0x0000000087300000, 0x0000000087300000| Untracked 
|  40|0x0000000087400000, 0x0000000087400000, 0x0000000087500000|  0%| F|  |TAMS 0x0000000087400000, 0x0000000087400000| Untracked 
|  41|0x0000000087500000, 0x0000000087500000, 0x0000000087600000|  0%| F|  |TAMS 0x0000000087500000, 0x0000000087500000| Untracked 
|  42|0x0000000087600000, 0x00000000876d3750, 0x0000000087700000| 82%| S|CS|TAMS 0x0000000087600000, 0x0000000087600000| Complete 
|  43|0x0000000087700000, 0x0000000087700000, 0x0000000087800000|  0%| F|  |TAMS 0x0000000087700000, 0x0000000087700000| Untracked 
|  44|0x0000000087800000, 0x0000000087800000, 0x0000000087900000|  0%| F|  |TAMS 0x0000000087800000, 0x0000000087800000| Untracked 
|  45|0x0000000087900000, 0x0000000087900000, 0x0000000087a00000|  0%| F|  |TAMS 0x0000000087900000, 0x0000000087900000| Untracked 
|  46|0x0000000087a00000, 0x0000000087a00000, 0x0000000087b00000|  0%| F|  |TAMS 0x0000000087a00000, 0x0000000087a00000| Untracked 
|  47|0x0000000087b00000, 0x0000000087b00000, 0x0000000087c00000|  0%| F|  |TAMS 0x0000000087b00000, 0x0000000087b00000| Untracked 
|  48|0x0000000087c00000, 0x0000000087c00000, 0x0000000087d00000|  0%| F|  |TAMS 0x0000000087c00000, 0x0000000087c00000| Untracked 
|  49|0x0000000087d00000, 0x0000000087d00000, 0x0000000087e00000|  0%| F|  |TAMS 0x0000000087d00000, 0x0000000087d00000| Untracked 
| 102|0x000000008b200000, 0x000000008b200000, 0x000000008b300000|  0%| F|  |TAMS 0x000000008b200000, 0x000000008b200000| Untracked 
| 103|0x000000008b300000, 0x000000008b300000, 0x000000008b400000|  0%| F|  |TAMS 0x000000008b300000, 0x000000008b300000| Untracked 
| 107|0x000000008b700000, 0x000000008b700000, 0x000000008b800000|  0%| F|  |TAMS 0x000000008b700000, 0x000000008b700000| Untracked 
| 122|0x000000008c600000, 0x000000008c641460, 0x000000008c700000| 25%| E|  |TAMS 0x000000008c600000, 0x000000008c600000| Complete 
| 123|0x000000008c700000, 0x000000008c800000, 0x000000008c800000|100%| E|CS|TAMS 0x000000008c700000, 0x000000008c700000| Complete 

Card table byte_map: [0x000001623d640000,0x000001623da20000] _byte_map_base: 0x000001623d21a000

Marking Bits (Prev, Next): (CMBitMap*) 0x0000016234fa0a10, (CMBitMap*) 0x0000016234fa0a50
 Prev Bits: [0x000001623de00000, 0x000001623fcd0000)
 Next Bits: [0x000001623fcd0000, 0x0000016241ba0000)

Polling page: 0x0000016234dd0000

Metaspace:

Usage:
  Non-class:     54.43 MB used.
      Class:      8.63 MB used.
       Both:     63.05 MB used.

Virtual space:
  Non-class space:       56.00 MB reserved,      54.75 MB ( 98%) committed,  7 nodes.
      Class space:        1.00 GB reserved,       8.94 MB ( <1%) committed,  1 nodes.
             Both:        1.05 GB reserved,      63.69 MB (  6%) committed. 

Chunk freelists:
   Non-Class:  1.14 MB
       Class:  3.05 MB
        Both:  4.19 MB

MaxMetaspaceSize: unlimited
CompressedClassSpaceSize: 1.00 GB
Initial GC threshold: 21.00 MB
Current GC threshold: 94.62 MB
CDS: off
MetaspaceReclaimPolicy: balanced
 - commit_granule_bytes: 65536.
 - commit_granule_words: 8192.
 - virtual_space_node_default_size: 1048576.
 - enlarge_chunks_in_place: 1.
 - new_chunks_are_fully_committed: 0.
 - uncommit_free_chunks: 1.
 - use_allocation_guard: 0.
 - handle_deallocations: 1.


Internal statistics:

num_allocs_failed_limit: 6.
num_arena_births: 1130.
num_arena_deaths: 196.
num_vsnodes_births: 8.
num_vsnodes_deaths: 0.
num_space_committed: 1019.
num_space_uncommitted: 0.
num_chunks_returned_to_freelist: 247.
num_chunks_taken_from_freelist: 3461.
num_chunk_merges: 74.
num_chunk_splits: 2193.
num_chunks_enlarged: 1499.
num_purges: 8.
num_inconsistent_stats: 0.

CodeCache: size=49152Kb used=18323Kb max_used=19312Kb free=30828Kb
 bounds [0x0000016239e00000, 0x000001623b140000, 0x000001623ce00000]
 total_blobs=11231 nmethods=10614 adapters=544
 compilation: enabled
              stopped_count=0, restarted_count=0
 full_count=0

Compilation events (20 events):
Event: 4075.964 Thread 0x0000016244c481a0 nmethod 10644 0x000001623afc1c10 code [0x000001623afc1da0, 0x000001623afc1eb8]
Event: 4075.964 Thread 0x0000016244c481a0 10645       1       com.google.common.cache.LocalCache$StrongWriteEntry::setNextInWriteQueue (6 bytes)
Event: 4075.964 Thread 0x0000016244c481a0 nmethod 10645 0x000001623afc1910 code [0x000001623afc1aa0, 0x000001623afc1bb8]
Event: 4075.964 Thread 0x0000016244c481a0 10646       1       com.google.common.cache.LocalCache$StrongWriteEntry::setPreviousInWriteQueue (6 bytes)
Event: 4075.964 Thread 0x0000016244c481a0 nmethod 10646 0x000001623afc1610 code [0x000001623afc17a0, 0x000001623afc18b8]
Event: 4103.502 Thread 0x0000016244c481a0 10648       1       com.netflix.discovery.shared.Applications::setVersion (6 bytes)
Event: 4103.504 Thread 0x0000016244c481a0 nmethod 10648 0x000001623afc1310 code [0x000001623afc14a0, 0x000001623afc15b8]
Event: 4103.504 Thread 0x0000016244c481a0 10649       1       com.netflix.discovery.shared.Applications::populateInstanceCountMap (99 bytes)
Event: 4103.513 Thread 0x0000016244c481a0 nmethod 10649 0x000001623afc0710 code [0x000001623afc0920, 0x000001623afc0f38]
Event: 4103.513 Thread 0x0000016244c481a0 10650       1       com.netflix.discovery.shared.Applications::setAppsHashCode (6 bytes)
Event: 4103.513 Thread 0x0000016244c481a0 nmethod 10650 0x000001623afc0410 code [0x000001623afc05a0, 0x000001623afc06b8]
Event: 4121.298 Thread 0x0000016244c481a0 10654       1       javax.management.openmbean.CompositeDataSupport::getAll (46 bytes)
Event: 4121.299 Thread 0x0000016244c481a0 nmethod 10654 0x000001623afbfd10 code [0x000001623afbfec0, 0x000001623afc0248]
Event: 4121.300 Thread 0x0000016244c481a0 10651       1       javax.management.openmbean.TabularDataSupport::checkValueAndIndex (37 bytes)
Event: 4121.303 Thread 0x0000016244c481a0 nmethod 10651 0x000001623afbf610 code [0x000001623afbf800, 0x000001623afbfb58]
Event: 4121.303 Thread 0x0000016244c481a0 10652       1       javax.management.openmbean.TabularDataSupport::checkValueType (56 bytes)
Event: 4121.306 Thread 0x0000016244c481a0 nmethod 10652 0x000001623afbee90 code [0x000001623afbf080, 0x000001623afbf3f8]
Event: 4121.306 Thread 0x0000016244c481a0 10653       1       javax.management.openmbean.TabularDataSupport::internalCalculateIndex (17 bytes)
Event: 4121.306 Thread 0x0000016244c481a0 nmethod 10653 0x000001623afbe910 code [0x000001623afbeac0, 0x000001623afbed28]
Event: 4146.976 Thread 0x0000016244c481a0 10655   !   1       org.apache.http.client.protocol.RequestAddCookies::process (752 bytes)

GC Heap History (20 events):
Event: 2310.956 GC heap before
{Heap before GC invocations=53 (full 0):
 garbage-first heap   total 56320K, used 48348K [0x0000000084c00000, 0x0000000100000000)
  region size 1024K, 13 young (13312K), 1 survivors (1024K)
 Metaspace       used 64564K, committed 65216K, reserved 1105920K
  class space    used 8832K, committed 9152K, reserved 1048576K
}
Event: 2310.959 GC heap after
{Heap after GC invocations=54 (full 0):
 garbage-first heap   total 56320K, used 36079K [0x0000000084c00000, 0x0000000100000000)
  region size 1024K, 1 young (1024K), 1 survivors (1024K)
 Metaspace       used 64564K, committed 65216K, reserved 1105920K
  class space    used 8832K, committed 9152K, reserved 1048576K
}
Event: 2503.987 GC heap before
{Heap before GC invocations=54 (full 0):
 garbage-first heap   total 56320K, used 48367K [0x0000000084c00000, 0x0000000100000000)
  region size 1024K, 13 young (13312K), 1 survivors (1024K)
 Metaspace       used 64564K, committed 65216K, reserved 1105920K
  class space    used 8832K, committed 9152K, reserved 1048576K
}
Event: 2503.992 GC heap after
{Heap after GC invocations=55 (full 0):
 garbage-first heap   total 56320K, used 36015K [0x0000000084c00000, 0x0000000100000000)
  region size 1024K, 1 young (1024K), 1 survivors (1024K)
 Metaspace       used 64564K, committed 65216K, reserved 1105920K
  class space    used 8832K, committed 9152K, reserved 1048576K
}
Event: 2714.100 GC heap before
{Heap before GC invocations=55 (full 0):
 garbage-first heap   total 56320K, used 48303K [0x0000000084c00000, 0x0000000100000000)
  region size 1024K, 13 young (13312K), 1 survivors (1024K)
 Metaspace       used 64564K, committed 65216K, reserved 1105920K
  class space    used 8832K, committed 9152K, reserved 1048576K
}
Event: 2714.103 GC heap after
{Heap after GC invocations=56 (full 0):
 garbage-first heap   total 56320K, used 36088K [0x0000000084c00000, 0x0000000100000000)
  region size 1024K, 1 young (1024K), 1 survivors (1024K)
 Metaspace       used 64564K, committed 65216K, reserved 1105920K
  class space    used 8832K, committed 9152K, reserved 1048576K
}
Event: 2924.082 GC heap before
{Heap before GC invocations=56 (full 0):
 garbage-first heap   total 56320K, used 48376K [0x0000000084c00000, 0x0000000100000000)
  region size 1024K, 13 young (13312K), 1 survivors (1024K)
 Metaspace       used 64564K, committed 65216K, reserved 1105920K
  class space    used 8832K, committed 9152K, reserved 1048576K
}
Event: 2924.087 GC heap after
{Heap after GC invocations=57 (full 0):
 garbage-first heap   total 56320K, used 36108K [0x0000000084c00000, 0x0000000100000000)
  region size 1024K, 1 young (1024K), 1 survivors (1024K)
 Metaspace       used 64564K, committed 65216K, reserved 1105920K
  class space    used 8832K, committed 9152K, reserved 1048576K
}
Event: 3134.784 GC heap before
{Heap before GC invocations=57 (full 0):
 garbage-first heap   total 56320K, used 47372K [0x0000000084c00000, 0x0000000100000000)
  region size 1024K, 13 young (13312K), 1 survivors (1024K)
 Metaspace       used 64564K, committed 65216K, reserved 1105920K
  class space    used 8832K, committed 9152K, reserved 1048576K
}
Event: 3134.790 GC heap after
{Heap after GC invocations=58 (full 0):
 garbage-first heap   total 56320K, used 36104K [0x0000000084c00000, 0x0000000100000000)
  region size 1024K, 1 young (1024K), 1 survivors (1024K)
 Metaspace       used 64564K, committed 65216K, reserved 1105920K
  class space    used 8832K, committed 9152K, reserved 1048576K
}
Event: 3349.923 GC heap before
{Heap before GC invocations=58 (full 0):
 garbage-first heap   total 56320K, used 48392K [0x0000000084c00000, 0x0000000100000000)
  region size 1024K, 13 young (13312K), 1 survivors (1024K)
 Metaspace       used 64564K, committed 65216K, reserved 1105920K
  class space    used 8832K, committed 9152K, reserved 1048576K
}
Event: 3349.929 GC heap after
{Heap after GC invocations=59 (full 0):
 garbage-first heap   total 56320K, used 36188K [0x0000000084c00000, 0x0000000100000000)
  region size 1024K, 1 young (1024K), 1 survivors (1024K)
 Metaspace       used 64564K, committed 65216K, reserved 1105920K
  class space    used 8832K, committed 9152K, reserved 1048576K
}
Event: 3549.391 GC heap before
{Heap before GC invocations=59 (full 0):
 garbage-first heap   total 56320K, used 47452K [0x0000000084c00000, 0x0000000100000000)
  region size 1024K, 13 young (13312K), 1 survivors (1024K)
 Metaspace       used 64564K, committed 65216K, reserved 1105920K
  class space    used 8832K, committed 9152K, reserved 1048576K
}
Event: 3549.397 GC heap after
{Heap after GC invocations=60 (full 0):
 garbage-first heap   total 56320K, used 36207K [0x0000000084c00000, 0x0000000100000000)
  region size 1024K, 1 young (1024K), 1 survivors (1024K)
 Metaspace       used 64564K, committed 65216K, reserved 1105920K
  class space    used 8832K, committed 9152K, reserved 1048576K
}
Event: 3753.441 GC heap before
{Heap before GC invocations=60 (full 0):
 garbage-first heap   total 56320K, used 47471K [0x0000000084c00000, 0x0000000100000000)
  region size 1024K, 13 young (13312K), 1 survivors (1024K)
 Metaspace       used 64564K, committed 65216K, reserved 1105920K
  class space    used 8832K, committed 9152K, reserved 1048576K
}
Event: 3753.446 GC heap after
{Heap after GC invocations=61 (full 0):
 garbage-first heap   total 56320K, used 36156K [0x0000000084c00000, 0x0000000100000000)
  region size 1024K, 1 young (1024K), 1 survivors (1024K)
 Metaspace       used 64564K, committed 65216K, reserved 1105920K
  class space    used 8832K, committed 9152K, reserved 1048576K
}
Event: 3938.673 GC heap before
{Heap before GC invocations=61 (full 0):
 garbage-first heap   total 56320K, used 47420K [0x0000000084c00000, 0x0000000100000000)
  region size 1024K, 13 young (13312K), 1 survivors (1024K)
 Metaspace       used 64564K, committed 65216K, reserved 1105920K
  class space    used 8832K, committed 9152K, reserved 1048576K
}
Event: 3938.678 GC heap after
{Heap after GC invocations=62 (full 0):
 garbage-first heap   total 56320K, used 36187K [0x0000000084c00000, 0x0000000100000000)
  region size 1024K, 1 young (1024K), 1 survivors (1024K)
 Metaspace       used 64564K, committed 65216K, reserved 1105920K
  class space    used 8832K, committed 9152K, reserved 1048576K
}
Event: 4121.293 GC heap before
{Heap before GC invocations=62 (full 0):
 garbage-first heap   total 56320K, used 47451K [0x0000000084c00000, 0x0000000100000000)
  region size 1024K, 13 young (13312K), 1 survivors (1024K)
 Metaspace       used 64564K, committed 65216K, reserved 1105920K
  class space    used 8832K, committed 9152K, reserved 1048576K
}
Event: 4121.298 GC heap after
{Heap after GC invocations=63 (full 0):
 garbage-first heap   total 56320K, used 36130K [0x0000000084c00000, 0x0000000100000000)
  region size 1024K, 1 young (1024K), 1 survivors (1024K)
 Metaspace       used 64564K, committed 65216K, reserved 1105920K
  class space    used 8832K, committed 9152K, reserved 1048576K
}

Dll operation events (9 events):
Event: 0.363 Loaded shared library C:\Users\Sangita\Downloads\spring-tool-suite-4-4.18.0.RELEASE-e4.27.0-win32.win32.x86_64.self-extracting\sts-4.18.0.RELEASE\plugins\org.eclipse.justj.openjdk.hotspot.jre.full.win32.x86_64_17.0.6.v20230204-1729\jre\bin\java.dll
Event: 4.987 Loaded shared library C:\Users\Sangita\Downloads\spring-tool-suite-4-4.18.0.RELEASE-e4.27.0-win32.win32.x86_64.self-extracting\sts-4.18.0.RELEASE\plugins\org.eclipse.justj.openjdk.hotspot.jre.full.win32.x86_64_17.0.6.v20230204-1729\jre\bin\jimage.dll
Event: 5.356 Loaded shared library C:\Users\Sangita\Downloads\spring-tool-suite-4-4.18.0.RELEASE-e4.27.0-win32.win32.x86_64.self-extracting\sts-4.18.0.RELEASE\plugins\org.eclipse.justj.openjdk.hotspot.jre.full.win32.x86_64_17.0.6.v20230204-1729\jre\bin\net.dll
Event: 5.360 Loaded shared library C:\Users\Sangita\Downloads\spring-tool-suite-4-4.18.0.RELEASE-e4.27.0-win32.win32.x86_64.self-extracting\sts-4.18.0.RELEASE\plugins\org.eclipse.justj.openjdk.hotspot.jre.full.win32.x86_64_17.0.6.v20230204-1729\jre\bin\nio.dll
Event: 5.371 Loaded shared library C:\Users\Sangita\Downloads\spring-tool-suite-4-4.18.0.RELEASE-e4.27.0-win32.win32.x86_64.self-extracting\sts-4.18.0.RELEASE\plugins\org.eclipse.justj.openjdk.hotspot.jre.full.win32.x86_64_17.0.6.v20230204-1729\jre\bin\zip.dll
Event: 7.015 Loaded shared library C:\Users\Sangita\Downloads\spring-tool-suite-4-4.18.0.RELEASE-e4.27.0-win32.win32.x86_64.self-extracting\sts-4.18.0.RELEASE\plugins\org.eclipse.justj.openjdk.hotspot.jre.full.win32.x86_64_17.0.6.v20230204-1729\jre\bin\management.dll
Event: 7.052 Loaded shared library C:\Users\Sangita\Downloads\spring-tool-suite-4-4.18.0.RELEASE-e4.27.0-win32.win32.x86_64.self-extracting\sts-4.18.0.RELEASE\plugins\org.eclipse.justj.openjdk.hotspot.jre.full.win32.x86_64_17.0.6.v20230204-1729\jre\bin\management_ext.
Event: 29.055 Loaded shared library C:\Users\Sangita\Downloads\spring-tool-suite-4-4.18.0.RELEASE-e4.27.0-win32.win32.x86_64.self-extracting\sts-4.18.0.RELEASE\plugins\org.eclipse.justj.openjdk.hotspot.jre.full.win32.x86_64_17.0.6.v20230204-1729\jre\bin\sunmscapi.dll
Event: 42.685 Loaded shared library C:\Users\Sangita\Downloads\spring-tool-suite-4-4.18.0.RELEASE-e4.27.0-win32.win32.x86_64.self-extracting\sts-4.18.0.RELEASE\plugins\org.eclipse.justj.openjdk.hotspot.jre.full.win32.x86_64_17.0.6.v20230204-1729\jre\bin\verify.dll

Deoptimization events (16 events):
Event: 27.697 Thread 0x0000016234f45be0 DEOPT PACKING pc=0x000001623a35c119 sp=0x000000578e1fd7f0
Event: 27.697 Thread 0x0000016234f45be0 DEOPT UNPACKING pc=0x0000016239e5ace3 sp=0x000000578e1fccd0 mode 3
Event: 31.095 Thread 0x0000016234f45be0 DEOPT PACKING pc=0x000001623a43b455 sp=0x000000578e1fdb10
Event: 31.096 Thread 0x0000016234f45be0 DEOPT UNPACKING pc=0x0000016239e5ace3 sp=0x000000578e1fcfb8 mode 3
Event: 43.561 Thread 0x0000016234f45be0 DEOPT PACKING pc=0x000001623a5f6e7d sp=0x000000578e1fcbd0
Event: 43.561 Thread 0x0000016234f45be0 DEOPT UNPACKING pc=0x0000016239e5ace3 sp=0x000000578e1fc138 mode 3
Event: 60.419 Thread 0x0000016234f45be0 DEOPT PACKING pc=0x000001623a36e752 sp=0x000000578e1fb400
Event: 60.419 Thread 0x0000016234f45be0 DEOPT UNPACKING pc=0x0000016239e5ace3 sp=0x000000578e1fa908 mode 3
Event: 72.671 Thread 0x0000016249a350a0 DEOPT PACKING pc=0x000001623a8758b3 sp=0x0000005791dfd250
Event: 72.671 Thread 0x0000016249a350a0 DEOPT UNPACKING pc=0x0000016239e5ace3 sp=0x0000005791dfc778 mode 3
Event: 82.824 Thread 0x0000016249a7f880 DEOPT PACKING pc=0x000001623a9524cc sp=0x0000005793afc8d0
Event: 82.824 Thread 0x0000016249a7f880 DEOPT UNPACKING pc=0x0000016239e5ace3 sp=0x0000005793afbd90 mode 0
Event: 299.214 Thread 0x0000016249a38590 DEOPT PACKING pc=0x000001623aa5c070 sp=0x00000057926febe0
Event: 299.214 Thread 0x0000016249a38590 DEOPT UNPACKING pc=0x0000016239e5ace3 sp=0x00000057926fe190 mode 3
Event: 337.080 Thread 0x0000016249a84580 DEOPT PACKING pc=0x000001623ab5609b sp=0x00000057929fcee0
Event: 337.080 Thread 0x0000016249a84580 DEOPT UNPACKING pc=0x0000016239e5ace3 sp=0x00000057929fc3d8 mode 3

Classes unloaded (20 events):
Event: 60.550 Thread 0x0000016244206a10 Unloading class 0x00000001004b8c00 'java/lang/invoke/LambdaForm$MH+0x00000001004b8c00'
Event: 60.550 Thread 0x0000016244206a10 Unloading class 0x00000001004b8800 'java/lang/invoke/LambdaForm$MH+0x00000001004b8800'
Event: 60.550 Thread 0x0000016244206a10 Unloading class 0x00000001004b7c00 'java/lang/invoke/LambdaForm$MH+0x00000001004b7c00'
Event: 60.550 Thread 0x0000016244206a10 Unloading class 0x00000001004b7800 'java/lang/invoke/LambdaForm$BMH+0x00000001004b7800'
Event: 60.550 Thread 0x0000016244206a10 Unloading class 0x00000001004b6c00 'java/lang/invoke/LambdaForm$MH+0x00000001004b6c00'
Event: 60.550 Thread 0x0000016244206a10 Unloading class 0x00000001004b6800 'java/lang/invoke/LambdaForm$MH+0x00000001004b6800'
Event: 60.550 Thread 0x0000016244206a10 Unloading class 0x00000001004b6400 'java/lang/invoke/LambdaForm$MH+0x00000001004b6400'
Event: 60.550 Thread 0x0000016244206a10 Unloading class 0x00000001004b6000 'java/lang/invoke/LambdaForm$MH+0x00000001004b6000'
Event: 60.550 Thread 0x0000016244206a10 Unloading class 0x00000001004b5c00 'java/lang/invoke/LambdaForm$MH+0x00000001004b5c00'
Event: 60.550 Thread 0x0000016244206a10 Unloading class 0x00000001004b5800 'java/lang/invoke/LambdaForm$MH+0x00000001004b5800'
Event: 60.550 Thread 0x0000016244206a10 Unloading class 0x00000001004b5400 'java/lang/invoke/LambdaForm$MH+0x00000001004b5400'
Event: 60.550 Thread 0x0000016244206a10 Unloading class 0x00000001004b5000 'java/lang/invoke/LambdaForm$MH+0x00000001004b5000'
Event: 60.550 Thread 0x0000016244206a10 Unloading class 0x00000001004b4c00 'java/lang/invoke/LambdaForm$MH+0x00000001004b4c00'
Event: 60.550 Thread 0x0000016244206a10 Unloading class 0x00000001004b4800 'java/lang/invoke/LambdaForm$MH+0x00000001004b4800'
Event: 60.550 Thread 0x0000016244206a10 Unloading class 0x00000001004b4400 'java/lang/invoke/LambdaForm$MH+0x00000001004b4400'
Event: 60.550 Thread 0x0000016244206a10 Unloading class 0x00000001003bd400 'java/lang/invoke/LambdaForm$MH+0x00000001003bd400'
Event: 60.550 Thread 0x0000016244206a10 Unloading class 0x00000001003bd000 'java/lang/invoke/LambdaForm$MH+0x00000001003bd000'
Event: 60.550 Thread 0x0000016244206a10 Unloading class 0x00000001003bcc00 'java/lang/invoke/LambdaForm$MH+0x00000001003bcc00'
Event: 60.550 Thread 0x0000016244206a10 Unloading class 0x00000001003bc800 'java/lang/invoke/LambdaForm$MH+0x00000001003bc800'
Event: 60.550 Thread 0x0000016244206a10 Unloading class 0x00000001003bc400 'java/lang/invoke/LambdaForm$MH+0x00000001003bc400'

Classes redefined (0 events):
No events

Internal exceptions (20 events):
Event: 82.744 Thread 0x0000016249a7ea10 Exception <a 'java/lang/ClassNotFoundException'{0x0000000087cf1278}: org/springframework/boot/actuate/endpoint/jmx/EndpointMBean> (0x0000000087cf1278) 
thrown [s\src\hotspot\share\classfile\systemDictionary.cpp, line 256]
Event: 82.744 Thread 0x0000016249a7ea10 Exception <a 'java/lang/ClassNotFoundException'{0x0000000087cf1630}: org/springframework/boot/actuate/endpoint/jmx/DataEndpointMBean> (0x0000000087cf1630) 
thrown [s\src\hotspot\share\classfile\systemDictionary.cpp, line 256]
Event: 82.744 Thread 0x0000016249a7ea10 Exception <a 'java/lang/ClassNotFoundException'{0x0000000087cf19e0}: org/springframework/context/support/LiveBeansView> (0x0000000087cf19e0) 
thrown [s\src\hotspot\share\classfile\systemDictionary.cpp, line 256]
Event: 82.746 Thread 0x0000016249a7ea10 Exception <a 'java/lang/ClassNotFoundException'{0x0000000087cf7130}: org/springframework/boot/actuate/endpoint/jmx/EndpointMBean> (0x0000000087cf7130) 
thrown [s\src\hotspot\share\classfile\systemDictionary.cpp, line 256]
Event: 82.746 Thread 0x0000016249a7ea10 Exception <a 'java/lang/ClassNotFoundException'{0x0000000087cf74f8}: org/springframework/boot/actuate/endpoint/jmx/DataEndpointMBean> (0x0000000087cf74f8) 
thrown [s\src\hotspot\share\classfile\systemDictionary.cpp, line 256]
Event: 82.746 Thread 0x0000016249a7ea10 Exception <a 'java/lang/ClassNotFoundException'{0x0000000087cf78b8}: org/springframework/context/support/LiveBeansView> (0x0000000087cf78b8) 
thrown [s\src\hotspot\share\classfile\systemDictionary.cpp, line 256]
Event: 82.746 Thread 0x0000016249a7ea10 Exception <a 'java/lang/ClassNotFoundException'{0x0000000087cf7c80}: org/springframework/boot/actuate/endpoint/jmx/EndpointMBean> (0x0000000087cf7c80) 
thrown [s\src\hotspot\share\classfile\systemDictionary.cpp, line 256]
Event: 82.746 Thread 0x0000016249a7ea10 Exception <a 'java/lang/ClassNotFoundException'{0x0000000087cf8048}: org/springframework/boot/actuate/endpoint/jmx/DataEndpointMBean> (0x0000000087cf8048) 
thrown [s\src\hotspot\share\classfile\systemDictionary.cpp, line 256]
Event: 82.746 Thread 0x0000016249a7ea10 Exception <a 'java/lang/ClassNotFoundException'{0x0000000087cf8430}: org/springframework/context/support/LiveBeansView> (0x0000000087cf8430) 
thrown [s\src\hotspot\share\classfile\systemDictionary.cpp, line 256]
Event: 82.750 Thread 0x0000016249a7ea10 Exception <a 'java/lang/ClassNotFoundException'{0x0000000087b36d20}: org/springframework/boot/actuate/endpoint/jmx/EndpointMBean> (0x0000000087b36d20) 
thrown [s\src\hotspot\share\classfile\systemDictionary.cpp, line 256]
Event: 82.750 Thread 0x0000016249a7ea10 Exception <a 'java/lang/ClassNotFoundException'{0x0000000087b370c8}: org/springframework/boot/actuate/endpoint/jmx/DataEndpointMBean> (0x0000000087b370c8) 
thrown [s\src\hotspot\share\classfile\systemDictionary.cpp, line 256]
Event: 82.750 Thread 0x0000016249a7ea10 Exception <a 'java/lang/ClassNotFoundException'{0x0000000087b37468}: org/springframework/context/support/LiveBeansView> (0x0000000087b37468) 
thrown [s\src\hotspot\share\classfile\systemDictionary.cpp, line 256]
Event: 82.761 Thread 0x0000016249a7ea10 Exception <a 'java/lang/NoSuchMethodError'{0x0000000087b88290}: 'double java.lang.invoke.DirectMethodHandle$Holder.invokeInterface(java.lang.Object, java.lang.Object)'> (0x0000000087b88290) 
thrown [s\src\hotspot\share\interpreter\linkResolver.cpp, line 759]
Event: 82.816 Thread 0x0000016249a7f880 Exception <a 'java/lang/NoSuchMethodError'{0x0000000087bcf190}: 'double java.lang.invoke.DirectMethodHandle$Holder.invokeSpecialIFC(java.lang.Object, java.lang.Object)'> (0x0000000087bcf190) 
thrown [s\src\hotspot\share\interpreter\linkResolver.cpp, line 759]
Event: 589.872 Thread 0x0000016249a83240 Exception <a 'java/io/IOException'{0x000000008b216568}> (0x000000008b216568) 
thrown [s\src\hotspot\share\prims\jni.cpp, line 516]
Event: 606.560 Thread 0x0000016249a853f0 Exception <a 'sun/net/ConnectionResetException'{0x0000000087d400d8}: Connection reset> (0x0000000087d400d8) 
thrown [s\src\hotspot\share\prims\jni.cpp, line 535]
Event: 1979.548 Thread 0x0000016249a83710 Exception <a 'sun/net/ConnectionResetException'{0x000000008c711e70}: Connection reset> (0x000000008c711e70) 
thrown [s\src\hotspot\share\prims\jni.cpp, line 535]
Event: 1979.549 Thread 0x0000016249a84a50 Exception <a 'sun/net/ConnectionResetException'{0x000000008c621f30}: Connection reset> (0x000000008c621f30) 
thrown [s\src\hotspot\share\prims\jni.cpp, line 535]
Event: 4065.387 Thread 0x0000016249a38590 Exception <a 'sun/net/ConnectionResetException'{0x0000000087b93048}: Connection reset> (0x0000000087b93048) 
thrown [s\src\hotspot\share\prims\jni.cpp, line 535]
Event: 4065.387 Thread 0x0000016249a39400 Exception <a 'sun/net/ConnectionResetException'{0x0000000087ba9100}: Connection reset> (0x0000000087ba9100) 
thrown [s\src\hotspot\share\prims\jni.cpp, line 535]

VM Operations (20 events):
Event: 3609.993 Executing VM operation: Cleanup
Event: 3609.993 Executing VM operation: Cleanup done
Event: 3753.440 Executing VM operation: G1CollectForAllocation
Event: 3753.446 Executing VM operation: G1CollectForAllocation done
Event: 3821.894 Executing VM operation: Cleanup
Event: 3821.894 Executing VM operation: Cleanup done
Event: 3822.895 Executing VM operation: Cleanup
Event: 3822.895 Executing VM operation: Cleanup done
Event: 3841.906 Executing VM operation: Cleanup
Event: 3841.907 Executing VM operation: Cleanup done
Event: 3938.673 Executing VM operation: G1CollectForAllocation
Event: 3938.678 Executing VM operation: G1CollectForAllocation done
Event: 3979.954 Executing VM operation: Cleanup
Event: 3979.954 Executing VM operation: Cleanup done
Event: 4044.476 Executing VM operation: Cleanup
Event: 4044.476 Executing VM operation: Cleanup done
Event: 4103.690 Executing VM operation: Cleanup
Event: 4103.691 Executing VM operation: Cleanup done
Event: 4121.293 Executing VM operation: G1CollectForAllocation
Event: 4121.298 Executing VM operation: G1CollectForAllocation done

Events (20 events):
Event: 1899.686 Thread 0x0000016249d475f0 Thread exited: 0x0000016249d475f0
Event: 1899.689 Thread 0x0000016249d475f0 Thread added: 0x0000016249d475f0
Event: 1904.695 Thread 0x0000016249d475f0 Thread exited: 0x0000016249d475f0
Event: 1904.695 Thread 0x0000016249ebba80 Thread exited: 0x0000016249ebba80
Event: 1917.354 Thread 0x0000016249ebba80 Thread added: 0x0000016249ebba80
Event: 1917.354 Thread 0x0000016249d475f0 Thread added: 0x0000016249d475f0
Event: 1919.439 Thread 0x0000016249d475f0 Thread exited: 0x0000016249d475f0
Event: 1924.441 Thread 0x0000016249ebba80 Thread exited: 0x0000016249ebba80
Event: 2384.439 Thread 0x0000016249e93050 Thread added: 0x0000016249e93050
Event: 2384.439 Thread 0x0000016249e93560 Thread added: 0x0000016249e93560
Event: 2394.980 Thread 0x0000016249e93560 Thread exited: 0x0000016249e93560
Event: 2394.980 Thread 0x0000016249e93050 Thread exited: 0x0000016249e93050
Event: 3006.216 Thread 0x0000016249e93050 Thread added: 0x0000016249e93050
Event: 3006.217 Thread 0x0000016249e93560 Thread added: 0x0000016249e93560
Event: 3013.650 Thread 0x0000016249e93560 Thread exited: 0x0000016249e93560
Event: 3013.650 Thread 0x0000016249e93050 Thread exited: 0x0000016249e93050
Event: 3606.595 Thread 0x0000016249e93050 Thread added: 0x0000016249e93050
Event: 3606.595 Thread 0x0000016249e93560 Thread added: 0x0000016249e93560
Event: 3613.913 Thread 0x0000016249e93560 Thread exited: 0x0000016249e93560
Event: 3618.921 Thread 0x0000016249e93050 Thread exited: 0x0000016249e93050


Dynamic libraries:
0x00007ff62d560000 - 0x00007ff62d56e000 	C:\Users\Sangita\Downloads\spring-tool-suite-4-4.18.0.RELEASE-e4.27.0-win32.win32.x86_64.self-extracting\sts-4.18.0.RELEASE\plugins\org.eclipse.justj.openjdk.hotspot.jre.full.win32.x86_64_17.0.6.v20230204-1729\jre\bin\javaw.exe
0x00007ffb7a410000 - 0x00007ffb7a627000 	C:\WINDOWS\SYSTEM32\ntdll.dll
0x00007ffb78cc0000 - 0x00007ffb78d84000 	C:\WINDOWS\System32\KERNEL32.DLL
0x00007ffb77af0000 - 0x00007ffb77ea7000 	C:\WINDOWS\System32\KERNELBASE.dll
0x00007ffb779a0000 - 0x00007ffb77ab1000 	C:\WINDOWS\System32\ucrtbase.dll
0x00007ffb40570000 - 0x00007ffb40587000 	C:\Users\Sangita\Downloads\spring-tool-suite-4-4.18.0.RELEASE-e4.27.0-win32.win32.x86_64.self-extracting\sts-4.18.0.RELEASE\plugins\org.eclipse.justj.openjdk.hotspot.jre.full.win32.x86_64_17.0.6.v20230204-1729\jre\bin\jli.dll
0x00007ffb78970000 - 0x00007ffb78b1f000 	C:\WINDOWS\System32\USER32.dll
0x00007ffb77eb0000 - 0x00007ffb77ed6000 	C:\WINDOWS\System32\win32u.dll
0x00007ffb78850000 - 0x00007ffb78879000 	C:\WINDOWS\System32\GDI32.dll
0x00007ffb77fa0000 - 0x00007ffb780b8000 	C:\WINDOWS\System32\gdi32full.dll
0x00007ffb77900000 - 0x00007ffb7799a000 	C:\WINDOWS\System32\msvcp_win.dll
0x00007ffb70820000 - 0x00007ffb70839000 	C:\Users\Sangita\Downloads\spring-tool-suite-4-4.18.0.RELEASE-e4.27.0-win32.win32.x86_64.self-extracting\sts-4.18.0.RELEASE\plugins\org.eclipse.justj.openjdk.hotspot.jre.full.win32.x86_64_17.0.6.v20230204-1729\jre\bin\VCRUNTIME140.dll
0x00007ffb56800000 - 0x00007ffb56a93000 	C:\WINDOWS\WinSxS\amd64_microsoft.windows.common-controls_6595b64144ccf1df_6.0.22621.3672_none_2713b9d173822955\COMCTL32.dll
0x00007ffb7a010000 - 0x00007ffb7a0b7000 	C:\WINDOWS\System32\msvcrt.dll
0x00007ffb78b80000 - 0x00007ffb78bb1000 	C:\WINDOWS\System32\IMM32.DLL
0x00007ffb70810000 - 0x00007ffb7081c000 	C:\Users\Sangita\Downloads\spring-tool-suite-4-4.18.0.RELEASE-e4.27.0-win32.win32.x86_64.self-extracting\sts-4.18.0.RELEASE\plugins\org.eclipse.justj.openjdk.hotspot.jre.full.win32.x86_64_17.0.6.v20230204-1729\jre\bin\vcruntime140_1.dll
0x00007ffb35940000 - 0x00007ffb359d1000 	C:\Users\Sangita\Downloads\spring-tool-suite-4-4.18.0.RELEASE-e4.27.0-win32.win32.x86_64.self-extracting\sts-4.18.0.RELEASE\plugins\org.eclipse.justj.openjdk.hotspot.jre.full.win32.x86_64_17.0.6.v20230204-1729\jre\bin\msvcp140.dll
0x00007ffb11ee0000 - 0x00007ffb12b27000 	C:\Users\Sangita\Downloads\spring-tool-suite-4-4.18.0.RELEASE-e4.27.0-win32.win32.x86_64.self-extracting\sts-4.18.0.RELEASE\plugins\org.eclipse.justj.openjdk.hotspot.jre.full.win32.x86_64_17.0.6.v20230204-1729\jre\bin\server\jvm.dll
0x00007ffb79f50000 - 0x00007ffb7a002000 	C:\WINDOWS\System32\ADVAPI32.dll
0x00007ffb7a310000 - 0x00007ffb7a3b8000 	C:\WINDOWS\System32\sechost.dll
0x00007ffb77ac0000 - 0x00007ffb77ae8000 	C:\WINDOWS\System32\bcrypt.dll
0x00007ffb7a0e0000 - 0x00007ffb7a1f4000 	C:\WINDOWS\System32\RPCRT4.dll
0x00007ffb3f550000 - 0x00007ffb3f559000 	C:\WINDOWS\SYSTEM32\WSOCK32.dll
0x00007ffb78e70000 - 0x00007ffb78ee1000 	C:\WINDOWS\System32\WS2_32.dll
0x00007ffb6f7d0000 - 0x00007ffb6f804000 	C:\WINDOWS\SYSTEM32\WINMM.dll
0x00007ffb74e40000 - 0x00007ffb74e4a000 	C:\WINDOWS\SYSTEM32\VERSION.dll
0x00007ffb76730000 - 0x00007ffb76748000 	C:\WINDOWS\SYSTEM32\kernel.appcore.dll
0x00007ffb509c0000 - 0x00007ffb509ca000 	C:\Users\Sangita\Downloads\spring-tool-suite-4-4.18.0.RELEASE-e4.27.0-win32.win32.x86_64.self-extracting\sts-4.18.0.RELEASE\plugins\org.eclipse.justj.openjdk.hotspot.jre.full.win32.x86_64_17.0.6.v20230204-1729\jre\bin\jimage.dll
0x00007ffb74b70000 - 0x00007ffb74da2000 	C:\WINDOWS\SYSTEM32\DBGHELP.DLL
0x00007ffb78310000 - 0x00007ffb7869e000 	C:\WINDOWS\System32\combase.dll
0x00007ffb78d90000 - 0x00007ffb78e67000 	C:\WINDOWS\System32\OLEAUT32.dll
0x00007ffb35ed0000 - 0x00007ffb35f02000 	C:\WINDOWS\SYSTEM32\dbgcore.DLL
0x00007ffb780c0000 - 0x00007ffb7813b000 	C:\WINDOWS\System32\bcryptPrimitives.dll
0x00007ffb4b340000 - 0x00007ffb4b365000 	C:\Users\Sangita\Downloads\spring-tool-suite-4-4.18.0.RELEASE-e4.27.0-win32.win32.x86_64.self-extracting\sts-4.18.0.RELEASE\plugins\org.eclipse.justj.openjdk.hotspot.jre.full.win32.x86_64_17.0.6.v20230204-1729\jre\bin\java.dll
0x00007ffb40550000 - 0x00007ffb40568000 	C:\Users\Sangita\Downloads\spring-tool-suite-4-4.18.0.RELEASE-e4.27.0-win32.win32.x86_64.self-extracting\sts-4.18.0.RELEASE\plugins\org.eclipse.justj.openjdk.hotspot.jre.full.win32.x86_64_17.0.6.v20230204-1729\jre\bin\zip.dll
0x00007ffb796e0000 - 0x00007ffb79f49000 	C:\WINDOWS\System32\SHELL32.dll
0x00007ffb75600000 - 0x00007ffb75eff000 	C:\WINDOWS\SYSTEM32\windows.storage.dll
0x00007ffb754c0000 - 0x00007ffb755ff000 	C:\WINDOWS\SYSTEM32\wintypes.dll
0x00007ffb786a0000 - 0x00007ffb78799000 	C:\WINDOWS\System32\SHCORE.dll
0x00007ffb78b20000 - 0x00007ffb78b7e000 	C:\WINDOWS\System32\shlwapi.dll
0x00007ffb77650000 - 0x00007ffb77677000 	C:\WINDOWS\SYSTEM32\profapi.dll
0x00007ffb40530000 - 0x00007ffb40549000 	C:\Users\Sangita\Downloads\spring-tool-suite-4-4.18.0.RELEASE-e4.27.0-win32.win32.x86_64.self-extracting\sts-4.18.0.RELEASE\plugins\org.eclipse.justj.openjdk.hotspot.jre.full.win32.x86_64_17.0.6.v20230204-1729\jre\bin\net.dll
0x00007ffb70d40000 - 0x00007ffb70e76000 	C:\WINDOWS\SYSTEM32\WINHTTP.dll
0x00007ffb76ba0000 - 0x00007ffb76c09000 	C:\WINDOWS\system32\mswsock.dll
0x00007ffb40510000 - 0x00007ffb40525000 	C:\Users\Sangita\Downloads\spring-tool-suite-4-4.18.0.RELEASE-e4.27.0-win32.win32.x86_64.self-extracting\sts-4.18.0.RELEASE\plugins\org.eclipse.justj.openjdk.hotspot.jre.full.win32.x86_64_17.0.6.v20230204-1729\jre\bin\nio.dll
0x00007ffb4e740000 - 0x00007ffb4e749000 	C:\Users\Sangita\Downloads\spring-tool-suite-4-4.18.0.RELEASE-e4.27.0-win32.win32.x86_64.self-extracting\sts-4.18.0.RELEASE\plugins\org.eclipse.justj.openjdk.hotspot.jre.full.win32.x86_64_17.0.6.v20230204-1729\jre\bin\management.dll
0x00007ffb48950000 - 0x00007ffb4895b000 	C:\Users\Sangita\Downloads\spring-tool-suite-4-4.18.0.RELEASE-e4.27.0-win32.win32.x86_64.self-extracting\sts-4.18.0.RELEASE\plugins\org.eclipse.justj.openjdk.hotspot.jre.full.win32.x86_64_17.0.6.v20230204-1729\jre\bin\management_ext.dll
0x00007ffb78300000 - 0x00007ffb78308000 	C:\WINDOWS\System32\PSAPI.DLL
0x00007ffb34650000 - 0x00007ffb34667000 	C:\WINDOWS\system32\napinsp.dll
0x00007ffb32110000 - 0x00007ffb3212b000 	C:\WINDOWS\system32\pnrpnsp.dll
0x00007ffb76190000 - 0x00007ffb76292000 	C:\WINDOWS\SYSTEM32\DNSAPI.dll
0x00007ffb76160000 - 0x00007ffb7618d000 	C:\WINDOWS\SYSTEM32\IPHLPAPI.DLL
0x00007ffb78880000 - 0x00007ffb78889000 	C:\WINDOWS\System32\NSI.dll
0x00007ffb320f0000 - 0x00007ffb32101000 	C:\WINDOWS\System32\winrnr.dll
0x00007ffb6d6c0000 - 0x00007ffb6d6d5000 	C:\WINDOWS\system32\wshbth.dll
0x00007ffb320c0000 - 0x00007ffb320e7000 	C:\WINDOWS\system32\nlansp_c.dll
0x00007ffb52f90000 - 0x00007ffb52f9a000 	C:\Windows\System32\rasadhlp.dll
0x00007ffb6d330000 - 0x00007ffb6d3b3000 	C:\WINDOWS\System32\fwpuclnt.dll
0x00007ffb76dd0000 - 0x00007ffb76deb000 	C:\WINDOWS\SYSTEM32\CRYPTSP.dll
0x00007ffb76690000 - 0x00007ffb766c5000 	C:\WINDOWS\system32\rsaenh.dll
0x00007ffb76c60000 - 0x00007ffb76c88000 	C:\WINDOWS\SYSTEM32\USERENV.dll
0x00007ffb76dc0000 - 0x00007ffb76dcc000 	C:\WINDOWS\SYSTEM32\CRYPTBASE.dll
0x00007ffb70b80000 - 0x00007ffb70b99000 	C:\WINDOWS\SYSTEM32\dhcpcsvc6.DLL
0x00007ffb70920000 - 0x00007ffb7093f000 	C:\WINDOWS\SYSTEM32\dhcpcsvc.DLL
0x00007ffb509e0000 - 0x00007ffb509ee000 	C:\Users\Sangita\Downloads\spring-tool-suite-4-4.18.0.RELEASE-e4.27.0-win32.win32.x86_64.self-extracting\sts-4.18.0.RELEASE\plugins\org.eclipse.justj.openjdk.hotspot.jre.full.win32.x86_64_17.0.6.v20230204-1729\jre\bin\sunmscapi.dll
0x00007ffb77790000 - 0x00007ffb778f6000 	C:\WINDOWS\System32\CRYPT32.dll
0x00007ffb76ff0000 - 0x00007ffb7701d000 	C:\WINDOWS\SYSTEM32\ncrypt.dll
0x00007ffb76fb0000 - 0x00007ffb76fe7000 	C:\WINDOWS\SYSTEM32\NTASN1.dll
0x00007ffb4fcd0000 - 0x00007ffb4fce0000 	C:\Users\Sangita\Downloads\spring-tool-suite-4-4.18.0.RELEASE-e4.27.0-win32.win32.x86_64.self-extracting\sts-4.18.0.RELEASE\plugins\org.eclipse.justj.openjdk.hotspot.jre.full.win32.x86_64_17.0.6.v20230204-1729\jre\bin\verify.dll
0x00007ffb72fd0000 - 0x00007ffb72fd8000 	C:\WINDOWS\system32\wshunix.dll

dbghelp: loaded successfully - version: 4.0.5 - missing functions: none
symbol engine: initialized successfully - sym options: 0x614 - pdb path: .;C:\Users\Sangita\Downloads\spring-tool-suite-4-4.18.0.RELEASE-e4.27.0-win32.win32.x86_64.self-extracting\sts-4.18.0.RELEASE\plugins\org.eclipse.justj.openjdk.hotspot.jre.full.win32.x86_64_17.0.6.v20230204-1729\jre\bin;C:\WINDOWS\SYSTEM32;C:\WINDOWS\WinSxS\amd64_microsoft.windows.common-controls_6595b64144ccf1df_6.0.22621.3672_none_2713b9d173822955;C:\Users\Sangita\Downloads\spring-tool-suite-4-4.18.0.RELEASE-e4.27.0-win32.win32.x86_64.self-extracting\sts-4.18.0.RELEASE\plugins\org.eclipse.justj.openjdk.hotspot.jre.full.win32.x86_64_17.0.6.v20230204-1729\jre\bin\server

VM Arguments:
jvm_args: -Dcom.sun.management.jmxremote -Dcom.sun.management.jmxremote.port=56964 -Dcom.sun.management.jmxremote.authenticate=false -Dcom.sun.management.jmxremote.ssl=false -Djava.rmi.server.hostname=localhost -Dspring.jmx.enabled=true -Dmanagement.endpoints.jmx.exposure.include=* -Dspring.application.admin.enabled=true -XX:TieredStopAtLevel=1 -Dspring.boot.project.name=e_server -Dfile.encoding=UTF-8 -XX:+ShowCodeDetailsInExceptionMessages 
java_command: com.server.EServerApplication --spring.output.ansi.enabled=always
java_class_path (initial): C:\Users\Sangita\Institute Management System\e_server\target\classes;C:\Users\Sangita\.m2\repository\org\springframework\cloud\spring-cloud-starter-netflix-eureka-server\4.1.0\spring-cloud-starter-netflix-eureka-server-4.1.0.jar;C:\Users\Sangita\.m2\repository\org\springframework\cloud\spring-cloud-starter\4.1.0\spring-cloud-starter-4.1.0.jar;C:\Users\Sangita\.m2\repository\org\springframework\cloud\spring-cloud-context\4.1.0\spring-cloud-context-4.1.0.jar;C:\Users\Sangita\.m2\repository\org\springframework\security\spring-security-crypto\6.2.1\spring-security-crypto-6.2.1.jar;C:\Users\Sangita\.m2\repository\org\springframework\cloud\spring-cloud-commons\4.1.0\spring-cloud-commons-4.1.0.jar;C:\Users\Sangita\.m2\repository\org\springframework\security\spring-security-rsa\1.1.1\spring-security-rsa-1.1.1.jar;C:\Users\Sangita\.m2\repository\org\bouncycastle\bcprov-jdk18on\1.74\bcprov-jdk18on-1.74.jar;C:\Users\Sangita\.m2\repository\org\springframework\cloud\spring-cloud-netflix-eureka-server\4.1.0\spring-cloud-netflix-eureka-server-4.1.0.jar;C:\Users\Sangita\.m2\repository\org\springframework\boot\spring-boot-starter-web\3.2.2\spring-boot-starter-web-3.2.2.jar;C:\Users\Sangita\.m2\repository\org\springframework\boot\spring-boot-starter-json\3.2.2\spring-boot-starter-json-3.2.2.jar;C:\Users\Sangita\.m2\repository\com\fasterxml\jackson\datatype\jackson-datatype-jdk8\2.15.3\jackson-datatype-jdk8-2.15.3.jar;C:\Users\Sangita\.m2\repository\com\fasterxml\jackson\datatype\jackson-datatype-jsr310\2.15.3\jackson-datatype-jsr310-2.15.3.jar;C:\Users\Sangita\.m2\repository\com\fasterxml\jackson\module\jackson-module-parameter-names\2.15.3\jackson-module-parameter-names-2.15.3.jar;C:\Users\Sangita\.m2\repository\org\springframework\boot\spring-boot-starter-tomcat\3.2.2\spring-boot-starter-tomcat-3.2.2.jar;C:\Users\Sangita\.m2\repository\org\apache\tomcat\embed\tomcat-embed-core\10.1.18\tomcat-embed-core-10.1.18.jar;C:\Users\Sangita\.m2\repository\org\apa
Launcher Type: SUN_STANDARD

[Global flags]
     intx CICompilerCount                          = 3                                         {product} {ergonomic}
     uint ConcGCThreads                            = 1                                         {product} {ergonomic}
     uint G1ConcRefinementThreads                  = 4                                         {product} {ergonomic}
   size_t G1HeapRegionSize                         = 1048576                                   {product} {ergonomic}
    uintx GCDrainStackTargetSize                   = 64                                        {product} {ergonomic}
   size_t InitialHeapSize                          = 130023424                                 {product} {ergonomic}
     bool ManagementServer                         = true                                      {product} {command line}
   size_t MarkStackSize                            = 4194304                                   {product} {ergonomic}
   size_t MaxHeapSize                              = 2067791872                                {product} {ergonomic}
   size_t MaxNewSize                               = 1240465408                                {product} {ergonomic}
   size_t MinHeapDeltaBytes                        = 1048576                                   {product} {ergonomic}
   size_t MinHeapSize                              = 8388608                                   {product} {ergonomic}
    uintx NonProfiledCodeHeapSize                  = 0                                      {pd product} {ergonomic}
     bool ProfileInterpreter                       = false                                  {pd product} {command line}
    uintx ProfiledCodeHeapSize                     = 0                                      {pd product} {ergonomic}
     bool ShowCodeDetailsInExceptionMessages       = true                                   {manageable} {command line}
   size_t SoftMaxHeapSize                          = 2067791872                             {manageable} {ergonomic}
     intx TieredStopAtLevel                        = 1                                         {product} {command line}
     bool UseCompressedClassPointers               = true                           {product lp64_product} {ergonomic}
     bool UseCompressedOops                        = true                           {product lp64_product} {ergonomic}
     bool UseG1GC                                  = true                                      {product} {ergonomic}
     bool UseLargePagesIndividualAllocation        = false                                  {pd product} {ergonomic}

Logging:
Log output configuration:
 #0: stdout all=warning uptime,level,tags
 #1: stderr all=off uptime,level,tags

Environment Variables:
JAVA_HOME=C:\Program Files\Java\jdk-11.0.17
CLASSPATH=C:\mysql-connector-java-8.0.27.jar;
PATH=C:/Users/Sangita/Downloads/spring-tool-suite-4-4.18.0.RELEASE-e4.27.0-win32.win32.x86_64.self-extracting/sts-4.18.0.RELEASE//plugins/org.eclipse.justj.openjdk.hotspot.jre.full.win32.x86_64_17.0.6.v20230204-1729/jre/bin/server;C:/Users/Sangita/Downloads/spring-tool-suite-4-4.18.0.RELEASE-e4.27.0-win32.win32.x86_64.self-extracting/sts-4.18.0.RELEASE//plugins/org.eclipse.justj.openjdk.hotspot.jre.full.win32.x86_64_17.0.6.v20230204-1729/jre/bin;C:\Program Files\Common Files\Oracle\Java\javapath;C:\WINDOWS\system32;C:\WINDOWS;C:\WINDOWS\System32\Wbem;C:\WINDOWS\System32\WindowsPowerShell\v1.0\;C:\WINDOWS\System32\OpenSSH\;C:\MinGW\bin;C:\Program Files\Git\cmd;C:\Program Files\Java\jdk-11.0.17\bin;C:\ProgramData\chocolatey\bin;C:\ProgramData\Microsoft\Windows\Start Menu\Programs\Node.js;;C:\Program Files\nodejs;C:\Program Files\Docker\Docker\resources\bin;C:\Users\Sangita\AppData\Local\Programs\Microsoft VS Code\bin;C:\MinGW\mingw32\bin;C:\mysql-connector-java-8.0.27\mysql-connector-java-8.0.27;C:\Users\Sangita\AppData\Local\GitHubDesktop\bin;C:\Program Files\Java\jdk1.7.0_80\bin;C:\Users\Sangita\AppData\Roaming\npm;C:\Users\Sangita\AppData\Local\gitkraken\bin;C:\ProgramData\Microsoft\Windows\Start Menu\Programs\Node.js;%NVM_HOME%;C:\Program Files\nodejs;C:\Users\Sangita\AppData\Local\Microsoft\WindowsApps;;C:\Users\Sangita\Downloads\spring-tool-suite-4-4.18.0.RELEASE-e4.27.0-win32.win32.x86_64.self-extracting\sts-4.18.0.RELEASE;
USERNAME=Sangita
OS=Windows_NT
PROCESSOR_IDENTIFIER=Intel64 Family 6 Model 126 Stepping 5, GenuineIntel
TMP=C:\Users\Sangita\AppData\Local\Temp
TEMP=C:\Users\Sangita\AppData\Local\Temp



---------------  S Y S T E M  ---------------

OS:
 Windows 11 , 64 bit Build 22621 (10.0.22621.3958)
OS uptime: 1 days 1:37 hours
Hyper-V role detected

CPU: total 4 (initial active 4) (2 cores per cpu, 2 threads per core) family 6 model 126 stepping 5 microcode 0xa0, cx8, cmov, fxsr, ht, mmx, 3dnowpref, sse, sse2, sse3, ssse3, sse4.1, sse4.2, popcnt, lzcnt, tsc, tscinvbit, avx, avx2, aes, erms, clmul, bmi1, bmi2, adx, avx512f, avx512dq, avx512cd, avx512bw, avx512vl, sha, fma, vzeroupper, avx512_vpopcntdq, avx512_vpclmulqdq, avx512_vaes, avx512_vnni, clflush, clflushopt, avx512_vbmi2, avx512_vbmi, hv

Memory: 4k page, system-wide physical 7880M (422M free)
TotalPageFile size 15380M (AvailPageFile size 4M)
current process WorkingSet (physical memory assigned to process): 65M, peak: 196M
current process commit charge ("private bytes"): 230M, peak: 232M

vm_info: OpenJDK 64-Bit Server VM (17.0.6+10) for windows-amd64 JRE (17.0.6+10), built on Jan 18 2023 10:08:59 by "temurin" with MS VC++ 16.7 (VS2019)

END.
