#
# There is insufficient memory for the Java Runtime Environment to continue.
# Native memory allocation (mmap) failed to map 14680064 bytes for G1 virtual space
# Possible reasons:
#   The system is out of physical RAM or swap space
#   The process is running with CompressedOops enabled, and the Java Heap may be blocking the growth of the native heap
# Possible solutions:
#   Reduce memory load on the system
#   Increase physical memory or swap space
#   Check if swap backing store is full
#   Decrease Java heap size (-Xmx/-Xms)
#   Decrease number of Java threads
#   Decrease Java thread stack sizes (-Xss)
#   Set larger code cache with -XX:ReservedCodeCacheSize=
#   JVM is running with Unscaled Compressed Oops mode in which the Java heap is
#     placed in the first 4GB address space. The Java Heap base address is the
#     maximum limit for the native heap growth. Please use -XX:HeapBaseMinAddress
#     to set the Java Heap base and to place the Java Heap above 4GB virtual address.
# This output file may be truncated or incomplete.
#
#  Out of Memory Error (os_windows.cpp:3557), pid=20096, tid=13524
#
# JRE version: OpenJDK Runtime Environment Temurin-17.0.6+10 (17.0.6+10) (build 17.0.6+10)
# Java VM: OpenJDK 64-Bit Server VM Temurin-17.0.6+10 (17.0.6+10, mixed mode, emulated-client, tiered, compressed oops, compressed class ptrs, g1 gc, windows-amd64)
# No core dump will be written. Minidumps are not enabled by default on client versions of Windows
#

---------------  S U M M A R Y ------------

Command Line: -Dcom.sun.management.jmxremote -Dcom.sun.management.jmxremote.port=54175 -Dcom.sun.management.jmxremote.authenticate=false -Dcom.sun.management.jmxremote.ssl=false -Djava.rmi.server.hostname=localhost -Dspring.jmx.enabled=true -Dmanagement.endpoints.jmx.exposure.include=* -Dspring.application.admin.enabled=true -XX:TieredStopAtLevel=1 -Dspring.boot.project.name=paymentGateWay -Dfile.encoding=UTF-8 -XX:+ShowCodeDetailsInExceptionMessages com.pay.PaymentGateWayApplication --spring.output.ansi.enabled=always

Host: Intel(R) Core(TM) i3-1005G1 CPU @ 1.20GHz, 4 cores, 7G,  Windows 11 , 64 bit Build 22621 (10.0.22621.3958)
Time: Fri Mar 14 12:11:50 2025 India Standard Time elapsed time: 13.461189 seconds (0d 0h 0m 13s)

---------------  T H R E A D  ---------------

Current thread (0x000002a7a9717da0):  VMThread "VM Thread" [stack: 0x000000cc98300000,0x000000cc98400000] [id=13524]

Stack: [0x000000cc98300000,0x000000cc98400000]
Native frames: (J=compiled Java code, j=interpreted, Vv=VM code, C=native code)
V  [jvm.dll+0x67741a]
V  [jvm.dll+0x834434]
V  [jvm.dll+0x835bde]
V  [jvm.dll+0x836243]
V  [jvm.dll+0x2457b5]
V  [jvm.dll+0x674329]
V  [jvm.dll+0x6689da]
V  [jvm.dll+0x30489b]
V  [jvm.dll+0x30bd96]
V  [jvm.dll+0x35b57e]
V  [jvm.dll+0x35b7af]
V  [jvm.dll+0x2db778]
V  [jvm.dll+0x2d9a2c]
V  [jvm.dll+0x2d8ffc]
V  [jvm.dll+0x31cdcb]
V  [jvm.dll+0x83a6eb]
V  [jvm.dll+0x83b424]
V  [jvm.dll+0x83b93c]
V  [jvm.dll+0x83bd14]
V  [jvm.dll+0x83bde0]
V  [jvm.dll+0x7e483a]
V  [jvm.dll+0x6762c5]
C  [ucrtbase.dll+0x29333]
C  [KERNEL32.DLL+0x1257d]
C  [ntdll.dll+0x5af08]

VM_Operation (0x000000cc9abfc780): G1CollectForAllocation, mode: safepoint, requested by thread 0x000002a7aefba6a0


---------------  P R O C E S S  ---------------

Threads class SMR info:
_java_thread_list=0x000002a7af1e30f0, length=47, elements={
0x000002a79a41b440, 0x000002a7a971e000, 0x000002a7a96eff00, 0x000002a7aa028730,
0x000002a7aa02a000, 0x000002a7aa02b470, 0x000002a7aa041eb0, 0x000002a7aa043b30,
0x000002a7aa049990, 0x000002a7aa0db8a0, 0x000002a7aa294f40, 0x000002a7aa8d5690,
0x000002a7aa916c30, 0x000002a7aaba0f40, 0x000002a7aa2e1840, 0x000002a7aabb4480,
0x000002a7aac67b50, 0x000002a7aacfe8e0, 0x000002a7abb81490, 0x000002a7abb981c0,
0x000002a7abe271b0, 0x000002a7abe27680, 0x000002a7abe27b50, 0x000002a7abe26810,
0x000002a7abe26ce0, 0x000002a7abe284f0, 0x000002a7abe26340, 0x000002a7abe28020,
0x000002a7abe28e90, 0x000002a7abe289c0, 0x000002a7abe254d0, 0x000002a7abe259a0,
0x000002a7abe25e70, 0x000002a7aefbd6c0, 0x000002a7aefba6a0, 0x000002a7aefbb040,
0x000002a7aefbd1f0, 0x000002a7aefbdb90, 0x000002a7aefbe060, 0x000002a7aefbab70,
0x000002a7aefbb510, 0x000002a7aefbb9e0, 0x000002a7aefbbeb0, 0x000002a7aefbc380,
0x000002a7aefbc850, 0x000002a7aefbcd20, 0x000002a7b0e96f90
}

Java Threads: ( => current thread )
  0x000002a79a41b440 JavaThread "main" [_thread_blocked, id=9236, stack(0x000000cc97d00000,0x000000cc97e00000)]
  0x000002a7a971e000 JavaThread "Reference Handler" daemon [_thread_blocked, id=19696, stack(0x000000cc98400000,0x000000cc98500000)]
  0x000002a7a96eff00 JavaThread "Finalizer" daemon [_thread_blocked, id=19552, stack(0x000000cc98500000,0x000000cc98600000)]
  0x000002a7aa028730 JavaThread "Signal Dispatcher" daemon [_thread_blocked, id=14020, stack(0x000000cc98600000,0x000000cc98700000)]
  0x000002a7aa02a000 JavaThread "Attach Listener" daemon [_thread_blocked, id=18548, stack(0x000000cc98700000,0x000000cc98800000)]
  0x000002a7aa02b470 JavaThread "Service Thread" daemon [_thread_blocked, id=8212, stack(0x000000cc98800000,0x000000cc98900000)]
  0x000002a7aa041eb0 JavaThread "Monitor Deflation Thread" daemon [_thread_blocked, id=15496, stack(0x000000cc98900000,0x000000cc98a00000)]
  0x000002a7aa043b30 JavaThread "C1 CompilerThread0" daemon [_thread_blocked, id=2344, stack(0x000000cc98a00000,0x000000cc98b00000)]
  0x000002a7aa049990 JavaThread "Sweeper thread" daemon [_thread_blocked, id=9048, stack(0x000000cc98b00000,0x000000cc98c00000)]
  0x000002a7aa0db8a0 JavaThread "Common-Cleaner" daemon [_thread_blocked, id=8412, stack(0x000000cc98c00000,0x000000cc98d00000)]
  0x000002a7aa294f40 JavaThread "Notification Thread" daemon [_thread_blocked, id=15556, stack(0x000000cc98d00000,0x000000cc98e00000)]
  0x000002a7aa8d5690 JavaThread "C1 CompilerThread1" daemon [_thread_blocked, id=15524, stack(0x000000cc98e00000,0x000000cc98f00000)]
  0x000002a7aa916c30 JavaThread "C1 CompilerThread2" daemon [_thread_blocked, id=15128, stack(0x000000cc98f00000,0x000000cc99000000)]
  0x000002a7aaba0f40 JavaThread "RMI TCP Accept-0" daemon [_thread_in_native, id=16576, stack(0x000000cc99400000,0x000000cc99500000)]
  0x000002a7aa2e1840 JavaThread "RMI TCP Accept-54175" daemon [_thread_in_native, id=20408, stack(0x000000cc99500000,0x000000cc99600000)]
  0x000002a7aabb4480 JavaThread "RMI TCP Accept-0" daemon [_thread_in_native, id=16660, stack(0x000000cc99600000,0x000000cc99700000)]
  0x000002a7aac67b50 JavaThread "RMI TCP Connection(1)-127.0.0.1" daemon [_thread_in_native, id=15136, stack(0x000000cc99800000,0x000000cc99900000)]
  0x000002a7aacfe8e0 JavaThread "RMI Scheduler(0)" daemon [_thread_blocked, id=2876, stack(0x000000cc99900000,0x000000cc99a00000)]
  0x000002a7abb81490 JavaThread "RMI TCP Connection(2)-127.0.0.1" daemon [_thread_in_native, id=9108, stack(0x000000cc99a00000,0x000000cc99b00000)]
  0x000002a7abb981c0 JavaThread "JMX server connection timeout 21" daemon [_thread_blocked, id=2508, stack(0x000000cc99b00000,0x000000cc99c00000)]
  0x000002a7abe271b0 JavaThread "Thread-0" [_thread_blocked, id=10140, stack(0x000000cc99c00000,0x000000cc99d00000)]
  0x000002a7abe27680 JavaThread "restartedMain" [_thread_blocked, id=18684, stack(0x000000cc99d00000,0x000000cc99e00000)]
  0x000002a7abe27b50 JavaThread "Catalina-utility-1" [_thread_blocked, id=17572, stack(0x000000cc99e00000,0x000000cc99f00000)]
  0x000002a7abe26810 JavaThread "Catalina-utility-2" [_thread_blocked, id=17060, stack(0x000000cc99f00000,0x000000cc9a000000)]
  0x000002a7abe26ce0 JavaThread "container-0" [_thread_blocked, id=16772, stack(0x000000cc9a000000,0x000000cc9a100000)]
  0x000002a7abe284f0 JavaThread "mysql-cj-abandoned-connection-cleanup" daemon [_thread_blocked, id=12724, stack(0x000000cc9a100000,0x000000cc9a200000)]
  0x000002a7abe26340 JavaThread "HikariPool-1 housekeeper" daemon [_thread_blocked, id=13548, stack(0x000000cc9a300000,0x000000cc9a400000)]
  0x000002a7abe28020 JavaThread "HikariPool-1 connection adder" daemon [_thread_blocked, id=17116, stack(0x000000cc9a400000,0x000000cc9a500000)]
  0x000002a7abe28e90 JavaThread "File Watcher" daemon [_thread_blocked, id=13736, stack(0x000000cc9a500000,0x000000cc9a600000)]
  0x000002a7abe289c0 JavaThread "spring.cloud.inetutils" daemon [_thread_blocked, id=4724, stack(0x000000cc9a600000,0x000000cc9a700000)]
  0x000002a7abe254d0 JavaThread "spectator-gauge-polling-0" daemon [_thread_blocked, id=12264, stack(0x000000cc9a700000,0x000000cc9a800000)]
  0x000002a7abe259a0 JavaThread "AsyncResolver-bootstrap-%d" daemon [_thread_blocked, id=7564, stack(0x000000cc9a800000,0x000000cc9a900000)]
  0x000002a7abe25e70 JavaThread "DiscoveryClient-%d" daemon [_thread_blocked, id=8164, stack(0x000000cc9a900000,0x000000cc9aa00000)]
  0x000002a7aefbd6c0 JavaThread "DiscoveryClient-%d" daemon [_thread_blocked, id=11568, stack(0x000000cc9aa00000,0x000000cc9ab00000)]
  0x000002a7aefba6a0 JavaThread "DiscoveryClient-InstanceInfoReplicator-%d" daemon [_thread_blocked, id=15252, stack(0x000000cc9ab00000,0x000000cc9ac00000)]
  0x000002a7aefbb040 JavaThread "http-nio-9005-exec-1" daemon [_thread_blocked, id=8440, stack(0x000000cc9ac00000,0x000000cc9ad00000)]
  0x000002a7aefbd1f0 JavaThread "http-nio-9005-exec-2" daemon [_thread_blocked, id=15912, stack(0x000000cc9ad00000,0x000000cc9ae00000)]
  0x000002a7aefbdb90 JavaThread "http-nio-9005-exec-3" daemon [_thread_blocked, id=16716, stack(0x000000cc9ae00000,0x000000cc9af00000)]
  0x000002a7aefbe060 JavaThread "http-nio-9005-exec-4" daemon [_thread_blocked, id=3724, stack(0x000000cc9af00000,0x000000cc9b000000)]
  0x000002a7aefbab70 JavaThread "http-nio-9005-exec-5" daemon [_thread_blocked, id=15508, stack(0x000000cc9b000000,0x000000cc9b100000)]
  0x000002a7aefbb510 JavaThread "http-nio-9005-exec-6" daemon [_thread_blocked, id=18116, stack(0x000000cc9b100000,0x000000cc9b200000)]
  0x000002a7aefbb9e0 JavaThread "http-nio-9005-exec-7" daemon [_thread_blocked, id=18088, stack(0x000000cc9b200000,0x000000cc9b300000)]
  0x000002a7aefbbeb0 JavaThread "http-nio-9005-exec-8" daemon [_thread_blocked, id=4092, stack(0x000000cc9b300000,0x000000cc9b400000)]
  0x000002a7aefbc380 JavaThread "http-nio-9005-exec-9" daemon [_thread_blocked, id=5972, stack(0x000000cc9b400000,0x000000cc9b500000)]
  0x000002a7aefbc850 JavaThread "http-nio-9005-exec-10" daemon [_thread_blocked, id=18856, stack(0x000000cc9b500000,0x000000cc9b600000)]
  0x000002a7aefbcd20 JavaThread "http-nio-9005-Poller" daemon [_thread_in_native, id=10168, stack(0x000000cc9b600000,0x000000cc9b700000)]
  0x000002a7b0e96f90 JavaThread "http-nio-9005-Acceptor" daemon [_thread_in_native, id=17800, stack(0x000000cc9b700000,0x000000cc9b800000)]

Other Threads:
=>0x000002a7a9717da0 VMThread "VM Thread" [stack: 0x000000cc98300000,0x000000cc98400000] [id=13524]
  0x000002a7aabd4a00 WatcherThread [stack: 0x000000cc99700000,0x000000cc99800000] [id=14256]
  0x000002a79a474c80 GCTaskThread "GC Thread#0" [stack: 0x000000cc97e00000,0x000000cc97f00000] [id=10160]
  0x000002a7aab966f0 GCTaskThread "GC Thread#1" [stack: 0x000000cc99000000,0x000000cc99100000] [id=18328]
  0x000002a7aab9dfb0 GCTaskThread "GC Thread#2" [stack: 0x000000cc99100000,0x000000cc99200000] [id=2604]
  0x000002a7aababd50 GCTaskThread "GC Thread#3" [stack: 0x000000cc99200000,0x000000cc99300000] [id=4656]
  0x000002a79a485240 ConcurrentGCThread "G1 Main Marker" [stack: 0x000000cc97f00000,0x000000cc98000000] [id=2496]
  0x000002a79a486b90 ConcurrentGCThread "G1 Conc#0" [stack: 0x000000cc98000000,0x000000cc98100000] [id=1240]
  0x000002a7a95520c0 ConcurrentGCThread "G1 Refine#0" [stack: 0x000000cc98100000,0x000000cc98200000] [id=12280]
  0x000002a7aab9d7f0 ConcurrentGCThread "G1 Refine#1" [stack: 0x000000cc99300000,0x000000cc99400000] [id=1048]
  0x000002a7a9553a20 ConcurrentGCThread "G1 Service" [stack: 0x000000cc98200000,0x000000cc98300000] [id=14728]

Threads with active compile tasks:

VM state: at safepoint (normal execution)

VM Mutex/Monitor currently owned by a thread:  ([mutex/lock_event])
[0x000002a79a4169d0] Threads_lock - owner thread: 0x000002a7a9717da0
[0x000002a79a4165e0] Heap_lock - owner thread: 0x000002a7aefba6a0

Heap address: 0x0000000084c00000, size: 1972 MB, Compressed Oops mode: 32-bit

CDS archive(s) not mapped
Compressed class space mapped at: 0x0000000100000000-0x0000000140000000, reserved size: 1073741824
Narrow klass base: 0x0000000000000000, Narrow klass shift: 3, Narrow klass range: 0x140000000

GC Precious Log:
 CPUs: 4 total, 4 available
 Memory: 7880M
 Large Page Support: Disabled
 NUMA Support: Disabled
 Compressed Oops: Enabled (32-bit)
 Heap Region Size: 1M
 Heap Min Capacity: 8M
 Heap Initial Capacity: 124M
 Heap Max Capacity: 1972M
 Pre-touch: Disabled
 Parallel Workers: 4
 Concurrent Workers: 1
 Concurrent Refinement Workers: 4
 Periodic GC: Disabled

Heap:
 garbage-first heap   total 70656K, used 41965K [0x0000000084c00000, 0x0000000100000000)
  region size 1024K, 2 young (2048K), 2 survivors (2048K)
 Metaspace       used 79874K, committed 80448K, reserved 1122304K
  class space    used 11009K, committed 11264K, reserved 1048576K

Heap Regions: E=young(eden), S=young(survivor), O=old, HS=humongous(starts), HC=humongous(continues), CS=collection set, F=free, OA=open archive, CA=closed archive, TAMS=top-at-mark-start (previous, next)
|   0|0x0000000084c00000, 0x0000000084d00000, 0x0000000084d00000|100%|HS|  |TAMS 0x0000000084d00000, 0x0000000084d00000| Complete 
|   1|0x0000000084d00000, 0x0000000084e00000, 0x0000000084e00000|100%|HS|  |TAMS 0x0000000084e00000, 0x0000000084e00000| Complete 
|   2|0x0000000084e00000, 0x0000000084f00000, 0x0000000084f00000|100%| O|  |TAMS 0x0000000084f00000, 0x0000000084f00000| Untracked 
|   3|0x0000000084f00000, 0x0000000085000000, 0x0000000085000000|100%| O|  |TAMS 0x0000000085000000, 0x0000000085000000| Untracked 
|   4|0x0000000085000000, 0x0000000085100000, 0x0000000085100000|100%| O|  |TAMS 0x0000000085100000, 0x0000000085100000| Untracked 
|   5|0x0000000085100000, 0x0000000085200000, 0x0000000085200000|100%| O|  |TAMS 0x0000000085200000, 0x0000000085200000| Untracked 
|   6|0x0000000085200000, 0x0000000085300000, 0x0000000085300000|100%| O|  |TAMS 0x0000000085300000, 0x0000000085300000| Untracked 
|   7|0x0000000085300000, 0x0000000085400000, 0x0000000085400000|100%| O|  |TAMS 0x0000000085400000, 0x0000000085400000| Untracked 
|   8|0x0000000085400000, 0x0000000085500000, 0x0000000085500000|100%| O|  |TAMS 0x0000000085500000, 0x0000000085500000| Untracked 
|   9|0x0000000085500000, 0x0000000085521000, 0x0000000085600000| 12%| O|  |TAMS 0x0000000085521000, 0x0000000085521000| Untracked 
|  10|0x0000000085600000, 0x0000000085700000, 0x0000000085700000|100%| O|  |TAMS 0x0000000085700000, 0x0000000085700000| Untracked 
|  11|0x0000000085700000, 0x0000000085800000, 0x0000000085800000|100%| O|  |TAMS 0x0000000085800000, 0x0000000085800000| Untracked 
|  12|0x0000000085800000, 0x0000000085900000, 0x0000000085900000|100%| O|  |TAMS 0x0000000085900000, 0x0000000085900000| Untracked 
|  13|0x0000000085900000, 0x0000000085a00000, 0x0000000085a00000|100%| O|  |TAMS 0x0000000085a00000, 0x0000000085a00000| Untracked 
|  14|0x0000000085a00000, 0x0000000085b00000, 0x0000000085b00000|100%| O|  |TAMS 0x0000000085b00000, 0x0000000085b00000| Untracked 
|  15|0x0000000085b00000, 0x0000000085c00000, 0x0000000085c00000|100%| O|  |TAMS 0x0000000085c00000, 0x0000000085c00000| Untracked 
|  16|0x0000000085c00000, 0x0000000085d00000, 0x0000000085d00000|100%| O|  |TAMS 0x0000000085d00000, 0x0000000085d00000| Untracked 
|  17|0x0000000085d00000, 0x0000000085e00000, 0x0000000085e00000|100%| O|  |TAMS 0x0000000085e00000, 0x0000000085e00000| Untracked 
|  18|0x0000000085e00000, 0x0000000085f00000, 0x0000000085f00000|100%| O|  |TAMS 0x0000000085f00000, 0x0000000085f00000| Untracked 
|  19|0x0000000085f00000, 0x0000000086000000, 0x0000000086000000|100%| O|  |TAMS 0x0000000086000000, 0x0000000086000000| Untracked 
|  20|0x0000000086000000, 0x0000000086100000, 0x0000000086100000|100%| O|  |TAMS 0x0000000086100000, 0x0000000086100000| Untracked 
|  21|0x0000000086100000, 0x0000000086200000, 0x0000000086200000|100%| O|  |TAMS 0x0000000086200000, 0x0000000086200000| Untracked 
|  22|0x0000000086200000, 0x0000000086300000, 0x0000000086300000|100%| O|  |TAMS 0x0000000086300000, 0x0000000086300000| Untracked 
|  23|0x0000000086300000, 0x0000000086400000, 0x0000000086400000|100%| O|  |TAMS 0x0000000086400000, 0x0000000086400000| Untracked 
|  24|0x0000000086400000, 0x0000000086500000, 0x0000000086500000|100%| O|  |TAMS 0x0000000086500000, 0x0000000086500000| Untracked 
|  25|0x0000000086500000, 0x0000000086600000, 0x0000000086600000|100%| O|  |TAMS 0x0000000086600000, 0x0000000086600000| Untracked 
|  26|0x0000000086600000, 0x0000000086700000, 0x0000000086700000|100%| O|  |TAMS 0x0000000086700000, 0x0000000086700000| Untracked 
|  27|0x0000000086700000, 0x0000000086800000, 0x0000000086800000|100%| O|  |TAMS 0x0000000086800000, 0x0000000086800000| Untracked 
|  28|0x0000000086800000, 0x0000000086900000, 0x0000000086900000|100%| O|  |TAMS 0x0000000086900000, 0x0000000086900000| Untracked 
|  29|0x0000000086900000, 0x0000000086a00000, 0x0000000086a00000|100%| O|  |TAMS 0x0000000086a00000, 0x0000000086a00000| Untracked 
|  30|0x0000000086a00000, 0x0000000086b00000, 0x0000000086b00000|100%| O|  |TAMS 0x0000000086b00000, 0x0000000086b00000| Untracked 
|  31|0x0000000086b00000, 0x0000000086c00000, 0x0000000086c00000|100%| O|  |TAMS 0x0000000086c00000, 0x0000000086c00000| Untracked 
|  32|0x0000000086c00000, 0x0000000086d00000, 0x0000000086d00000|100%| O|  |TAMS 0x0000000086d00000, 0x0000000086d00000| Untracked 
|  33|0x0000000086d00000, 0x0000000086e00000, 0x0000000086e00000|100%| O|  |TAMS 0x0000000086e00000, 0x0000000086e00000| Untracked 
|  34|0x0000000086e00000, 0x0000000086f00000, 0x0000000086f00000|100%| O|  |TAMS 0x0000000086eaf800, 0x0000000086f00000| Untracked 
|  35|0x0000000086f00000, 0x0000000087000000, 0x0000000087000000|100%| O|  |TAMS 0x0000000086f00000, 0x0000000087000000| Untracked 
|  36|0x0000000087000000, 0x0000000087100000, 0x0000000087100000|100%| O|  |TAMS 0x0000000087000000, 0x0000000087100000| Untracked 
|  37|0x0000000087100000, 0x0000000087200000, 0x0000000087200000|100%| O|  |TAMS 0x0000000087100000, 0x0000000087166800| Untracked 
|  38|0x0000000087200000, 0x0000000087300000, 0x0000000087300000|100%| O|  |TAMS 0x0000000087200000, 0x0000000087200000| Untracked 
|  39|0x0000000087300000, 0x0000000087400000, 0x0000000087400000|100%| O|  |TAMS 0x0000000087300000, 0x0000000087300000| Untracked 
|  40|0x0000000087400000, 0x0000000087479200, 0x0000000087500000| 47%| O|  |TAMS 0x0000000087400000, 0x0000000087400000| Untracked 
|  41|0x0000000087500000, 0x0000000087500000, 0x0000000087600000|  0%| F|  |TAMS 0x0000000087500000, 0x0000000087500000| Untracked 
|  42|0x0000000087600000, 0x0000000087600000, 0x0000000087700000|  0%| F|  |TAMS 0x0000000087600000, 0x0000000087600000| Untracked 
|  43|0x0000000087700000, 0x0000000087700000, 0x0000000087800000|  0%| F|  |TAMS 0x0000000087700000, 0x0000000087700000| Untracked 
|  44|0x0000000087800000, 0x0000000087800000, 0x0000000087900000|  0%| F|  |TAMS 0x0000000087800000, 0x0000000087800000| Untracked 
|  45|0x0000000087900000, 0x0000000087900000, 0x0000000087a00000|  0%| F|  |TAMS 0x0000000087900000, 0x0000000087900000| Untracked 
|  46|0x0000000087a00000, 0x0000000087a00000, 0x0000000087b00000|  0%| F|  |TAMS 0x0000000087a00000, 0x0000000087a00000| Untracked 
|  47|0x0000000087b00000, 0x0000000087b00000, 0x0000000087c00000|  0%| F|  |TAMS 0x0000000087b00000, 0x0000000087b00000| Untracked 
|  48|0x0000000087c00000, 0x0000000087c00000, 0x0000000087d00000|  0%| F|  |TAMS 0x0000000087c00000, 0x0000000087c00000| Untracked 
|  49|0x0000000087d00000, 0x0000000087d61230, 0x0000000087e00000| 37%| S|CS|TAMS 0x0000000087d00000, 0x0000000087d00000| Complete 
|  50|0x0000000087e00000, 0x0000000087e00000, 0x0000000087f00000|  0%| F|  |TAMS 0x0000000087e00000, 0x0000000087e00000| Untracked 
|  51|0x0000000087f00000, 0x0000000087f00000, 0x0000000088000000|  0%| F|  |TAMS 0x0000000087f00000, 0x0000000087f00000| Untracked 
|  52|0x0000000088000000, 0x0000000088000000, 0x0000000088100000|  0%| F|  |TAMS 0x0000000088000000, 0x0000000088000000| Untracked 
|  53|0x0000000088100000, 0x0000000088200000, 0x0000000088200000|100%| S|CS|TAMS 0x0000000088100000, 0x0000000088100000| Complete 
|  54|0x0000000088200000, 0x0000000088200000, 0x0000000088300000|  0%| F|  |TAMS 0x0000000088200000, 0x0000000088200000| Untracked 
|  55|0x0000000088300000, 0x0000000088300000, 0x0000000088400000|  0%| F|  |TAMS 0x0000000088300000, 0x0000000088300000| Untracked 
|  56|0x0000000088400000, 0x0000000088400000, 0x0000000088500000|  0%| F|  |TAMS 0x0000000088400000, 0x0000000088400000| Untracked 
|  57|0x0000000088500000, 0x0000000088500000, 0x0000000088600000|  0%| F|  |TAMS 0x0000000088500000, 0x0000000088500000| Untracked 
|  58|0x0000000088600000, 0x0000000088600000, 0x0000000088700000|  0%| F|  |TAMS 0x0000000088600000, 0x0000000088600000| Untracked 
|  59|0x0000000088700000, 0x0000000088700000, 0x0000000088800000|  0%| F|  |TAMS 0x0000000088700000, 0x0000000088700000| Untracked 
|  60|0x0000000088800000, 0x0000000088800000, 0x0000000088900000|  0%| F|  |TAMS 0x0000000088800000, 0x0000000088800000| Untracked 
|  61|0x0000000088900000, 0x0000000088900000, 0x0000000088a00000|  0%| F|  |TAMS 0x0000000088900000, 0x0000000088900000| Untracked 
|  62|0x0000000088a00000, 0x0000000088a00000, 0x0000000088b00000|  0%| F|  |TAMS 0x0000000088a00000, 0x0000000088a00000| Untracked 
| 101|0x000000008b100000, 0x000000008b100000, 0x000000008b200000|  0%| F|  |TAMS 0x000000008b100000, 0x000000008b100000| Untracked 
| 102|0x000000008b200000, 0x000000008b200000, 0x000000008b300000|  0%| F|  |TAMS 0x000000008b200000, 0x000000008b200000| Untracked 
| 103|0x000000008b300000, 0x000000008b300000, 0x000000008b400000|  0%| F|  |TAMS 0x000000008b300000, 0x000000008b300000| Untracked 
| 104|0x000000008b400000, 0x000000008b400000, 0x000000008b500000|  0%| F|  |TAMS 0x000000008b400000, 0x000000008b400000| Untracked 
| 122|0x000000008c600000, 0x000000008c600000, 0x000000008c700000|  0%| F|  |TAMS 0x000000008c600000, 0x000000008c600000| Untracked 
| 123|0x000000008c700000, 0x000000008c700000, 0x000000008c800000|  0%| F|  |TAMS 0x000000008c700000, 0x000000008c700000| Untracked 

Card table byte_map: [0x000002a7a2b30000,0x000002a7a2f10000] _byte_map_base: 0x000002a7a270a000

Marking Bits (Prev, Next): (CMBitMap*) 0x000002a79a475290, (CMBitMap*) 0x000002a79a4752d0
 Prev Bits: [0x000002a7a32f0000, 0x000002a7a51c0000)
 Next Bits: [0x000002a7a51c0000, 0x000002a7a7090000)

Polling page: 0x000002a79a4c0000

Metaspace:

Usage:
  Non-class:     67.25 MB used.
      Class:     10.75 MB used.
       Both:     78.00 MB used.

Virtual space:
  Non-class space:       72.00 MB reserved,      67.56 MB ( 94%) committed,  9 nodes.
      Class space:        1.00 GB reserved,      11.00 MB (  1%) committed,  1 nodes.
             Both:        1.07 GB reserved,      78.56 MB (  7%) committed. 

Chunk freelists:
   Non-Class:  400.00 KB
       Class:  1.03 MB
        Both:  1.42 MB

MaxMetaspaceSize: unlimited
CompressedClassSpaceSize: 1.00 GB
Initial GC threshold: 21.00 MB
Current GC threshold: 122.62 MB
CDS: off
MetaspaceReclaimPolicy: balanced
 - commit_granule_bytes: 65536.
 - commit_granule_words: 8192.
 - virtual_space_node_default_size: 1048576.
 - enlarge_chunks_in_place: 1.
 - new_chunks_are_fully_committed: 0.
 - uncommit_free_chunks: 1.
 - use_allocation_guard: 0.
 - handle_deallocations: 1.


Internal statistics:

num_allocs_failed_limit: 8.
num_arena_births: 794.
num_arena_deaths: 0.
num_vsnodes_births: 10.
num_vsnodes_deaths: 0.
num_space_committed: 1257.
num_space_uncommitted: 0.
num_chunks_returned_to_freelist: 8.
num_chunks_taken_from_freelist: 3281.
num_chunk_merges: 8.
num_chunk_splits: 2397.
num_chunks_enlarged: 1861.
num_purges: 0.
num_inconsistent_stats: 0.

CodeCache: size=49152Kb used=12684Kb max_used=12684Kb free=36468Kb
 bounds [0x000002a79f2a0000, 0x000002a79ff10000, 0x000002a7a22a0000]
 total_blobs=7172 nmethods=6476 adapters=621
 compilation: enabled
              stopped_count=0, restarted_count=0
 full_count=0

Compilation events (20 events):
Event: 13.420 Thread 0x000002a7aa8d5690 nmethod 6467 0x000002a79fefef90 code [0x000002a79feff120, 0x000002a79feff208]
Event: 13.420 Thread 0x000002a7aa8d5690 6469       1       com.fasterxml.jackson.databind.introspect.JacksonAnnotationIntrospector::findReferenceType (52 bytes)
Event: 13.420 Thread 0x000002a7aa916c30 nmethod 6468 0x000002a79feff310 code [0x000002a79feff4a0, 0x000002a79feff588]
Event: 13.421 Thread 0x000002a7aa8d5690 nmethod 6469 0x000002a79feff690 code [0x000002a79feff8a0, 0x000002a79feffeb8]
Event: 13.421 Thread 0x000002a7aa8d5690 6470       1       com.fasterxml.jackson.databind.introspect.POJOPropertyBuilder$1::withMember (6 bytes)
Event: 13.421 Thread 0x000002a7aa043b30 6471       1       com.fasterxml.jackson.databind.introspect.POJOPropertyBuilder$1::withMember (12 bytes)
Event: 13.421 Thread 0x000002a7aa8d5690 nmethod 6470 0x000002a79ff00110 code [0x000002a79ff002a0, 0x000002a79ff00388]
Event: 13.421 Thread 0x000002a7aa043b30 nmethod 6471 0x000002a79ff00490 code [0x000002a79ff00620, 0x000002a79ff00708]
Event: 13.422 Thread 0x000002a7aa043b30 6472       1       com.fasterxml.jackson.databind.introspect.BeanPropertyDefinition::getAccessor (16 bytes)
Event: 13.422 Thread 0x000002a7aa043b30 nmethod 6472 0x000002a79ff00810 code [0x000002a79ff009c0, 0x000002a79ff00ad8]
Event: 13.433 Thread 0x000002a7aa043b30 6473       1       org.springframework.core.annotation.AnnotationTypeMapping$MirrorSets::updateFrom (148 bytes)
Event: 13.435 Thread 0x000002a7aa916c30 6474       1       java.time.Instant::getEpochSecond (5 bytes)
Event: 13.435 Thread 0x000002a7aa043b30 nmethod 6473 0x000002a79ff00b90 code [0x000002a79ff00e00, 0x000002a79ff01838]
Event: 13.435 Thread 0x000002a7aa916c30 nmethod 6474 0x000002a79ff01e10 code [0x000002a79ff01fa0, 0x000002a79ff02078]
Event: 13.435 Thread 0x000002a7aa043b30 6475       1       ch.qos.logback.classic.spi.LoggingEvent::getLevel (5 bytes)
Event: 13.436 Thread 0x000002a7aa043b30 nmethod 6475 0x000002a79ff02110 code [0x000002a79ff022a0, 0x000002a79ff02378]
Event: 13.446 Thread 0x000002a7aa916c30 6476       1       com.fasterxml.jackson.databind.BeanDescription::getType (5 bytes)
Event: 13.446 Thread 0x000002a7aa916c30 nmethod 6476 0x000002a79ff02a10 code [0x000002a79ff02ba0, 0x000002a79ff02c78]
Event: 13.446 Thread 0x000002a7aa043b30 6477       1       com.fasterxml.jackson.databind.introspect.POJOPropertiesCollector::isRecordType (5 bytes)
Event: 13.446 Thread 0x000002a7aa043b30 nmethod 6477 0x000002a79ff02d10 code [0x000002a79ff02ea0, 0x000002a79ff02f78]

GC Heap History (20 events):
Event: 8.467 GC heap after
{Heap after GC invocations=16 (full 0):
 garbage-first heap   total 67584K, used 26631K [0x0000000084c00000, 0x0000000100000000)
  region size 1024K, 3 young (3072K), 3 survivors (3072K)
 Metaspace       used 40955K, committed 41472K, reserved 1089536K
  class space    used 5282K, committed 5504K, reserved 1048576K
}
Event: 9.104 GC heap before
{Heap before GC invocations=16 (full 0):
 garbage-first heap   total 67584K, used 52231K [0x0000000084c00000, 0x0000000100000000)
  region size 1024K, 27 young (27648K), 3 survivors (3072K)
 Metaspace       used 45454K, committed 45888K, reserved 1089536K
  class space    used 5959K, committed 6144K, reserved 1048576K
}
Event: 9.108 GC heap after
{Heap after GC invocations=17 (full 0):
 garbage-first heap   total 67584K, used 27066K [0x0000000084c00000, 0x0000000100000000)
  region size 1024K, 2 young (2048K), 2 survivors (2048K)
 Metaspace       used 45454K, committed 45888K, reserved 1089536K
  class space    used 5959K, committed 6144K, reserved 1048576K
}
Event: 9.690 GC heap before
{Heap before GC invocations=17 (full 0):
 garbage-first heap   total 67584K, used 50618K [0x0000000084c00000, 0x0000000100000000)
  region size 1024K, 26 young (26624K), 2 survivors (2048K)
 Metaspace       used 52619K, committed 53120K, reserved 1097728K
  class space    used 6956K, committed 7232K, reserved 1048576K
}
Event: 9.694 GC heap after
{Heap after GC invocations=18 (full 0):
 garbage-first heap   total 67584K, used 29296K [0x0000000084c00000, 0x0000000100000000)
  region size 1024K, 4 young (4096K), 4 survivors (4096K)
 Metaspace       used 52619K, committed 53120K, reserved 1097728K
  class space    used 6956K, committed 7232K, reserved 1048576K
}
Event: 10.231 GC heap before
{Heap before GC invocations=18 (full 0):
 garbage-first heap   total 67584K, used 50800K [0x0000000084c00000, 0x0000000100000000)
  region size 1024K, 26 young (26624K), 4 survivors (4096K)
 Metaspace       used 58401K, committed 58944K, reserved 1105920K
  class space    used 7777K, committed 8000K, reserved 1048576K
}
Event: 10.235 GC heap after
{Heap after GC invocations=19 (full 0):
 garbage-first heap   total 67584K, used 30705K [0x0000000084c00000, 0x0000000100000000)
  region size 1024K, 2 young (2048K), 2 survivors (2048K)
 Metaspace       used 58401K, committed 58944K, reserved 1105920K
  class space    used 7777K, committed 8000K, reserved 1048576K
}
Event: 10.947 GC heap before
{Heap before GC invocations=19 (full 0):
 garbage-first heap   total 67584K, used 52209K [0x0000000084c00000, 0x0000000100000000)
  region size 1024K, 23 young (23552K), 2 survivors (2048K)
 Metaspace       used 64458K, committed 64960K, reserved 1105920K
  class space    used 8719K, committed 8960K, reserved 1048576K
}
Event: 10.950 GC heap after
{Heap after GC invocations=20 (full 0):
 garbage-first heap   total 67584K, used 31588K [0x0000000084c00000, 0x0000000100000000)
  region size 1024K, 3 young (3072K), 3 survivors (3072K)
 Metaspace       used 64458K, committed 64960K, reserved 1105920K
  class space    used 8719K, committed 8960K, reserved 1048576K
}
Event: 11.414 GC heap before
{Heap before GC invocations=21 (full 0):
 garbage-first heap   total 67584K, used 53092K [0x0000000084c00000, 0x0000000100000000)
  region size 1024K, 24 young (24576K), 3 survivors (3072K)
 Metaspace       used 68640K, committed 69248K, reserved 1114112K
  class space    used 9383K, committed 9664K, reserved 1048576K
}
Event: 11.419 GC heap after
{Heap after GC invocations=22 (full 0):
 garbage-first heap   total 67584K, used 33149K [0x0000000084c00000, 0x0000000100000000)
  region size 1024K, 3 young (3072K), 3 survivors (3072K)
 Metaspace       used 68640K, committed 69248K, reserved 1114112K
  class space    used 9383K, committed 9664K, reserved 1048576K
}
Event: 11.769 GC heap before
{Heap before GC invocations=22 (full 0):
 garbage-first heap   total 67584K, used 52605K [0x0000000084c00000, 0x0000000100000000)
  region size 1024K, 23 young (23552K), 3 survivors (3072K)
 Metaspace       used 71727K, committed 72256K, reserved 1114112K
  class space    used 9803K, committed 10048K, reserved 1048576K
}
Event: 11.774 GC heap after
{Heap after GC invocations=23 (full 0):
 garbage-first heap   total 67584K, used 34800K [0x0000000084c00000, 0x0000000100000000)
  region size 1024K, 3 young (3072K), 3 survivors (3072K)
 Metaspace       used 71727K, committed 72256K, reserved 1114112K
  class space    used 9803K, committed 10048K, reserved 1048576K
}
Event: 12.081 GC heap before
{Heap before GC invocations=24 (full 0):
 garbage-first heap   total 67584K, used 53232K [0x0000000084c00000, 0x0000000100000000)
  region size 1024K, 21 young (21504K), 3 survivors (3072K)
 Metaspace       used 73442K, committed 73984K, reserved 1114112K
  class space    used 10064K, committed 10304K, reserved 1048576K
}
Event: 12.086 GC heap after
{Heap after GC invocations=25 (full 0):
 garbage-first heap   total 67584K, used 36674K [0x0000000084c00000, 0x0000000100000000)
  region size 1024K, 2 young (2048K), 2 survivors (2048K)
 Metaspace       used 73442K, committed 73984K, reserved 1114112K
  class space    used 10064K, committed 10304K, reserved 1048576K
}
Event: 12.762 GC heap before
{Heap before GC invocations=25 (full 0):
 garbage-first heap   total 67584K, used 54082K [0x0000000084c00000, 0x0000000100000000)
  region size 1024K, 19 young (19456K), 2 survivors (2048K)
 Metaspace       used 74520K, committed 75072K, reserved 1114112K
  class space    used 10250K, committed 10496K, reserved 1048576K
}
Event: 12.766 GC heap after
{Heap after GC invocations=26 (full 0):
 garbage-first heap   total 67584K, used 38021K [0x0000000084c00000, 0x0000000100000000)
  region size 1024K, 2 young (2048K), 2 survivors (2048K)
 Metaspace       used 74520K, committed 75072K, reserved 1114112K
  class space    used 10250K, committed 10496K, reserved 1048576K
}
Event: 13.073 GC heap before
{Heap before GC invocations=27 (full 0):
 garbage-first heap   total 70656K, used 54405K [0x0000000084c00000, 0x0000000100000000)
  region size 1024K, 18 young (18432K), 2 survivors (2048K)
 Metaspace       used 76564K, committed 77120K, reserved 1122304K
  class space    used 10553K, committed 10816K, reserved 1048576K
}
Event: 13.078 GC heap after
{Heap after GC invocations=28 (full 0):
 garbage-first heap   total 70656K, used 40478K [0x0000000084c00000, 0x0000000100000000)
  region size 1024K, 3 young (3072K), 3 survivors (3072K)
 Metaspace       used 76564K, committed 77120K, reserved 1122304K
  class space    used 10553K, committed 10816K, reserved 1048576K
}
Event: 13.449 GC heap before
{Heap before GC invocations=28 (full 0):
 garbage-first heap   total 70656K, used 55838K [0x0000000084c00000, 0x0000000100000000)
  region size 1024K, 18 young (18432K), 3 survivors (3072K)
 Metaspace       used 79874K, committed 80448K, reserved 1122304K
  class space    used 11009K, committed 11264K, reserved 1048576K
}

Dll operation events (9 events):
Event: 0.027 Loaded shared library C:\Users\Sangita\Downloads\spring-tool-suite-4-4.18.0.RELEASE-e4.27.0-win32.win32.x86_64.self-extracting\sts-4.18.0.RELEASE\plugins\org.eclipse.justj.openjdk.hotspot.jre.full.win32.x86_64_17.0.6.v20230204-1729\jre\bin\java.dll
Event: 0.816 Loaded shared library C:\Users\Sangita\Downloads\spring-tool-suite-4-4.18.0.RELEASE-e4.27.0-win32.win32.x86_64.self-extracting\sts-4.18.0.RELEASE\plugins\org.eclipse.justj.openjdk.hotspot.jre.full.win32.x86_64_17.0.6.v20230204-1729\jre\bin\jimage.dll
Event: 0.962 Loaded shared library C:\Users\Sangita\Downloads\spring-tool-suite-4-4.18.0.RELEASE-e4.27.0-win32.win32.x86_64.self-extracting\sts-4.18.0.RELEASE\plugins\org.eclipse.justj.openjdk.hotspot.jre.full.win32.x86_64_17.0.6.v20230204-1729\jre\bin\net.dll
Event: 1.140 Loaded shared library C:\Users\Sangita\Downloads\spring-tool-suite-4-4.18.0.RELEASE-e4.27.0-win32.win32.x86_64.self-extracting\sts-4.18.0.RELEASE\plugins\org.eclipse.justj.openjdk.hotspot.jre.full.win32.x86_64_17.0.6.v20230204-1729\jre\bin\nio.dll
Event: 1.169 Loaded shared library C:\Users\Sangita\Downloads\spring-tool-suite-4-4.18.0.RELEASE-e4.27.0-win32.win32.x86_64.self-extracting\sts-4.18.0.RELEASE\plugins\org.eclipse.justj.openjdk.hotspot.jre.full.win32.x86_64_17.0.6.v20230204-1729\jre\bin\zip.dll
Event: 1.763 Loaded shared library C:\Users\Sangita\Downloads\spring-tool-suite-4-4.18.0.RELEASE-e4.27.0-win32.win32.x86_64.self-extracting\sts-4.18.0.RELEASE\plugins\org.eclipse.justj.openjdk.hotspot.jre.full.win32.x86_64_17.0.6.v20230204-1729\jre\bin\management.dll
Event: 1.784 Loaded shared library C:\Users\Sangita\Downloads\spring-tool-suite-4-4.18.0.RELEASE-e4.27.0-win32.win32.x86_64.self-extracting\sts-4.18.0.RELEASE\plugins\org.eclipse.justj.openjdk.hotspot.jre.full.win32.x86_64_17.0.6.v20230204-1729\jre\bin\management_ext.
Event: 5.454 Loaded shared library C:\Users\Sangita\Downloads\spring-tool-suite-4-4.18.0.RELEASE-e4.27.0-win32.win32.x86_64.self-extracting\sts-4.18.0.RELEASE\plugins\org.eclipse.justj.openjdk.hotspot.jre.full.win32.x86_64_17.0.6.v20230204-1729\jre\bin\sunmscapi.dll
Event: 9.136 Loaded shared library C:\Users\Sangita\Downloads\spring-tool-suite-4-4.18.0.RELEASE-e4.27.0-win32.win32.x86_64.self-extracting\sts-4.18.0.RELEASE\plugins\org.eclipse.justj.openjdk.hotspot.jre.full.win32.x86_64_17.0.6.v20230204-1729\jre\bin\verify.dll

Deoptimization events (14 events):
Event: 4.976 Thread 0x000002a7abe27680 DEOPT PACKING pc=0x000002a79f81dd99 sp=0x000000cc99dfc790
Event: 4.976 Thread 0x000002a7abe27680 DEOPT UNPACKING pc=0x000002a79f2face3 sp=0x000000cc99dfbc70 mode 3
Event: 5.335 Thread 0x000002a7abe27680 DEOPT PACKING pc=0x000002a79f88b755 sp=0x000000cc99dfdf80
Event: 5.335 Thread 0x000002a7abe27680 DEOPT UNPACKING pc=0x000002a79f2face3 sp=0x000000cc99dfd430 mode 3
Event: 7.591 Thread 0x000002a7abe27680 DEOPT PACKING pc=0x000002a79f9e7d4c sp=0x000000cc99dfc970
Event: 7.591 Thread 0x000002a7abe27680 DEOPT UNPACKING pc=0x000002a79f2face3 sp=0x000000cc99dfbe28 mode 0
Event: 8.551 Thread 0x000002a7abe27680 DEOPT PACKING pc=0x000002a79faf447d sp=0x000000cc99dfc110
Event: 8.551 Thread 0x000002a7abe27680 DEOPT UNPACKING pc=0x000002a79f2face3 sp=0x000000cc99dfb678 mode 3
Event: 11.558 Thread 0x000002a7abe27680 DEOPT PACKING pc=0x000002a79f863c94 sp=0x000000cc99dfbe10
Event: 11.558 Thread 0x000002a7abe27680 DEOPT UNPACKING pc=0x000002a79f2face3 sp=0x000000cc99dfb368 mode 0
Event: 11.613 Thread 0x000002a7abe27680 DEOPT PACKING pc=0x000002a79f884042 sp=0x000000cc99dfc0c0
Event: 11.613 Thread 0x000002a7abe27680 DEOPT UNPACKING pc=0x000002a79f2face3 sp=0x000000cc99dfb5c8 mode 3
Event: 13.386 Thread 0x000002a7abe27680 DEOPT PACKING pc=0x000002a79fdf5494 sp=0x000000cc99dfcd70
Event: 13.386 Thread 0x000002a7abe27680 DEOPT UNPACKING pc=0x000002a79f2face3 sp=0x000000cc99dfc218 mode 0

Classes unloaded (0 events):
No events

Classes redefined (0 events):
No events

Internal exceptions (20 events):
Event: 11.204 Thread 0x000002a7abe27680 Exception <a 'java/lang/NoSuchMethodError'{0x0000000088340058}: 'java.lang.Object java.lang.invoke.DirectMethodHandle$Holder.newInvokeSpecial(java.lang.Object, java.lang.Object, java.lang.Object, java.lang.Object, java.lang.Object, java.lang.Object, java.lang.Object, java.lang.Object, java.lang.Object, java.lang.Object, java.lang.Object, java.lang.Object)'> (0x0000000088340058) 
thrown [s\src\hotspot\share\interpreter\linkResolver.cpp, line 759]
Event: 11.204 Thread 0x000002a7abe27680 Exception <a 'java/lang/NoSuchMethodError'{0x0000000088344af0}: 'java.lang.Object java.lang.invoke.DirectMethodHandle$Holder.invokeSpecial(java.lang.Object, java.lang.Object, java.lang.Object, java.lang.Object, java.lang.Object, java.lang.Object, java.lang.Object, java.lang.Object, java.lang.Object, java.lang.Object, java.lang.Object, java.lang.Object, java.lang.Object)'> (0x0000000088344af0) 
thrown [s\src\hotspot\share\interpreter\linkResolver.cpp, line 759]
Event: 11.204 Thread 0x000002a7abe27680 Exception <a 'java/lang/NoSuchMethodError'{0x0000000088349208}: 'java.lang.Object java.lang.invoke.Invokers$Holder.linkToTargetMethod(java.lang.Object, java.lang.Object, java.lang.Object, java.lang.Object, java.lang.Object, java.lang.Object, java.lang.Object, java.lang.Object, java.lang.Object, java.lang.Object, java.lang.Object, java.lang.Object)'> (0x0000000088349208) 
thrown [s\src\hotspot\share\interpreter\linkResolver.cpp, line 759]
Event: 11.235 Thread 0x000002a7abe27680 Exception <a 'java/lang/IncompatibleClassChangeError'{0x00000000882f91d0}: Found class java.lang.Object, but interface was expected> (0x00000000882f91d0) 
thrown [s\src\hotspot\share\interpreter\linkResolver.cpp, line 826]
Event: 11.244 Thread 0x000002a7abe27680 Exception <a 'java/lang/NoSuchMethodError'{0x0000000088179190}: 'java.lang.Object java.lang.invoke.DirectMethodHandle$Holder.newInvokeSpecial(java.lang.Object, java.lang.Object, java.lang.Object, java.lang.Object, java.lang.Object, java.lang.Object, java.lang.Object, int)'> (0x0000000088179190) 
thrown [s\src\hotspot\share\interpreter\linkResolver.cpp, line 759]
Event: 11.245 Thread 0x000002a7abe27680 Exception <a 'java/lang/NoSuchMethodError'{0x000000008817e188}: 'java.lang.Object java.lang.invoke.DirectMethodHandle$Holder.invokeSpecial(java.lang.Object, java.lang.Object, java.lang.Object, java.lang.Object, java.lang.Object, java.lang.Object, java.lang.Object, java.lang.Object, int)'> (0x000000008817e188) 
thrown [s\src\hotspot\share\interpreter\linkResolver.cpp, line 759]
Event: 11.245 Thread 0x000002a7abe27680 Exception <a 'java/lang/NoSuchMethodError'{0x0000000088182c50}: 'java.lang.Object java.lang.invoke.Invokers$Holder.linkToTargetMethod(java.lang.Object, java.lang.Object, java.lang.Object, java.lang.Object, java.lang.Object, java.lang.Object, int, java.lang.Object)'> (0x0000000088182c50) 
thrown [s\src\hotspot\share\interpreter\linkResolver.cpp, line 759]
Event: 11.261 Thread 0x000002a7abe27680 Exception <a 'java/lang/NoSuchMethodError'{0x0000000088059f90}: 'void java.lang.invoke.DirectMethodHandle$Holder.invokeInterface(java.lang.Object, java.lang.Object)'> (0x0000000088059f90) 
thrown [s\src\hotspot\share\interpreter\linkResolver.cpp, line 759]
Event: 11.434 Thread 0x000002a7abe27680 Exception <a 'java/lang/IncompatibleClassChangeError'{0x000000008c7d70b0}: Found class java.lang.Object, but interface was expected> (0x000000008c7d70b0) 
thrown [s\src\hotspot\share\interpreter\linkResolver.cpp, line 826]
Event: 11.443 Thread 0x000002a7abe27680 Exception <a 'java/lang/IncompatibleClassChangeError'{0x000000008c6549a8}: Found class java.lang.Object, but interface was expected> (0x000000008c6549a8) 
thrown [s\src\hotspot\share\interpreter\linkResolver.cpp, line 826]
Event: 11.472 Thread 0x000002a7abe27680 Exception <a 'java/lang/IncompatibleClassChangeError'{0x000000008b4d1798}: Found class java.lang.Object, but interface was expected> (0x000000008b4d1798) 
thrown [s\src\hotspot\share\interpreter\linkResolver.cpp, line 826]
Event: 11.589 Thread 0x000002a7abe27680 Exception <a 'java/lang/IncompatibleClassChangeError'{0x00000000884b3230}: Found class java.lang.Object, but interface was expected> (0x00000000884b3230) 
thrown [s\src\hotspot\share\interpreter\linkResolver.cpp, line 826]
Event: 11.883 Thread 0x000002a7abe27680 Exception <a 'sun/nio/fs/WindowsException'{0x000000008b2ea3c0}> (0x000000008b2ea3c0) 
thrown [s\src\hotspot\share\prims\jni.cpp, line 516]
Event: 11.925 Thread 0x000002a7abe27680 Exception <a 'java/lang/IncompatibleClassChangeError'{0x0000000088580d50}: Found class java.lang.Object, but interface was expected> (0x0000000088580d50) 
thrown [s\src\hotspot\share\interpreter\linkResolver.cpp, line 826]
Event: 11.958 Thread 0x000002a7abe27680 Exception <a 'java/lang/NoSuchMethodError'{0x000000008834b020}: 'void java.lang.invoke.DirectMethodHandle$Holder.invokeVirtual(java.lang.Object, java.lang.Object, long)'> (0x000000008834b020) 
thrown [s\src\hotspot\share\interpreter\linkResolver.cpp, line 759]
Event: 12.060 Thread 0x000002a7abe27680 Exception <a 'java/lang/IncompatibleClassChangeError'{0x0000000087d41240}: Found class java.lang.Object, but interface was expected> (0x0000000087d41240) 
thrown [s\src\hotspot\share\interpreter\linkResolver.cpp, line 826]
Event: 12.177 Thread 0x000002a7abe27680 Exception <a 'java/net/BindException'{0x000000008870da18}: Address already in use: bind> (0x000000008870da18) 
thrown [s\src\hotspot\share\prims\jni.cpp, line 535]
Event: 12.177 Thread 0x000002a7abe27680 Exception <a 'java/net/SocketException'{0x000000008870e100}: Socket is not connected: shutdown> (0x000000008870e100) 
thrown [s\src\hotspot\share\prims\jni.cpp, line 535]
Event: 12.816 Thread 0x000002a7abe27680 Exception <a 'java/lang/NoSuchMethodError'{0x000000008c656140}: 'java.lang.Object java.lang.invoke.DirectMethodHandle$Holder.newInvokeSpecial(java.lang.Object, java.lang.Object, int, java.lang.Object, java.lang.Object)'> (0x000000008c656140) 
thrown [s\src\hotspot\share\interpreter\linkResolver.cpp, line 759]
Event: 12.876 Thread 0x000002a7abe27680 Exception <a 'java/lang/NoSuchMethodError'{0x000000008b4e72f0}: 'double java.lang.invoke.DirectMethodHandle$Holder.invokeVirtual(java.lang.Object, java.lang.Object)'> (0x000000008b4e72f0) 
thrown [s\src\hotspot\share\interpreter\linkResolver.cpp, line 759]

VM Operations (20 events):
Event: 11.977 Executing VM operation: HandshakeAllThreads done
Event: 12.081 Executing VM operation: G1CollectForAllocation
Event: 12.086 Executing VM operation: G1CollectForAllocation done
Event: 12.762 Executing VM operation: G1CollectForAllocation
Event: 12.766 Executing VM operation: G1CollectForAllocation done
Event: 12.791 Executing VM operation: HandshakeAllThreads
Event: 12.791 Executing VM operation: HandshakeAllThreads done
Event: 12.815 Executing VM operation: HandshakeAllThreads
Event: 12.815 Executing VM operation: HandshakeAllThreads done
Event: 12.821 Executing VM operation: G1Concurrent
Event: 12.824 Executing VM operation: G1Concurrent done
Event: 12.856 Executing VM operation: G1Concurrent
Event: 12.856 Executing VM operation: G1Concurrent done
Event: 13.073 Executing VM operation: G1CollectForAllocation
Event: 13.078 Executing VM operation: G1CollectForAllocation done
Event: 13.136 Executing VM operation: HandshakeAllThreads
Event: 13.136 Executing VM operation: HandshakeAllThreads done
Event: 13.256 Executing VM operation: HandshakeAllThreads
Event: 13.256 Executing VM operation: HandshakeAllThreads done
Event: 13.449 Executing VM operation: G1CollectForAllocation

Events (20 events):
Event: 13.420 loading class sun/nio/ch/Interruptible done
Event: 13.420 loading class java/nio/channels/spi/AbstractInterruptibleChannel$1 done
Event: 13.422 loading class java/nio/BufferMismatch
Event: 13.422 loading class java/nio/BufferMismatch done
Event: 13.422 loading class sun/nio/ch/SourceChannelImpl
Event: 13.422 loading class java/nio/channels/Pipe$SourceChannel
Event: 13.422 loading class java/nio/channels/Pipe$SourceChannel done
Event: 13.422 loading class sun/nio/ch/SourceChannelImpl done
Event: 13.422 loading class sun/nio/ch/SinkChannelImpl
Event: 13.423 loading class java/nio/channels/Pipe$SinkChannel
Event: 13.423 loading class java/nio/channels/Pipe$SinkChannel done
Event: 13.423 loading class sun/nio/ch/SinkChannelImpl done
Event: 13.425 Thread 0x000002a7aefbcd20 Thread added: 0x000002a7aefbcd20
Event: 13.429 loading class java/nio/channels/spi/AbstractSelector$1
Event: 13.429 loading class java/nio/channels/spi/AbstractSelector$1 done
Event: 13.429 Thread 0x000002a7b0e96f90 Thread added: 0x000002a7b0e96f90
Event: 13.430 loading class java/util/TreeMap$ValueSpliterator
Event: 13.430 loading class java/util/TreeMap$TreeMapSpliterator
Event: 13.430 loading class java/util/TreeMap$TreeMapSpliterator done
Event: 13.430 loading class java/util/TreeMap$ValueSpliterator done


Dynamic libraries:
0x00007ff6c3f30000 - 0x00007ff6c3f3e000 	C:\Users\Sangita\Downloads\spring-tool-suite-4-4.18.0.RELEASE-e4.27.0-win32.win32.x86_64.self-extracting\sts-4.18.0.RELEASE\plugins\org.eclipse.justj.openjdk.hotspot.jre.full.win32.x86_64_17.0.6.v20230204-1729\jre\bin\javaw.exe
0x00007ffd08750000 - 0x00007ffd08967000 	C:\WINDOWS\SYSTEM32\ntdll.dll
0x00007ffd07c20000 - 0x00007ffd07ce4000 	C:\WINDOWS\System32\KERNEL32.DLL
0x00007ffd060c0000 - 0x00007ffd06477000 	C:\WINDOWS\System32\KERNELBASE.dll
0x00007ffd05c70000 - 0x00007ffd05d81000 	C:\WINDOWS\System32\ucrtbase.dll
0x00007ffcfd0f0000 - 0x00007ffcfd107000 	C:\Users\Sangita\Downloads\spring-tool-suite-4-4.18.0.RELEASE-e4.27.0-win32.win32.x86_64.self-extracting\sts-4.18.0.RELEASE\plugins\org.eclipse.justj.openjdk.hotspot.jre.full.win32.x86_64_17.0.6.v20230204-1729\jre\bin\jli.dll
0x00007ffd079a0000 - 0x00007ffd07b4f000 	C:\WINDOWS\System32\USER32.dll
0x00007ffd05d90000 - 0x00007ffd05db6000 	C:\WINDOWS\System32\win32u.dll
0x00007ffd06f40000 - 0x00007ffd06f69000 	C:\WINDOWS\System32\GDI32.dll
0x00007ffd05fa0000 - 0x00007ffd060b8000 	C:\WINDOWS\System32\gdi32full.dll
0x00007ffd05dc0000 - 0x00007ffd05e5a000 	C:\WINDOWS\System32\msvcp_win.dll
0x00007ffd04060000 - 0x00007ffd04079000 	C:\Users\Sangita\Downloads\spring-tool-suite-4-4.18.0.RELEASE-e4.27.0-win32.win32.x86_64.self-extracting\sts-4.18.0.RELEASE\plugins\org.eclipse.justj.openjdk.hotspot.jre.full.win32.x86_64_17.0.6.v20230204-1729\jre\bin\VCRUNTIME140.dll
0x00007ffd04d40000 - 0x00007ffd04fd3000 	C:\WINDOWS\WinSxS\amd64_microsoft.windows.common-controls_6595b64144ccf1df_6.0.22621.3672_none_2713b9d173822955\COMCTL32.dll
0x00007ffd06dd0000 - 0x00007ffd06e77000 	C:\WINDOWS\System32\msvcrt.dll
0x00007ffd07290000 - 0x00007ffd072c1000 	C:\WINDOWS\System32\IMM32.DLL
0x00007ffd04050000 - 0x00007ffd0405c000 	C:\Users\Sangita\Downloads\spring-tool-suite-4-4.18.0.RELEASE-e4.27.0-win32.win32.x86_64.self-extracting\sts-4.18.0.RELEASE\plugins\org.eclipse.justj.openjdk.hotspot.jre.full.win32.x86_64_17.0.6.v20230204-1729\jre\bin\vcruntime140_1.dll
0x00007ffce0690000 - 0x00007ffce0721000 	C:\Users\Sangita\Downloads\spring-tool-suite-4-4.18.0.RELEASE-e4.27.0-win32.win32.x86_64.self-extracting\sts-4.18.0.RELEASE\plugins\org.eclipse.justj.openjdk.hotspot.jre.full.win32.x86_64_17.0.6.v20230204-1729\jre\bin\msvcp140.dll
0x00007ffcaa6c0000 - 0x00007ffcab307000 	C:\Users\Sangita\Downloads\spring-tool-suite-4-4.18.0.RELEASE-e4.27.0-win32.win32.x86_64.self-extracting\sts-4.18.0.RELEASE\plugins\org.eclipse.justj.openjdk.hotspot.jre.full.win32.x86_64_17.0.6.v20230204-1729\jre\bin\server\jvm.dll
0x00007ffd06e80000 - 0x00007ffd06f32000 	C:\WINDOWS\System32\ADVAPI32.dll
0x00007ffd07b70000 - 0x00007ffd07c18000 	C:\WINDOWS\System32\sechost.dll
0x00007ffd05bd0000 - 0x00007ffd05bf8000 	C:\WINDOWS\System32\bcrypt.dll
0x00007ffd07880000 - 0x00007ffd07994000 	C:\WINDOWS\System32\RPCRT4.dll
0x00007ffcd9720000 - 0x00007ffcd9729000 	C:\WINDOWS\SYSTEM32\WSOCK32.dll
0x00007ffd06d00000 - 0x00007ffd06d71000 	C:\WINDOWS\System32\WS2_32.dll
0x00007ffd02260000 - 0x00007ffd0226a000 	C:\WINDOWS\SYSTEM32\VERSION.dll
0x00007ffcfcdc0000 - 0x00007ffcfcdf4000 	C:\WINDOWS\SYSTEM32\WINMM.dll
0x00007ffd04380000 - 0x00007ffd04398000 	C:\WINDOWS\SYSTEM32\kernel.appcore.dll
0x00007ffcfd7f0000 - 0x00007ffcfd7fa000 	C:\Users\Sangita\Downloads\spring-tool-suite-4-4.18.0.RELEASE-e4.27.0-win32.win32.x86_64.self-extracting\sts-4.18.0.RELEASE\plugins\org.eclipse.justj.openjdk.hotspot.jre.full.win32.x86_64_17.0.6.v20230204-1729\jre\bin\jimage.dll
0x00007ffd052d0000 - 0x00007ffd05502000 	C:\WINDOWS\SYSTEM32\DBGHELP.DLL
0x00007ffd07490000 - 0x00007ffd0781e000 	C:\WINDOWS\System32\combase.dll
0x00007ffd06f80000 - 0x00007ffd07057000 	C:\WINDOWS\System32\OLEAUT32.dll
0x00007ffd051c0000 - 0x00007ffd051f2000 	C:\WINDOWS\SYSTEM32\dbgcore.DLL
0x00007ffd05f20000 - 0x00007ffd05f9b000 	C:\WINDOWS\System32\bcryptPrimitives.dll
0x00007ffcfadc0000 - 0x00007ffcfade5000 	C:\Users\Sangita\Downloads\spring-tool-suite-4-4.18.0.RELEASE-e4.27.0-win32.win32.x86_64.self-extracting\sts-4.18.0.RELEASE\plugins\org.eclipse.justj.openjdk.hotspot.jre.full.win32.x86_64_17.0.6.v20230204-1729\jre\bin\java.dll
0x00007ffcfd0d0000 - 0x00007ffcfd0e8000 	C:\Users\Sangita\Downloads\spring-tool-suite-4-4.18.0.RELEASE-e4.27.0-win32.win32.x86_64.self-extracting\sts-4.18.0.RELEASE\plugins\org.eclipse.justj.openjdk.hotspot.jre.full.win32.x86_64_17.0.6.v20230204-1729\jre\bin\zip.dll
0x00007ffd07cf0000 - 0x00007ffd08559000 	C:\WINDOWS\System32\SHELL32.dll
0x00007ffd02a60000 - 0x00007ffd0335f000 	C:\WINDOWS\SYSTEM32\windows.storage.dll
0x00007ffd02920000 - 0x00007ffd02a5f000 	C:\WINDOWS\SYSTEM32\wintypes.dll
0x00007ffd06480000 - 0x00007ffd06579000 	C:\WINDOWS\System32\SHCORE.dll
0x00007ffd07820000 - 0x00007ffd0787e000 	C:\WINDOWS\System32\shlwapi.dll
0x00007ffd05990000 - 0x00007ffd059b7000 	C:\WINDOWS\SYSTEM32\profapi.dll
0x00007ffcfada0000 - 0x00007ffcfadb9000 	C:\Users\Sangita\Downloads\spring-tool-suite-4-4.18.0.RELEASE-e4.27.0-win32.win32.x86_64.self-extracting\sts-4.18.0.RELEASE\plugins\org.eclipse.justj.openjdk.hotspot.jre.full.win32.x86_64_17.0.6.v20230204-1729\jre\bin\net.dll
0x00007ffcfe000000 - 0x00007ffcfe136000 	C:\WINDOWS\SYSTEM32\WINHTTP.dll
0x00007ffd047b0000 - 0x00007ffd04819000 	C:\WINDOWS\system32\mswsock.dll
0x00007ffcfad80000 - 0x00007ffcfad95000 	C:\Users\Sangita\Downloads\spring-tool-suite-4-4.18.0.RELEASE-e4.27.0-win32.win32.x86_64.self-extracting\sts-4.18.0.RELEASE\plugins\org.eclipse.justj.openjdk.hotspot.jre.full.win32.x86_64_17.0.6.v20230204-1729\jre\bin\nio.dll
0x00007ffd03fd0000 - 0x00007ffd03fd9000 	C:\Users\Sangita\Downloads\spring-tool-suite-4-4.18.0.RELEASE-e4.27.0-win32.win32.x86_64.self-extracting\sts-4.18.0.RELEASE\plugins\org.eclipse.justj.openjdk.hotspot.jre.full.win32.x86_64_17.0.6.v20230204-1729\jre\bin\management.dll
0x00007ffd03f80000 - 0x00007ffd03f8b000 	C:\Users\Sangita\Downloads\spring-tool-suite-4-4.18.0.RELEASE-e4.27.0-win32.win32.x86_64.self-extracting\sts-4.18.0.RELEASE\plugins\org.eclipse.justj.openjdk.hotspot.jre.full.win32.x86_64_17.0.6.v20230204-1729\jre\bin\management_ext.dll
0x00007ffd06600000 - 0x00007ffd06608000 	C:\WINDOWS\System32\PSAPI.DLL
0x00007ffccfe60000 - 0x00007ffccfe77000 	C:\WINDOWS\system32\napinsp.dll
0x00007ffccfe40000 - 0x00007ffccfe5b000 	C:\WINDOWS\system32\pnrpnsp.dll
0x00007ffd036d0000 - 0x00007ffd037d2000 	C:\WINDOWS\SYSTEM32\DNSAPI.dll
0x00007ffd036a0000 - 0x00007ffd036cd000 	C:\WINDOWS\SYSTEM32\IPHLPAPI.DLL
0x00007ffd06f70000 - 0x00007ffd06f79000 	C:\WINDOWS\System32\NSI.dll
0x00007ffccfe20000 - 0x00007ffccfe31000 	C:\WINDOWS\System32\winrnr.dll
0x00007ffcfba70000 - 0x00007ffcfba85000 	C:\WINDOWS\system32\wshbth.dll
0x00007ffccfdf0000 - 0x00007ffccfe17000 	C:\WINDOWS\system32\nlansp_c.dll
0x00007ffcf2880000 - 0x00007ffcf288a000 	C:\Windows\System32\rasadhlp.dll
0x00007ffcfa770000 - 0x00007ffcfa7f3000 	C:\WINDOWS\System32\fwpuclnt.dll
0x00007ffd05610000 - 0x00007ffd0562b000 	C:\WINDOWS\SYSTEM32\CRYPTSP.dll
0x00007ffd042e0000 - 0x00007ffd04315000 	C:\WINDOWS\system32\rsaenh.dll
0x00007ffd04870000 - 0x00007ffd04898000 	C:\WINDOWS\SYSTEM32\USERENV.dll
0x00007ffd049e0000 - 0x00007ffd049ec000 	C:\WINDOWS\SYSTEM32\CRYPTBASE.dll
0x00007ffcfdf00000 - 0x00007ffcfdf19000 	C:\WINDOWS\SYSTEM32\dhcpcsvc6.DLL
0x00007ffcfde30000 - 0x00007ffcfde4f000 	C:\WINDOWS\SYSTEM32\dhcpcsvc.DLL
0x00007ffcc00d0000 - 0x00007ffcc00de000 	C:\Users\Sangita\Downloads\spring-tool-suite-4-4.18.0.RELEASE-e4.27.0-win32.win32.x86_64.self-extracting\sts-4.18.0.RELEASE\plugins\org.eclipse.justj.openjdk.hotspot.jre.full.win32.x86_64_17.0.6.v20230204-1729\jre\bin\sunmscapi.dll
0x00007ffd05a60000 - 0x00007ffd05bc6000 	C:\WINDOWS\System32\CRYPT32.dll
0x00007ffd04c20000 - 0x00007ffd04c4d000 	C:\WINDOWS\SYSTEM32\ncrypt.dll
0x00007ffd04be0000 - 0x00007ffd04c17000 	C:\WINDOWS\SYSTEM32\NTASN1.dll
0x00007ffcfad70000 - 0x00007ffcfad80000 	C:\Users\Sangita\Downloads\spring-tool-suite-4-4.18.0.RELEASE-e4.27.0-win32.win32.x86_64.self-extracting\sts-4.18.0.RELEASE\plugins\org.eclipse.justj.openjdk.hotspot.jre.full.win32.x86_64_17.0.6.v20230204-1729\jre\bin\verify.dll
0x00007ffc89840000 - 0x00007ffc89848000 	C:\WINDOWS\system32\wshunix.dll

dbghelp: loaded successfully - version: 4.0.5 - missing functions: none
symbol engine: initialized successfully - sym options: 0x614 - pdb path: .;C:\Users\Sangita\Downloads\spring-tool-suite-4-4.18.0.RELEASE-e4.27.0-win32.win32.x86_64.self-extracting\sts-4.18.0.RELEASE\plugins\org.eclipse.justj.openjdk.hotspot.jre.full.win32.x86_64_17.0.6.v20230204-1729\jre\bin;C:\WINDOWS\SYSTEM32;C:\WINDOWS\WinSxS\amd64_microsoft.windows.common-controls_6595b64144ccf1df_6.0.22621.3672_none_2713b9d173822955;C:\Users\Sangita\Downloads\spring-tool-suite-4-4.18.0.RELEASE-e4.27.0-win32.win32.x86_64.self-extracting\sts-4.18.0.RELEASE\plugins\org.eclipse.justj.openjdk.hotspot.jre.full.win32.x86_64_17.0.6.v20230204-1729\jre\bin\server

VM Arguments:
jvm_args: -Dcom.sun.management.jmxremote -Dcom.sun.management.jmxremote.port=54175 -Dcom.sun.management.jmxremote.authenticate=false -Dcom.sun.management.jmxremote.ssl=false -Djava.rmi.server.hostname=localhost -Dspring.jmx.enabled=true -Dmanagement.endpoints.jmx.exposure.include=* -Dspring.application.admin.enabled=true -XX:TieredStopAtLevel=1 -Dspring.boot.project.name=paymentGateWay -Dfile.encoding=UTF-8 -XX:+ShowCodeDetailsInExceptionMessages 
java_command: com.pay.PaymentGateWayApplication --spring.output.ansi.enabled=always
java_class_path (initial): C:\Users\Sangita\Institute Management System\paymentGateWay\target\classes;C:\Users\Sangita\.m2\repository\org\springframework\boot\spring-boot-starter-data-jpa\3.3.4\spring-boot-starter-data-jpa-3.3.4.jar;C:\Users\Sangita\.m2\repository\org\springframework\boot\spring-boot-starter-aop\3.3.4\spring-boot-starter-aop-3.3.4.jar;C:\Users\Sangita\.m2\repository\org\springframework\spring-aop\6.1.13\spring-aop-6.1.13.jar;C:\Users\Sangita\.m2\repository\org\aspectj\aspectjweaver\1.9.22.1\aspectjweaver-1.9.22.1.jar;C:\Users\Sangita\.m2\repository\org\springframework\boot\spring-boot-starter-jdbc\3.3.4\spring-boot-starter-jdbc-3.3.4.jar;C:\Users\Sangita\.m2\repository\com\zaxxer\HikariCP\5.1.0\HikariCP-5.1.0.jar;C:\Users\Sangita\.m2\repository\org\springframework\spring-jdbc\6.1.13\spring-jdbc-6.1.13.jar;C:\Users\Sangita\.m2\repository\org\hibernate\orm\hibernate-core\6.5.3.Final\hibernate-core-6.5.3.Final.jar;C:\Users\Sangita\.m2\repository\jakarta\persistence\jakarta.persistence-api\3.1.0\jakarta.persistence-api-3.1.0.jar;C:\Users\Sangita\.m2\repository\jakarta\transaction\jakarta.transaction-api\2.0.1\jakarta.transaction-api-2.0.1.jar;C:\Users\Sangita\.m2\repository\org\jboss\logging\jboss-logging\3.5.3.Final\jboss-logging-3.5.3.Final.jar;C:\Users\Sangita\.m2\repository\org\hibernate\common\hibernate-commons-annotations\6.0.6.Final\hibernate-commons-annotations-6.0.6.Final.jar;C:\Users\Sangita\.m2\repository\io\smallrye\jandex\3.1.2\jandex-3.1.2.jar;C:\Users\Sangita\.m2\repository\com\fasterxml\classmate\1.7.0\classmate-1.7.0.jar;C:\Users\Sangita\.m2\repository\net\bytebuddy\byte-buddy\1.14.19\byte-buddy-1.14.19.jar;C:\Users\Sangita\.m2\repository\org\glassfish\jaxb\jaxb-runtime\4.0.5\jaxb-runtime-4.0.5.jar;C:\Users\Sangita\.m2\repository\org\glassfish\jaxb\jaxb-core\4.0.5\jaxb-core-4.0.5.jar;C:\Users\Sangita\.m2\repository\org\eclipse\angus\angus-activation\2.0.2\angus-activation-2.0.2.jar;C:\Users\Sangita\.m2\repository\org\glassfish\jaxb\tx
Launcher Type: SUN_STANDARD

[Global flags]
     intx CICompilerCount                          = 3                                         {product} {ergonomic}
     uint ConcGCThreads                            = 1                                         {product} {ergonomic}
     uint G1ConcRefinementThreads                  = 4                                         {product} {ergonomic}
   size_t G1HeapRegionSize                         = 1048576                                   {product} {ergonomic}
    uintx GCDrainStackTargetSize                   = 64                                        {product} {ergonomic}
   size_t InitialHeapSize                          = 130023424                                 {product} {ergonomic}
     bool ManagementServer                         = true                                      {product} {command line}
   size_t MarkStackSize                            = 4194304                                   {product} {ergonomic}
   size_t MaxHeapSize                              = 2067791872                                {product} {ergonomic}
   size_t MaxNewSize                               = 1240465408                                {product} {ergonomic}
   size_t MinHeapDeltaBytes                        = 1048576                                   {product} {ergonomic}
   size_t MinHeapSize                              = 8388608                                   {product} {ergonomic}
    uintx NonProfiledCodeHeapSize                  = 0                                      {pd product} {ergonomic}
     bool ProfileInterpreter                       = false                                  {pd product} {command line}
    uintx ProfiledCodeHeapSize                     = 0                                      {pd product} {ergonomic}
     bool ShowCodeDetailsInExceptionMessages       = true                                   {manageable} {command line}
   size_t SoftMaxHeapSize                          = 2067791872                             {manageable} {ergonomic}
     intx TieredStopAtLevel                        = 1                                         {product} {command line}
     bool UseCompressedClassPointers               = true                           {product lp64_product} {ergonomic}
     bool UseCompressedOops                        = true                           {product lp64_product} {ergonomic}
     bool UseG1GC                                  = true                                      {product} {ergonomic}
     bool UseLargePagesIndividualAllocation        = false                                  {pd product} {ergonomic}

Logging:
Log output configuration:
 #0: stdout all=warning uptime,level,tags
 #1: stderr all=off uptime,level,tags

Environment Variables:
JAVA_HOME=C:\Program Files\Java\jdk-17.0.1
CLASSPATH=C:\mysql-connector-java-8.0.27.jar;
PATH=C:/Users/Sangita/Downloads/spring-tool-suite-4-4.18.0.RELEASE-e4.27.0-win32.win32.x86_64.self-extracting/sts-4.18.0.RELEASE//plugins/org.eclipse.justj.openjdk.hotspot.jre.full.win32.x86_64_17.0.6.v20230204-1729/jre/bin/server;C:/Users/Sangita/Downloads/spring-tool-suite-4-4.18.0.RELEASE-e4.27.0-win32.win32.x86_64.self-extracting/sts-4.18.0.RELEASE//plugins/org.eclipse.justj.openjdk.hotspot.jre.full.win32.x86_64_17.0.6.v20230204-1729/jre/bin;C:\Program Files\Common Files\Oracle\Java\javapath;C:\WINDOWS\system32;C:\WINDOWS;C:\WINDOWS\System32\Wbem;C:\WINDOWS\System32\WindowsPowerShell\v1.0\;C:\WINDOWS\System32\OpenSSH\;C:\MinGW\bin;C:\Program Files\Java\jdk-17.0.6\bin;C:\ProgramData\chocolatey\bin;C:\ProgramData\Microsoft\Windows\Start Menu\Programs\Node.js;;C:\Program Files\nodejs;C:\Program Files\Docker\Docker\resources\bin;C:\Program Files\Git\cmd;C:\Users\Sangita\OneDrive\Documents\maven\apache-maven-3.9.9-bin\apache-maven-3.9.9\bin;%JAVA_HOME%\bin;C:\Program Files\MySQL\MySQL Server 8.1\bin;C:\Users\Sangita\AppData\Local\Programs\Microsoft VS Code\bin;C:\MinGW\mingw32\bin;C:\mysql-connector-java-8.0.27\mysql-connector-java-8.0.27;C:\Users\Sangita\AppData\Local\GitHubDesktop\bin;C:\Program Files\Java\jdk-17.0.6\bin;C:\Users\Sangita\AppData\Roaming\npm;C:\Users\Sangita\AppData\Local\gitkraken\bin;C:\ProgramData\Microsoft\Windows\Start Menu\Programs\Node.js;C:\Users\Sangita\AppData\Roaming\nvm;C:\Program Files\nodejs;C:\Users\Sangita\AppData\Local\Microsoft\WindowsApps;C:\Users\Sangita\OneDrive\Documents\maven\apache-maven-3.9.9-bin\apache-maven-3.9.9\bin;C:\Program Files\Java\jdk-17.0.1\bin;C:\Program Files\MySQL\MySQL Server 8.1\bin;;C:\Users\Sangita\Downloads\spring-tool-suite-4-4.18.0.RELEASE-e4.27.0-win32.win32.x86_64.self-extracting\sts-4.18.0.RELEASE;
USERNAME=Sangita
OS=Windows_NT
PROCESSOR_IDENTIFIER=Intel64 Family 6 Model 126 Stepping 5, GenuineIntel
TMP=C:\Users\Sangita\AppData\Local\Temp
TEMP=C:\Users\Sangita\AppData\Local\Temp



---------------  S Y S T E M  ---------------

OS:
 Windows 11 , 64 bit Build 22621 (10.0.22621.3958)
OS uptime: 0 days 1:16 hours
Hyper-V role detected

CPU: total 4 (initial active 4) (2 cores per cpu, 2 threads per core) family 6 model 126 stepping 5 microcode 0xa0, cx8, cmov, fxsr, ht, mmx, 3dnowpref, sse, sse2, sse3, ssse3, sse4.1, sse4.2, popcnt, lzcnt, tsc, tscinvbit, avx, avx2, aes, erms, clmul, bmi1, bmi2, adx, avx512f, avx512dq, avx512cd, avx512bw, avx512vl, sha, fma, vzeroupper, avx512_vpopcntdq, avx512_vpclmulqdq, avx512_vaes, avx512_vnni, clflush, clflushopt, avx512_vbmi2, avx512_vbmi, hv

Memory: 4k page, system-wide physical 7880M (520M free)
TotalPageFile size 15380M (AvailPageFile size 8M)
current process WorkingSet (physical memory assigned to process): 233M, peak: 233M
current process commit charge ("private bytes"): 260M, peak: 274M

vm_info: OpenJDK 64-Bit Server VM (17.0.6+10) for windows-amd64 JRE (17.0.6+10), built on Jan 18 2023 10:08:59 by "temurin" with MS VC++ 16.7 (VS2019)

END.
