#
# There is insufficient memory for the Java Runtime Environment to continue.
# Native memory allocation (malloc) failed to allocate 72192 bytes for Chunk::new
# Possible reasons:
#   The system is out of physical RAM or swap space
#   The process is running with CompressedOops enabled, and the Java Heap may be blocking the growth of the native heap
# Possible solutions:
#   Reduce memory load on the system
#   Increase physical memory or swap space
#   Check if swap backing store is full
#   Decrease Java heap size (-Xmx/-Xms)
#   Decrease number of Java threads
#   Decrease Java thread stack sizes (-Xss)
#   Set larger code cache with -XX:ReservedCodeCacheSize=
#   JVM is running with Unscaled Compressed Oops mode in which the Java heap is
#     placed in the first 4GB address space. The Java Heap base address is the
#     maximum limit for the native heap growth. Please use -XX:HeapBaseMinAddress
#     to set the Java Heap base and to place the Java Heap above 4GB virtual address.
# This output file may be truncated or incomplete.
#
#  Out of Memory Error (arena.cpp:189), pid=14804, tid=6176
#
# JRE version: OpenJDK Runtime Environment Temurin-17.0.6+10 (17.0.6+10) (build 17.0.6+10)
# Java VM: OpenJDK 64-Bit Server VM Temurin-17.0.6+10 (17.0.6+10, mixed mode, tiered, compressed oops, compressed class ptrs, g1 gc, windows-amd64)
# No core dump will be written. Minidumps are not enabled by default on client versions of Windows
#

---------------  S U M M A R Y ------------

Command Line: -Dfile.encoding=UTF-8 -XX:+ShowCodeDetailsInExceptionMessages com.pay.PaymentGateWayApplication

Host: Intel(R) Core(TM) i3-1005G1 CPU @ 1.20GHz, 4 cores, 7G,  Windows 11 , 64 bit Build 22621 (10.0.22621.3958)
Time: Wed Feb 19 20:51:36 2025 India Standard Time elapsed time: 0.675899 seconds (0d 0h 0m 0s)

---------------  T H R E A D  ---------------

Current thread (0x0000014e514e7ac0):  JavaThread "main" [_thread_in_vm, id=6176, stack(0x0000001fd2b00000,0x0000001fd2c00000)]

Stack: [0x0000001fd2b00000,0x0000001fd2c00000]
Native frames: (J=compiled Java code, j=interpreted, Vv=VM code, C=native code)
V  [jvm.dll+0x67741a]
V  [jvm.dll+0x834434]
V  [jvm.dll+0x835bde]
V  [jvm.dll+0x836243]
V  [jvm.dll+0x2457b5]
V  [jvm.dll+0xabafc]
V  [jvm.dll+0xac0cc]
V  [jvm.dll+0x1f236a]
V  [jvm.dll+0x1f0fb2]
V  [jvm.dll+0x7aea1b]
V  [jvm.dll+0x7afdc2]
V  [jvm.dll+0x7b00f8]
V  [jvm.dll+0x23dbbe]
V  [jvm.dll+0x37ecce]
C  0x0000014e5c0cb5a5

Java frames: (J=compiled Java code, j=interpreted, Vv=VM code)
j  jdk.internal.module.SystemModulesMap.defaultSystemModules()Ljdk/internal/module/SystemModules;+0 java.base
j  jdk.internal.module.SystemModuleFinders.systemModules(Ljava/lang/String;)Ljdk/internal/module/SystemModules;+10 java.base
j  jdk.internal.module.ModuleBootstrap.boot2()Ljava/lang/ModuleLayer;+194 java.base
j  jdk.internal.module.ModuleBootstrap.boot()Ljava/lang/ModuleLayer;+64 java.base
j  java.lang.System.initPhase2(ZZ)I+0 java.base
v  ~StubRoutines::call_stub

---------------  P R O C E S S  ---------------

Threads class SMR info:
_java_thread_list=0x0000014e6a9ce590, length=10, elements={
0x0000014e514e7ac0, 0x0000014e6a9ed270, 0x0000014e6a9ee6a0, 0x0000014e6a9d62b0,
0x0000014e6a9d8b80, 0x0000014e6b439010, 0x0000014e6b43d570, 0x0000014e6b43e9b0,
0x0000014e6b4a5de0, 0x0000014e6b4a8aa0
}

Java Threads: ( => current thread )
=>0x0000014e514e7ac0 JavaThread "main" [_thread_in_vm, id=6176, stack(0x0000001fd2b00000,0x0000001fd2c00000)]
  0x0000014e6a9ed270 JavaThread "Reference Handler" daemon [_thread_blocked, id=4532, stack(0x0000001fd3200000,0x0000001fd3300000)]
  0x0000014e6a9ee6a0 JavaThread "Finalizer" daemon [_thread_blocked, id=16708, stack(0x0000001fd3300000,0x0000001fd3400000)]
  0x0000014e6a9d62b0 JavaThread "Signal Dispatcher" daemon [_thread_blocked, id=8884, stack(0x0000001fd3400000,0x0000001fd3500000)]
  0x0000014e6a9d8b80 JavaThread "Attach Listener" daemon [_thread_blocked, id=6892, stack(0x0000001fd3500000,0x0000001fd3600000)]
  0x0000014e6b439010 JavaThread "Service Thread" daemon [_thread_blocked, id=552, stack(0x0000001fd3600000,0x0000001fd3700000)]
  0x0000014e6b43d570 JavaThread "Monitor Deflation Thread" daemon [_thread_blocked, id=10336, stack(0x0000001fd3700000,0x0000001fd3800000)]
  0x0000014e6b43e9b0 JavaThread "C2 CompilerThread0" daemon [_thread_blocked, id=17664, stack(0x0000001fd3800000,0x0000001fd3900000)]
  0x0000014e6b4a5de0 JavaThread "C1 CompilerThread0" daemon [_thread_blocked, id=2692, stack(0x0000001fd3900000,0x0000001fd3a00000)]
  0x0000014e6b4a8aa0 JavaThread "Sweeper thread" daemon [_thread_blocked, id=2536, stack(0x0000001fd3a00000,0x0000001fd3b00000)]

Other Threads:
  0x0000014e6b413c50 VMThread "VM Thread" [stack: 0x0000001fd3100000,0x0000001fd3200000] [id=15264]
  0x0000014e51543840 GCTaskThread "GC Thread#0" [stack: 0x0000001fd2c00000,0x0000001fd2d00000] [id=19996]
  0x0000014e51553e00 ConcurrentGCThread "G1 Main Marker" [stack: 0x0000001fd2d00000,0x0000001fd2e00000] [id=19544]
  0x0000014e51555750 ConcurrentGCThread "G1 Conc#0" [stack: 0x0000001fd2e00000,0x0000001fd2f00000] [id=18888]
  0x0000014e51586db0 ConcurrentGCThread "G1 Refine#0" [stack: 0x0000001fd2f00000,0x0000001fd3000000] [id=6924]
  0x0000014e6a8220c0 ConcurrentGCThread "G1 Service" [stack: 0x0000001fd3000000,0x0000001fd3100000] [id=16988]

Threads with active compile tasks:

VM state: not at safepoint (normal execution)

VM Mutex/Monitor currently owned by a thread: None

Heap address: 0x0000000084c00000, size: 1972 MB, Compressed Oops mode: 32-bit

CDS archive(s) not mapped
Compressed class space mapped at: 0x0000000100000000-0x0000000140000000, reserved size: 1073741824
Narrow klass base: 0x0000000000000000, Narrow klass shift: 3, Narrow klass range: 0x140000000

GC Precious Log:
 CPUs: 4 total, 4 available
 Memory: 7880M
 Large Page Support: Disabled
 NUMA Support: Disabled
 Compressed Oops: Enabled (32-bit)
 Heap Region Size: 1M
 Heap Min Capacity: 8M
 Heap Initial Capacity: 124M
 Heap Max Capacity: 1972M
 Pre-touch: Disabled
 Parallel Workers: 4
 Concurrent Workers: 1
 Concurrent Refinement Workers: 4
 Periodic GC: Disabled

Heap:
 garbage-first heap   total 126976K, used 0K [0x0000000084c00000, 0x0000000100000000)
  region size 1024K, 1 young (1024K), 0 survivors (0K)
 Metaspace       used 2764K, committed 2880K, reserved 1056768K
  class space    used 200K, committed 256K, reserved 1048576K

Heap Regions: E=young(eden), S=young(survivor), O=old, HS=humongous(starts), HC=humongous(continues), CS=collection set, F=free, OA=open archive, CA=closed archive, TAMS=top-at-mark-start (previous, next)
|   0|0x0000000084c00000, 0x0000000084c00000, 0x0000000084d00000|  0%| F|  |TAMS 0x0000000084c00000, 0x0000000084c00000| Untracked 
|   1|0x0000000084d00000, 0x0000000084d00000, 0x0000000084e00000|  0%| F|  |TAMS 0x0000000084d00000, 0x0000000084d00000| Untracked 
|   2|0x0000000084e00000, 0x0000000084e00000, 0x0000000084f00000|  0%| F|  |TAMS 0x0000000084e00000, 0x0000000084e00000| Untracked 
|   3|0x0000000084f00000, 0x0000000084f00000, 0x0000000085000000|  0%| F|  |TAMS 0x0000000084f00000, 0x0000000084f00000| Untracked 
|   4|0x0000000085000000, 0x0000000085000000, 0x0000000085100000|  0%| F|  |TAMS 0x0000000085000000, 0x0000000085000000| Untracked 
|   5|0x0000000085100000, 0x0000000085100000, 0x0000000085200000|  0%| F|  |TAMS 0x0000000085100000, 0x0000000085100000| Untracked 
|   6|0x0000000085200000, 0x0000000085200000, 0x0000000085300000|  0%| F|  |TAMS 0x0000000085200000, 0x0000000085200000| Untracked 
|   7|0x0000000085300000, 0x0000000085300000, 0x0000000085400000|  0%| F|  |TAMS 0x0000000085300000, 0x0000000085300000| Untracked 
|   8|0x0000000085400000, 0x0000000085400000, 0x0000000085500000|  0%| F|  |TAMS 0x0000000085400000, 0x0000000085400000| Untracked 
|   9|0x0000000085500000, 0x0000000085500000, 0x0000000085600000|  0%| F|  |TAMS 0x0000000085500000, 0x0000000085500000| Untracked 
|  10|0x0000000085600000, 0x0000000085600000, 0x0000000085700000|  0%| F|  |TAMS 0x0000000085600000, 0x0000000085600000| Untracked 
|  11|0x0000000085700000, 0x0000000085700000, 0x0000000085800000|  0%| F|  |TAMS 0x0000000085700000, 0x0000000085700000| Untracked 
|  12|0x0000000085800000, 0x0000000085800000, 0x0000000085900000|  0%| F|  |TAMS 0x0000000085800000, 0x0000000085800000| Untracked 
|  13|0x0000000085900000, 0x0000000085900000, 0x0000000085a00000|  0%| F|  |TAMS 0x0000000085900000, 0x0000000085900000| Untracked 
|  14|0x0000000085a00000, 0x0000000085a00000, 0x0000000085b00000|  0%| F|  |TAMS 0x0000000085a00000, 0x0000000085a00000| Untracked 
|  15|0x0000000085b00000, 0x0000000085b00000, 0x0000000085c00000|  0%| F|  |TAMS 0x0000000085b00000, 0x0000000085b00000| Untracked 
|  16|0x0000000085c00000, 0x0000000085c00000, 0x0000000085d00000|  0%| F|  |TAMS 0x0000000085c00000, 0x0000000085c00000| Untracked 
|  17|0x0000000085d00000, 0x0000000085d00000, 0x0000000085e00000|  0%| F|  |TAMS 0x0000000085d00000, 0x0000000085d00000| Untracked 
|  18|0x0000000085e00000, 0x0000000085e00000, 0x0000000085f00000|  0%| F|  |TAMS 0x0000000085e00000, 0x0000000085e00000| Untracked 
|  19|0x0000000085f00000, 0x0000000085f00000, 0x0000000086000000|  0%| F|  |TAMS 0x0000000085f00000, 0x0000000085f00000| Untracked 
|  20|0x0000000086000000, 0x0000000086000000, 0x0000000086100000|  0%| F|  |TAMS 0x0000000086000000, 0x0000000086000000| Untracked 
|  21|0x0000000086100000, 0x0000000086100000, 0x0000000086200000|  0%| F|  |TAMS 0x0000000086100000, 0x0000000086100000| Untracked 
|  22|0x0000000086200000, 0x0000000086200000, 0x0000000086300000|  0%| F|  |TAMS 0x0000000086200000, 0x0000000086200000| Untracked 
|  23|0x0000000086300000, 0x0000000086300000, 0x0000000086400000|  0%| F|  |TAMS 0x0000000086300000, 0x0000000086300000| Untracked 
|  24|0x0000000086400000, 0x0000000086400000, 0x0000000086500000|  0%| F|  |TAMS 0x0000000086400000, 0x0000000086400000| Untracked 
|  25|0x0000000086500000, 0x0000000086500000, 0x0000000086600000|  0%| F|  |TAMS 0x0000000086500000, 0x0000000086500000| Untracked 
|  26|0x0000000086600000, 0x0000000086600000, 0x0000000086700000|  0%| F|  |TAMS 0x0000000086600000, 0x0000000086600000| Untracked 
|  27|0x0000000086700000, 0x0000000086700000, 0x0000000086800000|  0%| F|  |TAMS 0x0000000086700000, 0x0000000086700000| Untracked 
|  28|0x0000000086800000, 0x0000000086800000, 0x0000000086900000|  0%| F|  |TAMS 0x0000000086800000, 0x0000000086800000| Untracked 
|  29|0x0000000086900000, 0x0000000086900000, 0x0000000086a00000|  0%| F|  |TAMS 0x0000000086900000, 0x0000000086900000| Untracked 
|  30|0x0000000086a00000, 0x0000000086a00000, 0x0000000086b00000|  0%| F|  |TAMS 0x0000000086a00000, 0x0000000086a00000| Untracked 
|  31|0x0000000086b00000, 0x0000000086b00000, 0x0000000086c00000|  0%| F|  |TAMS 0x0000000086b00000, 0x0000000086b00000| Untracked 
|  32|0x0000000086c00000, 0x0000000086c00000, 0x0000000086d00000|  0%| F|  |TAMS 0x0000000086c00000, 0x0000000086c00000| Untracked 
|  33|0x0000000086d00000, 0x0000000086d00000, 0x0000000086e00000|  0%| F|  |TAMS 0x0000000086d00000, 0x0000000086d00000| Untracked 
|  34|0x0000000086e00000, 0x0000000086e00000, 0x0000000086f00000|  0%| F|  |TAMS 0x0000000086e00000, 0x0000000086e00000| Untracked 
|  35|0x0000000086f00000, 0x0000000086f00000, 0x0000000087000000|  0%| F|  |TAMS 0x0000000086f00000, 0x0000000086f00000| Untracked 
|  36|0x0000000087000000, 0x0000000087000000, 0x0000000087100000|  0%| F|  |TAMS 0x0000000087000000, 0x0000000087000000| Untracked 
|  37|0x0000000087100000, 0x0000000087100000, 0x0000000087200000|  0%| F|  |TAMS 0x0000000087100000, 0x0000000087100000| Untracked 
|  38|0x0000000087200000, 0x0000000087200000, 0x0000000087300000|  0%| F|  |TAMS 0x0000000087200000, 0x0000000087200000| Untracked 
|  39|0x0000000087300000, 0x0000000087300000, 0x0000000087400000|  0%| F|  |TAMS 0x0000000087300000, 0x0000000087300000| Untracked 
|  40|0x0000000087400000, 0x0000000087400000, 0x0000000087500000|  0%| F|  |TAMS 0x0000000087400000, 0x0000000087400000| Untracked 
|  41|0x0000000087500000, 0x0000000087500000, 0x0000000087600000|  0%| F|  |TAMS 0x0000000087500000, 0x0000000087500000| Untracked 
|  42|0x0000000087600000, 0x0000000087600000, 0x0000000087700000|  0%| F|  |TAMS 0x0000000087600000, 0x0000000087600000| Untracked 
|  43|0x0000000087700000, 0x0000000087700000, 0x0000000087800000|  0%| F|  |TAMS 0x0000000087700000, 0x0000000087700000| Untracked 
|  44|0x0000000087800000, 0x0000000087800000, 0x0000000087900000|  0%| F|  |TAMS 0x0000000087800000, 0x0000000087800000| Untracked 
|  45|0x0000000087900000, 0x0000000087900000, 0x0000000087a00000|  0%| F|  |TAMS 0x0000000087900000, 0x0000000087900000| Untracked 
|  46|0x0000000087a00000, 0x0000000087a00000, 0x0000000087b00000|  0%| F|  |TAMS 0x0000000087a00000, 0x0000000087a00000| Untracked 
|  47|0x0000000087b00000, 0x0000000087b00000, 0x0000000087c00000|  0%| F|  |TAMS 0x0000000087b00000, 0x0000000087b00000| Untracked 
|  48|0x0000000087c00000, 0x0000000087c00000, 0x0000000087d00000|  0%| F|  |TAMS 0x0000000087c00000, 0x0000000087c00000| Untracked 
|  49|0x0000000087d00000, 0x0000000087d00000, 0x0000000087e00000|  0%| F|  |TAMS 0x0000000087d00000, 0x0000000087d00000| Untracked 
|  50|0x0000000087e00000, 0x0000000087e00000, 0x0000000087f00000|  0%| F|  |TAMS 0x0000000087e00000, 0x0000000087e00000| Untracked 
|  51|0x0000000087f00000, 0x0000000087f00000, 0x0000000088000000|  0%| F|  |TAMS 0x0000000087f00000, 0x0000000087f00000| Untracked 
|  52|0x0000000088000000, 0x0000000088000000, 0x0000000088100000|  0%| F|  |TAMS 0x0000000088000000, 0x0000000088000000| Untracked 
|  53|0x0000000088100000, 0x0000000088100000, 0x0000000088200000|  0%| F|  |TAMS 0x0000000088100000, 0x0000000088100000| Untracked 
|  54|0x0000000088200000, 0x0000000088200000, 0x0000000088300000|  0%| F|  |TAMS 0x0000000088200000, 0x0000000088200000| Untracked 
|  55|0x0000000088300000, 0x0000000088300000, 0x0000000088400000|  0%| F|  |TAMS 0x0000000088300000, 0x0000000088300000| Untracked 
|  56|0x0000000088400000, 0x0000000088400000, 0x0000000088500000|  0%| F|  |TAMS 0x0000000088400000, 0x0000000088400000| Untracked 
|  57|0x0000000088500000, 0x0000000088500000, 0x0000000088600000|  0%| F|  |TAMS 0x0000000088500000, 0x0000000088500000| Untracked 
|  58|0x0000000088600000, 0x0000000088600000, 0x0000000088700000|  0%| F|  |TAMS 0x0000000088600000, 0x0000000088600000| Untracked 
|  59|0x0000000088700000, 0x0000000088700000, 0x0000000088800000|  0%| F|  |TAMS 0x0000000088700000, 0x0000000088700000| Untracked 
|  60|0x0000000088800000, 0x0000000088800000, 0x0000000088900000|  0%| F|  |TAMS 0x0000000088800000, 0x0000000088800000| Untracked 
|  61|0x0000000088900000, 0x0000000088900000, 0x0000000088a00000|  0%| F|  |TAMS 0x0000000088900000, 0x0000000088900000| Untracked 
|  62|0x0000000088a00000, 0x0000000088a00000, 0x0000000088b00000|  0%| F|  |TAMS 0x0000000088a00000, 0x0000000088a00000| Untracked 
|  63|0x0000000088b00000, 0x0000000088b00000, 0x0000000088c00000|  0%| F|  |TAMS 0x0000000088b00000, 0x0000000088b00000| Untracked 
|  64|0x0000000088c00000, 0x0000000088c00000, 0x0000000088d00000|  0%| F|  |TAMS 0x0000000088c00000, 0x0000000088c00000| Untracked 
|  65|0x0000000088d00000, 0x0000000088d00000, 0x0000000088e00000|  0%| F|  |TAMS 0x0000000088d00000, 0x0000000088d00000| Untracked 
|  66|0x0000000088e00000, 0x0000000088e00000, 0x0000000088f00000|  0%| F|  |TAMS 0x0000000088e00000, 0x0000000088e00000| Untracked 
|  67|0x0000000088f00000, 0x0000000088f00000, 0x0000000089000000|  0%| F|  |TAMS 0x0000000088f00000, 0x0000000088f00000| Untracked 
|  68|0x0000000089000000, 0x0000000089000000, 0x0000000089100000|  0%| F|  |TAMS 0x0000000089000000, 0x0000000089000000| Untracked 
|  69|0x0000000089100000, 0x0000000089100000, 0x0000000089200000|  0%| F|  |TAMS 0x0000000089100000, 0x0000000089100000| Untracked 
|  70|0x0000000089200000, 0x0000000089200000, 0x0000000089300000|  0%| F|  |TAMS 0x0000000089200000, 0x0000000089200000| Untracked 
|  71|0x0000000089300000, 0x0000000089300000, 0x0000000089400000|  0%| F|  |TAMS 0x0000000089300000, 0x0000000089300000| Untracked 
|  72|0x0000000089400000, 0x0000000089400000, 0x0000000089500000|  0%| F|  |TAMS 0x0000000089400000, 0x0000000089400000| Untracked 
|  73|0x0000000089500000, 0x0000000089500000, 0x0000000089600000|  0%| F|  |TAMS 0x0000000089500000, 0x0000000089500000| Untracked 
|  74|0x0000000089600000, 0x0000000089600000, 0x0000000089700000|  0%| F|  |TAMS 0x0000000089600000, 0x0000000089600000| Untracked 
|  75|0x0000000089700000, 0x0000000089700000, 0x0000000089800000|  0%| F|  |TAMS 0x0000000089700000, 0x0000000089700000| Untracked 
|  76|0x0000000089800000, 0x0000000089800000, 0x0000000089900000|  0%| F|  |TAMS 0x0000000089800000, 0x0000000089800000| Untracked 
|  77|0x0000000089900000, 0x0000000089900000, 0x0000000089a00000|  0%| F|  |TAMS 0x0000000089900000, 0x0000000089900000| Untracked 
|  78|0x0000000089a00000, 0x0000000089a00000, 0x0000000089b00000|  0%| F|  |TAMS 0x0000000089a00000, 0x0000000089a00000| Untracked 
|  79|0x0000000089b00000, 0x0000000089b00000, 0x0000000089c00000|  0%| F|  |TAMS 0x0000000089b00000, 0x0000000089b00000| Untracked 
|  80|0x0000000089c00000, 0x0000000089c00000, 0x0000000089d00000|  0%| F|  |TAMS 0x0000000089c00000, 0x0000000089c00000| Untracked 
|  81|0x0000000089d00000, 0x0000000089d00000, 0x0000000089e00000|  0%| F|  |TAMS 0x0000000089d00000, 0x0000000089d00000| Untracked 
|  82|0x0000000089e00000, 0x0000000089e00000, 0x0000000089f00000|  0%| F|  |TAMS 0x0000000089e00000, 0x0000000089e00000| Untracked 
|  83|0x0000000089f00000, 0x0000000089f00000, 0x000000008a000000|  0%| F|  |TAMS 0x0000000089f00000, 0x0000000089f00000| Untracked 
|  84|0x000000008a000000, 0x000000008a000000, 0x000000008a100000|  0%| F|  |TAMS 0x000000008a000000, 0x000000008a000000| Untracked 
|  85|0x000000008a100000, 0x000000008a100000, 0x000000008a200000|  0%| F|  |TAMS 0x000000008a100000, 0x000000008a100000| Untracked 
|  86|0x000000008a200000, 0x000000008a200000, 0x000000008a300000|  0%| F|  |TAMS 0x000000008a200000, 0x000000008a200000| Untracked 
|  87|0x000000008a300000, 0x000000008a300000, 0x000000008a400000|  0%| F|  |TAMS 0x000000008a300000, 0x000000008a300000| Untracked 
|  88|0x000000008a400000, 0x000000008a400000, 0x000000008a500000|  0%| F|  |TAMS 0x000000008a400000, 0x000000008a400000| Untracked 
|  89|0x000000008a500000, 0x000000008a500000, 0x000000008a600000|  0%| F|  |TAMS 0x000000008a500000, 0x000000008a500000| Untracked 
|  90|0x000000008a600000, 0x000000008a600000, 0x000000008a700000|  0%| F|  |TAMS 0x000000008a600000, 0x000000008a600000| Untracked 
|  91|0x000000008a700000, 0x000000008a700000, 0x000000008a800000|  0%| F|  |TAMS 0x000000008a700000, 0x000000008a700000| Untracked 
|  92|0x000000008a800000, 0x000000008a800000, 0x000000008a900000|  0%| F|  |TAMS 0x000000008a800000, 0x000000008a800000| Untracked 
|  93|0x000000008a900000, 0x000000008a900000, 0x000000008aa00000|  0%| F|  |TAMS 0x000000008a900000, 0x000000008a900000| Untracked 
|  94|0x000000008aa00000, 0x000000008aa00000, 0x000000008ab00000|  0%| F|  |TAMS 0x000000008aa00000, 0x000000008aa00000| Untracked 
|  95|0x000000008ab00000, 0x000000008ab00000, 0x000000008ac00000|  0%| F|  |TAMS 0x000000008ab00000, 0x000000008ab00000| Untracked 
|  96|0x000000008ac00000, 0x000000008ac00000, 0x000000008ad00000|  0%| F|  |TAMS 0x000000008ac00000, 0x000000008ac00000| Untracked 
|  97|0x000000008ad00000, 0x000000008ad00000, 0x000000008ae00000|  0%| F|  |TAMS 0x000000008ad00000, 0x000000008ad00000| Untracked 
|  98|0x000000008ae00000, 0x000000008ae00000, 0x000000008af00000|  0%| F|  |TAMS 0x000000008ae00000, 0x000000008ae00000| Untracked 
|  99|0x000000008af00000, 0x000000008af00000, 0x000000008b000000|  0%| F|  |TAMS 0x000000008af00000, 0x000000008af00000| Untracked 
| 100|0x000000008b000000, 0x000000008b000000, 0x000000008b100000|  0%| F|  |TAMS 0x000000008b000000, 0x000000008b000000| Untracked 
| 101|0x000000008b100000, 0x000000008b100000, 0x000000008b200000|  0%| F|  |TAMS 0x000000008b100000, 0x000000008b100000| Untracked 
| 102|0x000000008b200000, 0x000000008b200000, 0x000000008b300000|  0%| F|  |TAMS 0x000000008b200000, 0x000000008b200000| Untracked 
| 103|0x000000008b300000, 0x000000008b300000, 0x000000008b400000|  0%| F|  |TAMS 0x000000008b300000, 0x000000008b300000| Untracked 
| 104|0x000000008b400000, 0x000000008b400000, 0x000000008b500000|  0%| F|  |TAMS 0x000000008b400000, 0x000000008b400000| Untracked 
| 105|0x000000008b500000, 0x000000008b500000, 0x000000008b600000|  0%| F|  |TAMS 0x000000008b500000, 0x000000008b500000| Untracked 
| 106|0x000000008b600000, 0x000000008b600000, 0x000000008b700000|  0%| F|  |TAMS 0x000000008b600000, 0x000000008b600000| Untracked 
| 107|0x000000008b700000, 0x000000008b700000, 0x000000008b800000|  0%| F|  |TAMS 0x000000008b700000, 0x000000008b700000| Untracked 
| 108|0x000000008b800000, 0x000000008b800000, 0x000000008b900000|  0%| F|  |TAMS 0x000000008b800000, 0x000000008b800000| Untracked 
| 109|0x000000008b900000, 0x000000008b900000, 0x000000008ba00000|  0%| F|  |TAMS 0x000000008b900000, 0x000000008b900000| Untracked 
| 110|0x000000008ba00000, 0x000000008ba00000, 0x000000008bb00000|  0%| F|  |TAMS 0x000000008ba00000, 0x000000008ba00000| Untracked 
| 111|0x000000008bb00000, 0x000000008bb00000, 0x000000008bc00000|  0%| F|  |TAMS 0x000000008bb00000, 0x000000008bb00000| Untracked 
| 112|0x000000008bc00000, 0x000000008bc00000, 0x000000008bd00000|  0%| F|  |TAMS 0x000000008bc00000, 0x000000008bc00000| Untracked 
| 113|0x000000008bd00000, 0x000000008bd00000, 0x000000008be00000|  0%| F|  |TAMS 0x000000008bd00000, 0x000000008bd00000| Untracked 
| 114|0x000000008be00000, 0x000000008be00000, 0x000000008bf00000|  0%| F|  |TAMS 0x000000008be00000, 0x000000008be00000| Untracked 
| 115|0x000000008bf00000, 0x000000008bf00000, 0x000000008c000000|  0%| F|  |TAMS 0x000000008bf00000, 0x000000008bf00000| Untracked 
| 116|0x000000008c000000, 0x000000008c000000, 0x000000008c100000|  0%| F|  |TAMS 0x000000008c000000, 0x000000008c000000| Untracked 
| 117|0x000000008c100000, 0x000000008c100000, 0x000000008c200000|  0%| F|  |TAMS 0x000000008c100000, 0x000000008c100000| Untracked 
| 118|0x000000008c200000, 0x000000008c200000, 0x000000008c300000|  0%| F|  |TAMS 0x000000008c200000, 0x000000008c200000| Untracked 
| 119|0x000000008c300000, 0x000000008c300000, 0x000000008c400000|  0%| F|  |TAMS 0x000000008c300000, 0x000000008c300000| Untracked 
| 120|0x000000008c400000, 0x000000008c400000, 0x000000008c500000|  0%| F|  |TAMS 0x000000008c400000, 0x000000008c400000| Untracked 
| 121|0x000000008c500000, 0x000000008c500000, 0x000000008c600000|  0%| F|  |TAMS 0x000000008c500000, 0x000000008c500000| Untracked 
| 122|0x000000008c600000, 0x000000008c600000, 0x000000008c700000|  0%| F|  |TAMS 0x000000008c600000, 0x000000008c600000| Untracked 
| 123|0x000000008c700000, 0x000000008c785318, 0x000000008c800000| 52%| E|  |TAMS 0x000000008c700000, 0x000000008c700000| Complete 

Card table byte_map: [0x0000014e63f60000,0x0000014e64340000] _byte_map_base: 0x0000014e63b3a000

Marking Bits (Prev, Next): (CMBitMap*) 0x0000014e51543e50, (CMBitMap*) 0x0000014e51543e90
 Prev Bits: [0x0000014e64720000, 0x0000014e665f0000)
 Next Bits: [0x0000014e665f0000, 0x0000014e684c0000)

Polling page: 0x0000014e50c90000

Metaspace:

Usage:
  Non-class:      2.50 MB used.
      Class:    200.16 KB used.
       Both:      2.70 MB used.

Virtual space:
  Non-class space:        8.00 MB reserved,       2.56 MB ( 32%) committed,  1 nodes.
      Class space:        1.00 GB reserved,     256.00 KB ( <1%) committed,  1 nodes.
             Both:        1.01 GB reserved,       2.81 MB ( <1%) committed. 

Chunk freelists:
   Non-Class:  0 bytes
       Class:  3.75 MB
        Both:  3.75 MB

MaxMetaspaceSize: unlimited
CompressedClassSpaceSize: 1.00 GB
Initial GC threshold: 21.00 MB
Current GC threshold: 21.00 MB
CDS: off
MetaspaceReclaimPolicy: balanced
 - commit_granule_bytes: 65536.
 - commit_granule_words: 8192.
 - virtual_space_node_default_size: 1048576.
 - enlarge_chunks_in_place: 1.
 - new_chunks_are_fully_committed: 0.
 - uncommit_free_chunks: 1.
 - use_allocation_guard: 0.
 - handle_deallocations: 1.


Internal statistics:

num_allocs_failed_limit: 0.
num_arena_births: 2.
num_arena_deaths: 0.
num_vsnodes_births: 2.
num_vsnodes_deaths: 0.
num_space_committed: 45.
num_space_uncommitted: 0.
num_chunks_returned_to_freelist: 0.
num_chunks_taken_from_freelist: 3.
num_chunk_merges: 0.
num_chunk_splits: 1.
num_chunks_enlarged: 0.
num_purges: 0.
num_inconsistent_stats: 0.

CodeHeap 'non-profiled nmethods': size=120000Kb used=0Kb max_used=0Kb free=120000Kb
 bounds [0x0000014e5c650000, 0x0000014e5c8c0000, 0x0000014e63b80000]
CodeHeap 'profiled nmethods': size=120000Kb used=0Kb max_used=0Kb free=120000Kb
 bounds [0x0000014e54b80000, 0x0000014e54df0000, 0x0000014e5c0b0000]
CodeHeap 'non-nmethods': size=5760Kb used=1027Kb max_used=1027Kb free=4732Kb
 bounds [0x0000014e5c0b0000, 0x0000014e5c320000, 0x0000014e5c650000]
 total_blobs=268 nmethods=0 adapters=182
 compilation: enabled
              stopped_count=0, restarted_count=0
 full_count=0

Compilation events (0 events):
No events

GC Heap History (0 events):
No events

Dll operation events (1 events):
Event: 0.088 Loaded shared library C:\Users\Sangita\Downloads\spring-tool-suite-4-4.18.0.RELEASE-e4.27.0-win32.win32.x86_64.self-extracting\sts-4.18.0.RELEASE\plugins\org.eclipse.justj.openjdk.hotspot.jre.full.win32.x86_64_17.0.6.v20230204-1729\jre\bin\java.dll

Deoptimization events (0 events):
No events

Classes unloaded (0 events):
No events

Classes redefined (0 events):
No events

Internal exceptions (0 events):
No events

VM Operations (0 events):
No events

Events (20 events):
Event: 0.668 loading class jdk/internal/util/ArraysSupport done
Event: 0.668 loading class jdk/internal/module/ModulePatcher
Event: 0.669 loading class jdk/internal/module/ModulePatcher done
Event: 0.669 loading class jdk/internal/module/ModuleBootstrap$Counters
Event: 0.669 loading class jdk/internal/module/ModuleBootstrap$Counters done
Event: 0.669 loading class jdk/internal/module/ArchivedBootLayer
Event: 0.669 loading class jdk/internal/module/ArchivedBootLayer done
Event: 0.669 loading class jdk/internal/module/ArchivedModuleGraph
Event: 0.669 loading class jdk/internal/module/ArchivedModuleGraph done
Event: 0.669 loading class jdk/internal/module/SystemModuleFinders
Event: 0.669 loading class jdk/internal/module/SystemModuleFinders done
Event: 0.669 loading class java/net/URI
Event: 0.670 loading class java/net/URI done
Event: 0.670 loading class java/net/URI$1
Event: 0.670 loading class jdk/internal/access/JavaNetUriAccess
Event: 0.670 loading class jdk/internal/access/JavaNetUriAccess done
Event: 0.670 loading class java/net/URI$1 done
Event: 0.670 loading class jdk/internal/module/SystemModulesMap
Event: 0.670 loading class jdk/internal/module/SystemModulesMap done
Event: 0.670 loading class jdk/internal/module/SystemModules$default


Dynamic libraries:
0x00007ff6c6860000 - 0x00007ff6c686e000 	C:\Users\Sangita\Downloads\spring-tool-suite-4-4.18.0.RELEASE-e4.27.0-win32.win32.x86_64.self-extracting\sts-4.18.0.RELEASE\plugins\org.eclipse.justj.openjdk.hotspot.jre.full.win32.x86_64_17.0.6.v20230204-1729\jre\bin\javaw.exe
0x00007ffa04230000 - 0x00007ffa04447000 	C:\WINDOWS\SYSTEM32\ntdll.dll
0x00007ffa03570000 - 0x00007ffa03634000 	C:\WINDOWS\System32\KERNEL32.DLL
0x00007ffa01ba0000 - 0x00007ffa01f57000 	C:\WINDOWS\System32\KERNELBASE.dll
0x00007ffa016b0000 - 0x00007ffa017c1000 	C:\WINDOWS\System32\ucrtbase.dll
0x00007ff9dca60000 - 0x00007ff9dca77000 	C:\Users\Sangita\Downloads\spring-tool-suite-4-4.18.0.RELEASE-e4.27.0-win32.win32.x86_64.self-extracting\sts-4.18.0.RELEASE\plugins\org.eclipse.justj.openjdk.hotspot.jre.full.win32.x86_64_17.0.6.v20230204-1729\jre\bin\jli.dll
0x00007ffa03fd0000 - 0x00007ffa0417f000 	C:\WINDOWS\System32\USER32.dll
0x00007ffa01b70000 - 0x00007ffa01b96000 	C:\WINDOWS\System32\win32u.dll
0x00007ffa02530000 - 0x00007ffa02559000 	C:\WINDOWS\System32\GDI32.dll
0x00007ffa017d0000 - 0x00007ffa018e8000 	C:\WINDOWS\System32\gdi32full.dll
0x00007ffa019e0000 - 0x00007ffa01a7a000 	C:\WINDOWS\System32\msvcp_win.dll
0x00007ff9f7210000 - 0x00007ff9f7229000 	C:\Users\Sangita\Downloads\spring-tool-suite-4-4.18.0.RELEASE-e4.27.0-win32.win32.x86_64.self-extracting\sts-4.18.0.RELEASE\plugins\org.eclipse.justj.openjdk.hotspot.jre.full.win32.x86_64_17.0.6.v20230204-1729\jre\bin\VCRUNTIME140.dll
0x00007ff9e0a60000 - 0x00007ff9e0cf3000 	C:\WINDOWS\WinSxS\amd64_microsoft.windows.common-controls_6595b64144ccf1df_6.0.22621.3672_none_2713b9d173822955\COMCTL32.dll
0x00007ffa02160000 - 0x00007ffa02207000 	C:\WINDOWS\System32\msvcrt.dll
0x00007ffa03f90000 - 0x00007ffa03fc1000 	C:\WINDOWS\System32\IMM32.DLL
0x00007ff9f7200000 - 0x00007ff9f720c000 	C:\Users\Sangita\Downloads\spring-tool-suite-4-4.18.0.RELEASE-e4.27.0-win32.win32.x86_64.self-extracting\sts-4.18.0.RELEASE\plugins\org.eclipse.justj.openjdk.hotspot.jre.full.win32.x86_64_17.0.6.v20230204-1729\jre\bin\vcruntime140_1.dll
0x00007ff9ea0a0000 - 0x00007ff9ea131000 	C:\Users\Sangita\Downloads\spring-tool-suite-4-4.18.0.RELEASE-e4.27.0-win32.win32.x86_64.self-extracting\sts-4.18.0.RELEASE\plugins\org.eclipse.justj.openjdk.hotspot.jre.full.win32.x86_64_17.0.6.v20230204-1729\jre\bin\msvcp140.dll
0x00007ff9a09b0000 - 0x00007ff9a15f7000 	C:\Users\Sangita\Downloads\spring-tool-suite-4-4.18.0.RELEASE-e4.27.0-win32.win32.x86_64.self-extracting\sts-4.18.0.RELEASE\plugins\org.eclipse.justj.openjdk.hotspot.jre.full.win32.x86_64_17.0.6.v20230204-1729\jre\bin\server\jvm.dll
0x00007ffa01ff0000 - 0x00007ffa020a2000 	C:\WINDOWS\System32\ADVAPI32.dll
0x00007ffa03440000 - 0x00007ffa034e8000 	C:\WINDOWS\System32\sechost.dll
0x00007ffa018f0000 - 0x00007ffa01918000 	C:\WINDOWS\System32\bcrypt.dll
0x00007ffa03e70000 - 0x00007ffa03f84000 	C:\WINDOWS\System32\RPCRT4.dll
0x00007ff9c2dd0000 - 0x00007ff9c2dd9000 	C:\WINDOWS\SYSTEM32\WSOCK32.dll
0x00007ffa034f0000 - 0x00007ffa03561000 	C:\WINDOWS\System32\WS2_32.dll
0x00007ff9f9540000 - 0x00007ff9f9574000 	C:\WINDOWS\SYSTEM32\WINMM.dll
0x00007ff9fedd0000 - 0x00007ff9fedda000 	C:\WINDOWS\SYSTEM32\VERSION.dll
0x00007ffa00550000 - 0x00007ffa00568000 	C:\WINDOWS\SYSTEM32\kernel.appcore.dll
0x00007ff9ea070000 - 0x00007ff9ea07a000 	C:\Users\Sangita\Downloads\spring-tool-suite-4-4.18.0.RELEASE-e4.27.0-win32.win32.x86_64.self-extracting\sts-4.18.0.RELEASE\plugins\org.eclipse.justj.openjdk.hotspot.jre.full.win32.x86_64_17.0.6.v20230204-1729\jre\bin\jimage.dll
0x00007ff9fe9b0000 - 0x00007ff9febe2000 	C:\WINDOWS\SYSTEM32\DBGHELP.DLL
0x00007ffa030b0000 - 0x00007ffa0343e000 	C:\WINDOWS\System32\combase.dll
0x00007ffa03d90000 - 0x00007ffa03e67000 	C:\WINDOWS\System32\OLEAUT32.dll
0x00007ff9c3240000 - 0x00007ff9c3272000 	C:\WINDOWS\SYSTEM32\dbgcore.DLL
0x00007ffa01a80000 - 0x00007ffa01afb000 	C:\WINDOWS\System32\bcryptPrimitives.dll
0x00007ff9dc4e0000 - 0x00007ff9dc505000 	C:\Users\Sangita\Downloads\spring-tool-suite-4-4.18.0.RELEASE-e4.27.0-win32.win32.x86_64.self-extracting\sts-4.18.0.RELEASE\plugins\org.eclipse.justj.openjdk.hotspot.jre.full.win32.x86_64_17.0.6.v20230204-1729\jre\bin\java.dll
0x00007ff9dac50000 - 0x00007ff9dac68000 	C:\Users\Sangita\Downloads\spring-tool-suite-4-4.18.0.RELEASE-e4.27.0-win32.win32.x86_64.self-extracting\sts-4.18.0.RELEASE\plugins\org.eclipse.justj.openjdk.hotspot.jre.full.win32.x86_64_17.0.6.v20230204-1729\jre\bin\zip.dll
0x00007ffa02820000 - 0x00007ffa03089000 	C:\WINDOWS\System32\SHELL32.dll
0x00007ff9ff420000 - 0x00007ff9ffd1f000 	C:\WINDOWS\SYSTEM32\windows.storage.dll
0x00007ff9ff2e0000 - 0x00007ff9ff41f000 	C:\WINDOWS\SYSTEM32\wintypes.dll
0x00007ffa02560000 - 0x00007ffa02659000 	C:\WINDOWS\System32\SHCORE.dll
0x00007ffa03b20000 - 0x00007ffa03b7e000 	C:\WINDOWS\System32\shlwapi.dll
0x00007ffa01470000 - 0x00007ffa01497000 	C:\WINDOWS\SYSTEM32\profapi.dll

dbghelp: loaded successfully - version: 4.0.5 - missing functions: none
symbol engine: initialized successfully - sym options: 0x614 - pdb path: .;C:\Users\Sangita\Downloads\spring-tool-suite-4-4.18.0.RELEASE-e4.27.0-win32.win32.x86_64.self-extracting\sts-4.18.0.RELEASE\plugins\org.eclipse.justj.openjdk.hotspot.jre.full.win32.x86_64_17.0.6.v20230204-1729\jre\bin;C:\WINDOWS\SYSTEM32;C:\WINDOWS\WinSxS\amd64_microsoft.windows.common-controls_6595b64144ccf1df_6.0.22621.3672_none_2713b9d173822955;C:\Users\Sangita\Downloads\spring-tool-suite-4-4.18.0.RELEASE-e4.27.0-win32.win32.x86_64.self-extracting\sts-4.18.0.RELEASE\plugins\org.eclipse.justj.openjdk.hotspot.jre.full.win32.x86_64_17.0.6.v20230204-1729\jre\bin\server

VM Arguments:
jvm_args: -Dfile.encoding=UTF-8 -XX:+ShowCodeDetailsInExceptionMessages 
java_command: com.pay.PaymentGateWayApplication
java_class_path (initial): C:\Users\Sangita\Institute Management System\paymentGateWay\target\classes;C:\Users\Sangita\.m2\repository\org\springframework\boot\spring-boot-starter-data-jpa\3.3.4\spring-boot-starter-data-jpa-3.3.4.jar;C:\Users\Sangita\.m2\repository\org\springframework\boot\spring-boot-starter-aop\3.3.4\spring-boot-starter-aop-3.3.4.jar;C:\Users\Sangita\.m2\repository\org\springframework\spring-aop\6.1.13\spring-aop-6.1.13.jar;C:\Users\Sangita\.m2\repository\org\aspectj\aspectjweaver\1.9.22.1\aspectjweaver-1.9.22.1.jar;C:\Users\Sangita\.m2\repository\org\springframework\boot\spring-boot-starter-jdbc\3.3.4\spring-boot-starter-jdbc-3.3.4.jar;C:\Users\Sangita\.m2\repository\com\zaxxer\HikariCP\5.1.0\HikariCP-5.1.0.jar;C:\Users\Sangita\.m2\repository\org\springframework\spring-jdbc\6.1.13\spring-jdbc-6.1.13.jar;C:\Users\Sangita\.m2\repository\org\hibernate\orm\hibernate-core\6.5.3.Final\hibernate-core-6.5.3.Final.jar;C:\Users\Sangita\.m2\repository\jakarta\persistence\jakarta.persistence-api\3.1.0\jakarta.persistence-api-3.1.0.jar;C:\Users\Sangita\.m2\repository\jakarta\transaction\jakarta.transaction-api\2.0.1\jakarta.transaction-api-2.0.1.jar;C:\Users\Sangita\.m2\repository\org\jboss\logging\jboss-logging\3.5.3.Final\jboss-logging-3.5.3.Final.jar;C:\Users\Sangita\.m2\repository\org\hibernate\common\hibernate-commons-annotations\6.0.6.Final\hibernate-commons-annotations-6.0.6.Final.jar;C:\Users\Sangita\.m2\repository\io\smallrye\jandex\3.1.2\jandex-3.1.2.jar;C:\Users\Sangita\.m2\repository\com\fasterxml\classmate\1.7.0\classmate-1.7.0.jar;C:\Users\Sangita\.m2\repository\net\bytebuddy\byte-buddy\1.14.19\byte-buddy-1.14.19.jar;C:\Users\Sangita\.m2\repository\org\glassfish\jaxb\jaxb-runtime\4.0.5\jaxb-runtime-4.0.5.jar;C:\Users\Sangita\.m2\repository\org\glassfish\jaxb\jaxb-core\4.0.5\jaxb-core-4.0.5.jar;C:\Users\Sangita\.m2\repository\org\eclipse\angus\angus-activation\2.0.2\angus-activation-2.0.2.jar;C:\Users\Sangita\.m2\repository\org\glassfish\jaxb\tx
Launcher Type: SUN_STANDARD

[Global flags]
     intx CICompilerCount                          = 3                                         {product} {ergonomic}
     uint ConcGCThreads                            = 1                                         {product} {ergonomic}
     uint G1ConcRefinementThreads                  = 4                                         {product} {ergonomic}
   size_t G1HeapRegionSize                         = 1048576                                   {product} {ergonomic}
    uintx GCDrainStackTargetSize                   = 64                                        {product} {ergonomic}
   size_t InitialHeapSize                          = 130023424                                 {product} {ergonomic}
   size_t MarkStackSize                            = 4194304                                   {product} {ergonomic}
   size_t MaxHeapSize                              = 2067791872                                {product} {ergonomic}
   size_t MaxNewSize                               = 1240465408                                {product} {ergonomic}
   size_t MinHeapDeltaBytes                        = 1048576                                   {product} {ergonomic}
   size_t MinHeapSize                              = 8388608                                   {product} {ergonomic}
    uintx NonNMethodCodeHeapSize                   = 5832780                                {pd product} {ergonomic}
    uintx NonProfiledCodeHeapSize                  = 122912730                              {pd product} {ergonomic}
    uintx ProfiledCodeHeapSize                     = 122912730                              {pd product} {ergonomic}
    uintx ReservedCodeCacheSize                    = 251658240                              {pd product} {ergonomic}
     bool SegmentedCodeCache                       = true                                      {product} {ergonomic}
     bool ShowCodeDetailsInExceptionMessages       = true                                   {manageable} {command line}
   size_t SoftMaxHeapSize                          = 2067791872                             {manageable} {ergonomic}
     bool UseCompressedClassPointers               = true                           {product lp64_product} {ergonomic}
     bool UseCompressedOops                        = true                           {product lp64_product} {ergonomic}
     bool UseG1GC                                  = true                                      {product} {ergonomic}
     bool UseLargePagesIndividualAllocation        = false                                  {pd product} {ergonomic}

Logging:
Log output configuration:
 #0: stdout all=warning uptime,level,tags
 #1: stderr all=off uptime,level,tags

Environment Variables:
JAVA_HOME=C:\Program Files\Java\jdk-17.0.1
CLASSPATH=C:\mysql-connector-java-8.0.27.jar;
PATH=C:/Users/Sangita/Downloads/spring-tool-suite-4-4.18.0.RELEASE-e4.27.0-win32.win32.x86_64.self-extracting/sts-4.18.0.RELEASE//plugins/org.eclipse.justj.openjdk.hotspot.jre.full.win32.x86_64_17.0.6.v20230204-1729/jre/bin/server;C:/Users/Sangita/Downloads/spring-tool-suite-4-4.18.0.RELEASE-e4.27.0-win32.win32.x86_64.self-extracting/sts-4.18.0.RELEASE//plugins/org.eclipse.justj.openjdk.hotspot.jre.full.win32.x86_64_17.0.6.v20230204-1729/jre/bin;C:\Program Files\Common Files\Oracle\Java\javapath;C:\WINDOWS\system32;C:\WINDOWS;C:\WINDOWS\System32\Wbem;C:\WINDOWS\System32\WindowsPowerShell\v1.0\;C:\WINDOWS\System32\OpenSSH\;C:\MinGW\bin;C:\Program Files\Java\jdk-17.0.6\bin;C:\ProgramData\chocolatey\bin;C:\ProgramData\Microsoft\Windows\Start Menu\Programs\Node.js;;C:\Program Files\nodejs;C:\Program Files\Docker\Docker\resources\bin;C:\Program Files\Git\cmd;C:\Users\Sangita\OneDrive\Documents\maven\apache-maven-3.9.9-bin\apache-maven-3.9.9\bin;%JAVA_HOME%\bin;C:\Program Files\MySQL\MySQL Server 8.1\bin;C:\Users\Sangita\AppData\Local\Programs\Microsoft VS Code\bin;C:\MinGW\mingw32\bin;C:\mysql-connector-java-8.0.27\mysql-connector-java-8.0.27;C:\Users\Sangita\AppData\Local\GitHubDesktop\bin;C:\Program Files\Java\jdk-17.0.6\bin;C:\Users\Sangita\AppData\Roaming\npm;C:\Users\Sangita\AppData\Local\gitkraken\bin;C:\ProgramData\Microsoft\Windows\Start Menu\Programs\Node.js;C:\Users\Sangita\AppData\Roaming\nvm;C:\Program Files\nodejs;C:\Users\Sangita\AppData\Local\Microsoft\WindowsApps;C:\Users\Sangita\OneDrive\Documents\maven\apache-maven-3.9.9-bin\apache-maven-3.9.9\bin;C:\Program Files\Java\jdk-17.0.1\bin;C:\Program Files\MySQL\MySQL Server 8.1\bin;;C:\Users\Sangita\Downloads\spring-tool-suite-4-4.18.0.RELEASE-e4.27.0-win32.win32.x86_64.self-extracting\sts-4.18.0.RELEASE;
USERNAME=Sangita
OS=Windows_NT
PROCESSOR_IDENTIFIER=Intel64 Family 6 Model 126 Stepping 5, GenuineIntel
TMP=C:\Users\Sangita\AppData\Local\Temp
TEMP=C:\Users\Sangita\AppData\Local\Temp



---------------  S Y S T E M  ---------------

OS:
 Windows 11 , 64 bit Build 22621 (10.0.22621.3958)
OS uptime: 4 days 0:12 hours
Hyper-V role detected

CPU: total 4 (initial active 4) (2 cores per cpu, 2 threads per core) family 6 model 126 stepping 5 microcode 0xa0, cx8, cmov, fxsr, ht, mmx, 3dnowpref, sse, sse2, sse3, ssse3, sse4.1, sse4.2, popcnt, lzcnt, tsc, tscinvbit, avx, avx2, aes, erms, clmul, bmi1, bmi2, adx, avx512f, avx512dq, avx512cd, avx512bw, avx512vl, sha, fma, vzeroupper, avx512_vpopcntdq, avx512_vpclmulqdq, avx512_vaes, avx512_vnni, clflush, clflushopt, avx512_vbmi2, avx512_vbmi, hv

Memory: 4k page, system-wide physical 7880M (391M free)
TotalPageFile size 15380M (AvailPageFile size 3M)
current process WorkingSet (physical memory assigned to process): 24M, peak: 24M
current process commit charge ("private bytes"): 187M, peak: 187M

vm_info: OpenJDK 64-Bit Server VM (17.0.6+10) for windows-amd64 JRE (17.0.6+10), built on Jan 18 2023 10:08:59 by "temurin" with MS VC++ 16.7 (VS2019)

END.
