#
# There is insufficient memory for the Java Runtime Environment to continue.
# Native memory allocation (mmap) failed to map 65536 bytes for Failed to commit metaspace.
# Possible reasons:
#   The system is out of physical RAM or swap space
#   The process is running with CompressedOops enabled, and the Java Heap may be blocking the growth of the native heap
# Possible solutions:
#   Reduce memory load on the system
#   Increase physical memory or swap space
#   Check if swap backing store is full
#   Decrease Java heap size (-Xmx/-Xms)
#   Decrease number of Java threads
#   Decrease Java thread stack sizes (-Xss)
#   Set larger code cache with -XX:ReservedCodeCacheSize=
#   JVM is running with Unscaled Compressed Oops mode in which the Java heap is
#     placed in the first 4GB address space. The Java Heap base address is the
#     maximum limit for the native heap growth. Please use -XX:HeapBaseMinAddress
#     to set the Java Heap base and to place the Java Heap above 4GB virtual address.
# This output file may be truncated or incomplete.
#
#  Out of Memory Error (virtualSpaceNode.cpp:110), pid=4936, tid=11752
#
# JRE version: OpenJDK Runtime Environment Temurin-17.0.6+10 (17.0.6+10) (build 17.0.6+10)
# Java VM: OpenJDK 64-Bit Server VM Temurin-17.0.6+10 (17.0.6+10, mixed mode, emulated-client, tiered, compressed oops, compressed class ptrs, g1 gc, windows-amd64)
# No core dump will be written. Minidumps are not enabled by default on client versions of Windows
#

---------------  S U M M A R Y ------------

Command Line: -Dcom.sun.management.jmxremote -Dcom.sun.management.jmxremote.port=57236 -Dcom.sun.management.jmxremote.authenticate=false -Dcom.sun.management.jmxremote.ssl=false -Djava.rmi.server.hostname=localhost -Dspring.jmx.enabled=true -Dmanagement.endpoints.jmx.exposure.include=* -Dspring.application.admin.enabled=true -XX:TieredStopAtLevel=1 -Dspring.boot.project.name=student_service -Dfile.encoding=UTF-8 -XX:+ShowCodeDetailsInExceptionMessages com.std.StudentServiceApplication --spring.output.ansi.enabled=always

Host: Intel(R) Core(TM) i3-1005G1 CPU @ 1.20GHz, 4 cores, 7G,  Windows 10 , 64 bit Build 18362 (10.0.18362.1500)
Time: Tue Jun 18 21:59:14 2024 India Standard Time elapsed time: 15.088905 seconds (0d 0h 0m 15s)

---------------  T H R E A D  ---------------

Current thread (0x000001eff813cff0):  JavaThread "restartedMain" [_thread_in_vm, id=11752, stack(0x0000007443500000,0x0000007443600000)]

Stack: [0x0000007443500000,0x0000007443600000]
Native frames: (J=compiled Java code, j=interpreted, Vv=VM code, C=native code)
V  [jvm.dll+0x67741a]
V  [jvm.dll+0x834434]
V  [jvm.dll+0x835bde]
V  [jvm.dll+0x836243]
V  [jvm.dll+0x2457b5]
V  [jvm.dll+0x8304cb]
V  [jvm.dll+0x61bca6]
V  [jvm.dll+0x1c05fe]
V  [jvm.dll+0x61e5f1]
V  [jvm.dll+0x61c646]
V  [jvm.dll+0x36b462]
V  [jvm.dll+0x1e20cb]
V  [jvm.dll+0x53c6f9]
V  [jvm.dll+0x7af5e8]
V  [jvm.dll+0x7af6d4]
V  [jvm.dll+0x40bc05]
V  [jvm.dll+0x411d58]
C  [java.dll+0x17ec]

Java frames: (J=compiled Java code, j=interpreted, Vv=VM code)
J 1267  java.lang.ClassLoader.defineClass1(Ljava/lang/ClassLoader;Ljava/lang/String;[BIILjava/security/ProtectionDomain;Ljava/lang/String;)Ljava/lang/Class; java.base@17.0.6 (0 bytes) @ 0x000001efebc705db [0x000001efebc70520+0x00000000000000bb]
J 1294 c1 java.lang.ClassLoader.defineClass(Ljava/lang/String;[BIILjava/security/ProtectionDomain;)Ljava/lang/Class; java.base@17.0.6 (43 bytes) @ 0x000001efebc7d2dc [0x000001efebc7d1e0+0x00000000000000fc]
J 1302 c1 jdk.internal.loader.BuiltinClassLoader.defineClass(Ljava/lang/String;Ljdk/internal/loader/Resource;)Ljava/lang/Class; java.base@17.0.6 (121 bytes) @ 0x000001efebc82744 [0x000001efebc822a0+0x00000000000004a4]
J 1301 c1 jdk.internal.loader.BuiltinClassLoader.findClassOnClassPathOrNull(Ljava/lang/String;)Ljava/lang/Class; java.base@17.0.6 (64 bytes) @ 0x000001efebc80944 [0x000001efebc806a0+0x00000000000002a4]
J 1034 c1 jdk.internal.loader.BuiltinClassLoader.loadClassOrNull(Ljava/lang/String;Z)Ljava/lang/Class; java.base@17.0.6 (143 bytes) @ 0x000001efebc0b244 [0x000001efebc0ae00+0x0000000000000444]
J 1218 c1 jdk.internal.loader.ClassLoaders$AppClassLoader.loadClass(Ljava/lang/String;Z)Ljava/lang/Class; java.base@17.0.6 (40 bytes) @ 0x000001efebc602a4 [0x000001efebc60160+0x0000000000000144]
J 1215 c1 java.lang.ClassLoader.loadClass(Ljava/lang/String;)Ljava/lang/Class; java.base@17.0.6 (7 bytes) @ 0x000001efebc5f6e4 [0x000001efebc5f6a0+0x0000000000000044]
v  ~StubRoutines::call_stub
J 1045  java.lang.Class.forName0(Ljava/lang/String;ZLjava/lang/ClassLoader;Ljava/lang/Class;)Ljava/lang/Class; java.base@17.0.6 (0 bytes) @ 0x000001efebc13f27 [0x000001efebc13ea0+0x0000000000000087]
J 1051 c1 java.lang.Class.forName(Ljava/lang/String;ZLjava/lang/ClassLoader;)Ljava/lang/Class; java.base@17.0.6 (47 bytes) @ 0x000001efebc16ab4 [0x000001efebc169c0+0x00000000000000f4]
J 2599 c1 org.springframework.boot.devtools.restart.classloader.RestartClassLoader.loadClass(Ljava/lang/String;Z)Ljava/lang/Class; (119 bytes) @ 0x000001efebdf6e94 [0x000001efebdf6900+0x0000000000000594]
J 1215 c1 java.lang.ClassLoader.loadClass(Ljava/lang/String;)Ljava/lang/Class; java.base@17.0.6 (7 bytes) @ 0x000001efebc5f6e4 [0x000001efebc5f6a0+0x0000000000000044]
v  ~StubRoutines::call_stub
J 1045  java.lang.Class.forName0(Ljava/lang/String;ZLjava/lang/ClassLoader;Ljava/lang/Class;)Ljava/lang/Class; java.base@17.0.6 (0 bytes) @ 0x000001efebc13f27 [0x000001efebc13ea0+0x0000000000000087]
J 1051 c1 java.lang.Class.forName(Ljava/lang/String;ZLjava/lang/ClassLoader;)Ljava/lang/Class; java.base@17.0.6 (47 bytes) @ 0x000001efebc16ab4 [0x000001efebc169c0+0x00000000000000f4]
J 2613 c1 org.springframework.util.ClassUtils.forName(Ljava/lang/String;Ljava/lang/ClassLoader;)Ljava/lang/Class; (251 bytes) @ 0x000001efebdfd37c [0x000001efebdfd100+0x000000000000027c]
j  org.springframework.core.io.support.SpringFactoriesLoader.instantiateFactory(Ljava/lang/String;Ljava/lang/Class;Lorg/springframework/core/io/support/SpringFactoriesLoader$ArgumentResolver;Lorg/springframework/core/io/support/SpringFactoriesLoader$FailureHandler;)Ljava/lang/Object;+5
j  org.springframework.core.io.support.SpringFactoriesLoader.load(Ljava/lang/Class;Lorg/springframework/core/io/support/SpringFactoriesLoader$ArgumentResolver;Lorg/springframework/core/io/support/SpringFactoriesLoader$FailureHandler;)Ljava/util/List;+99
j  org.springframework.core.io.support.SpringFactoriesLoader.load(Ljava/lang/Class;Lorg/springframework/core/io/support/SpringFactoriesLoader$ArgumentResolver;)Ljava/util/List;+4
j  org.springframework.boot.sql.init.dependency.DatabaseInitializationDependencyConfigurer$DependsOnDatabaseInitializationPostProcessor.getDetectors(Lorg/springframework/beans/factory/config/ConfigurableListableBeanFactory;Ljava/lang/Class;)Ljava/util/List;+21
j  org.springframework.boot.sql.init.dependency.DatabaseInitializationDependencyConfigurer$DependsOnDatabaseInitializationPostProcessor.detectDependsOnInitializationBeanNames(Lorg/springframework/beans/factory/config/ConfigurableListableBeanFactory;)Ljava/util/Collection;+4
j  org.springframework.boot.sql.init.dependency.DatabaseInitializationDependencyConfigurer$DependsOnDatabaseInitializationPostProcessor.postProcessBeanFactory(Lorg/springframework/beans/factory/config/ConfigurableListableBeanFactory;)V+125
j  org.springframework.context.support.PostProcessorRegistrationDelegate.invokeBeanFactoryPostProcessors(Ljava/util/Collection;Lorg/springframework/beans/factory/config/ConfigurableListableBeanFactory;)V+61
j  org.springframework.context.support.PostProcessorRegistrationDelegate.invokeBeanFactoryPostProcessors(Lorg/springframework/beans/factory/config/ConfigurableListableBeanFactory;Ljava/util/List;)V+786
j  org.springframework.context.support.AbstractApplicationContext.invokeBeanFactoryPostProcessors(Lorg/springframework/beans/factory/config/ConfigurableListableBeanFactory;)V+5
j  org.springframework.context.support.AbstractApplicationContext.refresh()V+62
j  org.springframework.boot.web.servlet.context.ServletWebServerApplicationContext.refresh()V+1
j  org.springframework.boot.SpringApplication.refresh(Lorg/springframework/context/ConfigurableApplicationContext;)V+1
j  org.springframework.boot.SpringApplication.refreshContext(Lorg/springframework/context/ConfigurableApplicationContext;)V+16
j  org.springframework.boot.SpringApplication.run([Ljava/lang/String;)Lorg/springframework/context/ConfigurableApplicationContext;+110
j  org.springframework.boot.SpringApplication.run([Ljava/lang/Class;[Ljava/lang/String;)Lorg/springframework/context/ConfigurableApplicationContext;+9
j  org.springframework.boot.SpringApplication.run(Ljava/lang/Class;[Ljava/lang/String;)Lorg/springframework/context/ConfigurableApplicationContext;+9
j  com.std.StudentServiceApplication.main([Ljava/lang/String;)V+3
v  ~StubRoutines::call_stub
j  jdk.internal.reflect.NativeMethodAccessorImpl.invoke0(Ljava/lang/reflect/Method;Ljava/lang/Object;[Ljava/lang/Object;)Ljava/lang/Object;+0 java.base@17.0.6
j  jdk.internal.reflect.NativeMethodAccessorImpl.invoke(Ljava/lang/Object;[Ljava/lang/Object;)Ljava/lang/Object;+133 java.base@17.0.6
j  jdk.internal.reflect.DelegatingMethodAccessorImpl.invoke(Ljava/lang/Object;[Ljava/lang/Object;)Ljava/lang/Object;+6 java.base@17.0.6
j  java.lang.reflect.Method.invoke(Ljava/lang/Object;[Ljava/lang/Object;)Ljava/lang/Object;+59 java.base@17.0.6
j  org.springframework.boot.devtools.restart.RestartLauncher.run()V+47
v  ~StubRoutines::call_stub

---------------  P R O C E S S  ---------------

Threads class SMR info:
_java_thread_list=0x000001eff83b9ff0, length=20, elements={
0x000001efe6a65050, 0x000001eff6813620, 0x000001eff6814160, 0x000001eff5d7cb50,
0x000001eff5d7d410, 0x000001eff5d7dcd0, 0x000001eff5d7e590, 0x000001eff6840530,
0x000001eff6840e30, 0x000001eff696d490, 0x000001eff69fb490, 0x000001eff717f9f0,
0x000001eff71f4c20, 0x000001eff6bfc720, 0x000001eff72632e0, 0x000001eff720a020,
0x000001eff720a4f0, 0x000001eff73fe980, 0x000001eff813e330, 0x000001eff813cff0
}

Java Threads: ( => current thread )
  0x000001efe6a65050 JavaThread "main" [_thread_blocked, id=21472, stack(0x0000007441700000,0x0000007441800000)]
  0x000001eff6813620 JavaThread "Reference Handler" daemon [_thread_blocked, id=18184, stack(0x0000007441e00000,0x0000007441f00000)]
  0x000001eff6814160 JavaThread "Finalizer" daemon [_thread_blocked, id=3124, stack(0x0000007441f00000,0x0000007442000000)]
  0x000001eff5d7cb50 JavaThread "Signal Dispatcher" daemon [_thread_blocked, id=19792, stack(0x0000007442000000,0x0000007442100000)]
  0x000001eff5d7d410 JavaThread "Attach Listener" daemon [_thread_blocked, id=16604, stack(0x0000007442100000,0x0000007442200000)]
  0x000001eff5d7dcd0 JavaThread "Service Thread" daemon [_thread_blocked, id=9596, stack(0x0000007442200000,0x0000007442300000)]
  0x000001eff5d7e590 JavaThread "Monitor Deflation Thread" daemon [_thread_blocked, id=7328, stack(0x0000007442300000,0x0000007442400000)]
  0x000001eff6840530 JavaThread "C1 CompilerThread0" daemon [_thread_blocked, id=21052, stack(0x0000007442400000,0x0000007442500000)]
  0x000001eff6840e30 JavaThread "Sweeper thread" daemon [_thread_blocked, id=20004, stack(0x0000007442500000,0x0000007442600000)]
  0x000001eff696d490 JavaThread "Common-Cleaner" daemon [_thread_blocked, id=5172, stack(0x0000007442600000,0x0000007442700000)]
  0x000001eff69fb490 JavaThread "Notification Thread" daemon [_thread_blocked, id=8036, stack(0x0000007442800000,0x0000007442900000)]
  0x000001eff717f9f0 JavaThread "RMI TCP Accept-0" daemon [_thread_in_native, id=20604, stack(0x0000007442900000,0x0000007442a00000)]
  0x000001eff71f4c20 JavaThread "RMI TCP Accept-57236" daemon [_thread_in_native, id=18812, stack(0x0000007442d00000,0x0000007442e00000)]
  0x000001eff6bfc720 JavaThread "RMI TCP Accept-0" daemon [_thread_in_native, id=13300, stack(0x0000007442e00000,0x0000007442f00000)]
  0x000001eff72632e0 JavaThread "RMI TCP Connection(1)-127.0.0.1" daemon [_thread_in_native, id=11448, stack(0x0000007443000000,0x0000007443100000)]
  0x000001eff720a020 JavaThread "RMI Scheduler(0)" daemon [_thread_blocked, id=20544, stack(0x0000007443100000,0x0000007443200000)]
  0x000001eff720a4f0 JavaThread "RMI TCP Connection(2)-127.0.0.1" daemon [_thread_in_native, id=20788, stack(0x0000007443200000,0x0000007443300000)]
  0x000001eff73fe980 JavaThread "JMX server connection timeout 21" daemon [_thread_blocked, id=6048, stack(0x0000007443300000,0x0000007443400000)]
  0x000001eff813e330 JavaThread "Thread-0" [_thread_blocked, id=19756, stack(0x0000007443400000,0x0000007443500000)]
=>0x000001eff813cff0 JavaThread "restartedMain" [_thread_in_vm, id=11752, stack(0x0000007443500000,0x0000007443600000)]

Other Threads:
  0x000001eff5d65790 VMThread "VM Thread" [stack: 0x0000007441d00000,0x0000007441e00000] [id=21308]
  0x000001efe6add550 WatcherThread [stack: 0x0000007442f00000,0x0000007443000000] [id=20980]
  0x000001efe6abe940 GCTaskThread "GC Thread#0" [stack: 0x0000007441800000,0x0000007441900000] [id=19196]
  0x000001eff7175030 GCTaskThread "GC Thread#1" [stack: 0x0000007442a00000,0x0000007442b00000] [id=20416]
  0x000001eff71f5f90 GCTaskThread "GC Thread#2" [stack: 0x0000007442b00000,0x0000007442c00000] [id=20468]
  0x000001eff7165a80 GCTaskThread "GC Thread#3" [stack: 0x0000007442c00000,0x0000007442d00000] [id=19664]
  0x000001efe6acee10 ConcurrentGCThread "G1 Main Marker" [stack: 0x0000007441900000,0x0000007441a00000] [id=11444]
  0x000001efe6ad1de0 ConcurrentGCThread "G1 Conc#0" [stack: 0x0000007441a00000,0x0000007441b00000] [id=21304]
  0x000001eff5bb20c0 ConcurrentGCThread "G1 Refine#0" [stack: 0x0000007441b00000,0x0000007441c00000] [id=21296]
  0x000001eff5bb28f0 ConcurrentGCThread "G1 Service" [stack: 0x0000007441c00000,0x0000007441d00000] [id=20828]

Threads with active compile tasks:

VM state: not at safepoint (normal execution)

VM Mutex/Monitor currently owned by a thread:  ([mutex/lock_event])
[0x000001efe6a5fce0] Metaspace_lock - owner thread: 0x000001eff813cff0

Heap address: 0x0000000084c00000, size: 1972 MB, Compressed Oops mode: 32-bit

CDS archive(s) not mapped
Compressed class space mapped at: 0x0000000100000000-0x0000000140000000, reserved size: 1073741824
Narrow klass base: 0x0000000000000000, Narrow klass shift: 3, Narrow klass range: 0x140000000

GC Precious Log:
 CPUs: 4 total, 4 available
 Memory: 7880M
 Large Page Support: Disabled
 NUMA Support: Disabled
 Compressed Oops: Enabled (32-bit)
 Heap Region Size: 1M
 Heap Min Capacity: 8M
 Heap Initial Capacity: 124M
 Heap Max Capacity: 1972M
 Pre-touch: Disabled
 Parallel Workers: 4
 Concurrent Workers: 1
 Concurrent Refinement Workers: 4
 Periodic GC: Disabled

Heap:
 garbage-first heap   total 51200K, used 22843K [0x0000000084c00000, 0x0000000100000000)
  region size 1024K, 7 young (7168K), 2 survivors (2048K)
 Metaspace       used 36639K, committed 36992K, reserved 1081344K
  class space    used 4694K, committed 4864K, reserved 1048576K

Heap Regions: E=young(eden), S=young(survivor), O=old, HS=humongous(starts), HC=humongous(continues), CS=collection set, F=free, OA=open archive, CA=closed archive, TAMS=top-at-mark-start (previous, next)
|   0|0x0000000084c00000, 0x0000000084d00000, 0x0000000084d00000|100%|HS|  |TAMS 0x0000000084d00000, 0x0000000084c00000| Complete 
|   1|0x0000000084d00000, 0x0000000084e00000, 0x0000000084e00000|100%|HS|  |TAMS 0x0000000084e00000, 0x0000000084d00000| Complete 
|   2|0x0000000084e00000, 0x0000000084f00000, 0x0000000084f00000|100%| O|  |TAMS 0x0000000084f00000, 0x0000000084e00000| Untracked 
|   3|0x0000000084f00000, 0x0000000085000000, 0x0000000085000000|100%| O|  |TAMS 0x0000000085000000, 0x0000000084f00000| Untracked 
|   4|0x0000000085000000, 0x0000000085100000, 0x0000000085100000|100%| O|  |TAMS 0x0000000085100000, 0x0000000085000000| Untracked 
|   5|0x0000000085100000, 0x0000000085200000, 0x0000000085200000|100%| O|  |TAMS 0x0000000085200000, 0x0000000085100000| Untracked 
|   6|0x0000000085200000, 0x0000000085300000, 0x0000000085300000|100%| O|  |TAMS 0x0000000085300000, 0x0000000085200000| Untracked 
|   7|0x0000000085300000, 0x0000000085400000, 0x0000000085400000|100%| O|  |TAMS 0x0000000085400000, 0x0000000085300000| Untracked 
|   8|0x0000000085400000, 0x0000000085500000, 0x0000000085500000|100%| O|  |TAMS 0x0000000085500000, 0x0000000085400000| Complete 
|   9|0x0000000085500000, 0x0000000085600000, 0x0000000085600000|100%| O|  |TAMS 0x0000000085600000, 0x0000000085500000| Untracked 
|  10|0x0000000085600000, 0x0000000085700000, 0x0000000085700000|100%| O|  |TAMS 0x0000000085700000, 0x0000000085600000| Untracked 
|  11|0x0000000085700000, 0x0000000085800000, 0x0000000085800000|100%| O|  |TAMS 0x0000000085800000, 0x0000000085700000| Untracked 
|  12|0x0000000085800000, 0x0000000085900000, 0x0000000085900000|100%| O|  |TAMS 0x0000000085900000, 0x0000000085800000| Untracked 
|  13|0x0000000085900000, 0x0000000085a00000, 0x0000000085a00000|100%| O|  |TAMS 0x0000000085a00000, 0x0000000085900000| Untracked 
|  14|0x0000000085a00000, 0x0000000085b00000, 0x0000000085b00000|100%| O|  |TAMS 0x0000000085b00000, 0x0000000085a00000| Untracked 
|  15|0x0000000085b00000, 0x0000000085c00000, 0x0000000085c00000|100%| O|  |TAMS 0x0000000085c00000, 0x0000000085b00000| Untracked 
|  16|0x0000000085c00000, 0x0000000085d00000, 0x0000000085d00000|100%| O|  |TAMS 0x0000000085cbe000, 0x0000000085c00000| Untracked 
|  17|0x0000000085d00000, 0x0000000085de7a00, 0x0000000085e00000| 90%| O|  |TAMS 0x0000000085d00000, 0x0000000085d00000| Untracked 
|  18|0x0000000085e00000, 0x0000000085e00000, 0x0000000085f00000|  0%| F|  |TAMS 0x0000000085e00000, 0x0000000085e00000| Untracked 
|  19|0x0000000085f00000, 0x0000000085f00000, 0x0000000086000000|  0%| F|  |TAMS 0x0000000085f00000, 0x0000000085f00000| Untracked 
|  20|0x0000000086000000, 0x0000000086000000, 0x0000000086100000|  0%| F|  |TAMS 0x0000000086000000, 0x0000000086000000| Untracked 
|  21|0x0000000086100000, 0x0000000086100000, 0x0000000086200000|  0%| F|  |TAMS 0x0000000086100000, 0x0000000086100000| Untracked 
|  22|0x0000000086200000, 0x0000000086200000, 0x0000000086300000|  0%| F|  |TAMS 0x0000000086200000, 0x0000000086200000| Untracked 
|  23|0x0000000086300000, 0x0000000086300000, 0x0000000086400000|  0%| F|  |TAMS 0x0000000086300000, 0x0000000086300000| Untracked 
|  24|0x0000000086400000, 0x0000000086400000, 0x0000000086500000|  0%| F|  |TAMS 0x0000000086400000, 0x0000000086400000| Untracked 
|  25|0x0000000086500000, 0x0000000086500000, 0x0000000086600000|  0%| F|  |TAMS 0x0000000086500000, 0x0000000086500000| Untracked 
|  26|0x0000000086600000, 0x0000000086600000, 0x0000000086700000|  0%| F|  |TAMS 0x0000000086600000, 0x0000000086600000| Untracked 
|  27|0x0000000086700000, 0x0000000086700000, 0x0000000086800000|  0%| F|  |TAMS 0x0000000086700000, 0x0000000086700000| Untracked 
|  28|0x0000000086800000, 0x0000000086800000, 0x0000000086900000|  0%| F|  |TAMS 0x0000000086800000, 0x0000000086800000| Untracked 
|  29|0x0000000086900000, 0x0000000086900000, 0x0000000086a00000|  0%| F|  |TAMS 0x0000000086900000, 0x0000000086900000| Untracked 
|  30|0x0000000086a00000, 0x0000000086a00000, 0x0000000086b00000|  0%| F|  |TAMS 0x0000000086a00000, 0x0000000086a00000| Untracked 
|  31|0x0000000086b00000, 0x0000000086b00000, 0x0000000086c00000|  0%| F|  |TAMS 0x0000000086b00000, 0x0000000086b00000| Untracked 
|  32|0x0000000086c00000, 0x0000000086c00000, 0x0000000086d00000|  0%| F|  |TAMS 0x0000000086c00000, 0x0000000086c00000| Untracked 
|  33|0x0000000086d00000, 0x0000000086d00000, 0x0000000086e00000|  0%| F|  |TAMS 0x0000000086d00000, 0x0000000086d00000| Untracked 
|  34|0x0000000086e00000, 0x0000000086e00000, 0x0000000086f00000|  0%| F|  |TAMS 0x0000000086e00000, 0x0000000086e00000| Untracked 
|  35|0x0000000086f00000, 0x0000000086f00000, 0x0000000087000000|  0%| F|  |TAMS 0x0000000086f00000, 0x0000000086f00000| Untracked 
|  36|0x0000000087000000, 0x0000000087000000, 0x0000000087100000|  0%| F|  |TAMS 0x0000000087000000, 0x0000000087000000| Untracked 
|  37|0x0000000087100000, 0x0000000087100000, 0x0000000087200000|  0%| F|  |TAMS 0x0000000087100000, 0x0000000087100000| Untracked 
|  38|0x0000000087200000, 0x0000000087200000, 0x0000000087300000|  0%| F|  |TAMS 0x0000000087200000, 0x0000000087200000| Untracked 
|  39|0x0000000087300000, 0x0000000087300000, 0x0000000087400000|  0%| F|  |TAMS 0x0000000087300000, 0x0000000087300000| Untracked 
|  40|0x0000000087400000, 0x0000000087400000, 0x0000000087500000|  0%| F|  |TAMS 0x0000000087400000, 0x0000000087400000| Untracked 
|  41|0x0000000087500000, 0x0000000087500000, 0x0000000087600000|  0%| F|  |TAMS 0x0000000087500000, 0x0000000087500000| Untracked 
|  42|0x0000000087600000, 0x0000000087600000, 0x0000000087700000|  0%| F|  |TAMS 0x0000000087600000, 0x0000000087600000| Untracked 
|  43|0x0000000087700000, 0x0000000087800000, 0x0000000087800000|100%| E|  |TAMS 0x0000000087700000, 0x0000000087700000| Complete 
|  99|0x000000008af00000, 0x000000008af674c0, 0x000000008b000000| 40%| S|CS|TAMS 0x000000008af00000, 0x000000008af00000| Complete 
| 103|0x000000008b300000, 0x000000008b400000, 0x000000008b400000|100%| S|CS|TAMS 0x000000008b300000, 0x000000008b300000| Complete 
| 104|0x000000008b400000, 0x000000008b500000, 0x000000008b500000|100%| E|CS|TAMS 0x000000008b400000, 0x000000008b400000| Complete 
| 105|0x000000008b500000, 0x000000008b600000, 0x000000008b600000|100%| E|CS|TAMS 0x000000008b500000, 0x000000008b500000| Complete 
| 122|0x000000008c600000, 0x000000008c700000, 0x000000008c700000|100%| E|  |TAMS 0x000000008c600000, 0x000000008c600000| Complete 
| 123|0x000000008c700000, 0x000000008c800000, 0x000000008c800000|100%| E|CS|TAMS 0x000000008c700000, 0x000000008c700000| Complete 

Card table byte_map: [0x000001efef190000,0x000001efef570000] _byte_map_base: 0x000001efeed6a000

Marking Bits (Prev, Next): (CMBitMap*) 0x000001efe6abee60, (CMBitMap*) 0x000001efe6abeea0
 Prev Bits: [0x000001efef950000, 0x000001eff1820000)
 Next Bits: [0x000001eff1820000, 0x000001eff36f0000)

Polling page: 0x000001efe6b10000

Metaspace:

Usage:
  Non-class:     31.20 MB used.
      Class:      4.58 MB used.
       Both:     35.78 MB used.

Virtual space:
  Non-class space:       32.00 MB reserved,      31.38 MB ( 98%) committed,  4 nodes.
      Class space:        1.00 GB reserved,       4.75 MB ( <1%) committed,  1 nodes.
             Both:        1.03 GB reserved,      36.13 MB (  3%) committed. 

Chunk freelists:
   Non-Class:  64.00 KB
       Class:  3.11 MB
        Both:  3.17 MB

MaxMetaspaceSize: unlimited
CompressedClassSpaceSize: 1.00 GB
Initial GC threshold: 21.00 MB
Current GC threshold: 59.19 MB
CDS: off
MetaspaceReclaimPolicy: balanced
 - commit_granule_bytes: 65536.
 - commit_granule_words: 8192.
 - virtual_space_node_default_size: 1048576.
 - enlarge_chunks_in_place: 1.
 - new_chunks_are_fully_committed: 0.
 - uncommit_free_chunks: 1.
 - use_allocation_guard: 0.
 - handle_deallocations: 1.


Internal statistics:

num_allocs_failed_limit: 8.
num_arena_births: 510.
num_arena_deaths: 2.
num_vsnodes_births: 5.
num_vsnodes_deaths: 0.
num_space_committed: 578.
num_space_uncommitted: 0.
num_chunks_returned_to_freelist: 10.
num_chunks_taken_from_freelist: 1505.
num_chunk_merges: 8.
num_chunk_splits: 1017.
num_chunks_enlarged: 716.
num_purges: 2.
num_inconsistent_stats: 0.

CodeCache: size=49152Kb used=6975Kb max_used=6975Kb free=42176Kb
 bounds [0x000001efeb900000, 0x000001efebfd0000, 0x000001efee900000]
 total_blobs=4228 nmethods=3714 adapters=441
 compilation: disabled (not enough contiguous free space left)
              stopped_count=1, restarted_count=0
 full_count=1

Compilation events (20 events):
Event: 15.048 Thread 0x000001eff6840530 3708       1       org.springframework.asm.Label::resolve (259 bytes)
Event: 15.049 Thread 0x000001eff6840530 nmethod 3708 0x000001efebfcbe90 code [0x000001efebfcc060, 0x000001efebfcc3f8]
Event: 15.049 Thread 0x000001eff6840530 3710       1       org.springframework.asm.Frame::push (109 bytes)
Event: 15.049 Thread 0x000001eff6840530 nmethod 3710 0x000001efebfcc710 code [0x000001efebfcc8c0, 0x000001efebfccca8]
Event: 15.049 Thread 0x000001eff6840530 3709       1       org.springframework.asm.Frame::pop (44 bytes)
Event: 15.049 Thread 0x000001eff6840530 nmethod 3709 0x000001efebfcce10 code [0x000001efebfccfa0, 0x000001efebfcd0b8]
Event: 15.049 Thread 0x000001eff6840530 3714       1       org.springframework.asm.SymbolTable::addConstantUtf8Reference (101 bytes)
Event: 15.049 Thread 0x000001eff6840530 nmethod 3714 0x000001efebfcd110 code [0x000001efebfcd300, 0x000001efebfcd698]
Event: 15.049 Thread 0x000001eff6840530 3711       1       org.springframework.asm.MethodWriter::visitInsn (115 bytes)
Event: 15.050 Thread 0x000001eff6840530 nmethod 3711 0x000001efebfcd990 code [0x000001efebfcdb40, 0x000001efebfcdd48]
Event: 15.050 Thread 0x000001eff6840530 3712       1       org.springframework.asm.MethodVisitor::visitInsn (16 bytes)
Event: 15.050 Thread 0x000001eff6840530 nmethod 3712 0x000001efebfcde90 code [0x000001efebfce020, 0x000001efebfce108]
Event: 15.050 Thread 0x000001eff6840530 3715       1       org.springframework.asm.SymbolTable::addConstantClass (8 bytes)
Event: 15.050 Thread 0x000001eff6840530 nmethod 3715 0x000001efebfce190 code [0x000001efebfce320, 0x000001efebfce408]
Event: 15.050 Thread 0x000001eff6840530 3718       1       org.springframework.asm.Frame::merge (395 bytes)
Event: 15.051 Thread 0x000001eff6840530 nmethod 3718 0x000001efebfce490 code [0x000001efebfce6e0, 0x000001efebfceff8]
Event: 15.051 Thread 0x000001eff6840530 3721       1       org.springframework.asm.SymbolTable::addConstantUtf8 (98 bytes)
Event: 15.051 Thread 0x000001eff6840530 nmethod 3721 0x000001efebfcf610 code [0x000001efebfcf800, 0x000001efebfcfb98]
Event: 15.051 Thread 0x000001eff6840530 3717       1       org.springframework.asm.ByteVector::put12 (64 bytes)
Event: 15.052 Thread 0x000001eff6840530 


GC Heap History (20 events):
Event: 3.129 GC heap before
{Heap before GC invocations=1 (full 0):
 garbage-first heap   total 126976K, used 18862K [0x0000000084c00000, 0x0000000100000000)
  region size 1024K, 12 young (12288K), 2 survivors (2048K)
 Metaspace       used 15602K, committed 15872K, reserved 1064960K
  class space    used 1654K, committed 1792K, reserved 1048576K
}
Event: 3.136 GC heap after
{Heap after GC invocations=2 (full 0):
 garbage-first heap   total 126976K, used 10149K [0x0000000084c00000, 0x0000000100000000)
  region size 1024K, 2 young (2048K), 2 survivors (2048K)
 Metaspace       used 15602K, committed 15872K, reserved 1064960K
  class space    used 1654K, committed 1792K, reserved 1048576K
}
Event: 5.241 GC heap before
{Heap before GC invocations=2 (full 0):
 garbage-first heap   total 126976K, used 30629K [0x0000000084c00000, 0x0000000100000000)
  region size 1024K, 21 young (21504K), 2 survivors (2048K)
 Metaspace       used 18038K, committed 18304K, reserved 1073152K
  class space    used 1992K, committed 2112K, reserved 1048576K
}
Event: 5.247 GC heap after
{Heap after GC invocations=3 (full 0):
 garbage-first heap   total 126976K, used 10844K [0x0000000084c00000, 0x0000000100000000)
  region size 1024K, 3 young (3072K), 3 survivors (3072K)
 Metaspace       used 18038K, committed 18304K, reserved 1073152K
  class space    used 1992K, committed 2112K, reserved 1048576K
}
Event: 9.701 GC heap before
{Heap before GC invocations=3 (full 0):
 garbage-first heap   total 126976K, used 28252K [0x0000000084c00000, 0x0000000100000000)
  region size 1024K, 21 young (21504K), 3 survivors (3072K)
 Metaspace       used 21298K, committed 21504K, reserved 1073152K
  class space    used 2516K, committed 2624K, reserved 1048576K
}
Event: 9.705 GC heap after
{Heap after GC invocations=4 (full 0):
 garbage-first heap   total 126976K, used 12052K [0x0000000084c00000, 0x0000000100000000)
  region size 1024K, 4 young (4096K), 4 survivors (4096K)
 Metaspace       used 21298K, committed 21504K, reserved 1073152K
  class space    used 2516K, committed 2624K, reserved 1048576K
}
Event: 10.376 GC heap before
{Heap before GC invocations=5 (full 0):
 garbage-first heap   total 51200K, used 37652K [0x0000000084c00000, 0x0000000100000000)
  region size 1024K, 30 young (30720K), 4 survivors (4096K)
 Metaspace       used 27210K, committed 27584K, reserved 1073152K
  class space    used 3238K, committed 3392K, reserved 1048576K
}
Event: 10.381 GC heap after
{Heap after GC invocations=6 (full 0):
 garbage-first heap   total 51200K, used 13516K [0x0000000084c00000, 0x0000000100000000)
  region size 1024K, 4 young (4096K), 4 survivors (4096K)
 Metaspace       used 27210K, committed 27584K, reserved 1073152K
  class space    used 3238K, committed 3392K, reserved 1048576K
}
Event: 10.415 GC heap before
{Heap before GC invocations=6 (full 0):
 garbage-first heap   total 51200K, used 14540K [0x0000000084c00000, 0x0000000100000000)
  region size 1024K, 5 young (5120K), 4 survivors (4096K)
 Metaspace       used 27375K, committed 27776K, reserved 1073152K
  class space    used 3270K, committed 3456K, reserved 1048576K
}
Event: 10.420 GC heap after
{Heap after GC invocations=7 (full 0):
 garbage-first heap   total 51200K, used 13729K [0x0000000084c00000, 0x0000000100000000)
  region size 1024K, 1 young (1024K), 1 survivors (1024K)
 Metaspace       used 27375K, committed 27776K, reserved 1073152K
  class space    used 3270K, committed 3456K, reserved 1048576K
}
Event: 11.475 GC heap before
{Heap before GC invocations=7 (full 0):
 garbage-first heap   total 51200K, used 34209K [0x0000000084c00000, 0x0000000100000000)
  region size 1024K, 22 young (22528K), 1 survivors (1024K)
 Metaspace       used 29902K, committed 30208K, reserved 1081344K
  class space    used 3601K, committed 3712K, reserved 1048576K
}
Event: 11.478 GC heap after
{Heap after GC invocations=8 (full 0):
 garbage-first heap   total 51200K, used 15746K [0x0000000084c00000, 0x0000000100000000)
  region size 1024K, 3 young (3072K), 3 survivors (3072K)
 Metaspace       used 29902K, committed 30208K, reserved 1081344K
  class space    used 3601K, committed 3712K, reserved 1048576K
}
Event: 12.618 GC heap before
{Heap before GC invocations=8 (full 0):
 garbage-first heap   total 51200K, used 36226K [0x0000000084c00000, 0x0000000100000000)
  region size 1024K, 23 young (23552K), 3 survivors (3072K)
 Metaspace       used 30567K, committed 30848K, reserved 1081344K
  class space    used 3715K, committed 3840K, reserved 1048576K
}
Event: 12.622 GC heap after
{Heap after GC invocations=9 (full 0):
 garbage-first heap   total 51200K, used 17333K [0x0000000084c00000, 0x0000000100000000)
  region size 1024K, 2 young (2048K), 2 survivors (2048K)
 Metaspace       used 30567K, committed 30848K, reserved 1081344K
  class space    used 3715K, committed 3840K, reserved 1048576K
}
Event: 13.778 GC heap before
{Heap before GC invocations=9 (full 0):
 garbage-first heap   total 51200K, used 36789K [0x0000000084c00000, 0x0000000100000000)
  region size 1024K, 21 young (21504K), 2 survivors (2048K)
 Metaspace       used 32983K, committed 33280K, reserved 1081344K
  class space    used 4029K, committed 4160K, reserved 1048576K
}
Event: 13.781 GC heap after
{Heap after GC invocations=10 (full 0):
 garbage-first heap   total 51200K, used 18370K [0x0000000084c00000, 0x0000000100000000)
  region size 1024K, 3 young (3072K), 3 survivors (3072K)
 Metaspace       used 32983K, committed 33280K, reserved 1081344K
  class space    used 4029K, committed 4160K, reserved 1048576K
}
Event: 14.653 GC heap before
{Heap before GC invocations=10 (full 0):
 garbage-first heap   total 51200K, used 37826K [0x0000000084c00000, 0x0000000100000000)
  region size 1024K, 22 young (22528K), 3 survivors (3072K)
 Metaspace       used 35561K, committed 36032K, reserved 1081344K
  class space    used 4517K, committed 4736K, reserved 1048576K
}
Event: 14.657 GC heap after
{Heap after GC invocations=11 (full 0):
 garbage-first heap   total 51200K, used 19412K [0x0000000084c00000, 0x0000000100000000)
  region size 1024K, 3 young (3072K), 3 survivors (3072K)
 Metaspace       used 35561K, committed 36032K, reserved 1081344K
  class space    used 4517K, committed 4736K, reserved 1048576K
}
Event: 14.818 GC heap before
{Heap before GC invocations=11 (full 0):
 garbage-first heap   total 51200K, used 22484K [0x0000000084c00000, 0x0000000100000000)
  region size 1024K, 7 young (7168K), 3 survivors (3072K)
 Metaspace       used 35790K, committed 36160K, reserved 1081344K
  class space    used 4564K, committed 4736K, reserved 1048576K
}
Event: 14.821 GC heap after
{Heap after GC invocations=12 (full 0):
 garbage-first heap   total 51200K, used 19771K [0x0000000084c00000, 0x0000000100000000)
  region size 1024K, 2 young (2048K), 2 survivors (2048K)
 Metaspace       used 35790K, committed 36160K, reserved 1081344K
  class space    used 4564K, committed 4736K, reserved 1048576K
}

Dll operation events (8 events):
Event: 0.006 Loaded shared library C:\Users\Sangita\Downloads\spring-tool-suite-4-4.18.0.RELEASE-e4.27.0-win32.win32.x86_64.self-extracting\sts-4.18.0.RELEASE\plugins\org.eclipse.justj.openjdk.hotspot.jre.full.win32.x86_64_17.0.6.v20230204-1729\jre\bin\java.dll
Event: 0.172 Loaded shared library C:\Users\Sangita\Downloads\spring-tool-suite-4-4.18.0.RELEASE-e4.27.0-win32.win32.x86_64.self-extracting\sts-4.18.0.RELEASE\plugins\org.eclipse.justj.openjdk.hotspot.jre.full.win32.x86_64_17.0.6.v20230204-1729\jre\bin\jimage.dll
Event: 0.185 Loaded shared library C:\Users\Sangita\Downloads\spring-tool-suite-4-4.18.0.RELEASE-e4.27.0-win32.win32.x86_64.self-extracting\sts-4.18.0.RELEASE\plugins\org.eclipse.justj.openjdk.hotspot.jre.full.win32.x86_64_17.0.6.v20230204-1729\jre\bin\net.dll
Event: 0.186 Loaded shared library C:\Users\Sangita\Downloads\spring-tool-suite-4-4.18.0.RELEASE-e4.27.0-win32.win32.x86_64.self-extracting\sts-4.18.0.RELEASE\plugins\org.eclipse.justj.openjdk.hotspot.jre.full.win32.x86_64_17.0.6.v20230204-1729\jre\bin\nio.dll
Event: 0.191 Loaded shared library C:\Users\Sangita\Downloads\spring-tool-suite-4-4.18.0.RELEASE-e4.27.0-win32.win32.x86_64.self-extracting\sts-4.18.0.RELEASE\plugins\org.eclipse.justj.openjdk.hotspot.jre.full.win32.x86_64_17.0.6.v20230204-1729\jre\bin\zip.dll
Event: 0.312 Loaded shared library C:\Users\Sangita\Downloads\spring-tool-suite-4-4.18.0.RELEASE-e4.27.0-win32.win32.x86_64.self-extracting\sts-4.18.0.RELEASE\plugins\org.eclipse.justj.openjdk.hotspot.jre.full.win32.x86_64_17.0.6.v20230204-1729\jre\bin\management.dll
Event: 0.407 Loaded shared library C:\Users\Sangita\Downloads\spring-tool-suite-4-4.18.0.RELEASE-e4.27.0-win32.win32.x86_64.self-extracting\sts-4.18.0.RELEASE\plugins\org.eclipse.justj.openjdk.hotspot.jre.full.win32.x86_64_17.0.6.v20230204-1729\jre\bin\management_ext.
Event: 10.575 Loaded shared library C:\Users\Sangita\Downloads\spring-tool-suite-4-4.18.0.RELEASE-e4.27.0-win32.win32.x86_64.self-extracting\sts-4.18.0.RELEASE\plugins\org.eclipse.justj.openjdk.hotspot.jre.full.win32.x86_64_17.0.6.v20230204-1729\jre\bin\sunmscapi.dll

Deoptimization events (4 events):
Event: 10.000 Thread 0x000001eff813cff0 DEOPT PACKING pc=0x000001efebd43219 sp=0x00000074435fc820
Event: 10.000 Thread 0x000001eff813cff0 DEOPT UNPACKING pc=0x000001efeb95ace3 sp=0x00000074435fbd00 mode 3
Event: 10.612 Thread 0x000001eff813cff0 DEOPT PACKING pc=0x000001efebdd5555 sp=0x00000074435fd3b0
Event: 10.613 Thread 0x000001eff813cff0 DEOPT UNPACKING pc=0x000001efeb95ace3 sp=0x00000074435fc858 mode 3

Classes unloaded (1 events):
Event: 14.858 Thread 0x000001eff5d65790 Unloading class 0x0000000100158400 'java/lang/invoke/LambdaForm$MH+0x0000000100158400'

Classes redefined (0 events):
No events

Internal exceptions (20 events):
Event: 14.882 Thread 0x000001eff813cff0 Exception <a 'java/lang/NoSuchMethodError'{0x000000008c7f1268}: 'java.lang.Object java.lang.invoke.DirectMethodHandle$Holder.invokeStaticInit(java.lang.Object, java.lang.Object, java.lang.Object, java.lang.Object, java.lang.Object, java.lang.Object, java.lang.Object)'> (0x000000008c7f1268) 
thrown [s\src\hotspot\share\interpreter\linkResolver.cpp, line 759]
Event: 14.887 Thread 0x000001eff813cff0 Exception <a 'java/lang/NoSuchMethodError'{0x000000008c600e98}: 'java.lang.Object java.lang.invoke.DirectMethodHandle$Holder.invokeSpecial(java.lang.Object, java.lang.Object, java.lang.Object, java.lang.Object, java.lang.Object, java.lang.Object, java.lang.Object, java.lang.Object, java.lang.Object)'> (0x000000008c600e98) 
thrown [s\src\hotspot\share\interpreter\linkResolver.cpp, line 759]
Event: 14.889 Thread 0x000001eff813cff0 Exception <a 'java/lang/NoSuchMethodError'{0x000000008c6278e0}: 'java.lang.Object java.lang.invoke.DirectMethodHandle$Holder.invokeSpecial(java.lang.Object, java.lang.Object, java.lang.Object, java.lang.Object, java.lang.Object, java.lang.Object, java.lang.Object, java.lang.Object, java.lang.Object, java.lang.Object, java.lang.Object, java.lang.Object, java.lang.Object, java.lang.Object)'> (0x000000008c6278e0) 
thrown [s\src\hotspot\share\interpreter\linkResolver.cpp, line 759]
Event: 14.890 Thread 0x000001eff813cff0 Exception <a 'java/lang/NoSuchMethodError'{0x000000008c62c5b0}: 'java.lang.Object java.lang.invoke.Invokers$Holder.invoker(java.lang.Object, java.lang.Object, java.lang.Object, java.lang.Object, java.lang.Object, java.lang.Object, java.lang.Object, java.lang.Object, java.lang.Object, java.lang.Object, java.lang.Object, java.lang.Object, java.lang.Object, java.lang.Object)'> (0x000000008c62c5b0) 
thrown [s\src\hotspot\share\interpreter\linkResolver.cpp, line 759]
Event: 14.890 Thread 0x000001eff813cff0 Exception <a 'java/lang/NoSuchMethodError'{0x000000008c632220}: 'java.lang.Object java.lang.invoke.DirectMethodHandle$Holder.invokeSpecial(java.lang.Object, java.lang.Object, java.lang.Object, java.lang.Object, java.lang.Object, java.lang.Object, java.lang.Object, java.lang.Object, java.lang.Object, java.lang.Object, java.lang.Object, java.lang.Object, java.lang.Object, java.lang.Object, java.lang.Object)'> (0x000000008c632220) 
thrown [s\src\hotspot\share\interpreter\linkResolver.cpp, line 759]
Event: 14.892 Thread 0x000001eff813cff0 Exception <a 'java/lang/NoSuchMethodError'{0x000000008c641e30}: 'int java.lang.invoke.DirectMethodHandle$Holder.invokeVirtual(java.lang.Object, java.lang.Object)'> (0x000000008c641e30) 
thrown [s\src\hotspot\share\interpreter\linkResolver.cpp, line 759]
Event: 14.893 Thread 0x000001eff813cff0 Exception <a 'java/lang/NoSuchMethodError'{0x000000008c646030}: 'int java.lang.invoke.DirectMethodHandle$Holder.invokeStaticInit(java.lang.Object, int, int)'> (0x000000008c646030) 
thrown [s\src\hotspot\share\interpreter\linkResolver.cpp, line 759]
Event: 14.893 Thread 0x000001eff813cff0 Exception <a 'java/lang/NoSuchMethodError'{0x000000008c64d820}: 'int java.lang.invoke.DirectMethodHandle$Holder.invokeStaticInit(java.lang.Object, long, long)'> (0x000000008c64d820) 
thrown [s\src\hotspot\share\interpreter\linkResolver.cpp, line 759]
Event: 14.894 Thread 0x000001eff813cff0 Exception <a 'java/lang/NoSuchMethodError'{0x000000008c6546a0}: 'int java.lang.invoke.DirectMethodHandle$Holder.invokeStaticInit(java.lang.Object, float, float)'> (0x000000008c6546a0) 
thrown [s\src\hotspot\share\interpreter\linkResolver.cpp, line 759]
Event: 14.894 Thread 0x000001eff813cff0 Exception <a 'java/lang/NoSuchMethodError'{0x000000008c65b4f8}: 'int java.lang.invoke.DirectMethodHandle$Holder.invokeStaticInit(java.lang.Object, double, double)'> (0x000000008c65b4f8) 
thrown [s\src\hotspot\share\interpreter\linkResolver.cpp, line 759]
Event: 14.894 Thread 0x000001eff813cff0 Exception <a 'java/lang/NoSuchMethodError'{0x000000008c65f9e8}: 'int java.lang.invoke.DirectMethodHandle$Holder.invokeStatic(java.lang.Object, long)'> (0x000000008c65f9e8) 
thrown [s\src\hotspot\share\interpreter\linkResolver.cpp, line 759]
Event: 14.897 Thread 0x000001eff813cff0 Exception <a 'java/lang/NoSuchMethodError'{0x000000008c684400}: 'int java.lang.invoke.DirectMethodHandle$Holder.invokeSpecial(java.lang.Object, java.lang.Object, int)'> (0x000000008c684400) 
thrown [s\src\hotspot\share\interpreter\linkResolver.cpp, line 759]
Event: 14.897 Thread 0x000001eff813cff0 Exception <a 'java/lang/NoSuchMethodError'{0x000000008c68bcf8}: 'int java.lang.invoke.Invokers$Holder.linkToTargetMethod(java.lang.Object, java.lang.Object)'> (0x000000008c68bcf8) 
thrown [s\src\hotspot\share\interpreter\linkResolver.cpp, line 759]
Event: 14.980 Thread 0x000001eff813cff0 Exception <a 'java/lang/NoSuchMethodError'{0x000000008b53c3f8}: 'java.lang.Object java.lang.invoke.DirectMethodHandle$Holder.invokeSpecial(java.lang.Object, java.lang.Object, java.lang.Object, java.lang.Object, java.lang.Object, java.lang.Object, java.lang.Object, java.lang.Object, java.lang.Object, java.lang.Object)'> (0x000000008b53c3f8) 
thrown [s\src\hotspot\share\interpreter\linkResolver.cpp, line 759]
Event: 14.981 Thread 0x000001eff813cff0 Exception <a 'java/lang/NoSuchMethodError'{0x000000008b540c88}: 'java.lang.Object java.lang.invoke.Invokers$Holder.invoke_MT(java.lang.Object, java.lang.Object, java.lang.Object, java.lang.Object, java.lang.Object, java.lang.Object, java.lang.Object, java.lang.Object, java.lang.Object, java.lang.Object)'> (0x000000008b540c88) 
thrown [s\src\hotspot\share\interpreter\linkResolver.cpp, line 759]
Event: 14.988 Thread 0x000001eff813cff0 Exception <a 'java/lang/NoSuchMethodError'{0x000000008b5836e8}: 'java.lang.Object java.lang.invoke.DirectMethodHandle$Holder.invokeSpecial(java.lang.Object, java.lang.Object, int, java.lang.Object, java.lang.Object)'> (0x000000008b5836e8) 
thrown [s\src\hotspot\share\interpreter\linkResolver.cpp, line 759]
Event: 14.988 Thread 0x000001eff813cff0 Exception <a 'java/lang/NoSuchMethodError'{0x000000008b587390}: 'java.lang.Object java.lang.invoke.DelegatingMethodHandle$Holder.delegate(java.lang.Object, int, java.lang.Object, java.lang.Object)'> (0x000000008b587390) 
thrown [s\src\hotspot\share\interpreter\linkResolver.cpp, line 759]
Event: 14.989 Thread 0x000001eff813cff0 Exception <a 'java/lang/NoSuchMethodError'{0x000000008b598218}: 'int java.lang.invoke.Invokers$Holder.linkToTargetMethod(java.lang.Object, java.lang.Object, java.lang.Object)'> (0x000000008b598218) 
thrown [s\src\hotspot\share\interpreter\linkResolver.cpp, line 759]
Event: 15.079 Thread 0x000001eff813cff0 Exception <a 'java/lang/NoClassDefFoundError'{0x00000000877a6700}: org/flywaydb/core/Flyway> (0x00000000877a6700) 
thrown [s\src\hotspot\share\classfile\systemDictionary.cpp, line 245]
Event: 15.079 Thread 0x000001eff813cff0 Exception <a 'java/lang/NoClassDefFoundError'{0x00000000877a90e8}: liquibase/integration/spring/SpringLiquibase> (0x00000000877a90e8) 
thrown [s\src\hotspot\share\classfile\systemDictionary.cpp, line 245]

VM Operations (20 events):
Event: 13.855 Executing VM operation: HandshakeAllThreads
Event: 13.855 Executing VM operation: HandshakeAllThreads done
Event: 13.858 Executing VM operation: HandshakeAllThreads
Event: 13.858 Executing VM operation: HandshakeAllThreads done
Event: 14.176 Executing VM operation: HandshakeAllThreads
Event: 14.176 Executing VM operation: HandshakeAllThreads done
Event: 14.279 Executing VM operation: HandshakeAllThreads
Event: 14.279 Executing VM operation: HandshakeAllThreads done
Event: 14.653 Executing VM operation: G1CollectForAllocation
Event: 14.657 Executing VM operation: G1CollectForAllocation done
Event: 14.818 Executing VM operation: CollectForMetadataAllocation
Event: 14.821 Executing VM operation: CollectForMetadataAllocation done
Event: 14.851 Executing VM operation: G1Concurrent
Event: 14.862 Executing VM operation: G1Concurrent done
Event: 14.874 Executing VM operation: G1Concurrent
Event: 14.882 Executing VM operation: G1Concurrent done
Event: 14.911 Executing VM operation: HandshakeAllThreads
Event: 14.911 Executing VM operation: HandshakeAllThreads done
Event: 14.963 Executing VM operation: HandshakeAllThreads
Event: 14.963 Executing VM operation: HandshakeAllThreads done

Events (20 events):
Event: 14.892 loading class java/lang/runtime/ObjectMethods$1
Event: 14.892 loading class java/lang/runtime/ObjectMethods$1 done
Event: 14.895 loading class java/lang/invoke/DirectMethodHandle$1
Event: 14.895 loading class java/lang/invoke/DirectMethodHandle$1 done
Event: 14.986 loading class java/util/AbstractList$RandomAccessSubList
Event: 14.986 loading class java/util/AbstractList$SubList
Event: 14.987 loading class java/util/AbstractList$SubList done
Event: 14.987 loading class java/util/AbstractList$RandomAccessSubList done
Event: 14.987 loading class java/util/AbstractList$SubList$1
Event: 14.987 loading class java/util/AbstractList$SubList$1 done
Event: 14.988 loading class java/lang/invoke/MethodHandleImpl$CountingWrapper
Event: 14.988 loading class java/lang/invoke/MethodHandleImpl$CountingWrapper done
Event: 15.019 loading class java/util/DualPivotQuicksort
Event: 15.020 loading class java/util/DualPivotQuicksort done
Event: 15.051 loading class jdk/internal/reflect/UnsafeStaticObjectFieldAccessorImpl
Event: 15.052 loading class jdk/internal/reflect/UnsafeStaticObjectFieldAccessorImpl done
Event: 15.054 loading class sun/security/provider/MD5
Event: 15.054 loading class sun/security/provider/MD5 done
Event: 15.055 loading class sun/security/provider/ByteArrayAccess$LE
Event: 15.055 loading class sun/security/provider/ByteArrayAccess$LE done


Dynamic libraries:
0x00007ff6d6310000 - 0x00007ff6d631e000 	C:\Users\Sangita\Downloads\spring-tool-suite-4-4.18.0.RELEASE-e4.27.0-win32.win32.x86_64.self-extracting\sts-4.18.0.RELEASE\plugins\org.eclipse.justj.openjdk.hotspot.jre.full.win32.x86_64_17.0.6.v20230204-1729\jre\bin\javaw.exe
0x00007ff97b140000 - 0x00007ff97b330000 	C:\WINDOWS\SYSTEM32\ntdll.dll
0x00007ff97a4e0000 - 0x00007ff97a592000 	C:\WINDOWS\System32\KERNEL32.DLL
0x00007ff9781e0000 - 0x00007ff978485000 	C:\WINDOWS\System32\KERNELBASE.dll
0x00007ff978610000 - 0x00007ff97870a000 	C:\WINDOWS\System32\ucrtbase.dll
0x00007ff970f40000 - 0x00007ff970f57000 	C:\Users\Sangita\Downloads\spring-tool-suite-4-4.18.0.RELEASE-e4.27.0-win32.win32.x86_64.self-extracting\sts-4.18.0.RELEASE\plugins\org.eclipse.justj.openjdk.hotspot.jre.full.win32.x86_64_17.0.6.v20230204-1729\jre\bin\jli.dll
0x00007ff979bb0000 - 0x00007ff979d44000 	C:\WINDOWS\System32\USER32.dll
0x00007ff9785b0000 - 0x00007ff9785d1000 	C:\WINDOWS\System32\win32u.dll
0x00007ff97a380000 - 0x00007ff97a3a6000 	C:\WINDOWS\System32\GDI32.dll
0x00007ff978ef0000 - 0x00007ff979088000 	C:\WINDOWS\System32\gdi32full.dll
0x00007ff9780b0000 - 0x00007ff97814e000 	C:\WINDOWS\System32\msvcp_win.dll
0x00007ff970870000 - 0x00007ff970889000 	C:\Users\Sangita\Downloads\spring-tool-suite-4-4.18.0.RELEASE-e4.27.0-win32.win32.x86_64.self-extracting\sts-4.18.0.RELEASE\plugins\org.eclipse.justj.openjdk.hotspot.jre.full.win32.x86_64_17.0.6.v20230204-1729\jre\bin\VCRUNTIME140.dll
0x00007ff95d0d0000 - 0x00007ff95d354000 	C:\WINDOWS\WinSxS\amd64_microsoft.windows.common-controls_6595b64144ccf1df_6.0.18362.1556_none_9e7e372fe45e41d5\COMCTL32.dll
0x00007ff97a3b0000 - 0x00007ff97a44e000 	C:\WINDOWS\System32\msvcrt.dll
0x00007ff979870000 - 0x00007ff979ba6000 	C:\WINDOWS\System32\combase.dll
0x00007ff97a090000 - 0x00007ff97a1af000 	C:\WINDOWS\System32\RPCRT4.dll
0x00007ff978150000 - 0x00007ff9781d1000 	C:\WINDOWS\System32\bcryptPrimitives.dll
0x00007ff9791f0000 - 0x00007ff97921e000 	C:\WINDOWS\System32\IMM32.DLL
0x00007ff972460000 - 0x00007ff97246c000 	C:\Users\Sangita\Downloads\spring-tool-suite-4-4.18.0.RELEASE-e4.27.0-win32.win32.x86_64.self-extracting\sts-4.18.0.RELEASE\plugins\org.eclipse.justj.openjdk.hotspot.jre.full.win32.x86_64_17.0.6.v20230204-1729\jre\bin\vcruntime140_1.dll
0x00007ff9218d0000 - 0x00007ff921961000 	C:\Users\Sangita\Downloads\spring-tool-suite-4-4.18.0.RELEASE-e4.27.0-win32.win32.x86_64.self-extracting\sts-4.18.0.RELEASE\plugins\org.eclipse.justj.openjdk.hotspot.jre.full.win32.x86_64_17.0.6.v20230204-1729\jre\bin\msvcp140.dll
0x00007ff90caf0000 - 0x00007ff90d737000 	C:\Users\Sangita\Downloads\spring-tool-suite-4-4.18.0.RELEASE-e4.27.0-win32.win32.x86_64.self-extracting\sts-4.18.0.RELEASE\plugins\org.eclipse.justj.openjdk.hotspot.jre.full.win32.x86_64_17.0.6.v20230204-1729\jre\bin\server\jvm.dll
0x00007ff97b040000 - 0x00007ff97b0e3000 	C:\WINDOWS\System32\ADVAPI32.dll
0x00007ff97a1b0000 - 0x00007ff97a247000 	C:\WINDOWS\System32\sechost.dll
0x00007ff9756d0000 - 0x00007ff9756f4000 	C:\WINDOWS\SYSTEM32\WINMM.dll
0x00007ff957690000 - 0x00007ff957699000 	C:\WINDOWS\SYSTEM32\WSOCK32.dll
0x00007ff976750000 - 0x00007ff97675a000 	C:\WINDOWS\SYSTEM32\VERSION.dll
0x00007ff979f70000 - 0x00007ff979fdf000 	C:\WINDOWS\System32\WS2_32.dll
0x00007ff9756a0000 - 0x00007ff9756cd000 	C:\WINDOWS\SYSTEM32\WINMMBASE.dll
0x00007ff978560000 - 0x00007ff9785aa000 	C:\WINDOWS\System32\cfgmgr32.dll
0x00007ff978000000 - 0x00007ff978011000 	C:\WINDOWS\System32\kernel.appcore.dll
0x00007ff972500000 - 0x00007ff97250a000 	C:\Users\Sangita\Downloads\spring-tool-suite-4-4.18.0.RELEASE-e4.27.0-win32.win32.x86_64.self-extracting\sts-4.18.0.RELEASE\plugins\org.eclipse.justj.openjdk.hotspot.jre.full.win32.x86_64_17.0.6.v20230204-1729\jre\bin\jimage.dll
0x00007ff976500000 - 0x00007ff9766f4000 	C:\WINDOWS\SYSTEM32\DBGHELP.DLL
0x00007ff9553b0000 - 0x00007ff9553da000 	C:\WINDOWS\SYSTEM32\dbgcore.DLL
0x00007ff9724c0000 - 0x00007ff9724e5000 	C:\Users\Sangita\Downloads\spring-tool-suite-4-4.18.0.RELEASE-e4.27.0-win32.win32.x86_64.self-extracting\sts-4.18.0.RELEASE\plugins\org.eclipse.justj.openjdk.hotspot.jre.full.win32.x86_64_17.0.6.v20230204-1729\jre\bin\java.dll
0x00007ff970970000 - 0x00007ff970988000 	C:\Users\Sangita\Downloads\spring-tool-suite-4-4.18.0.RELEASE-e4.27.0-win32.win32.x86_64.self-extracting\sts-4.18.0.RELEASE\plugins\org.eclipse.justj.openjdk.hotspot.jre.full.win32.x86_64_17.0.6.v20230204-1729\jre\bin\zip.dll
0x00007ff97a880000 - 0x00007ff97af67000 	C:\WINDOWS\System32\SHELL32.dll
0x00007ff97a760000 - 0x00007ff97a808000 	C:\WINDOWS\System32\shcore.dll
0x00007ff978710000 - 0x00007ff978e8b000 	C:\WINDOWS\System32\windows.storage.dll
0x00007ff978090000 - 0x00007ff9780ae000 	C:\WINDOWS\System32\profapi.dll
0x00007ff978040000 - 0x00007ff97808a000 	C:\WINDOWS\System32\powrprof.dll
0x00007ff977ff0000 - 0x00007ff978000000 	C:\WINDOWS\System32\UMPDC.dll
0x00007ff979d50000 - 0x00007ff979da2000 	C:\WINDOWS\System32\shlwapi.dll
0x00007ff978540000 - 0x00007ff978557000 	C:\WINDOWS\System32\cryptsp.dll
0x00007ff970930000 - 0x00007ff970949000 	C:\Users\Sangita\Downloads\spring-tool-suite-4-4.18.0.RELEASE-e4.27.0-win32.win32.x86_64.self-extracting\sts-4.18.0.RELEASE\plugins\org.eclipse.justj.openjdk.hotspot.jre.full.win32.x86_64_17.0.6.v20230204-1729\jre\bin\net.dll
0x00007ff972300000 - 0x00007ff9723fa000 	C:\WINDOWS\SYSTEM32\WINHTTP.dll
0x00007ff9777d0000 - 0x00007ff977837000 	C:\WINDOWS\system32\mswsock.dll
0x00007ff970910000 - 0x00007ff970925000 	C:\Users\Sangita\Downloads\spring-tool-suite-4-4.18.0.RELEASE-e4.27.0-win32.win32.x86_64.self-extracting\sts-4.18.0.RELEASE\plugins\org.eclipse.justj.openjdk.hotspot.jre.full.win32.x86_64_17.0.6.v20230204-1729\jre\bin\nio.dll
0x00007ff93a470000 - 0x00007ff93a479000 	C:\Users\Sangita\Downloads\spring-tool-suite-4-4.18.0.RELEASE-e4.27.0-win32.win32.x86_64.self-extracting\sts-4.18.0.RELEASE\plugins\org.eclipse.justj.openjdk.hotspot.jre.full.win32.x86_64_17.0.6.v20230204-1729\jre\bin\management.dll
0x00007ff9375e0000 - 0x00007ff9375eb000 	C:\Users\Sangita\Downloads\spring-tool-suite-4-4.18.0.RELEASE-e4.27.0-win32.win32.x86_64.self-extracting\sts-4.18.0.RELEASE\plugins\org.eclipse.justj.openjdk.hotspot.jre.full.win32.x86_64_17.0.6.v20230204-1729\jre\bin\management_ext.dll
0x00007ff97a750000 - 0x00007ff97a758000 	C:\WINDOWS\System32\PSAPI.DLL
0x00007ff94f390000 - 0x00007ff94f3a6000 	C:\WINDOWS\system32\napinsp.dll
0x00007ff94f370000 - 0x00007ff94f38a000 	C:\WINDOWS\system32\pnrpnsp.dll
0x00007ff9598c0000 - 0x00007ff9598d5000 	C:\WINDOWS\system32\wshbth.dll
0x00007ff973f50000 - 0x00007ff973f6c000 	C:\WINDOWS\system32\NLAapi.dll
0x00007ff9774e0000 - 0x00007ff97751a000 	C:\WINDOWS\SYSTEM32\IPHLPAPI.DLL
0x00007ff977520000 - 0x00007ff9775eb000 	C:\WINDOWS\SYSTEM32\DNSAPI.dll
0x00007ff97b0f0000 - 0x00007ff97b0f8000 	C:\WINDOWS\System32\NSI.dll
0x00007ff94f360000 - 0x00007ff94f36e000 	C:\WINDOWS\System32\winrnr.dll
0x00007ff95a170000 - 0x00007ff95a17a000 	C:\Windows\System32\rasadhlp.dll
0x00007ff96f090000 - 0x00007ff96f107000 	C:\WINDOWS\System32\fwpuclnt.dll
0x00007ff9785e0000 - 0x00007ff978606000 	C:\WINDOWS\System32\bcrypt.dll
0x00007ff977350000 - 0x00007ff977383000 	C:\WINDOWS\system32\rsaenh.dll
0x00007ff977ee0000 - 0x00007ff977f05000 	C:\WINDOWS\SYSTEM32\USERENV.dll
0x00007ff9779a0000 - 0x00007ff9779ac000 	C:\WINDOWS\SYSTEM32\CRYPTBASE.dll
0x00007ff96f9e0000 - 0x00007ff96f9f6000 	C:\WINDOWS\SYSTEM32\dhcpcsvc6.DLL
0x00007ff96fd50000 - 0x00007ff96fd6c000 	C:\WINDOWS\SYSTEM32\dhcpcsvc.DLL
0x00007ff9708c0000 - 0x00007ff9708ce000 	C:\Users\Sangita\Downloads\spring-tool-suite-4-4.18.0.RELEASE-e4.27.0-win32.win32.x86_64.self-extracting\sts-4.18.0.RELEASE\plugins\org.eclipse.justj.openjdk.hotspot.jre.full.win32.x86_64_17.0.6.v20230204-1729\jre\bin\sunmscapi.dll
0x00007ff979090000 - 0x00007ff9791e1000 	C:\WINDOWS\System32\CRYPT32.dll
0x00007ff978020000 - 0x00007ff978032000 	C:\WINDOWS\System32\MSASN1.dll
0x00007ff977ab0000 - 0x00007ff977ad6000 	C:\WINDOWS\SYSTEM32\ncrypt.dll
0x00007ff977a70000 - 0x00007ff977aab000 	C:\WINDOWS\SYSTEM32\NTASN1.dll

dbghelp: loaded successfully - version: 4.0.5 - missing functions: none
symbol engine: initialized successfully - sym options: 0x614 - pdb path: .;C:\Users\Sangita\Downloads\spring-tool-suite-4-4.18.0.RELEASE-e4.27.0-win32.win32.x86_64.self-extracting\sts-4.18.0.RELEASE\plugins\org.eclipse.justj.openjdk.hotspot.jre.full.win32.x86_64_17.0.6.v20230204-1729\jre\bin;C:\WINDOWS\SYSTEM32;C:\WINDOWS\WinSxS\amd64_microsoft.windows.common-controls_6595b64144ccf1df_6.0.18362.1556_none_9e7e372fe45e41d5;C:\Users\Sangita\Downloads\spring-tool-suite-4-4.18.0.RELEASE-e4.27.0-win32.win32.x86_64.self-extracting\sts-4.18.0.RELEASE\plugins\org.eclipse.justj.openjdk.hotspot.jre.full.win32.x86_64_17.0.6.v20230204-1729\jre\bin\server

VM Arguments:
jvm_args: -Dcom.sun.management.jmxremote -Dcom.sun.management.jmxremote.port=57236 -Dcom.sun.management.jmxremote.authenticate=false -Dcom.sun.management.jmxremote.ssl=false -Djava.rmi.server.hostname=localhost -Dspring.jmx.enabled=true -Dmanagement.endpoints.jmx.exposure.include=* -Dspring.application.admin.enabled=true -XX:TieredStopAtLevel=1 -Dspring.boot.project.name=student_service -Dfile.encoding=UTF-8 -XX:+ShowCodeDetailsInExceptionMessages 
java_command: com.std.StudentServiceApplication --spring.output.ansi.enabled=always
java_class_path (initial): C:\Users\Sangita\Institute Management System\student_service\target\classes;C:\Users\Sangita\.m2\repository\org\springframework\boot\spring-boot-starter-data-jpa\3.2.3\spring-boot-starter-data-jpa-3.2.3.jar;C:\Users\Sangita\.m2\repository\org\springframework\boot\spring-boot-starter-aop\3.2.3\spring-boot-starter-aop-3.2.3.jar;C:\Users\Sangita\.m2\repository\org\springframework\spring-aop\6.1.4\spring-aop-6.1.4.jar;C:\Users\Sangita\.m2\repository\org\aspectj\aspectjweaver\1.9.21\aspectjweaver-1.9.21.jar;C:\Users\Sangita\.m2\repository\org\springframework\boot\spring-boot-starter-jdbc\3.2.3\spring-boot-starter-jdbc-3.2.3.jar;C:\Users\Sangita\.m2\repository\com\zaxxer\HikariCP\5.0.1\HikariCP-5.0.1.jar;C:\Users\Sangita\.m2\repository\org\springframework\spring-jdbc\6.1.4\spring-jdbc-6.1.4.jar;C:\Users\Sangita\.m2\repository\org\hibernate\orm\hibernate-core\6.4.4.Final\hibernate-core-6.4.4.Final.jar;C:\Users\Sangita\.m2\repository\jakarta\persistence\jakarta.persistence-api\3.1.0\jakarta.persistence-api-3.1.0.jar;C:\Users\Sangita\.m2\repository\jakarta\transaction\jakarta.transaction-api\2.0.1\jakarta.transaction-api-2.0.1.jar;C:\Users\Sangita\.m2\repository\org\jboss\logging\jboss-logging\3.5.3.Final\jboss-logging-3.5.3.Final.jar;C:\Users\Sangita\.m2\repository\org\hibernate\common\hibernate-commons-annotations\6.0.6.Final\hibernate-commons-annotations-6.0.6.Final.jar;C:\Users\Sangita\.m2\repository\io\smallrye\jandex\3.1.2\jandex-3.1.2.jar;C:\Users\Sangita\.m2\repository\com\fasterxml\classmate\1.6.0\classmate-1.6.0.jar;C:\Users\Sangita\.m2\repository\net\bytebuddy\byte-buddy\1.14.12\byte-buddy-1.14.12.jar;C:\Users\Sangita\.m2\repository\org\glassfish\jaxb\jaxb-runtime\4.0.4\jaxb-runtime-4.0.4.jar;C:\Users\Sangita\.m2\repository\org\glassfish\jaxb\jaxb-core\4.0.4\jaxb-core-4.0.4.jar;C:\Users\Sangita\.m2\repository\org\eclipse\angus\angus-activation\2.0.1\angus-activation-2.0.1.jar;C:\Users\Sangita\.m2\repository\org\glassfish\jaxb\txw2\4.0.
Launcher Type: SUN_STANDARD

[Global flags]
     intx CICompilerCount                          = 3                                         {product} {ergonomic}
     uint ConcGCThreads                            = 1                                         {product} {ergonomic}
     uint G1ConcRefinementThreads                  = 4                                         {product} {ergonomic}
   size_t G1HeapRegionSize                         = 1048576                                   {product} {ergonomic}
    uintx GCDrainStackTargetSize                   = 64                                        {product} {ergonomic}
   size_t InitialHeapSize                          = 130023424                                 {product} {ergonomic}
     bool ManagementServer                         = true                                      {product} {command line}
   size_t MarkStackSize                            = 4194304                                   {product} {ergonomic}
   size_t MaxHeapSize                              = 2067791872                                {product} {ergonomic}
   size_t MaxNewSize                               = 1240465408                                {product} {ergonomic}
   size_t MinHeapDeltaBytes                        = 1048576                                   {product} {ergonomic}
   size_t MinHeapSize                              = 8388608                                   {product} {ergonomic}
    uintx NonProfiledCodeHeapSize                  = 0                                      {pd product} {ergonomic}
     bool ProfileInterpreter                       = false                                  {pd product} {command line}
    uintx ProfiledCodeHeapSize                     = 0                                      {pd product} {ergonomic}
     bool ShowCodeDetailsInExceptionMessages       = true                                   {manageable} {command line}
   size_t SoftMaxHeapSize                          = 2067791872                             {manageable} {ergonomic}
     intx TieredStopAtLevel                        = 1                                         {product} {command line}
     bool UseCompressedClassPointers               = true                           {product lp64_product} {ergonomic}
     bool UseCompressedOops                        = true                           {product lp64_product} {ergonomic}
     bool UseG1GC                                  = true                                      {product} {ergonomic}
     bool UseLargePagesIndividualAllocation        = false                                  {pd product} {ergonomic}

Logging:
Log output configuration:
 #0: stdout all=warning uptime,level,tags
 #1: stderr all=off uptime,level,tags

Environment Variables:
JAVA_HOME=C:\Program Files\Java\jdk-11.0.17
CLASSPATH=C:\mysql-connector-java-8.0.27.jar;
PATH=C:/Users/Sangita/Downloads/spring-tool-suite-4-4.18.0.RELEASE-e4.27.0-win32.win32.x86_64.self-extracting/sts-4.18.0.RELEASE//plugins/org.eclipse.justj.openjdk.hotspot.jre.full.win32.x86_64_17.0.6.v20230204-1729/jre/bin/server;C:/Users/Sangita/Downloads/spring-tool-suite-4-4.18.0.RELEASE-e4.27.0-win32.win32.x86_64.self-extracting/sts-4.18.0.RELEASE//plugins/org.eclipse.justj.openjdk.hotspot.jre.full.win32.x86_64_17.0.6.v20230204-1729/jre/bin;C:\Program Files\Common Files\Oracle\Java\javapath;C:\WINDOWS\system32;C:\WINDOWS;C:\WINDOWS\System32\Wbem;C:\WINDOWS\System32\WindowsPowerShell\v1.0\;C:\WINDOWS\System32\OpenSSH\;C:\MinGW\bin;C:\Program Files\Git\cmd;C:\Program Files\Java\jdk-11.0.17\bin;C:\ProgramData\chocolatey\bin;C:\ProgramData\Microsoft\Windows\Start Menu\Programs\Node.js;;C:\Program Files\nodejs;;C:\Program Files\nodejs;C:\Users\Sangita\AppData\Local\Programs\Microsoft VS Code\bin;C:\MinGW\mingw32\bin;C:\mysql-connector-java-8.0.27\mysql-connector-java-8.0.27;C:\Users\Sangita\AppData\Local\GitHubDesktop\bin;C:\Program Files\Java\jdk1.7.0_80\bin;C:\Users\Sangita\AppData\Roaming\npm;C:\Users\Sangita\AppData\Local\gitkraken\bin;C:\ProgramData\Microsoft\Windows\Start Menu\Programs\Node.js;%NVM_HOME%;C:\Program Files\nodejs;C:\Users\Sangita\Downloads\spring-tool-suite-4-4.18.0.RELEASE-e4.27.0-win32.win32.x86_64.self-extracting\sts-4.18.0.RELEASE;
USERNAME=Sangita
OS=Windows_NT
PROCESSOR_IDENTIFIER=Intel64 Family 6 Model 126 Stepping 5, GenuineIntel
TMP=C:\Users\Sangita\AppData\Local\Temp
TEMP=C:\Users\Sangita\AppData\Local\Temp



---------------  S Y S T E M  ---------------

OS:
 Windows 10 , 64 bit Build 18362 (10.0.18362.1500)
OS uptime: 0 days 2:14 hours

CPU: total 4 (initial active 4) (2 cores per cpu, 2 threads per core) family 6 model 126 stepping 5 microcode 0xa0, cx8, cmov, fxsr, ht, mmx, 3dnowpref, sse, sse2, sse3, ssse3, sse4.1, sse4.2, popcnt, lzcnt, tsc, tscinvbit, avx, avx2, aes, erms, clmul, bmi1, bmi2, adx, avx512f, avx512dq, avx512cd, avx512bw, avx512vl, sha, fma, vzeroupper, avx512_vpopcntdq, avx512_vpclmulqdq, avx512_vaes, avx512_vnni, clflush, clflushopt, avx512_vbmi2, avx512_vbmi

Memory: 4k page, system-wide physical 7880M (147M free)
TotalPageFile size 15380M (AvailPageFile size 198M)
current process WorkingSet (physical memory assigned to process): 141M, peak: 141M
current process commit charge ("private bytes"): 167M, peak: 218M

vm_info: OpenJDK 64-Bit Server VM (17.0.6+10) for windows-amd64 JRE (17.0.6+10), built on Jan 18 2023 10:08:59 by "temurin" with MS VC++ 16.7 (VS2019)

END.
