#
# There is insufficient memory for the Java Runtime Environment to continue.
# Native memory allocation (malloc) failed to allocate 2097152 bytes for AllocateHeap
# Possible reasons:
#   The system is out of physical RAM or swap space
#   The process is running with CompressedOops enabled, and the Java Heap may be blocking the growth of the native heap
# Possible solutions:
#   Reduce memory load on the system
#   Increase physical memory or swap space
#   Check if swap backing store is full
#   Decrease Java heap size (-Xmx/-Xms)
#   Decrease number of Java threads
#   Decrease Java thread stack sizes (-Xss)
#   Set larger code cache with -XX:ReservedCodeCacheSize=
#   JVM is running with Unscaled Compressed Oops mode in which the Java heap is
#     placed in the first 4GB address space. The Java Heap base address is the
#     maximum limit for the native heap growth. Please use -XX:HeapBaseMinAddress
#     to set the Java Heap base and to place the Java Heap above 4GB virtual address.
# This output file may be truncated or incomplete.
#
#  Out of Memory Error (allocation.cpp:44), pid=3976, tid=9472
#
# JRE version: OpenJDK Runtime Environment Temurin-17.0.6+10 (17.0.6+10) (build 17.0.6+10)
# Java VM: OpenJDK 64-Bit Server VM Temurin-17.0.6+10 (17.0.6+10, mixed mode, emulated-client, tiered, compressed oops, compressed class ptrs, g1 gc, windows-amd64)
# No core dump will be written. Minidumps are not enabled by default on client versions of Windows
#

---------------  S U M M A R Y ------------

Command Line: -Dcom.sun.management.jmxremote -Dcom.sun.management.jmxremote.port=51462 -Dcom.sun.management.jmxremote.authenticate=false -Dcom.sun.management.jmxremote.ssl=false -Djava.rmi.server.hostname=localhost -Dspring.jmx.enabled=true -Dmanagement.endpoints.jmx.exposure.include=* -Dspring.application.admin.enabled=true -XX:TieredStopAtLevel=1 -Dspring.boot.project.name=student_service -Dfile.encoding=UTF-8 -XX:+ShowCodeDetailsInExceptionMessages com.std.StudentServiceApplication --spring.output.ansi.enabled=always

Host: Intel(R) Core(TM) i3-1005G1 CPU @ 1.20GHz, 4 cores, 7G,  Windows 11 , 64 bit Build 22621 (10.0.22621.3958)
Time: Tue Sep 17 20:19:16 2024 India Standard Time elapsed time: 2633.404956 seconds (0d 0h 43m 53s)

---------------  T H R E A D  ---------------

Current thread (0x000001a7da1fde60):  VMThread "VM Thread" [stack: 0x0000000575d00000,0x0000000575e00000] [id=9472]

Stack: [0x0000000575d00000,0x0000000575e00000]
Native frames: (J=compiled Java code, j=interpreted, Vv=VM code, C=native code)
V  [jvm.dll+0x67741a]
V  [jvm.dll+0x834434]
V  [jvm.dll+0x835bde]
V  [jvm.dll+0x836243]
V  [jvm.dll+0x2457b5]
V  [jvm.dll+0xa626f]
V  [jvm.dll+0x2f5b61]
V  [jvm.dll+0x2f17e0]
V  [jvm.dll+0x2d9ee7]
V  [jvm.dll+0x31ce67]
V  [jvm.dll+0x83a6eb]
V  [jvm.dll+0x83b424]
V  [jvm.dll+0x83b93c]
V  [jvm.dll+0x83bd14]
V  [jvm.dll+0x83bde0]
V  [jvm.dll+0x7e483a]
V  [jvm.dll+0x6762c5]
C  [ucrtbase.dll+0x29333]
C  [KERNEL32.DLL+0x1257d]
C  [ntdll.dll+0x5af28]

VM_Operation (0x00000005773ff430): G1CollectFull, mode: safepoint, requested by thread 0x000001a7e1b58a30


---------------  P R O C E S S  ---------------

Threads class SMR info:
_java_thread_list=0x000001a7e20e38d0, length=23, elements={
0x000001a7da1cac00, 0x000001a7da1cb440, 0x000001a7dac2f8d0, 0x000001a7dac30db0,
0x000001a7dac31a20, 0x000001a7dac37ba0, 0x000001a7dac3d830, 0x000001a7dac68c40,
0x000001a7dad2e060, 0x000001a7dade5650, 0x000001a7db577ef0, 0x000001a7db601750,
0x000001a7db58d7b0, 0x000001a7db66e290, 0x000001a7db712400, 0x000001a7dc888ac0,
0x000001a7dc886440, 0x000001a7e1b593d0, 0x000001a7e1b5ba50, 0x000001a7e1b55a10,
0x000001a7dc885f70, 0x000001a7dc887c50, 0x000001a7e1b58a30
}

Java Threads: ( => current thread )
  0x000001a7da1cac00 JavaThread "Reference Handler" daemon [_thread_blocked, id=10072, stack(0x0000000575e00000,0x0000000575f00000)]
  0x000001a7da1cb440 JavaThread "Finalizer" daemon [_thread_blocked, id=4536, stack(0x0000000575f00000,0x0000000576000000)]
  0x000001a7dac2f8d0 JavaThread "Signal Dispatcher" daemon [_thread_blocked, id=8404, stack(0x0000000576000000,0x0000000576100000)]
  0x000001a7dac30db0 JavaThread "Attach Listener" daemon [_thread_blocked, id=16844, stack(0x0000000576100000,0x0000000576200000)]
  0x000001a7dac31a20 JavaThread "Service Thread" daemon [_thread_blocked, id=16428, stack(0x0000000576200000,0x0000000576300000)]
  0x000001a7dac37ba0 JavaThread "Monitor Deflation Thread" daemon [_thread_blocked, id=7712, stack(0x0000000576300000,0x0000000576400000)]
  0x000001a7dac3d830 JavaThread "C1 CompilerThread0" daemon [_thread_blocked, id=4188, stack(0x0000000576400000,0x0000000576500000)]
  0x000001a7dac68c40 JavaThread "Sweeper thread" daemon [_thread_blocked, id=19072, stack(0x0000000576500000,0x0000000576600000)]
  0x000001a7dad2e060 JavaThread "Common-Cleaner" daemon [_thread_blocked, id=15284, stack(0x0000000576600000,0x0000000576700000)]
  0x000001a7dade5650 JavaThread "Notification Thread" daemon [_thread_blocked, id=3596, stack(0x0000000576900000,0x0000000576a00000)]
  0x000001a7db577ef0 JavaThread "RMI TCP Accept-0" daemon [_thread_in_native, id=1696, stack(0x0000000576e00000,0x0000000576f00000)]
  0x000001a7db601750 JavaThread "RMI TCP Accept-51462" daemon [_thread_in_native, id=17076, stack(0x0000000577000000,0x0000000577100000)]
  0x000001a7db58d7b0 JavaThread "RMI TCP Accept-0" daemon [_thread_in_native, id=10788, stack(0x0000000577100000,0x0000000577200000)]
  0x000001a7db66e290 JavaThread "RMI Scheduler(0)" daemon [_thread_blocked, id=14848, stack(0x0000000577400000,0x0000000577500000)]
  0x000001a7db712400 JavaThread "JMX server connection timeout 21" daemon [_thread_blocked, id=17968, stack(0x0000000577600000,0x0000000577700000)]
  0x000001a7dc888ac0 JavaThread "mysql-cj-abandoned-connection-cleanup" daemon [_thread_blocked, id=2108, stack(0x0000000577a00000,0x0000000577b00000)]
  0x000001a7dc886440 JavaThread "Live Reload Server" daemon [_thread_in_native, id=18060, stack(0x0000000578300000,0x0000000578400000)]
  0x000001a7e1b593d0 JavaThread "DestroyJavaVM" [_thread_blocked, id=17296, stack(0x0000000575600000,0x0000000575700000)]
  0x000001a7e1b5ba50 JavaThread "boundedElastic-evictor-1" daemon [_thread_blocked, id=19808, stack(0x0000000577700000,0x0000000577800000)]
  0x000001a7e1b55a10 JavaThread "pool-10-thread-1" daemon [_thread_blocked, id=17368, stack(0x0000000577800000,0x0000000577900000)]
  0x000001a7dc885f70 JavaThread "RMI TCP Connection(idle)" daemon [_thread_blocked, id=18056, stack(0x0000000579200000,0x0000000579300000)]
  0x000001a7dc887c50 JavaThread "Catalina-utility-1" [_thread_blocked, id=7540, stack(0x0000000575500000,0x0000000575600000)]
  0x000001a7e1b58a30 JavaThread "Thread-15" [_thread_blocked, id=15484, stack(0x0000000577300000,0x0000000577400000)]

Other Threads:
=>0x000001a7da1fde60 VMThread "VM Thread" [stack: 0x0000000575d00000,0x0000000575e00000] [id=9472]
  0x000001a7db56cb10 WatcherThread [stack: 0x0000000577200000,0x0000000577300000] [id=16608]
  0x000001a7cafe0290 GCTaskThread "GC Thread#0" [stack: 0x0000000575800000,0x0000000575900000] [id=5296]
  0x000001a7db4ed180 GCTaskThread "GC Thread#1" [stack: 0x0000000576a00000,0x0000000576b00000] [id=16764]
  0x000001a7db5708d0 GCTaskThread "GC Thread#2" [stack: 0x0000000576b00000,0x0000000576c00000] [id=9304]
  0x000001a7db5680d0 GCTaskThread "GC Thread#3" [stack: 0x0000000576c00000,0x0000000576d00000] [id=16376]
  0x000001a7caff2760 ConcurrentGCThread "G1 Main Marker" [stack: 0x0000000575900000,0x0000000575a00000] [id=15180]
  0x000001a7caff3810 ConcurrentGCThread "G1 Conc#0" [stack: 0x0000000575a00000,0x0000000575b00000] [id=5384]
  0x000001a7cb02d860 ConcurrentGCThread "G1 Refine#0" [stack: 0x0000000575b00000,0x0000000575c00000] [id=4652]
  0x000001a7db579450 ConcurrentGCThread "G1 Refine#1" [stack: 0x0000000576d00000,0x0000000576e00000] [id=12852]
  0x000001a7daea5c00 ConcurrentGCThread "G1 Refine#2" [stack: 0x0000000576f00000,0x0000000577000000] [id=7568]
  0x000001a7da02eb00 ConcurrentGCThread "G1 Service" [stack: 0x0000000575c00000,0x0000000575d00000] [id=14712]

Threads with active compile tasks:

VM state: at safepoint (normal execution)

VM Mutex/Monitor currently owned by a thread:  ([mutex/lock_event])
[0x000001a7caf83230] Threads_lock - owner thread: 0x000001a7da1fde60
[0x000001a7caf83350] Heap_lock - owner thread: 0x000001a7e1b58a30

Heap address: 0x0000000084c00000, size: 1972 MB, Compressed Oops mode: 32-bit

CDS archive(s) not mapped
Compressed class space mapped at: 0x0000000100000000-0x0000000140000000, reserved size: 1073741824
Narrow klass base: 0x0000000000000000, Narrow klass shift: 3, Narrow klass range: 0x140000000

GC Precious Log:
 CPUs: 4 total, 4 available
 Memory: 7880M
 Large Page Support: Disabled
 NUMA Support: Disabled
 Compressed Oops: Enabled (32-bit)
 Heap Region Size: 1M
 Heap Min Capacity: 8M
 Heap Initial Capacity: 124M
 Heap Max Capacity: 1972M
 Pre-touch: Disabled
 Parallel Workers: 4
 Concurrent Workers: 1
 Concurrent Refinement Workers: 4
 Periodic GC: Disabled

Heap:
 garbage-first heap   total 241664K, used 140296K [0x0000000084c00000, 0x0000000100000000)
  region size 1024K, 94 young (96256K), 1 survivors (1024K)
 Metaspace       used 94233K, committed 94912K, reserved 1130496K
  class space    used 13274K, committed 13568K, reserved 1048576K

Heap Regions: E=young(eden), S=young(survivor), O=old, HS=humongous(starts), HC=humongous(continues), CS=collection set, F=free, OA=open archive, CA=closed archive, TAMS=top-at-mark-start (previous, next)
|   0|0x0000000084c00000, 0x0000000084d00000, 0x0000000084d00000|100%|HS|  |TAMS 0x0000000084d00000, 0x0000000084c00000| Complete 
|   1|0x0000000084d00000, 0x0000000084e00000, 0x0000000084e00000|100%|HS|  |TAMS 0x0000000084e00000, 0x0000000084d00000| Complete 
|   2|0x0000000084e00000, 0x0000000084effff8, 0x0000000084f00000| 99%| O|  |TAMS 0x0000000084effff8, 0x0000000084e00000| Untracked 
|   3|0x0000000084f00000, 0x0000000085000000, 0x0000000085000000|100%| O|  |TAMS 0x0000000085000000, 0x0000000084f00000| Untracked 
|   4|0x0000000085000000, 0x00000000850fffe8, 0x0000000085100000| 99%| O|  |TAMS 0x00000000850fffe8, 0x0000000085000000| Untracked 
|   5|0x0000000085100000, 0x0000000085200000, 0x0000000085200000|100%| O|  |TAMS 0x0000000085200000, 0x0000000085100000| Untracked 
|   6|0x0000000085200000, 0x00000000852ffff8, 0x0000000085300000| 99%| O|  |TAMS 0x00000000852ffff8, 0x0000000085200000| Untracked 
|   7|0x0000000085300000, 0x00000000853fffe8, 0x0000000085400000| 99%| O|  |TAMS 0x00000000853fffe8, 0x0000000085300000| Untracked 
|   8|0x0000000085400000, 0x00000000854fffa0, 0x0000000085500000| 99%| O|  |TAMS 0x00000000854fffa0, 0x0000000085400000| Untracked 
|   9|0x0000000085500000, 0x00000000855f0558, 0x0000000085600000| 93%| O|  |TAMS 0x00000000855f0558, 0x0000000085500000| Untracked 
|  10|0x0000000085600000, 0x00000000856fffd8, 0x0000000085700000| 99%| O|  |TAMS 0x00000000856fffd8, 0x0000000085600000| Untracked 
|  11|0x0000000085700000, 0x0000000085800000, 0x0000000085800000|100%| O|  |TAMS 0x0000000085800000, 0x0000000085700000| Untracked 
|  12|0x0000000085800000, 0x0000000085900000, 0x0000000085900000|100%| O|  |TAMS 0x0000000085900000, 0x0000000085800000| Untracked 
|  13|0x0000000085900000, 0x0000000085a00000, 0x0000000085a00000|100%| O|  |TAMS 0x0000000085a00000, 0x0000000085900000| Untracked 
|  14|0x0000000085a00000, 0x0000000085b00000, 0x0000000085b00000|100%| O|  |TAMS 0x0000000085b00000, 0x0000000085a00000| Untracked 
|  15|0x0000000085b00000, 0x0000000085bfff88, 0x0000000085c00000| 99%| O|  |TAMS 0x0000000085bfff88, 0x0000000085b00000| Untracked 
|  16|0x0000000085c00000, 0x0000000085cfffe0, 0x0000000085d00000| 99%| O|  |TAMS 0x0000000085cfffe0, 0x0000000085c00000| Untracked 
|  17|0x0000000085d00000, 0x0000000085dffff0, 0x0000000085e00000| 99%| O|  |TAMS 0x0000000085dffff0, 0x0000000085d00000| Untracked 
|  18|0x0000000085e00000, 0x0000000085efffa8, 0x0000000085f00000| 99%| O|  |TAMS 0x0000000085efffa8, 0x0000000085e00000| Untracked 
|  19|0x0000000085f00000, 0x0000000085ffffa8, 0x0000000086000000| 99%| O|  |TAMS 0x0000000085ffffa8, 0x0000000085f00000| Untracked 
|  20|0x0000000086000000, 0x00000000860fffe8, 0x0000000086100000| 99%| O|  |TAMS 0x00000000860fffe8, 0x0000000086000000| Untracked 
|  21|0x0000000086100000, 0x00000000861fffd8, 0x0000000086200000| 99%| O|  |TAMS 0x00000000861fffd8, 0x0000000086100000| Untracked 
|  22|0x0000000086200000, 0x0000000086300000, 0x0000000086300000|100%| O|  |TAMS 0x0000000086300000, 0x0000000086200000| Untracked 
|  23|0x0000000086300000, 0x00000000863fffd0, 0x0000000086400000| 99%| O|  |TAMS 0x00000000863fffd0, 0x0000000086300000| Untracked 
|  24|0x0000000086400000, 0x00000000864fffb8, 0x0000000086500000| 99%| O|  |TAMS 0x00000000864fffb8, 0x0000000086400000| Untracked 
|  25|0x0000000086500000, 0x00000000865ffff0, 0x0000000086600000| 99%| O|  |TAMS 0x00000000865ffff0, 0x0000000086500000| Untracked 
|  26|0x0000000086600000, 0x00000000866ffff0, 0x0000000086700000| 99%| O|  |TAMS 0x00000000866ffff0, 0x0000000086600000| Untracked 
|  27|0x0000000086700000, 0x00000000867fffd8, 0x0000000086800000| 99%| O|  |TAMS 0x00000000867fffd8, 0x0000000086700000| Untracked 
|  28|0x0000000086800000, 0x0000000086900000, 0x0000000086900000|100%| O|  |TAMS 0x0000000086900000, 0x0000000086800000| Untracked 
|  29|0x0000000086900000, 0x00000000869ffff8, 0x0000000086a00000| 99%| O|  |TAMS 0x00000000869ffff8, 0x0000000086900000| Untracked 
|  30|0x0000000086a00000, 0x0000000086affff8, 0x0000000086b00000| 99%| O|  |TAMS 0x0000000086affff8, 0x0000000086a00000| Untracked 
|  31|0x0000000086b00000, 0x0000000086c00000, 0x0000000086c00000|100%| O|  |TAMS 0x0000000086c00000, 0x0000000086b00000| Untracked 
|  32|0x0000000086c00000, 0x0000000086d00000, 0x0000000086d00000|100%| O|  |TAMS 0x0000000086d00000, 0x0000000086c00000| Untracked 
|  33|0x0000000086d00000, 0x0000000086dffff0, 0x0000000086e00000| 99%| O|  |TAMS 0x0000000086dffff0, 0x0000000086d00000| Untracked 
|  34|0x0000000086e00000, 0x0000000086efffe0, 0x0000000086f00000| 99%| O|  |TAMS 0x0000000086efffe0, 0x0000000086e00000| Untracked 
|  35|0x0000000086f00000, 0x0000000087000000, 0x0000000087000000|100%| O|  |TAMS 0x0000000087000000, 0x0000000086f00000| Untracked 
|  36|0x0000000087000000, 0x00000000870ffff8, 0x0000000087100000| 99%| O|  |TAMS 0x00000000870ffff8, 0x0000000087000000| Untracked 
|  37|0x0000000087100000, 0x0000000087177f20, 0x0000000087200000| 46%| O|  |TAMS 0x0000000087177f20, 0x0000000087100000| Untracked 
|  38|0x0000000087200000, 0x000000008728b5f0, 0x0000000087300000| 54%| O|  |TAMS 0x000000008728b5f0, 0x0000000087200000| Untracked 
|  39|0x0000000087300000, 0x0000000087300000, 0x0000000087400000|  0%| F|  |TAMS 0x0000000087300000, 0x0000000087300000| Untracked 
|  40|0x0000000087400000, 0x0000000087500000, 0x0000000087500000|100%| O|  |TAMS 0x0000000087500000, 0x0000000087400000| Untracked 
|  41|0x0000000087500000, 0x0000000087600000, 0x0000000087600000|100%| O|  |TAMS 0x0000000087600000, 0x0000000087500000| Untracked 
|  42|0x0000000087600000, 0x0000000087700000, 0x0000000087700000|100%| O|  |TAMS 0x0000000087625600, 0x0000000087600000| Untracked 
|  43|0x0000000087700000, 0x0000000087800000, 0x0000000087800000|100%| O|  |TAMS 0x0000000087700000, 0x0000000087700000| Untracked 
|  44|0x0000000087800000, 0x0000000087900000, 0x0000000087900000|100%| O|  |TAMS 0x0000000087800000, 0x0000000087800000| Untracked 
|  45|0x0000000087900000, 0x0000000087a00000, 0x0000000087a00000|100%| O|  |TAMS 0x0000000087900000, 0x0000000087900000| Untracked 
|  46|0x0000000087a00000, 0x0000000087ad1600, 0x0000000087b00000| 81%| O|  |TAMS 0x0000000087a00000, 0x0000000087a00000| Untracked 
|  47|0x0000000087b00000, 0x0000000087b00000, 0x0000000087c00000|  0%| F|  |TAMS 0x0000000087b00000, 0x0000000087b00000| Untracked 
|  48|0x0000000087c00000, 0x0000000087c00000, 0x0000000087d00000|  0%| F|  |TAMS 0x0000000087c00000, 0x0000000087c00000| Untracked 
|  49|0x0000000087d00000, 0x0000000087d00000, 0x0000000087e00000|  0%| F|  |TAMS 0x0000000087d00000, 0x0000000087d00000| Untracked 
|  50|0x0000000087e00000, 0x0000000087e00000, 0x0000000087f00000|  0%| F|  |TAMS 0x0000000087e00000, 0x0000000087e00000| Untracked 
|  51|0x0000000087f00000, 0x0000000087f00000, 0x0000000088000000|  0%| F|  |TAMS 0x0000000087f00000, 0x0000000087f00000| Untracked 
|  52|0x0000000088000000, 0x0000000088000000, 0x0000000088100000|  0%| F|  |TAMS 0x0000000088000000, 0x0000000088000000| Untracked 
|  53|0x0000000088100000, 0x0000000088100000, 0x0000000088200000|  0%| F|  |TAMS 0x0000000088100000, 0x0000000088100000| Untracked 
|  54|0x0000000088200000, 0x0000000088200000, 0x0000000088300000|  0%| F|  |TAMS 0x0000000088200000, 0x0000000088200000| Untracked 
|  55|0x0000000088300000, 0x0000000088300000, 0x0000000088400000|  0%| F|  |TAMS 0x0000000088300000, 0x0000000088300000| Untracked 
|  56|0x0000000088400000, 0x0000000088400000, 0x0000000088500000|  0%| F|  |TAMS 0x0000000088400000, 0x0000000088400000| Untracked 
|  57|0x0000000088500000, 0x0000000088500000, 0x0000000088600000|  0%| F|  |TAMS 0x0000000088500000, 0x0000000088500000| Untracked 
|  58|0x0000000088600000, 0x0000000088600000, 0x0000000088700000|  0%| F|  |TAMS 0x0000000088600000, 0x0000000088600000| Untracked 
|  59|0x0000000088700000, 0x0000000088700000, 0x0000000088800000|  0%| F|  |TAMS 0x0000000088700000, 0x0000000088700000| Untracked 
|  60|0x0000000088800000, 0x0000000088800000, 0x0000000088900000|  0%| F|  |TAMS 0x0000000088800000, 0x0000000088800000| Untracked 
|  61|0x0000000088900000, 0x0000000088900000, 0x0000000088a00000|  0%| F|  |TAMS 0x0000000088900000, 0x0000000088900000| Untracked 
|  62|0x0000000088a00000, 0x0000000088a00000, 0x0000000088b00000|  0%| F|  |TAMS 0x0000000088a00000, 0x0000000088a00000| Untracked 
|  63|0x0000000088b00000, 0x0000000088b00000, 0x0000000088c00000|  0%| F|  |TAMS 0x0000000088b00000, 0x0000000088b00000| Untracked 
|  64|0x0000000088c00000, 0x0000000088c00000, 0x0000000088d00000|  0%| F|  |TAMS 0x0000000088c00000, 0x0000000088c00000| Untracked 
|  65|0x0000000088d00000, 0x0000000088d00000, 0x0000000088e00000|  0%| F|  |TAMS 0x0000000088d00000, 0x0000000088d00000| Untracked 
|  66|0x0000000088e00000, 0x0000000088e00000, 0x0000000088f00000|  0%| F|  |TAMS 0x0000000088e00000, 0x0000000088e00000| Untracked 
|  67|0x0000000088f00000, 0x0000000088f00000, 0x0000000089000000|  0%| F|  |TAMS 0x0000000088f00000, 0x0000000088f00000| Untracked 
|  68|0x0000000089000000, 0x0000000089000000, 0x0000000089100000|  0%| F|  |TAMS 0x0000000089000000, 0x0000000089000000| Untracked 
|  69|0x0000000089100000, 0x0000000089100000, 0x0000000089200000|  0%| F|  |TAMS 0x0000000089100000, 0x0000000089100000| Untracked 
|  70|0x0000000089200000, 0x0000000089200000, 0x0000000089300000|  0%| F|  |TAMS 0x0000000089200000, 0x0000000089200000| Untracked 
|  71|0x0000000089300000, 0x0000000089300000, 0x0000000089400000|  0%| F|  |TAMS 0x0000000089300000, 0x0000000089300000| Untracked 
|  72|0x0000000089400000, 0x0000000089400000, 0x0000000089500000|  0%| F|  |TAMS 0x0000000089400000, 0x0000000089400000| Untracked 
|  73|0x0000000089500000, 0x0000000089500000, 0x0000000089600000|  0%| F|  |TAMS 0x0000000089500000, 0x0000000089500000| Untracked 
|  74|0x0000000089600000, 0x0000000089600000, 0x0000000089700000|  0%| F|  |TAMS 0x0000000089600000, 0x0000000089600000| Untracked 
|  75|0x0000000089700000, 0x0000000089700000, 0x0000000089800000|  0%| F|  |TAMS 0x0000000089700000, 0x0000000089700000| Untracked 
|  76|0x0000000089800000, 0x0000000089800000, 0x0000000089900000|  0%| F|  |TAMS 0x0000000089800000, 0x0000000089800000| Untracked 
|  77|0x0000000089900000, 0x0000000089900000, 0x0000000089a00000|  0%| F|  |TAMS 0x0000000089900000, 0x0000000089900000| Untracked 
|  78|0x0000000089a00000, 0x0000000089a00000, 0x0000000089b00000|  0%| F|  |TAMS 0x0000000089a00000, 0x0000000089a00000| Untracked 
|  79|0x0000000089b00000, 0x0000000089b00000, 0x0000000089c00000|  0%| F|  |TAMS 0x0000000089b00000, 0x0000000089b00000| Untracked 
|  80|0x0000000089c00000, 0x0000000089c00000, 0x0000000089d00000|  0%| F|  |TAMS 0x0000000089c00000, 0x0000000089c00000| Untracked 
|  81|0x0000000089d00000, 0x0000000089d00000, 0x0000000089e00000|  0%| F|  |TAMS 0x0000000089d00000, 0x0000000089d00000| Untracked 
|  82|0x0000000089e00000, 0x0000000089e00000, 0x0000000089f00000|  0%| F|  |TAMS 0x0000000089e00000, 0x0000000089e00000| Untracked 
|  83|0x0000000089f00000, 0x0000000089f00000, 0x000000008a000000|  0%| F|  |TAMS 0x0000000089f00000, 0x0000000089f00000| Untracked 
|  84|0x000000008a000000, 0x000000008a000000, 0x000000008a100000|  0%| F|  |TAMS 0x000000008a000000, 0x000000008a000000| Untracked 
|  85|0x000000008a100000, 0x000000008a100000, 0x000000008a200000|  0%| F|  |TAMS 0x000000008a100000, 0x000000008a100000| Untracked 
|  86|0x000000008a200000, 0x000000008a200000, 0x000000008a300000|  0%| F|  |TAMS 0x000000008a200000, 0x000000008a200000| Untracked 
|  87|0x000000008a300000, 0x000000008a300000, 0x000000008a400000|  0%| F|  |TAMS 0x000000008a300000, 0x000000008a300000| Untracked 
|  88|0x000000008a400000, 0x000000008a400000, 0x000000008a500000|  0%| F|  |TAMS 0x000000008a400000, 0x000000008a400000| Untracked 
|  89|0x000000008a500000, 0x000000008a500000, 0x000000008a600000|  0%| F|  |TAMS 0x000000008a500000, 0x000000008a500000| Untracked 
|  90|0x000000008a600000, 0x000000008a600000, 0x000000008a700000|  0%| F|  |TAMS 0x000000008a600000, 0x000000008a600000| Untracked 
|  91|0x000000008a700000, 0x000000008a700000, 0x000000008a800000|  0%| F|  |TAMS 0x000000008a700000, 0x000000008a700000| Untracked 
|  92|0x000000008a800000, 0x000000008a800000, 0x000000008a900000|  0%| F|  |TAMS 0x000000008a800000, 0x000000008a800000| Untracked 
|  93|0x000000008a900000, 0x000000008a900000, 0x000000008aa00000|  0%| F|  |TAMS 0x000000008a900000, 0x000000008a900000| Untracked 
|  94|0x000000008aa00000, 0x000000008aa00000, 0x000000008ab00000|  0%| F|  |TAMS 0x000000008aa00000, 0x000000008aa00000| Untracked 
|  95|0x000000008ab00000, 0x000000008ab00000, 0x000000008ac00000|  0%| F|  |TAMS 0x000000008ab00000, 0x000000008ab00000| Untracked 
|  96|0x000000008ac00000, 0x000000008ac00000, 0x000000008ad00000|  0%| F|  |TAMS 0x000000008ac00000, 0x000000008ac00000| Untracked 
|  97|0x000000008ad00000, 0x000000008ad00000, 0x000000008ae00000|  0%| F|  |TAMS 0x000000008ad00000, 0x000000008ad00000| Untracked 
|  98|0x000000008ae00000, 0x000000008ae00000, 0x000000008af00000|  0%| F|  |TAMS 0x000000008ae00000, 0x000000008ae00000| Untracked 
|  99|0x000000008af00000, 0x000000008af00000, 0x000000008b000000|  0%| F|  |TAMS 0x000000008af00000, 0x000000008af00000| Untracked 
| 100|0x000000008b000000, 0x000000008b000000, 0x000000008b100000|  0%| F|  |TAMS 0x000000008b000000, 0x000000008b000000| Untracked 
| 101|0x000000008b100000, 0x000000008b100000, 0x000000008b200000|  0%| F|  |TAMS 0x000000008b100000, 0x000000008b100000| Untracked 
| 102|0x000000008b200000, 0x000000008b200000, 0x000000008b300000|  0%| F|  |TAMS 0x000000008b200000, 0x000000008b200000| Untracked 
| 103|0x000000008b300000, 0x000000008b300000, 0x000000008b400000|  0%| F|  |TAMS 0x000000008b300000, 0x000000008b300000| Untracked 
| 104|0x000000008b400000, 0x000000008b400000, 0x000000008b500000|  0%| F|  |TAMS 0x000000008b400000, 0x000000008b400000| Untracked 
| 105|0x000000008b500000, 0x000000008b500000, 0x000000008b600000|  0%| F|  |TAMS 0x000000008b500000, 0x000000008b500000| Untracked 
| 106|0x000000008b600000, 0x000000008b600000, 0x000000008b700000|  0%| F|  |TAMS 0x000000008b600000, 0x000000008b600000| Untracked 
| 107|0x000000008b700000, 0x000000008b700000, 0x000000008b800000|  0%| F|  |TAMS 0x000000008b700000, 0x000000008b700000| Untracked 
| 108|0x000000008b800000, 0x000000008b800000, 0x000000008b900000|  0%| F|  |TAMS 0x000000008b800000, 0x000000008b800000| Untracked 
| 109|0x000000008b900000, 0x000000008b900000, 0x000000008ba00000|  0%| F|  |TAMS 0x000000008b900000, 0x000000008b900000| Untracked 
| 110|0x000000008ba00000, 0x000000008ba00000, 0x000000008bb00000|  0%| F|  |TAMS 0x000000008ba00000, 0x000000008ba00000| Untracked 
| 111|0x000000008bb00000, 0x000000008bb00000, 0x000000008bc00000|  0%| F|  |TAMS 0x000000008bb00000, 0x000000008bb00000| Untracked 
| 112|0x000000008bc00000, 0x000000008bc00000, 0x000000008bd00000|  0%| F|  |TAMS 0x000000008bc00000, 0x000000008bc00000| Untracked 
| 113|0x000000008bd00000, 0x000000008bd00000, 0x000000008be00000|  0%| F|  |TAMS 0x000000008bd00000, 0x000000008bd00000| Untracked 
| 114|0x000000008be00000, 0x000000008be00000, 0x000000008bf00000|  0%| F|  |TAMS 0x000000008be00000, 0x000000008be00000| Untracked 
| 115|0x000000008bf00000, 0x000000008bf00000, 0x000000008c000000|  0%| F|  |TAMS 0x000000008bf00000, 0x000000008bf00000| Untracked 
| 116|0x000000008c000000, 0x000000008c000000, 0x000000008c100000|  0%| F|  |TAMS 0x000000008c000000, 0x000000008c000000| Untracked 
| 117|0x000000008c100000, 0x000000008c100000, 0x000000008c200000|  0%| F|  |TAMS 0x000000008c100000, 0x000000008c100000| Untracked 
| 118|0x000000008c200000, 0x000000008c200000, 0x000000008c300000|  0%| F|  |TAMS 0x000000008c200000, 0x000000008c200000| Untracked 
| 119|0x000000008c300000, 0x000000008c300000, 0x000000008c400000|  0%| F|  |TAMS 0x000000008c300000, 0x000000008c300000| Untracked 
| 120|0x000000008c400000, 0x000000008c400000, 0x000000008c500000|  0%| F|  |TAMS 0x000000008c400000, 0x000000008c400000| Untracked 
| 121|0x000000008c500000, 0x000000008c500000, 0x000000008c600000|  0%| F|  |TAMS 0x000000008c500000, 0x000000008c500000| Untracked 
| 122|0x000000008c600000, 0x000000008c63d380, 0x000000008c700000| 23%| S|CS|TAMS 0x000000008c600000, 0x000000008c600000| Complete 
| 123|0x000000008c700000, 0x000000008c700000, 0x000000008c800000|  0%| F|  |TAMS 0x000000008c700000, 0x000000008c700000| Untracked 
| 124|0x000000008c800000, 0x000000008c800000, 0x000000008c900000|  0%| F|  |TAMS 0x000000008c800000, 0x000000008c800000| Untracked 
| 125|0x000000008c900000, 0x000000008c900000, 0x000000008ca00000|  0%| F|  |TAMS 0x000000008c900000, 0x000000008c900000| Untracked 
| 126|0x000000008ca00000, 0x000000008ca00000, 0x000000008cb00000|  0%| F|  |TAMS 0x000000008ca00000, 0x000000008ca00000| Untracked 
| 127|0x000000008cb00000, 0x000000008cb00000, 0x000000008cc00000|  0%| F|  |TAMS 0x000000008cb00000, 0x000000008cb00000| Untracked 
| 128|0x000000008cc00000, 0x000000008cc00000, 0x000000008cd00000|  0%| F|  |TAMS 0x000000008cc00000, 0x000000008cc00000| Untracked 
| 129|0x000000008cd00000, 0x000000008cd00000, 0x000000008ce00000|  0%| F|  |TAMS 0x000000008cd00000, 0x000000008cd00000| Untracked 
| 130|0x000000008ce00000, 0x000000008ce00000, 0x000000008cf00000|  0%| F|  |TAMS 0x000000008ce00000, 0x000000008ce00000| Untracked 
| 131|0x000000008cf00000, 0x000000008cf00000, 0x000000008d000000|  0%| F|  |TAMS 0x000000008cf00000, 0x000000008cf00000| Untracked 
| 132|0x000000008d000000, 0x000000008d000000, 0x000000008d100000|  0%| F|  |TAMS 0x000000008d000000, 0x000000008d000000| Untracked 
| 133|0x000000008d100000, 0x000000008d100000, 0x000000008d200000|  0%| F|  |TAMS 0x000000008d100000, 0x000000008d100000| Untracked 
| 134|0x000000008d200000, 0x000000008d200000, 0x000000008d300000|  0%| F|  |TAMS 0x000000008d200000, 0x000000008d200000| Untracked 
| 135|0x000000008d300000, 0x000000008d300000, 0x000000008d400000|  0%| F|  |TAMS 0x000000008d300000, 0x000000008d300000| Untracked 
| 136|0x000000008d400000, 0x000000008d400000, 0x000000008d500000|  0%| F|  |TAMS 0x000000008d400000, 0x000000008d400000| Untracked 
| 137|0x000000008d500000, 0x000000008d500000, 0x000000008d600000|  0%| F|  |TAMS 0x000000008d500000, 0x000000008d500000| Untracked 
| 138|0x000000008d600000, 0x000000008d600000, 0x000000008d700000|  0%| F|  |TAMS 0x000000008d600000, 0x000000008d600000| Untracked 
| 139|0x000000008d700000, 0x000000008d700000, 0x000000008d800000|  0%| F|  |TAMS 0x000000008d700000, 0x000000008d700000| Untracked 
| 140|0x000000008d800000, 0x000000008d800000, 0x000000008d900000|  0%| F|  |TAMS 0x000000008d800000, 0x000000008d800000| Untracked 
| 141|0x000000008d900000, 0x000000008d900000, 0x000000008da00000|  0%| F|  |TAMS 0x000000008d900000, 0x000000008d900000| Untracked 
| 142|0x000000008da00000, 0x000000008da00000, 0x000000008db00000|  0%| F|  |TAMS 0x000000008da00000, 0x000000008da00000| Untracked 
| 143|0x000000008db00000, 0x000000008db00800, 0x000000008dc00000|  0%| E|  |TAMS 0x000000008db00000, 0x000000008db00000| Complete 
| 144|0x000000008dc00000, 0x000000008dd00000, 0x000000008dd00000|100%| E|CS|TAMS 0x000000008dc00000, 0x000000008dc00000| Complete 
| 145|0x000000008dd00000, 0x000000008de00000, 0x000000008de00000|100%| E|CS|TAMS 0x000000008dd00000, 0x000000008dd00000| Complete 
| 146|0x000000008de00000, 0x000000008df00000, 0x000000008df00000|100%| E|CS|TAMS 0x000000008de00000, 0x000000008de00000| Complete 
| 147|0x000000008df00000, 0x000000008e000000, 0x000000008e000000|100%| E|CS|TAMS 0x000000008df00000, 0x000000008df00000| Complete 
| 148|0x000000008e000000, 0x000000008e100000, 0x000000008e100000|100%| E|CS|TAMS 0x000000008e000000, 0x000000008e000000| Complete 
| 149|0x000000008e100000, 0x000000008e200000, 0x000000008e200000|100%| E|CS|TAMS 0x000000008e100000, 0x000000008e100000| Complete 
| 150|0x000000008e200000, 0x000000008e300000, 0x000000008e300000|100%| E|CS|TAMS 0x000000008e200000, 0x000000008e200000| Complete 
| 151|0x000000008e300000, 0x000000008e400000, 0x000000008e400000|100%| E|CS|TAMS 0x000000008e300000, 0x000000008e300000| Complete 
| 152|0x000000008e400000, 0x000000008e500000, 0x000000008e500000|100%| E|CS|TAMS 0x000000008e400000, 0x000000008e400000| Complete 
| 153|0x000000008e500000, 0x000000008e600000, 0x000000008e600000|100%| E|CS|TAMS 0x000000008e500000, 0x000000008e500000| Complete 
| 154|0x000000008e600000, 0x000000008e700000, 0x000000008e700000|100%| E|CS|TAMS 0x000000008e600000, 0x000000008e600000| Complete 
| 155|0x000000008e700000, 0x000000008e800000, 0x000000008e800000|100%| E|CS|TAMS 0x000000008e700000, 0x000000008e700000| Complete 
| 156|0x000000008e800000, 0x000000008e900000, 0x000000008e900000|100%| E|CS|TAMS 0x000000008e800000, 0x000000008e800000| Complete 
| 157|0x000000008e900000, 0x000000008ea00000, 0x000000008ea00000|100%| E|CS|TAMS 0x000000008e900000, 0x000000008e900000| Complete 
| 158|0x000000008ea00000, 0x000000008eb00000, 0x000000008eb00000|100%| E|CS|TAMS 0x000000008ea00000, 0x000000008ea00000| Complete 
| 159|0x000000008eb00000, 0x000000008ec00000, 0x000000008ec00000|100%| E|CS|TAMS 0x000000008eb00000, 0x000000008eb00000| Complete 
| 160|0x000000008ec00000, 0x000000008ed00000, 0x000000008ed00000|100%| E|CS|TAMS 0x000000008ec00000, 0x000000008ec00000| Complete 
| 161|0x000000008ed00000, 0x000000008ee00000, 0x000000008ee00000|100%| E|CS|TAMS 0x000000008ed00000, 0x000000008ed00000| Complete 
| 162|0x000000008ee00000, 0x000000008ef00000, 0x000000008ef00000|100%| E|CS|TAMS 0x000000008ee00000, 0x000000008ee00000| Complete 
| 163|0x000000008ef00000, 0x000000008f000000, 0x000000008f000000|100%| E|CS|TAMS 0x000000008ef00000, 0x000000008ef00000| Complete 
| 164|0x000000008f000000, 0x000000008f100000, 0x000000008f100000|100%| E|CS|TAMS 0x000000008f000000, 0x000000008f000000| Complete 
| 165|0x000000008f100000, 0x000000008f200000, 0x000000008f200000|100%| E|CS|TAMS 0x000000008f100000, 0x000000008f100000| Complete 
| 166|0x000000008f200000, 0x000000008f300000, 0x000000008f300000|100%| E|CS|TAMS 0x000000008f200000, 0x000000008f200000| Complete 
| 167|0x000000008f300000, 0x000000008f400000, 0x000000008f400000|100%| E|CS|TAMS 0x000000008f300000, 0x000000008f300000| Complete 
| 168|0x000000008f400000, 0x000000008f500000, 0x000000008f500000|100%| E|CS|TAMS 0x000000008f400000, 0x000000008f400000| Complete 
| 169|0x000000008f500000, 0x000000008f600000, 0x000000008f600000|100%| E|CS|TAMS 0x000000008f500000, 0x000000008f500000| Complete 
| 170|0x000000008f600000, 0x000000008f700000, 0x000000008f700000|100%| E|CS|TAMS 0x000000008f600000, 0x000000008f600000| Complete 
| 171|0x000000008f700000, 0x000000008f800000, 0x000000008f800000|100%| E|CS|TAMS 0x000000008f700000, 0x000000008f700000| Complete 
| 172|0x000000008f800000, 0x000000008f900000, 0x000000008f900000|100%| E|CS|TAMS 0x000000008f800000, 0x000000008f800000| Complete 
| 173|0x000000008f900000, 0x000000008fa00000, 0x000000008fa00000|100%| E|CS|TAMS 0x000000008f900000, 0x000000008f900000| Complete 
| 174|0x000000008fa00000, 0x000000008fb00000, 0x000000008fb00000|100%| E|CS|TAMS 0x000000008fa00000, 0x000000008fa00000| Complete 
| 175|0x000000008fb00000, 0x000000008fc00000, 0x000000008fc00000|100%| E|CS|TAMS 0x000000008fb00000, 0x000000008fb00000| Complete 
| 176|0x000000008fc00000, 0x000000008fd00000, 0x000000008fd00000|100%| E|CS|TAMS 0x000000008fc00000, 0x000000008fc00000| Complete 
| 177|0x000000008fd00000, 0x000000008fe00000, 0x000000008fe00000|100%| E|CS|TAMS 0x000000008fd00000, 0x000000008fd00000| Complete 
| 178|0x000000008fe00000, 0x000000008ff00000, 0x000000008ff00000|100%| E|CS|TAMS 0x000000008fe00000, 0x000000008fe00000| Complete 
| 179|0x000000008ff00000, 0x0000000090000000, 0x0000000090000000|100%| E|CS|TAMS 0x000000008ff00000, 0x000000008ff00000| Complete 
| 180|0x0000000090000000, 0x0000000090100000, 0x0000000090100000|100%| E|CS|TAMS 0x0000000090000000, 0x0000000090000000| Complete 
| 181|0x0000000090100000, 0x0000000090200000, 0x0000000090200000|100%| E|CS|TAMS 0x0000000090100000, 0x0000000090100000| Complete 
| 182|0x0000000090200000, 0x0000000090300000, 0x0000000090300000|100%| E|CS|TAMS 0x0000000090200000, 0x0000000090200000| Complete 
| 183|0x0000000090300000, 0x0000000090400000, 0x0000000090400000|100%| E|CS|TAMS 0x0000000090300000, 0x0000000090300000| Complete 
| 184|0x0000000090400000, 0x0000000090500000, 0x0000000090500000|100%| E|CS|TAMS 0x0000000090400000, 0x0000000090400000| Complete 
| 185|0x0000000090500000, 0x0000000090600000, 0x0000000090600000|100%| E|CS|TAMS 0x0000000090500000, 0x0000000090500000| Complete 
| 186|0x0000000090600000, 0x0000000090700000, 0x0000000090700000|100%| E|CS|TAMS 0x0000000090600000, 0x0000000090600000| Complete 
| 187|0x0000000090700000, 0x0000000090800000, 0x0000000090800000|100%| E|CS|TAMS 0x0000000090700000, 0x0000000090700000| Complete 
| 188|0x0000000090800000, 0x0000000090900000, 0x0000000090900000|100%| E|CS|TAMS 0x0000000090800000, 0x0000000090800000| Complete 
| 189|0x0000000090900000, 0x0000000090a00000, 0x0000000090a00000|100%| E|CS|TAMS 0x0000000090900000, 0x0000000090900000| Complete 
| 190|0x0000000090a00000, 0x0000000090b00000, 0x0000000090b00000|100%| E|CS|TAMS 0x0000000090a00000, 0x0000000090a00000| Complete 
| 191|0x0000000090b00000, 0x0000000090c00000, 0x0000000090c00000|100%| E|CS|TAMS 0x0000000090b00000, 0x0000000090b00000| Complete 
| 192|0x0000000090c00000, 0x0000000090d00000, 0x0000000090d00000|100%| E|CS|TAMS 0x0000000090c00000, 0x0000000090c00000| Complete 
| 193|0x0000000090d00000, 0x0000000090e00000, 0x0000000090e00000|100%| E|CS|TAMS 0x0000000090d00000, 0x0000000090d00000| Complete 
| 194|0x0000000090e00000, 0x0000000090f00000, 0x0000000090f00000|100%| E|CS|TAMS 0x0000000090e00000, 0x0000000090e00000| Complete 
| 195|0x0000000090f00000, 0x0000000091000000, 0x0000000091000000|100%| E|CS|TAMS 0x0000000090f00000, 0x0000000090f00000| Complete 
| 196|0x0000000091000000, 0x0000000091100000, 0x0000000091100000|100%| E|CS|TAMS 0x0000000091000000, 0x0000000091000000| Complete 
| 197|0x0000000091100000, 0x0000000091200000, 0x0000000091200000|100%| E|CS|TAMS 0x0000000091100000, 0x0000000091100000| Complete 
| 198|0x0000000091200000, 0x0000000091300000, 0x0000000091300000|100%| E|CS|TAMS 0x0000000091200000, 0x0000000091200000| Complete 
| 199|0x0000000091300000, 0x0000000091400000, 0x0000000091400000|100%| E|CS|TAMS 0x0000000091300000, 0x0000000091300000| Complete 
| 200|0x0000000091400000, 0x0000000091500000, 0x0000000091500000|100%| E|CS|TAMS 0x0000000091400000, 0x0000000091400000| Complete 
| 201|0x0000000091500000, 0x0000000091600000, 0x0000000091600000|100%| E|CS|TAMS 0x0000000091500000, 0x0000000091500000| Complete 
| 202|0x0000000091600000, 0x0000000091700000, 0x0000000091700000|100%| E|CS|TAMS 0x0000000091600000, 0x0000000091600000| Complete 
| 203|0x0000000091700000, 0x0000000091800000, 0x0000000091800000|100%| E|CS|TAMS 0x0000000091700000, 0x0000000091700000| Complete 
| 204|0x0000000091800000, 0x0000000091900000, 0x0000000091900000|100%| E|CS|TAMS 0x0000000091800000, 0x0000000091800000| Complete 
| 205|0x0000000091900000, 0x0000000091a00000, 0x0000000091a00000|100%| E|CS|TAMS 0x0000000091900000, 0x0000000091900000| Complete 
| 206|0x0000000091a00000, 0x0000000091b00000, 0x0000000091b00000|100%| E|CS|TAMS 0x0000000091a00000, 0x0000000091a00000| Complete 
| 207|0x0000000091b00000, 0x0000000091c00000, 0x0000000091c00000|100%| E|CS|TAMS 0x0000000091b00000, 0x0000000091b00000| Complete 
| 208|0x0000000091c00000, 0x0000000091d00000, 0x0000000091d00000|100%| E|CS|TAMS 0x0000000091c00000, 0x0000000091c00000| Complete 
| 209|0x0000000091d00000, 0x0000000091e00000, 0x0000000091e00000|100%| E|CS|TAMS 0x0000000091d00000, 0x0000000091d00000| Complete 
| 210|0x0000000091e00000, 0x0000000091f00000, 0x0000000091f00000|100%| E|CS|TAMS 0x0000000091e00000, 0x0000000091e00000| Complete 
| 211|0x0000000091f00000, 0x0000000092000000, 0x0000000092000000|100%| E|CS|TAMS 0x0000000091f00000, 0x0000000091f00000| Complete 
| 212|0x0000000092000000, 0x0000000092100000, 0x0000000092100000|100%| E|CS|TAMS 0x0000000092000000, 0x0000000092000000| Complete 
| 213|0x0000000092100000, 0x0000000092200000, 0x0000000092200000|100%| E|CS|TAMS 0x0000000092100000, 0x0000000092100000| Complete 
| 214|0x0000000092200000, 0x0000000092300000, 0x0000000092300000|100%| E|CS|TAMS 0x0000000092200000, 0x0000000092200000| Complete 
| 215|0x0000000092300000, 0x0000000092400000, 0x0000000092400000|100%| E|CS|TAMS 0x0000000092300000, 0x0000000092300000| Complete 
| 216|0x0000000092400000, 0x0000000092500000, 0x0000000092500000|100%| E|CS|TAMS 0x0000000092400000, 0x0000000092400000| Complete 
| 217|0x0000000092500000, 0x0000000092600000, 0x0000000092600000|100%| E|CS|TAMS 0x0000000092500000, 0x0000000092500000| Complete 
| 218|0x0000000092600000, 0x0000000092700000, 0x0000000092700000|100%| E|CS|TAMS 0x0000000092600000, 0x0000000092600000| Complete 
| 219|0x0000000092700000, 0x0000000092800000, 0x0000000092800000|100%| E|CS|TAMS 0x0000000092700000, 0x0000000092700000| Complete 
| 220|0x0000000092800000, 0x0000000092900000, 0x0000000092900000|100%| E|CS|TAMS 0x0000000092800000, 0x0000000092800000| Complete 
| 221|0x0000000092900000, 0x0000000092a00000, 0x0000000092a00000|100%| E|CS|TAMS 0x0000000092900000, 0x0000000092900000| Complete 
| 222|0x0000000092a00000, 0x0000000092b00000, 0x0000000092b00000|100%| E|CS|TAMS 0x0000000092a00000, 0x0000000092a00000| Complete 
| 223|0x0000000092b00000, 0x0000000092c00000, 0x0000000092c00000|100%| E|CS|TAMS 0x0000000092b00000, 0x0000000092b00000| Complete 
| 224|0x0000000092c00000, 0x0000000092d00000, 0x0000000092d00000|100%| E|CS|TAMS 0x0000000092c00000, 0x0000000092c00000| Complete 
| 225|0x0000000092d00000, 0x0000000092e00000, 0x0000000092e00000|100%| E|CS|TAMS 0x0000000092d00000, 0x0000000092d00000| Complete 
| 226|0x0000000092e00000, 0x0000000092f00000, 0x0000000092f00000|100%| E|CS|TAMS 0x0000000092e00000, 0x0000000092e00000| Complete 
| 227|0x0000000092f00000, 0x0000000093000000, 0x0000000093000000|100%| E|CS|TAMS 0x0000000092f00000, 0x0000000092f00000| Complete 
| 228|0x0000000093000000, 0x0000000093100000, 0x0000000093100000|100%| E|CS|TAMS 0x0000000093000000, 0x0000000093000000| Complete 
| 229|0x0000000093100000, 0x0000000093200000, 0x0000000093200000|100%| E|CS|TAMS 0x0000000093100000, 0x0000000093100000| Complete 
| 230|0x0000000093200000, 0x0000000093300000, 0x0000000093300000|100%| E|CS|TAMS 0x0000000093200000, 0x0000000093200000| Complete 
| 231|0x0000000093300000, 0x0000000093400000, 0x0000000093400000|100%| E|CS|TAMS 0x0000000093300000, 0x0000000093300000| Complete 
| 232|0x0000000093400000, 0x0000000093500000, 0x0000000093500000|100%| E|CS|TAMS 0x0000000093400000, 0x0000000093400000| Complete 
| 233|0x0000000093500000, 0x0000000093600000, 0x0000000093600000|100%| E|CS|TAMS 0x0000000093500000, 0x0000000093500000| Complete 
| 234|0x0000000093600000, 0x0000000093700000, 0x0000000093700000|100%| E|CS|TAMS 0x0000000093600000, 0x0000000093600000| Complete 
| 235|0x0000000093700000, 0x0000000093800000, 0x0000000093800000|100%| E|CS|TAMS 0x0000000093700000, 0x0000000093700000| Complete 

Card table byte_map: [0x000001a7d3610000,0x000001a7d39f0000] _byte_map_base: 0x000001a7d31ea000

Marking Bits (Prev, Next): (CMBitMap*) 0x000001a7cafe27b0, (CMBitMap*) 0x000001a7cafe27f0
 Prev Bits: [0x000001a7d3dd0000, 0x000001a7d5ca0000)
 Next Bits: [0x000001a7d5ca0000, 0x000001a7d7b70000)

Polling page: 0x000001a7cadb0000

Metaspace:

Usage:
  Non-class:     79.06 MB used.
      Class:     12.96 MB used.
       Both:     92.02 MB used.

Virtual space:
  Non-class space:       80.00 MB reserved,      79.44 MB (>99%) committed,  10 nodes.
      Class space:        1.00 GB reserved,      13.25 MB (  1%) committed,  1 nodes.
             Both:        1.08 GB reserved,      92.69 MB (  8%) committed. 

Chunk freelists:
   Non-Class:  356.00 KB
       Class:  2.64 MB
        Both:  2.99 MB

MaxMetaspaceSize: unlimited
CompressedClassSpaceSize: 1.00 GB
Initial GC threshold: 21.00 MB
Current GC threshold: 153.25 MB
CDS: off
MetaspaceReclaimPolicy: balanced
 - commit_granule_bytes: 65536.
 - commit_granule_words: 8192.
 - virtual_space_node_default_size: 1048576.
 - enlarge_chunks_in_place: 1.
 - new_chunks_are_fully_committed: 0.
 - uncommit_free_chunks: 1.
 - use_allocation_guard: 0.
 - handle_deallocations: 1.


Internal statistics:

num_allocs_failed_limit: 6.
num_arena_births: 1474.
num_arena_deaths: 570.
num_vsnodes_births: 11.
num_vsnodes_deaths: 0.
num_space_committed: 1483.
num_space_uncommitted: 0.
num_chunks_returned_to_freelist: 722.
num_chunks_taken_from_freelist: 4963.
num_chunk_merges: 227.
num_chunk_splits: 3180.
num_chunks_enlarged: 2273.
num_purges: 22.
num_inconsistent_stats: 0.

CodeCache: size=49152Kb used=21033Kb max_used=21933Kb free=28118Kb
 bounds [0x000001a7cfdf0000, 0x000001a7d13d0000, 0x000001a7d2df0000]
 total_blobs=13023 nmethods=12308 adapters=640
 compilation: enabled
              stopped_count=0, restarted_count=0
 full_count=0

Compilation events (20 events):
Event: 2630.318 Thread 0x000001a7dac3d830 12309       1       ch.qos.logback.classic.spi.EventArgUtil::successfulExtraction (10 bytes)
Event: 2630.318 Thread 0x000001a7dac3d830 nmethod 12309 0x000001a7d125c090 code [0x000001a7d125c220, 0x000001a7d125c2d8]
Event: 2633.330 Thread 0x000001a7dac3d830 12310       1       java.lang.reflect.Field::get (29 bytes)
Event: 2633.331 Thread 0x000001a7dac3d830 nmethod 12310 0x000001a7d125bb90 code [0x000001a7d125bd60, 0x000001a7d125bf58]
Event: 2633.335 Thread 0x000001a7dac3d830 12311       1       java.lang.StringBuilder::indexOf (6 bytes)
Event: 2633.335 Thread 0x000001a7dac3d830 nmethod 12311 0x000001a7d125b810 code [0x000001a7d125b9a0, 0x000001a7d125baa8]
Event: 2633.335 Thread 0x000001a7dac3d830 12312       1       java.lang.AbstractStringBuilder::indexOf (7 bytes)
Event: 2633.335 Thread 0x000001a7dac3d830 nmethod 12312 0x000001a7d125b510 code [0x000001a7d125b6a0, 0x000001a7d125b788]
Event: 2633.342 Thread 0x000001a7dac3d830 12313       1       com.netflix.servo.monitor.MonitorConfig$Builder::withTag (15 bytes)
Event: 2633.343 Thread 0x000001a7dac3d830 nmethod 12313 0x000001a7d125ad10 code [0x000001a7d125af00, 0x000001a7d125b2d8]
Event: 2633.343 Thread 0x000001a7dac3d830 12314       1       com.netflix.servo.monitor.MonitorConfig::copy (22 bytes)
Event: 2633.343 Thread 0x000001a7dac3d830 nmethod 12314 0x000001a7d125a590 code [0x000001a7d125a740, 0x000001a7d125ab88]
Event: 2633.343 Thread 0x000001a7dac3d830 12315       1       com.netflix.servo.monitor.MonitorConfig$Builder::withPublishingPolicy (7 bytes)
Event: 2633.343 Thread 0x000001a7dac3d830 nmethod 12315 0x000001a7d125a290 code [0x000001a7d125a420, 0x000001a7d125a538]
Event: 2633.344 Thread 0x000001a7dac3d830 12316       1       com.netflix.servo.monitor.Monitors::className (24 bytes)
Event: 2633.346 Thread 0x000001a7dac3d830 nmethod 12316 0x000001a7d1259b10 code [0x000001a7d1259d20, 0x000001a7d125a048]
Event: 2633.346 Thread 0x000001a7dac3d830 12317       1       com.netflix.servo.util.Reflection::getAllFields (38 bytes)
Event: 2633.349 Thread 0x000001a7dac3d830 nmethod 12317 0x000001a7d1259290 code [0x000001a7d1259480, 0x000001a7d12598e8]
Event: 2633.364 Thread 0x000001a7dac3d830 12318       1       org.apache.tomcat.util.collections.ManagedConcurrentWeakHashMap$Key::hashCode (5 bytes)
Event: 2633.364 Thread 0x000001a7dac3d830 nmethod 12318 0x000001a7d1258f90 code [0x000001a7d1259120, 0x000001a7d12591f8]

GC Heap History (20 events):
Event: 1955.187 GC heap before
{Heap before GC invocations=63 (full 1):
 garbage-first heap   total 90112K, used 65924K [0x0000000084c00000, 0x0000000100000000)
  region size 1024K, 31 young (31744K), 3 survivors (3072K)
 Metaspace       used 93125K, committed 93760K, reserved 1130496K
  class space    used 13159K, committed 13440K, reserved 1048576K
}
Event: 1955.195 GC heap after
{Heap after GC invocations=64 (full 1):
 garbage-first heap   total 90112K, used 41475K [0x0000000084c00000, 0x0000000100000000)
  region size 1024K, 4 young (4096K), 4 survivors (4096K)
 Metaspace       used 93125K, committed 93760K, reserved 1130496K
  class space    used 13159K, committed 13440K, reserved 1048576K
}
Event: 1955.617 GC heap before
{Heap before GC invocations=65 (full 1):
 garbage-first heap   total 90112K, used 71171K [0x0000000084c00000, 0x0000000100000000)
  region size 1024K, 32 young (32768K), 4 survivors (4096K)
 Metaspace       used 93321K, committed 94016K, reserved 1130496K
  class space    used 13175K, committed 13504K, reserved 1048576K
}
Event: 1955.625 GC heap after
{Heap after GC invocations=66 (full 1):
 garbage-first heap   total 90112K, used 43126K [0x0000000084c00000, 0x0000000100000000)
  region size 1024K, 3 young (3072K), 3 survivors (3072K)
 Metaspace       used 93321K, committed 94016K, reserved 1130496K
  class space    used 13175K, committed 13504K, reserved 1048576K
}
Event: 1955.982 GC heap before
{Heap before GC invocations=66 (full 1):
 garbage-first heap   total 90112K, used 70774K [0x0000000084c00000, 0x0000000100000000)
  region size 1024K, 30 young (30720K), 3 survivors (3072K)
 Metaspace       used 93443K, committed 94144K, reserved 1130496K
  class space    used 13184K, committed 13504K, reserved 1048576K
}
Event: 1955.990 GC heap after
{Heap after GC invocations=67 (full 1):
 garbage-first heap   total 90112K, used 45889K [0x0000000084c00000, 0x0000000100000000)
  region size 1024K, 3 young (3072K), 3 survivors (3072K)
 Metaspace       used 93443K, committed 94144K, reserved 1130496K
  class space    used 13184K, committed 13504K, reserved 1048576K
}
Event: 1956.966 GC heap before
{Heap before GC invocations=68 (full 1):
 garbage-first heap   total 91136K, used 70465K [0x0000000084c00000, 0x0000000100000000)
  region size 1024K, 28 young (28672K), 3 survivors (3072K)
 Metaspace       used 93588K, committed 94272K, reserved 1130496K
  class space    used 13211K, committed 13504K, reserved 1048576K
}
Event: 1956.976 GC heap after
{Heap after GC invocations=69 (full 1):
 garbage-first heap   total 91136K, used 49064K [0x0000000084c00000, 0x0000000100000000)
  region size 1024K, 4 young (4096K), 4 survivors (4096K)
 Metaspace       used 93588K, committed 94272K, reserved 1130496K
  class space    used 13211K, committed 13504K, reserved 1048576K
}
Event: 2002.878 GC heap before
{Heap before GC invocations=69 (full 1):
 garbage-first heap   total 91136K, used 53160K [0x0000000084c00000, 0x0000000100000000)
  region size 1024K, 9 young (9216K), 4 survivors (4096K)
 Metaspace       used 93594K, committed 94272K, reserved 1130496K
  class space    used 13213K, committed 13504K, reserved 1048576K
}
Event: 2002.948 GC heap after
{Heap after GC invocations=70 (full 2):
 garbage-first heap   total 91136K, used 39084K [0x0000000084c00000, 0x0000000100000000)
  region size 1024K, 0 young (0K), 0 survivors (0K)
 Metaspace       used 93561K, committed 94272K, reserved 1130496K
  class space    used 13205K, committed 13504K, reserved 1048576K
}
Event: 2003.893 GC heap before
{Heap before GC invocations=70 (full 2):
 garbage-first heap   total 91136K, used 68780K [0x0000000084c00000, 0x0000000100000000)
  region size 1024K, 30 young (30720K), 0 survivors (0K)
 Metaspace       used 93600K, committed 94272K, reserved 1130496K
  class space    used 13211K, committed 13504K, reserved 1048576K
}
Event: 2003.895 GC heap after
{Heap after GC invocations=71 (full 2):
 garbage-first heap   total 91136K, used 41741K [0x0000000084c00000, 0x0000000100000000)
  region size 1024K, 3 young (3072K), 3 survivors (3072K)
 Metaspace       used 93600K, committed 94272K, reserved 1130496K
  class space    used 13211K, committed 13504K, reserved 1048576K
}
Event: 2004.184 GC heap before
{Heap before GC invocations=72 (full 2):
 garbage-first heap   total 91136K, used 70413K [0x0000000084c00000, 0x0000000100000000)
  region size 1024K, 31 young (31744K), 3 survivors (3072K)
 Metaspace       used 93592K, committed 94272K, reserved 1130496K
  class space    used 13203K, committed 13504K, reserved 1048576K
}
Event: 2004.189 GC heap after
{Heap after GC invocations=73 (full 2):
 garbage-first heap   total 91136K, used 43829K [0x0000000084c00000, 0x0000000100000000)
  region size 1024K, 3 young (3072K), 3 survivors (3072K)
 Metaspace       used 93592K, committed 94272K, reserved 1130496K
  class space    used 13203K, committed 13504K, reserved 1048576K
}
Event: 2004.191 GC heap before
{Heap before GC invocations=73 (full 2):
 garbage-first heap   total 91136K, used 43829K [0x0000000084c00000, 0x0000000100000000)
  region size 1024K, 4 young (4096K), 3 survivors (3072K)
 Metaspace       used 93592K, committed 94272K, reserved 1130496K
  class space    used 13203K, committed 13504K, reserved 1048576K
}
Event: 2004.193 GC heap after
{Heap after GC invocations=74 (full 2):
 garbage-first heap   total 91136K, used 44169K [0x0000000084c00000, 0x0000000100000000)
  region size 1024K, 1 young (1024K), 1 survivors (1024K)
 Metaspace       used 93592K, committed 94272K, reserved 1130496K
  class space    used 13203K, committed 13504K, reserved 1048576K
}
Event: 2004.486 GC heap before
{Heap before GC invocations=75 (full 2):
 garbage-first heap   total 91136K, used 66697K [0x0000000084c00000, 0x0000000100000000)
  region size 1024K, 23 young (23552K), 1 survivors (1024K)
 Metaspace       used 93677K, committed 94336K, reserved 1130496K
  class space    used 13204K, committed 13504K, reserved 1048576K
}
Event: 2004.491 GC heap after
{Heap after GC invocations=76 (full 2):
 garbage-first heap   total 91136K, used 46095K [0x0000000084c00000, 0x0000000100000000)
  region size 1024K, 3 young (3072K), 3 survivors (3072K)
 Metaspace       used 93677K, committed 94336K, reserved 1130496K
  class space    used 13204K, committed 13504K, reserved 1048576K
}
Event: 2004.496 GC heap before
{Heap before GC invocations=76 (full 2):
 garbage-first heap   total 91136K, used 47119K [0x0000000084c00000, 0x0000000100000000)
  region size 1024K, 4 young (4096K), 3 survivors (3072K)
 Metaspace       used 93677K, committed 94336K, reserved 1130496K
  class space    used 13204K, committed 13504K, reserved 1048576K
}
Event: 2004.504 GC heap after
{Heap after GC invocations=77 (full 2):
 garbage-first heap   total 241664K, used 46088K [0x0000000084c00000, 0x0000000100000000)
  region size 1024K, 1 young (1024K), 1 survivors (1024K)
 Metaspace       used 93677K, committed 94336K, reserved 1130496K
  class space    used 13204K, committed 13504K, reserved 1048576K
}

Dll operation events (9 events):
Event: 0.075 Loaded shared library C:\Users\Sangita\Downloads\spring-tool-suite-4-4.18.0.RELEASE-e4.27.0-win32.win32.x86_64.self-extracting\sts-4.18.0.RELEASE\plugins\org.eclipse.justj.openjdk.hotspot.jre.full.win32.x86_64_17.0.6.v20230204-1729\jre\bin\java.dll
Event: 0.969 Loaded shared library C:\Users\Sangita\Downloads\spring-tool-suite-4-4.18.0.RELEASE-e4.27.0-win32.win32.x86_64.self-extracting\sts-4.18.0.RELEASE\plugins\org.eclipse.justj.openjdk.hotspot.jre.full.win32.x86_64_17.0.6.v20230204-1729\jre\bin\jimage.dll
Event: 1.014 Loaded shared library C:\Users\Sangita\Downloads\spring-tool-suite-4-4.18.0.RELEASE-e4.27.0-win32.win32.x86_64.self-extracting\sts-4.18.0.RELEASE\plugins\org.eclipse.justj.openjdk.hotspot.jre.full.win32.x86_64_17.0.6.v20230204-1729\jre\bin\net.dll
Event: 1.018 Loaded shared library C:\Users\Sangita\Downloads\spring-tool-suite-4-4.18.0.RELEASE-e4.27.0-win32.win32.x86_64.self-extracting\sts-4.18.0.RELEASE\plugins\org.eclipse.justj.openjdk.hotspot.jre.full.win32.x86_64_17.0.6.v20230204-1729\jre\bin\nio.dll
Event: 1.025 Loaded shared library C:\Users\Sangita\Downloads\spring-tool-suite-4-4.18.0.RELEASE-e4.27.0-win32.win32.x86_64.self-extracting\sts-4.18.0.RELEASE\plugins\org.eclipse.justj.openjdk.hotspot.jre.full.win32.x86_64_17.0.6.v20230204-1729\jre\bin\zip.dll
Event: 1.527 Loaded shared library C:\Users\Sangita\Downloads\spring-tool-suite-4-4.18.0.RELEASE-e4.27.0-win32.win32.x86_64.self-extracting\sts-4.18.0.RELEASE\plugins\org.eclipse.justj.openjdk.hotspot.jre.full.win32.x86_64_17.0.6.v20230204-1729\jre\bin\management.dll
Event: 1.590 Loaded shared library C:\Users\Sangita\Downloads\spring-tool-suite-4-4.18.0.RELEASE-e4.27.0-win32.win32.x86_64.self-extracting\sts-4.18.0.RELEASE\plugins\org.eclipse.justj.openjdk.hotspot.jre.full.win32.x86_64_17.0.6.v20230204-1729\jre\bin\management_ext.
Event: 13.051 Loaded shared library C:\Users\Sangita\Downloads\spring-tool-suite-4-4.18.0.RELEASE-e4.27.0-win32.win32.x86_64.self-extracting\sts-4.18.0.RELEASE\plugins\org.eclipse.justj.openjdk.hotspot.jre.full.win32.x86_64_17.0.6.v20230204-1729\jre\bin\sunmscapi.dll
Event: 30.343 Loaded shared library C:\Users\Sangita\Downloads\spring-tool-suite-4-4.18.0.RELEASE-e4.27.0-win32.win32.x86_64.self-extracting\sts-4.18.0.RELEASE\plugins\org.eclipse.justj.openjdk.hotspot.jre.full.win32.x86_64_17.0.6.v20230204-1729\jre\bin\verify.dll

Deoptimization events (20 events):
Event: 774.531 Thread 0x000001a7e1b57bc0 DEOPT PACKING pc=0x000001a7d061b5c4 sp=0x00000005785ff030
Event: 774.531 Thread 0x000001a7e1b57bc0 DEOPT UNPACKING pc=0x000001a7cfe4ace3 sp=0x00000005785fe530 mode 0
Event: 774.532 Thread 0x000001a7e1b59d70 DEOPT PACKING pc=0x000001a7d061b5c4 sp=0x00000005755ff560
Event: 774.532 Thread 0x000001a7e1b59d70 DEOPT UNPACKING pc=0x000001a7cfe4ace3 sp=0x00000005755fea60 mode 0
Event: 774.640 Thread 0x000001a7dc885aa0 DEOPT PACKING pc=0x000001a7d061b5c4 sp=0x00000005784ff170
Event: 774.640 Thread 0x000001a7dc885aa0 DEOPT UNPACKING pc=0x000001a7cfe4ace3 sp=0x00000005784fe670 mode 0
Event: 774.640 Thread 0x000001a7e1b5a240 DEOPT PACKING pc=0x000001a7d061b5c4 sp=0x00000005757ff040
Event: 774.640 Thread 0x000001a7e1b5a240 DEOPT UNPACKING pc=0x000001a7cfe4ace3 sp=0x00000005757fe540 mode 0
Event: 774.643 Thread 0x000001a7e1b5c3f0 DEOPT PACKING pc=0x000001a7d061b5c4 sp=0x00000005786ff210
Event: 774.643 Thread 0x000001a7e1b5c3f0 DEOPT UNPACKING pc=0x000001a7cfe4ace3 sp=0x00000005786fe710 mode 0
Event: 783.303 Thread 0x000001a7dc887780 DEOPT PACKING pc=0x000001a7d061b5c4 sp=0x0000000577efee90
Event: 783.304 Thread 0x000001a7dc887780 DEOPT UNPACKING pc=0x000001a7cfe4ace3 sp=0x0000000577efe390 mode 0
Event: 785.557 Thread 0x000001a7e1b58a30 DEOPT PACKING pc=0x000001a7d061b55c sp=0x00000005798ff140
Event: 785.557 Thread 0x000001a7e1b58a30 DEOPT UNPACKING pc=0x000001a7cfe4ace3 sp=0x00000005798fe640 mode 0
Event: 905.336 Thread 0x000001a7db66e290 DEOPT PACKING pc=0x000001a7d061b5c4 sp=0x00000005774ff040
Event: 905.336 Thread 0x000001a7db66e290 DEOPT UNPACKING pc=0x000001a7cfe4ace3 sp=0x00000005774fe540 mode 0
Event: 952.213 Thread 0x000001a7dc888120 DEOPT PACKING pc=0x000001a7d061b5c4 sp=0x00000005782feef0
Event: 952.213 Thread 0x000001a7dc888120 DEOPT UNPACKING pc=0x000001a7cfe4ace3 sp=0x00000005782fe3f0 mode 0
Event: 952.213 Thread 0x000001a7e1b58090 DEOPT PACKING pc=0x000001a7d061b5c4 sp=0x00000005775ff180
Event: 952.213 Thread 0x000001a7e1b58090 DEOPT UNPACKING pc=0x000001a7cfe4ace3 sp=0x00000005775fe680 mode 0

Classes unloaded (20 events):
Event: 2003.953 Thread 0x000001a7da1fde60 Unloading class 0x0000000100d30400 'java/lang/invoke/LambdaForm$MH+0x0000000100d30400'
Event: 2003.953 Thread 0x000001a7da1fde60 Unloading class 0x0000000100d30000 'java/lang/invoke/LambdaForm$MH+0x0000000100d30000'
Event: 2004.247 Thread 0x000001a7da1fde60 Unloading class 0x0000000100d4b800 'jdk/internal/reflect/GeneratedConstructorAccessor101'
Event: 2004.247 Thread 0x000001a7da1fde60 Unloading class 0x0000000100d4b000 'jdk/internal/reflect/GeneratedSerializationConstructorAccessor51'
Event: 2004.247 Thread 0x000001a7da1fde60 Unloading class 0x0000000100d4a800 'jdk/internal/reflect/GeneratedSerializationConstructorAccessor49'
Event: 2004.247 Thread 0x000001a7da1fde60 Unloading class 0x0000000100d4a400 'jdk/internal/reflect/GeneratedSerializationConstructorAccessor48'
Event: 2004.247 Thread 0x000001a7da1fde60 Unloading class 0x0000000100d4a000 'jdk/internal/reflect/GeneratedSerializationConstructorAccessor47'
Event: 2004.247 Thread 0x000001a7da1fde60 Unloading class 0x0000000100d49c00 'jdk/internal/reflect/GeneratedSerializationConstructorAccessor46'
Event: 2004.247 Thread 0x000001a7da1fde60 Unloading class 0x0000000100d49800 'jdk/internal/reflect/GeneratedSerializationConstructorAccessor45'
Event: 2004.247 Thread 0x000001a7da1fde60 Unloading class 0x0000000100d49400 'jdk/internal/reflect/GeneratedSerializationConstructorAccessor44'
Event: 2004.247 Thread 0x000001a7da1fde60 Unloading class 0x0000000100d49000 'jdk/internal/reflect/GeneratedSerializationConstructorAccessor43'
Event: 2004.247 Thread 0x000001a7da1fde60 Unloading class 0x0000000100d48c00 'jdk/internal/reflect/GeneratedSerializationConstructorAccessor42'
Event: 2004.247 Thread 0x000001a7da1fde60 Unloading class 0x0000000100d48800 'jdk/internal/reflect/GeneratedSerializationConstructorAccessor41'
Event: 2004.247 Thread 0x000001a7da1fde60 Unloading class 0x0000000100d48400 'jdk/internal/reflect/GeneratedSerializationConstructorAccessor40'
Event: 2004.247 Thread 0x000001a7da1fde60 Unloading class 0x0000000100d43c00 'jdk/internal/reflect/GeneratedConstructorAccessor99'
Event: 2004.247 Thread 0x000001a7da1fde60 Unloading class 0x0000000100d43800 'jdk/internal/reflect/GeneratedConstructorAccessor98'
Event: 2004.247 Thread 0x000001a7da1fde60 Unloading class 0x0000000100d43400 'jdk/internal/reflect/GeneratedConstructorAccessor97'
Event: 2004.247 Thread 0x000001a7da1fde60 Unloading class 0x0000000100d43000 'jdk/internal/reflect/GeneratedConstructorAccessor96'
Event: 2004.247 Thread 0x000001a7da1fde60 Unloading class 0x0000000100d42c00 'jdk/internal/reflect/GeneratedConstructorAccessor95'
Event: 2004.247 Thread 0x000001a7da1fde60 Unloading class 0x0000000100d42000 'jdk/internal/reflect/GeneratedMethodAccessor132'

Classes redefined (0 events):
No events

Internal exceptions (20 events):
Event: 2004.159 Thread 0x000001a7dc886910 Exception <a 'sun/nio/fs/WindowsException'{0x0000000088a499e0}> (0x0000000088a499e0) 
thrown [s\src\hotspot\share\prims\jni.cpp, line 516]
Event: 2004.159 Thread 0x000001a7dc886910 Exception <a 'sun/nio/fs/WindowsException'{0x0000000088a4a0d8}> (0x0000000088a4a0d8) 
thrown [s\src\hotspot\share\prims\jni.cpp, line 516]
Event: 2004.172 Thread 0x000001a7dc886910 Exception <a 'java/io/FileNotFoundException'{0x0000000088aaaea8}> (0x0000000088aaaea8) 
thrown [s\src\hotspot\share\prims\jni.cpp, line 516]
Event: 2004.216 Thread 0x000001a7dc886910 Exception <a 'java/io/FileNotFoundException'{0x000000008ae67428}> (0x000000008ae67428) 
thrown [s\src\hotspot\share\prims\jni.cpp, line 516]
Event: 2004.274 Thread 0x000001a7dc886910 Exception <a 'sun/nio/fs/WindowsException'{0x0000000089ecaec0}> (0x0000000089ecaec0) 
thrown [s\src\hotspot\share\prims\jni.cpp, line 516]
Event: 2004.512 Thread 0x000001a7dc886910 Exception <a 'java/lang/reflect/InvocationTargetException'{0x00000000936c8bf0}> (0x00000000936c8bf0) 
thrown [s\src\hotspot\share\runtime\reflection.cpp, line 1121]
Event: 2004.514 Thread 0x000001a7dc886910 Exception <a 'java/lang/reflect/InvocationTargetException'{0x00000000936dd650}> (0x00000000936dd650) 
thrown [s\src\hotspot\share\runtime\reflection.cpp, line 1121]
Event: 2004.516 Thread 0x000001a7dc886910 Exception <a 'java/lang/reflect/InvocationTargetException'{0x00000000936f0948}> (0x00000000936f0948) 
thrown [s\src\hotspot\share\runtime\reflection.cpp, line 1121]
Event: 2004.518 Thread 0x000001a7dc886910 Exception <a 'java/lang/reflect/InvocationTargetException'{0x000000009350aac0}> (0x000000009350aac0) 
thrown [s\src\hotspot\share\runtime\reflection.cpp, line 1121]
Event: 2004.570 Thread 0x000001a7dc886910 Exception <a 'java/lang/reflect/InvocationTargetException'{0x0000000092dae138}> (0x0000000092dae138) 
thrown [s\src\hotspot\share\runtime\reflection.cpp, line 1121]
Event: 2004.577 Thread 0x000001a7dc886910 Exception <a 'java/lang/reflect/InvocationTargetException'{0x0000000092dcb250}> (0x0000000092dcb250) 
thrown [s\src\hotspot\share\runtime\reflection.cpp, line 1121]
Event: 2004.579 Thread 0x000001a7dc886910 Exception <a 'java/lang/reflect/InvocationTargetException'{0x0000000092de4268}> (0x0000000092de4268) 
thrown [s\src\hotspot\share\runtime\reflection.cpp, line 1121]
Event: 2004.580 Thread 0x000001a7dc886910 Exception <a 'java/lang/reflect/InvocationTargetException'{0x0000000092df6c28}> (0x0000000092df6c28) 
thrown [s\src\hotspot\share\runtime\reflection.cpp, line 1121]
Event: 2004.581 Thread 0x000001a7dc886910 Exception <a 'java/lang/reflect/InvocationTargetException'{0x0000000092c4c960}> (0x0000000092c4c960) 
thrown [s\src\hotspot\share\runtime\reflection.cpp, line 1121]
Event: 2004.584 Thread 0x000001a7dc886910 Exception <a 'java/lang/reflect/InvocationTargetException'{0x0000000092c5fba0}> (0x0000000092c5fba0) 
thrown [s\src\hotspot\share\runtime\reflection.cpp, line 1121]
Event: 2004.754 Thread 0x000001a7dc886910 Exception <a 'sun/nio/fs/WindowsException'{0x0000000091ed5408}> (0x0000000091ed5408) 
thrown [s\src\hotspot\share\prims\jni.cpp, line 516]
Event: 2007.982 Thread 0x000001a7dc886de0 Exception <a 'java/lang/NoSuchMethodError'{0x000000008fc1eaf0}: static [B.<clinit>()V> (0x000000008fc1eaf0) 
thrown [s\src\hotspot\share\prims\jni.cpp, line 1107]
Event: 2091.819 Thread 0x000001a7e1b59d70 Exception <a 'java/lang/NoSuchMethodError'{0x000000008f48edd8}: 'void java.lang.invoke.DirectMethodHandle$Holder.invokeSpecial(java.lang.Object, java.lang.Object, int, java.lang.Object)'> (0x000000008f48edd8) 
thrown [s\src\hotspot\share\interpreter\linkResolver.cpp, line 759]
Event: 2630.295 Thread 0x000001a7e1b55070 Exception <a 'java/net/SocketException'{0x000000008dd820e8}: Connection reset by peer: shutdown> (0x000000008dd820e8) 
thrown [s\src\hotspot\share\prims\jni.cpp, line 535]
Event: 2633.394 Thread 0x000001a7dc885100 Exception <a 'java/lang/InterruptedException'{0x000000008db00040}: sleep interrupted> (0x000000008db00040) 
thrown [s\src\hotspot\share\prims\jvm.cpp, line 3070]

VM Operations (20 events):
Event: 2067.405 Executing VM operation: Cleanup done
Event: 2084.565 Executing VM operation: Cleanup
Event: 2084.566 Executing VM operation: Cleanup done
Event: 2091.787 Executing VM operation: HandshakeAllThreads
Event: 2091.787 Executing VM operation: HandshakeAllThreads done
Event: 2092.796 Executing VM operation: Cleanup
Event: 2092.796 Executing VM operation: Cleanup done
Event: 2166.302 Executing VM operation: Cleanup
Event: 2166.302 Executing VM operation: Cleanup done
Event: 2187.433 Executing VM operation: Cleanup
Event: 2187.433 Executing VM operation: Cleanup done
Event: 2308.114 Executing VM operation: Cleanup
Event: 2308.114 Executing VM operation: Cleanup done
Event: 2585.724 Executing VM operation: Cleanup
Event: 2585.725 Executing VM operation: Cleanup done
Event: 2607.865 Executing VM operation: Cleanup
Event: 2607.865 Executing VM operation: Cleanup done
Event: 2631.021 Executing VM operation: Cleanup
Event: 2631.021 Executing VM operation: Cleanup done
Event: 2633.399 Executing VM operation: G1CollectFull

Events (20 events):
Event: 2630.045 Thread 0x000001a7e1b576f0 Thread exited: 0x000001a7e1b576f0
Event: 2630.045 Thread 0x000001a7e1b55540 Thread exited: 0x000001a7e1b55540
Event: 2630.046 Thread 0x000001a7e1b55070 Thread exited: 0x000001a7e1b55070
Event: 2630.046 Thread 0x000001a7e1b58560 Thread exited: 0x000001a7e1b58560
Event: 2630.046 Thread 0x000001a7e1b59d70 Thread exited: 0x000001a7e1b59d70
Event: 2630.046 Thread 0x000001a7e1b57bc0 Thread exited: 0x000001a7e1b57bc0
Event: 2630.062 Thread 0x000001a7e1b5abe0 Thread exited: 0x000001a7e1b5abe0
Event: 2630.107 Thread 0x000001a7e1b56880 Thread exited: 0x000001a7e1b56880
Event: 2630.264 Thread 0x000001a7e1b55070 Thread added: 0x000001a7e1b55070
Event: 2630.266 Thread 0x000001a7dc885aa0 Thread exited: 0x000001a7dc885aa0
Event: 2630.314 Thread 0x000001a7e1b55070 Thread exited: 0x000001a7e1b55070
Event: 2633.325 Thread 0x000001a7e1b56d50 Thread exited: 0x000001a7e1b56d50
Event: 2633.325 Thread 0x000001a7e1b5a710 Thread exited: 0x000001a7e1b5a710
Event: 2633.326 Thread 0x000001a7e1b57220 Thread exited: 0x000001a7e1b57220
Event: 2633.327 Thread 0x000001a7e1b5c8c0 Thread exited: 0x000001a7e1b5c8c0
Event: 2633.327 Thread 0x000001a7e1b58f00 Thread exited: 0x000001a7e1b58f00
Event: 2633.350 Thread 0x000001a7e1b5c3f0 Thread exited: 0x000001a7e1b5c3f0
Event: 2633.352 Thread 0x000001a7e1b58090 Thread exited: 0x000001a7e1b58090
Event: 2633.394 Thread 0x000001a7dc885100 Thread exited: 0x000001a7dc885100
Event: 2633.398 Thread 0x000001a7dc888120 Thread exited: 0x000001a7dc888120


Dynamic libraries:
0x00007ff727c00000 - 0x00007ff727c0e000 	C:\Users\Sangita\Downloads\spring-tool-suite-4-4.18.0.RELEASE-e4.27.0-win32.win32.x86_64.self-extracting\sts-4.18.0.RELEASE\plugins\org.eclipse.justj.openjdk.hotspot.jre.full.win32.x86_64_17.0.6.v20230204-1729\jre\bin\javaw.exe
0x00007ff9d1250000 - 0x00007ff9d1467000 	C:\WINDOWS\SYSTEM32\ntdll.dll
0x00007ff9cf460000 - 0x00007ff9cf524000 	C:\WINDOWS\System32\KERNEL32.DLL
0x00007ff9ce950000 - 0x00007ff9cecfd000 	C:\WINDOWS\System32\KERNELBASE.dll
0x00007ff9ce690000 - 0x00007ff9ce7a1000 	C:\WINDOWS\System32\ucrtbase.dll
0x00007ff9ae900000 - 0x00007ff9ae917000 	C:\Users\Sangita\Downloads\spring-tool-suite-4-4.18.0.RELEASE-e4.27.0-win32.win32.x86_64.self-extracting\sts-4.18.0.RELEASE\plugins\org.eclipse.justj.openjdk.hotspot.jre.full.win32.x86_64_17.0.6.v20230204-1729\jre\bin\jli.dll
0x00007ff9cfe40000 - 0x00007ff9cffee000 	C:\WINDOWS\System32\USER32.dll
0x00007ff9ce7b0000 - 0x00007ff9ce7d6000 	C:\WINDOWS\System32\win32u.dll
0x00007ff9cf080000 - 0x00007ff9cf0a9000 	C:\WINDOWS\System32\GDI32.dll
0x00007ff9ce570000 - 0x00007ff9ce689000 	C:\WINDOWS\System32\gdi32full.dll
0x00007ff9ced80000 - 0x00007ff9cee1a000 	C:\WINDOWS\System32\msvcp_win.dll
0x00007ff9a5590000 - 0x00007ff9a55a9000 	C:\Users\Sangita\Downloads\spring-tool-suite-4-4.18.0.RELEASE-e4.27.0-win32.win32.x86_64.self-extracting\sts-4.18.0.RELEASE\plugins\org.eclipse.justj.openjdk.hotspot.jre.full.win32.x86_64_17.0.6.v20230204-1729\jre\bin\VCRUNTIME140.dll
0x00007ff9ae920000 - 0x00007ff9aebb3000 	C:\WINDOWS\WinSxS\amd64_microsoft.windows.common-controls_6595b64144ccf1df_6.0.22621.3672_none_2713b9d173822955\COMCTL32.dll
0x00007ff9d0340000 - 0x00007ff9d03e7000 	C:\WINDOWS\System32\msvcrt.dll
0x00007ff9cf530000 - 0x00007ff9cf561000 	C:\WINDOWS\System32\IMM32.DLL
0x00007ff9a56c0000 - 0x00007ff9a56cc000 	C:\Users\Sangita\Downloads\spring-tool-suite-4-4.18.0.RELEASE-e4.27.0-win32.win32.x86_64.self-extracting\sts-4.18.0.RELEASE\plugins\org.eclipse.justj.openjdk.hotspot.jre.full.win32.x86_64_17.0.6.v20230204-1729\jre\bin\vcruntime140_1.dll
0x00007ff9a1400000 - 0x00007ff9a1491000 	C:\Users\Sangita\Downloads\spring-tool-suite-4-4.18.0.RELEASE-e4.27.0-win32.win32.x86_64.self-extracting\sts-4.18.0.RELEASE\plugins\org.eclipse.justj.openjdk.hotspot.jre.full.win32.x86_64_17.0.6.v20230204-1729\jre\bin\msvcp140.dll
0x00007ff963890000 - 0x00007ff9644d7000 	C:\Users\Sangita\Downloads\spring-tool-suite-4-4.18.0.RELEASE-e4.27.0-win32.win32.x86_64.self-extracting\sts-4.18.0.RELEASE\plugins\org.eclipse.justj.openjdk.hotspot.jre.full.win32.x86_64_17.0.6.v20230204-1729\jre\bin\server\jvm.dll
0x00007ff9cf110000 - 0x00007ff9cf1c2000 	C:\WINDOWS\System32\ADVAPI32.dll
0x00007ff9cfc70000 - 0x00007ff9cfd19000 	C:\WINDOWS\System32\sechost.dll
0x00007ff9cee90000 - 0x00007ff9ceeb8000 	C:\WINDOWS\System32\bcrypt.dll
0x00007ff9cfd20000 - 0x00007ff9cfe34000 	C:\WINDOWS\System32\RPCRT4.dll
0x00007ff9a5e70000 - 0x00007ff9a5e79000 	C:\WINDOWS\SYSTEM32\WSOCK32.dll
0x00007ff9d0150000 - 0x00007ff9d01c1000 	C:\WINDOWS\System32\WS2_32.dll
0x00007ff9c7b70000 - 0x00007ff9c7ba4000 	C:\WINDOWS\SYSTEM32\WINMM.dll
0x00007ff9ccc00000 - 0x00007ff9ccc0a000 	C:\WINDOWS\SYSTEM32\VERSION.dll
0x00007ff9cd580000 - 0x00007ff9cd598000 	C:\WINDOWS\SYSTEM32\kernel.appcore.dll
0x00007ff9c91c0000 - 0x00007ff9c91ca000 	C:\Users\Sangita\Downloads\spring-tool-suite-4-4.18.0.RELEASE-e4.27.0-win32.win32.x86_64.self-extracting\sts-4.18.0.RELEASE\plugins\org.eclipse.justj.openjdk.hotspot.jre.full.win32.x86_64_17.0.6.v20230204-1729\jre\bin\jimage.dll
0x00007ff9cba20000 - 0x00007ff9cbc52000 	C:\WINDOWS\SYSTEM32\DBGHELP.DLL
0x00007ff9d04f0000 - 0x00007ff9d087e000 	C:\WINDOWS\System32\combase.dll
0x00007ff9cf1d0000 - 0x00007ff9cf2a7000 	C:\WINDOWS\System32\OLEAUT32.dll
0x00007ff9a0a20000 - 0x00007ff9a0a52000 	C:\WINDOWS\SYSTEM32\dbgcore.DLL
0x00007ff9ced00000 - 0x00007ff9ced7b000 	C:\WINDOWS\System32\bcryptPrimitives.dll
0x00007ff9ae8d0000 - 0x00007ff9ae8f5000 	C:\Users\Sangita\Downloads\spring-tool-suite-4-4.18.0.RELEASE-e4.27.0-win32.win32.x86_64.self-extracting\sts-4.18.0.RELEASE\plugins\org.eclipse.justj.openjdk.hotspot.jre.full.win32.x86_64_17.0.6.v20230204-1729\jre\bin\java.dll
0x00007ff9ae8b0000 - 0x00007ff9ae8c8000 	C:\Users\Sangita\Downloads\spring-tool-suite-4-4.18.0.RELEASE-e4.27.0-win32.win32.x86_64.self-extracting\sts-4.18.0.RELEASE\plugins\org.eclipse.justj.openjdk.hotspot.jre.full.win32.x86_64_17.0.6.v20230204-1729\jre\bin\zip.dll
0x00007ff9d08f0000 - 0x00007ff9d1157000 	C:\WINDOWS\System32\SHELL32.dll
0x00007ff9cc2f0000 - 0x00007ff9ccbef000 	C:\WINDOWS\SYSTEM32\windows.storage.dll
0x00007ff9ccc30000 - 0x00007ff9ccd6f000 	C:\WINDOWS\SYSTEM32\wintypes.dll
0x00007ff9cef80000 - 0x00007ff9cf079000 	C:\WINDOWS\System32\SHCORE.dll
0x00007ff9cf0b0000 - 0x00007ff9cf10e000 	C:\WINDOWS\System32\shlwapi.dll
0x00007ff9ce4a0000 - 0x00007ff9ce4c7000 	C:\WINDOWS\SYSTEM32\profapi.dll
0x00007ff9ae890000 - 0x00007ff9ae8a9000 	C:\Users\Sangita\Downloads\spring-tool-suite-4-4.18.0.RELEASE-e4.27.0-win32.win32.x86_64.self-extracting\sts-4.18.0.RELEASE\plugins\org.eclipse.justj.openjdk.hotspot.jre.full.win32.x86_64_17.0.6.v20230204-1729\jre\bin\net.dll
0x00007ff9ca810000 - 0x00007ff9ca946000 	C:\WINDOWS\SYSTEM32\WINHTTP.dll
0x00007ff9cd9f0000 - 0x00007ff9cda59000 	C:\WINDOWS\system32\mswsock.dll
0x00007ff9a86a0000 - 0x00007ff9a86b5000 	C:\Users\Sangita\Downloads\spring-tool-suite-4-4.18.0.RELEASE-e4.27.0-win32.win32.x86_64.self-extracting\sts-4.18.0.RELEASE\plugins\org.eclipse.justj.openjdk.hotspot.jre.full.win32.x86_64_17.0.6.v20230204-1729\jre\bin\nio.dll
0x00007ff9a4f20000 - 0x00007ff9a4f29000 	C:\Users\Sangita\Downloads\spring-tool-suite-4-4.18.0.RELEASE-e4.27.0-win32.win32.x86_64.self-extracting\sts-4.18.0.RELEASE\plugins\org.eclipse.justj.openjdk.hotspot.jre.full.win32.x86_64_17.0.6.v20230204-1729\jre\bin\management.dll
0x00007ff9a4f10000 - 0x00007ff9a4f1b000 	C:\Users\Sangita\Downloads\spring-tool-suite-4-4.18.0.RELEASE-e4.27.0-win32.win32.x86_64.self-extracting\sts-4.18.0.RELEASE\plugins\org.eclipse.justj.openjdk.hotspot.jre.full.win32.x86_64_17.0.6.v20230204-1729\jre\bin\management_ext.dll
0x00007ff9d0880000 - 0x00007ff9d0888000 	C:\WINDOWS\System32\PSAPI.DLL
0x00007ff9aa340000 - 0x00007ff9aa357000 	C:\WINDOWS\system32\napinsp.dll
0x00007ff9aa320000 - 0x00007ff9aa33b000 	C:\WINDOWS\system32\pnrpnsp.dll
0x00007ff9ccff0000 - 0x00007ff9cd0e8000 	C:\WINDOWS\SYSTEM32\DNSAPI.dll
0x00007ff9ccfc0000 - 0x00007ff9ccfed000 	C:\WINDOWS\SYSTEM32\IPHLPAPI.DLL
0x00007ff9cf590000 - 0x00007ff9cf599000 	C:\WINDOWS\System32\NSI.dll
0x00007ff99ea90000 - 0x00007ff99eaa1000 	C:\WINDOWS\System32\winrnr.dll
0x00007ff9a98d0000 - 0x00007ff9a98e5000 	C:\WINDOWS\system32\wshbth.dll
0x00007ff99ea60000 - 0x00007ff99ea87000 	C:\WINDOWS\system32\nlansp_c.dll
0x00007ff9ab220000 - 0x00007ff9ab22a000 	C:\Windows\System32\rasadhlp.dll
0x00007ff9c7460000 - 0x00007ff9c74e3000 	C:\WINDOWS\System32\fwpuclnt.dll
0x00007ff9cdc10000 - 0x00007ff9cdc2b000 	C:\WINDOWS\SYSTEM32\CRYPTSP.dll
0x00007ff9cd4e0000 - 0x00007ff9cd515000 	C:\WINDOWS\system32\rsaenh.dll
0x00007ff9cdab0000 - 0x00007ff9cdad8000 	C:\WINDOWS\SYSTEM32\USERENV.dll
0x00007ff9cdc30000 - 0x00007ff9cdc3c000 	C:\WINDOWS\SYSTEM32\CRYPTBASE.dll
0x00007ff9ca540000 - 0x00007ff9ca559000 	C:\WINDOWS\SYSTEM32\dhcpcsvc6.DLL
0x00007ff9ca520000 - 0x00007ff9ca53f000 	C:\WINDOWS\SYSTEM32\dhcpcsvc.DLL
0x00007ff9be160000 - 0x00007ff9be16e000 	C:\Users\Sangita\Downloads\spring-tool-suite-4-4.18.0.RELEASE-e4.27.0-win32.win32.x86_64.self-extracting\sts-4.18.0.RELEASE\plugins\org.eclipse.justj.openjdk.hotspot.jre.full.win32.x86_64_17.0.6.v20230204-1729\jre\bin\sunmscapi.dll
0x00007ff9ce7e0000 - 0x00007ff9ce946000 	C:\WINDOWS\System32\CRYPT32.dll
0x00007ff9cde40000 - 0x00007ff9cde6e000 	C:\WINDOWS\SYSTEM32\ncrypt.dll
0x00007ff9cde00000 - 0x00007ff9cde37000 	C:\WINDOWS\SYSTEM32\NTASN1.dll
0x00007ff9a8690000 - 0x00007ff9a86a0000 	C:\Users\Sangita\Downloads\spring-tool-suite-4-4.18.0.RELEASE-e4.27.0-win32.win32.x86_64.self-extracting\sts-4.18.0.RELEASE\plugins\org.eclipse.justj.openjdk.hotspot.jre.full.win32.x86_64_17.0.6.v20230204-1729\jre\bin\verify.dll
0x00007ff9c9510000 - 0x00007ff9c9518000 	C:\WINDOWS\system32\wshunix.dll

dbghelp: loaded successfully - version: 4.0.5 - missing functions: none
symbol engine: initialized successfully - sym options: 0x614 - pdb path: .;C:\Users\Sangita\Downloads\spring-tool-suite-4-4.18.0.RELEASE-e4.27.0-win32.win32.x86_64.self-extracting\sts-4.18.0.RELEASE\plugins\org.eclipse.justj.openjdk.hotspot.jre.full.win32.x86_64_17.0.6.v20230204-1729\jre\bin;C:\WINDOWS\SYSTEM32;C:\WINDOWS\WinSxS\amd64_microsoft.windows.common-controls_6595b64144ccf1df_6.0.22621.3672_none_2713b9d173822955;C:\Users\Sangita\Downloads\spring-tool-suite-4-4.18.0.RELEASE-e4.27.0-win32.win32.x86_64.self-extracting\sts-4.18.0.RELEASE\plugins\org.eclipse.justj.openjdk.hotspot.jre.full.win32.x86_64_17.0.6.v20230204-1729\jre\bin\server

VM Arguments:
jvm_args: -Dcom.sun.management.jmxremote -Dcom.sun.management.jmxremote.port=51462 -Dcom.sun.management.jmxremote.authenticate=false -Dcom.sun.management.jmxremote.ssl=false -Djava.rmi.server.hostname=localhost -Dspring.jmx.enabled=true -Dmanagement.endpoints.jmx.exposure.include=* -Dspring.application.admin.enabled=true -XX:TieredStopAtLevel=1 -Dspring.boot.project.name=student_service -Dfile.encoding=UTF-8 -XX:+ShowCodeDetailsInExceptionMessages 
java_command: com.std.StudentServiceApplication --spring.output.ansi.enabled=always
java_class_path (initial): C:\Users\Sangita\Institute Management System\student_service\target\classes;C:\Users\Sangita\.m2\repository\org\springframework\boot\spring-boot-starter-data-jpa\3.2.3\spring-boot-starter-data-jpa-3.2.3.jar;C:\Users\Sangita\.m2\repository\org\springframework\boot\spring-boot-starter-aop\3.2.3\spring-boot-starter-aop-3.2.3.jar;C:\Users\Sangita\.m2\repository\org\springframework\spring-aop\6.1.4\spring-aop-6.1.4.jar;C:\Users\Sangita\.m2\repository\org\aspectj\aspectjweaver\1.9.21\aspectjweaver-1.9.21.jar;C:\Users\Sangita\.m2\repository\org\springframework\boot\spring-boot-starter-jdbc\3.2.3\spring-boot-starter-jdbc-3.2.3.jar;C:\Users\Sangita\.m2\repository\com\zaxxer\HikariCP\5.0.1\HikariCP-5.0.1.jar;C:\Users\Sangita\.m2\repository\org\springframework\spring-jdbc\6.1.4\spring-jdbc-6.1.4.jar;C:\Users\Sangita\.m2\repository\org\hibernate\orm\hibernate-core\6.4.4.Final\hibernate-core-6.4.4.Final.jar;C:\Users\Sangita\.m2\repository\jakarta\persistence\jakarta.persistence-api\3.1.0\jakarta.persistence-api-3.1.0.jar;C:\Users\Sangita\.m2\repository\jakarta\transaction\jakarta.transaction-api\2.0.1\jakarta.transaction-api-2.0.1.jar;C:\Users\Sangita\.m2\repository\org\jboss\logging\jboss-logging\3.5.3.Final\jboss-logging-3.5.3.Final.jar;C:\Users\Sangita\.m2\repository\org\hibernate\common\hibernate-commons-annotations\6.0.6.Final\hibernate-commons-annotations-6.0.6.Final.jar;C:\Users\Sangita\.m2\repository\io\smallrye\jandex\3.1.2\jandex-3.1.2.jar;C:\Users\Sangita\.m2\repository\com\fasterxml\classmate\1.6.0\classmate-1.6.0.jar;C:\Users\Sangita\.m2\repository\net\bytebuddy\byte-buddy\1.14.12\byte-buddy-1.14.12.jar;C:\Users\Sangita\.m2\repository\org\glassfish\jaxb\jaxb-runtime\4.0.4\jaxb-runtime-4.0.4.jar;C:\Users\Sangita\.m2\repository\org\glassfish\jaxb\jaxb-core\4.0.4\jaxb-core-4.0.4.jar;C:\Users\Sangita\.m2\repository\org\eclipse\angus\angus-activation\2.0.1\angus-activation-2.0.1.jar;C:\Users\Sangita\.m2\repository\org\glassfish\jaxb\txw2\4.0.
Launcher Type: SUN_STANDARD

[Global flags]
     intx CICompilerCount                          = 3                                         {product} {ergonomic}
     uint ConcGCThreads                            = 1                                         {product} {ergonomic}
     uint G1ConcRefinementThreads                  = 4                                         {product} {ergonomic}
   size_t G1HeapRegionSize                         = 1048576                                   {product} {ergonomic}
    uintx GCDrainStackTargetSize                   = 64                                        {product} {ergonomic}
   size_t InitialHeapSize                          = 130023424                                 {product} {ergonomic}
     bool ManagementServer                         = true                                      {product} {command line}
   size_t MarkStackSize                            = 4194304                                   {product} {ergonomic}
   size_t MaxHeapSize                              = 2067791872                                {product} {ergonomic}
   size_t MaxNewSize                               = 1240465408                                {product} {ergonomic}
   size_t MinHeapDeltaBytes                        = 1048576                                   {product} {ergonomic}
   size_t MinHeapSize                              = 8388608                                   {product} {ergonomic}
    uintx NonProfiledCodeHeapSize                  = 0                                      {pd product} {ergonomic}
     bool ProfileInterpreter                       = false                                  {pd product} {command line}
    uintx ProfiledCodeHeapSize                     = 0                                      {pd product} {ergonomic}
     bool ShowCodeDetailsInExceptionMessages       = true                                   {manageable} {command line}
   size_t SoftMaxHeapSize                          = 2067791872                             {manageable} {ergonomic}
     intx TieredStopAtLevel                        = 1                                         {product} {command line}
     bool UseCompressedClassPointers               = true                           {product lp64_product} {ergonomic}
     bool UseCompressedOops                        = true                           {product lp64_product} {ergonomic}
     bool UseG1GC                                  = true                                      {product} {ergonomic}
     bool UseLargePagesIndividualAllocation        = false                                  {pd product} {ergonomic}

Logging:
Log output configuration:
 #0: stdout all=warning uptime,level,tags
 #1: stderr all=off uptime,level,tags

Environment Variables:
JAVA_HOME=C:\Program Files\Java\jdk-11.0.17
CLASSPATH=C:\mysql-connector-java-8.0.27.jar;
PATH=C:/Users/Sangita/Downloads/spring-tool-suite-4-4.18.0.RELEASE-e4.27.0-win32.win32.x86_64.self-extracting/sts-4.18.0.RELEASE//plugins/org.eclipse.justj.openjdk.hotspot.jre.full.win32.x86_64_17.0.6.v20230204-1729/jre/bin/server;C:/Users/Sangita/Downloads/spring-tool-suite-4-4.18.0.RELEASE-e4.27.0-win32.win32.x86_64.self-extracting/sts-4.18.0.RELEASE//plugins/org.eclipse.justj.openjdk.hotspot.jre.full.win32.x86_64_17.0.6.v20230204-1729/jre/bin;C:\Program Files\Common Files\Oracle\Java\javapath;C:\WINDOWS\system32;C:\WINDOWS;C:\WINDOWS\System32\Wbem;C:\WINDOWS\System32\WindowsPowerShell\v1.0\;C:\WINDOWS\System32\OpenSSH\;C:\MinGW\bin;C:\Program Files\Git\cmd;C:\Program Files\Java\jdk-11.0.17\bin;C:\ProgramData\chocolatey\bin;C:\ProgramData\Microsoft\Windows\Start Menu\Programs\Node.js;;C:\Program Files\nodejs;C:\Program Files\Docker\Docker\resources\bin;C:\Users\Sangita\AppData\Local\Programs\Microsoft VS Code\bin;C:\MinGW\mingw32\bin;C:\mysql-connector-java-8.0.27\mysql-connector-java-8.0.27;C:\Users\Sangita\AppData\Local\GitHubDesktop\bin;C:\Program Files\Java\jdk1.7.0_80\bin;C:\Users\Sangita\AppData\Roaming\npm;C:\Users\Sangita\AppData\Local\gitkraken\bin;C:\ProgramData\Microsoft\Windows\Start Menu\Programs\Node.js;%NVM_HOME%;C:\Program Files\nodejs;C:\Users\Sangita\AppData\Local\Microsoft\WindowsApps;;C:\Users\Sangita\Downloads\spring-tool-suite-4-4.18.0.RELEASE-e4.27.0-win32.win32.x86_64.self-extracting\sts-4.18.0.RELEASE;
USERNAME=Sangita
OS=Windows_NT
PROCESSOR_IDENTIFIER=Intel64 Family 6 Model 126 Stepping 5, GenuineIntel
TMP=C:\Users\Sangita\AppData\Local\Temp
TEMP=C:\Users\Sangita\AppData\Local\Temp



---------------  S Y S T E M  ---------------

OS:
 Windows 11 , 64 bit Build 22621 (10.0.22621.3958)
OS uptime: 0 days 12:46 hours
Hyper-V role detected

CPU: total 4 (initial active 4) (2 cores per cpu, 2 threads per core) family 6 model 126 stepping 5 microcode 0xa0, cx8, cmov, fxsr, ht, mmx, 3dnowpref, sse, sse2, sse3, ssse3, sse4.1, sse4.2, popcnt, lzcnt, tsc, tscinvbit, avx, avx2, aes, erms, clmul, bmi1, bmi2, adx, avx512f, avx512dq, avx512cd, avx512bw, avx512vl, sha, fma, vzeroupper, avx512_vpopcntdq, avx512_vpclmulqdq, avx512_vaes, avx512_vnni, clflush, clflushopt, avx512_vbmi2, avx512_vbmi, hv

Memory: 4k page, system-wide physical 7880M (494M free)
TotalPageFile size 15380M (AvailPageFile size 5M)
current process WorkingSet (physical memory assigned to process): 86M, peak: 311M
current process commit charge ("private bytes"): 464M, peak: 466M

vm_info: OpenJDK 64-Bit Server VM (17.0.6+10) for windows-amd64 JRE (17.0.6+10), built on Jan 18 2023 10:08:59 by "temurin" with MS VC++ 16.7 (VS2019)

END.
